23
15
27
20
10
25
14
22
3
24
16
5
28
7
26
9
19
8
1
12
13
4
13
26
85
0 29
17 29
4 26
13 6
21 18
0 4
13 2
18 11
17 18
17 18
18 11
0 13
18 11
4 2
18 11
0 4
4 12
12 11
1 6
0 1
0 13
0 4
4 8
8 11
0 19
19 11
0 9
9 29
26 29
0 26
7 9
0 19
19 7
9 29
0 28
28 29
0 4
5 29
4 5
0 4
26 29
17 29
0 19
16 17
19 16
17 29
11 24
24 17
28 11
0 28
17 29
26 6
6 3
3 8
4 26
24 17
8 24
0 4
17 29
22 21
18 24
24 17
21 18
0 22
17 29
14 18
18 24
24 17
0 14
17 29
0 25
25 17
17 29
10 17
0 10
17 29
0 20
20 17
28 27
20 28
0 20
27 29
20 15
15 29
0 20
