25
11
15
20
8
2
16
24
23
10
6
9
19
4
28
26
1
22
27
17
3
21
5
18
21
17
106
0 29
12 29
14 18
0 13
12 7
7 29
25 7
25 14
25 7
7 29
18 29
25 18
25 5
5 29
0 21
21 29
3 29
0 13
13 3
21 14
18 29
0 21
0 17
17 18
18 29
13 27
3 29
27 3
0 13
22 14
14 18
0 22
18 29
7 12
0 17
17 7
13 1
12 29
5 3
1 5
3 12
0 13
12 29
3 12
0 26
26 3
12 29
7 12
28 7
0 28
12 29
3 12
0 4
4 3
12 29
19 12
0 19
0 9
12 29
5 3
9 1
1 5
3 12
0 9
18 6
12 29
6 3
3 12
9 18
0 9
12 29
9 10
10 12
0 9
12 29
23 12
18 23
9 18
0 9
1 24
9 1
24 29
0 9
12 29
16 7
7 12
9 16
12 29
0 2
2 12
2 8
0 2
8 29
0 9
20 12
12 29
10 20
9 10
0 9
9 15
15 29
20 12
11 10
0 11
12 29
10 20
