33
24
20
9
12
28
19
23
11
25
1
28
21
8
10
22
27
9
13
6
4
2
25
9
1
27
19
11
3
21
13
5
23
7
80
0 7
0 15
0 23
0 5
0 13
0 21
0 3
0 11
0 19
0 27
1 29
9 29
17 29
25 29
0 2
0 4
0 6
13 29
0 9
27 29
22 29
10 29
0 8
21 29
0 16
0 28
0 1
0 14
18 29
0 25
11 29
26 29
23 29
0 17
19 29
27 28
16 29
15 29
28 29
18 19
12 29
0 12
10 9
9 8
8 29
16 29
22 23
10 11
26 29
25 26
20 29
0 20
2 29
1 2
28 29
16 29
0 24
24 29
8 29
0 10
0 22
0 28
28 27
10 29
9 10
0 14
6 29
4 29
2 29
0 25
0 17
0 9
0 1
27 29
19 29
11 29
21 29
13 29
23 29
15 29
