27
21
3
11
10
18
6
5
15
9
16
13
26
7
17
2
19
14
12
24
20
1
22
4
27
8
4
4
85
0 28
20 23
23 4
0 23
25 28
0 8
8 28
0 27
27 28
0 4
4 28
0 22
22 28
0 23
4 28
1 4
0 1
4 28
0 20
20 28
23 4
0 20
4 28
0 24
24 28
1 12
0 1
12 28
0 14
14 28
19 14
0 19
14 28
2 14
0 2
14 28
17 19
19 14
0 17
14 28
17 7
0 17
7 28
17 26
0 17
26 28
0 13
13 14
14 28
0 13
12 16
13 14
14 12
16 28
0 13
13 9
9 28
0 13
9 15
13 9
15 28
0 13
13 5
5 28
0 6
6 28
0 13
14 18
13 14
18 28
10 28
0 10
0 13
14 18
18 22
11 28
22 11
13 14
0 3
9 10
3 9
10 28
17 21
21 28
0 17
