28
3
10
18
8
25
20
23
19
22
12
1
24
16
28
17
11
7
14
4
27
21
5
26
15
13
6
2
15
96
0 29
6 15
2 29
0 2
6 29
0 6
0 13
13 29
15 29
0 15
15 29
0 6
26 29
0 26
13 5
5 15
15 29
0 13
21 29
0 21
27 21
21 29
0 27
13 4
4 29
0 13
14 29
0 14
7 29
0 7
14 11
11 29
0 14
17 7
7 29
0 17
17 6
28 29
6 28
0 17
16 28
28 29
0 16
24 7
7 29
0 24
1 29
24 1
0 24
24 12
12 29
0 24
22 29
0 22
19 29
7 19
24 7
22 24
0 22
19 29
7 19
17 7
6 17
23 6
0 23
19 29
0 20
7 19
15 7
20 15
0 20
25 28
20 25
28 29
19 29
8 21
21 19
0 8
19 29
0 20
18 19
20 18
19 29
10 24
0 20
7 19
24 7
18 10
20 18
19 29
0 20
7 19
25 3
3 17
17 7
20 25
