28
2
8
14
10
9
21
11
13
20
24
3
12
6
15
19
25
5
1
22
23
17
26
18
7
16
16
17
22
81
0 27
22 26
18 17
18 16
16 27
0 16
0 7
7 27
0 18
18 27
0 18
16 27
26 27
0 26
17 27
0 17
17 27
0 18
0 23
23 27
0 22
22 27
0 22
26 27
0 1
1 27
0 5
5 27
22 26
26 25
0 22
25 27
19 25
0 19
25 27
15 26
26 25
19 15
0 19
25 27
0 1
1 6
6 25
25 27
0 12
12 6
6 25
25 27
1 3
3 25
0 1
25 27
0 24
24 25
25 27
15 26
26 25
0 24
20 15
24 20
25 27
0 13
13 27
18 11
0 24
24 18
11 27
0 21
21 27
0 9
9 27
13 1
0 13
1 10
10 27
0 14
14 27
0 8
8 27
0 2
2 27
