27
16
7
3
11
25
24
22
2
26
18
28
27
13
5
17
14
9
8
6
10
1
12
20
15
21
23
23
85
0 29
4 23
23 29
0 23
0 21
21 29
15 29
0 15
0 20
20 29
23 29
0 12
12 29
0 1
1 29
10 29
0 10
20 6
0 20
6 29
1 8
8 29
0 1
9 29
12 9
0 12
9 29
14 9
0 14
17 12
9 29
12 9
0 17
17 5
5 9
9 29
0 17
0 13
13 29
27 5
5 9
9 29
0 27
17 28
28 29
0 17
10 28
28 29
0 18
18 10
26 9
18 26
0 18
9 29
0 2
2 29
18 22
28 29
22 28
0 18
28 29
24 28
0 24
17 28
5 17
0 25
28 29
25 5
24 11
11 28
28 29
0 24
12 17
17 28
25 3
3 12
0 25
28 29
7 9
0 7
9 29
0 16
16 19
19 28
28 29
