24
1
4
24
25
26
7
10
5
8
19
20
21
2
3
6
9
11
12
13
14
15
16
17
18
118
0 27
18 27
0 18
17 27
0 17
16 27
0 16
15 27
0 15
14 27
0 14
0 13
13 27
0 12
12 27
0 11
11 27
0 9
9 27
0 6
6 27
0 3
3 27
0 2
2 27
14 15
15 18
18 21
21 27
0 14
14 15
15 16
16 17
17 20
20 27
0 14
14 15
15 16
16 19
19 27
0 14
15 16
16 19
8 15
0 8
19 27
15 16
16 19
0 5
19 27
5 15
10 11
11 12
12 13
13 14
14 15
15 16
16 17
0 10
17 27
11 12
12 13
13 14
14 15
15 16
16 17
7 11
0 7
17 27
11 12
12 13
13 14
14 15
15 16
26 27
23 26
7 11
0 7
16 23
11 12
12 13
13 14
14 15
25 27
22 25
7 11
0 7
15 22
11 12
12 13
13 14
14 15
15 16
16 17
24 27
7 11
0 7
17 24
11 12
12 13
13 14
14 15
15 16
16 17
24 27
0 4
4 11
17 24
0 1
11 12
12 13
13 14
14 15
15 16
16 17
24 27
17 24
1 11
