28
6
19
9
25
4
7
16
12
26
18
8
20
28
23
13
14
5
22
15
1
10
3
11
2
17
27
21
27
91
0 29
27 21
0 21
21 29
0 27
27 29
0 27
21 29
0 17
17 29
0 2
2 29
0 11
11 29
3 29
0 3
0 10
10 29
1 2
0 1
2 29
0 15
15 29
11 27
27 22
0 11
22 29
2 5
1 2
0 1
5 29
1 14
0 1
14 29
11 13
0 11
13 29
0 23
23 29
23 24
28 29
24 28
0 23
1 20
28 29
20 28
0 1
11 8
8 28
28 29
0 11
11 18
18 8
8 28
28 29
0 11
18 8
8 28
28 29
26 18
0 26
12 8
1 12
8 28
28 29
0 1
11 16
16 29
0 11
7 28
28 29
0 7
0 4
4 16
16 29
25 15
15 7
0 25
7 28
28 29
15 23
23 18
18 17
25 15
0 25
17 9
9 29
0 19
19 29
6 29
0 6
