26
13
11
17
18
1
15
16
4
7
9
2
20
21
27
22
3
23
6
5
19
25
26
12
10
10
10
92
0 29
10 29
8 29
28 29
24 29
8 10
10 14
8 12
12 29
10 28
8 10
26 29
0 26
26 25
25 29
0 26
28 29
19 28
8 19
28 29
5 28
0 5
8 10
8 6
6 29
23 29
0 23
3 25
25 29
0 3
22 29
0 22
10 29
27 10
0 27
22 21
23 24
24 27
10 29
21 23
27 10
0 22
10 29
0 20
20 10
2 3
10 29
27 10
3 27
0 2
9 27
10 29
27 10
0 9
10 29
0 7
7 10
22 4
4 6
3 22
7 3
0 7
6 29
14 25
16 14
7 16
0 7
25 29
0 15
15 29
24 27
1 24
7 1
10 29
27 10
0 7
18 28
1 24
7 1
24 18
28 29
0 7
18 28
15 17
17 18
28 29
0 15
11 10
10 29
0 11
0 13
13 29
