23
10
9
12
8
11
23
19
22
20
28
3
14
16
1
25
3
18
13
13
27
28
28
28
116
2 7
17 21
5 7
27 29
0 6
7 13
7 18
26 29
21 25
25 29
1 7
21 25
25 29
0 1
1 7
21 25
16 21
7 16
25 29
0 1
1 7
21 25
14 21
7 14
25 29
0 1
0 3
21 25
14 21
7 14
3 7
25 29
0 3
14 21
7 14
3 7
26 29
0 3
3 7
18 21
26 29
0 3
3 7
13 21
7 13
26 29
13 21
0 6
7 13
13 21
21 27
0 6
28 29
21 28
7 13
13 21
28 29
21 28
7 13
13 21
5 7
28 29
21 28
17 21
28 29
21 28
27 29
2 7
20 27
7 13
13 20
27 29
2 7
7 18
18 22
22 27
18 19
2 7
28 29
7 18
19 28
13 23
2 7
23 28
28 29
7 13
27 29
11 17
0 6
17 20
20 27
6 11
27 29
8 17
0 6
17 20
20 27
6 8
18 19
3 12
12 18
28 29
19 28
0 3
18 19
6 9
9 18
0 6
28 29
19 28
27 29
10 17
6 10
0 6
17 20
20 27
