0
312
0 24
15 24
2 6
23 4
23 18
14 24
13 16
0 5
6 4
13 10
0 2
19 24
9 10
23 6
16 24
13 15
0 13
21 24
19 7
0 4
12 22
1 11
19 4
8 20
3 6
0 8
0 23
1 20
0 1
3 20
0 11
16 7
3 18
18 24
22 10
3 8
2 5
5 10
22 24
22 8
3 7
22 4
15 4
22 11
15 8
0 19
0 3
22 17
6 24
15 21
18 21
18 7
14 4
17 7
0 16
20 24
4 24
18 11
13 9
10 24
12 9
5 11
18 9
8 24
15 23
22 9
15 16
21 11
6 9
20 9
4 9
21 7
22 16
22 14
5 9
12 23
6 14
11 24
22 21
0 15
1 23
22 13
5 21
19 21
3 23
18 5
4 21
13 23
7 24
6 21
1 21
18 12
3 2
2 21
20 10
18 13
8 10
10 21
19 17
6 12
22 6
12 21
0 22
22 19
17 21
0 22
22 19
19 10
0 22
10 21
18 8
13 21
10 21
22 20
0 22
19 2
22 19
0 22
2 21
0 22
22 3
12 21
18 1
22 6
0 22
11 7
18 4
4 11
7 24
18 13
18 4
7 24
5 23
7 24
0 22
22 3
22 19
0 22
18 5
13 23
7 24
0 22
7 24
18 1
15 17
17 23
7 24
0 22
18 4
4 11
0 15
15 6
11 24
14 11
18 12
7 24
18 5
11 24
0 22
14 11
11 24
0 22
16 11
7 24
22 21
0 22
18 4
22 20
0 22
0 15
15 6
22 21
11 24
0 22
0 15
11 24
16 11
0 22
0 15
7 24
18 8
18 5
11 24
18 12
6 10
0 15
15 6
22 13
0 22
11 24
18 4
22 20
0 22
11 24
16 11
0 15
15 17
7 24
22 14
4 24
0 22
7 24
21 4
4 24
21 4
0 15
4 24
0 16
16 6
17 7
7 24
0 22
10 24
3 10
6 24
19 6
0 15
8 24
11 24
0 22
0 15
4 24
4 24
0 22
0 3
7 24
8 24
0 22
0 22
3 5
0 3
10 24
5 10
3 2
0 3
10 24
0 3
8 24
10 24
0 22
0 3
18 24
0 16
7 24
11 24
0 3
20 24
1 6
6 24
0 1
20 24
23 12
12 6
6 24
8 24
0 3
6 24
0 8
20 24
0 19
4 24
0 1
11 24
22 10
0 23
23 12
10 24
4 24
0 19
7 24
0 1
1 21
13 5
5 21
21 24
0 13
15 21
21 24
0 16
0 23
6 24
13 9
0 13
10 24
0 19
2 21
21 24
0 13
10 24
4 19
23 6
0 23
19 24
5 21
21 24
0 13
16 24
23 6
6 14
0 23
18 21
0 23
21 24
14 24
4 14
0 23
5 2
14 24
0 5
6 14
13 15
0 13
