0
330
7 29
18 26
27 29
7 23
27 5
1 17
17 29
22 4
5 9
0 7
0 29
27 3
4 29
26 29
0 18
21 8
22 8
11 8
2 8
0 21
1 8
0 2
23 20
20 14
7 16
22 21
0 27
22 19
22 10
8 29
24 6
5 10
1 15
1 2
1 11
22 25
12 21
0 1
6 2
7 5
3 29
17 10
22 20
22 6
23 19
11 29
5 19
22 7
23 10
25 29
14 10
25 9
8 10
23 21
26 9
9 21
26 21
23 4
9 10
24 15
15 29
15 10
12 17
0 23
22 5
19 29
24 29
0 22
15 6
0 28
18 10
12 28
12 10
24 13
12 20
6 29
17 2
8 16
8 18
25 16
10 29
25 2
15 28
12 2
3 21
12 13
0 9
15 2
11 20
3 18
8 14
19 2
8 13
24 20
0 12
15 20
16 29
25 17
11 12
15 9
0 15
9 29
0 11
12 29
17 21
21 29
0 25
0 16
20 21
21 29
0 15
12 29
20 21
21 29
0 24
13 21
21 29
0 8
2 29
0 19
14 2
2 29
0 8
18 29
0 3
20 21
21 29
0 11
2 29
0 15
9 29
13 21
21 29
0 12
21 29
0 3
2 29
0 12
0 15
28 29
2 29
0 25
0 10
16 29
0 25
18 29
0 8
0 8
16 29
25 17
2 29
0 25
0 6
20 21
21 29
0 12
13 21
21 29
0 24
10 29
0 12
0 12
28 29
8 18
10 29
0 8
28 29
6 29
0 15
22 29
0 24
0 19
0 22
5 29
23 29
17 2
2 29
0 12
10 29
0 15
0 15
15 29
0 24
23 9
10 29
0 23
4 15
0 23
15 29
22 26
0 22
21 29
23 9
21 29
0 23
9 21
22 26
0 22
21 29
21 29
0 23
10 29
0 8
9 21
21 29
0 25
22 14
0 22
10 29
0 25
10 29
0 23
7 2
0 22
2 29
22 5
0 22
19 29
0 11
19 29
0 23
0 22
6 29
20 21
0 22
21 29
22 7
7 17
0 22
10 29
0 3
22 7
5 19
0 22
19 29
22 6
0 22
2 29
1 29
22 20
20 12
0 22
21 29
0 22
25 29
0 1
11 29
0 1
2 29
15 3
0 1
3 29
7 5
22 7
0 22
10 29
6 2
15 24
1 15
0 1
2 29
0 8
0 22
10 29
0 22
19 29
27 11
11 29
0 22
21 29
0 27
16 8
27 7
8 29
14 8
22 20
8 29
0 22
20 14
4 23
14 8
0 27
27 4
8 29
2 29
8 29
0 1
21 29
0 2
8 29
0 27
27 11
8 29
8 29
0 22
8 29
0 21
18 8
8 29
9 26
21 9
0 21
0 27
27 4
0 27
3 29
4 29
7 4
26 29
7 5
9 26
0 7
7 22
0 7
4 29
0 7
7 17
17 29
0 1
5 10
17 29
10 17
0 27
23 4
0 7
4 29
0 27
26 29
0 18
0 7
