0
114
0 1
0 4
0 2
3 6
3 8
7 10
7 9
7 12
7 11
4 6
7 4
1 6
1 5
2 6
2 8
7 1
5 10
5 9
5 11
5 12
8 9
8 12
8 10
11 16
11 15
11 14
11 13
6 10
16 17
9 15
9 14
9 16
13 17
13 19
13 20
13 18
12 15
10 15
13 12
10 14
16 20
16 18
16 19
14 19
14 17
14 20
18 21
15 20
15 19
18 21
14 19
14 19
15 20
13 12
15 20
18 21
16 20
14 19
15 20
9 16
16 17
13 17
14 19
15 20
16 17
16 17
16 17
16 17
9 16
16 17
11 16
16 17
16 17
9 16
16 17
8 9
16 17
9 16
8 9
16 17
9 16
6 10
16 17
7 1
5 10
16 17
7 1
6 10
16 17
5 10
16 17
7 4
6 10
16 17
11 16
16 17
16 17
16 17
9 16
16 17
8 9
16 17
9 16
6 10
16 17
2 6
6 10
16 17
4 6
6 10
16 17
1 6
6 10
16 17
