0
115
24 29
6 26
0 11
13 20
6 27
16 29
0 3
27 1
4 17
13 5
4 25
2 11
20 28
28 17
13 7
28 9
27 21
5 26
8 11
2 24
5 1
8 6
20 25
18 22
27 20
5 17
28 21
10 26
25 22
28 14
1 26
11 26
20 17
21 7
12 28
23 17
3 7
7 15
10 11
23 11
10 1
7 11
20 19
25 9
24 10
13 12
27 4
8 21
8 21
8 21
24 10
24 10
13 12
7 15
3 7
13 12
7 15
12 28
13 12
8 21
7 15
10 11
24 10
10 1
24 10
12 28
13 12
20 17
1 26
24 10
12 28
13 12
10 26
20 17
1 26
25 22
27 20
1 26
27 20
1 26
1 26
10 26
24 10
27 20
11 26
10 26
12 28
13 12
10 26
7 15
12 28
13 12
28 17
27 20
11 26
20 28
27 4
28 17
25 20
5 26
27 4
1 26
8 11
11 26
0 3
8 6
16 29
16 29
11 26
8 6
11 8
0 11
2 24
0 11
11 2
