0
357
0 15
0 17
16 25
5 22
0 16
0 8
0 29
7 22
7 20
15 29
7 24
7 29
12 22
25 23
9 22
12 20
22 21
23 29
7 25
21 29
7 12
11 17
7 11
10 13
2 12
4 17
4 6
28 25
2 13
5 1
27 25
5 16
7 1
2 25
8 22
15 17
16 17
2 22
5 24
5 18
23 1
7 17
9 25
9 14
28 1
15 1
10 16
10 1
25 29
2 3
26 27
23 13
7 4
7 28
7 16
7 15
20 1
9 11
2 16
7 6
23 6
26 21
2 28
18 6
7 26
7 27
17 29
3 1
12 29
14 13
9 3
7 8
10 8
18 1
23 3
24 6
21 1
20 22
5 14
21 13
9 26
7 18
14 11
23 16
10 4
25 1
15 13
20 11
11 29
17 22
2 20
1 29
10 3
2 27
19 20
15 16
21 28
24 3
26 13
23 8
7 23
8 6
0 7
6 29
10 26
13 29
0 10
2 24
3 29
0 2
7 21
0 7
28 29
10 15
0 10
16 29
2 19
20 13
13 29
0 2
27 29
0 2
0 10
3 29
2 1
0 2
20 13
13 29
0 2
10 17
0 10
0 10
10 11
2 20
11 29
0 2
10 15
13 29
0 10
5 25
1 29
0 5
4 1
1 29
0 10
7 23
0 7
16 29
7 14
11 29
0 7
18 13
13 29
0 7
26 1
1 29
13 29
7 21
0 7
14 11
11 29
0 5
2 20
0 2
1 29
7 21
0 7
2 24
6 29
0 2
7 23
0 7
3 29
7 18
1 29
0 7
8 6
6 29
0 10
8 6
0 7
6 29
3 29
5 14
13 29
0 5
10 12
0 10
9 3
1 29
10 17
0 10
0 7
27 29
26 1
1 29
0 7
7 18
0 7
6 29
0 2
28 29
21 1
7 26
1 29
0 7
7 23
0 7
6 29
0 7
6 29
16 29
0 2
11 29
2 20
1 29
0 2
15 13
13 29
0 7
0 7
16 29
0 7
28 29
4 1
1 29
0 7
7 23
13 29
0 7
7 26
0 7
27 29
3 1
1 29
0 2
5 25
0 5
1 29
0 10
0 10
16 29
7 15
1 29
0 7
7 28
1 29
0 7
14 13
13 29
25 29
17 29
0 7
7 23
1 29
0 7
18 6
6 29
0 5
24 25
25 29
0 5
0 2
10 16
17 29
0 10
7 15
17 29
0 7
7 8
0 7
25 29
0 2
1 29
0 7
16 17
17 29
0 5
26 27
7 26
25 29
0 7
1 29
0 5
13 29
0 2
7 28
25 29
0 7
7 4
0 7
6 29
7 4
17 29
0 7
12 29
0 2
13 29
0 10
11 29
0 7
7 11
17 29
0 7
12 29
0 7
26 21
7 26
0 7
25 29
0 7
7 23
0 7
8 22
21 29
7 8
0 7
7 12
20 21
21 29
0 7
22 21
21 29
7 25
23 29
0 7
22 21
7 12
21 29
0 7
0 7
21 29
24 21
0 7
7 15
0 7
20 21
21 29
0 7
22 21
21 29
0 7
22 21
8 22
21 29
15 29
16 15
0 16
22 21
16 5
21 29
25 23
0 16
23 29
15 29
17 15
15 29
