17
3
25
9
6
17
20
13
13
6
6
25
3
3
3
3
3
3
197
0 29
14 16
17 19
2 3
18 20
23 24
5 6
13 15
10 12
6 7
26 27
0 2
21 22
21 22
11 13
0 2
13 14
21 22
11 13
0 2
13 14
21 22
26 27
19 20
20 22
11 13
0 2
13 14
26 27
19 20
20 22
17 18
11 13
0 2
15 17
13 14
26 27
6 8
19 20
4 6
20 22
17 18
11 13
0 2
15 17
13 14
26 27
6 8
19 20
4 6
20 22
9 11
8 9
17 18
11 13
0 2
15 17
13 14
26 27
19 20
4 6
7 9
20 22
9 11
17 18
11 13
0 2
15 17
13 14
6 7
26 27
9 10
19 20
4 6
7 9
20 22
17 18
0 2
15 17
25 27
10 12
6 7
23 25
9 10
19 20
4 6
7 9
20 22
17 18
0 2
15 17
25 27
6 7
23 25
19 20
4 6
7 9
20 22
9 11
17 18
11 13
0 2
15 17
1 3
13 15
3 5
25 27
23 25
19 20
7 9
20 22
9 11
17 18
11 13
15 17
1 3
13 15
3 5
25 27
6 7
23 25
19 20
7 9
20 22
9 11
17 18
11 13
15 17
5 6
1 3
13 15
24 25
3 5
25 27
6 7
19 20
7 9
20 22
9 11
17 18
11 13
15 17
23 24
5 6
1 3
13 15
24 25
3 5
25 27
6 7
7 9
20 22
9 11
17 18
11 13
15 17
18 20
23 24
5 6
13 15
24 25
3 5
25 27
6 7
7 9
20 22
9 11
17 18
11 13
0 2
2 3
23 24
5 6
13 15
24 25
3 5
25 27
6 7
19 20
7 9
20 22
9 11
11 13
0 2
2 3
18 20
23 24
5 6
24 25
3 5
25 27
10 12
6 7
9 10
7 9
20 22
0 2
