0
192
23 24
16 7
12 11
0 4
19 18
1 2
19 10
16 15
0 14
20 18
0 16
1 9
9 10
9 22
6 5
22 11
1 11
3 4
8 11
1 18
3 2
12 4
23 9
19 14
3 20
0 6
7 14
23 19
4 18
3 12
22 21
5 2
1 13
10 11
0 23
5 9
20 17
1 23
15 18
7 12
5 10
19 9
15 21
16 21
16 17
22 20
21 2
5 7
22 23
14 18
19 7
9 11
9 17
6 8
9 8
17 18
12 13
13 8
17 2
16 6
14 10
0 3
4 22
21 13
4 19
1 5
15 14
15 14
15 14
20 21
1 5
15 14
15 14
0 3
15 14
0 3
0 3
15 14
0 3
13 8
1 5
0 3
15 14
0 3
16 6
0 3
17 18
0 3
0 3
4 19
0 3
15 14
0 3
1 5
20 21
1 5
21 2
20 21
0 3
17 18
0 3
21 2
0 3
21 2
0 3
4 19
9 11
14 18
10 14
1 5
21 2
5 7
1 5
0 3
22 20
17 18
0 3
1 5
9 11
5 10
1 5
13 12
21 2
1 5
23 22
0 23
21 2
21 2
0 3
4 18
19 4
0 23
12 7
3 12
14 18
0 3
14 18
20 17
17 18
0 3
23 19
14 18
0 23
0 23
9 11
3 12
4 18
0 3
0 3
0 6
6 8
4 18
0 3
23 22
0 23
5 2
0 6
22 11
23 9
0 23
10 11
23 9
0 23
9 10
10 11
16 21
22 11
21 22
0 16
17 20
16 17
14 18
0 16
15 18
10 11
14 19
0 14
16 15
22 9
9 1
15 21
0 16
21 22
14 19
0 14
4 18
4 12
0 4
12 11
7 12
0 16
0 23
