0
339
10 13
18 17
3 29
18 13
8 26
0 29
1 13
26 29
11 17
2 3
22 7
3 7
24 12
1 21
13 29
10 11
21 29
8 9
18 11
16 17
4 9
1 3
2 28
15 29
1 28
22 28
18 8
12 17
3 17
20 7
21 28
0 18
0 27
4 27
23 17
14 7
7 29
0 10
0 4
0 23
19 17
26 17
0 19
0 6
28 29
22 3
24 19
21 11
0 2
22 19
26 19
24 3
5 14
25 9
0 22
21 20
21 19
21 5
21 16
26 25
26 5
24 10
24 1
0 1
7 8
0 24
17 29
15 5
3 11
21 22
14 29
15 6
9 29
21 13
10 27
28 12
10 1
7 13
4 11
6 11
4 1
20 23
28 27
28 19
0 21
0 26
11 29
7 18
0 15
27 29
7 1
28 18
14 1
7 25
14 19
14 25
5 23
14 8
16 18
27 18
0 7
7 27
18 29
14 16
18 29
0 14
8 23
23 29
0 14
20 5
14 20
23 29
0 14
25 18
18 29
0 14
19 29
0 14
25 18
0 7
18 29
1 29
0 14
18 29
0 7
1 29
0 7
7 27
15 12
0 7
18 29
0 7
7 11
27 29
26 27
21 23
23 29
19 29
27 29
0 26
26 20
23 29
0 26
26 4
1 29
0 26
26 6
11 29
0 26
26 4
11 29
13 23
0 7
23 29
0 21
21 10
1 29
0 21
21 10
27 29
13 23
0 21
23 29
0 15
15 9
6 11
0 15
11 29
0 14
0 21
9 29
22 9
26 3
0 26
11 29
9 29
5 9
0 15
0 21
21 17
24 23
23 29
8 17
17 29
0 7
1 29
0 24
1 29
10 27
0 24
27 29
0 26
9 29
5 9
25 17
17 29
0 26
16 4
17 29
0 21
4 17
0 21
9 29
5 9
0 21
19 29
17 29
0 21
20 17
9 29
22 9
26 25
0 26
9 29
21 5
14 25
25 9
0 21
9 29
3 11
0 24
11 29
0 26
19 29
0 22
19 29
2 27
27 29
0 21
11 29
0 24
19 29
3 11
0 22
11 29
6 11
11 29
19 29
17 29
0 26
17 29
0 19
23 29
17 29
4 17
10 27
27 29
0 7
5 14
21 5
7 29
0 21
0 23
17 29
0 4
27 29
27 29
18 9
9 29
0 21
28 29
23 20
0 23
7 29
0 10
24 3
10 24
17 29
0 10
17 29
10 12
0 18
8 7
7 29
0 22
28 29
0 10
10 1
28 29
0 15
0 2
28 29
3 17
0 10
10 1
17 29
0 4
9 29
4 16
0 4
17 29
0 18
11 29
18 8
0 18
9 29
0 21
0 10
11 29
23 13
0 23
0 10
10 1
21 29
12 17
0 10
10 24
17 29
1 3
7 13
13 29
0 10
10 1
7 13
13 29
0 22
3 7
7 13
13 29
0 2
10 11
0 10
17 29
0 26
13 29
0 10
10 1
18 8
26 29
0 18
13 29
0 18
2 3
0 2
3 29
17 3
0 18
13 29
0 10
