0
332
20 12
0 9
0 11
2 8
12 29
0 29
9 15
25 15
28 8
22 1
17 6
8 29
0 2
15 29
19 29
28 24
24 29
0 4
23 3
7 11
16 7
3 29
18 6
16 20
22 14
28 5
8 6
24 1
13 1
8 5
28 18
3 5
9 1
0 16
0 26
24 6
1 5
24 18
17 11
6 29
19 18
28 11
17 1
0 17
14 18
10 11
15 18
19 12
24 9
28 2
28 27
13 27
24 2
21 9
28 7
0 21
10 20
15 21
0 13
19 27
28 21
10 9
22 2
4 26
0 8
22 16
25 5
1 29
5 29
24 10
23 18
14 20
19 2
20 18
0 28
6 2
22 10
25 2
6 3
25 9
15 16
27 29
3 11
0 15
19 10
0 19
12 2
23 7
27 2
12 7
20 11
0 22
3 26
24 3
0 24
18 29
25 26
14 21
11 29
6 26
0 6
26 29
0 6
6 11
1 14
21 29
0 1
0 25
26 29
25 18
0 25
24 26
26 29
0 24
3 2
2 29
24 3
0 24
26 29
18 29
22 18
11 29
0 20
0 24
24 12
7 29
2 29
22 23
0 22
7 29
0 24
24 12
2 29
19 11
11 29
0 19
10 29
15 11
11 29
24 3
0 24
11 29
0 15
16 29
9 18
18 29
0 25
3 11
11 29
0 6
2 29
0 25
0 22
10 29
2 29
0 6
28 16
16 29
0 28
28 20
18 29
0 19
2 29
20 18
0 28
28 14
18 29
22 23
0 22
18 29
0 24
10 29
0 15
15 5
0 1
5 29
0 25
0 22
16 29
18 29
8 18
8 4
0 8
26 29
0 22
2 29
24 10
9 18
0 24
18 29
0 28
21 29
0 19
27 29
0 15
21 29
24 10
20 18
0 24
18 29
21 29
0 28
7 29
9 18
18 29
0 21
0 24
2 29
0 13
27 29
0 28
27 29
0 28
2 29
9 18
0 24
18 29
12 5
5 29
0 19
0 15
18 29
24 10
0 24
11 29
21 14
18 29
0 21
17 18
18 29
0 17
1 29
0 28
11 29
0 19
18 29
0 6
0 17
11 29
0 24
18 29
17 1
0 17
5 29
0 24
6 29
26 29
16 29
1 5
16 9
0 16
5 29
0 26
26 3
5 29
0 28
18 29
5 29
0 8
1 5
5 29
0 13
1 5
5 29
0 24
0 8
6 29
0 28
5 29
16 22
14 18
0 16
18 29
0 16
20 18
18 29
16 20
0 16
20 18
6 29
0 26
26 3
7 12
12 3
0 16
3 29
16 7
0 16
11 3
3 29
16 7
7 23
0 16
3 29
3 29
4 3
0 24
24 29
0 28
0 19
0 15
2 24
24 29
0 8
6 3
3 29
0 17
1 24
16 22
0 16
24 29
8 29
0 28
0 2
2 25
15 29
16 9
0 16
15 29
0 2
2 12
0 2
8 29
11 7
12 29
7 12
9 15
15 29
11 10
0 11
12 29
10 20
