0
325
19 16
16 4
13 16
4 29
13 9
18 16
0 19
13 23
0 3
13 19
16 29
15 23
27 6
13 26
12 24
20 17
6 23
13 14
0 13
4 23
0 21
27 7
0 5
24 19
22 23
27 29
22 7
8 23
3 23
0 20
4 2
12 21
4 3
0 12
16 5
0 29
6 28
6 21
26 7
11 19
11 5
22 21
15 26
22 5
15 28
19 29
9 11
6 15
2 29
18 26
14 11
2 23
9 12
0 4
0 14
27 21
7 29
3 29
23 29
27 10
22 14
27 1
22 28
1 26
9 24
8 12
8 28
25 5
6 20
18 28
18 21
0 22
17 12
19 21
10 28
17 28
10 5
0 16
9 1
0 9
18 17
15 13
0 6
18 24
0 27
26 29
15 14
0 18
0 15
7 21
7 28
25 29
0 11
2 17
26 5
17 29
7 12
25 12
28 29
1 13
13 29
0 1
0 28
12 29
0 25
12 29
0 7
0 17
5 29
0 26
17 29
0 2
11 29
0 25
28 29
0 7
21 29
0 7
15 29
18 29
0 15
14 29
0 26
28 29
27 28
0 18
24 29
6 25
25 29
13 29
0 15
0 18
17 29
5 29
9 5
1 13
0 9
13 29
16 28
28 29
9 10
0 9
5 29
18 17
28 29
0 18
9 10
0 9
28 29
27 19
21 29
0 27
18 17
12 29
0 18
22 29
21 29
0 18
28 29
0 18
20 5
0 6
5 29
0 6
6 25
5 29
6 8
0 6
28 29
6 8
0 6
12 29
0 9
24 29
9 1
0 9
26 29
0 22
28 29
1 26
0 27
26 29
0 22
14 29
10 28
0 27
28 29
11 23
0 11
27 3
0 27
0 7
21 29
0 27
14 29
4 12
12 29
0 9
12 29
23 29
0 2
23 29
11 23
0 14
26 29
0 18
0 2
15 11
23 29
11 23
0 6
23 29
11 23
0 9
27 19
0 27
6 15
0 6
28 29
5 29
0 22
6 15
0 6
26 29
21 29
0 22
9 11
0 9
5 29
9 11
19 29
0 9
15 26
6 15
7 29
0 6
0 6
21 29
0 6
28 29
0 16
5 29
12 29
0 4
3 29
0 12
21 29
0 4
2 29
20 5
5 29
4 3
23 29
0 4
12 8
0 20
20 12
23 29
7 29
0 22
0 27
23 29
0 22
4 24
19 29
0 4
5 29
7 29
0 27
21 29
23 29
0 4
13 29
14 22
0 13
22 23
23 29
23 29
0 6
3 23
17 3
0 20
23 29
24 19
20 17
17 12
0 20
19 29
26 7
0 13
7 29
7 27
6 23
13 26
26 7
0 13
23 29
13 26
26 15
0 13
23 29
0 16
0 13
19 29
3 23
23 29
0 13
23 29
19 29
26 18
13 26
0 13
16 29
9 16
0 13
16 29
0 4
0 13
16 29
4 29
13 16
0 13
16 4
4 29
0 19
