0
317
10 24
0 19
2 19
0 2
0 20
0 24
0 6
18 24
23 3
1 24
0 10
8 22
0 8
6 22
0 5
9 19
13 23
21 23
23 24
11 8
21 3
15 6
14 6
18 19
3 1
11 18
9 21
7 12
9 15
9 7
22 24
19 8
13 20
12 6
11 5
17 6
14 2
12 16
17 8
23 6
18 21
3 2
0 14
15 8
0 9
0 11
21 6
17 16
18 7
16 24
1 8
18 2
1 2
0 17
5 6
3 17
7 6
23 20
0 13
12 17
8 24
21 2
0 12
21 15
0 21
18 13
6 24
0 3
16 20
16 2
23 5
7 24
4 15
0 4
18 10
18 22
18 9
1 20
0 23
7 20
1 22
22 20
16 5
0 18
15 20
16 11
1 23
22 21
22 14
16 15
15 24
16 19
7 4
15 14
10 9
10 19
16 14
16 10
7 17
17 24
0 7
10 14
0 16
14 24
0 16
14 24
16 10
0 16
19 24
16 10
0 16
9 24
14 24
0 15
4 24
0 7
0 16
19 24
0 15
0 16
15 24
14 24
0 22
0 22
21 24
2 24
23 2
11 2
2 24
0 16
16 15
20 24
0 16
20 24
18 20
0 16
5 24
20 24
0 22
22 20
20 24
20 24
0 7
2 24
23 2
20 24
0 18
9 24
22 20
0 18
20 24
10 9
0 18
9 24
4 24
15 20
20 24
0 4
0 7
0 23
5 24
2 24
0 16
20 24
0 16
3 24
0 18
18 6
0 18
13 24
21 24
15 20
0 21
20 24
12 24
2 24
0 21
0 3
3 8
0 12
17 24
13 24
0 23
20 24
13 7
0 13
6 24
0 3
17 24
12 5
6 24
0 12
17 24
2 24
0 18
2 24
8 24
0 16
7 6
6 24
0 18
0 17
16 24
6 24
0 21
11 16
16 24
9 24
0 11
11 15
8 24
14 24
0 3
2 24
21 6
6 24
0 18
6 24
0 23
8 24
0 17
0 12
16 24
0 14
2 24
6 24
0 17
5 6
0 11
6 24
6 24
0 12
0 13
20 24
11 5
5 19
0 11
8 24
18 22
0 18
7 6
0 9
6 24
15 8
0 9
8 24
9 7
12 6
0 9
6 24
22 24
0 9
21 22
22 24
18 22
0 11
1 22
22 24
0 3
19 8
11 18
0 11
8 24
0 14
6 24
9 15
0 9
6 24
3 1
9 21
1 22
22 24
0 9
0 11
8 24
0 23
9 21
0 9
23 24
23 24
0 13
19 8
0 9
8 24
5 23
23 24
5 6
0 5
22 24
8 24
0 8
22 24
10 23
23 24
0 10
23 1
10 23
3 1
1 24
0 10
10 23
0 10
10 18
6 22
1 24
22 1
20 13
13 18
18 24
1 24
2 1
0 2
19 18
18 24
19 18
18 24
0 10
