0
362
15 17
15 18
28 29
0 14
0 1
0 2
0 3
0 4
0 5
0 6
0 7
0 8
0 9
0 10
0 11
0 12
13 14
13 1
13 2
13 3
13 4
13 5
13 6
13 7
13 8
13 9
13 10
13 11
12 14
12 1
12 2
12 3
12 4
12 5
12 6
12 7
12 8
12 9
12 10
11 14
11 1
11 2
11 3
11 4
11 5
11 6
11 7
11 8
11 9
10 14
10 1
10 2
10 3
10 4
10 5
10 6
10 7
10 8
9 14
9 1
9 2
9 3
9 4
9 5
9 6
9 7
8 14
8 1
8 2
8 3
8 4
8 5
8 6
7 14
7 1
7 2
7 3
7 4
7 5
6 14
6 1
6 2
6 3
6 4
5 14
5 1
5 2
5 3
4 14
4 1
4 2
3 14
3 1
2 14
22 29
24 29
15 29
25 29
21 29
17 29
26 17
15 26
15 21
15 25
22 24
15 22
15 22
22 29
15 22
22 29
15 22
22 29
15 22
2 14
22 29
15 22
22 29
15 22
22 29
15 22
3 14
22 29
15 22
2 14
22 29
15 22
22 29
15 22
22 29
15 22
4 14
22 29
15 22
3 14
22 29
15 22
2 14
22 29
15 22
22 29
15 22
22 29
15 22
5 14
22 29
15 22
4 14
22 29
15 22
3 14
22 29
15 22
2 14
22 29
15 22
22 29
15 22
22 29
15 22
6 14
22 29
15 22
5 14
22 29
15 22
4 14
22 29
15 22
3 14
22 29
15 22
2 14
22 29
15 22
22 29
15 22
22 29
15 22
7 14
22 29
15 22
6 14
22 29
15 22
5 14
22 29
15 22
4 14
22 29
15 22
3 14
22 29
15 22
2 14
22 29
15 22
22 29
15 22
22 29
15 22
8 14
22 29
15 22
7 14
22 29
15 22
6 14
22 29
15 22
5 14
22 29
15 22
4 14
22 29
15 22
3 14
22 29
15 22
2 14
22 29
15 22
22 29
15 22
22 29
15 22
9 14
22 29
15 22
8 14
22 29
15 22
7 14
22 29
15 22
6 14
22 29
15 22
5 14
22 29
15 22
4 14
22 29
15 22
3 14
22 29
15 22
2 14
22 29
15 22
22 29
15 22
22 29
15 22
10 14
22 29
15 22
9 14
22 29
15 22
8 14
22 29
15 22
7 14
22 29
15 22
6 14
22 29
15 22
5 14
22 29
15 22
4 14
22 29
15 22
3 14
22 29
15 22
2 14
22 29
15 22
22 29
15 22
22 29
15 22
11 14
22 29
15 22
10 14
22 29
15 22
9 14
22 29
15 22
8 14
22 29
15 22
7 14
22 29
15 22
6 14
22 29
15 22
5 14
22 29
15 22
4 14
22 29
15 22
3 14
22 29
15 22
2 14
22 29
15 22
22 29
15 22
22 29
15 22
12 14
22 29
15 22
11 14
22 29
15 22
10 14
22 29
15 22
9 14
22 29
15 22
8 14
22 29
15 22
7 14
22 29
15 22
6 14
22 29
15 22
5 14
22 29
15 22
4 14
22 29
15 22
3 14
22 29
15 22
2 14
22 29
15 22
22 29
15 22
22 29
15 22
0 14
15 28
17 29
0 14
18 17
17 29
0 14
