0
483
20 29
19 25
10 12
19 21
20 22
10 3
22 27
0 5
12 17
10 18
4 12
3 9
13 17
7 10
1 8
4 13
4 2
2 10
11 18
0 7
6 13
6 11
21 29
12 16
25 29
24 28
27 29
10 19
8 15
11 19
15 18
16 22
20 26
15 14
1 7
5 14
13 18
14 23
14 22
6 15
0 4
12 21
19 23
9 16
6 12
14 18
0 1
19 28
17 23
16 24
18 26
5 13
16 25
17 25
19 24
8 17
9 13
3 11
8 14
8 16
12 19
3 12
9 15
13 21
21 28
9 10
3 7
10 17
23 29
14 20
0 2
9 11
27 28
22 29
25 26
26 29
11 20
28 29
25 24
17 20
13 20
19 20
9 17
9 18
22 24
11 16
3 5
0 6
13 15
8 11
8 5
16 20
20 24
12 18
8 10
14 17
14 21
26 24
22 23
0 8
8 7
7 15
15 24
23 24
0 8
13 22
8 13
13 19
0 8
19 26
8 13
9 14
21 24
0 9
9 14
17 24
0 9
0 8
10 15
15 24
0 8
8 12
18 24
0 8
12 20
8 12
20 24
8 10
0 8
10 16
20 24
5 12
0 8
12 20
0 8
11 17
17 24
0 8
8 13
15 24
14 17
6 14
17 24
20 24
5 12
12 20
16 20
20 24
8 11
0 8
0 8
13 22
8 13
0 9
18 24
17 24
0 9
14 19
20 24
0 6
6 14
20 24
0 8
8 13
20 24
9 17
0 9
18 25
9 18
0 9
18 25
25 28
9 18
0 9
28 29
8 11
0 8
20 28
14 19
0 6
19 26
6 14
26 29
18 25
9 18
0 9
17 22
9 17
0 9
21 27
28 29
0 6
14 21
6 14
11 20
28 29
20 28
0 9
11 20
28 29
2 11
20 28
28 29
0 6
6 14
20 28
18 23
9 18
0 9
8 10
22 29
17 22
0 8
22 29
15 22
7 15
10 17
22 29
17 22
0 9
28 29
0 6
14 21
6 14
21 28
28 29
0 8
8 13
22 29
15 22
0 9
12 18
23 29
18 23
3 12
26 29
19 26
23 29
0 8
16 23
21 28
28 29
14 21
0 8
11 20
28 29
20 28
13 21
21 28
28 29
0 9
22 29
17 22
0 8
24 26
12 19
3 12
26 29
25 26
26 29
8 17
0 8
25 26
8 16
26 29
0 8
3 5
13 21
21 28
28 29
3 12
12 18
26 29
24 26
8 16
26 29
0 8
8 17
23 29
0 8
12 19
3 12
28 29
17 23
10 17
1 10
23 29
18 26
8 14
26 29
0 8
19 28
12 19
28 29
0 6
16 24
24 26
26 29
0 9
6 12
12 19
0 6
23 29
6 12
21 28
28 29
0 6
17 23
10 17
4 10
23 29
0 6
22 29
15 22
8 14
22 29
0 8
8 14
23 29
0 8
5 13
3 5
18 26
26 29
14 23
3 5
23 29
5 14
14 23
0 1
7 5
23 29
6 15
14 23
0 6
23 29
15 14
14 20
6 15
26 29
0 6
9 16
10 9
0 4
4 10
22 29
6 15
18 26
26 29
0 6
19 23
3 11
23 29
15 18
18 26
26 29
0 8
19 23
0 4
4 10
23 29
12 21
21 27
6 12
0 6
27 29
10 19
19 24
28 27
0 4
4 10
10 19
24 25
19 24
0 4
4 10
25 29
16 25
6 12
0 6
12 21
6 12
0 6
11 19
25 29
24 25
19 24
0 6
21 29
13 21
0 6
5 13
21 29
7 5
13 21
0 7
7 3
21 29
3 11
18 21
25 29
10 19
24 25
19 24
0 2
2 10
25 29
10 19
24 25
19 24
0 4
21 29
0 4
13 21
8 15
15 18
0 7
7 1
21 29
18 21
0 7
25 29
10 19
24 25
19 24
25 29
4 13
17 25
0 4
9 16
0 7
25 29
7 3
16 25
21 29
12 21
0 4
7 10
0 7
21 29
18 21
4 12
25 29
17 25
0 4
13 17
25 29
5 13
17 25
27 29
4 12
12 16
16 22
0 4
3 9
22 27
27 29
16 22
9 16
7 10
0 7
0 5
22 27
27 29
14 20
5 14
7 10
0 7
10 19
21 29
22 27
27 29
12 16
16 22
7 10
0 7
7 10
0 7
25 29
10 19
0 5
14 20
5 14
