0
347
28 8
0 26
0 19
0 29
0 4
8 29
14 1
14 6
20 26
3 26
15 21
18 29
12 16
16 21
0 28
0 16
3 24
1 16
1 4
22 29
7 9
15 17
7 6
26 29
0 7
15 1
15 8
24 29
9 16
15 3
9 12
9 10
9 11
22 16
9 4
12 29
5 21
21 29
0 15
8 16
10 16
16 29
24 19
0 20
11 29
21 19
5 25
0 1
25 7
19 29
22 7
13 4
18 13
12 4
0 17
20 15
22 20
26 4
22 1
8 14
2 13
15 7
12 28
11 7
11 4
8 20
16 17
25 14
14 7
28 7
6 15
6 16
18 16
0 18
19 3
13 7
23 16
25 2
7 29
0 5
3 29
9 15
0 8
22 27
6 26
0 6
9 20
22 8
12 15
12 1
21 17
24 1
2 15
0 25
0 12
24 15
14 17
9 13
23 1
13 15
24 13
0 24
15 29
0 23
1 29
13 15
0 22
22 9
15 29
17 29
0 14
0 24
15 29
12 20
25 20
0 2
15 29
0 24
1 29
0 21
17 29
0 12
1 29
0 12
15 29
0 22
8 17
17 29
0 22
22 9
6 1
1 29
0 6
26 17
17 29
27 1
0 22
1 29
8 17
17 29
27 9
22 27
0 22
15 29
21 3
0 21
5 20
2 7
0 2
7 29
0 25
2 7
16 7
7 29
0 23
0 5
5 13
7 29
8 19
0 8
3 29
18 1
1 3
3 29
0 18
16 7
7 29
16 7
0 6
7 29
0 6
15 29
5 28
0 5
7 29
5 14
0 5
7 29
14 7
7 29
0 25
6 16
0 6
17 29
0 8
4 7
7 29
0 11
7 29
0 11
28 7
7 29
0 12
6 15
0 6
7 29
25 2
13 7
7 29
0 25
14 7
0 8
7 29
0 22
1 3
3 29
18 26
4 7
0 18
7 29
0 22
22 20
15 7
0 22
7 29
17 29
4 7
7 29
0 12
13 7
0 18
7 29
18 13
4 7
0 18
7 29
0 22
7 29
8 19
0 8
7 29
0 25
1 3
3 29
25 7
0 5
7 29
19 29
0 21
0 11
19 29
20 19
0 1
19 29
1 24
6 16
0 6
0 1
16 29
1 10
16 29
0 8
16 29
15 16
0 21
21 29
0 5
0 12
4 12
15 9
0 15
12 29
16 29
0 22
15 9
0 15
11 29
10 16
15 9
0 15
16 29
15 9
0 15
12 29
0 15
3 29
15 9
0 15
16 29
0 1
1 24
0 15
8 16
16 29
24 29
0 15
1 24
7 29
18 26
0 18
26 29
6 26
0 7
17 16
0 15
16 29
9 4
4 26
26 29
0 7
0 22
15 1
4 26
26 29
0 15
15 1
0 15
16 29
15 3
24 29
0 15
16 29
21 29
28 21
21 29
0 16
16 21
0 28
28 12
21 29
0 18
0 15
21 29
15 3
26 29
0 15
15 20
26 29
0 15
0 28
28 14
26 29
6 26
16 21
0 28
1 16
28 14
21 29
15 8
0 15
4 26
26 29
19 24
24 29
26 29
0 28
8 29
