17
5
18
19
11
12
5
8
5
8
8
5
5
8
8
11
17
18
95
13 18
16 17
11 15
19 24
2 7
21 17
10 11
2 3
1 6
15 20
7 8
16 12
17 22
16 21
11 16
16 21
6 11
12 17
7 12
14 19
19 23
12 13
13 14
7 12
18 23
14 18
12 13
13 14
7 12
18 23
14 18
12 13
5 6
0 5
13 14
7 12
5 10
18 23
14 18
12 13
0 5
13 14
8 4
18 23
14 18
5 6
0 5
5 10
0 5
7 8
8 4
18 23
14 18
8 4
18 23
14 18
3 8
16 12
5 10
18 23
14 18
11 16
12 13
0 5
13 14
15 20
5 10
18 23
0 5
17 18
7 8
8 4
18 23
14 18
2 7
7 8
8 4
14 19
10 11
21 17
15 20
5 10
18 23
0 5
17 18
10 11
5 10
18 23
11 16
0 5
17 18
2 7
7 8
18 23
8 13
