0
101
0 15
0 13
8 15
24 25
8 17
22 13
3 13
24 5
25 13
3 20
18 13
28 14
17 14
3 25
23 26
24 22
18 26
8 24
17 9
8 11
27 13
4 19
21 7
5 18
8 12
14 29
23 27
8 5
16 26
14 15
8 10
4 10
21 5
12 24
14 25
18 19
8 4
26 29
19 7
19 6
9 13
11 7
26 29
19 7
8 4
8 4
26 29
18 19
19 7
8 4
8 4
26 29
21 5
8 4
26 29
21 5
26 29
9 13
8 10
8 10
26 29
26 29
26 29
25 14
8 5
14 29
18 19
19 7
8 5
8 10
19 7
8 4
23 27
11 7
9 13
27 13
8 24
26 29
8 24
14 29
26 29
14 29
25 14
14 29
14 29
8 24
14 29
3 25
5 18
18 13
8 24
24 22
8 24
17 14
14 29
25 13
8 24
15 14
14 29
15 14
14 29
