0
150
0 20
9 20
0 8
16 29
4 8
0 9
0 24
0 6
11 26
26 10
0 1
0 7
0 23
8 29
15 26
0 5
4 17
16 27
13 17
0 4
16 20
12 28
20 17
14 28
16 5
18 5
26 1
12 13
12 4
14 4
17 1
27 1
18 4
10 3
10 9
7 25
19 3
19 9
15 11
10 24
21 6
22 6
19 6
11 4
22 2
27 7
9 3
0 21
15 5
11 23
17 5
21 2
28 1
25 1
8 3
8 2
20 13
20 5
2 1
2 24
7 24
2 1
2 1
2 1
2 1
2 1
2 1
21 2
2 1
0 21
2 1
2 1
2 1
2 1
0 21
2 1
11 4
9 3
24 7
10 24
25 1
9 3
0 14
13 20
20 5
5 17
17 1
24 7
10 24
5 17
17 1
5 17
17 1
0 14
28 1
12 13
13 20
17 1
28 1
20 17
17 1
12 13
17 1
26 1
27 7
0 4
17 1
5 17
17 1
5 15
26 1
0 5
10 3
3 8
8 29
7 24
3 8
8 29
7 24
3 8
0 1
1 26
8 29
10 3
3 8
0 23
23 11
26 10
8 29
10 3
3 8
6 19
8 29
19 3
3 8
8 29
3 8
8 29
9 3
3 8
8 29
0 4
0 5
5 16
8 29
0 9
20 16
16 29
20 16
16 29
