0
224
8 19
2 19
17 1
0 4
18 12
16 5
10 19
17 15
9 12
2 15
3 12
18 9
0 17
0 8
12 19
16 4
2 17
0 18
0 5
6 11
0 16
8 17
10 7
0 2
11 15
6 15
11 7
10 13
6 17
13 9
10 17
5 19
4 9
12 7
1 14
5 15
1 15
7 19
11 18
11 13
6 16
4 14
1 18
1 3
9 19
5 3
3 17
15 19
10 2
14 19
0 6
16 7
16 15
5 7
1 13
10 16
16 13
14 13
14 15
1 6
8 5
0 12
11 4
9 7
10 4
10 12
15 18
16 2
5 6
3 2
8 2
9 14
9 15
8 4
16 8
17 19
7 18
17 19
11 16
16 8
17 19
11 16
17 19
17 19
16 8
17 19
11 16
17 19
17 19
17 19
11 16
9 15
17 19
15 18
9 15
10 4
17 19
9 7
17 19
17 19
9 7
0 12
17 19
17 19
15 18
0 12
0 12
11 16
16 13
8 5
0 12
17 19
15 18
10 16
10 16
17 19
17 19
0 6
14 19
16 15
10 16
17 19
3 17
0 6
6 5
17 19
7 9
0 6
3 17
6 1
0 6
17 19
6 1
0 6
11 4
14 19
15 19
16 15
0 6
13 14
14 19
0 6
15 19
6 1
0 6
15 19
0 6
6 5
6 1
14 19
0 6
7 19
0 12
9 19
11 4
0 6
6 5
17 19
11 13
9 19
0 6
17 19
13 9
9 19
7 19
15 19
0 6
15 19
2 8
8 5
5 19
0 2
2 10
7 19
0 2
2 8
17 19
15 19
16 15
0 16
11 15
16 6
15 19
5 19
0 2
17 19
0 16
4 9
9 19
0 12
12 19
17 19
0 18
9 19
0 17
17 3
12 19
0 2
15 19
18 9
12 19
0 18
0 17
15 19
0 17
17 10
10 19
7 10
0 16
5 7
10 19
12 10
0 18
10 19
9 12
12 10
4 9
1 3
10 19
3 12
12 10
0 17
0 2
0 8
