26
26
17
22
4
18
8
19
7
11
5
10
21
15
23
16
2
14
24
9
27
3
12
12
27
9
1
90
0 29
6 1
0 6
27 29
0 25
12 6
0 12
28 25
0 13
28 6
0 13
13 3
3 25
27 25
0 27
12 25
0 12
9 29
12 9
0 12
0 27
9 29
6 12
12 9
24 29
0 24
0 6
6 14
27 29
14 27
0 2
2 29
16 27
27 29
13 16
0 13
0 6
27 29
1 27
23 16
16 27
27 29
0 23
20 24
15 20
6 15
0 6
24 29
0 21
21 29
10 24
21 10
0 21
24 29
15 20
6 15
0 6
20 5
5 29
11 27
6 15
0 6
27 29
15 11
7 5
0 7
5 29
19 27
14 19
0 6
6 14
27 29
14 8
8 29
0 6
6 14
18 29
0 6
6 18
4 27
27 29
0 4
0 22
27 29
22 27
0 17
17 18
18 29
26 29
0 26
