0
343
8 5
4 5
13 29
25 17
0 8
0 18
0 4
17 29
28 18
3 8
21 12
9 29
6 8
0 28
0 21
1 7
27 15
2 7
0 22
6 13
6 18
6 12
6 26
15 8
20 8
16 7
20 12
10 7
10 8
25 18
19 7
25 23
15 16
20 27
5 19
23 8
20 2
20 11
5 17
15 25
20 17
22 18
6 20
10 4
6 5
10 18
10 19
27 1
23 18
10 16
15 9
14 1
7 29
22 27
22 26
4 29
1 8
21 28
7 8
28 12
19 8
3 11
4 13
1 11
22 20
7 18
6 15
5 16
27 18
27 14
8 29
18 29
19 11
28 20
6 22
25 12
11 29
23 21
18 12
24 20
17 26
8 12
23 17
18 16
17 7
11 16
20 16
17 24
8 13
16 29
27 24
18 13
26 13
6 10
7 12
23 3
26 20
8 14
16 13
8 9
24 13
9 24
23 27
26 16
23 4
4 26
23 27
14 13
23 4
4 26
3 21
4 11
23 4
11 7
10 21
23 4
4 26
23 4
24 13
23 27
26 16
23 4
4 26
13 16
16 29
23 27
6 10
16 29
10 17
6 10
16 29
10 21
16 29
4 11
23 4
6 10
7 12
10 17
16 29
23 4
17 7
7 12
23 27
23 17
16 29
26 16
17 24
23 17
20 16
16 29
23 4
20 16
16 29
4 11
23 4
6 10
10 1
11 29
4 11
22 4
20 16
22 28
16 29
6 22
6 22
11 29
6 22
22 4
23 27
14 8
8 29
23 27
18 29
23 27
6 10
16 29
17 26
18 29
15 17
6 15
18 29
17 7
15 17
20 16
16 29
6 22
6 10
11 29
10 1
13 8
8 29
6 22
22 4
23 3
11 29
8 29
6 22
22 28
6 22
6 15
8 29
17 7
15 17
23 21
28 12
8 29
6 10
10 1
6 22
22 4
18 29
6 22
27 18
18 29
6 22
6 15
17 7
15 17
22 27
1 8
27 14
8 29
6 22
6 15
8 29
9 8
6 10
16 29
18 29
22 27
1 8
8 29
6 22
19 8
8 29
6 10
18 29
6 10
5 16
16 29
4 29
6 10
20 16
16 29
18 29
6 22
7 29
6 20
17 7
25 12
6 15
7 29
6 5
17 7
6 20
11 29
2 4
6 20
4 29
8 29
19 8
8 29
6 5
27 1
1 8
8 29
6 20
6 15
16 29
15 25
23 8
6 15
8 29
5 19
7 29
6 5
15 25
6 15
18 29
8 29
6 10
7 29
6 10
6 20
15 16
7 29
6 15
8 29
6 20
6 15
8 29
20 8
26 20
8 29
18 29
13 8
8 29
22 18
18 29
27 20
22 27
20 2
0 22
7 29
22 27
15 8
0 22
8 29
27 1
22 27
0 22
7 29
21 23
23 8
8 29
28 12
8 29
27 15
22 27
0 22
15 9
0 21
0 28
28 3
8 29
0 28
18 29
0 28
28 17
4 29
18 29
8 29
17 29
18 25
0 18
0 4
4 13
17 29
5 17
0 4
17 29
5 17
0 8
