0
309
19 12
14 20
0 1
14 12
14 15
13 12
0 19
2 17
2 1
15 20
18 12
18 20
16 12
15 12
2 3
14 13
3 1
0 14
18 17
3 17
2 4
2 16
12 20
0 3
18 1
17 20
13 20
4 1
5 1
0 2
4 3
18 3
17 1
18 5
18 14
0 4
9 20
5 8
1 20
5 3
0 20
6 8
8 20
13 16
13 15
6 3
0 18
5 4
0 13
17 16
11 20
5 2
16 20
16 3
5 10
0 7
17 15
6 4
10 20
6 2
17 13
17 19
16 15
5 7
17 14
0 6
3 20
17 7
0 5
12 2
8 7
15 2
16 14
8 4
8 2
11 2
17 5
16 1
16 7
9 7
9 2
9 4
1 7
0 12
17 12
0 17
4 20
10 2
19 14
16 18
16 5
1 6
11 7
3 7
10 7
14 2
13 2
9 5
11 19
19 2
2 20
0 11
0 9
5 20
11 13
2 20
0 11
8 1
1 14
2 20
0 8
7 20
0 10
8 3
7 20
0 8
7 20
0 11
8 1
0 8
6 20
0 16
5 20
18 2
2 20
0 16
14 2
11 19
2 20
0 11
2 20
0 10
11 4
0 11
4 20
17 4
0 17
4 20
12 4
4 20
12 4
12 1
0 12
7 20
4 20
0 9
2 20
0 9
7 20
0 9
0 16
7 20
1 7
0 16
7 20
0 17
5 20
2 20
0 11
2 20
0 8
4 20
0 8
14 2
2 20
0 16
2 20
7 20
0 8
0 12
2 20
5 20
0 17
7 20
12 3
0 12
6 20
14 3
3 20
0 17
0 5
7 20
15 3
3 20
0 16
19 3
3 20
0 17
3 20
13 3
0 17
0 6
2 20
0 10
0 6
4 20
15 3
3 20
0 17
7 20
10 20
0 5
3 20
0 16
0 16
0 5
2 20
0 11
0 17
16 20
3 20
13 3
0 5
4 20
18 16
16 20
3 20
0 6
15 3
0 13
3 20
0 13
16 20
0 8
8 20
0 6
3 20
0 5
0 13
13 1
8 20
0 5
5 9
0 5
4 20
1 20
14 1
0 18
9 20
5 9
0 18
1 20
0 17
0 18
3 20
0 4
3 20
9 20
2 9
2 5
0 2
1 20
1 20
0 4
0 13
0 17
1 20
0 18
3 20
0 2
2 12
16 17
0 2
17 20
4 1
0 2
1 20
17 20
0 3
17 20
0 18
17 20
14 17
1 20
0 3
13 17
0 14
17 20
3 1
0 2
1 20
12 20
2 15
0 2
2 16
12 20
0 2
0 18
12 20
0 18
2 15
0 2
0 2
1 20
0 2
17 20
15 20
19 15
14 13
12 20
0 14
15 20
0 14
12 20
0 14
1 20
0 14
0 19
12 20
