0
312
20 26
0 26
2 21
0 17
20 22
8 22
0 2
20 15
6 26
0 1
5 24
7 18
4 1
7 5
20 3
11 21
20 8
21 16
0 20
0 16
0 7
22 2
9 26
4 15
5 16
0 5
4 19
14 17
0 22
15 25
23 16
8 19
9 24
12 18
9 25
15 26
23 17
23 26
3 16
3 17
4 5
19 17
9 18
0 21
4 2
13 1
8 10
24 17
15 10
6 25
13 2
16 26
17 26
0 4
11 18
0 8
25 26
6 1
14 2
15 24
11 26
9 3
23 18
18 26
3 10
6 10
11 2
9 5
14 5
1 26
24 26
13 5
11 20
0 3
10 26
0 13
0 14
9 21
18 2
15 3
9 19
0 19
1 2
17 16
6 21
12 8
15 12
16 2
23 3
2 26
9 22
11 7
6 22
0 12
20 5
0 9
15 13
23 21
5 26
6 8
0 6
8 26
0 11
11 5
0 23
21 26
0 15
13 26
9 8
8 26
0 9
5 26
9 20
12 26
0 6
22 26
0 11
7 26
0 9
22 26
0 6
6 2
0 23
3 26
11 16
2 26
0 11
0 15
12 26
15 12
0 15
8 26
0 6
21 26
16 2
9 17
2 26
0 9
11 1
2 26
0 11
19 26
0 9
19 26
0 15
3 26
2 26
0 18
0 9
21 26
14 26
13 26
0 10
3 26
20 2
2 26
0 11
5 26
0 13
0 24
11 1
0 11
5 26
0 14
0 9
5 26
2 26
0 11
10 26
0 6
10 26
0 3
0 18
18 26
0 23
3 10
0 9
10 26
0 11
24 26
0 15
2 26
0 14
1 26
0 6
8 26
18 26
0 11
4 17
0 4
4 16
0 4
2 26
0 13
25 26
0 6
10 26
0 15
15 24
17 26
0 15
0 8
10 26
1 26
0 13
2 26
0 4
21 26
18 26
0 9
21 19
0 21
17 26
0 4
5 26
4 3
17 26
0 4
4 3
16 26
0 4
0 23
17 26
0 23
0 15
25 26
0 9
21 12
0 21
18 26
24 17
17 26
0 9
19 17
17 26
0 8
16 26
0 23
25 26
0 15
25 26
22 25
0 22
22 14
17 26
19 17
17 26
0 4
5 26
0 5
16 26
15 25
25 26
0 4
0 9
0 22
2 26
8 19
7 8
19 17
17 26
16 26
20 11
11 9
9 26
0 20
20 21
16 26
8 19
19 17
0 20
17 26
21 16
0 20
20 11
16 26
0 20
3 9
9 26
0 7
5 16
16 26
7 5
0 7
5 4
1 26
0 7
18 26
7 5
0 7
24 9
9 26
1 26
0 22
22 6
15 25
6 26
0 20
25 6
2 26
20 8
6 26
0 20
22 6
6 26
0 20
22 6
17 26
6 26
0 2
21 6
0 20
