0
242
18 19
13 5
0 4
5 19
0 12
7 16
9 4
0 7
8 19
9 10
4 19
10 16
13 17
16 19
0 13
14 6
12 19
5 7
1 7
18 9
0 8
0 15
0 14
2 16
10 5
2 6
12 7
2 8
9 11
2 1
18 8
0 10
17 11
9 17
9 16
7 19
9 1
11 19
4 8
2 4
15 6
14 16
2 12
2 10
11 3
14 1
14 17
15 17
7 6
3 17
3 1
15 1
15 13
11 13
5 16
15 4
3 8
8 6
8 13
15 12
14 5
11 5
8 17
11 12
15 5
8 1
11 18
15 18
14 3
2 9
4 13
15 7
14 7
3 5
10 1
18 13
18 12
4 1
4 17
16 6
16 17
13 19
12 17
6 19
17 19
17 19
17 19
6 19
17 19
12 17
17 19
13 19
6 19
2 14
4 1
4 1
15 7
13 19
3 5
6 19
3 5
6 19
2 14
18 13
13 19
18 13
13 19
2 14
6 19
12 17
17 19
2 14
17 19
6 19
6 19
2 14
12 17
17 19
2 14
13 19
6 19
2 14
14 3
8 6
6 19
2 14
4 13
13 19
16 6
14 5
6 19
2 14
13 19
13 19
14 3
2 14
14 3
2 14
17 19
15 7
6 19
17 19
2 14
17 19
2 14
3 17
17 19
10 1
12 17
17 19
16 6
6 19
2 14
6 19
4 13
13 19
2 4
8 6
6 19
2 9
2 4
16 6
2 9
6 19
2 9
17 19
9 17
2 9
11 19
10 1
0 10
8 6
6 19
2 9
11 19
8 6
6 19
7 19
2 12
6 19
5 16
16 6
0 10
6 19
16 6
6 19
7 19
14 7
7 19
15 7
8 6
6 19
8 18
9 11
0 8
11 19
18 9
8 18
0 8
9 1
7 19
10 5
0 10
7 19
0 15
15 12
0 14
6 19
13 19
14 16
0 14
0 13
16 19
17 16
16 19
0 10
8 4
0 8
17 11
13 17
11 9
10 16
0 13
16 19
0 8
7 19
17 11
13 17
11 9
0 13
4 19
0 7
16 19
12 19
7 5
0 7
4 19
5 19
0 13
4 9
9 18
0 4
