0
320
0 25
8 22
8 25
8 23
13 4
10 25
17 18
0 15
0 21
17 20
17 25
22 25
4 23
16 2
17 1
16 1
23 25
5 2
10 2
13 2
8 2
14 2
24 2
12 16
11 16
13 15
5 16
8 15
20 16
0 12
17 5
24 4
13 20
0 19
14 15
7 1
14 19
18 2
6 16
0 13
10 20
24 16
1 25
8 20
3 16
0 17
10 11
3 4
0 10
2 25
14 3
14 16
24 8
20 25
8 19
14 12
1 15
9 3
8 12
0 24
14 9
4 15
20 15
0 11
14 11
16 25
5 19
3 25
8 17
0 14
8 9
18 25
5 12
15 25
22 11
20 19
4 19
6 19
0 4
0 6
9 25
19 25
20 11
22 24
0 5
8 6
3 13
8 14
10 13
18 11
7 25
3 11
22 14
18 24
2 4
2 11
7 21
22 4
3 21
18 13
13 25
0 18
0 3
21 25
0 22
4 25
21 25
0 7
11 25
0 2
0 2
4 25
0 18
24 25
0 22
14 25
11 25
0 3
0 7
11 25
0 18
0 8
8 10
13 25
0 8
14 25
13 25
0 3
0 8
6 25
5 25
0 22
24 25
0 20
11 25
22 19
0 22
0 9
6 25
4 25
19 25
0 6
19 25
0 4
19 25
0 20
0 22
11 25
6 15
0 6
12 15
15 25
0 5
0 18
0 8
9 25
14 25
15 25
0 8
17 15
0 3
19 25
0 5
0 16
0 14
11 25
11 25
15 25
0 20
15 25
0 4
0 14
9 25
24 25
12 15
15 25
0 8
14 9
0 14
3 25
15 25
0 1
12 15
15 25
0 14
19 25
0 8
0 20
8 19
0 24
19 25
0 14
16 25
0 14
3 25
0 2
10 16
16 25
14 3
4 2
2 25
0 14
2 25
0 10
11 2
2 25
17 2
14 3
0 14
16 25
17 8
0 17
20 25
0 17
17 9
9 1
0 24
16 25
0 10
20 25
13 25
24 6
0 24
16 25
2 25
24 18
0 24
0 14
19 25
1 25
0 17
17 7
15 25
0 14
19 25
0 13
20 25
4 2
2 25
0 24
1 25
0 17
5 1
12 15
15 25
13 20
0 13
16 25
17 8
0 17
15 25
17 5
0 17
16 25
0 13
15 25
13 11
0 13
16 25
0 12
16 25
2 25
0 24
12 14
2 25
0 12
17 8
0 17
2 25
2 25
0 13
2 25
0 10
17 5
0 17
2 25
0 12
12 23
12 16
1 25
0 12
1 25
0 17
23 25
2 18
18 23
12 16
0 12
24 4
23 25
0 24
24 22
0 24
0 17
20 16
3 4
4 23
16 3
23 25
0 17
3 4
4 23
23 25
21 3
15 25
23 25
18 23
0 17
0 10
4 23
23 25
0 13
23 25
0 15
15 8
0 15
15 8
22 25
0 15
15 8
