0
339
25 29
6 11
0 18
1 29
1 17
0 25
11 29
4 17
26 8
26 19
9 18
0 20
28 5
18 29
27 19
18 17
26 10
0 12
28 19
17 29
4 19
6 8
15 13
0 29
15 16
24 19
24 8
15 20
10 12
24 12
16 19
0 28
0 27
8 29
19 29
2 12
23 3
21 16
22 28
23 4
0 23
15 5
0 26
4 12
15 6
0 22
21 18
19 12
2 5
16 29
2 10
12 29
18 6
5 29
2 21
11 28
4 10
0 15
4 6
21 27
14 10
9 27
9 1
0 21
18 27
14 27
2 26
25 20
10 28
2 15
14 28
0 24
6 29
0 14
9 20
10 27
25 14
10 23
8 20
2 25
9 23
6 28
2 18
9 22
16 27
7 28
20 28
0 2
3 27
4 15
12 28
11 20
11 21
16 23
10 20
9 14
8 27
11 26
3 21
0 4
4 21
21 29
7 3
0 7
21 29
0 11
26 29
0 8
27 29
0 9
14 29
0 10
20 29
0 16
23 29
0 11
21 29
0 11
20 29
11 12
0 11
28 29
15 23
0 4
23 29
7 3
0 7
27 29
28 29
2 28
11 20
0 11
28 29
0 7
28 29
27 29
0 16
0 9
0 2
18 23
23 29
28 29
0 6
0 9
23 29
0 2
25 27
27 29
20 28
0 8
28 29
0 10
23 29
2 25
0 2
14 29
0 10
27 29
20 28
0 9
28 29
14 29
0 6
24 28
28 29
0 14
28 29
0 2
15 23
23 29
28 29
0 10
20 28
2 25
0 2
28 29
0 2
26 29
0 14
27 29
2 18
0 2
27 29
21 29
1 6
0 9
6 29
0 9
27 29
10 28
0 14
28 29
0 21
27 29
0 4
6 29
15 23
23 29
10 28
0 4
28 29
0 11
28 29
21 27
0 2
27 29
0 5
2 18
0 2
6 29
11 12
0 11
10 28
28 12
12 29
0 2
0 16
0 2
5 29
2 19
12 29
0 2
2 21
12 29
0 2
18 12
12 29
22 12
0 15
6 29
12 29
0 4
28 12
12 29
26 28
0 15
5 29
23 16
16 29
0 23
4 12
12 29
28 12
0 22
12 29
2 21
0 2
16 29
3 21
21 16
0 23
16 29
12 29
0 2
2 19
0 2
0 8
8 29
27 8
28 12
12 29
0 27
19 29
27 16
12 29
0 24
0 27
27 10
12 29
8 29
20 8
0 15
8 29
0 24
19 29
0 24
16 19
19 29
0 15
13 8
8 29
0 15
28 6
8 29
0 28
23 4
19 29
0 23
0 27
27 14
14 17
19 29
0 28
12 29
17 29
0 26
10 17
17 29
0 27
27 18
0 27
19 29
0 27
27 18
5 17
17 29
0 28
8 29
20 8
0 20
18 29
20 9
0 26
19 29
0 26
8 29
19 4
26 19
17 29
0 26
28 11
0 28
4 17
14 10
10 4
25 14
17 29
0 20
17 29
20 1
0 20
20 1
1 29
17 1
18 17
0 18
18 6
11 29
0 25
