0
331
9 29
0 22
8 29
21 3
23 25
0 7
0 9
11 25
23 22
18 3
23 15
12 24
18 20
3 22
5 4
23 20
25 29
18 14
0 10
28 26
4 16
22 29
20 16
20 17
17 16
21 2
16 29
20 24
1 24
28 5
2 29
0 4
26 29
21 9
28 21
18 6
11 10
0 29
3 4
27 5
0 28
11 21
25 4
11 27
23 10
6 4
0 18
0 11
6 15
23 5
1 3
13 4
8 15
5 29
9 24
20 3
24 29
0 3
19 10
14 4
5 10
13 15
19 12
19 27
1 4
12 10
0 6
23 3
25 15
1 27
15 4
0 1
0 13
23 13
8 21
0 17
0 19
8 7
20 14
23 18
8 13
2 14
9 27
5 19
10 29
25 17
27 29
2 15
5 12
0 14
0 20
23 9
5 3
0 23
8 28
8 11
25 18
21 29
8 6
22 13
2 22
0 2
13 29
0 8
6 29
0 21
18 4
4 29
0 25
0 8
11 29
0 8
28 29
23 29
0 5
3 29
9 4
0 23
4 29
4 29
20 4
14 29
12 4
4 29
0 5
0 2
15 29
0 27
20 25
0 20
17 29
0 2
2 10
0 5
19 29
23 9
0 23
27 29
0 2
14 29
0 8
13 29
18 4
0 23
4 29
0 20
14 29
7 15
0 8
15 29
19 29
17 29
0 8
21 29
0 23
13 29
13 29
1 29
8 7
7 15
4 29
0 8
0 1
27 29
15 4
20 25
0 20
4 29
0 23
3 29
6 29
5 12
10 29
0 5
0 1
4 29
0 19
27 29
12 10
10 29
0 19
15 4
4 29
0 13
10 29
0 5
20 14
0 20
4 29
10 29
0 19
3 29
0 24
0 20
3 29
23 9
24 29
0 23
0 5
15 4
4 29
0 8
4 29
0 13
0 1
3 29
0 23
5 29
15 4
0 6
4 29
11 29
18 4
4 29
0 6
4 29
0 23
10 29
0 11
27 29
18 25
0 18
4 29
0 11
21 29
28 29
11 27
0 11
5 29
1 3
0 1
4 29
0 11
10 29
6 4
0 18
4 29
0 28
21 29
28 21
9 24
0 28
24 29
0 26
4 29
0 2
5 26
26 29
0 28
24 29
0 1
24 29
0 20
0 18
18 16
28 21
2 14
14 16
16 29
0 28
16 29
11 17
0 11
17 16
16 29
0 20
16 29
0 20
18 22
0 18
16 29
0 4
26 29
0 28
10 29
14 16
16 29
0 18
18 25
0 18
20 16
0 10
10 23
16 29
4 16
0 10
16 29
10 5
0 10
22 29
10 3
20 16
16 29
0 18
24 20
20 16
10 12
0 10
16 29
15 25
0 10
10 23
25 29
3 22
22 29
0 18
0 10
10 23
22 29
0 10
25 29
10 11
24 20
20 16
9 24
16 29
15 25
7 15
25 29
15 23
0 7
7 15
25 29
0 9
3 22
9 21
22 29
0 7
7 8
22 29
0 9
