26
27
11
19
4
16
6
14
23
18
17
15
25
21
13
22
26
20
12
9
8
5
3
2
24
10
7
84
0 28
7 28
0 7
10 28
0 10
0 24
24 28
2 28
0 2
3 28
0 3
0 5
5 28
8 28
0 8
9 8
8 28
5 9
0 5
24 12
12 28
0 24
12 28
20 12
0 20
12 28
26 12
0 26
12 28
22 12
0 22
12 28
13 12
0 13
12 28
21 12
0 21
24 12
12 28
0 25
25 24
24 12
12 28
25 15
0 25
15 24
12 28
21 12
0 17
17 21
0 18
18 28
12 28
23 12
0 23
24 12
12 28
14 24
0 14
0 6
6 28
18 20
12 28
16 22
5 16
20 5
22 12
0 18
4 22
12 28
22 12
0 4
24 12
12 28
19 24
18 19
0 18
11 21
12 28
6 11
21 12
0 6
27 28
0 27
