27
22
19
9
21
18
10
7
15
2
16
6
12
3
26
1
4
13
23
27
24
5
28
25
25
28
5
5
93
0 29
5 11
25 5
28 5
0 14
17 11
20 8
8 11
17 14
0 25
8 11
25 8
0 25
8 11
25 20
17 11
14 17
28 11
0 28
0 5
5 29
0 28
5 29
0 25
5 29
0 24
24 29
0 27
27 29
28 5
27 28
0 27
0 14
23 29
14 23
13 29
0 13
4 8
20 23
25 4
8 20
23 29
0 25
0 1
1 23
23 29
0 26
26 13
13 29
3 29
0 14
14 3
0 14
14 12
12 29
6 29
0 6
0 16
16 29
0 16
2 6
16 2
6 29
15 23
0 15
23 29
15 23
23 7
0 15
7 29
0 16
16 10
10 29
18 10
0 16
16 18
10 29
21 18
18 10
26 21
0 26
10 29
9 6
15 9
0 15
6 29
0 16
16 19
3 29
19 3
0 16
16 22
22 29
