0
320
0 25
26 11
0 17
8 6
3 26
13 16
4 15
19 22
0 8
22 28
22 26
28 29
6 29
19 17
3 19
22 8
25 5
12 15
0 3
14 29
15 29
0 7
18 29
4 29
16 29
26 8
22 13
0 22
28 17
23 20
28 9
23 27
8 29
10 17
23 25
12 13
0 29
15 11
11 17
3 13
2 6
27 25
0 28
14 25
0 26
21 17
16 17
4 24
0 2
0 4
16 5
27 17
17 29
14 13
0 9
14 26
21 13
14 22
0 23
10 29
13 29
6 25
10 25
0 20
21 9
18 25
12 25
11 7
19 7
12 9
12 1
16 26
15 1
25 29
27 26
0 21
24 20
0 11
16 24
27 9
27 24
0 14
0 27
6 22
1 29
0 12
16 8
16 20
10 7
13 7
10 22
16 22
16 2
6 20
15 26
6 7
16 19
6 17
16 11
6 15
15 7
7 29
0 6
0 16
11 29
17 7
7 29
0 6
0 16
19 29
7 29
0 6
6 15
26 29
0 6
20 29
0 6
0 16
2 29
0 16
22 29
22 29
0 10
7 29
0 13
7 29
0 10
0 16
20 29
8 7
0 16
7 29
12 29
0 1
22 29
0 6
27 29
14 7
7 29
0 27
24 29
0 27
9 29
0 16
24 29
11 29
16 24
0 16
20 29
21 29
0 27
26 29
21 25
0 21
21 15
1 29
0 21
0 16
26 29
1 29
0 12
0 12
9 29
14 19
0 14
7 29
0 11
7 29
25 29
0 12
11 18
25 29
0 11
0 21
9 29
20 29
25 29
0 10
25 29
0 6
11 13
0 11
0 10
23 9
9 29
0 14
22 29
13 29
0 21
0 14
26 29
9 29
13 29
0 14
14 17
0 14
17 29
0 27
5 17
17 29
0 16
13 29
4 13
2 29
24 17
0 4
17 29
17 29
0 16
4 21
0 4
17 29
26 29
0 14
25 29
28 10
10 29
25 29
0 27
6 25
25 29
0 2
4 3
0 4
13 29
17 29
0 11
26 15
11 17
0 26
17 29
28 12
0 28
13 29
0 23
25 29
0 28
28 10
17 29
0 23
23 8
27 25
0 23
25 29
8 29
0 28
9 8
20 8
8 29
0 23
0 28
17 29
22 29
0 22
13 29
8 29
0 26
0 16
0 4
17 18
28 17
0 28
8 29
7 8
0 7
7 15
0 14
14 29
3 4
4 14
0 3
15 29
3 13
13 12
5 16
16 29
0 7
7 25
0 22
8 29
0 3
14 29
19 14
3 19
0 3
18 29
17 18
3 19
0 3
19 6
0 28
15 29
26 15
0 22
28 29
0 22
8 29
22 28
3 19
0 3
28 29
0 3
15 29
3 4
0 3
16 29
3 13
0 3
15 29
26 15
6 29
0 8
6 29
17 6
3 26
11 15
0 3
15 29
6 29
25 6
