0
290
18 25
0 9
0 23
12 9
0 8
6 5
1 14
0 1
5 23
5 9
0 12
20 25
3 25
3 9
0 25
0 24
18 9
16 25
19 24
11 9
18 23
11 23
18 12
5 2
20 15
16 2
9 25
15 12
23 25
19 1
17 2
15 2
0 19
0 20
11 12
2 25
17 12
5 7
16 7
0 7
13 1
13 24
18 24
3 22
6 1
12 25
10 24
5 17
16 22
0 5
6 4
13 15
0 11
6 22
13 4
14 4
24 25
4 15
13 17
6 14
22 25
1 25
0 13
16 15
6 10
0 3
0 14
0 15
16 14
17 25
4 10
0 6
18 14
22 7
23 7
16 13
22 11
16 10
17 7
0 4
16 6
18 13
0 16
2 21
21 25
0 18
10 25
21 15
17 15
21 7
10 11
19 15
7 25
2 14
2 11
21 14
17 14
2 4
23 8
2 19
0 2
19 25
2 23
0 2
8 25
0 2
4 25
0 17
14 25
14 25
0 21
0 2
11 25
0 2
14 25
0 2
2 7
2 19
0 2
15 25
11 25
0 10
7 25
0 21
15 25
0 17
15 25
0 21
0 10
18 15
15 25
0 21
0 2
21 25
16 11
11 25
0 18
13 25
0 16
6 25
4 25
7 25
0 17
0 16
10 25
11 25
0 16
13 25
16 23
0 16
7 25
7 25
0 18
14 25
6 25
0 4
10 25
0 17
0 16
14 25
15 25
14 25
3 7
7 25
0 6
10 25
0 16
15 25
13 25
0 18
18 1
0 6
14 25
0 13
17 25
0 4
15 25
0 16
16 24
6 14
4 15
0 6
15 25
4 15
0 13
15 25
0 6
22 25
11 25
0 13
15 25
4 15
0 6
15 25
0 16
22 25
0 5
17 25
6 10
24 25
0 6
16 12
0 16
1 25
0 6
0 3
22 25
24 25
0 18
24 25
0 13
1 25
0 13
7 25
0 16
7 25
0 5
7 25
5 17
0 5
12 25
0 2
12 25
0 11
20 2
2 25
12 25
19 12
19 15
0 19
2 25
5 17
0 5
2 25
0 19
1 25
13 23
0 13
19 15
0 19
12 25
0 20
20 9
2 25
0 16
15 12
0 20
12 25
0 5
2 25
12 25
0 18
23 25
0 11
23 25
0 18
9 25
0 11
0 19
24 25
0 16
9 25
0 18
24 25
9 25
0 3
0 3
0 20
12 25
9 25
0 5
23 25
0 5
1 25
14 16
0 1
16 25
1 14
5 23
14 6
0 1
23 25
23 25
8 23
9 25
0 12
23 25
9 25
9 18
0 9
