0
318
0 10
0 17
8 23
8 15
4 10
7 15
15 16
2 8
0 2
0 13
23 24
4 24
1 10
3 8
4 6
17 24
16 10
11 10
7 2
1 20
10 24
4 7
5 6
0 1
12 6
23 12
3 9
13 6
0 3
0 24
12 24
14 6
0 8
18 6
23 22
14 7
12 15
7 6
4 3
23 1
6 24
13 2
4 11
22 24
0 14
15 24
0 4
7 1
19 24
16 13
7 13
7 11
15 1
23 16
0 23
19 1
20 13
0 16
18 14
22 8
0 18
21 24
11 24
21 1
11 8
9 24
19 17
15 20
19 7
12 2
20 24
19 13
15 2
22 17
7 24
11 13
12 18
20 8
21 13
10 8
22 16
20 18
3 13
1 24
8 24
19 14
21 18
20 16
22 5
0 5
0 12
15 18
7 18
23 14
21 14
15 14
7 16
15 3
9 5
19 16
0 19
16 24
0 9
5 24
0 15
3 24
16 24
0 7
14 24
0 15
14 24
0 21
19 23
0 19
14 24
18 24
0 7
0 15
18 24
13 24
12 13
5 24
0 22
5 24
16 24
0 20
18 24
0 21
0 19
14 24
7 8
0 7
22 1
0 22
15 3
13 24
0 15
18 24
0 20
0 22
16 24
8 24
12 10
0 12
13 24
0 21
8 24
0 20
0 12
18 24
13 24
0 11
0 7
17 1
1 24
0 22
0 15
13 24
0 19
0 20
0 12
0 19
7 24
20 24
0 15
17 1
1 24
0 19
0 9
8 24
0 11
1 24
0 21
0 11
0 21
18 24
8 24
0 22
0 18
14 24
16 24
18 20
13 24
0 18
1 24
0 19
23 14
14 24
0 23
16 24
1 24
0 15
23 7
0 23
11 24
23 7
0 23
13 24
23 16
0 23
13 24
0 19
23 7
0 23
1 24
4 8
8 24
0 15
14 24
0 22
0 4
11 24
2 15
14 13
15 24
0 14
0 23
1 24
3 15
0 4
15 24
23 7
6 24
0 23
15 24
0 12
7 6
6 24
0 14
0 23
22 24
14 18
6 24
0 14
8 24
6 24
0 14
0 12
3 15
15 24
3 13
0 3
6 24
9 6
0 3
6 24
0 23
12 24
23 12
6 24
0 23
1 24
9 5
3 9
0 3
6 24
7 6
0 4
6 24
8 10
0 8
10 24
20 10
0 1
10 24
4 7
2 10
0 4
10 24
4 11
0 4
10 24
23 16
0 23
0 3
3 17
0 4
6 24
11 10
10 24
8 11
0 3
10 24
0 1
0 4
0 23
11 10
10 24
13 11
10 24
2 10
0 2
11 10
10 24
8 11
0 2
2 15
16 10
10 24
2 7
15 16
0 2
16 10
10 24
2 7
0 2
10 24
7 4
2 8
15 16
0 2
16 10
10 24
2 8
0 2
23 24
17 24
10 24
