0
360
0 29
0 9
22 29
4 20
6 29
21 29
0 8
21 17
5 29
12 18
2 1
4 23
26 3
4 8
20 29
21 14
3 29
27 13
0 25
0 11
19 13
19 27
16 13
10 8
22 27
13 8
16 27
6 13
12 15
6 27
6 14
12 10
8 29
7 13
12 13
7 11
12 11
20 23
26 11
2 11
0 6
19 10
1 11
19 18
23 13
9 27
1 10
24 27
25 9
5 11
1 28
19 20
9 13
10 29
25 4
22 14
22 25
3 18
28 27
15 4
18 13
9 11
4 11
24 20
18 27
21 25
12 28
25 11
15 20
2 6
1 3
12 14
2 24
19 14
5 3
2 5
24 28
20 27
7 16
9 26
9 16
21 3
2 18
25 16
23 5
11 29
14 3
3 20
7 5
16 6
19 23
26 6
9 18
12 21
22 21
8 14
22 17
1 17
8 23
24 23
23 18
19 24
0 19
18 6
12 8
23 18
0 12
18 6
22 1
23 18
17 23
0 22
18 6
23 18
17 23
0 22
18 6
12 8
0 12
18 6
0 22
18 6
0 12
18 6
19 9
0 19
18 6
22 15
0 22
23 18
0 19
18 6
22 10
0 22
23 7
19 23
0 19
22 15
0 22
8 14
12 8
3 20
0 12
22 10
0 22
19 23
0 19
11 29
0 12
11 29
18 6
12 21
3 20
0 12
19 9
0 19
11 29
26 6
19 9
0 19
11 29
23 7
19 23
0 19
11 29
21 3
12 21
3 20
0 12
19 24
0 19
2 5
20 27
3 20
14 3
20 27
3 20
0 19
24 28
14 3
20 27
3 20
0 12
22 1
20 27
3 20
0 22
11 29
20 27
22 15
0 22
11 29
0 12
0 12
25 11
12 21
11 29
0 12
2 18
2 24
20 27
24 4
2 24
11 29
19 9
0 19
11 29
2 18
4 11
22 15
11 29
0 22
12 28
0 12
1 3
22 1
18 13
0 22
25 11
11 29
0 22
18 13
0 22
4 11
22 25
11 29
0 22
22 10
0 22
19 9
0 19
20 27
0 19
22 1
28 27
0 22
2 5
11 29
9 13
22 25
0 22
2 24
22 1
10 29
0 22
25 9
22 25
0 22
19 23
0 19
18 13
0 19
22 1
11 29
0 22
0 19
10 29
11 29
11 29
6 26
0 6
11 29
23 13
0 6
11 29
0 12
16 7
6 16
0 6
11 29
0 12
16 7
6 16
0 6
12 8
0 12
10 29
0 12
14 8
8 29
0 6
0 6
15 8
8 29
0 12
0 6
6 16
0 6
6 13
8 29
0 6
0 22
12 10
8 29
0 12
13 8
6 16
8 29
0 6
0 19
13 8
8 29
0 19
11 29
8 29
25 8
9 27
13 8
25 9
0 25
8 29
25 21
0 25
21 3
3 29
25 21
14 3
0 25
0 6
25 4
0 25
8 29
3 29
25 9
9 26
0 25
23 20
25 4
20 29
0 25
22 2
3 29
1 3
25 22
0 25
4 15
15 12
18 3
3 29
25 4
0 25
11 5
0 11
17 1
3 29
1 3
25 21
0 25
8 29
25 21
0 25
0 6
8 4
20 29
0 8
25 22
0 25
9 27
22 29
27 22
