0
143
27 16
27 11
24 18
10 18
24 28
18 28
4 28
14 22
19 22
24 22
18 22
20 5
0 27
17 22
3 23
18 7
16 23
9 22
14 23
11 16
10 20
7 22
14 8
26 16
24 13
19 16
8 22
8 6
1 25
23 22
24 17
23 6
3 13
5 17
7 17
18 19
4 19
3 26
2 26
5 8
19 13
19 15
0 24
1 24
1 10
0 11
12 10
10 24
25 12
4 11
3 25
7 20
0 3
1 14
1 21
0 3
0 3
1 21
3 25
0 3
3 25
0 3
25 12
10 24
3 25
0 3
10 24
0 24
13 16
0 24
19 13
0 11
13 16
19 13
0 3
13 16
19 13
11 4
0 11
13 16
19 13
0 11
13 16
0 3
0 3
13 16
0 3
0 24
0 3
23 22
5 8
5 8
18 19
0 11
19 16
13 19
0 24
3 26
0 3
8 22
1 14
0 3
1 10
23 22
0 11
23 22
1 14
0 24
11 16
23 22
0 11
7 22
0 11
23 22
0 3
24 17
0 24
23 22
10 20
5 17
17 22
1 10
0 11
0 24
16 19
11 16
0 11
23 14
0 27
11 4
0 11
0 11
0 24
18 28
1 10
18 28
0 24
18 28
0 27
4 28
16 19
19 4
0 27
