0
310
0 24
0 14
6 24
17 13
19 3
23 24
17 6
14 13
13 24
4 24
0 10
0 22
17 10
0 15
8 10
17 5
23 21
0 7
21 10
0 17
0 19
18 22
0 20
5 1
16 3
18 2
4 23
1 20
0 16
4 20
2 24
23 10
18 5
0 12
9 13
0 8
9 3
9 16
21 3
4 11
21 22
13 3
0 9
4 5
3 24
3 10
0 4
0 5
21 15
23 15
23 22
0 23
3 22
2 22
10 24
21 5
11 24
1 22
1 8
21 7
0 21
11 20
18 12
11 15
15 24
0 1
13 5
13 7
15 22
3 7
17 20
18 14
3 14
18 1
16 5
2 7
20 24
0 18
22 24
6 5
11 14
2 12
3 8
13 1
11 5
11 7
6 16
6 7
13 4
15 7
0 2
6 9
13 23
11 16
6 12
0 13
6 8
17 8
6 14
6 4
4 8
8 24
0 6
14 24
0 6
11 17
8 24
0 11
8 24
0 6
8 24
13 8
12 24
0 6
0 11
16 24
23 7
0 13
7 24
9 5
5 24
0 6
8 24
2 8
2 15
0 2
7 24
4 8
0 13
8 24
7 24
0 6
0 6
16 24
7 24
0 11
5 24
0 11
0 13
1 24
8 24
0 2
12 24
14 24
0 11
5 24
0 6
0 13
13 22
18 24
0 13
13 20
0 2
7 24
18 16
0 18
5 24
0 18
1 24
14 24
0 18
14 24
18 17
20 24
0 18
7 24
22 24
2 15
0 2
0 13
7 24
0 13
5 24
1 24
2 15
0 2
15 24
0 11
0 18
12 24
20 24
0 11
21 24
0 21
7 24
8 24
0 1
22 24
0 1
0 11
0 21
5 24
18 10
0 18
22 24
0 2
22 24
23 20
20 24
22 24
0 23
0 23
15 24
0 21
15 24
5 24
4 15
15 24
10 24
0 4
5 24
9 15
15 24
4 13
0 4
3 24
22 24
0 21
11 10
0 4
10 24
3 24
0 21
10 24
0 9
16 10
0 9
3 24
8 24
13 3
0 9
3 24
12 24
12 18
0 12
5 24
10 24
0 23
0 2
0 4
20 24
10 24
16 10
12 18
18 1
0 12
20 24
23 10
0 4
10 24
12 18
0 12
2 24
0 16
3 24
16 5
1 20
0 16
20 24
20 24
12 18
0 12
22 24
19 22
22 24
17 20
20 24
12 21
0 12
10 24
7 24
4 23
21 10
0 4
10 24
5 1
1 20
0 17
20 24
17 8
0 17
10 24
15 24
0 17
10 24
22 24
10 24
0 4
9 13
0 9
3 14
13 24
0 22
22 3
6 9
13 24
9 13
0 17
4 23
0 4
14 13
3 14
13 24
0 19
13 24
0 17
17 6
0 17
14 13
13 24
