0
320
14 29
0 29
22 26
16 29
28 1
0 10
26 29
0 28
16 10
16 22
5 11
5 20
0 16
1 10
5 26
7 29
0 5
18 22
19 28
19 16
19 17
21 29
19 25
1 29
7 20
22 10
20 29
14 18
27 29
15 29
27 11
0 19
3 17
14 5
10 29
3 24
17 11
11 29
0 3
9 25
7 13
1 23
14 24
13 29
12 25
10 18
9 23
7 2
23 18
18 29
14 17
13 2
14 22
7 3
0 12
5 3
0 7
1 5
6 3
14 23
0 17
20 23
1 17
11 28
13 16
0 1
0 14
13 19
4 9
15 12
15 2
27 28
16 17
15 17
5 2
6 9
27 8
20 19
13 28
13 21
0 4
27 4
15 8
27 22
13 9
0 27
26 3
24 17
24 29
15 16
6 8
21 19
26 28
13 4
0 6
24 23
2 29
20 3
20 6
11 12
12 29
0 11
0 20
6 29
0 20
3 29
0 2
23 29
0 24
6 29
0 13
4 29
28 29
0 26
19 29
0 21
0 6
8 29
16 28
0 15
28 29
0 24
17 29
0 24
0 26
3 29
27 3
3 29
0 13
9 29
0 27
22 29
0 15
8 29
0 27
4 29
4 29
21 19
0 13
19 29
28 29
0 13
0 20
19 29
0 27
8 29
0 6
9 29
27 5
0 27
2 29
0 15
17 29
15 16
0 15
17 29
0 27
28 29
0 15
2 29
0 15
12 29
0 4
9 29
0 13
19 29
14 3
3 29
1 19
19 29
16 17
0 13
17 29
28 29
0 11
0 1
17 29
0 20
23 29
17 29
0 14
23 29
1 6
0 1
3 29
5 2
0 1
2 29
7 19
19 29
1 5
0 1
3 29
12 29
0 7
3 29
0 14
22 29
0 13
2 29
0 14
17 29
0 7
7 18
14 23
18 29
0 14
0 7
2 29
7 9
23 18
18 29
0 7
18 29
7 10
0 7
25 18
18 29
0 12
0 13
24 18
18 29
0 14
23 18
18 29
0 1
0 7
13 29
25 18
7 9
18 29
0 7
3 29
0 11
14 17
11 29
0 14
24 17
17 11
11 29
0 3
7 10
0 7
10 29
5 10
0 14
17 11
11 29
0 3
19 29
11 29
0 27
0 15
0 27
18 29
0 14
0 20
14 22
10 29
0 14
20 29
0 7
0 1
9 23
25 9
23 20
20 29
0 19
0 19
19 21
17 11
0 19
11 29
16 15
15 29
0 19
28 11
0 19
11 29
19 25
22 10
25 18
0 19
10 29
10 29
5 10
0 7
26 20
0 5
20 29
0 5
5 1
10 29
16 15
15 29
0 5
20 29
0 5
11 29
22 10
0 16
10 29
0 16
10 29
28 11
11 29
5 26
0 5
10 29
0 28
1 10
10 29
0 16
28 1
10 22
0 28
1 10
26 29
5 14
0 5
