0
325
6 27
0 27
3 23
5 23
18 15
26 17
3 9
8 17
25 17
12 16
23 27
0 18
21 5
6 26
11 9
3 10
0 6
25 13
0 21
2 20
13 27
17 27
14 27
22 18
16 5
9 27
16 19
22 5
2 5
20 27
16 24
13 5
7 5
2 1
25 5
17 5
13 24
21 19
26 19
7 24
3 8
10 5
2 16
19 27
0 2
22 8
0 15
22 21
3 5
0 22
17 1
14 21
25 21
14 15
10 1
12 1
0 16
9 18
17 21
11 21
17 11
13 16
5 27
3 15
25 11
0 24
4 11
0 25
9 21
14 7
13 10
0 3
6 15
11 1
9 10
0 13
1 27
9 16
12 22
9 26
12 3
23 15
12 8
23 21
17 3
14 26
17 2
12 6
17 10
0 12
17 15
17 24
0 11
20 16
7 21
8 27
0 14
10 27
9 2
17 13
13 21
0 17
21 27
0 9
2 27
0 10
14 16
16 27
0 8
21 27
0 7
16 27
0 20
11 27
0 17
24 27
0 17
15 27
12 27
0 17
10 27
6 22
0 12
22 27
0 17
2 27
0 14
26 27
0 17
3 27
21 27
0 23
0 12
8 27
15 27
0 23
0 12
3 27
0 9
26 27
0 12
22 27
0 9
16 27
0 1
13 21
21 27
0 9
10 27
1 27
0 11
13 6
0 13
15 27
3 27
0 13
10 27
7 21
0 14
21 27
21 27
0 9
25 27
12 4
11 1
1 27
0 12
24 27
11 1
1 27
0 25
0 3
15 27
0 5
0 13
16 27
11 1
1 27
0 17
17 11
0 17
21 27
0 17
21 27
18 5
5 27
0 9
16 27
1 27
0 12
13 10
0 13
1 27
0 14
15 27
0 25
21 27
0 14
21 27
1 27
0 17
22 27
5 27
0 3
0 22
21 27
15 27
8 5
5 27
0 22
2 27
2 19
0 2
0 2
16 27
13 10
5 27
0 13
8 5
5 27
0 3
14 7
24 10
10 5
5 27
0 14
2 26
19 27
0 2
22 21
19 27
0 22
24 10
10 5
5 27
0 13
5 27
0 17
5 27
0 25
0 2
1 27
14 7
5 27
0 14
5 27
0 13
7 5
24 7
2 16
5 27
0 2
0 20
5 27
0 2
5 27
0 22
2 16
19 27
0 2
0 9
2 16
5 27
0 2
18 9
9 27
0 22
0 14
0 17
0 13
20 27
0 2
21 9
9 27
21 25
0 21
13 27
6 13
13 27
6 3
10 9
0 6
9 27
21 11
0 21
9 27
0 6
26 9
9 27
0 21
5 27
18 9
9 27
0 6
15 23
6 15
2 20
6 12
16 2
0 6
20 27
21 5
5 25
0 21
17 27
3 8
6 3
0 6
17 27
6 3
0 6
9 27
6 26
0 6
17 27
23 27
15 23
0 18
21 5
23 27
0 21
6 3
23 27
0 6
0 6
