0
234
0 29
0 1
0 2
0 6
0 7
0 10
0 11
0 14
0 16
0 17
0 18
0 21
0 22
0 23
0 24
0 26
0 27
0 3
0 8
0 9
0 12
0 13
0 15
0 19
4 29
5 29
20 29
25 29
28 29
4 1
4 6
4 7
4 10
4 11
4 14
4 16
4 17
4 22
4 23
4 26
4 27
5 1
5 2
5 6
5 7
5 10
5 14
5 16
5 17
5 18
5 21
5 22
5 24
5 26
5 27
20 2
20 6
20 7
20 10
20 14
20 16
20 17
20 21
20 22
20 24
20 27
25 1
25 2
25 14
25 16
25 17
25 21
25 22
25 23
25 24
25 26
25 27
28 1
28 2
28 6
28 7
28 10
28 11
28 16
28 17
28 18
28 21
28 22
28 23
28 26
26 29
0 28
23 29
0 28
22 29
0 28
21 29
0 28
18 29
0 28
17 29
0 28
16 29
0 28
11 29
0 28
10 29
0 28
7 29
0 28
6 29
0 28
2 29
0 28
1 29
0 28
27 29
0 25
26 29
0 25
24 29
0 25
23 29
0 25
22 29
0 25
21 29
0 25
17 29
0 25
16 29
0 25
14 29
0 25
2 29
0 25
1 29
0 25
27 29
0 20
24 29
0 20
22 29
0 20
21 29
0 20
17 29
0 20
16 29
0 20
14 29
0 20
10 29
0 20
7 29
0 20
6 29
0 20
2 29
0 20
27 29
0 5
26 29
0 5
24 29
0 5
22 29
0 5
21 29
0 5
18 29
0 5
17 29
0 5
16 29
0 5
14 29
0 5
10 29
0 5
7 29
0 5
6 29
0 5
2 29
0 5
1 29
0 5
27 29
26 29
23 29
22 29
17 29
16 29
14 29
11 29
10 29
7 29
6 29
1 29
0 28
0 25
0 20
0 5
19 1
1 29
15 1
1 29
13 2
2 29
12 1
1 29
9 1
1 29
8 2
2 29
3 2
2 29
27 29
26 29
24 29
23 29
22 29
21 29
18 29
17 29
16 29
14 29
11 29
10 29
7 29
6 29
2 29
1 29
