0
392
0 12
0 13
17 3
19 24
8 15
27 29
6 29
27 12
20 7
22 29
0 8
7 13
17 19
18 26
1 29
7 29
26 29
27 25
7 25
26 24
24 29
0 9
11 25
7 14
7 10
18 14
17 15
23 10
17 28
1 13
10 29
25 29
27 3
5 13
21 13
27 19
1 14
23 14
7 6
9 14
22 14
28 15
11 15
7 21
18 19
2 19
15 14
12 13
22 19
1 21
23 15
3 14
28 21
12 14
6 14
16 21
23 25
1 2
23 24
19 14
7 1
9 21
10 15
2 21
23 1
18 20
3 20
12 25
3 21
28 8
10 5
0 27
17 26
6 5
28 10
0 17
16 8
9 8
24 15
1 20
12 22
7 28
23 27
2 5
7 17
27 10
3 6
23 12
12 4
9 18
8 21
24 4
27 11
8 20
26 10
22 10
11 10
11 4
1 4
9 2
2 4
13 29
0 7
4 20
7 9
20 13
16 1
7 16
13 29
0 7
4 20
20 13
7 16
13 29
0 7
4 20
20 13
7 16
13 29
0 7
10 20
20 13
9 22
13 29
0 7
10 20
7 9
20 13
3 26
13 29
10 20
20 13
3 26
26 8
13 29
20 13
11 10
13 29
0 7
10 20
20 13
3 24
13 29
4 20
20 13
3 26
26 8
5 20
13 29
0 7
7 9
20 13
13 29
0 7
4 20
20 13
12 4
13 29
4 20
20 13
8 21
6 8
13 29
0 7
10 20
20 13
13 29
0 7
10 20
17 10
20 13
5 20
9 2
13 29
0 7
7 9
20 13
27 10
13 29
10 20
20 13
8 21
28 6
6 8
0 7
22 10
23 12
13 29
10 20
20 13
16 1
7 16
13 29
0 7
20 13
3 24
13 29
8 21
0 7
7 9
8 21
7 16
0 7
13 29
10 20
17 10
20 13
7 28
13 29
0 7
10 20
20 13
5 20
0 17
13 29
17 6
20 13
8 21
26 8
0 17
27 10
13 29
10 20
20 13
5 20
0 27
27 10
13 29
20 13
7 28
8 21
0 7
23 12
13 29
13 29
20 13
0 17
13 29
20 13
1 20
13 29
20 13
26 2
17 26
0 17
0 27
27 10
13 29
0 27
1 20
13 29
0 7
20 13
0 27
10 19
27 10
24 15
13 29
7 1
2 21
0 7
13 29
7 16
0 7
0 17
17 6
23 12
7 28
0 7
13 29
7 1
0 7
19 14
17 26
0 17
23 12
13 29
23 15
1 2
7 1
19 14
0 7
19 14
0 17
0 7
27 11
15 14
0 27
7 28
15 14
0 7
17 26
0 17
0 27
6 14
0 7
7 1
0 7
19 14
0 27
7 21
13 29
0 7
6 5
7 6
13 29
0 7
3 14
0 27
23 25
0 27
27 10
7 1
13 29
0 7
28 10
10 29
0 17
10 29
15 28
28 10
10 29
0 17
19 18
27 19
0 27
10 29
0 7
0 7
17 15
15 11
25 29
0 17
9 14
23 24
24 29
17 26
0 17
25 29
0 7
25 29
0 27
17 26
0 17
0 7
7 1
0 7
26 29
0 9
9 18
19 18
18 26
26 29
0 17
13 1
1 29
0 7
26 29
8 26
0 8
19 22
8 19
7 13
13 1
0 8
1 29
8 20
12 22
22 29
0 27
0 8
8 6
0 27
17 19
22 29
15 17
0 8
19 22
8 15
17 19
15 17
0 8
24 29
8 15
27 29
15 17
0 8
3 27
13 1
1 29
12 27
27 29
