0
243
0 29
3 16
6 28
0 4
0 14
0 3
11 18
21 28
13 26
0 9
18 26
6 8
19 20
2 22
2 12
18 27
12 22
17 24
1 8
17 12
0 5
11 6
2 7
10 14
12 13
2 9
26 28
24 27
0 19
18 25
23 6
12 9
8 27
15 4
12 3
24 10
18 16
14 25
23 12
27 28
6 1
20 4
24 7
21 16
8 16
9 10
3 10
9 22
15 20
0 11
6 21
15 26
15 24
3 20
6 5
5 12
15 14
21 20
18 5
25 28
0 2
0 17
18 15
22 10
25 10
25 4
7 10
4 10
22 16
26 27
26 12
26 27
22 16
26 27
22 16
26 27
4 10
26 27
26 27
26 27
22 10
26 27
22 10
26 27
22 10
26 27
0 2
26 27
25 28
25 28
0 2
21 20
25 28
0 2
18 5
25 28
5 12
25 28
0 2
25 28
0 2
25 28
0 2
25 28
0 2
26 27
21 20
25 28
0 2
25 28
25 28
0 2
15 20
25 28
0 2
20 3
15 20
10 25
25 28
0 2
15 20
10 25
25 28
0 2
25 28
0 2
6 21
25 28
0 2
7 10
0 11
10 25
25 28
4 25
15 20
25 28
0 2
10 25
25 28
0 2
15 20
0 2
27 28
15 14
25 28
0 2
25 28
0 11
10 25
25 28
3 20
23 12
27 28
4 25
25 28
0 2
27 28
0 2
9 22
23 12
27 28
14 25
25 28
25 28
10 25
25 28
0 11
27 28
23 12
12 26
9 22
27 28
0 2
23 12
14 25
0 19
25 28
7 24
24 27
27 28
0 2
26 28
6 21
0 11
24 27
27 28
12 13
0 17
6 1
8 27
11 6
0 11
27 28
24 27
27 28
0 17
17 12
27 28
0 17
0 5
27 28
5 18
12 22
27 28
0 2
27 28
0 2
0 19
27 28
8 27
11 6
0 11
27 28
26 28
0 5
5 18
9 22
27 28
0 9
9 12
12 13
26 28
11 6
6 21
0 11
18 26
26 28
0 11
13 26
3 12
12 13
26 28
14 25
25 28
4 20
21 28
20 21
11 6
0 11
6 28
8 6
0 3
16 8
