0
329
12 25
14 6
0 24
18 6
0 4
22 5
27 25
2 24
2 20
23 25
25 29
15 24
28 14
0 29
28 17
28 5
6 29
3 20
0 22
3 24
0 28
2 17
0 2
20 29
7 29
17 3
0 26
7 24
21 29
4 24
25 19
7 3
1 24
14 24
16 19
20 4
12 24
16 10
3 29
24 29
16 26
15 22
18 4
16 18
20 5
17 27
17 26
28 26
6 28
21 4
6 27
9 22
1 4
22 4
4 29
18 29
20 28
16 27
0 17
21 27
2 26
2 28
25 28
22 27
2 10
0 15
6 11
25 8
0 19
0 8
12 27
0 16
26 29
14 27
14 13
27 29
12 29
14 29
6 2
23 28
6 19
13 29
7 17
7 8
7 11
0 6
0 9
25 2
25 10
25 16
11 29
7 16
13 24
12 28
3 19
14 1
7 5
0 20
7 2
11 28
28 29
0 11
0 7
2 29
20 8
8 29
0 7
5 29
0 14
1 29
0 25
25 3
19 29
28 29
0 12
24 28
28 29
0 13
0 7
16 29
0 11
0 25
16 29
0 25
10 29
0 25
2 29
9 29
6 17
17 29
0 7
11 29
0 7
8 29
0 7
17 29
0 13
0 6
19 29
9 23
28 29
0 9
0 6
2 29
0 14
0 12
0 27
13 29
0 14
27 29
0 14
0 25
25 26
16 29
27 29
0 12
8 29
19 29
0 25
8 29
0 6
11 29
15 29
10 27
6 2
0 6
27 29
16 22
27 29
0 16
0 25
28 29
6 2
0 6
28 29
6 2
26 29
0 6
6 21
0 6
27 29
17 29
27 29
0 16
0 20
28 29
25 18
0 25
9 4
0 9
16 22
4 29
0 16
4 29
15 1
0 15
22 4
4 29
0 9
0 6
27 29
6 21
4 29
0 6
0 6
28 29
6 28
26 29
0 6
26 29
0 17
0 17
27 29
5 18
18 29
0 20
18 29
0 16
16 18
4 29
0 16
22 4
4 29
0 15
26 29
0 16
28 24
6 28
0 6
6 3
0 6
13 24
24 29
10 13
0 16
27 12
24 29
17 27
0 17
4 29
0 20
19 3
3 29
0 16
24 29
17 14
0 17
4 1
20 4
24 29
0 20
3 29
0 7
19 3
3 29
0 25
20 4
24 29
0 20
6 21
0 6
24 29
0 7
26 29
3 29
0 17
0 7
0 20
2 3
3 29
17 3
0 2
3 29
24 29
28 24
2 17
17 3
0 2
24 29
4 24
24 29
22 4
2 17
17 3
0 2
20 29
0 2
2 6
5 20
20 29
0 28
3 20
17 3
20 29
0 28
14 24
0 28
24 29
0 22
22 15
24 29
0 22
22 8
8 25
25 29
0 28
28 23
0 2
20 29
0 2
24 29
25 29
0 22
22 27
0 22
5 20
20 29
4 24
24 29
0 4
4 18
6 29
24 29
0 24
24 14
6 29
0 24
25 29
24 12
