0
314
0 1
1 29
18 21
0 3
13 21
16 12
16 14
0 10
0 27
28 15
0 16
0 15
7 14
12 21
28 24
2 27
2 25
0 22
12 3
0 29
6 3
5 15
13 22
0 7
0 13
0 28
2 22
2 4
12 27
23 14
0 9
11 10
8 3
3 29
8 15
21 29
4 9
18 10
2 19
10 22
16 15
23 17
19 29
4 1
24 22
11 16
5 10
1 9
4 27
11 1
12 9
11 9
0 2
0 23
18 25
10 15
0 11
0 12
24 9
17 22
19 27
18 27
17 20
10 16
14 29
0 4
0 5
6 25
22 29
18 9
6 29
19 25
25 29
26 15
6 27
20 27
19 23
6 15
18 23
6 21
19 13
17 9
24 10
20 29
24 27
19 11
0 18
17 10
6 13
17 29
21 27
20 16
22 27
26 13
9 29
17 13
20 13
6 8
14 13
21 16
16 29
0 21
13 29
0 14
0 6
8 29
13 29
0 20
13 29
0 17
0 19
19 9
13 29
0 26
27 29
19 22
0 19
16 29
0 20
27 29
0 21
0 17
13 29
0 6
10 29
0 17
18 29
0 19
11 29
27 29
0 24
0 20
10 29
0 24
9 29
0 17
13 29
0 19
21 27
27 29
0 6
0 18
23 29
15 29
0 6
0 19
23 29
27 29
0 20
27 29
0 6
15 29
0 26
0 25
25 29
0 19
0 6
9 29
0 18
19 22
0 19
25 29
0 6
5 29
4 29
0 14
4 10
0 4
16 29
20 22
4 17
22 29
0 4
27 29
0 18
27 29
0 19
4 17
22 29
0 4
4 24
0 4
9 29
12 29
11 29
4 10
15 29
0 4
25 29
0 18
23 29
2 16
16 29
0 11
9 29
0 12
9 29
1 14
14 29
0 11
27 29
0 4
11 1
0 11
9 29
10 15
15 29
0 5
0 11
16 29
4 24
22 29
0 4
1 9
0 4
9 29
0 19
17 22
22 29
0 23
11 16
15 29
0 11
5 10
22 29
0 5
0 2
19 29
10 22
22 29
0 18
0 4
9 29
0 2
2 21
2 8
0 2
15 29
4 3
0 4
3 29
2 8
0 2
10 3
3 29
0 11
9 29
14 29
0 23
0 12
27 29
3 29
0 2
4 3
0 2
22 29
21 29
28 21
13 29
20 21
21 29
7 20
0 13
22 29
0 7
7 5
15 29
0 7
17 6
7 17
3 29
3 29
0 12
22 29
6 3
25 6
3 29
0 2
0 2
27 29
24 22
0 28
22 29
21 29
0 12
0 7
14 29
15 29
16 21
21 29
0 28
15 29
27 29
10 3
3 29
10 16
0 10
14 29
10 16
12 21
0 10
21 29
22 13
10 22
0 10
21 29
3 29
10 18
0 10
21 29
0 10
10 11
11 1
1 29
