17
10
5
2
13
25
20
27
27
27
27
25
25
25
13
2
27
2
87
8 9
28 27
2 4
6 7
9 29
12 13
14 16
20 21
16 18
15 17
22 24
21 23
27 29
17 19
26 27
17 19
27 29
26 27
17 19
27 29
26 27
17 19
22 24
27 29
26 27
17 19
20 22
15 17
18 20
22 24
27 29
26 27
25 27
20 22
24 25
15 17
18 20
22 24
27 29
25 27
20 22
24 25
18 20
22 24
27 29
16 18
23 25
25 27
21 23
18 20
27 29
20 21
16 18
23 25
25 27
21 23
18 20
27 29
11 13
13 29
13 29
9 29
0 2
6 7
2 3
9 29
5 7
0 2
3 5
2 3
9 29
5 7
0 2
4 5
9 29
10 28
2 4
0 2
8 10
10 28
2 4
0 2
27 29
8 10
2 4
0 2
9 29
