27
4
7
10
19
3
22
25
26
15
14
17
5
2
12
27
24
8
18
28
16
11
21
20
23
6
13
9
89
0 29
0 9
9 29
13 29
0 13
6 29
0 6
23 29
0 23
20 29
0 20
0 21
21 29
0 11
11 29
21 16
0 21
16 29
28 16
0 28
16 29
0 18
18 29
0 8
8 29
18 24
24 29
0 18
27 21
0 27
21 16
16 29
0 27
27 12
12 24
24 29
2 16
27 21
21 2
0 27
16 29
20 18
5 20
18 24
0 27
27 5
24 29
27 17
17 16
0 27
16 29
9 14
27 21
21 9
0 27
14 29
20 18
5 20
18 24
15 5
0 15
24 29
0 26
26 18
18 24
24 29
26 5
0 26
25 29
5 25
0 26
26 18
24 22
18 24
22 29
0 26
3 22
26 3
22 29
19 29
0 19
10 29
0 10
14 10
7 14
10 29
0 7
0 4
4 29
