28
17
22
5
26
15
6
19
10
18
27
11
20
2
12
13
1
24
16
28
4
8
21
3
25
23
14
9
21
93
0 29
21 25
9 29
0 9
0 14
14 29
0 23
23 29
25 29
0 25
3 29
0 3
0 21
21 29
25 29
0 21
8 29
0 8
4 29
0 4
28 4
23 28
4 29
0 23
16 4
4 29
0 16
24 29
0 24
1 29
0 1
16 24
13 16
24 29
0 13
1 29
12 7
14 1
13 12
7 14
0 13
24 29
2 24
0 2
1 29
20 14
14 1
13 9
9 20
0 13
11 29
0 11
27 1
1 29
0 27
27 1
1 29
18 27
2 18
0 2
2 10
1 29
10 14
14 1
0 2
1 29
19 1
0 19
6 29
0 6
15 24
24 29
0 15
26 21
27 1
1 29
15 26
21 27
0 15
3 23
1 29
10 14
14 1
23 10
5 3
0 5
1 29
10 14
14 1
22 10
0 22
17 29
0 17
