0
253
16 29
17 23
1 29
0 15
0 21
23 29
0 16
0 27
6 20
26 10
14 10
9 20
10 29
0 6
16 9
0 1
8 15
18 9
17 27
28 19
23 9
12 15
23 8
3 6
3 26
15 29
23 10
23 22
27 29
7 1
4 22
13 22
24 1
4 16
22 9
16 1
16 14
17 21
21 14
5 2
13 6
2 25
12 19
0 28
11 20
0 18
14 1
7 10
4 13
23 24
12 13
11 12
4 24
7 3
26 21
1 9
0 11
23 3
7 4
14 27
26 24
6 27
19 5
20 10
0 7
26 11
8 27
24 17
24 13
5 27
21 12
20 2
14 19
15 6
15 24
2 13
18 16
18 12
17 22
3 28
8 5
8 21
8 5
8 5
8 5
8 5
18 16
18 16
8 5
2 13
18 16
2 13
18 16
2 13
18 16
15 6
15 24
8 5
5 27
15 24
15 24
18 16
15 24
18 16
26 11
18 16
0 7
5 27
0 7
14 19
0 7
15 6
8 27
0 7
0 7
0 7
18 16
3 28
18 16
0 7
15 6
1 9
0 7
12 21
1 9
0 7
7 4
1 9
24 15
0 7
15 6
12 21
1 9
0 11
11 12
1 9
0 11
1 9
24 15
15 6
7 4
1 9
0 7
0 7
1 9
0 7
18 16
14 1
1 9
0 11
18 12
14 1
1 9
0 18
19 14
11 20
20 2
0 11
1 9
0 18
12 19
2 25
19 5
18 12
0 18
18 12
14 1
12 21
1 9
0 18
21 14
14 1
1 9
0 18
0 28
14 1
1 9
0 28
1 9
17 22
0 18
16 1
1 9
0 18
23 24
1 9
22 9
0 18
22 9
0 18
1 9
0 7
7 10
0 7
22 9
27 29
23 24
24 15
7 3
15 29
0 7
7 3
27 29
6 27
0 7
27 29
8 27
18 12
15 29
0 18
19 12
12 15
0 28
15 29
27 29
0 18
0 18
23 8
15 29
1 9
0 1
1 16
27 29
6 27
23 10
16 9
20 10
10 29
0 1
1 16
10 29
0 1
1 14
3 26
6 3
10 29
0 6
20 10
10 29
0 6
27 29
14 10
16 14
10 29
14 10
10 29
21 14
15 29
0 1
0 21
23 29
21 17
0 16
