0
385
2 5
21 23
0 21
17 28
6 11
15 22
0 20
17 1
11 29
3 5
13 29
14 7
26 7
0 17
4 22
18 2
18 8
27 11
23 2
6 7
19 14
11 22
6 14
0 18
6 1
0 29
2 22
23 8
14 29
7 29
12 13
22 8
2 26
16 9
13 26
8 29
5 29
23 12
19 18
0 10
16 27
1 29
19 28
14 26
19 21
4 10
18 29
23 11
1 26
0 4
26 29
13 21
19 24
0 16
17 9
15 9
23 6
22 28
9 29
15 29
17 21
18 28
13 8
9 28
3 10
24 10
0 23
11 21
15 1
24 27
12 28
6 29
27 29
6 10
9 21
11 28
27 21
11 16
7 25
15 8
24 12
24 14
27 4
7 22
28 29
24 7
10 29
1 20
0 24
19 16
21 29
0 15
7 3
25 20
2 3
9 22
22 29
22 20
14 3
7 12
12 8
8 4
4 29
0 7
17 14
11 17
0 11
3 29
20 29
0 22
0 22
0 9
22 29
7 2
0 7
3 29
11 17
17 25
20 29
0 11
0 7
3 29
15 20
20 29
26 21
15 26
0 15
6 19
16 21
21 29
0 6
24 29
24 1
0 24
20 29
0 15
15 10
21 29
0 24
7 21
0 15
15 28
22 25
25 10
24 7
0 24
10 29
4 21
21 29
0 27
28 29
0 24
14 28
12 10
0 24
10 29
8 4
4 21
21 29
0 15
25 10
24 7
0 24
10 29
16 21
21 29
0 11
21 29
0 27
28 29
0 11
21 29
0 9
10 29
0 6
0 27
0 6
24 12
28 29
0 24
0 24
27 29
1 12
12 28
28 29
0 15
21 29
0 11
23 10
10 29
0 24
10 29
14 3
23 14
0 23
10 29
28 29
0 9
8 12
23 13
12 28
0 23
28 29
0 23
23 18
28 29
14 17
23 14
0 23
21 29
0 15
0 9
28 9
0 23
9 29
23 22
0 23
6 29
9 29
0 15
23 6
6 17
0 23
9 29
16 21
21 29
16 19
0 16
24 9
9 29
23 13
0 23
21 29
0 23
23 26
4 21
21 29
26 29
0 23
23 1
17 9
11 17
0 23
9 29
0 23
23 18
0 4
10 29
16 19
0 16
21 29
26 29
23 14
0 23
28 9
16 19
0 16
9 29
0 23
23 1
1 29
0 16
27 1
10 29
16 19
0 16
18 29
1 29
12 1
0 23
0 16
16 5
0 4
4 8
26 29
23 13
0 23
0 16
9 29
3 2
0 10
10 3
26 29
28 22
19 28
16 19
8 29
0 16
13 26
23 12
26 29
0 23
23 12
12 7
0 23
0 10
10 3
3 14
8 29
0 23
22 7
7 29
3 2
0 10
10 3
1 29
0 10
10 6
18 29
14 29
0 10
10 6
23 11
22 7
7 29
0 23
16 19
14 29
0 16
7 29
0 10
10 6
2 22
22 7
7 29
0 23
11 22
16 27
22 7
7 29
0 16
8 29
0 18
2 22
22 7
7 29
0 18
22 7
7 29
0 4
14 29
17 14
13 26
0 17
7 29
21 13
17 21
0 17
7 29
17 14
0 17
21 13
17 21
5 29
0 10
10 3
0 17
17 11
0 17
1 29
22 11
11 29
20 22
22 11
11 29
1 15
17 1
0 17
11 29
1 6
17 1
0 17
22 11
11 29
28 22
0 17
13 29
21 13
0 21
11 29
23 11
21 23
0 21
5 29
23 2
