0
386
0 28
0 27
17 7
12 23
26 27
2 28
26 22
4 27
12 19
8 7
8 24
10 3
3 14
1 27
5 15
14 7
21 20
0 26
23 22
4 5
10 11
22 28
23 7
0 12
8 11
9 3
16 11
0 17
4 25
1 25
0 4
10 26
6 15
1 18
23 14
21 25
23 24
15 20
6 11
14 20
1 21
10 17
6 20
5 26
10 23
27 28
7 28
13 11
1 5
2 17
9 23
24 11
9 17
9 8
19 18
12 11
3 11
14 26
0 10
1 16
3 26
20 28
4 11
22 18
23 18
4 18
25 26
5 18
0 1
4 13
2 10
25 13
8 17
17 18
9 21
14 13
9 15
13 26
25 24
25 12
25 27
3 12
2 1
4 12
9 10
25 14
19 27
4 14
16 24
19 14
5 14
13 12
16 14
20 24
11 28
20 12
2 4
18 28
6 10
25 5
6 1
5 6
0 2
2 25
25 5
5 6
0 2
10 12
2 25
16 15
0 2
2 25
15 27
25 16
18 28
16 15
0 2
15 27
4 16
2 4
4 19
0 2
19 20
2 4
16 15
0 2
15 27
4 16
2 4
4 19
0 2
19 20
14 27
11 28
2 4
0 2
4 16
25 5
5 13
0 2
2 25
25 5
14 27
11 28
0 2
2 25
14 27
11 28
2 4
4 19
0 2
2 4
0 2
4 16
14 27
11 28
2 4
0 2
11 28
2 4
4 19
0 2
14 27
11 28
0 2
2 25
10 12
2 4
0 2
0 2
0 2
2 3
11 28
0 2
2 25
0 2
2 25
0 2
2 25
10 13
9 10
11 28
15 27
9 15
13 26
13 26
23 17
18 28
0 2
4 8
17 18
2 4
18 28
0 2
13 26
0 2
2 25
13 26
10 13
0 2
13 26
2 4
0 2
1 6
0 1
6 5
18 28
0 2
2 25
2 4
18 28
0 2
18 28
0 2
6 22
1 6
0 1
18 28
11 28
2 4
0 2
0 1
12 20
0 2
2 3
20 28
0 1
20 28
12 20
10 12
0 10
11 28
0 2
2 3
0 10
11 28
10 12
14 19
0 10
18 28
8 17
17 18
18 28
17 18
18 28
16 24
1 16
0 1
11 28
23 18
18 28
17 18
18 28
0 2
5 18
0 1
18 28
0 10
10 13
11 28
0 10
10 6
0 10
14 27
23 18
0 10
18 28
1 5
0 1
0 10
10 6
20 28
17 18
0 10
18 28
27 28
0 1
0 10
20 28
0 10
10 6
11 28
9 15
20 28
24 11
10 23
0 10
11 28
1 21
27 28
25 27
0 1
14 20
10 23
0 10
20 28
0 1
18 28
15 20
0 10
10 6
20 28
0 10
4 11
11 28
27 28
25 27
0 1
27 28
0 4
25 27
17 18
18 28
0 17
11 28
3 11
17 9
0 17
11 28
17 8
0 17
11 28
12 11
11 28
9 23
17 9
7 28
0 17
0 17
18 22
17 18
0 10
11 28
22 28
0 4
22 28
9 23
17 9
0 17
25 21
12 25
0 12
20 28
7 28
26 14
0 26
15 20
4 5
0 4
20 28
27 28
0 1
14 7
26 3
7 28
0 26
3 14
14 7
7 28
0 10
24 23
23 22
22 28
17 8
0 17
17 8
7 28
0 17
14 7
19 14
7 28
0 12
27 28
0 4
22 28
0 26
17 2
0 17
27 28
0 26
23 22
22 28
0 12
7 28
0 17
27 28
