0
140
3 21
0 11
24 29
27 6
5 26
8 11
6 26
4 17
27 16
5 1
0 13
11 26
27 4
0 3
27 20
28 20
17 26
1 26
27 21
11 15
1 10
11 10
27 24
2 24
25 20
7 15
19 20
27 5
7 20
23 20
22 25
1 19
21 10
6 8
23 17
2 11
20 16
21 28
9 10
9 25
7 21
3 8
13 12
13 5
17 28
0 27
8 28
14 28
8 28
0 27
17 28
0 27
0 27
0 27
8 28
0 27
8 28
7 21
0 27
8 28
7 21
0 27
8 28
9 10
7 21
0 27
0 27
20 16
2 11
20 16
20 16
0 27
7 21
2 11
9 10
0 27
25 9
9 10
0 27
2 11
20 16
2 11
20 16
5 13
20 16
0 27
1 19
20 16
0 27
2 11
22 25
20 16
0 27
0 27
2 11
0 27
2 11
21 10
0 27
0 27
27 5
0 27
21 28
27 21
20 16
0 27
20 16
0 27
3 8
20 16
25 20
20 16
0 27
2 11
17 26
13 5
0 13
13 5
1 26
0 27
27 4
17 26
0 27
0 3
3 8
8 6
0 3
3 8
11 26
0 13
13 5
6 26
0 27
27 24
0 27
11 26
24 29
0 3
21 27
27 24
