0
195
0 20
1 20
4 8
8 13
4 9
12 20
4 10
1 17
16 13
4 3
10 11
15 13
9 5
11 20
4 17
7 5
13 20
5 16
14 16
18 14
1 7
6 7
11 16
1 4
9 7
19 14
9 12
6 4
18 12
1 8
1 6
2 8
19 12
1 2
10 7
3 7
9 8
3 6
3 2
1 9
19 11
18 11
8 7
4 7
8 6
18 13
10 2
6 15
5 2
13 17
1 19
3 9
10 9
4 2
1 5
1 10
3 10
1 3
3 5
8 10
5 6
6 2
14 20
15 12
14 17
14 20
6 2
14 20
6 2
14 20
5 6
6 2
14 20
3 5
5 6
6 2
14 20
1 3
6 2
14 20
6 2
14 20
5 6
6 2
14 20
1 5
14 20
1 10
14 20
1 3
14 20
14 20
17 14
1 19
14 20
1 5
14 20
1 5
5 6
14 20
1 10
14 20
13 17
17 14
14 20
10 8
6 15
1 10
14 20
1 5
14 20
10 8
1 10
14 20
14 20
1 19
14 20
6 15
14 20
1 3
14 20
6 15
1 3
14 20
8 7
1 9
14 20
1 3
14 20
1 10
14 20
14 20
1 19
8 7
1 2
14 20
6 15
14 20
8 7
14 20
4 7
1 6
14 20
1 9
1 19
14 20
1 9
14 20
4 7
14 20
19 11
1 19
1 6
14 20
14 20
14 20
18 14
1 5
18 13
5 16
1 7
1 4
13 20
17 13
19 11
1 19
5 16
1 9
13 20
1 6
6 15
11 20
1 10
10 11
1 4
11 20
3 10
9 5
13 20
5 16
1 9
13 20
17 13
10 11
1 4
11 20
1 17
12 20
1 4
9 12
13 20
1 8
8 13
1 4
13 20
