27
28
20
21
4
7
14
18
24
3
5
9
17
2
12
26
16
13
25
1
19
10
23
11
22
15
8
6
85
0 29
0 6
6 29
8 29
0 8
15 29
0 15
0 22
22 29
0 11
11 29
0 23
23 29
23 10
0 23
10 29
0 19
19 29
0 1
1 29
19 25
25 29
0 19
0 13
13 29
16 29
19 16
0 19
26 29
0 26
12 16
15 12
16 29
13 15
0 13
23 2
2 29
0 23
19 17
17 29
0 19
9 19
13 9
19 17
17 29
0 13
5 17
17 29
0 5
3 19
13 3
19 17
17 29
0 13
26 29
24 26
0 24
18 24
13 18
26 29
24 26
0 13
14 19
19 17
17 29
0 14
15 17
17 29
0 7
7 15
4 5
5 17
17 29
0 4
21 17
17 29
0 21
21 20
20 17
17 29
0 21
5 17
17 29
0 28
28 5
