0
144
0 20
0 15
0 6
0 7
0 10
0 11
0 12
0 13
16 2
16 9
16 14
16 19
16 6
16 7
16 11
16 1
16 3
16 5
18 2
18 4
18 14
18 1
18 3
18 5
17 2
17 4
17 19
17 6
17 13
3 2
3 10
3 11
3 12
5 4
5 19
5 14
5 7
5 11
8 15
8 9
8 14
8 6
8 10
8 11
12 2
12 4
12 19
12 7
12 11
13 2
13 9
13 15
13 6
13 7
13 10
11 4
11 9
11 19
1 2
1 4
1 9
19 20
19 14
19 6
7 2
7 4
7 14
15 20
15 2
15 4
4 20
4 9
14 20
14 2
14 9
9 20
9 20
9 20
4 20
14 20
4 20
9 20
14 20
9 20
4 20
19 20
9 20
4 20
4 20
7 2
9 20
15 20
9 20
11 4
4 20
7 2
19 20
4 20
11 4
4 20
4 20
9 20
14 20
9 20
15 20
11 4
4 20
7 2
14 20
19 20
4 20
12 2
11 4
4 20
4 20
13 2
9 20
19 20
4 20
5 4
4 20
3 2
1 2
14 20
4 20
5 4
4 20
3 2
1 2
11 4
4 20
7 2
9 20
19 20
14 20
9 20
13 2
12 2
11 4
4 20
4 20
7 2
9 20
15 20
