26
23
17
25
5
28
20
8
10
26
4
3
2
21
16
12
24
6
27
13
18
18
18
14
13
24
24
86
0 29
15 29
22 29
9 29
13 19
19 29
22 14
18 11
22 18
9 19
19 18
9 19
18 29
18 29
22 18
14 29
9 19
9 13
13 29
9 13
19 29
27 29
0 27
6 29
0 6
0 24
24 29
12 29
0 12
0 24
24 22
16 12
24 16
0 24
12 29
0 24
24 15
15 29
24 21
21 15
0 24
22 29
24 2
2 22
0 24
3 29
0 3
22 29
4 22
0 4
26 29
0 26
15 29
10 15
0 10
8 27
15 29
0 8
27 15
20 10
15 29
10 15
0 20
28 4
27 28
8 27
22 29
0 8
4 22
0 5
5 3
3 29
5 9
22 29
9 25
0 5
25 22
9 17
5 9
26 29
0 5
17 26
23 22
22 29
5 23
0 5
