0
329
5 29
0 17
0 28
0 20
14 25
0 4
13 26
13 17
24 28
7 28
20 28
0 6
15 5
0 7
0 19
26 29
14 28
12 17
17 29
28 29
25 29
0 29
22 29
23 19
8 29
0 23
0 13
22 3
11 27
11 12
21 6
3 7
20 7
20 27
10 7
2 7
24 7
22 19
12 7
6 7
22 7
27 29
22 18
7 29
4 15
3 9
4 18
0 21
0 16
24 9
15 19
0 18
26 5
26 11
0 1
26 18
4 5
0 26
8 12
0 22
8 9
8 15
17 9
28 5
28 1
24 6
24 5
5 9
24 15
8 4
8 13
11 19
2 19
2 9
24 4
11 18
8 10
24 13
9 29
3 18
24 3
17 25
24 10
8 28
20 12
0 24
2 29
15 29
14 29
20 19
12 19
0 8
27 1
10 29
3 19
25 18
19 29
25 1
15 18
14 18
18 29
0 14
18 29
0 15
1 29
0 25
27 19
0 27
18 29
0 25
19 29
0 3
0 10
0 27
1 29
8 1
1 29
19 29
0 12
0 8
8 20
19 29
0 14
0 15
0 2
24 29
12 19
24 20
19 29
0 24
28 3
3 19
0 8
19 29
0 24
10 29
25 18
8 17
0 8
18 29
3 19
19 29
0 24
24 3
0 24
18 29
0 9
0 24
13 29
0 8
10 29
8 11
0 8
18 29
0 24
4 29
9 29
0 2
19 29
0 2
8 11
0 8
19 29
0 8
13 29
0 8
4 29
0 24
15 29
9 29
0 5
5 9
9 29
0 24
6 9
9 29
0 24
8 28
0 8
1 29
8 28
5 9
0 8
9 29
8 17
0 8
9 29
0 8
15 29
0 8
9 29
22 9
9 29
12 19
0 8
19 29
26 19
19 29
22 4
5 9
0 22
9 29
0 26
18 29
1 29
11 19
0 26
19 29
5 9
0 26
9 29
18 29
8 15
0 8
19 29
9 29
0 24
16 19
19 29
21 29
22 4
0 22
18 29
21 3
0 21
9 29
22 4
15 19
0 22
19 29
0 21
21 7
18 7
7 29
0 22
0 27
7 29
0 22
16 6
0 16
7 29
8 12
7 29
0 8
0 22
19 29
7 29
0 24
21 2
7 29
0 21
22 10
7 29
0 22
16 20
0 16
27 29
16 20
0 16
7 29
21 3
7 29
0 21
6 7
7 29
0 21
26 11
12 7
7 29
0 26
26 11
0 26
27 29
3 7
7 29
0 22
13 7
7 29
23 7
7 29
0 8
0 23
19 29
0 22
21 25
0 21
21 28
0 21
0 23
23 17
17 29
0 13
13 12
28 29
0 13
13 14
0 26
19 29
7 29
0 19
5 28
19 15
28 29
25 29
6 25
7 20
28 29
0 7
28 29
0 7
0 6
6 24
28 29
17 29
0 13
26 29
0 13
24 28
4 24
28 29
0 4
4 14
25 29
20 28
28 29
28 29
17 29
0 4
4 5
