0
185
0 24
0 1
0 2
0 3
0 4
0 5
0 7
0 8
0 9
0 10
0 11
0 12
0 15
0 16
0 17
0 18
0 19
0 20
0 21
0 22
0 23
0 6
13 1
13 2
13 3
13 4
13 5
13 7
13 8
13 10
13 12
13 15
13 16
13 17
13 18
13 19
13 20
13 21
13 22
13 23
13 6
14 1
14 2
14 3
14 4
14 5
14 7
14 8
14 9
14 10
14 11
14 12
14 16
14 17
14 18
14 19
14 20
14 21
14 23
6 1
6 3
6 4
6 5
6 7
6 8
6 9
6 10
6 11
6 12
6 15
6 16
6 17
6 18
6 19
6 20
6 21
6 22
23 24
23 1
23 2
23 4
23 5
23 7
23 8
23 9
23 10
23 11
23 12
23 15
23 16
23 17
23 19
23 20
23 21
22 24
21 24
20 24
19 24
17 24
16 24
15 24
12 24
11 24
10 24
9 24
8 24
7 24
5 24
4 24
2 24
1 24
22 24
21 24
20 24
19 24
18 24
17 24
16 24
15 24
12 24
11 24
10 24
9 24
8 24
7 24
5 24
4 24
1 24
23 24
21 24
20 24
19 24
18 24
17 24
16 24
12 24
11 24
10 24
9 24
8 24
7 24
5 24
4 24
2 24
1 24
6 1
1 24
23 24
22 24
21 24
20 24
19 24
18 24
17 24
16 24
15 24
12 24
10 24
8 24
7 24
5 24
4 24
2 24
1 24
6 1
1 24
23 24
22 24
21 24
20 24
19 24
18 24
17 24
16 24
15 24
12 24
11 24
10 24
9 24
8 24
7 24
5 24
4 24
2 24
1 24
