0
337
0 10
24 29
6 1
0 17
5 29
3 27
22 4
1 29
10 29
17 4
25 3
19 2
6 2
0 25
19 11
0 7
15 2
0 6
14 7
4 29
17 18
17 27
28 20
0 22
0 14
0 9
16 6
0 27
18 6
8 3
5 9
4 20
1 13
5 18
19 16
0 19
5 14
0 5
1 15
0 29
1 17
0 12
10 6
17 14
8 21
20 29
0 1
0 8
2 9
2 23
2 11
28 3
14 6
2 22
28 27
2 18
18 29
2 4
14 9
3 29
20 6
28 9
24 9
13 26
16 29
0 2
15 27
15 6
23 13
15 29
13 29
18 22
26 29
24 7
16 27
23 21
18 12
21 29
20 27
20 9
18 27
16 11
25 22
23 11
18 3
7 9
23 14
27 29
11 9
3 22
23 8
17 8
21 12
0 23
15 4
15 25
24 14
21 28
15 8
21 25
25 29
0 21
6 29
8 6
0 15
28 29
0 21
14 29
0 24
25 29
0 15
4 9
9 29
0 15
23 29
12 29
0 21
23 17
6 29
8 6
0 23
6 29
8 6
0 23
22 29
0 3
9 29
0 11
23 27
0 23
14 27
27 29
0 23
23 7
9 29
0 23
3 22
22 29
0 18
11 9
9 29
0 23
15 25
22 29
0 15
11 9
9 29
0 16
27 29
0 18
9 29
0 20
27 29
0 20
0 21
12 29
0 18
0 23
21 29
27 29
0 16
7 9
9 29
0 24
0 26
22 29
0 18
0 13
0 15
13 29
0 23
6 29
0 15
27 29
0 15
2 29
0 16
23 13
26 29
0 23
14 24
2 14
0 2
9 29
2 28
0 2
9 29
6 29
0 20
0 2
2 3
2 14
0 2
9 29
4 9
0 2
9 29
0 18
0 2
18 29
2 28
0 2
27 29
0 2
22 29
2 14
6 29
0 2
2 28
3 29
0 2
11 16
0 2
16 29
13 26
23 13
0 2
26 29
0 2
9 29
6 29
8 6
1 22
22 29
0 20
20 29
21 20
0 8
8 17
14 6
0 8
6 29
0 1
1 10
6 29
12 29
17 14
14 6
0 1
6 29
15 18
0 1
18 29
5 3
3 29
14 6
0 5
6 29
19 18
18 29
0 19
16 29
0 5
18 29
13 26
0 1
26 29
0 1
20 29
1 4
0 5
9 29
0 8
3 29
5 18
0 5
6 29
27 29
19 16
0 19
6 29
9 29
14 6
6 29
22 29
0 14
14 28
20 29
28 20
14 17
27 28
0 14
20 29
18 6
14 17
0 14
6 29
0 1
1 4
0 14
4 29
7 4
6 29
1 15
2 4
4 29
0 1
4 29
7 4
11 2
2 4
4 29
0 19
4 29
25 4
2 4
4 29
0 6
2 4
4 29
0 19
0 25
3 29
14 17
0 14
4 29
6 10
0 6
0 1
0 25
25 22
4 29
25 3
27 17
0 25
17 1
1 29
0 5
17 1
1 29
17 18
18 6
0 17
1 29
7 24
0 7
10 29
