16
28
1
19
6
8
13
8
6
13
13
19
19
21
6
6
21
122
0 29
21 23
23 25
16 18
21 22
4 6
4 5
11 13
16 17
12 13
11 12
26 27
2 3
22 24
9 10
14 15
24 25
14 13
13 15
24 25
24 25
14 15
24 25
9 10
14 15
24 25
22 24
8 10
7 8
14 15
24 25
22 24
8 10
7 8
14 15
24 25
6 8
5 6
2 3
22 24
8 10
14 15
24 25
6 8
5 6
2 3
22 24
8 10
14 15
26 27
2 3
22 24
14 15
11 12
26 27
2 3
13 15
22 24
11 12
26 27
2 3
22 24
26 27
2 3
13 15
22 24
19 20
11 13
26 27
2 3
13 15
17 19
22 24
19 20
11 13
26 27
13 15
17 19
22 24
19 20
11 13
26 27
6 8
13 15
17 19
22 24
8 9
4 6
19 21
11 13
26 27
6 8
13 15
17 19
22 24
8 9
4 6
11 13
26 27
6 8
13 15
22 24
8 9
16 18
4 6
11 13
6 8
13 15
8 9
23 25
16 18
4 6
19 21
11 13
18 19
6 8
13 15
8 9
0 1
1 29
0 28
28 29
