0
155
0 22
23 29
0 1
0 2
0 14
22 15
26 2
8 18
18 15
6 26
25 20
3 10
18 19
18 13
11 14
22 21
20 1
18 14
10 15
15 29
0 6
23 22
24 27
12 7
11 7
20 17
14 13
25 2
11 20
20 21
23 24
3 7
17 9
4 11
7 2
15 27
4 22
3 14
25 15
0 25
12 5
6 8
8 5
0 16
0 4
23 16
0 23
3 8
12 16
12 23
16 8
16 8
0 23
16 8
16 8
0 16
16 8
8 5
0 4
16 12
0 16
0 25
16 12
0 16
0 4
25 15
0 25
0 25
7 2
0 4
15 27
25 15
0 25
7 2
16 12
0 16
7 2
0 23
17 9
0 16
4 11
20 21
17 9
0 4
0 25
4 22
0 4
11 20
4 11
17 9
0 4
4 11
7 3
3 14
14 13
0 4
7 3
3 14
16 12
14 13
0 16
23 24
14 13
0 23
14 13
0 23
6 8
3 14
14 13
8 3
25 15
0 25
0 23
15 29
15 29
0 6
11 20
4 11
23 22
20 1
21 20
0 23
0 6
4 11
15 29
10 15
0 6
6 8
8 3
15 29
20 1
0 25
20 1
17 20
0 6
15 29
0 6
6 8
18 15
15 29
6 26
25 20
20 1
0 6
2 25
23 22
0 23
15 29
15 29
25 20
20 1
2 25
0 23
22 23
23 29
