0
289
6 28
9 28
11 28
0 23
3 28
0 27
9 24
19 28
2 28
22 10
6 7
0 1
19 8
0 20
24 4
0 8
0 5
0 15
19 1
4 28
18 28
11 22
0 9
10 28
0 25
3 23
0 12
0 14
0 6
18 1
22 8
22 28
0 26
17 28
19 27
0 16
0 11
0 3
22 20
2 15
22 26
17 20
0 21
10 5
24 28
13 28
8 28
0 7
8 1
5 28
10 7
22 27
24 15
25 28
10 26
4 16
0 18
20 28
25 1
15 28
2 18
0 17
23 28
0 22
0 2
4 3
20 16
11 26
0 19
6 26
10 18
23 16
1 28
24 8
4 8
5 12
12 28
20 21
13 22
24 22
13 11
16 28
23 25
5 27
25 21
25 9
6 25
16 21
9 26
26 28
6 12
3 27
9 27
24 18
23 15
4 23
5 16
20 15
14 28
14 21
24 11
16 14
0 24
24 11
16 14
0 24
0 4
7 28
14 28
0 4
16 14
4 5
14 28
0 4
23 1
4 23
0 4
7 28
14 28
18 12
0 24
24 18
0 24
2 3
0 24
14 28
13 6
6 12
13 6
12 26
26 28
24 18
0 24
5 16
0 4
4 5
26 28
25 26
13 6
6 25
9 26
26 28
13 6
6 25
13 6
0 4
4 5
25 21
4 23
0 4
5 16
0 4
4 5
16 28
16 28
0 24
22 16
16 28
22 16
0 4
6 12
13 6
12 28
0 4
4 5
0 4
7 28
7 28
0 24
4 23
0 4
23 1
4 23
16 28
0 4
12 28
18 12
26 28
13 6
16 28
17 16
13 11
26 28
16 28
0 4
12 28
0 4
12 28
2 3
16 28
22 16
4 23
0 4
16 28
17 16
0 2
12 28
18 12
0 17
1 28
0 22
22 25
0 4
12 28
18 12
16 28
0 4
26 28
0 22
22 25
15 28
0 24
0 22
7 28
0 17
1 28
24 8
0 24
7 28
24 8
0 24
0 24
5 28
20 28
0 17
26 28
0 22
0 2
15 28
20 28
0 22
12 28
11 26
26 28
16 28
0 19
0 17
26 28
0 22
8 28
0 22
1 28
0 18
6 26
26 28
14 28
12 28
0 3
23 28
25 28
9 25
25 28
22 8
0 11
8 28
0 18
0 3
3 4
0 19
1 28
15 28
5 28
8 28
4 28
0 15
15 24
20 28
0 19
8 28
1 28
10 28
0 6
7 10
10 28
11 22
0 11
0 2
0 19
24 4
4 28
0 9
27 19
19 28
0 3
23 3
3 28
0 11
0 9
0 6
