0
316
2 29
19 29
17 15
20 1
1 15
2 5
5 21
0 10
0 5
13 29
21 29
18 6
0 29
24 4
0 11
6 15
15 29
18 5
16 14
20 5
17 5
0 20
4 29
9 3
14 3
4 1
0 24
16 5
18 10
21 12
8 3
16 17
3 29
4 20
12 5
9 22
9 1
13 22
2 10
28 10
0 25
0 28
26 14
0 13
0 9
0 17
21 25
0 7
4 25
14 20
21 6
4 19
0 16
0 18
0 21
4 9
5 29
4 7
0 4
23 6
11 29
8 20
27 29
23 12
20 29
23 17
8 1
12 1
1 29
0 23
27 17
3 25
8 29
10 29
3 26
27 25
19 2
19 25
8 7
27 14
14 17
14 29
26 29
26 2
26 24
0 12
2 17
3 16
19 18
8 23
8 24
17 29
21 9
6 24
13 24
27 28
0 6
27 12
8 9
27 7
7 29
0 27
9 29
0 8
0 27
12 29
6 29
28 9
9 29
0 27
3 13
0 3
24 29
24 29
0 6
3 21
0 3
9 29
19 17
0 19
24 29
0 8
0 8
23 29
0 19
18 29
0 3
16 29
17 29
0 2
12 29
24 29
0 26
2 17
17 29
0 26
0 26
0 14
17 29
0 14
14 17
17 29
0 27
7 29
0 8
25 29
0 19
2 17
17 29
0 19
25 29
0 27
0 3
26 29
19 10
0 19
0 8
25 29
0 3
17 29
0 27
23 29
0 1
1 29
0 12
1 29
0 8
17 29
0 23
3 20
0 3
12 1
1 29
0 23
0 27
20 29
0 8
3 11
0 3
6 20
20 29
0 23
10 29
4 10
0 4
7 29
3 5
0 3
0 4
9 29
20 29
21 20
11 29
18 11
16 29
19 27
0 4
27 29
6 20
0 21
20 29
4 19
19 27
27 14
0 4
20 29
0 4
25 29
7 29
0 21
25 29
17 29
9 29
13 11
11 29
14 20
21 26
0 21
20 29
28 20
20 29
25 29
0 28
10 29
18 2
0 18
10 29
22 20
0 13
20 29
0 9
1 29
22 20
0 9
20 29
13 12
5 29
0 13
0 4
20 29
0 3
0 16
17 29
7 8
3 29
0 7
12 5
5 29
0 21
0 18
10 29
0 16
5 29
24 10
10 29
0 4
1 29
26 14
0 24
24 26
3 29
3 29
0 9
0 4
20 29
16 17
0 16
5 29
5 29
0 20
14 3
0 16
3 29
0 18
5 29
20 15
0 20
21 6
15 29
0 21
11 29
0 24
4 29
6 15
15 29
0 18
0 21
0 13
5 29
10 29
0 5
21 29
5 21
0 10
10 2
21 29
4 1
24 4
15 29
0 24
1 15
2 5
0 10
5 20
10 2
15 29
5 17
2 5
0 10
10 2
15 29
0 10
10 2
2 19
0 10
10 2
