13
11
15
5
18
10
3
20
20
18
5
5
11
11
120
7 9
13 16
16 19
19 20
6 7
2 4
0 1
4 6
12 14
19 22
14 17
8 9
8 9
14 17
8 9
19 22
14 17
8 9
12 14
19 22
14 17
4 6
12 14
19 22
14 17
0 1
20 23
4 6
12 14
14 17
17 20
20 23
4 6
12 14
14 17
17 20
20 23
0 3
12 14
3 6
14 17
17 20
9 10
20 23
10 13
0 3
3 6
14 17
17 20
18 20
9 10
16 18
20 23
10 13
0 3
3 6
18 20
16 18
20 23
10 13
0 3
3 6
7 10
18 20
8 10
16 18
20 23
5 8
10 13
0 3
3 5
8 10
20 23
5 8
10 13
0 3
3 5
14 17
19 20
8 10
20 23
5 8
10 13
0 3
3 5
13 15
18 20
8 10
20 23
5 8
10 13
0 3
15 18
3 5
11 12
12 15
18 20
8 11
20 23
5 8
0 3
15 18
3 5
11 13
16 19
19 20
8 11
20 23
5 8
0 3
3 5
13 16
6 7
9 11
11 13
16 19
19 20
20 23
0 3
3 6
