0
331
0 2
0 8
0 24
0 14
0 13
17 14
1 10
0 9
0 21
1 13
6 2
0 12
26 15
10 27
18 21
20 2
6 16
18 24
20 13
18 11
0 1
19 15
20 15
24 2
20 9
8 27
20 21
11 27
19 18
19 24
22 7
20 24
22 26
19 25
5 15
16 2
5 4
8 13
0 5
17 9
2 27
22 25
20 25
19 6
14 27
26 25
21 27
11 13
0 19
8 4
0 27
24 9
25 27
20 17
0 22
23 10
18 17
0 23
8 23
0 20
11 17
4 13
3 27
11 19
17 27
26 27
18 10
25 4
9 27
17 5
25 24
14 13
25 10
25 6
13 27
25 5
12 6
26 23
18 1
3 1
18 16
0 18
26 19
17 6
11 12
0 11
26 4
6 27
17 1
15 23
0 7
3 7
3 22
26 14
17 8
26 7
17 23
25 18
16 27
26 12
12 5
5 27
0 26
0 16
0 25
18 27
23 27
0 17
0 26
7 27
8 5
5 27
0 17
14 5
5 27
0 26
0 3
22 27
0 3
7 27
7 27
23 27
0 15
0 17
1 27
0 6
0 26
4 27
11 16
16 27
0 11
12 5
5 27
6 27
0 17
19 27
0 26
18 27
0 18
16 27
0 3
1 27
0 18
1 27
23 27
0 26
18 12
0 18
6 27
5 27
0 25
17 13
0 17
0 25
6 27
10 13
13 27
0 25
26 14
13 27
0 26
24 13
13 27
0 25
5 27
0 17
0 11
11 9
9 27
4 9
0 25
10 13
13 27
0 18
0 26
0 17
0 11
19 27
0 3
25 4
13 27
0 25
0 11
17 27
20 27
20 8
0 20
23 27
23 27
20 18
0 20
17 27
10 13
13 27
0 23
22 27
0 20
17 27
0 25
9 27
22 24
0 22
4 13
20 8
0 20
13 27
19 27
13 27
0 11
19 12
12 21
0 19
19 26
0 19
25 27
19 26
26 14
0 19
6 12
21 27
12 21
0 19
0 20
25 27
0 22
25 27
20 8
8 2
0 20
20 17
9 27
0 20
5 27
14 27
13 14
20 8
0 20
2 27
4 2
0 5
8 16
2 27
20 8
0 20
14 27
15 14
0 5
0 19
25 27
14 27
26 14
0 22
24 9
9 27
0 20
14 27
7 14
0 22
24 9
9 27
0 19
2 27
18 2
0 19
0 11
21 27
0 20
20 8
0 20
9 27
0 20
19 24
2 27
0 19
15 8
8 27
0 20
15 8
8 27
0 19
2 27
1 2
0 1
1 18
11 27
13 8
8 27
0 20
24 2
0 1
2 27
1 18
16 2
0 1
1 6
2 27
2 27
0 20
0 1
1 18
21 27
0 1
1 6
6 10
3 26
1 3
0 1
15 8
8 27
10 27
12 10
0 12
12 6
2 27
13 8
0 1
8 27
21 27
9 27
10 27
0 1
0 9
9 17
14 27
13 8
8 27
14 27
24 2
2 27
8 27
2 27
