0
323
3 16
3 21
0 8
1 15
22 29
5 19
4 21
16 29
16 24
0 18
14 1
0 3
19 29
24 21
0 29
16 13
16 11
16 7
14 4
2 21
1 18
15 11
9 12
16 10
15 27
22 6
0 14
24 23
13 21
1 10
9 4
27 29
13 18
5 18
9 24
13 10
16 5
16 8
26 21
24 18
9 28
15 18
6 29
24 2
20 29
21 29
19 11
4 29
27 10
10 29
9 25
12 11
11 29
7 18
13 8
1 27
13 25
24 8
0 16
0 13
9 13
17 2
27 18
9 16
1 28
1 3
0 22
0 28
20 28
0 9
15 26
15 22
0 1
0 15
25 29
4 2
0 24
23 8
11 8
2 29
20 13
14 18
4 7
20 3
20 23
4 3
6 13
20 11
27 7
18 29
20 7
20 26
4 12
8 29
0 26
21 10
20 19
6 14
4 13
10 5
5 29
0 10
0 4
13 29
0 6
14 29
19 7
0 20
7 29
6 21
10 5
0 6
5 29
26 29
0 20
20 8
0 4
12 29
0 20
26 29
0 20
7 29
23 18
0 23
20 27
0 20
7 29
18 29
11 18
0 20
0 6
13 29
0 4
3 29
18 29
23 18
0 20
0 20
3 29
0 4
7 29
6 14
18 29
0 6
0 20
13 29
0 20
20 2
20 11
8 29
0 20
20 23
8 29
0 20
24 29
2 29
0 4
0 25
8 29
15 8
8 29
1 8
0 15
2 29
22 2
0 15
26 29
9 29
0 20
28 29
28 29
2 29
22 2
0 1
3 29
0 1
28 29
0 9
18 29
16 18
24 27
18 29
0 24
0 9
2 29
9 17
0 9
13 29
13 29
18 29
16 18
0 24
8 29
0 13
25 29
27 18
18 29
0 1
8 29
0 13
18 29
0 15
15 7
20 11
0 20
11 29
1 12
0 1
0 9
25 29
0 9
9 10
1 27
10 29
0 1
0 4
0 16
11 29
16 19
0 9
9 21
0 20
2 29
0 24
0 6
18 29
0 15
28 20
0 9
20 29
18 29
0 24
15 26
21 29
0 15
0 16
8 29
5 10
0 16
10 29
10 29
0 13
24 18
0 9
18 29
16 5
0 16
18 29
18 29
0 13
1 27
0 1
0 9
4 29
10 29
0 1
21 29
0 13
9 24
23 21
21 29
0 9
14 18
18 29
6 29
0 22
27 29
0 15
0 16
10 29
12 11
0 9
11 29
11 29
0 15
18 29
0 1
0 14
14 2
21 29
0 14
4 29
7 18
0 16
18 29
0 16
11 29
13 21
21 29
0 16
9 24
21 29
0 9
11 19
16 11
0 16
3 4
4 29
19 29
0 14
1 19
18 29
24 21
21 29
0 16
0 16
0 3
3 4
21 29
19 29
18 5
0 18
0 22
14 1
22 29
15 22
0 14
8 16
16 29
0 3
21 29
0 3
16 29
