0
216
19 26
0 26
3 26
8 7
21 26
11 1
19 10
7 16
5 4
25 16
20 8
1 26
16 26
11 20
21 9
19 15
14 20
8 10
17 20
21 25
0 19
22 20
5 11
5 6
15 10
21 2
21 18
8 4
23 10
22 1
8 16
15 25
7 4
23 25
1 6
14 18
23 4
8 14
9 18
24 17
13 24
23 3
9 6
22 13
18 4
9 2
7 17
21 7
11 6
17 25
18 6
23 6
1 3
3 6
24 6
18 25
22 17
15 11
5 8
15 7
23 13
5 22
1 19
15 22
4 20
3 11
2 25
25 20
22 19
2 16
4 16
3 17
12 19
14 6
12 16
4 17
22 18
16 6
19 6
16 19
16 19
16 6
8 22
16 6
22 18
16 6
8 22
22 18
8 22
22 18
19 6
8 22
16 6
16 6
16 6
19 6
8 22
25 20
25 20
21 15
22 19
19 6
19 6
22 19
19 6
25 20
21 15
4 20
25 20
21 15
5 22
4 20
17 4
5 22
22 18
25 20
5 8
5 8
3 6
5 22
22 18
22 17
5 22
25 20
15 11
21 15
17 25
25 20
21 7
2 25
5 22
25 20
5 22
22 18
4 20
5 22
25 20
5 22
3 6
22 13
24 6
5 22
13 24
22 13
17 25
5 22
25 20
18 4
5 22
4 20
14 6
5 8
4 20
8 14
18 4
5 8
4 20
25 20
4 20
21 7
25 20
21 15
16 4
5 8
4 20
1 6
5 22
5 8
4 20
18 4
4 20
2 25
25 20
21 15
11 15
15 10
5 22
22 20
19 22
25 20
7 17
0 19
5 8
18 14
21 18
15 10
0 19
9 18
14 20
18 14
5 11
0 19
19 16
0 19
19 1
11 20
5 11
8 16
16 26
21 25
16 26
16 26
4 16
16 26
0 19
0 19
5 11
1 26
19 10
7 16
16 26
10 8
0 19
11 3
5 11
0 19
