25
18
26
3
17
1
24
10
22
12
20
16
6
7
21
4
9
8
19
2
11
5
13
23
25
15
85
0 27
15 27
0 15
25 15
0 25
15 27
23 27
0 23
13 27
0 13
5 27
0 5
11 5
0 11
5 27
2 13
13 27
0 2
0 19
19 27
8 27
0 8
8 27
9 8
0 9
4 9
8 27
19 4
9 8
0 19
8 27
21 8
0 21
8 27
0 7
7 8
8 27
6 8
0 6
0 16
8 27
16 8
20 8
8 27
21 20
0 21
20 8
0 16
8 27
12 20
16 12
0 22
22 27
20 8
5 20
10 2
16 10
0 16
8 27
2 5
16 24
0 16
8 27
24 8
20 8
16 24
1 20
0 16
8 27
24 1
17 8
8 27
22 17
0 22
3 8
11 3
16 10
0 16
8 27
10 11
0 26
26 27
18 27
0 26
26 18
