0
340
0 14
0 28
0 18
0 15
14 2
7 14
7 20
2 28
0 7
17 20
17 1
17 9
15 18
13 1
19 14
17 6
27 21
0 17
3 28
13 17
19 12
24 26
3 21
24 6
24 16
13 18
26 21
9 21
4 17
13 15
13 23
19 10
0 20
19 18
19 5
13 4
7 6
5 28
0 24
27 18
23 17
8 15
0 19
25 10
2 24
8 11
26 14
0 13
3 14
22 14
16 6
2 19
22 10
14 6
21 28
3 20
2 7
23 20
0 2
14 11
1 18
6 28
14 20
23 8
23 14
26 19
9 11
0 25
0 26
16 18
9 20
0 23
9 7
0 1
16 14
27 19
5 20
8 28
5 12
0 27
5 11
5 18
16 11
4 7
0 16
0 22
11 28
5 9
9 28
8 24
4 10
4 19
6 15
10 18
3 7
0 4
5 25
9 25
20 28
8 20
0 8
25 28
0 9
0 5
25 28
4 28
7 28
0 3
18 28
0 10
15 28
0 6
19 28
0 4
10 18
18 28
0 4
24 28
0 8
0 9
0 5
9 28
0 11
22 28
16 28
7 28
0 4
11 28
0 16
18 28
0 5
11 28
0 5
27 28
17 15
12 17
0 5
15 28
0 8
20 28
0 5
0 27
19 28
0 16
14 28
1 28
27 9
0 27
7 28
23 28
27 9
0 27
20 28
18 28
0 16
26 28
25 28
27 9
0 27
11 28
0 26
19 28
0 23
14 28
0 23
8 28
23 14
0 23
20 28
0 6
18 28
0 1
23 14
0 23
11 28
9 6
2 9
6 28
0 23
20 28
0 2
7 28
2 3
0 2
20 28
0 2
2 21
23 14
6 28
0 23
26 22
10 6
6 28
0 26
0 2
19 28
6 28
0 16
26 22
14 6
6 28
0 26
14 6
2 3
0 2
6 28
13 8
8 28
14 6
6 28
0 26
0 13
13 8
11 28
0 2
24 28
0 13
10 6
13 25
6 28
19 28
0 13
13 8
15 6
6 28
21 28
17 21
0 23
0 13
13 27
18 28
24 28
0 5
2 7
0 2
6 28
0 13
4 5
5 28
5 28
0 19
0 19
18 28
20 28
10 6
6 28
0 19
23 17
0 13
21 28
17 21
0 13
15 6
6 28
13 4
0 13
21 28
17 21
0 13
21 28
13 9
21 28
0 26
0 13
18 28
16 6
0 24
6 28
0 24
6 28
21 28
2 3
0 2
26 21
21 28
0 24
12 5
5 28
0 19
0 13
21 28
17 21
2 3
0 2
21 28
17 21
18 27
13 18
0 13
21 28
0 17
6 28
12 19
14 3
17 12
0 17
3 28
27 21
18 27
1 18
0 13
21 28
27 21
18 27
17 15
0 17
21 28
9 21
0 17
21 28
27 21
18 27
1 18
0 17
21 28
20 3
0 17
3 28
7 9
9 21
21 28
0 2
0 7
20 3
3 28
14 3
0 7
3 28
7 14
0 7
2 28
15 18
27 21
18 27
21 28
27 21
18 27
21 28
14 2
2 28
