23
23
6
20
22
13
7
18
3
16
19
10
25
8
26
9
9
8
9
26
25
7
16
7
90
5 12
16 26
0 27
2 27
0 11
9 5
8 14
15 5
15 12
5 24
26 4
5 26
21 8
8 17
26 4
5 26
21 9
9 15
11 26
26 4
21 9
9 15
26 4
5 26
15 5
21 8
26 4
5 26
21 9
26 4
5 26
25 2
0 25
26 4
5 26
25 2
2 10
0 25
10 11
11 26
26 4
19 24
0 19
0 25
16 1
25 16
11 26
26 4
3 4
0 3
25 2
0 25
3 4
27 3
0 11
11 18
18 3
3 4
25 2
0 25
2 7
7 4
27 2
2 7
7 4
26 7
9 16
0 27
5 9
7 4
0 27
12 7
7 4
13 12
0 13
12 7
7 4
13 12
12 22
0 13
22 4
18 20
20 4
0 11
11 18
11 6
0 11
6 29
23 29
0 23
