0
122
11 14
15 4
9 29
0 3
0 6
1 2
5 2
0 8
20 17
23 10
1 6
23 8
19 6
6 2
0 5
19 7
17 2
13 10
11 3
24 18
19 25
1 13
7 17
19 13
16 11
26 25
3 2
9 5
26 11
27 11
22 16
12 13
1 24
26 16
17 16
9 16
21 10
28 15
27 16
0 20
0 1
6 17
20 22
6 26
28 17
28 8
6 12
6 17
6 17
0 20
6 17
0 20
28 15
0 20
0 20
0 20
6 17
6 26
0 20
9 16
0 1
0 20
20 22
0 20
20 22
22 16
16 27
0 20
20 22
6 26
0 20
1 24
0 1
0 20
6 17
3 2
6 26
0 20
11 27
22 16
3 2
0 20
20 22
3 2
0 1
3 2
0 1
3 2
0 1
3 2
0 1
1 24
3 2
0 1
1 13
3 2
0 1
1 13
0 1
7 17
0 1
17 2
7 17
0 1
0 20
6 2
0 1
17 2
6 2
0 1
17 2
0 20
17 2
0 5
0 1
6 2
3 2
5 9
0 5
0 3
0 3
3 11
