0
385
0 11
4 23
7 23
7 14
27 29
8 9
4 24
14 29
0 29
23 29
0 6
26 13
4 16
1 22
1 25
19 25
4 28
11 22
5 3
0 4
17 15
17 5
17 19
7 6
17 18
7 24
27 19
10 29
16 21
10 21
10 28
17 7
17 16
17 27
22 18
13 29
2 18
12 18
27 11
18 29
10 22
2 3
14 9
12 22
8 6
21 22
27 14
9 22
27 6
3 15
17 12
28 25
27 24
27 22
5 1
8 14
13 11
1 11
19 15
13 15
0 17
2 16
5 6
10 26
28 6
10 2
18 11
18 6
25 29
12 6
10 23
28 20
21 13
5 24
14 22
3 24
10 12
15 29
21 26
19 6
25 6
4 20
25 11
21 23
7 26
19 1
5 13
18 16
7 1
19 20
7 12
3 23
28 23
20 6
19 13
27 9
13 6
5 23
2 12
26 11
5 26
10 5
11 29
0 10
12 11
11 29
27 2
10 5
23 22
0 10
22 29
28 13
27 28
26 11
9 26
11 29
13 6
10 19
0 10
27 18
18 20
27 28
23 22
22 29
10 3
23 22
0 10
22 29
9 7
27 9
12 11
11 29
20 6
10 19
0 10
9 7
27 9
1 6
27 18
13 6
10 5
0 10
1 6
10 19
0 10
9 7
27 9
26 11
11 29
27 21
23 22
22 29
10 5
5 25
11 29
0 10
5 4
20 6
10 5
0 10
10 5
5 25
0 10
10 19
0 10
27 21
26 11
11 29
8 15
0 10
12 11
11 29
0 10
24 15
10 3
15 29
0 10
18 14
27 18
22 29
24 15
10 5
15 29
0 10
27 21
13 6
20 6
27 28
23 22
0 10
22 29
10 12
0 10
10 5
5 25
0 10
27 18
27 18
11 29
2 12
12 6
0 10
27 28
26 11
11 29
0 10
10 5
0 10
10 2
25 29
16 25
0 10
17 8
15 29
8 15
0 17
15 29
17 13
15 29
10 19
0 10
4 1
0 17
11 29
0 17
11 29
17 13
14 22
0 17
17 8
22 29
1 11
10 5
11 29
0 10
22 29
24 15
15 29
25 29
27 28
12 6
0 17
10 3
15 29
0 10
27 9
22 29
14 22
22 29
27 21
22 29
0 17
17 8
17 12
0 17
22 29
9 22
27 14
22 29
3 15
10 2
15 29
0 10
0 10
22 29
27 18
11 29
17 12
0 17
18 29
10 2
18 29
0 10
0 17
17 13
10 22
18 29
0 10
24 13
27 24
13 29
0 17
16 13
13 29
0 17
7 12
12 18
0 17
18 29
28 25
25 29
0 10
21 13
13 29
0 10
21 13
17 16
13 29
0 17
0 10
17 27
19 13
13 29
0 17
17 7
24 13
13 29
0 17
0 17
18 29
17 7
0 17
19 13
13 29
0 17
5 13
13 29
0 17
0 17
15 29
4 1
1 13
13 29
3 2
1 5
2 18
0 4
4 1
18 29
22 18
1 11
0 4
4 1
18 29
0 4
28 25
25 29
17 19
0 17
25 29
0 4
4 1
25 29
22 18
0 4
4 1
18 29
16 21
21 13
0 4
13 29
0 4
4 26
13 29
4 28
0 4
28 23
6 8
0 6
8 14
23 29
0 4
24 23
9 14
14 29
6 8
0 6
25 19
19 27
0 6
6 25
6 7
14 29
0 6
6 7
23 29
0 6
23 29
0 4
27 29
25 19
19 27
11 22
22 1
1 25
