0
252
0 15
7 15
8 24
13 5
5 24
12 24
2 4
6 4
2 17
3 21
2 10
0 2
0 7
0 8
9 21
16 8
14 4
23 20
0 13
22 11
20 4
14 19
23 5
6 8
22 5
0 17
0 1
0 16
23 15
6 23
14 9
21 24
6 14
22 23
22 3
22 12
20 2
20 13
13 4
12 3
10 15
7 2
12 10
5 19
9 19
8 2
18 23
14 23
17 3
20 15
22 14
8 15
4 24
23 3
9 15
2 19
5 15
0 6
5 10
9 10
22 6
8 7
13 7
13 14
16 14
5 7
22 8
17 7
11 24
17 14
5 8
2 14
0 12
20 12
16 12
0 22
20 22
16 22
16 9
0 22
22 16
0 12
0 12
0 12
17 14
0 12
11 24
0 12
11 24
0 22
11 24
0 12
11 24
0 22
22 16
11 24
0 22
11 24
0 22
22 8
11 24
0 22
11 24
0 22
11 24
0 22
11 24
0 12
11 24
11 24
0 12
0 12
11 24
0 22
11 24
0 22
22 16
0 22
22 16
22 8
11 24
0 22
2 19
0 22
14 2
11 24
11 24
0 12
22 14
4 24
0 22
0 6
4 24
22 8
2 19
0 22
0 22
0 12
10 5
5 19
0 12
0 6
2 19
15 9
12 10
9 19
0 12
11 24
0 12
4 24
0 22
13 4
4 24
2 19
12 3
11 24
0 22
11 24
0 22
4 24
0 22
14 13
0 6
13 4
4 24
22 8
0 22
6 14
9 19
0 6
0 6
4 24
6 23
15 5
21 24
0 6
16 9
9 19
10 5
21 24
13 4
4 24
21 24
0 22
21 24
0 6
6 23
21 24
0 6
6 14
0 6
4 24
11 24
0 22
13 4
4 24
20 4
6 23
0 6
4 24
6 14
0 6
4 24
0 16
21 24
0 16
16 9
21 24
21 24
7 2
20 4
2 20
4 24
20 4
2 20
4 24
10 15
0 2
15 9
9 21
21 24
0 17
17 3
21 24
0 2
3 21
17 3
21 24
8 6
0 8
4 24
0 2
4 24
2 10
0 2
10 12
15 23
23 5
2 10
10 15
0 2
5 24
0 7
7 13
0 8
5 24
15 23
23 5
0 7
5 24
15 23
23 5
