0
297
16 24
21 6
0 7
0 20
13 24
5 14
3 24
5 11
9 22
18 24
15 24
17 19
23 22
10 20
5 19
13 20
6 24
10 21
5 8
16 4
0 5
9 20
18 14
9 19
10 7
13 14
17 7
2 21
7 14
22 24
0 24
14 24
17 11
18 2
21 24
4 24
11 19
15 19
8 19
13 7
0 9
18 23
8 20
15 1
8 7
13 17
15 5
16 3
14 12
16 1
21 20
23 20
15 3
21 7
15 9
11 24
19 24
0 8
0 17
15 17
20 24
0 10
23 24
13 10
16 5
18 3
18 9
23 2
0 13
14 8
18 17
0 1
23 8
16 9
2 24
23 9
0 15
16 17
16 8
21 9
0 16
3 5
18 12
21 17
23 7
0 18
11 9
5 24
3 7
22 1
14 10
6 17
0 12
19 7
11 4
4 17
2 9
11 12
23 17
4 9
9 24
0 4
17 24
0 23
0 11
12 24
9 24
0 2
17 24
0 4
4 17
0 11
17 24
7 24
0 19
12 24
17 24
0 6
0 14
10 24
0 22
1 24
7 24
0 3
21 5
0 11
9 24
5 24
18 5
0 23
7 24
17 24
0 18
12 24
5 24
0 3
16 7
7 24
9 24
0 16
0 16
17 24
15 8
9 24
0 23
0 2
0 16
9 24
0 23
1 24
0 18
17 24
0 14
13 8
0 23
2 24
0 18
9 24
3 5
0 18
5 24
0 16
5 24
0 13
10 24
0 23
10 24
16 20
0 16
0 15
17 24
17 24
0 19
0 11
0 15
9 24
7 19
19 24
3 7
7 19
19 24
0 15
20 24
0 23
20 24
20 24
1 20
0 16
12 19
19 24
0 14
3 7
7 19
19 24
0 16
0 15
5 24
0 13
17 24
7 19
19 24
0 8
20 24
1 20
0 15
20 24
0 8
23 20
20 24
0 18
9 24
7 19
19 24
0 13
19 24
0 8
19 24
0 15
19 24
0 11
0 13
13 4
2 4
4 24
0 18
11 19
13 17
19 24
0 13
0 14
0 22
13 7
14 24
0 13
18 2
21 24
0 18
7 14
13 17
14 24
0 13
14 24
0 13
7 14
14 24
0 10
19 24
0 9
14 24
0 18
20 24
0 9
5 24
4 24
0 16
8 14
14 24
0 5
21 24
0 10
15 6
0 15
20 24
0 13
0 5
19 24
20 24
0 10
5 8
8 23
22 24
0 5
8 17
5 8
0 5
19 24
0 15
0 18
22 24
0 9
11 19
0 5
19 24
5 3
0 5
14 24
0 5
0 13
20 24
7 3
3 24
7 21
0 7
6 24
3 16
0 7
7 3
