0
195
21 7
5 25
7 25
21 12
0 3
2 16
23 19
11 14
11 16
0 23
20 6
10 6
0 9
16 12
19 14
7 18
7 19
20 24
1 18
8 10
7 22
17 19
7 11
17 13
2 23
3 12
17 22
5 11
7 5
2 13
6 13
2 22
2 6
1 11
1 22
20 5
5 22
10 13
6 4
6 22
8 19
10 22
17 1
3 4
21 23
16 6
7 15
19 11
5 6
7 17
7 2
3 10
3 23
9 2
3 24
19 1
2 15
3 19
9 20
8 20
24 23
21 17
13 18
1 6
1 10
9 3
22 18
7 8
7 8
22 18
9 3
9 3
9 3
13 18
21 17
24 23
21 17
7 8
24 23
21 17
9 3
7 8
13 18
3 19
9 3
24 23
9 3
2 15
9 3
9 3
2 15
24 23
7 17
3 19
9 3
7 17
17 21
9 3
7 17
13 18
7 15
22 18
19 11
7 8
16 6
22 18
16 6
7 15
13 18
7 17
22 18
9 20
5 22
22 18
17 1
7 17
22 18
17 1
7 17
6 4
7 2
7 2
22 18
2 6
7 2
13 18
7 2
13 18
5 22
22 18
7 5
7 17
22 18
9 3
7 2
23 3
3 12
13 10
7 17
10 3
3 12
11 19
3 12
19 3
7 17
3 12
19 3
22 10
10 3
3 12
20 8
5 20
7 5
10 3
3 12
7 11
11 1
5 20
7 5
24 3
3 12
3 12
19 3
7 19
3 12
9 3
8 10
20 8
9 20
16 12
0 9
6 16
9 20
16 12
0 9
6 16
23 3
3 12
7 11
16 12
7 11
19 14
0 23
9 2
16 12
0 9
3 12
23 21
0 23
20 5
9 20
0 9
7 25
23 21
0 23
