0
122
2 29
8 13
21 19
10 26
0 26
21 25
23 22
7 13
3 22
7 12
25 13
0 11
0 1
7 2
22 29
2 26
12 29
20 21
20 11
23 26
8 10
28 21
8 14
14 6
15 6
18 11
2 8
5 11
6 16
14 17
24 4
12 16
15 28
18 28
0 27
5 24
10 17
3 17
5 1
5 10
14 9
23 28
19 25
19 6
18 9
15 1
15 1
18 9
23 28
5 1
5 10
5 24
9 18
14 9
0 27
0 27
15 28
0 27
24 4
0 27
14 9
0 27
0 27
0 27
9 18
14 9
0 27
6 16
0 27
6 16
0 27
2 8
14 6
6 16
0 27
15 28
0 27
2 8
10 5
5 11
0 27
28 23
15 28
0 27
0 27
0 27
0 27
2 26
23 26
11 20
12 29
0 11
11 18
18 9
12 29
0 1
22 29
0 1
22 29
28 21
25 13
18 28
0 11
11 18
0 1
1 5
5 10
19 25
28 21
25 13
18 28
0 11
11 18
0 1
10 8
1 5
5 10
0 1
10 8
8 2
1 5
5 10
