0
301
0 21
18 1
0 8
19 12
1 21
12 21
16 21
0 6
0 15
20 8
0 13
0 19
12 3
16 3
0 20
12 5
16 18
1 15
12 17
0 12
9 8
16 15
7 18
18 21
10 21
14 3
16 20
17 2
5 21
19 8
2 15
16 13
8 21
3 21
5 6
17 13
17 14
11 6
10 6
18 13
3 15
11 4
12 20
15 21
0 17
7 6
0 16
14 13
5 20
0 9
0 7
10 20
11 7
5 4
14 19
11 1
18 17
8 6
5 17
6 21
2 1
2 19
5 1
11 2
10 4
14 2
15 20
18 12
8 4
5 2
17 20
10 2
19 13
1 4
6 20
18 2
10 7
1 13
3 20
14 15
6 4
0 11
5 16
7 20
14 1
0 18
10 9
0 5
16 12
16 2
14 18
10 5
20 21
1 12
16 19
20 13
1 3
20 4
16 17
13 21
15 13
16 11
17 3
3 13
13 21
3 13
13 21
13 21
19 3
3 13
13 21
12 4
7 4
5 7
3 13
13 21
18 3
2 13
13 21
12 4
7 4
5 7
9 4
3 13
13 21
18 3
20 21
20 21
0 5
5 7
16 12
12 4
0 5
13 21
15 13
0 18
18 6
13 21
15 13
20 21
0 18
18 3
14 1
13 21
7 20
20 21
2 13
0 18
13 21
20 21
0 18
18 6
14 1
5 19
0 5
13 21
2 13
13 21
0 11
11 17
20 21
2 13
0 5
13 21
18 8
0 18
12 4
0 18
14 15
20 21
2 13
13 21
0 11
2 13
13 21
1 4
0 5
11 2
19 13
0 11
13 21
11 2
1 4
0 11
0 18
18 6
17 20
20 21
0 5
18 8
6 21
0 18
17 20
20 21
0 18
1 4
0 11
19 13
13 21
0 5
0 11
7 20
20 21
20 21
7 20
20 21
6 21
20 21
0 5
13 21
19 13
16 19
13 21
0 7
6 21
17 20
20 21
14 15
0 16
16 12
20 21
0 11
15 21
0 17
17 3
0 18
13 21
6 21
0 11
6 21
15 21
0 17
14 15
0 17
13 21
6 21
0 5
0 17
17 3
18 8
0 18
0 16
13 21
0 16
15 21
16 2
8 21
0 16
16 19
0 5
2 15
15 21
0 17
0 16
20 21
17 14
3 21
0 17
0 18
18 21
0 7
0 16
15 21
8 21
0 9
12 18
18 21
17 18
0 12
18 21
12 1
0 12
15 21
0 16
18 21
0 12
5 21
20 21
3 21
0 16
0 12
3 21
19 8
8 21
13 18
18 21
0 20
8 21
15 21
6 10
10 21
0 16
0 12
15 1
0 15
0 19
12 21
8 21
0 13
1 21
13 18
