0
204
0 28
1 28
23 19
8 12
16 5
13 2
4 2
0 23
14 2
10 2
12 28
25 8
7 13
4 9
18 9
25 13
20 8
18 13
8 17
19 17
3 13
15 17
22 9
21 13
8 11
24 16
0 7
4 26
5 14
0 1
27 6
11 6
27 11
23 16
12 19
1 26
1 24
23 24
22 21
8 3
3 16
3 24
20 7
3 7
1 25
10 26
24 26
19 9
4 18
25 22
7 21
4 27
2 27
2 8
15 2
1 18
12 2
6 28
6 17
26 6
26 6
26 6
6 28
26 6
6 28
26 6
6 28
26 6
15 2
6 28
26 6
15 2
6 28
26 6
6 28
26 6
4 27
6 28
7 21
4 27
6 28
25 22
7 21
6 28
4 27
4 27
6 28
26 6
4 18
25 22
6 28
26 6
10 26
25 22
6 28
26 6
7 21
6 28
7 21
4 27
6 28
24 26
6 28
26 6
19 9
3 16
19 9
4 27
1 25
25 22
6 28
24 26
6 28
26 6
24 26
6 28
26 6
6 28
26 6
19 9
19 9
4 27
27 11
4 27
6 28
4 27
6 28
1 26
6 28
26 6
0 1
19 9
6 28
26 6
7 21
6 28
1 24
0 1
19 9
3 8
7 3
11 6
0 7
6 28
0 7
7 21
1 25
0 1
25 22
7 3
0 7
24 16
1 24
0 1
3 8
7 3
0 7
0 1
1 18
8 17
7 20
0 7
1 25
0 1
0 1
1 18
0 7
13 25
8 17
7 13
0 7
7 3
0 7
12 28
2 12
0 7
5 14
12 28
2 12
0 1
12 28
23 24
24 3
12 28
2 12
12 28
7 13
2 12
0 7
14 2
5 14
0 23
12 28
2 12
23 16
25 8
13 25
12 28
7 13
0 7
0 23
12 28
19 12
0 1
