29
23
10
19
20
28
25
18
4
22
2
14
17
16
9
12
11
13
26
6
27
1
7
5
21
15
24
8
15
15
84
0 29
8 15
15 21
0 8
8 29
24 29
0 24
0 15
15 29
21 29
0 21
0 5
5 29
21 29
0 15
15 21
21 29
0 8
0 7
7 29
0 1
1 29
27 21
0 27
21 29
0 6
6 29
26 29
0 26
0 13
13 29
27 11
0 27
11 29
12 26
26 29
0 12
0 9
9 29
0 16
16 29
27 17
17 29
0 27
9 14
14 7
7 26
26 29
0 9
27 17
2 27
0 2
17 29
22 13
27 17
0 22
2 27
13 2
17 29
12 26
0 4
26 29
4 12
18 17
0 22
22 18
17 29
22 25
0 22
26 29
25 26
22 13
0 22
13 28
28 29
0 20
20 29
19 29
0 19
0 10
10 19
19 29
23 29
0 23
