28
8
27
24
14
4
16
25
23
15
6
3
1
11
13
9
2
19
17
26
10
5
18
12
22
7
21
21
18
88
0 28
18 20
18 21
0 21
21 28
7 28
0 7
0 22
22 28
12 28
0 12
0 18
18 28
0 5
5 28
21 22
0 18
22 28
0 18
0 10
10 28
0 26
26 28
0 17
17 28
0 19
19 28
10 2
0 17
17 10
2 28
0 17
5 19
9 5
17 9
19 28
0 17
17 13
13 28
10 2
0 17
17 10
2 11
11 28
0 17
17 10
1 28
10 1
0 17
13 3
17 13
3 28
0 17
17 6
13 3
6 13
3 28
0 15
15 28
0 15
23 28
15 23
0 25
25 23
23 28
0 17
17 10
10 16
16 28
0 17
17 6
5 19
19 21
21 4
6 5
4 28
0 14
14 28
0 17
17 24
24 1
1 28
0 27
27 23
23 28
0 17
17 8
8 28
