0
318
0 29
7 4
0 1
0 18
0 22
21 29
4 29
20 29
16 29
20 25
20 10
25 29
10 29
9 29
11 3
6 29
20 27
20 23
2 8
13 29
8 29
20 18
21 3
3 29
7 11
5 29
7 2
7 18
12 27
21 12
16 27
27 29
1 28
21 16
0 20
11 28
21 28
8 12
6 2
4 2
3 18
5 28
25 28
6 28
17 2
25 2
8 28
3 16
0 7
13 28
27 28
27 2
4 16
21 24
3 2
4 28
0 10
5 12
11 26
24 20
21 26
12 29
6 9
0 21
5 2
16 28
0 6
25 14
0 24
16 18
0 25
23 28
0 11
0 13
8 25
4 20
4 15
5 15
23 17
26 18
4 13
2 29
20 28
4 25
10 17
23 14
23 19
10 7
27 14
8 11
9 28
12 18
3 25
3 17
2 28
19 7
10 14
4 9
23 9
27 6
18 29
6 18
0 27
9 18
18 29
0 23
9 18
18 29
0 4
3 10
14 18
0 3
18 29
5 19
7 28
0 5
0 23
23 2
17 18
0 3
18 29
0 3
18 29
25 18
18 29
23 12
0 23
4 9
0 4
18 29
11 18
14 18
18 29
0 27
3 10
7 28
0 3
19 7
7 28
0 23
14 18
18 29
0 23
3 10
17 18
0 3
18 29
18 29
0 4
25 18
8 20
0 23
23 2
18 29
0 4
13 18
3 26
0 3
18 29
17 18
18 29
0 23
15 26
26 18
18 29
0 5
15 26
26 18
18 29
0 4
20 28
0 4
18 29
25 18
18 29
13 18
18 29
11 18
0 23
18 29
25 18
25 16
0 25
18 29
18 29
24 18
0 25
14 18
18 29
18 29
6 18
6 16
0 6
0 5
2 29
2 29
21 2
9 28
0 6
13 12
0 13
26 18
0 21
18 29
20 12
12 29
0 24
26 18
0 11
18 29
12 29
0 5
12 29
10 12
0 4
0 3
2 29
24 20
0 21
20 12
12 29
16 12
12 29
0 4
2 29
0 27
0 27
0 13
7 28
16 12
12 29
0 3
0 25
2 29
10 17
0 10
2 29
0 6
0 25
0 5
0 3
18 29
0 4
2 29
0 6
2 29
12 29
0 21
0 11
20 12
12 29
16 12
0 21
12 29
21 1
0 21
0 27
21 16
0 21
27 29
0 21
12 29
21 12
0 21
27 29
0 7
18 29
2 27
0 7
27 29
0 5
11 28
28 5
0 7
5 29
0 3
3 29
0 21
18 3
0 20
3 29
0 13
7 2
8 29
0 7
23 27
0 20
27 29
0 20
27 29
0 6
7 11
0 7
3 29
7 9
0 7
0 10
0 25
10 29
0 20
25 29
0 20
21 16
0 21
0 20
2 4
7 2
0 7
0 21
22 25
25 29
16 29
18 16
21 29
1 21
4 29
0 18
18 7
