0
316
20 21
10 28
25 4
0 20
26 8
0 28
0 26
0 22
4 17
8 21
6 5
18 3
14 3
6 20
12 9
6 2
3 28
21 28
5 28
15 28
3 17
8 1
6 12
1 28
17 28
11 26
5 16
0 8
6 27
15 16
19 13
0 6
0 27
15 13
20 26
3 16
0 11
5 27
26 28
5 8
15 19
15 20
5 4
1 13
12 13
25 22
1 19
10 16
15 9
2 16
12 19
1 7
2 13
15 11
10 18
1 10
1 4
16 28
13 28
18 8
24 11
1 20
25 20
22 20
18 20
15 24
12 24
2 27
12 20
1 22
1 24
14 27
14 4
1 11
7 27
3 20
23 24
4 8
0 7
0 25
5 9
3 9
5 18
3 22
2 24
18 28
12 22
12 23
24 28
12 11
5 14
4 11
8 28
4 28
2 22
4 20
20 28
0 4
22 28
0 2
0 4
0 15
15 8
11 28
0 4
14 11
0 5
11 28
11 28
0 12
0 24
23 8
8 28
0 12
0 12
22 28
0 18
24 28
0 2
0 3
22 28
0 5
18 28
0 3
9 28
0 5
9 28
25 28
7 28
8 28
0 4
12 23
0 12
24 28
20 28
0 3
27 28
0 7
0 1
11 28
4 8
5 14
8 28
0 5
5 14
0 5
27 28
0 1
24 28
0 1
22 28
20 28
0 12
27 28
0 2
0 12
24 28
0 15
24 28
5 18
0 5
20 28
1 22
0 1
20 28
0 25
20 28
0 1
20 28
15 24
11 28
0 15
5 18
8 28
0 5
7 13
0 7
0 16
4 13
13 28
0 1
10 13
13 28
0 1
18 8
1 10
8 28
0 1
11 28
0 15
13 28
0 2
13 28
7 13
0 1
19 16
16 28
0 12
16 28
0 2
9 2
2 16
16 28
0 15
1 10
16 28
0 1
19 16
16 28
0 1
22 20
0 25
20 28
13 28
0 12
13 28
0 1
4 13
13 28
0 5
20 28
0 15
19 16
16 28
0 15
8 28
0 5
25 26
0 25
0 5
27 28
11 28
16 28
0 3
15 20
26 28
0 15
13 28
0 15
27 28
13 28
6 13
15 19
13 28
0 15
16 28
0 15
0 6
27 28
8 28
16 28
0 5
26 28
0 11
0 6
6 17
0 1
17 28
12 17
0 6
1 28
0 8
17 28
0 3
0 15
0 5
6 23
23 21
0 6
0 3
2 9
9 3
3 28
0 6
9 3
6 12
3 28
0 6
20 15
15 28
0 6
6 14
3 28
0 6
6 20
20 18
3 28
0 6
0 6
5 28
21 28
0 8
17 3
5 4
6 5
3 28
0 6
3 28
22 3
26 28
8 21
0 26
21 28
18 3
20 18
3 28
4 17
17 3
22 25
0 22
3 28
18 10
0 20
20 18
0 20
21 28
