0
519
27 29
10 17
18 19
13 23
11 15
11 17
22 25
15 23
10 14
6 9
8 17
6 10
3 12
24 23
17 21
12 18
2 10
5 10
11 14
2 9
28 29
2 7
0 6
5 7
10 13
7 18
26 29
9 18
18 22
15 22
7 13
10 16
13 22
17 22
4 9
15 20
22 24
17 20
11 16
0 3
5 8
2 11
1 11
11 13
9 14
1 12
1 7
8 18
8 15
5 11
13 20
21 25
14 21
20 24
8 13
23 25
16 21
10 15
13 21
4 7
8 14
15 21
15 19
9 17
18 20
11 18
1 8
12 16
8 16
14 20
1 9
21 24
24 29
5 9
0 5
0 2
14 19
17 19
12 13
27 20
21 28
23 28
10 3
4 8
11 3
12 6
28 19
14 22
7 16
26 20
26 19
23 16
0 1
23 27
21 27
20 25
9 13
4 12
8 3
7 15
4 11
6 7
16 19
15 9
9 16
4 11
16 19
9 16
16 19
15 9
9 16
4 12
15 9
4 12
16 20
15 9
9 16
18 21
14 23
4 12
12 14
21 27
18 21
0 1
20 25
16 20
0 1
18 21
0 1
20 25
18 21
4 11
6 7
20 25
16 20
20 25
4 12
16 20
12 14
14 22
4 12
12 14
7 16
6 7
20 25
4 12
16 20
7 16
4 11
20 25
16 20
8 3
7 16
20 25
16 20
7 16
0 1
20 25
16 20
28 19
0 1
28 19
0 1
18 21
14 22
20 25
4 12
12 14
4 12
4 12
4 12
12 14
14 19
12 14
14 19
12 14
0 5
20 25
16 20
9 16
5 9
0 5
9 13
24 29
0 1
18 21
24 29
0 1
9 13
0 5
20 25
12 14
24 29
0 2
16 19
24 29
0 5
16 19
8 16
24 29
0 1
16 19
4 11
21 24
24 29
18 21
11 18
4 11
20 25
1 9
24 29
0 1
17 19
1 9
24 29
0 1
9 15
1 9
21 24
24 29
0 1
9 15
14 20
1 8
0 1
20 25
7 15
15 21
21 24
24 29
1 9
21 24
24 29
0 1
9 13
15 21
21 24
24 29
0 1
1 8
21 24
8 16
24 29
0 1
1 8
16 23
8 16
0 1
13 21
1 8
21 24
24 29
0 1
8 14
14 20
1 8
24 29
0 1
8 14
1 8
21 24
24 29
0 1
14 21
8 14
1 8
0 1
8 13
20 24
1 8
24 29
0 1
18 20
20 24
11 18
24 29
0 5
21 25
15 21
1 8
0 1
18 20
20 24
1 8
24 29
0 1
21 25
14 21
0 1
21 25
16 21
12 16
0 1
21 25
14 21
1 9
0 1
5 11
13 20
20 24
24 29
0 5
11 13
13 20
20 24
24 29
0 1
11 13
13 20
20 24
24 29
0 2
8 18
18 20
20 24
24 29
0 5
11 13
13 20
3 11
20 24
24 29
0 3
21 25
3 11
16 21
0 3
20 24
24 29
11 16
0 3
3 11
24 29
8 15
0 3
3 8
20 24
24 29
9 14
22 24
14 22
24 29
22 24
0 3
24 29
22 24
0 3
11 13
3 11
24 29
22 24
3 10
0 3
24 29
13 22
22 24
0 3
24 29
8 15
22 24
0 3
3 8
24 29
22 24
8 18
0 3
3 8
24 29
4 9
18 22
22 24
24 29
15 20
8 15
0 3
3 8
20 26
18 22
22 24
0 3
24 29
13 22
22 24
3 10
0 3
24 29
7 18
18 22
22 24
24 29
0 5
26 29
15 20
8 15
20 26
7 18
18 22
22 24
24 29
0 2
10 16
21 28
3 10
0 3
16 21
28 29
9 14
21 28
14 21
0 2
0 6
28 29
21 28
14 21
28 29
10 16
21 28
16 21
0 5
28 29
10 16
21 28
16 21
0 2
0 6
18 22
6 12
22 24
24 29
22 17
12 18
0 6
28 29
18 22
21 28
6 12
23 28
12 18
0 6
28 29
18 22
6 12
22 24
24 23
23 28
12 18
28 29
18 22
22 24
0 3
0 6
28 29
10 16
21 28
16 21
10 5
6 10
17 21
0 6
28 29
21 28
5 8
24 23
23 28
9 18
0 6
28 29
18 22
22 24
6 10
0 6
28 29
21 28
14 21
6 10
23 28
0 6
28 29
10 15
6 9
9 18
0 6
18 22
10 14
14 11
6 10
17 21
0 6
28 29
21 28
10 14
15 23
14 11
6 10
23 28
0 6
28 29
6 10
23 28
10 13
0 6
28 29
6 9
9 18
0 6
28 29
19 28
17 11
11 15
15 23
6 10
23 28
0 6
28 29
10 17
6 10
0 6
17 20
20 27
