0
195
0 29
28 29
0 27
1 29
21 29
18 20
28 27
3 18
14 16
12 21
19 17
15 16
22 24
25 26
25 22
20 29
25 27
15 9
23 27
25 24
6 5
12 5
5 24
26 24
9 24
23 20
6 8
15 14
3 6
8 18
6 16
22 21
20 21
16 19
20 17
22 19
13 16
28 26
11 14
13 14
4 26
0 28
15 28
10 7
7 6
2 12
0 1
4 7
2 4
3 5
0 2
8 9
13 11
13 12
7 9
10 11
8 10
4 13
4 1
12 9
26 22
26 22
12 9
26 22
12 9
26 22
12 9
26 22
8 10
26 22
26 22
4 13
12 9
26 22
4 13
26 22
26 22
8 9
26 22
8 9
26 22
0 2
8 9
26 22
7 9
2 4
0 2
26 22
8 9
26 22
0 2
12 9
26 22
4 7
1 4
0 1
26 22
7 6
2 12
0 2
26 22
0 1
26 22
26 22
1 4
0 1
26 22
0 1
2 12
0 2
0 28
26 22
0 1
28 26
0 28
26 22
13 16
0 1
13 16
0 1
13 16
0 1
28 26
0 28
26 22
20 21
0 28
0 1
6 16
20 21
28 15
22 21
0 28
3 6
8 18
20 21
28 26
0 28
3 6
28 26
0 28
3 5
2 12
5 24
0 2
3 6
5 24
0 28
28 26
0 28
9 24
28 15
0 28
0 28
23 20
28 26
0 28
20 29
0 28
20 29
23 20
0 28
25 22
0 28
20 29
28 15
0 28
16 19
15 16
17 20
20 29
28 15
0 28
20 29
2 12
21 20
0 2
15 14
19 17
16 19
17 20
20 29
28 15
0 28
17 20
20 29
0 28
3 18
20 29
12 21
2 12
0 2
0 1
27 28
0 27
