0
339
17 21
0 4
0 10
0 17
18 21
14 21
20 4
14 23
0 29
0 7
20 10
22 9
13 4
15 22
8 27
2 23
13 10
20 15
0 1
3 21
19 21
24 19
12 19
20 24
11 16
20 11
0 18
21 29
5 29
20 18
8 17
19 29
7 4
23 27
7 17
24 29
8 2
16 15
13 22
25 1
0 20
8 1
13 11
19 9
2 29
8 7
3 11
27 29
6 29
23 16
22 4
15 11
0 13
0 3
23 29
8 10
15 2
8 25
5 9
11 29
8 3
24 13
4 29
12 10
8 15
19 13
0 8
17 29
24 10
16 29
24 12
11 18
21 22
23 13
14 29
23 5
7 18
21 28
26 13
27 18
5 10
6 22
14 1
24 3
5 22
6 13
18 29
25 28
14 13
1 13
0 9
12 3
12 28
23 9
28 29
6 9
21 20
11 10
10 29
0 11
0 21
20 29
0 6
9 29
0 28
0 23
9 29
0 12
28 29
0 12
3 29
9 29
21 1
13 29
0 21
13 29
0 14
28 29
0 25
9 18
0 9
13 29
0 6
24 5
0 24
22 29
0 24
3 29
1 13
13 29
0 14
0 6
22 29
24 5
0 24
10 29
18 29
0 27
24 26
0 24
13 29
0 21
28 29
11 7
18 29
0 11
5 10
0 23
10 29
0 14
13 29
0 23
0 21
22 29
18 29
0 11
7 18
12 7
18 29
0 24
0 16
10 16
16 29
0 24
24 17
0 24
8 29
8 19
0 8
13 29
15 17
0 8
17 29
24 12
10 16
16 29
0 24
6 4
0 6
0 24
13 29
0 8
3 29
0 8
8 11
4 29
8 5
9 4
0 8
25 16
0 8
16 29
4 29
8 15
2 4
0 8
10 11
11 29
0 8
0 23
3 29
13 29
8 15
11 29
0 8
21 22
4 29
0 21
16 29
0 23
0 6
0 27
0 3
11 29
7 11
11 29
0 8
3 2
0 3
9 27
27 29
8 19
0 8
11 29
0 13
27 29
1 27
0 8
20 16
16 29
27 29
0 20
20 25
1 27
22 4
4 29
0 13
15 2
0 20
2 29
20 16
2 29
0 8
0 24
0 20
20 7
17 29
27 29
0 23
0 20
4 29
20 7
8 19
0 8
0 8
17 29
0 20
18 29
8 5
0 8
0 20
20 21
18 29
0 20
11 29
23 5
16 23
5 29
20 11
0 20
0 20
24 29
24 12
20 24
0 20
19 29
20 24
0 20
19 29
24 19
20 24
21 29
0 20
21 29
0 3
27 29
1 27
15 2
0 20
2 29
10 5
1 13
5 29
0 1
20 15
15 2
23 5
5 29
0 20
1 8
0 1
27 29
20 15
22 21
21 29
0 20
1 13
0 1
4 29
15 22
20 15
9 5
5 29
0 20
10 5
5 29
0 20
7 4
4 29
23 5
1 14
5 29
0 1
0 20
4 29
1 14
21 29
0 1
7 18
0 7
21 29
17 8
8 27
27 29
10 5
5 29
4 29
0 17
21 29
