0
358
4 29
0 23
7 1
16 3
16 2
4 18
27 4
7 2
8 26
8 12
20 25
17 5
18 28
17 26
10 21
12 21
0 27
10 13
22 16
0 29
5 1
22 18
7 11
24 21
4 19
25 29
7 5
0 22
3 29
26 1
28 2
21 1
0 10
24 17
24 9
1 29
20 13
2 29
14 8
7 27
4 5
21 19
11 16
13 29
28 29
9 29
24 12
4 12
27 19
24 8
11 8
1 19
17 12
18 19
27 8
7 22
11 12
0 24
7 26
8 29
20 26
11 21
11 5
19 29
0 14
0 11
7 10
7 14
17 27
4 17
20 23
9 6
9 5
28 26
0 7
0 4
0 20
15 5
6 29
17 23
3 5
26 29
0 17
6 22
16 18
2 15
2 5
21 23
5 29
16 23
16 27
8 22
12 29
22 29
25 15
2 20
3 23
23 29
28 24
16 13
13 24
24 29
0 16
24 29
0 28
8 23
0 8
23 29
0 3
0 2
20 29
15 23
23 29
0 25
2 22
0 2
0 12
22 29
0 8
27 22
22 29
0 16
23 29
0 16
0 5
23 29
0 21
5 29
0 2
15 23
23 29
0 2
18 29
0 16
22 29
0 6
17 29
0 26
5 29
0 3
23 29
0 17
0 6
2 15
5 29
0 2
20 29
4 26
26 29
7 18
18 29
0 7
7 28
26 29
0 7
7 9
5 29
0 7
7 9
6 29
23 29
0 20
0 4
17 23
23 29
4 17
27 22
0 4
22 29
0 7
14 29
10 6
0 7
6 29
11 29
14 29
20 19
0 20
0 11
5 29
21 23
0 11
23 29
0 20
26 29
0 8
0 7
26 29
24 29
19 29
12 19
0 11
0 7
22 29
14 27
0 14
8 29
19 29
0 14
14 18
4 17
19 29
12 19
0 4
17 1
4 17
19 29
0 4
8 29
0 11
8 29
0 24
19 29
14 27
0 14
19 29
12 19
0 4
19 29
12 19
0 24
0 7
7 9
0 7
7 28
24 13
0 24
16 13
13 29
0 11
11 21
19 29
0 11
5 9
9 29
0 4
27 19
19 29
0 7
0 14
8 29
4 2
0 4
13 29
0 20
17 1
4 17
0 4
9 29
0 24
1 29
17 1
0 24
10 28
28 29
1 29
11 21
0 11
2 29
0 10
10 28
1 29
7 26
0 7
0 10
10 3
22 29
3 29
5 3
0 7
0 22
6 25
22 6
19 1
1 29
0 4
21 1
1 29
0 24
21 1
1 29
11 21
0 7
19 1
1 29
0 22
18 19
7 5
1 29
0 7
25 29
0 22
16 25
13 29
0 10
5 1
7 5
1 29
27 7
21 1
17 12
0 27
1 29
27 17
21 1
1 29
0 10
0 27
26 1
1 29
27 17
22 18
28 2
2 29
0 22
0 27
5 1
1 29
27 17
0 27
25 29
27 20
12 21
21 1
0 27
1 29
27 8
26 20
20 25
0 27
25 29
27 8
0 27
27 7
2 29
0 27
4 19
19 1
1 29
18 28
27 4
0 27
28 2
2 29
0 27
27 16
2 29
0 27
27 16
3 29
0 27
1 29
27 7
21 1
1 29
23 21
27 4
0 27
