27
22
7
27
16
4
17
19
26
24
28
13
15
5
21
25
11
10
9
12
18
23
8
1
20
3
6
2
82
0 29
0 2
2 29
6 29
0 6
0 3
3 29
20 6
0 20
6 29
1 6
0 1
6 29
0 8
8 29
0 23
23 29
18 29
0 18
12 14
14 18
18 29
0 12
0 9
9 29
0 10
10 29
23 20
20 11
11 29
0 23
23 8
8 25
25 18
18 29
0 23
23 8
8 25
25 18
21 23
0 21
18 29
5 29
0 5
0 15
15 29
21 13
25 18
13 25
0 21
18 29
12 28
21 12
0 21
28 29
0 24
24 29
21 26
0 21
26 18
18 29
0 19
19 29
0 17
17 19
19 29
0 4
4 29
28 25
25 16
4 28
0 4
16 29
0 17
17 27
27 29
21 7
0 21
7 29
4 22
22 29
0 4
