0
320
0 28
25 8
20 28
17 11
18 28
0 17
1 28
4 9
4 5
27 17
4 3
8 28
2 28
24 17
0 24
20 6
16 25
0 27
0 20
0 4
9 28
26 5
19 17
16 22
19 24
13 24
3 5
0 7
21 24
0 16
5 28
0 19
23 28
25 28
6 11
23 11
11 28
6 24
0 21
25 17
26 28
13 22
9 24
27 24
14 24
26 12
9 21
26 8
9 6
15 22
14 15
13 16
13 19
9 15
26 15
9 19
26 20
13 18
23 22
13 27
1 4
26 19
17 28
14 21
24 28
18 22
9 14
23 27
22 28
23 21
9 12
11 15
13 21
26 16
2 4
18 12
1 12
20 15
11 4
2 6
0 26
23 16
2 15
0 13
11 12
3 15
19 28
11 8
2 21
9 8
9 26
15 28
10 21
3 12
4 28
21 28
3 7
5 12
23 12
18 25
25 27
27 28
0 18
0 23
12 28
0 5
12 28
18 3
7 28
0 18
18 21
0 18
0 23
23 4
18 3
0 18
12 28
21 28
0 10
18 15
0 18
0 9
26 4
4 28
8 15
0 9
15 28
21 28
0 2
8 15
15 28
5 19
0 5
18 3
15 28
0 18
12 28
4 28
13 4
15 28
0 2
0 23
26 4
4 28
6 4
4 28
0 2
4 28
25 20
13 25
0 13
15 28
9 1
0 9
12 28
0 18
12 28
4 28
0 2
0 26
0 13
21 28
15 28
0 9
12 28
21 28
0 23
26 22
0 26
0 23
27 28
14 22
22 28
0 9
22 28
0 18
18 24
0 18
9 14
0 9
21 28
5 17
0 5
0 26
19 28
17 28
4 17
9 1
0 9
0 13
27 28
22 28
0 23
24 28
18 24
0 13
20 15
15 28
0 26
0 9
19 28
15 28
0 26
0 9
15 28
0 13
19 28
17 28
16 17
0 13
9 14
0 9
15 28
14 15
9 14
22 28
0 9
17 28
6 17
0 9
8 24
24 28
0 26
0 9
21 28
17 28
12 17
0 26
9 14
24 28
0 9
13 27
24 28
0 13
24 28
0 9
22 28
0 13
0 26
17 28
13 25
0 13
21 28
9 6
24 28
0 9
11 28
0 23
9 6
11 28
0 9
13 25
0 13
0 23
19 28
0 5
16 23
23 28
24 28
0 21
7 28
0 7
5 28
7 3
16 13
0 16
24 28
0 19
24 28
0 16
22 28
17 28
0 19
0 16
5 28
16 26
0 9
17 28
4 17
20 25
25 28
27 23
23 28
0 16
25 28
6 9
9 28
0 20
24 28
0 24
17 28
0 4
4 2
0 24
24 8
12 26
8 28
3 12
26 8
0 4
0 27
17 28
0 4
5 28
0 4
9 28
0 4
4 1
17 28
17 25
0 17
25 18
18 28
11 23
0 17
23 18
0 20
8 28
17 25
0 17
