0
307
0 19
9 22
22 29
7 9
10 9
14 15
0 7
0 14
27 2
15 20
2 9
26 9
0 25
17 7
0 27
18 17
13 19
5 19
0 18
9 29
0 13
5 22
9 20
16 13
12 16
21 18
0 21
20 29
5 4
5 13
5 10
12 13
6 2
10 29
5 8
0 12
6 26
28 13
14 7
11 24
3 7
24 17
0 5
28 4
0 29
16 17
6 17
26 2
10 14
22 19
24 2
10 23
16 29
7 29
10 21
10 18
22 15
1 29
10 27
2 29
8 18
4 29
0 6
11 13
0 3
11 17
0 24
16 26
22 21
16 27
20 17
17 29
23 29
16 3
8 29
15 29
22 6
22 13
10 13
16 18
8 13
15 21
26 29
18 29
4 27
16 11
10 24
15 27
22 12
8 21
0 28
8 14
8 3
21 29
22 14
11 29
1 14
9 14
27 29
22 24
0 22
24 29
0 22
22 27
14 29
0 9
16 1
14 29
0 16
0 11
14 29
0 22
16 21
0 16
3 29
0 8
14 29
0 8
28 29
21 29
0 8
0 22
12 29
27 29
0 15
0 10
24 29
0 16
11 29
27 29
0 4
22 18
0 22
0 26
21 29
0 15
13 29
0 8
18 29
0 16
13 29
0 10
13 29
0 22
0 22
6 29
0 15
0 8
0 16
3 29
0 23
0 17
22 20
17 29
0 22
27 29
0 16
21 29
0 22
26 29
0 16
24 29
16 11
17 29
0 16
3 29
16 11
13 29
0 16
6 29
0 4
18 29
0 8
3 2
0 3
27 29
0 10
16 1
0 16
15 29
0 22
18 29
0 10
21 29
0 10
28 7
0 28
0 16
0 10
23 29
2 29
0 24
19 4
4 29
0 22
14 1
1 29
0 10
16 26
2 29
0 16
17 29
0 6
17 29
0 16
4 29
0 28
5 29
5 24
17 29
0 5
7 29
0 3
24 17
5 11
17 29
0 5
10 14
7 29
0 10
13 29
0 28
26 2
2 29
0 6
12 29
8 18
0 5
18 29
0 10
2 29
0 6
0 12
13 29
0 5
10 29
0 5
13 29
0 5
4 29
22 20
0 22
21 29
0 21
18 29
16 17
17 29
0 12
12 16
0 12
13 29
20 29
21 9
0 21
20 29
22 20
0 5
13 29
21 9
0 21
18 29
9 29
19 9
0 5
9 29
19 9
0 13
0 18
17 29
27 29
18 17
7 29
0 18
25 2
2 29
15 26
25 15
9 29
0 25
9 29
0 25
25 2
20 29
25 15
0 25
2 9
9 29
0 27
14 7
7 29
7 29
0 14
15 20
20 29
0 14
14 10
9 29
9 29
0 7
14 15
0 14
15 22
7 9
22 29
0 7
22 29
19 22
