0
220
0 16
22 19
13 6
6 11
22 18
6 18
19 24
11 24
0 22
23 10
13 22
19 18
23 14
13 17
20 24
3 6
14 10
2 17
13 4
13 1
2 6
7 24
10 24
21 24
23 17
2 5
20 14
19 17
11 22
18 24
7 22
0 13
0 3
21 5
8 17
19 5
19 12
21 12
14 5
14 18
6 16
7 15
2 14
7 9
8 4
19 8
16 24
3 12
7 6
1 6
9 5
1 20
17 24
13 20
9 20
23 8
6 5
17 15
19 7
22 24
0 2
3 7
3 11
9 11
10 8
10 20
21 23
3 23
1 23
2 13
9 13
9 4
17 18
15 24
12 24
11 8
15 24
15 24
15 24
15 24
9 13
15 24
9 13
15 24
9 13
15 24
12 24
15 24
21 23
11 8
15 24
11 8
15 24
15 24
2 13
15 24
10 20
15 24
19 7
15 24
19 7
6 5
0 2
22 24
0 2
22 24
0 2
2 13
19 7
22 24
0 2
0 2
6 5
0 2
6 5
19 7
12 24
0 2
2 13
16 24
8 11
19 8
17 24
9 11
16 24
19 7
17 24
0 2
19 7
15 24
7 6
16 24
19 7
2 14
18 17
17 24
0 2
2 14
0 2
12 24
12 24
19 8
17 24
3 12
12 24
16 24
0 3
22 24
3 7
0 13
0 13
22 24
17 24
14 18
18 24
0 13
13 20
5 14
14 18
18 24
0 2
0 3
3 23
17 24
0 3
0 3
3 7
6 16
16 24
0 2
1 23
23 17
0 13
17 24
9 7
7 24
0 13
4 9
17 24
0 2
2 5
5 14
10 24
0 2
6 16
0 3
16 24
0 13
13 20
0 13
17 24
14 10
13 1
1 23
10 24
0 13
18 24
0 13
22 24
13 1
1 23
10 24
0 13
22 24
22 11
0 22
3 6
18 24
0 3
18 24
0 22
3 6
11 24
0 3
6 11
11 24
0 13
19 24
0 22
16 24
