0
343
15 29
0 5
2 19
6 22
6 19
6 4
4 29
13 11
0 25
4 11
13 8
17 27
2 23
24 7
28 18
21 20
2 3
6 23
14 29
15 8
11 29
11 19
27 8
21 10
22 29
24 28
16 8
4 25
15 25
3 10
22 19
0 29
0 6
10 28
0 3
2 21
19 29
4 23
10 23
15 27
13 21
8 29
18 25
9 27
18 12
14 21
26 16
0 2
15 3
7 16
21 29
28 29
12 16
11 22
1 26
19 25
4 20
24 3
27 23
22 25
23 29
0 13
5 16
25 29
10 16
5 3
16 29
7 3
11 18
0 14
9 18
0 15
11 20
7 17
0 4
19 20
24 20
17 29
21 12
18 29
23 3
1 20
21 24
20 29
19 12
22 3
3 29
26 29
21 5
10 2
17 6
0 21
16 24
28 12
10 13
16 6
11 27
23 12
19 27
5 12
10 5
0 10
12 29
27 12
0 19
12 29
12 29
0 23
27 12
0 11
12 29
6 29
0 16
0 10
13 29
12 29
0 28
24 29
0 16
21 6
6 29
6 29
0 17
0 10
5 12
0 21
12 29
0 26
0 21
21 3
3 29
21 22
0 21
0 19
12 29
0 20
0 21
24 29
20 29
0 1
3 29
0 23
0 18
0 21
12 29
0 17
21 24
0 21
20 29
20 29
0 19
3 29
4 3
0 4
4 7
17 29
0 11
20 29
15 20
20 29
15 9
0 15
18 29
14 3
3 29
0 11
18 29
0 4
4 7
3 29
0 16
0 15
15 5
3 29
0 4
4 10
16 29
5 25
0 15
15 5
0 15
15 5
16 29
13 29
0 23
0 13
25 29
13 22
0 4
23 29
4 27
0 13
13 24
3 29
20 23
0 4
23 29
25 29
0 19
20 1
26 25
4 20
25 29
0 4
22 25
25 29
0 11
0 13
16 29
13 12
0 28
0 21
0 13
16 29
13 7
0 15
3 29
2 10
10 16
16 29
1 26
0 2
9 1
2 9
16 29
0 14
21 29
12 16
0 2
9 18
2 9
16 29
27 23
0 2
2 9
23 29
0 2
9 18
2 9
25 29
0 4
4 8
0 13
21 29
27 23
23 29
0 15
0 2
2 10
23 29
0 4
23 29
0 19
0 2
21 29
3 29
0 2
2 10
28 29
8 29
6 8
19 29
3 22
0 3
10 28
28 29
0 3
25 29
0 15
25 29
0 4
7 16
3 7
8 29
0 3
3 24
28 29
0 3
3 22
0 3
2 21
10 28
0 2
28 29
15 27
8 29
0 15
19 29
0 11
0 11
8 29
0 15
0 14
0 6
23 29
0 2
22 29
3 22
2 21
19 29
20 19
0 2
16 8
18 12
24 28
12 16
2 3
3 24
0 2
8 29
16 8
2 3
7 16
3 24
0 2
8 29
0 2
23 29
27 8
6 17
0 6
8 29
8 29
0 13
11 29
0 4
25 29
11 29
0 13
0 4
0 6
4 29
19 29
0 6
0 6
22 29
19 29
0 2
3 2
2 19
5 3
19 29
0 15
