0
316
0 24
14 24
13 10
0 6
3 23
14 15
23 24
12 20
0 12
2 14
10 24
19 24
3 20
3 15
0 2
23 15
19 20
4 12
19 6
17 21
21 12
17 15
14 12
17 18
20 11
19 4
0 23
12 24
19 18
14 4
0 19
14 20
3 19
22 18
11 24
13 6
22 6
22 12
13 8
14 22
13 7
13 12
20 1
6 24
20 15
19 21
10 21
2 21
23 21
9 23
16 15
9 5
13 9
19 5
10 7
23 18
20 8
7 4
5 21
20 5
8 21
6 4
20 17
7 21
13 19
20 10
23 17
20 23
16 7
16 8
11 1
2 9
8 1
20 2
4 24
10 5
11 22
10 9
4 18
17 9
16 19
6 18
1 18
10 23
8 9
12 7
2 8
2 19
6 5
1 7
16 10
22 21
6 9
15 24
6 8
11 12
6 23
1 12
6 12
22 23
23 7
18 24
16 17
17 4
18 24
17 6
16 17
19 7
18 24
16 17
19 7
23 7
18 24
17 6
16 17
18 24
16 11
19 7
18 24
17 6
16 17
16 17
17 6
15 24
16 17
16 17
17 4
18 24
19 7
18 24
16 17
18 24
17 6
16 17
18 24
19 7
18 24
11 12
18 24
16 11
2 8
15 24
23 22
22 21
16 10
18 24
16 17
18 24
17 6
16 17
18 24
19 7
15 24
16 17
18 24
16 17
17 4
16 10
15 24
22 21
16 11
16 10
18 24
16 17
17 4
4 24
17 4
2 8
1 18
20 2
18 24
20 2
15 24
1 18
20 2
18 24
8 1
1 18
18 24
18 24
23 6
6 18
18 24
20 23
4 24
17 4
10 5
18 24
18 24
19 7
13 19
19 7
4 24
17 4
12 6
13 19
4 24
13 19
18 24
20 5
13 19
4 24
19 7
8 21
20 23
18 24
7 4
20 10
4 24
5 21
13 19
15 24
5 21
13 9
19 16
13 19
15 24
23 18
18 24
13 9
9 23
13 9
19 2
13 19
9 10
13 9
13 19
15 24
9 6
13 9
6 24
12 6
6 24
7 4
4 24
22 21
8 6
6 24
14 22
12 6
6 24
14 22
6 24
6 24
22 11
14 22
14 22
18 24
19 21
20 1
1 11
11 24
19 21
4 24
0 19
18 24
0 19
23 6
6 24
0 19
4 24
11 24
23 20
0 23
23 17
0 23
18 24
12 24
23 17
0 23
15 24
23 21
0 23
12 24
21 12
23 17
0 23
12 24
0 19
6 24
19 4
12 24
0 19
20 11
11 24
0 19
0 23
15 24
11 24
15 24
20 11
11 24
0 19
2 21
21 10
0 2
14 20
10 24
0 2
20 10
12 24
10 24
0 12
20 10
0 23
12 14
15 23
23 24
0 12
23 24
6 24
0 6
10 24
6 13
12 14
0 12
