0
256
0 19
4 25
18 6
18 19
5 6
19 25
18 16
20 25
14 24
5 24
5 16
6 25
5 15
14 15
0 9
15 25
0 14
16 25
0 23
0 18
8 24
22 24
5 4
5 21
7 24
5 1
20 24
5 19
5 17
5 18
10 24
13 24
12 24
2 24
23 24
5 9
3 24
5 11
8 15
16 24
14 21
14 1
2 17
14 19
13 15
7 19
5 22
20 17
14 4
8 4
10 15
7 18
14 17
13 18
10 21
14 18
12 17
23 1
10 18
23 4
23 18
2 4
20 21
3 4
10 17
5 8
20 4
2 6
10 4
7 1
23 9
7 4
2 1
3 1
7 15
10 1
13 11
3 15
2 19
12 9
15 24
12 19
2 9
7 21
13 9
10 6
20 11
12 11
2 18
3 9
1 24
7 6
3 6
17 24
5 14
19 24
2 11
23 21
3 18
3 11
11 24
5 3
18 24
5 3
5 23
21 24
5 2
11 24
20 19
5 20
9 24
14 9
5 13
13 17
6 24
5 3
5 7
6 24
20 1
5 20
9 24
5 3
18 24
5 2
11 24
5 12
5 20
11 24
6 24
5 13
9 24
21 24
5 7
9 24
5 2
19 24
5 12
23 15
5 23
9 24
5 12
19 24
5 2
15 24
5 3
5 13
11 24
1 24
15 24
5 7
1 24
5 3
1 24
5 2
5 7
5 23
9 24
1 24
5 7
5 2
6 24
5 20
17 24
8 17
17 24
5 3
21 24
5 20
5 2
18 24
5 23
5 23
18 24
1 24
5 23
17 24
5 12
5 14
18 24
21 24
5 13
18 24
5 14
17 24
18 24
5 7
15 24
5 8
5 14
17 24
5 20
22 15
15 24
19 24
5 7
15 24
5 13
5 14
19 24
17 24
5 2
5 14
1 24
5 14
21 24
5 22
22 16
5 8
15 24
11 24
5 3
9 24
5 23
5 2
5 12
5 13
18 24
17 24
19 24
5 20
1 24
5 7
21 24
5 22
5 8
18 24
23 24
0 23
23 16
16 25
14 16
0 23
23 15
16 25
9 16
0 14
15 25
15 25
0 14
14 6
16 25
0 14
0 9
9 20
16 25
0 18
0 9
9 19
6 25
19 25
0 18
6 25
0 18
9 4
0 9
19 25
