0
346
26 29
22 29
10 18
21 18
24 28
18 29
0 26
22 19
20 6
22 17
18 2
8 19
12 19
2 29
14 16
6 19
22 21
18 28
22 12
24 19
12 1
27 13
12 14
26 16
0 27
25 15
0 29
15 16
5 25
16 1
3 17
5 9
20 17
22 18
0 5
28 19
25 29
7 14
2 1
0 22
19 29
12 6
23 9
0 8
12 8
0 23
12 20
1 29
12 7
24 6
21 16
26 15
9 29
21 20
4 7
17 29
12 26
15 10
12 27
4 5
21 7
0 12
21 14
3 20
0 21
20 29
24 7
27 14
16 10
3 23
24 10
20 10
0 11
3 8
24 15
0 16
7 29
26 5
24 3
25 3
4 26
7 6
6 29
25 8
7 10
0 4
7 23
22 8
28 29
25 22
25 11
3 29
7 8
0 25
20 23
24 21
9 16
1 14
3 10
0 24
24 8
8 29
10 29
0 3
24 1
0 24
14 29
24 9
0 24
16 29
0 24
21 29
23 29
0 20
23 29
25 23
8 29
0 7
0 3
0 25
11 29
22 14
14 29
0 25
0 28
25 22
0 25
8 29
23 29
0 7
10 29
4 10
10 29
0 7
0 25
8 29
0 25
25 6
6 29
0 7
0 4
26 6
6 29
0 25
3 29
0 24
3 29
4 26
0 4
5 29
0 7
16 29
15 7
0 24
7 29
24 3
0 24
8 29
11 29
10 29
0 20
0 24
10 29
24 3
0 24
23 29
10 29
0 16
4 27
0 4
14 29
0 24
7 29
0 20
21 29
24 3
0 24
20 29
0 21
14 29
12 29
0 21
7 29
0 4
5 29
27 14
0 12
14 29
21 15
0 21
10 29
26 20
0 12
20 29
0 4
4 17
0 4
7 29
0 21
20 29
24 9
0 24
10 16
15 10
12 26
16 9
0 12
9 29
16 9
9 29
0 21
6 29
0 24
0 12
7 29
13 1
12 13
0 12
0 12
20 29
23 29
0 12
8 29
8 29
9 29
0 23
0 12
6 29
0 4
4 19
1 29
13 1
22 13
8 2
1 29
0 8
8 7
0 8
14 29
0 25
19 29
8 28
0 8
5 29
18 11
11 19
0 22
19 29
12 20
0 12
17 29
9 29
0 5
8 3
0 8
17 29
0 22
1 29
22 16
0 5
25 29
26 15
16 1
12 26
1 29
0 12
15 16
16 1
5 25
1 29
0 5
9 29
27 9
16 1
12 26
1 29
0 12
0 12
14 29
0 27
1 29
13 1
1 29
0 12
19 29
0 24
0 22
12 1
1 29
28 19
22 18
0 22
19 29
16 1
21 16
0 22
1 29
12 14
22 12
14 6
0 22
19 29
12 14
22 12
16 1
0 22
1 29
8 2
0 8
22 12
0 22
19 29
19 29
0 8
22 18
2 29
0 22
0 22
17 29
6 19
22 17
17 20
0 22
19 29
0 22
19 29
26 16
16 1
1 29
22 18
0 22
28 18
0 26
26 15
18 29
15 24
0 26
26 15
18 29
15 21
0 26
26 16
16 10
18 29
0 22
0 26
