0
354
8 6
12 13
3 15
0 8
15 26
4 23
17 10
1 6
19 10
18 7
18 23
0 4
0 12
0 17
13 10
0 24
9 7
20 5
10 26
2 7
6 26
11 1
0 2
9 16
0 20
10 3
16 1
11 4
0 9
11 13
10 22
10 18
16 2
16 4
16 21
16 19
15 2
10 2
11 22
13 8
15 20
7 3
23 5
7 25
13 25
6 22
16 25
5 3
13 24
7 14
11 15
5 18
5 8
12 14
3 26
19 15
24 1
10 9
19 25
1 26
24 25
19 12
21 15
10 21
0 16
4 26
6 2
19 20
0 11
7 23
13 21
0 7
19 23
8 26
6 23
0 10
3 22
12 20
25 26
20 26
12 9
0 13
6 12
6 5
21 22
5 9
14 2
19 13
4 18
5 12
1 18
7 16
6 10
17 24
6 21
11 9
19 21
6 24
6 7
19 17
15 9
0 19
17 15
9 26
8 2
2 26
7 8
24 8
8 2
2 26
21 9
0 19
9 26
19 11
0 19
9 26
21 9
9 26
19 17
24 8
8 2
2 26
0 19
10 11
11 9
9 26
6 7
16 12
12 2
2 26
18 9
0 19
19 1
9 26
19 5
12 2
2 26
0 19
18 9
6 4
9 26
0 19
13 9
9 26
2 26
6 14
19 5
0 19
9 26
6 21
5 9
9 26
12 2
2 26
13 9
9 26
6 12
9 26
0 13
13 20
6 25
6 12
20 26
13 3
0 13
20 26
10 20
23 25
25 26
0 10
10 8
23 25
25 26
0 19
8 26
7 8
21 25
25 26
0 13
23 25
25 26
0 7
11 9
9 26
20 26
0 19
2 26
6 4
8 26
16 8
21 25
25 26
0 10
10 21
15 25
25 26
0 10
12 20
20 26
0 19
16 24
0 16
25 26
10 1
0 10
25 26
0 19
0 10
9 26
16 24
1 26
0 16
15 25
25 26
0 19
13 3
0 13
19 12
14 2
2 26
0 19
10 5
8 26
0 10
18 1
10 5
1 26
0 10
15 25
0 11
25 26
14 2
0 7
2 26
24 1
1 26
0 13
10 5
3 26
0 10
0 16
25 26
25 26
0 13
25 26
0 7
5 3
7 23
3 26
0 7
3 26
0 7
11 15
0 11
20 26
8 26
0 13
0 11
2 26
0 10
11 15
0 11
2 26
15 2
19 15
0 16
2 26
15 2
21 15
0 16
2 26
4 26
0 16
0 16
2 26
18 1
1 26
0 10
0 10
13 8
0 11
8 26
9 26
0 11
4 26
1 26
0 16
3 26
0 10
20 26
16 1
0 9
1 26
2 26
0 11
1 26
7 6
6 26
0 2
0 10
5 23
23 6
6 26
0 20
7 6
6 26
0 9
6 26
24 6
24 13
0 24
10 26
6 26
17 6
6 26
12 6
4 26
4 18
23 6
6 26
0 4
4 18
7 6
6 26
0 4
12 19
0 12
10 26
24 1
0 24
6 26
0 17
10 26
23 6
6 26
0 4
19 15
12 19
0 12
5 20
15 26
8 5
20 15
0 8
15 26
8 5
5 3
3 15
13 10
10 3
15 26
0 12
0 8
6 26
