0
286
0 14
13 12
9 14
3 12
15 20
3 20
6 10
9 17
12 20
13 2
2 7
13 6
0 16
0 8
3 7
4 1
0 2
0 9
4 16
14 5
14 15
11 20
14 16
3 2
19 6
15 7
5 7
3 14
0 13
0 4
5 16
0 3
6 20
7 20
17 14
12 10
5 9
6 9
0 12
18 19
1 16
17 18
17 11
17 12
10 9
1 14
17 2
0 17
2 18
9 20
12 14
10 18
1 11
7 16
4 13
12 11
5 12
5 15
2 6
1 8
18 14
9 19
4 8
11 16
9 16
18 13
5 1
4 15
6 8
8 14
10 1
7 12
6 12
13 19
4 17
8 13
3 1
10 7
10 3
4 18
11 7
9 7
6 7
15 17
15 8
4 6
5 10
15 18
11 3
5 4
19 20
19 14
19 20
5 4
19 20
5 4
19 20
15 18
19 20
5 4
19 20
5 10
19 20
5 10
4 6
5 4
19 20
5 4
19 20
5 10
19 20
15 17
18 15
5 4
15 17
5 10
5 10
19 20
10 3
5 10
19 20
10 7
5 10
5 4
4 17
5 4
19 20
4 6
5 4
19 20
10 7
5 10
19 20
5 10
19 20
10 7
5 10
8 14
4 6
5 4
15 8
8 14
5 4
19 20
13 19
4 18
5 4
19 20
5 4
5 10
8 14
5 4
5 4
19 20
4 18
5 4
8 14
5 1
6 8
8 14
15 8
8 14
19 20
11 16
5 12
13 19
5 4
19 20
10 7
5 10
11 16
5 1
18 14
5 10
5 12
5 4
18 14
17 4
9 20
2 18
18 14
0 17
5 1
5 10
9 20
0 17
12 14
11 16
0 17
18 14
0 17
5 1
17 18
0 17
19 20
12 14
12 6
0 12
9 20
9 20
10 9
0 12
9 20
0 17
0 12
12 7
12 6
0 12
6 20
16 7
7 20
6 20
4 6
8 6
13 8
6 20
0 3
7 20
0 4
7 20
4 15
3 14
14 19
0 3
6 20
2 6
0 3
6 20
3 14
16 7
7 20
0 3
0 3
3 11
3 14
15 7
7 20
0 3
3 14
5 7
7 20
0 3
0 4
16 7
7 20
9 6
6 20
2 6
6 20
11 20
0 4
1 11
7 20
0 3
8 6
6 20
16 7
7 20
0 13
6 20
0 2
7 20
2 7
0 13
7 20
0 12
12 20
17 12
0 9
12 20
13 6
10 12
0 13
0 3
14 15
16 14
0 16
12 20
0 3
15 20
14 15
0 9
12 20
0 13
15 20
14 15
