0
332
0 29
0 12
16 20
21 29
15 27
11 29
22 20
5 4
0 16
19 16
9 29
8 2
0 19
0 23
9 20
12 29
5 1
21 22
18 22
27 20
21 24
17 14
4 20
11 2
25 15
20 29
16 28
16 15
15 2
10 25
17 25
26 1
5 23
27 1
18 7
5 12
13 12
7 22
1 29
28 22
11 26
8 25
9 13
5 24
21 10
5 10
4 26
23 25
6 26
16 23
0 21
25 22
9 16
12 22
19 23
24 10
9 14
8 15
13 26
12 26
10 27
3 15
18 15
18 24
22 29
24 15
20 15
11 21
9 11
24 14
19 12
4 14
7 11
17 21
18 4
16 27
14 15
19 11
7 6
6 11
18 25
28 25
5 8
6 20
7 8
10 20
7 24
17 24
4 12
11 13
0 9
3 28
19 3
15 26
3 9
3 7
3 18
3 9
15 26
3 9
19 3
15 26
15 26
0 9
15 26
0 9
4 12
4 12
0 9
4 12
0 9
9 3
10 20
4 12
0 9
4 12
0 9
10 20
4 12
4 12
0 9
4 12
0 9
4 12
0 9
6 11
4 12
0 9
4 12
19 11
15 26
19 11
4 12
0 9
15 26
16 27
0 9
14 15
18 4
0 9
15 26
14 15
7 24
0 9
15 26
16 27
0 9
9 11
0 9
15 26
9 11
0 9
15 26
7 24
0 9
15 26
9 11
11 13
0 9
24 15
0 9
15 26
0 9
15 26
0 9
15 26
9 3
22 29
5 8
19 12
9 11
11 13
0 9
5 8
15 26
14 15
0 9
15 26
14 24
9 14
10 27
22 29
0 9
22 29
22 29
19 12
22 29
16 27
0 9
18 25
22 29
0 9
13 26
9 16
22 29
0 9
11 6
21 11
0 21
25 22
16 23
9 16
22 29
0 9
9 14
14 4
0 9
10 27
22 29
10 27
22 29
0 21
25 22
22 29
13 26
0 9
25 22
22 29
5 8
21 11
0 21
22 29
0 9
21 11
0 21
22 29
0 9
9 13
12 22
22 29
0 9
12 22
22 29
5 24
24 18
7 22
22 29
21 10
10 27
1 29
0 21
23 25
25 22
22 29
11 26
1 29
21 11
0 21
25 22
21 17
22 29
0 21
25 22
21 10
22 29
0 21
5 24
24 15
15 2
9 16
0 9
28 22
9 16
22 29
0 9
21 10
0 21
10 20
10 25
15 2
21 10
0 21
21 11
0 21
9 13
20 29
0 9
4 20
20 29
14 4
21 17
0 21
15 2
24 15
0 21
21 24
24 10
20 29
10 27
0 21
21 24
24 18
22 29
0 21
22 29
0 21
1 29
5 12
20 29
0 9
23 5
12 29
5 12
12 29
19 12
25 8
0 23
23 25
0 9
0 19
9 29
16 9
9 29
16 9
4 20
0 23
23 5
20 29
16 28
28 22
0 16
20 29
0 19
19 11
27 20
16 15
0 16
20 29
0 21
0 16
20 29
12 29
