0
204
0 29
28 29
25 11
8 29
14 3
28 11
0 25
10 12
9 11
16 12
16 23
9 3
15 29
17 23
15 12
21 12
22 19
21 23
14 25
10 20
27 18
9 5
26 24
19 23
13 16
11 24
12 29
21 20
23 29
27 14
6 20
10 14
10 16
13 9
8 20
6 16
27 17
11 15
27 2
6 15
21 22
0 28
16 20
10 11
6 18
27 25
18 2
6 23
10 4
11 2
12 3
1 23
15 9
7 14
12 25
18 23
18 8
18 3
1 5
15 16
1 19
7 17
3 2
22 14
26 25
21 9
3 25
3 8
5 17
5 26
3 26
18 4
2 20
6 1
6 1
2 20
18 4
2 20
2 20
6 1
2 20
6 1
18 4
2 20
18 4
2 20
18 4
5 26
2 20
6 1
18 4
18 4
2 20
26 3
3 2
2 20
6 1
2 20
6 1
2 20
6 1
3 2
2 20
6 1
3 2
2 20
8 3
3 2
2 20
2 20
2 20
6 1
6 1
2 20
6 1
3 2
2 20
2 20
3 2
2 20
2 20
10 4
4 18
2 20
2 20
18 2
2 20
11 2
2 20
27 25
22 14
0 28
22 14
15 16
16 20
2 20
15 16
16 20
10 11
16 20
16 20
18 8
6 18
15 16
9 15
16 20
16 20
6 23
0 28
25 12
27 25
10 11
16 20
13 16
23 29
27 17
3 12
13 9
12 29
23 29
18 23
27 14
12 29
25 12
23 29
0 28
21 22
19 23
23 29
0 28
12 29
0 28
13 9
9 15
12 29
27 17
23 29
13 9
9 15
3 12
13 9
12 29
13 16
23 29
12 29
13 16
11 15
15 29
13 9
12 29
12 29
25 12
11 15
15 29
0 28
25 14
3 12
0 25
12 29
0 25
11 15
15 29
0 25
0 28
