0
166
0 14
3 29
12 29
4 25
0 1
0 24
6 1
9 1
22 24
19 26
25 27
0 10
0 3
0 2
0 4
0 5
0 7
0 8
0 11
0 12
0 13
0 15
0 16
0 17
0 18
0 19
0 20
0 21
0 22
0 23
6 4
9 13
6 5
9 10
9 15
0 6
9 12
3 1
5 1
5 2
8 1
8 11
20 1
20 17
23 1
26 24
23 17
23 26
28 4
11 1
14 1
14 2
17 1
19 1
19 16
22 1
22 13
1 27
1 24
1 21
1 18
1 15
16 15
1 12
1 4
2 4
1 7
1 10
2 10
1 13
1 16
1 16
13 1
1 27
1 27
16 1
1 27
1 27
1 27
1 27
1 27
1 27
4 1
1 27
1 27
17 1
1 27
23 26
1 27
17 1
1 27
1 27
11 1
1 27
1 27
1 27
1 27
1 27
12 1
1 27
3 1
1 27
15 1
1 27
10 1
1 27
0 6
5 1
1 27
13 1
1 27
0 6
4 1
1 27
23 1
1 27
22 1
1 27
21 1
1 27
20 1
1 27
19 1
1 27
18 1
1 27
17 1
1 27
16 1
1 27
15 1
1 27
13 1
1 27
12 1
1 27
11 1
1 27
8 1
1 27
7 1
1 27
5 1
1 27
4 1
1 27
1 27
3 1
1 27
10 1
1 27
0 22
26 24
0 19
0 22
1 27
0 6
1 27
1 27
25 27
0 4
0 12
0 3
14 2
2 4
12 29
