0
303
24 16
0 20
24 10
1 12
9 8
0 17
0 28
16 28
8 28
3 17
25 17
12 28
0 4
0 3
0 19
18 2
11 6
0 24
18 11
9 10
21 17
9 2
9 6
26 28
0 14
0 21
9 23
25 3
5 1
0 9
5 17
18 25
13 22
1 28
12 2
0 18
7 14
0 13
11 10
22 17
11 17
5 23
2 28
22 3
1 17
5 4
0 5
22 6
1 19
25 6
0 22
0 11
0 27
1 3
0 25
1 6
0 15
16 9
1 24
7 5
6 28
0 7
23 17
26 10
1 14
12 17
8 24
23 21
16 20
26 27
17 28
8 15
17 19
8 5
26 24
8 3
4 28
16 11
8 21
16 14
0 26
23 28
19 28
10 28
20 24
8 25
1 27
12 3
16 27
12 5
10 14
16 7
21 28
20 5
2 14
6 24
23 24
8 27
8 11
11 28
0 8
27 28
0 8
24 28
0 23
24 28
0 6
14 28
0 2
1 20
0 1
5 28
0 1
1 21
0 16
7 28
14 28
0 10
5 28
0 16
27 28
3 28
0 1
27 28
0 8
25 28
1 20
24 28
0 1
0 10
0 16
16 19
0 23
21 28
26 21
14 28
0 16
21 28
0 8
0 16
11 28
16 4
0 16
3 28
0 8
0 26
24 28
5 28
0 8
19 28
0 26
26 17
15 28
0 8
0 26
26 17
0 26
27 28
20 17
17 28
0 16
21 28
0 23
24 28
0 8
17 28
0 1
14 28
0 26
10 28
17 28
0 23
7 28
0 6
0 7
5 28
24 28
0 1
9 28
0 16
15 28
6 28
0 1
25 28
3 28
0 1
27 28
11 28
22 28
6 28
0 25
19 28
0 1
6 28
0 22
5 28
0 5
4 28
17 28
0 1
0 22
3 28
22 2
0 22
23 17
17 28
0 5
17 28
0 11
17 28
0 22
10 2
2 28
0 11
19 28
13 19
13 7
14 2
0 13
2 28
18 28
13 12
0 13
2 28
0 1
3 1
22 3
0 13
1 28
0 18
25 6
6 28
0 18
18 5
17 28
9 28
0 18
18 5
1 28
18 25
3 1
0 18
1 28
23 5
5 1
0 9
1 28
21 28
14 2
2 28
0 26
0 9
6 28
0 9
2 28
0 21
17 28
26 28
10 26
0 9
11 10
0 18
26 28
10 26
24 1
1 28
18 11
0 18
6 28
0 18
2 28
19 28
3 1
1 28
4 28
13 12
0 13
12 28
3 25
0 3
17 12
12 28
0 3
17 12
0 24
24 8
9 16
0 9
12 28
17 12
8 28
0 9
0 17
12 28
17 1
9 8
10 9
8 28
0 24
16 28
20 16
16 28
0 24
