0
354
0 2
0 8
0 9
13 25
10 19
0 4
14 25
19 25
1 24
1 15
3 24
20 5
3 16
10 18
20 7
12 16
7 24
3 23
5 16
24 25
18 25
16 25
10 17
1 20
1 22
7 21
12 20
7 15
10 15
4 17
11 23
7 23
9 17
19 2
3 22
4 15
1 13
0 1
5 23
17 25
12 21
23 25
11 21
10 20
6 21
15 25
10 21
6 20
11 22
16 8
12 22
24 8
3 19
0 3
10 22
18 8
7 19
24 4
19 9
0 11
0 7
19 4
21 25
10 24
6 22
4 20
0 5
8 20
24 2
13 2
15 2
12 14
6 14
16 9
23 8
17 8
16 7
6 24
23 9
16 11
13 4
18 9
13 7
12 19
0 12
23 4
6 15
10 16
2 20
14 3
6 19
14 11
14 9
14 5
9 20
17 7
8 22
14 2
13 5
18 11
6 18
20 25
0 6
11 20
10 13
5 22
2 22
10 14
13 8
10 13
6 17
7 22
0 6
13 9
20 25
10 13
5 22
10 14
9 20
20 25
10 14
20 25
10 14
11 20
8 22
0 6
19 8
20 25
10 14
14 2
20 25
10 14
2 20
20 25
16 2
9 20
15 9
20 25
0 6
4 22
9 20
12 13
13 9
20 25
8 22
0 12
19 8
0 12
7 22
12 13
0 12
9 20
20 25
12 18
0 12
12 13
4 22
10 16
20 25
11 20
0 12
9 20
12 23
20 25
9 20
24 9
20 25
0 6
10 16
7 22
8 22
0 12
12 17
8 22
0 12
12 23
10 16
9 20
20 25
2 20
14 2
20 25
0 6
2 20
14 2
0 12
20 25
6 15
2 20
20 25
0 6
2 20
0 12
12 13
20 25
6 24
2 20
20 25
0 6
23 8
0 12
12 23
20 25
5 22
13 4
0 12
12 13
20 25
0 6
24 2
2 20
20 25
0 5
5 21
4 21
12 19
0 12
21 25
7 22
20 25
11 20
12 19
0 12
21 25
10 24
4 21
21 25
19 9
21 25
0 7
8 21
11 18
0 11
21 25
21 25
3 21
19 9
0 3
21 25
8 21
10 24
21 25
0 12
8 21
11 16
0 11
21 25
0 11
20 25
0 6
21 25
0 11
11 15
21 25
0 6
20 25
0 11
21 25
0 12
12 23
0 12
21 25
7 17
0 7
23 25
0 5
23 25
1 23
2 15
13 2
0 1
15 25
1 13
13 4
0 1
15 25
0 3
3 19
2 15
15 25
0 3
3 19
19 9
17 25
0 3
23 25
0 7
23 25
0 11
1 13
13 4
0 1
17 25
15 25
15 25
0 7
0 12
20 25
21 25
0 7
0 1
0 1
20 25
17 25
11 16
0 11
0 1
1 18
10 24
16 25
0 5
23 25
0 3
24 25
0 7
16 25
0 12
7 24
1 20
24 25
0 1
18 25
16 25
0 3
5 16
1 20
16 25
0 1
24 25
0 3
0 1
15 25
24 25
0 1
3 19
0 3
3 14
0 3
4 24
24 25
4 17
0 4
19 25
17 10
0 4
4 13
19 25
9 19
16 5
14 25
8 16
5 14
2 19
19 25
