0
225
7 6
6 27
0 4
17 1
24 6
24 1
3 1
24 5
17 14
3 11
8 1
24 10
7 5
3 14
19 14
7 20
19 21
7 12
19 12
24 3
1 27
21 5
7 13
15 5
12 4
11 20
2 5
6 20
16 20
12 16
12 22
23 3
21 26
24 12
9 26
21 16
23 14
17 7
23 22
25 4
1 4
24 19
9 3
8 12
23 15
5 27
11 6
23 10
8 22
1 14
8 18
25 6
23 18
2 22
21 1
3 20
21 25
14 4
1 18
3 13
16 5
5 4
2 10
9 11
3 12
6 13
3 5
6 14
0 17
22 4
22 4
0 17
22 4
0 17
22 4
0 17
0 17
3 12
0 17
3 12
24 8
3 5
2 10
24 8
5 4
24 8
2 10
24 8
0 17
9 11
0 17
5 4
2 10
24 8
1 18
24 8
22 4
0 17
6 14
14 4
21 25
24 8
21 1
14 4
24 8
22 4
3 20
0 17
6 14
14 4
9 11
0 17
8 22
24 8
16 5
5 27
0 17
24 8
3 5
5 27
0 17
9 3
3 5
5 27
21 1
21 25
5 27
0 17
3 5
5 27
0 17
14 4
0 17
16 5
5 27
24 19
5 27
5 27
3 5
5 27
0 17
5 27
24 12
16 5
5 27
24 12
12 16
24 12
14 6
23 14
0 17
12 22
22 2
5 27
24 12
17 7
0 17
24 12
23 15
5 27
0 17
11 20
6 11
17 7
13 6
0 17
5 27
21 1
3 5
5 27
12 4
24 19
1 27
4 1
12 4
17 7
1 27
4 1
0 17
24 19
1 27
21 1
17 7
0 17
24 19
1 27
14 1
24 3
1 27
14 1
17 7
5 27
0 17
1 27
7 12
12 8
17 7
1 27
0 17
11 20
24 3
1 27
14 1
0 17
5 27
17 14
14 3
1 27
0 17
1 27
11 3
3 1
6 11
1 27
1 27
0 17
1 27
4 1
25 6
0 4
4 25
12 7
6 27
0 4
4 12
