0
332
0 22
0 2
18 27
25 4
16 23
12 28
9 4
14 15
12 7
0 16
0 18
0 25
14 19
10 8
27 1
14 26
22 4
14 16
1 29
9 12
20 8
2 8
10 22
4 24
10 28
8 29
14 3
17 13
8 24
20 23
0 10
15 19
28 29
11 21
20 5
24 29
5 19
18 21
19 29
4 7
11 12
23 29
8 7
0 11
0 29
16 7
18 13
23 12
2 13
16 12
17 11
25 12
0 14
4 10
0 3
6 7
1 7
28 25
8 13
9 20
0 9
13 29
1 10
13 7
0 17
8 12
6 11
7 29
23 27
12 29
0 6
1 6
1 2
8 11
28 11
0 15
0 4
20 11
23 22
21 25
28 20
1 5
13 11
23 19
1 20
8 3
1 22
28 16
23 15
8 5
28 4
28 17
13 5
1 3
27 29
27 3
21 10
13 25
21 19
27 11
11 29
0 27
19 11
11 29
0 21
25 29
0 13
10 29
0 21
3 29
0 27
0 27
0 1
3 29
5 29
0 13
0 28
17 29
0 28
4 29
0 8
5 29
0 23
15 29
0 28
16 29
0 1
22 29
0 8
3 29
0 1
20 29
19 11
11 29
0 23
11 29
0 13
0 1
5 29
0 28
20 29
25 29
0 21
0 23
22 29
28 20
0 28
11 29
4 29
15 29
0 28
11 29
0 8
11 29
0 1
2 29
0 1
6 29
6 29
0 12
27 12
12 29
0 23
0 7
0 6
11 29
12 29
0 8
17 29
7 29
0 13
10 29
0 1
0 13
9 13
13 29
20 11
0 9
11 29
13 29
0 8
0 28
25 29
7 29
0 1
7 29
0 6
3 29
0 4
10 29
14 11
11 29
28 25
12 29
0 28
0 17
11 29
9 16
0 9
12 29
9 2
0 9
13 29
12 29
0 23
0 14
14 18
13 29
9 16
0 9
7 29
11 29
7 29
0 8
0 23
12 29
0 11
7 29
0 4
11 19
0 11
21 19
0 14
19 29
14 18
19 29
9 5
0 9
0 14
14 24
5 19
9 20
19 29
0 9
21 19
19 29
0 11
0 28
19 29
0 15
10 29
23 19
9 20
19 29
0 9
24 29
0 8
24 29
13 24
0 17
24 29
3 2
0 14
2 24
0 8
0 10
28 29
24 29
0 4
22 23
23 19
19 29
0 10
14 3
3 2
0 14
8 29
9 20
8 29
0 9
24 29
12 24
0 9
0 1
1 29
0 14
16 1
10 22
4 24
24 29
0 10
26 8
0 14
8 29
14 3
3 27
1 29
0 14
8 29
0 10
0 14
19 29
24 29
25 24
18 21
21 19
19 29
1 29
16 1
7 4
0 25
25 12
4 24
24 29
16 14
15 19
0 16
19 29
12 9
0 25
25 12
4 24
24 29
10 8
28 10
0 25
25 12
8 29
0 16
23 19
19 29
0 25
4 24
24 29
27 1
0 18
1 29
2 8
8 29
10 8
22 10
8 29
