0
199
11 29
0 21
25 19
6 15
22 15
28 9
0 20
16 7
18 14
6 4
11 18
17 27
14 21
27 21
28 16
13 1
26 21
12 22
19 15
12 26
9 15
4 24
24 7
25 7
14 10
16 6
5 10
1 19
12 14
15 29
0 12
1 26
0 11
5 16
11 12
14 1
19 17
19 8
7 27
23 7
6 3
6 17
24 23
27 13
27 22
19 9
12 8
25 16
22 3
10 2
8 26
22 2
18 15
13 26
1 27
20 29
20 29
1 27
20 29
1 27
20 29
13 26
20 29
20 29
13 26
20 29
20 29
20 29
8 26
20 29
18 15
20 29
22 3
19 9
20 29
19 9
13 26
20 29
18 15
20 29
20 29
20 29
24 23
20 29
27 13
23 7
24 23
13 26
20 29
8 26
20 29
20 29
8 26
20 29
12 8
8 26
20 29
20 29
11 12
12 8
8 26
20 29
14 1
0 11
20 29
12 8
8 26
20 29
22 3
0 12
12 8
15 29
19 17
0 12
12 14
15 29
19 17
14 1
0 12
15 29
22 3
6 3
15 29
5 16
12 14
15 29
22 3
0 12
15 29
0 12
12 14
15 29
0 12
24 7
15 29
0 12
12 14
15 29
14 1
0 12
0 12
20 29
1 19
12 14
15 29
14 1
0 12
15 29
22 3
0 12
12 26
0 12
27 13
19 15
22 27
12 22
1 19
15 29
0 12
19 15
16 6
15 29
22 27
12 22
0 12
12 14
0 12
28 16
27 21
16 6
6 17
15 29
0 11
18 15
28 16
19 15
16 6
15 29
11 18
14 21
0 11
7 27
28 16
27 21
20 29
9 15
15 29
12 22
15 29
0 12
28 16
16 6
15 29
16 7
7 25
28 16
19 15
15 29
0 11
