0
317
0 11
24 7
0 24
7 17
0 2
0 29
11 9
27 29
7 29
0 10
1 14
21 29
1 25
0 8
7 14
0 15
0 20
14 29
21 10
7 11
27 26
0 13
27 9
14 10
25 26
17 29
21 2
7 10
7 2
21 13
6 9
28 24
21 15
22 2
0 1
7 27
27 4
26 29
0 28
3 15
26 10
18 15
9 10
0 3
6 2
14 24
7 18
23 8
21 25
14 2
24 29
4 29
14 8
25 20
25 13
21 11
0 7
0 6
22 3
16 10
9 28
0 22
27 6
27 13
14 15
27 3
27 18
23 15
26 11
14 9
26 15
4 20
14 25
16 11
5 3
9 13
0 9
27 5
21 7
11 10
4 13
16 18
0 23
0 16
13 29
19 28
2 29
0 21
5 15
5 8
14 26
5 18
25 15
10 29
5 28
4 1
4 16
27 21
8 29
0 19
19 29
4 8
0 4
21 26
0 27
18 29
26 18
0 4
16 29
1 20
20 29
0 4
28 29
0 5
19 10
0 19
15 29
0 25
18 29
0 5
0 14
18 29
26 18
8 29
0 5
15 29
0 5
21 26
18 29
26 18
0 27
27 2
28 29
0 19
0 14
14 13
16 29
23 29
18 29
0 16
13 29
0 4
10 29
0 27
27 11
0 21
15 29
7 15
5 15
15 29
0 27
9 29
13 29
0 9
27 5
0 27
3 29
11 10
10 29
0 16
25 15
15 29
0 14
20 29
0 4
0 21
21 26
15 29
9 13
13 29
0 14
11 10
10 29
0 21
21 26
15 29
0 23
0 27
18 29
0 27
3 29
15 29
0 14
0 27
13 29
0 27
6 29
20 29
22 20
14 9
0 14
28 29
10 29
0 16
0 22
3 29
6 29
15 29
7 15
11 10
10 29
0 21
0 7
7 25
13 29
0 7
7 25
20 29
8 29
0 14
0 4
6 24
0 6
2 29
0 14
25 20
0 21
20 29
0 7
7 23
8 29
0 7
18 29
24 29
0 14
2 29
0 6
3 29
14 9
10 29
0 14
7 18
0 7
15 29
10 29
0 21
21 26
15 29
0 3
28 29
0 21
21 26
4 29
0 27
27 4
0 7
4 29
4 29
1 4
2 29
0 22
0 21
15 29
24 29
0 28
9 10
10 29
0 6
0 21
13 29
0 7
2 29
0 7
10 29
2 29
0 21
21 25
25 17
0 21
21 25
26 29
0 21
10 29
0 14
7 27
9 10
0 7
10 29
13 29
7 27
0 7
26 29
11 26
0 7
26 29
10 29
0 21
0 14
20 29
15 29
0 7
14 29
8 29
25 26
0 1
26 29
0 21
0 1
14 29
10 29
0 7
7 27
0 7
9 27
7 11
27 29
0 7
2 29
17 29
0 7
24 29
7 17
17 29
0 24
11 9
9 27
27 29
