0
342
19 29
6 12
27 12
16 22
20 12
9 12
12 29
6 4
17 29
14 13
0 7
8 22
24 6
22 29
0 19
13 29
16 7
28 20
0 4
0 29
0 24
25 7
27 4
12 18
28 12
0 26
19 20
0 23
25 4
18 21
0 28
10 9
17 4
20 29
0 10
8 15
5 21
0 8
20 4
18 7
11 12
1 29
25 21
18 4
0 27
6 29
7 29
21 29
18 29
6 9
1 25
20 26
0 15
1 15
4 29
22 15
6 16
25 29
0 2
3 8
13 5
13 8
1 26
6 5
18 15
14 8
25 26
20 3
6 23
18 3
16 26
12 8
16 10
17 10
23 14
18 28
16 8
1 14
6 14
25 9
26 29
12 5
18 2
16 28
1 2
17 11
1 13
18 16
22 23
0 20
11 15
19 10
12 10
25 28
13 28
24 14
18 17
12 19
17 9
4 9
1 4
0 1
9 29
9 29
0 17
19 15
15 29
0 12
17 9
0 18
9 29
25 24
14 29
0 25
6 13
0 6
28 29
28 29
0 25
10 29
0 12
12 19
10 29
0 12
1 11
0 1
15 29
20 2
2 29
23 5
5 29
0 18
16 29
13 11
11 15
0 1
15 29
11 15
20 17
0 20
15 29
0 1
2 29
18 16
0 18
28 29
0 18
2 29
5 29
0 12
18 26
0 18
9 29
0 25
0 6
14 29
0 1
14 29
18 16
0 18
0 18
28 29
22 23
14 29
20 17
0 20
10 29
18 16
0 18
10 29
0 12
18 16
26 29
0 18
3 26
26 29
0 18
23 14
0 6
14 29
3 26
0 20
26 29
26 29
0 25
6 23
23 14
0 6
0 18
15 29
0 6
5 29
26 29
0 1
1 13
0 1
1 13
0 1
5 29
20 3
0 20
2 29
0 25
16 26
26 29
0 6
15 29
1 4
0 1
0 1
15 29
15 29
0 20
26 29
25 29
0 1
9 4
4 29
0 6
0 18
20 21
0 20
20 7
0 20
0 6
7 29
27 11
11 7
4 29
0 18
0 27
21 29
27 25
0 1
12 7
0 27
7 29
27 11
7 29
0 18
4 29
0 20
13 5
8 13
21 29
0 8
15 1
0 8
1 29
10 2
7 29
2 7
0 20
0 10
10 17
4 29
0 10
9 4
4 29
25 21
28 25
21 29
0 28
21 29
28 18
0 28
28 25
4 29
23 21
21 29
10 19
0 10
20 29
26 20
20 29
0 28
12 7
7 29
18 21
28 12
0 28
21 29
0 27
4 29
26 25
0 26
7 29
19 20
24 19
20 29
4 29
0 28
20 29
28 16
0 28
7 29
0 28
28 13
19 20
20 29
4 18
18 22
0 4
0 24
22 29
6 22
14 8
0 24
22 29
24 14
7 29
0 24
13 29
24 14
4 17
0 4
24 6
17 29
0 24
4 17
28 12
0 28
10 9
7 16
16 10
12 29
0 7
12 29
0 19
19 20
7 16
22 29
0 7
4 27
6 4
24 6
12 29
0 24
24 6
12 29
0 24
0 19
