0
298
14 27
0 18
14 18
14 19
10 27
22 18
13 15
13 18
15 27
14 1
13 27
26 18
11 27
20 3
0 27
11 8
11 23
24 1
11 24
24 3
13 4
14 20
12 22
15 2
0 14
11 3
6 23
18 27
13 3
12 24
6 4
13 20
0 12
8 27
20 1
7 27
5 27
24 27
4 27
1 27
0 20
23 3
0 2
3 27
15 17
16 2
0 26
13 26
6 22
16 22
9 17
17 27
0 6
13 6
13 16
25 26
11 16
13 25
10 26
5 25
24 20
9 20
0 25
0 23
15 26
0 11
9 2
5 23
0 16
24 26
7 16
0 13
7 22
24 22
5 16
7 19
8 2
0 19
5 19
8 16
7 10
8 22
24 19
24 16
0 22
5 21
7 20
15 16
18 2
5 6
1 23
15 9
7 25
4 20
7 23
24 10
15 23
24 9
15 12
12 27
0 15
0 24
9 27
23 27
0 15
10 16
0 24
16 27
0 7
23 27
20 27
0 4
0 7
25 27
0 15
9 27
23 27
0 1
0 5
6 27
24 18
2 27
0 24
0 15
16 27
0 7
20 27
0 5
21 27
22 27
0 24
16 27
0 24
19 27
0 8
22 27
10 16
0 7
16 27
0 8
16 27
0 5
19 27
19 27
2 27
0 8
0 7
19 27
0 5
16 27
0 24
22 27
0 7
22 27
13 2
2 27
0 7
16 27
0 24
16 27
0 5
23 27
13 9
0 13
2 27
11 26
11 15
0 11
23 27
25 27
13 9
0 13
20 27
0 24
20 27
0 5
25 27
7 10
0 7
0 13
25 27
0 11
16 27
13 25
0 13
0 13
16 27
0 13
6 27
6 27
0 17
13 9
0 13
17 27
13 16
22 17
0 13
17 27
22 17
17 27
0 6
0 13
13 16
0 13
2 27
11 15
0 11
17 27
0 3
2 27
3 27
0 23
20 27
0 1
0 4
0 24
0 5
0 7
1 27
0 20
0 8
12 27
20 1
1 27
0 13
4 27
0 6
0 12
24 27
3 27
0 13
6 18
0 6
18 27
23 18
0 6
3 27
0 11
14 4
4 27
18 27
14 15
2 18
0 14
22 24
18 27
24 18
0 12
20 1
0 14
1 27
0 13
4 27
14 20
20 24
0 14
3 27
24 3
3 27
0 11
11 24
1 27
0 11
18 27
23 18
0 11
0 11
8 27
14 20
0 14
3 27
0 11
18 27
14 26
0 14
0 13
0 14
1 27
14 15
0 14
18 27
0 13
15 27
0 13
12 22
18 27
0 12
14 10
0 14
19 7
7 10
10 27
0 14
18 27
0 14
18 27
18 14
0 18
