0
338
2 28
8 28
18 10
19 28
15 22
6 12
0 28
17 13
7 12
0 2
0 18
25 13
0 4
1 20
24 15
24 11
10 13
24 12
5 28
7 22
20 28
9 10
24 16
0 24
1 12
9 15
13 12
16 15
16 19
9 21
0 1
18 15
10 12
8 4
27 6
19 10
27 21
7 18
7 4
11 1
15 28
8 17
7 16
27 4
0 8
5 12
27 26
11 21
26 21
26 14
7 25
0 13
2 6
26 17
6 10
0 27
7 19
0 11
3 10
12 28
0 9
0 6
0 7
19 1
5 10
0 26
3 1
19 23
19 17
3 13
15 6
0 3
5 3
0 25
5 2
10 28
5 4
19 25
5 25
20 13
5 27
14 28
21 28
15 17
17 28
23 24
23 6
5 23
0 5
8 13
17 24
0 22
1 28
15 26
16 4
0 23
2 25
17 4
19 22
15 27
0 15
27 28
0 19
22 28
4 28
0 17
15 2
0 15
25 28
23 28
4 28
0 16
0 15
26 28
0 15
15 1
22 28
24 28
0 17
19 8
0 19
13 28
5 24
24 28
0 5
23 28
5 23
0 5
6 28
5 23
0 5
24 28
0 17
0 15
17 28
0 21
0 14
0 5
27 28
22 20
13 28
0 22
0 5
25 28
0 19
25 28
0 5
4 28
15 10
0 15
2 21
0 5
21 28
25 28
0 5
3 28
3 28
0 15
6 28
0 3
13 28
0 19
17 28
23 10
10 28
0 19
1 28
0 3
26 28
0 5
10 28
0 19
1 28
7 6
6 28
6 28
9 28
0 12
10 28
0 3
11 28
19 1
0 7
1 28
27 28
10 28
0 6
12 28
17 12
0 26
7 2
6 10
0 7
10 28
13 28
0 7
25 28
14 12
12 28
0 26
0 26
21 28
0 11
21 28
26 21
0 27
21 28
12 28
0 5
8 13
13 28
0 27
4 28
0 7
16 12
12 28
0 8
12 28
17 12
0 15
0 11
1 28
0 7
4 28
18 12
0 7
12 28
0 27
21 28
7 19
0 7
10 28
6 15
0 27
15 28
0 8
4 28
19 10
7 19
0 7
12 28
7 18
0 7
15 28
1 28
0 9
21 28
10 12
7 16
19 10
0 7
12 28
7 16
0 7
15 28
0 8
8 13
12 28
0 9
15 28
12 28
0 1
24 28
16 15
0 24
15 28
10 12
0 9
12 28
11 20
0 11
20 28
22 20
0 7
0 5
12 13
13 20
20 28
0 24
24 12
12 10
13 20
20 28
0 24
20 28
0 24
11 20
5 28
15 5
0 24
24 12
12 1
20 28
0 24
4 27
27 21
20 28
21 20
0 4
7 25
13 20
4 7
20 28
18 15
5 28
15 5
5 28
2 5
0 4
1 20
12 1
4 7
20 28
0 4
27 26
26 17
4 27
13 20
20 28
1 20
2 6
0 2
12 1
20 28
0 18
18 15
20 28
22 20
0 4
23 19
4 27
27 23
19 28
0 18
10 19
0 4
4 8
0 2
