0
302
3 4
3 8
3 12
3 16
3 20
3 24
3 28
7 4
7 8
7 12
7 16
7 20
7 24
7 28
11 4
11 8
11 12
11 16
11 20
11 24
11 28
15 4
15 8
15 12
15 16
15 20
15 24
15 28
19 4
19 8
19 12
19 16
19 20
19 24
19 28
23 4
23 8
23 12
23 16
23 20
23 24
23 28
27 4
27 8
27 12
27 16
27 20
27 24
0 1
0 5
0 9
0 13
0 17
0 21
25 2
25 6
25 10
25 14
25 18
25 22
25 26
25 1
25 5
25 9
25 13
25 17
21 2
21 6
21 10
21 14
21 18
21 22
21 26
21 1
21 5
21 9
21 13
17 2
17 6
17 10
17 14
17 18
17 22
17 26
17 1
17 5
17 9
13 2
13 6
13 10
13 14
13 18
13 22
13 26
26 27
22 27
18 27
14 27
10 27
6 27
2 27
9 2
2 27
5 2
2 27
1 2
2 27
26 27
22 27
18 27
14 27
10 27
6 27
2 27
13 2
2 27
9 2
2 27
5 2
2 27
1 2
2 27
26 27
22 27
18 27
14 27
10 27
6 27
2 27
17 2
2 27
13 2
2 27
9 2
2 27
5 2
2 27
1 2
2 27
26 27
22 27
18 27
14 27
10 27
6 27
2 27
21 2
2 27
17 2
2 27
13 2
2 27
9 2
2 27
5 2
2 27
1 2
2 27
0 1
1 2
2 27
0 1
1 2
2 27
0 1
1 2
2 27
0 1
1 2
2 27
0 1
1 2
2 27
0 1
1 2
2 27
0 1
1 2
2 23
0 1
1 2
2 23
0 1
1 2
2 23
0 1
1 2
2 23
0 1
1 2
2 23
0 1
1 2
2 23
0 1
1 2
2 23
0 1
1 2
2 19
0 1
1 2
2 19
0 1
1 2
2 19
0 1
1 2
2 19
0 1
1 2
2 19
0 1
1 2
2 19
0 1
1 2
2 19
0 1
1 2
2 15
0 1
1 2
2 15
0 1
1 2
2 15
0 1
1 2
2 15
0 1
1 2
2 15
0 1
1 2
2 15
0 1
1 2
2 15
0 1
1 2
2 11
0 1
1 2
2 11
0 1
1 2
2 11
0 1
1 2
2 11
0 1
1 2
2 11
0 1
1 2
2 11
0 1
1 2
2 11
0 1
1 2
2 7
0 1
1 2
2 7
0 1
1 2
2 7
0 1
1 2
2 7
0 1
1 2
2 7
0 1
1 2
2 7
0 1
1 2
2 7
0 1
1 2
2 3
0 1
1 2
2 3
0 1
1 2
2 3
0 1
1 2
2 3
0 1
1 2
2 3
0 1
1 2
2 3
0 1
1 2
2 3
