0
311
5 18
18 24
0 5
7 4
7 9
16 8
0 24
14 23
14 6
20 6
14 20
0 18
7 23
8 4
7 16
0 7
2 6
4 24
2 24
9 13
15 19
9 20
14 15
9 10
20 24
12 10
1 23
8 10
12 21
21 24
11 16
8 23
13 6
0 14
11 10
6 24
9 16
3 5
17 23
13 23
5 24
3 10
9 1
9 4
23 24
10 24
8 1
18 1
11 19
8 19
0 9
0 11
2 13
20 22
22 24
2 9
0 2
19 24
20 13
0 8
21 7
1 24
13 24
4 3
12 24
10 7
21 15
22 15
17 3
21 18
4 14
20 5
22 7
12 7
21 3
20 11
0 20
0 16
19 7
21 17
21 8
15 24
13 11
3 24
12 14
18 9
10 16
13 14
19 16
4 18
10 14
0 17
13 7
21 2
12 9
6 11
13 18
1 7
0 21
21 14
14 24
7 24
0 1
18 11
11 24
0 13
11 24
0 6
9 24
0 12
2 7
7 24
0 21
7 24
0 13
17 24
14 24
0 10
18 11
0 4
11 24
0 19
16 24
14 24
0 13
0 10
16 24
4 18
0 4
9 24
14 24
0 12
0 3
11 24
0 13
0 15
0 21
0 21
17 24
7 24
0 19
16 24
7 24
20 7
0 20
11 24
0 21
3 24
7 24
0 12
7 24
0 22
5 7
0 20
7 24
0 4
14 24
18 15
0 21
15 24
21 17
0 21
3 24
0 22
15 24
0 21
15 24
7 24
0 10
0 12
0 4
3 24
0 13
0 1
7 24
0 21
0 20
13 24
0 19
1 24
2 1
0 2
9 24
0 22
0 20
22 24
0 2
13 24
11 24
9 24
19 24
0 8
0 11
19 24
2 18
0 2
1 24
1 24
0 8
0 10
18 23
2 18
0 2
4 10
10 24
0 9
0 9
1 24
4 3
9 4
10 24
0 9
20 5
0 20
2 13
23 24
0 2
3 17
4 3
9 4
23 24
0 9
4 3
9 4
5 24
0 9
16 5
5 24
0 9
11 6
0 11
10 24
0 11
10 24
14 10
2 13
6 24
0 2
23 24
0 8
16 5
5 24
0 11
0 21
0 14
21 24
14 12
10 24
0 8
23 24
0 14
14 1
0 14
10 24
14 12
0 20
10 24
0 9
0 14
21 24
15 21
20 24
0 9
14 15
19 16
16 5
5 24
0 14
13 6
6 24
0 9
0 2
0 14
14 4
6 24
0 2
7 10
10 24
16 5
0 7
5 24
10 8
4 24
0 7
7 10
0 7
23 24
18 21
21 24
0 14
20 24
14 20
0 14
6 24
0 14
6 24
23 24
0 14
8 4
4 24
7 16
0 7
4 24
9 4
0 7
4 24
0 7
5 24
0 18
0 5
18 24
