0
296
15 29
26 25
14 21
25 29
0 12
13 29
14 16
16 29
7 4
25 4
15 12
14 6
15 26
27 4
3 27
16 27
19 6
14 12
15 22
3 6
0 14
0 15
26 23
25 23
8 23
1 23
2 4
4 29
0 19
25 21
9 21
26 12
21 10
0 5
0 26
9 22
0 21
11 12
0 11
6 29
10 29
9 3
0 28
16 23
25 22
9 20
8 17
8 22
8 26
10 23
13 11
23 29
0 29
8 20
9 7
25 3
12 29
13 20
6 7
27 29
18 7
25 1
16 11
2 7
17 29
2 19
13 14
9 1
6 20
0 25
9 28
0 9
16 5
13 1
20 29
2 28
24 11
24 28
0 1
6 11
22 29
0 8
24 19
6 26
17 28
0 13
17 26
24 5
6 21
17 15
24 1
0 16
3 29
2 1
0 2
27 19
24 14
22 5
22 19
24 21
21 29
0 24
17 22
19 29
0 17
17 22
5 29
0 17
14 29
0 24
19 29
0 27
2 29
0 2
1 29
0 2
2 3
16 21
21 29
0 24
1 29
15 3
3 29
0 17
21 29
0 6
5 29
0 24
26 29
0 17
7 29
13 7
28 29
0 17
26 29
0 6
19 29
0 24
8 29
0 13
13 22
11 29
0 6
1 29
28 29
0 24
11 29
0 24
0 2
28 29
0 20
0 13
1 29
0 16
5 29
19 29
9 19
0 9
28 29
25 11
11 29
20 29
0 6
0 9
1 29
0 13
14 29
19 29
0 2
0 17
7 29
0 2
0 16
11 29
0 25
1 29
25 1
1 18
0 25
7 29
0 27
7 29
0 6
0 13
20 29
0 9
9 12
0 25
3 29
0 9
7 29
0 8
20 29
0 9
9 23
0 13
11 29
23 29
0 10
0 8
26 29
22 29
0 8
0 8
17 29
0 9
20 29
0 25
22 29
23 29
0 16
28 29
0 9
3 29
0 10
0 6
11 29
12 29
0 11
21 29
0 9
22 29
26 29
5 29
10 29
0 21
12 29
0 26
21 10
10 29
0 9
21 10
10 29
0 25
19 29
28 4
0 28
4 29
0 2
25 1
23 29
0 25
23 29
0 8
23 29
0 25
23 29
0 26
27 29
15 27
14 29
0 15
15 3
6 29
0 15
22 29
0 14
12 29
6 29
0 19
27 29
0 16
0 15
15 3
27 29
3 27
0 15
15 3
4 29
26 23
0 15
23 29
0 14
6 29
0 15
12 29
4 29
0 25
6 7
14 6
4 29
0 14
0 16
16 29
0 14
0 13
12 29
0 25
21 25
25 29
0 12
12 14
25 29
0 12
12 26
0 15
