0
257
26 29
25 29
0 4
0 3
0 1
27 29
25 28
2 4
10 28
18 4
12 19
12 4
2 18
12 20
2 25
22 7
2 8
9 20
9 3
1 23
14 19
12 23
12 15
13 1
22 9
10 3
21 7
18 5
14 3
20 19
9 15
1 26
3 17
5 19
27 16
12 21
24 19
12 18
1 18
12 27
2 13
6 18
22 6
10 27
25 16
12 10
25 15
2 22
14 25
19 28
23 17
15 4
22 13
21 25
14 11
14 21
22 1
15 16
5 25
27 25
20 27
3 18
11 9
5 11
14 20
26 11
27 18
24 7
15 3
7 19
18 16
4 28
5 20
3 25
3 25
5 20
3 25
4 28
5 20
4 28
5 20
3 25
7 19
4 28
3 25
5 15
27 24
15 27
7 19
4 28
5 15
18 16
15 27
4 28
5 15
18 16
4 28
7 19
4 28
3 25
18 16
4 28
5 11
4 28
18 16
14 20
4 28
27 18
18 16
14 20
4 28
20 27
14 20
7 19
4 28
7 19
4 28
4 28
5 15
24 7
7 19
4 28
24 7
7 19
4 28
11 9
4 28
14 21
7 19
4 28
4 28
4 28
5 15
22 13
19 28
7 19
14 25
19 28
7 19
2 22
15 4
14 25
4 28
25 15
15 4
4 28
12 10
19 28
12 10
15 4
27 15
4 28
2 22
15 4
27 15
4 28
22 6
2 22
18 16
19 28
19 28
15 4
27 15
4 28
22 1
2 22
18 16
19 28
18 16
19 28
12 27
27 24
19 28
24 19
19 28
12 27
19 28
2 22
19 28
12 18
18 3
5 19
22 1
2 22
19 28
2 13
15 4
4 28
27 20
12 27
19 28
3 17
2 22
5 19
12 18
19 28
12 21
19 28
7 19
3 17
12 10
9 15
2 22
15 4
4 28
1 18
18 5
5 19
2 13
19 28
15 4
4 28
23 17
2 22
19 28
13 1
2 13
23 17
22 9
3 17
2 22
22 9
20 19
2 22
19 28
8 15
15 4
4 28
2 22
19 28
7 19
5 19
25 5
19 28
20 19
19 28
18 5
5 19
19 28
4 28
19 28
2 18
4 28
2 25
4 28
2 25
25 27
2 25
27 29
1 18
18 27
3 10
10 28
4 28
2 25
0 1
1 26
