0
303
0 4
7 4
0 6
7 11
16 11
7 16
5 17
18 23
0 7
12 23
15 23
9 19
9 17
0 11
0 23
10 5
15 17
21 6
3 19
9 8
8 23
9 6
0 3
0 9
0 10
1 12
14 23
1 20
19 23
18 4
1 4
15 6
13 12
15 3
13 21
8 16
14 17
8 6
12 6
13 3
16 23
14 20
5 20
22 3
13 2
15 11
22 4
17 23
13 4
12 4
12 11
12 3
13 9
0 1
18 2
8 4
15 10
21 3
15 9
14 3
8 3
2 20
2 11
11 23
14 9
20 23
6 23
14 22
15 2
18 9
13 1
18 22
0 5
15 5
19 4
21 10
12 5
20 4
16 4
0 18
0 15
12 9
16 5
12 22
11 4
14 5
19 2
7 5
11 3
4 23
0 13
16 9
12 2
8 17
8 7
0 8
19 10
16 10
0 14
21 22
0 21
22 23
2 23
14 2
10 23
0 16
10 23
0 19
8 2
2 23
3 23
0 8
7 3
3 23
0 8
17 3
2 23
9 23
0 16
13 5
21 4
0 21
0 13
3 23
13 11
8 7
0 8
2 23
0 19
0 14
0 13
4 23
13 11
22 23
0 16
9 23
15 22
22 23
18 10
10 23
4 23
0 16
0 18
4 23
18 20
10 23
0 21
4 23
0 19
0 15
0 18
22 23
1 3
0 13
3 23
0 18
9 23
0 15
2 23
0 14
22 23
0 14
14 6
0 18
18 20
9 20
20 23
0 14
0 13
13 11
15 2
11 23
0 15
15 2
20 23
0 15
3 23
0 8
3 23
0 14
9 20
20 23
0 15
3 23
0 21
0 15
10 23
4 23
0 8
2 20
20 23
0 18
1 3
3 23
9 20
20 23
0 13
3 23
11 23
4 23
0 13
4 23
8 17
0 8
1 22
0 1
4 23
11 23
0 15
2 20
20 23
0 13
1 22
0 1
3 23
1 5
0 1
20 23
20 23
0 14
0 16
0 13
3 23
6 23
6 23
0 8
17 23
0 14
16 23
0 8
21 3
0 13
3 23
0 15
3 23
12 6
6 23
0 13
6 23
0 15
0 1
4 23
0 18
4 23
0 19
0 1
20 23
0 14
12 6
6 23
0 1
10 23
9 16
16 23
3 23
0 9
6 23
0 8
0 9
8 23
19 23
0 3
13 21
9 13
0 9
6 23
17 23
0 15
5 20
0 10
20 23
11 23
17 23
0 9
19 23
0 9
0 15
1 12
0 1
7 5
12 23
5 12
0 18
0 7
17 15
7 5
15 23
0 7
16 23
7 16
0 7
12 23
11 12
0 7
12 23
11 12
12 23
6 12
0 7
4 18
18 23
4 18
18 23
