0
314
0 27
0 9
0 15
3 4
0 6
7 25
3 17
1 25
11 21
19 15
9 27
13 21
0 7
22 8
14 10
8 26
4 27
0 3
25 27
0 11
22 2
16 2
19 2
16 14
4 21
10 27
15 27
0 5
26 6
14 2
14 23
18 2
9 24
16 12
0 14
21 27
22 9
10 6
0 16
19 17
0 22
19 20
10 24
2 27
0 19
8 27
10 25
2 11
8 6
20 27
8 23
24 27
23 27
24 6
26 11
2 6
1 6
20 14
13 14
18 11
7 11
13 7
0 13
0 18
10 22
12 14
1 12
10 18
12 6
20 18
17 27
1 5
17 11
10 26
24 11
23 11
7 6
20 7
0 26
1 3
1 11
1 13
8 3
20 13
8 7
0 1
10 15
17 14
12 27
17 13
20 16
11 27
8 9
2 13
0 10
6 27
4 5
2 5
3 14
2 3
0 2
3 27
2 3
14 27
0 2
5 27
0 2
5 27
0 4
23 6
0 23
10 16
16 27
0 2
13 27
6 27
9 6
0 8
20 11
0 20
0 20
16 27
13 27
0 17
0 12
14 27
0 17
15 7
0 10
7 27
1 27
7 27
0 8
0 20
13 27
3 14
14 27
0 8
0 1
13 27
11 27
0 1
3 14
14 27
0 1
26 27
7 27
0 20
20 7
6 27
0 20
11 27
0 23
11 27
0 24
0 10
26 27
11 27
0 17
5 27
0 1
0 17
0 20
18 27
6 27
0 12
0 10
18 27
12 6
6 27
0 1
1 12
14 27
0 1
0 10
22 27
18 27
13 27
7 6
6 27
0 13
13 7
11 27
0 13
11 27
0 18
14 27
0 13
14 27
0 20
6 27
0 1
6 27
0 2
10 26
0 10
11 27
6 27
0 24
0 23
0 24
23 27
0 8
0 20
6 27
0 8
11 27
0 2
25 24
24 27
0 10
0 8
6 27
19 6
0 2
24 27
0 10
0 19
20 27
22 27
0 19
17 27
16 27
6 27
0 10
9 8
0 22
8 27
0 22
22 21
14 27
12 1
21 27
1 21
0 16
22 9
0 22
24 27
20 18
19 20
0 19
2 27
23 27
0 14
2 27
0 14
9 26
22 9
0 22
6 27
5 27
22 13
0 22
13 15
0 10
21 27
0 5
5 4
14 2
0 16
2 27
0 19
2 27
0 16
2 27
0 22
2 27
11 27
16 25
0 16
25 27
3 25
0 5
5 4
0 3
4 27
3 8
26 4
0 3
10 25
3 14
25 27
8 26
4 27
26 4
0 22
15 27
7 15
0 7
7 13
21 27
22 9
0 22
15 27
0 19
7 11
0 7
21 27
0 3
3 1
25 27
19 15
17 19
0 3
15 27
0 7
25 27
6 26
26 9
9 27
0 3
4 27
15 27
9 27
