0
344
0 16
7 9
7 23
12 17
7 19
24 11
17 28
28 29
0 2
5 9
26 9
0 24
1 6
18 22
0 18
25 3
0 7
0 13
0 25
27 24
20 6
4 6
27 12
27 5
27 21
17 5
27 22
14 2
27 20
10 6
23 13
26 13
6 2
14 26
17 22
28 24
14 5
23 2
27 4
9 29
28 22
0 29
2 29
28 10
21 5
18 26
10 13
18 24
5 24
19 16
24 29
28 11
1 16
28 19
27 7
1 8
26 29
0 27
21 11
20 5
28 8
17 10
10 29
20 8
22 29
25 5
14 25
9 13
28 23
17 1
8 29
14 1
17 18
0 1
0 17
20 1
13 29
0 12
26 5
4 16
28 15
3 12
14 18
10 11
3 1
14 6
14 21
0 14
3 6
11 29
23 6
10 18
0 28
10 23
4 23
0 20
15 29
15 12
6 29
0 6
12 29
0 15
0 15
20 29
0 4
23 29
0 10
23 29
5 29
28 5
18 5
5 29
0 10
10 23
6 29
0 10
0 11
6 29
0 3
14 29
0 14
21 29
0 14
6 29
0 3
1 29
11 29
0 10
18 5
0 14
5 29
0 3
12 29
0 28
15 29
16 29
0 4
5 29
0 26
12 29
0 14
14 13
0 20
1 29
16 29
17 16
1 29
18 5
0 17
5 29
0 14
1 29
0 8
0 17
1 29
23 6
0 28
6 29
13 29
14 9
0 14
25 13
13 29
0 14
14 25
0 14
5 29
0 22
8 29
0 20
0 10
0 17
10 29
8 29
0 28
5 29
0 20
14 21
0 14
11 29
27 11
11 29
0 26
17 1
0 17
8 29
0 27
7 29
19 22
22 29
0 28
17 1
0 17
16 29
0 28
11 29
0 17
17 24
28 19
16 29
0 28
7 5
27 7
0 27
24 29
17 18
24 29
0 17
17 10
13 29
0 17
17 18
0 17
26 29
5 24
14 21
24 29
0 14
10 13
13 29
0 28
27 7
7 2
0 27
22 29
0 28
27 23
0 27
23 9
9 29
0 27
4 9
2 29
27 23
0 27
5 24
24 29
0 14
24 29
0 28
0 17
22 29
26 29
0 14
19 6
28 19
2 29
0 28
14 26
13 29
0 14
27 23
0 27
13 29
6 2
28 10
2 29
0 28
16 19
6 2
20 1
19 6
1 16
2 29
0 27
2 29
0 14
0 27
22 29
5 24
24 29
0 17
21 5
5 24
0 27
24 29
5 24
0 27
24 29
9 29
12 9
0 27
6 2
27 4
2 29
0 27
27 20
6 2
2 29
0 27
0 27
24 29
5 24
25 5
24 29
13 29
2 29
7 2
3 12
0 25
9 29
12 9
9 29
18 9
0 18
22 29
6 2
25 3
0 25
3 1
2 29
24 29
18 26
0 18
9 29
0 25
25 5
9 29
2 29
24 28
0 24
5 17
0 25
28 29
25 5
11 28
28 29
0 24
19 28
28 29
0 7
17 28
25 3
3 12
0 25
28 29
23 28
28 29
0 7
0 7
9 29
16 19
19 28
28 29
