0
311
0 26
0 16
20 10
7 26
10 26
8 26
7 11
4 13
15 6
24 13
6 26
13 26
20 16
12 11
0 24
7 21
23 11
0 23
9 21
13 11
18 25
20 15
20 3
21 26
0 20
25 24
7 24
1 24
11 26
0 1
12 17
0 9
13 17
18 15
10 19
7 1
13 16
7 5
7 25
7 19
21 2
0 7
0 10
12 22
13 15
12 1
21 22
8 25
6 25
21 24
0 12
13 23
16 26
6 22
11 3
15 26
19 24
8 5
6 1
18 24
22 26
13 6
17 26
17 24
18 23
8 18
21 3
5 3
22 1
5 18
17 25
0 13
8 1
22 24
11 18
25 26
24 26
8 3
17 23
0 21
0 5
17 1
22 18
15 23
8 9
6 23
6 20
11 1
4 26
23 26
8 13
18 26
14 1
3 26
25 1
8 12
4 20
17 20
11 14
15 1
1 26
0 15
0 11
14 26
20 26
0 17
20 26
0 4
0 8
12 26
1 26
0 25
0 3
11 14
0 11
1 26
0 18
13 1
0 8
1 26
0 8
8 23
0 4
0 11
1 26
11 6
0 11
20 26
11 6
23 26
0 11
9 23
23 26
0 8
23 26
0 15
18 26
0 22
1 26
0 17
5 26
21 18
18 26
23 26
0 17
0 8
3 26
0 11
11 24
0 25
0 11
18 26
24 26
0 22
0 8
1 26
13 1
1 26
25 26
0 17
18 26
0 5
1 26
0 22
3 26
0 5
0 21
3 26
0 8
18 26
8 18
23 26
0 8
24 26
0 17
0 17
6 23
0 13
23 26
0 22
8 18
24 26
0 8
13 6
0 13
1 26
5 18
18 24
24 26
0 8
13 19
24 26
0 13
0 15
0 11
3 26
13 6
0 13
22 26
21 16
0 21
0 13
23 26
12 26
24 26
0 21
13 6
0 13
25 26
0 8
25 26
0 21
22 26
0 12
1 26
0 13
15 26
0 12
22 26
16 26
10 16
7 15
15 26
2 15
0 21
15 26
19 24
0 7
24 26
0 7
25 26
5 3
3 16
0 7
16 26
16 26
0 13
0 7
1 26
19 24
0 10
24 26
7 5
5 18
0 7
15 26
0 13
17 26
9 17
17 26
0 12
17 26
1 26
0 11
0 1
24 26
0 7
24 26
6 25
1 6
0 1
24 26
20 26
0 21
3 11
0 20
11 26
0 20
15 26
25 24
15 18
20 15
0 20
24 26
11 26
0 13
0 9
21 26
23 26
0 23
11 26
0 7
21 26
24 26
0 12
11 26
0 20
16 26
0 13
20 6
0 20
13 26
0 24
20 15
6 26
0 20
20 4
13 26
0 20
11 13
13 26
0 7
9 8
0 9
0 10
0 7
10 26
0 20
20 10
10 26
16 20
