0
300
19 29
6 25
20 16
0 20
5 29
0 8
28 29
5 17
22 29
3 13
21 29
15 29
3 25
13 29
4 9
0 4
17 29
27 25
25 29
0 6
2 27
0 29
16 29
0 3
27 29
26 1
0 26
7 18
12 14
1 8
10 8
7 8
0 7
21 8
28 14
0 2
22 14
25 20
11 29
15 14
23 14
19 7
28 20
19 6
21 10
27 20
17 20
21 9
24 14
14 29
10 20
10 18
0 5
24 8
12 3
20 29
21 28
15 9
28 18
0 19
21 15
11 18
10 26
9 29
21 26
18 29
0 10
1 3
15 8
0 23
0 24
21 12
0 1
21 1
8 29
27 26
21 23
11 3
0 21
27 13
14 4
6 4
13 26
27 24
28 7
22 7
15 26
11 26
15 10
16 7
18 26
0 12
4 29
16 10
15 24
27 10
16 26
9 7
25 10
15 3
3 29
0 15
0 25
10 29
7 29
0 9
26 29
0 16
0 27
10 29
0 15
24 29
0 16
10 29
11 4
0 11
12 29
26 29
0 18
7 29
0 16
0 15
10 29
26 29
0 11
26 29
0 15
7 29
0 22
7 29
0 28
0 27
24 29
26 29
0 13
27 6
4 29
0 27
4 29
0 14
13 26
26 29
0 27
21 2
2 29
3 29
0 11
0 21
23 29
26 29
0 27
16 8
0 16
0 21
1 29
1 29
8 29
0 21
12 8
24 29
23 29
8 29
0 15
3 29
0 1
10 29
0 18
0 21
26 29
0 9
0 10
26 29
18 29
0 11
15 8
8 29
0 21
19 4
4 29
19 28
0 19
18 29
21 15
0 21
9 29
28 18
0 21
18 29
23 20
0 23
19 12
0 19
3 29
8 29
0 24
5 4
4 29
18 29
0 10
20 29
0 10
0 14
14 29
0 24
0 21
9 29
0 19
20 29
19 17
20 29
0 27
10 20
20 29
0 21
6 4
0 19
4 29
5 28
0 5
20 29
0 19
7 29
14 29
0 23
21 15
14 29
0 21
0 11
0 5
20 29
5 25
19 22
0 19
14 29
2 29
5 28
0 5
14 29
8 29
0 21
7 29
0 7
8 29
21 10
8 29
0 21
19 1
0 19
8 29
19 12
0 19
14 29
0 7
18 29
26 29
1 8
8 29
0 26
0 27
3 29
0 7
7 16
27 29
0 2
6 27
27 29
0 5
5 25
25 29
0 6
6 27
2 17
0 2
4 29
17 29
9 17
0 4
0 6
6 13
25 29
0 3
0 6
6 15
0 21
13 29
0 3
19 22
0 19
17 29
0 5
0 6
6 28
8 29
0 5
20 29
16 29
0 20
25 29
0 6
0 19
