0
310
4 26
13 25
8 16
3 14
23 29
15 29
28 18
9 22
26 29
23 17
24 29
0 4
13 3
0 29
18 29
13 22
8 9
27 11
15 17
15 25
13 28
2 17
13 9
23 28
14 27
16 29
0 13
0 8
17 29
27 22
22 29
15 10
28 29
23 20
7 10
26 11
7 25
10 29
27 25
0 23
26 2
7 29
3 12
11 29
6 29
27 20
0 27
15 27
25 29
28 24
12 29
2 29
0 3
7 20
15 4
28 21
9 20
15 3
9 14
19 27
9 4
1 4
16 20
15 5
0 5
0 15
10 14
21 29
12 20
24 14
1 13
0 1
12 14
14 29
26 13
10 20
10 4
16 18
7 4
24 27
26 27
28 1
18 13
28 8
14 20
0 28
20 29
22 3
18 1
26 3
22 1
22 19
17 27
18 5
12 27
0 9
17 4
17 3
21 3
12 1
0 12
1 29
3 29
0 21
3 29
0 17
4 29
0 17
9 29
27 29
0 12
0 18
5 29
27 29
0 17
19 13
13 29
0 22
0 22
1 29
0 26
3 29
0 18
1 29
0 22
3 29
18 20
0 18
4 29
28 4
20 29
0 14
0 28
8 29
13 29
0 18
0 28
1 29
0 26
27 29
26 24
0 26
27 29
4 29
0 7
18 13
0 16
13 29
28 10
0 28
4 29
28 10
20 29
0 28
13 29
0 26
0 14
14 29
0 12
1 29
13 29
0 1
26 24
14 29
0 26
20 29
0 12
0 21
28 10
0 28
14 29
15 14
14 29
5 29
0 15
5 29
20 29
0 16
4 29
0 1
4 29
0 9
15 19
0 15
27 29
14 29
0 9
0 15
3 29
20 29
0 9
0 28
21 29
0 15
4 29
20 29
0 7
3 29
15 2
0 15
0 12
24 14
0 28
14 29
0 25
0 15
27 29
27 29
20 29
0 27
0 6
28 11
0 28
12 29
0 3
0 7
2 29
0 26
23 25
25 29
25 29
0 27
28 10
0 28
25 29
0 7
11 29
0 26
10 29
0 7
0 23
20 29
0 28
10 29
0 15
0 22
22 29
0 27
27 17
0 27
8 4
4 10
10 29
13 29
0 16
0 8
17 29
27 17
8 14
0 23
28 29
9 11
0 13
11 29
26 2
17 29
0 13
13 26
0 13
28 29
25 17
17 29
0 15
17 29
0 15
14 27
0 8
11 29
8 14
0 8
9 11
11 29
0 13
22 29
0 13
13 18
17 29
3 17
0 13
4 10
10 29
23 24
0 23
17 29
0 23
17 2
2 26
23 17
0 23
0 4
4 9
22 29
18 29
13 28
0 13
0 15
0 23
14 27
13 3
15 29
27 15
0 13
16 18
18 29
0 8
25 15
15 29
0 13
26 29
0 4
