26
21
19
25
3
13
5
9
12
28
22
15
16
23
8
11
2
6
14
27
18
1
24
26
7
4
10
86
0 17
20 29
0 10
10 29
4 29
0 4
7 29
0 7
26 29
17 26
0 17
17 24
0 17
24 29
1 29
0 1
18 29
0 18
27 4
0 27
4 29
7 14
14 29
0 7
6 14
14 29
0 6
2 29
0 2
11 1
1 29
27 11
0 27
0 8
8 26
26 29
4 23
27 4
0 27
23 29
16 29
2 16
0 2
7 14
15 7
14 29
0 15
22 2
16 29
2 16
27 22
0 27
15 28
16 29
28 16
0 15
12 1
0 8
1 29
8 12
15 9
9 16
16 29
0 15
5 29
0 5
23 4
24 23
4 5
13 24
5 29
0 13
0 3
3 29
23 4
0 25
4 5
25 23
5 29
19 23
23 4
4 5
0 19
5 29
0 21
21 29
