0
335
0 29
20 17
0 7
8 29
0 13
0 20
0 3
11 29
26 9
0 15
0 18
5 9
11 10
11 7
22 19
9 7
1 13
3 7
11 23
3 18
22 7
16 23
5 24
26 18
17 29
22 18
14 13
11 15
14 21
0 16
21 13
3 6
22 15
2 20
28 13
5 6
9 12
11 9
11 1
5 15
12 29
22 23
26 2
6 13
24 15
5 8
8 15
19 28
0 26
22 27
1 15
8 13
11 24
22 25
0 5
8 18
9 18
7 29
28 18
0 6
9 20
0 11
12 15
0 4
0 19
9 15
1 21
1 4
1 25
12 25
23 13
23 29
10 18
20 18
22 3
1 16
14 16
1 14
18 29
21 24
21 4
12 16
22 28
0 22
0 1
24 13
0 8
25 13
10 19
27 29
14 29
12 4
10 17
18 13
23 15
12 3
17 15
18 15
9 19
0 21
21 29
0 9
19 29
15 29
12 18
0 12
9 17
15 29
0 9
3 4
0 12
4 29
15 29
0 23
13 29
12 18
0 12
17 15
15 29
0 10
0 12
4 29
0 14
0 27
19 29
0 10
13 29
0 25
8 16
16 29
13 29
0 24
1 29
22 29
0 22
28 29
0 12
16 29
0 22
22 21
4 29
24 13
0 22
13 29
22 21
12 18
0 12
0 1
14 29
1 14
16 29
0 1
16 29
0 1
3 4
0 22
4 29
8 20
18 29
0 8
18 29
0 10
0 23
13 29
0 23
25 13
13 29
0 12
25 13
13 29
0 1
0 1
4 29
21 23
23 13
13 29
0 1
15 29
0 9
19 29
4 29
15 29
0 12
18 29
11 18
20 18
18 29
0 9
6 29
22 28
0 22
18 29
8 7
0 8
18 29
0 9
18 29
0 8
5 29
25 13
0 22
13 29
0 11
24 13
13 29
13 29
0 8
15 29
0 1
0 22
27 29
7 29
26 7
28 18
0 26
26 19
18 29
15 29
0 8
8 15
0 5
15 29
11 24
0 11
15 29
13 29
0 6
2 27
0 26
27 29
23 13
0 22
13 29
0 12
0 5
15 29
1 15
0 11
15 29
9 18
0 11
18 29
11 9
0 11
12 29
6 13
0 5
13 29
19 28
0 26
26 19
13 29
26 2
20 18
0 26
18 29
0 22
15 29
26 3
6 13
0 26
13 29
1 21
11 1
0 11
13 29
16 29
21 13
16 14
13 29
0 16
0 11
15 29
16 14
13 29
0 16
0 22
18 29
16 17
0 16
0 26
18 29
17 29
24 17
0 5
17 29
23 17
0 16
7 29
0 22
26 3
0 26
18 29
17 29
23 17
0 11
26 3
0 26
7 29
11 1
0 11
13 29
11 9
7 29
0 11
17 29
19 17
0 22
7 29
0 11
10 17
17 29
0 11
9 7
7 29
0 5
18 29
15 29
9 7
0 26
7 29
0 11
3 11
11 29
20 9
9 7
7 29
13 29
9 5
0 20
20 9
5 8
7 29
0 20
17 29
