0
406
0 5
25 6
3 28
3 6
0 25
3 5
0 28
11 9
15 28
5 28
8 28
20 2
12 6
20 11
0 20
6 28
9 5
0 22
14 21
17 26
26 28
14 3
24 27
24 25
11 2
4 22
16 2
4 15
16 25
6 27
13 7
27 2
21 28
3 20
21 7
21 2
2 28
14 11
23 12
12 9
8 25
19 1
17 1
8 20
13 9
21 20
16 11
13 20
17 27
10 27
10 11
24 18
5 27
8 1
22 25
5 26
18 9
19 23
15 20
22 9
3 11
8 27
25 28
17 23
15 1
4 19
24 13
7 28
17 19
14 19
15 27
16 19
18 13
24 21
16 13
17 3
18 21
8 21
5 19
12 13
15 26
14 10
26 27
8 13
6 10
11 27
24 6
5 10
10 13
10 19
23 11
15 3
10 3
1 7
25 20
4 5
8 23
26 13
26 3
4 16
16 6
0 4
21 27
20 28
18 26
0 4
4 18
20 28
13 27
18 26
0 4
4 18
20 28
13 27
23 13
14 8
0 14
20 28
13 27
23 13
0 4
20 28
5 23
10 22
22 11
0 4
20 28
4 10
4 5
0 4
20 28
5 23
0 4
20 28
4 10
12 15
24 12
20 28
25 20
4 5
0 4
20 28
5 23
0 4
20 28
4 10
13 27
0 4
20 28
4 10
4 5
10 13
13 27
0 4
20 28
21 27
20 28
23 11
4 5
0 4
20 28
5 23
24 6
10 13
13 27
20 28
13 27
14 8
0 14
20 28
18 26
0 4
4 18
20 28
10 13
13 27
0 14
20 28
26 27
14 10
10 15
0 14
20 28
24 12
13 27
20 28
4 5
0 4
20 28
14 8
0 14
21 27
20 28
0 4
4 18
21 27
20 28
4 17
0 4
20 28
4 16
13 27
0 4
20 28
21 27
20 28
13 27
0 4
4 18
20 28
4 16
0 4
20 28
14 10
10 15
0 14
20 28
0 14
20 28
4 17
0 4
20 28
1 7
4 5
0 4
5 23
13 27
20 28
0 4
20 28
7 28
1 7
14 10
10 15
0 14
7 28
4 17
1 7
0 4
4 19
0 4
25 28
14 8
0 14
17 3
4 17
25 28
0 4
14 10
10 22
0 14
14 10
10 15
0 14
20 28
15 20
23 15
4 19
0 4
20 28
0 4
4 18
26 15
15 20
4 5
0 4
20 28
25 28
14 10
10 22
0 14
7 28
1 7
14 8
0 14
25 28
4 5
0 4
18 9
25 28
14 10
0 14
25 28
14 10
0 14
4 17
25 28
0 4
24 13
20 28
4 16
25 28
0 4
24 21
20 28
24 13
14 8
0 14
20 28
7 28
4 17
1 7
0 4
7 28
1 7
4 19
0 4
25 28
14 8
0 14
24 12
19 23
12 9
4 19
0 4
25 28
0 14
24 13
2 28
24 21
7 28
24 21
11 3
14 11
0 14
20 28
24 21
11 27
2 28
14 11
0 14
7 28
24 13
27 2
24 6
2 28
4 16
25 28
0 4
2 28
0 4
2 28
4 16
0 4
22 25
25 28
0 4
2 28
14 11
0 14
25 28
27 2
2 28
3 11
11 2
2 28
0 14
15 26
4 15
0 4
14 3
26 28
3 17
0 14
21 28
0 14
22 25
25 28
26 28
5 26
22 9
0 22
24 6
20 28
11 2
2 28
0 20
6 28
9 12
22 9
0 22
2 28
0 20
20 8
0 20
9 5
22 9
0 22
20 15
0 20
20 11
5 28
9 5
0 20
5 28
20 3
0 20
25 28
6 28
20 3
0 20
20 3
0 20
6 28
0 25
5 28
