0
218
19 28
0 16
2 17
9 12
22 27
7 16
13 7
11 6
23 21
25 12
13 11
0 13
16 21
10 12
22 9
22 2
14 8
7 26
6 20
14 19
22 13
12 28
14 9
14 7
1 17
25 8
14 25
27 23
14 27
14 6
1 9
18 10
11 7
20 5
1 3
11 20
8 17
3 10
17 28
9 21
2 15
4 21
2 27
8 23
17 26
5 23
18 5
19 25
14 1
9 27
12 24
4 23
4 13
15 23
14 11
20 24
17 16
6 23
16 27
4 17
16 24
6 5
4 7
10 25
26 28
10 24
23 25
23 26
5 13
8 16
8 2
27 21
27 13
17 24
17 24
17 24
27 21
17 24
27 21
17 24
8 16
8 16
8 16
8 16
27 21
23 26
8 16
8 16
27 21
5 13
8 16
27 21
10 25
8 16
27 21
26 28
23 26
4 17
16 27
27 21
27 21
6 23
26 28
23 26
14 11
26 28
23 26
8 16
26 28
23 26
27 21
27 21
6 23
26 28
23 26
5 13
18 5
26 28
23 26
18 5
26 28
14 11
26 28
23 26
14 1
27 21
23 4
8 23
14 11
15 23
4 21
23 4
14 1
18 5
17 28
17 28
14 11
20 24
24 16
16 17
17 28
14 11
3 10
17 28
14 1
11 20
17 28
14 11
17 28
14 11
17 28
9 21
14 1
6 5
17 28
27 21
4 21
23 4
14 27
14 25
8 17
17 28
17 28
14 1
17 28
9 21
20 24
12 28
24 12
14 6
20 24
12 28
24 12
14 7
26 28
8 17
17 28
16 17
17 28
9 21
22 2
12 28
22 2
11 20
20 24
12 28
24 12
0 13
13 27
12 28
0 13
27 23
13 27
0 13
13 11
25 12
14 8
6 14
8 25
12 28
0 13
7 26
0 13
26 28
16 21
13 7
0 13
23 21
27 23
12 28
22 9
22 2
17 28
16 21
0 16
16 7
14 19
7 14
