0
298
1 4
8 11
10 14
7 11
9 11
10 4
4 11
8 10
13 23
14 23
2 7
14 24
14 18
8 3
5 3
3 7
0 1
14 26
13 28
13 26
13 16
2 5
23 29
28 29
14 21
14 19
2 9
2 4
2 8
13 18
11 14
20 29
12 14
15 18
13 21
24 29
3 6
0 2
4 12
16 29
10 13
13 17
27 29
15 17
26 29
10 15
9 12
10 7
5 12
11 13
1 8
10 5
7 12
10 6
15 21
15 19
15 22
12 13
25 29
15 28
14 17
15 16
15 20
14 22
5 11
6 11
15 24
15 27
13 19
25 13
27 13
25 13
13 19
27 13
13 19
15 24
13 19
15 24
13 19
5 11
14 22
5 11
14 22
5 11
15 16
5 11
14 17
5 11
5 11
25 29
13 25
5 11
5 11
5 11
15 21
6 11
12 13
25 29
13 25
15 21
5 11
12 13
25 29
13 25
10 5
25 29
5 11
13 25
10 5
12 13
25 29
13 25
7 12
12 13
25 29
13 25
12 13
25 29
13 25
15 21
10 15
10 15
9 12
12 13
13 27
9 12
12 13
13 17
10 15
15 16
16 29
15 16
16 29
10 15
15 16
6 10
16 29
10 15
15 16
6 10
10 13
3 6
6 10
10 13
3 6
6 10
3 6
10 15
6 10
4 12
16 29
3 6
15 20
10 15
6 10
3 6
16 29
6 11
10 13
3 6
6 10
12 14
0 2
16 29
12 14
0 2
4 12
16 29
13 18
10 13
0 2
2 4
12 14
0 2
4 12
2 4
12 14
0 2
4 12
2 4
12 14
0 2
4 12
2 9
0 2
10 15
28 29
5 12
12 14
0 2
2 5
5 12
0 2
16 29
12 13
2 5
5 12
0 2
26 29
12 13
2 5
28 29
5 12
0 2
12 13
2 5
5 12
12 14
0 2
26 29
13 28
7 10
28 29
10 13
13 28
7 10
28 29
10 13
3 7
13 28
7 10
2 5
28 29
10 13
0 2
3 7
2 8
13 28
7 10
28 29
10 13
0 2
2 5
5 12
12 14
0 2
2 5
5 12
24 29
12 14
0 2
13 28
7 10
28 29
10 13
0 2
23 29
2 5
5 12
12 14
0 2
23 29
2 7
7 10
10 13
0 2
13 23
23 29
2 8
10 13
0 2
11 14
14 23
23 29
2 4
0 2
4 11
11 14
8 10
14 23
23 29
2 8
0 2
11 14
14 23
23 29
2 9
0 2
11 14
14 23
23 29
2 7
0 2
8 10
14 23
23 29
2 8
0 2
11 14
14 23
23 29
2 8
0 2
4 10
10 14
14 23
23 29
0 1
