25
2
25
1
4
12
14
28
8
23
24
19
16
27
21
9
26
3
17
15
6
15
11
17
17
15
90
0 29
0 13
5 29
7 18
10 20
22 17
5 11
22 15
7 22
13 29
13 6
6 29
13 29
18 15
15 29
7 22
15 29
7 22
11 29
17 29
10 17
17 29
7 22
3 29
0 3
17 29
18 17
0 26
26 29
15 22
7 18
18 15
5 29
9 5
0 9
13 29
5 29
11 5
21 11
0 21
18 27
5 29
11 5
7 18
27 11
0 16
16 29
5 29
0 13
19 22
13 19
18 24
5 29
7 18
24 5
5 29
18 23
7 18
23 5
5 29
22 8
0 13
19 22
8 5
13 19
18 28
7 18
28 29
0 13
13 14
14 29
5 29
12 11
11 5
0 12
7 4
5 29
4 5
5 29
1 5
7 1
25 29
14 25
0 13
13 14
27 25
25 29
0 2
2 18
18 27
