27
7
1
21
12
28
17
13
2
25
23
19
24
3
9
5
4
22
14
8
16
10
15
18
27
11
26
10
83
0 29
6 26
0 6
20 29
0 26
26 29
0 11
11 29
0 27
27 29
18 29
0 18
0 15
15 29
10 29
0 10
26 10
0 6
10 29
16 29
0 16
27 8
8 29
0 27
14 8
8 29
0 14
0 22
22 29
4 16
0 4
16 29
4 5
5 29
0 4
22 9
9 16
0 22
16 29
9 11
11 3
22 9
0 22
3 29
26 3
24 26
0 24
3 29
19 5
0 19
5 29
23 29
0 23
25 29
24 26
26 25
0 24
24 2
25 29
0 24
2 25
13 29
0 13
17 29
22 17
0 22
0 28
28 29
12 22
17 29
0 12
22 17
21 8
17 29
8 17
0 21
12 22
1 29
22 1
0 12
17 29
7 17
0 7
