0
364
19 29
0 20
25 28
0 23
19 7
4 12
10 24
8 21
25 3
16 28
4 10
0 8
22 29
1 29
22 10
22 24
22 11
24 12
12 29
25 20
0 29
25 8
22 1
28 29
24 7
22 14
24 3
17 3
23 29
0 25
6 23
17 7
6 15
2 14
13 14
10 29
28 11
10 3
22 2
6 16
14 11
7 29
6 17
6 21
24 1
22 6
24 13
18 3
11 29
23 3
17 9
16 9
14 29
3 29
19 21
18 20
27 21
7 15
0 22
7 21
1 15
17 18
19 4
19 18
10 18
24 5
16 8
19 20
21 29
13 4
10 20
24 15
8 4
11 20
12 15
28 4
4 29
20 29
1 18
0 17
14 26
14 25
5 15
26 18
27 15
26 29
0 16
19 5
13 5
24 17
0 24
7 27
13 18
10 25
15 29
27 29
9 5
9 21
7 25
1 28
28 18
18 29
0 1
25 29
0 7
7 9
21 25
25 29
0 7
7 9
0 7
5 29
0 27
0 15
25 29
0 10
18 29
0 13
0 7
27 29
24 29
0 24
17 29
5 29
0 13
0 19
5 29
16 29
0 26
7 27
15 29
0 7
18 29
0 26
19 5
15 29
0 19
25 29
0 14
26 18
18 29
0 14
17 29
18 29
0 1
0 24
24 20
17 4
0 17
1 28
4 29
0 1
15 29
0 12
20 29
24 11
0 24
19 8
4 29
0 19
0 24
15 29
20 29
0 10
17 13
4 29
0 17
0 24
24 21
20 29
0 19
8 4
4 29
0 16
5 20
20 29
0 24
18 29
0 10
18 29
0 19
4 29
0 19
0 17
18 29
15 29
0 1
21 29
0 7
21 29
22 21
15 29
0 7
0 22
22 27
21 29
17 18
20 29
0 17
21 29
0 19
1 3
0 1
0 14
3 29
9 3
0 16
3 29
9 3
0 17
16 23
3 29
0 16
24 11
0 24
17 18
3 29
0 17
3 29
13 3
0 24
11 29
0 22
6 11
1 11
11 29
0 24
22 6
0 22
21 29
18 3
17 18
22 6
3 29
0 22
0 7
11 29
0 14
16 8
8 11
22 6
11 29
0 22
11 29
2 11
0 22
3 29
0 10
6 28
22 6
11 29
0 22
0 10
24 13
14 11
11 29
0 24
14 11
22 2
11 29
0 22
15 7
22 6
7 29
0 22
6 17
22 6
7 29
0 22
23 3
22 6
3 29
0 22
25 29
25 23
0 25
6 17
22 6
3 29
0 22
3 29
0 24
14 11
11 29
0 22
17 3
7 17
3 29
0 24
6 28
22 6
0 22
28 29
1 28
0 22
8 11
11 29
0 25
20 11
11 29
0 25
22 14
14 12
0 22
12 29
0 24
11 29
0 22
24 12
12 29
0 22
12 29
10 12
0 22
22 1
0 22
0 22
8 11
11 29
10 22
0 8
8 4
22 29
0 8
8 16
28 29
10 22
3 10
8 25
0 8
22 29
6 15
1 29
21 6
15 1
0 8
25 3
3 10
24 12
8 25
12 29
0 8
12 29
0 8
8 4
8 21
7 24
24 12
21 19
12 29
0 8
23 29
8 25
0 8
28 29
25 28
20 25
28 29
0 20
7 19
25 3
3 17
17 7
20 25
