0
96
1 8
14 20
0 7
9 15
21 22
1 7
10 16
15 22
2 3
0 1
6 7
6 13
21 15
12 13
19 13
20 21
12 19
14 15
14 8
8 9
8 15
16 23
9 10
22 23
16 17
3 10
4 11
10 17
4 5
13 7
13 7
13 7
13 7
10 17
13 7
13 7
13 7
10 17
13 7
13 7
16 23
13 7
16 23
13 7
8 9
16 23
16 23
14 15
16 23
12 19
14 15
16 23
12 19
14 15
16 23
14 15
16 23
20 21
12 13
16 23
21 15
20 21
16 23
8 9
16 23
16 23
3 10
0 1
10 17
22 23
0 1
8 15
2 3
3 10
0 1
16 23
15 22
22 23
0 1
8 15
1 7
22 23
0 1
15 22
22 23
0 1
21 22
22 23
20 21
0 7
21 22
22 23
15 22
22 23
0 1
8 15
