0
317
0 19
9 29
5 17
0 24
0 13
0 29
27 29
3 21
3 4
6 21
1 29
10 4
19 29
13 25
12 13
11 10
20 4
20 22
2 13
10 22
4 29
27 17
22 29
25 29
1 17
23 29
26 29
0 10
21 29
0 6
18 29
0 11
17 13
0 3
13 29
21 17
19 17
0 21
22 16
1 24
2 6
4 21
8 21
17 10
24 21
26 6
0 27
4 6
4 13
0 20
22 21
0 12
8 24
4 24
22 14
0 8
11 6
2 22
22 13
4 9
14 21
0 18
26 11
26 22
11 13
14 6
4 7
4 14
4 28
4 18
11 27
19 22
16 24
3 6
17 23
11 22
23 21
11 7
11 20
17 14
4 11
0 1
0 4
2 4
8 13
19 11
17 7
16 11
17 3
8 22
11 9
23 22
6 10
22 24
22 7
6 13
22 27
24 13
24 7
17 11
4 17
13 10
17 11
4 17
7 13
13 10
17 11
4 17
13 10
24 13
17 11
4 17
13 10
17 11
4 17
13 10
17 11
4 17
7 13
13 10
24 13
17 11
4 17
13 10
17 11
4 17
6 10
17 11
4 17
17 11
4 17
6 10
4 17
6 10
4 17
11 9
4 17
7 13
13 10
11 9
4 17
13 10
8 13
4 17
13 10
8 13
4 17
13 10
11 9
0 4
11 9
0 4
4 17
13 10
4 11
0 4
13 10
4 11
0 4
7 13
13 10
4 11
0 4
4 11
0 4
6 10
23 21
0 4
4 17
17 3
0 4
6 10
4 17
24 13
0 4
13 10
0 4
6 10
4 11
0 4
6 10
0 4
24 13
0 4
13 10
0 4
13 10
0 4
7 13
13 10
4 14
0 4
6 10
4 11
0 4
13 10
6 10
11 13
13 10
4 14
0 4
0 4
26 22
13 10
22 13
13 10
26 11
6 10
8 13
13 10
14 21
2 22
24 13
0 4
13 10
24 13
0 8
13 10
24 13
13 10
24 22
0 12
13 10
0 4
13 10
0 4
6 10
6 10
6 10
0 12
0 4
4 17
0 8
0 4
6 10
24 21
0 1
17 10
27 22
0 27
22 19
17 10
27 22
0 27
17 10
0 21
4 13
0 4
3 6
13 29
6 13
0 3
13 29
3 17
13 29
11 13
0 18
13 29
6 13
0 21
0 11
23 29
17 23
0 1
0 11
0 11
11 22
23 29
17 23
0 27
0 4
22 29
0 10
6 2
0 6
13 29
22 29
0 20
4 29
0 20
10 22
22 29
0 11
0 12
13 29
12 13
25 29
0 12
11 19
0 11
11 10
0 11
4 29
0 1
17 19
21 17
19 29
0 6
0 3
4 29
17 19
21 17
19 29
0 3
0 27
13 25
25 29
24 1
1 29
0 13
13 5
17 27
27 29
0 24
4 9
24 4
19 29
