0
332
0 16
7 8
21 28
0 26
24 28
0 10
0 14
7 14
0 5
0 28
18 28
21 24
8 28
17 9
13 28
9 28
18 14
16 3
4 1
20 28
2 14
19 7
2 7
13 23
2 5
13 15
0 2
19 11
9 10
11 23
11 14
6 10
9 12
0 4
20 16
18 6
21 12
5 7
20 24
14 28
13 5
24 10
9 1
27 7
3 7
25 12
26 23
7 28
11 12
23 28
21 5
18 11
18 15
13 1
9 15
26 6
20 12
9 22
12 28
14 10
23 10
10 28
20 19
9 16
17 1
27 5
18 17
24 2
24 1
24 17
19 16
25 11
22 6
0 19
22 1
6 28
18 4
0 18
24 16
9 19
20 4
0 22
24 8
26 16
12 1
0 13
21 15
0 25
1 28
27 2
17 28
0 20
12 5
0 21
1 16
9 20
15 5
7 16
0 9
15 11
11 28
0 15
9 11
11 28
16 28
0 7
5 28
0 15
0 9
5 28
20 5
16 28
0 1
16 28
21 16
5 28
0 12
5 28
20 5
0 17
21 27
0 21
2 28
0 1
25 28
15 5
0 21
5 28
13 2
2 28
1 28
0 12
20 26
0 20
16 28
8 2
0 24
2 28
22 28
0 20
4 28
0 9
19 28
0 24
16 28
18 16
16 28
0 18
4 28
0 6
1 28
0 22
19 28
6 28
0 22
11 6
6 28
0 25
0 19
16 28
0 24
17 28
0 24
1 28
0 24
2 28
0 18
17 28
18 27
0 18
5 28
18 17
0 18
1 28
0 9
16 28
19 16
0 20
16 28
0 13
13 10
10 28
0 21
21 23
10 28
9 14
0 9
0 12
22 6
0 9
6 28
0 20
12 28
18 26
0 18
6 28
15 11
11 6
0 9
6 28
0 13
1 28
15 11
11 6
0 18
6 28
11 6
0 18
6 28
0 21
5 28
0 21
21 23
18 11
0 18
12 28
0 7
18 26
23 28
0 18
12 28
0 25
18 15
15 3
7 28
0 18
18 27
7 28
0 18
0 9
1 28
10 28
0 24
0 13
5 28
9 14
0 9
24 10
10 28
0 20
13 5
7 28
0 13
0 21
12 28
0 18
6 28
0 20
16 28
14 28
4 14
0 9
12 28
18 6
10 28
0 18
18 11
14 28
0 18
18 11
23 28
0 18
10 28
0 9
11 23
20 19
23 28
0 20
2 28
11 23
15 11
23 28
0 13
5 7
0 2
7 28
23 28
0 13
0 2
7 28
20 19
7 28
0 20
14 28
0 2
0 20
16 20
1 16
0 4
20 28
3 7
4 1
1 16
0 4
7 28
14 28
0 18
0 9
0 13
4 1
1 17
0 4
9 28
2 8
0 2
24 8
8 28
0 21
0 18
5 2
8 28
2 8
0 5
5 7
14 28
14 28
10 28
0 5
5 2
2 24
16 20
24 28
20 24
26 16
0 5
5 21
0 5
8 28
5 7
16 20
24 28
20 24
