0
323
9 24
3 15
4 24
20 24
15 24
4 11
23 3
2 11
0 23
0 17
9 7
22 7
20 1
0 9
22 16
20 7
15 12
14 6
10 3
15 19
0 14
17 6
15 5
10 18
10 12
0 22
15 8
11 24
10 9
0 18
17 5
8 5
0 15
19 24
19 6
8 18
0 20
13 18
0 10
13 23
8 14
3 24
6 24
19 16
6 5
6 12
8 7
3 12
0 13
19 18
3 16
21 10
8 21
6 23
8 20
1 16
9 12
6 16
2 5
8 3
22 18
16 24
5 24
1 18
4 17
4 18
1 14
22 14
11 14
22 17
16 23
2 7
4 20
11 7
2 9
4 9
4 10
5 23
8 6
22 9
5 14
2 13
5 7
9 14
3 14
1 21
22 21
11 10
13 14
12 24
22 15
17 14
20 23
5 10
11 15
13 7
11 5
1 15
8 4
3 21
1 3
18 24
21 18
8 1
18 24
21 18
4 5
15 10
14 24
8 1
10 14
8 11
18 24
21 18
14 24
7 14
1 13
8 1
15 10
8 11
14 24
10 14
11 5
8 11
14 24
10 14
3 20
1 3
8 1
3 17
1 3
14 24
8 1
15 10
14 24
8 22
10 14
13 7
1 13
8 1
14 24
1 13
8 1
8 11
14 24
10 14
18 24
21 18
8 22
18 24
21 18
8 1
1 3
14 24
8 1
8 11
14 24
11 9
12 24
11 5
8 11
13 14
14 24
11 5
8 11
14 24
9 14
14 24
8 22
9 14
6 9
14 24
11 5
8 11
8 4
14 24
10 14
9 14
8 4
14 24
9 14
14 24
12 24
8 11
20 23
8 4
12 24
4 16
8 4
17 14
14 24
8 22
8 11
14 24
14 24
8 22
14 24
8 1
8 4
18 24
17 14
8 4
14 24
18 24
8 1
11 5
8 11
4 16
8 4
18 24
8 22
3 14
14 24
5 24
8 6
16 24
3 9
12 24
8 3
16 24
8 1
20 23
8 6
5 24
8 21
5 24
10 5
8 3
16 24
18 24
16 24
12 24
8 3
7 5
5 24
8 6
12 24
5 24
8 6
16 24
8 6
8 3
14 24
0 13
5 24
10 5
0 13
18 24
3 24
20 3
0 20
20 8
18 24
6 24
6 24
0 20
20 8
5 24
0 20
5 24
18 24
9 12
0 10
12 24
0 10
10 11
8 5
0 15
5 24
22 17
17 5
5 24
0 10
12 24
0 10
18 24
0 15
5 24
0 22
22 17
6 24
14 24
0 15
19 24
0 10
3 24
0 14
6 24
0 15
12 24
11 24
0 20
7 11
0 22
16 24
9 12
12 24
11 24
0 20
11 24
0 22
7 11
11 24
0 9
7 11
17 6
6 24
11 24
0 9
9 2
0 23
3 24
17 4
11 24
0 17
0 15
0 20
17 4
0 17
23 3
0 23
15 24
0 9
