0
299
0 17
8 4
0 5
0 8
15 4
10 19
0 2
7 19
0 19
4 19
1 12
15 1
15 13
12 19
7 5
10 16
0 15
16 19
3 5
12 5
1 5
3 19
8 19
4 11
14 19
7 1
10 1
3 2
2 5
0 9
5 19
4 1
17 1
10 2
0 7
13 2
12 2
3 11
11 19
18 19
14 9
1 19
0 13
4 9
0 6
10 6
2 19
4 6
10 15
14 15
12 13
3 6
14 13
10 9
0 12
14 6
16 15
7 17
18 9
4 7
3 17
0 10
0 4
16 6
3 7
8 6
8 17
0 3
15 19
16 7
16 13
7 9
11 13
0 16
11 9
14 3
1 9
14 16
18 13
17 19
1 13
0 18
11 5
11 8
1 6
14 7
0 11
1 8
5 9
14 11
5 13
14 2
5 6
10 13
0 14
1 2
1 3
1 18
9 19
16 18
1 16
18 6
6 19
1 16
16 9
18 6
6 19
9 19
3 9
9 19
2 9
8 9
9 19
14 8
0 14
14 10
0 14
14 5
6 19
0 14
9 19
2 9
0 14
14 5
0 14
6 19
11 6
0 14
14 5
9 19
8 9
9 19
6 19
11 6
0 14
7 13
6 19
8 9
9 19
0 11
5 9
9 19
0 11
18 6
6 19
11 17
0 11
0 18
0 14
17 19
16 17
9 19
0 14
9 19
3 9
9 19
0 11
17 19
16 17
0 11
14 7
0 14
9 19
0 16
7 9
0 16
9 19
18 15
0 18
15 19
3 15
16 8
0 16
17 19
16 8
0 16
6 19
7 9
0 3
9 19
0 16
6 19
17 19
4 17
10 13
0 3
17 19
7 9
0 4
9 19
0 18
9 19
4 7
0 4
17 19
0 16
15 19
0 14
6 19
12 17
17 19
0 10
9 19
0 14
0 3
6 19
0 12
0 14
15 19
0 10
15 19
0 4
6 19
0 4
4 2
0 10
6 19
6 19
0 4
9 19
0 14
9 19
0 18
0 11
0 3
11 19
0 12
2 19
2 19
0 13
2 19
7 2
2 19
0 10
7 17
0 7
1 19
0 4
1 19
7 8
8 5
0 7
9 19
5 19
10 2
0 10
2 5
5 19
0 3
0 10
1 19
0 7
1 19
0 14
5 19
11 5
0 4
7 8
0 7
0 3
7 1
5 19
0 7
5 19
0 12
5 19
0 3
0 16
15 19
16 19
0 10
5 19
0 7
0 12
14 16
13 14
0 15
16 19
1 5
0 15
5 19
15 1
0 15
12 19
0 4
0 7
2 5
5 19
0 2
2 10
4 19
0 15
8 19
5 19
0 8
4 19
10 19
17 1
1 10
