0
204
21 22
7 22
11 13
0 5
10 24
21 11
22 24
20 19
9 24
11 5
9 5
13 24
0 21
11 3
9 3
12 10
14 1
10 3
2 3
4 20
14 12
8 3
11 7
17 23
1 3
14 19
8 20
9 19
8 12
18 12
0 4
1 21
17 12
0 11
8 18
5 13
21 3
17 19
8 19
20 23
13 3
23 3
18 19
23 12
11 6
7 12
5 16
16 19
15 6
17 4
17 1
2 4
10 4
17 10
17 11
8 11
17 22
18 16
9 22
2 5
20 10
0 14
17 2
7 16
15 1
10 1
2 18
18 13
21 18
16 1
5 15
11 1
11 1
5 15
11 1
0 17
21 18
0 17
18 13
8 2
5 15
16 1
0 17
2 18
18 13
0 17
2 18
18 13
10 1
15 1
0 14
5 15
10 1
16 1
0 14
2 18
10 1
0 17
11 1
11 1
0 17
10 1
0 17
17 10
0 17
0 14
0 17
0 17
1 15
17 1
0 17
1 16
17 1
0 17
16 19
2 5
0 14
16 7
5 16
2 5
0 14
17 11
0 17
17 4
0 17
0 14
2 18
17 4
0 17
17 1
0 17
17 22
23 3
0 17
0 17
0 17
13 3
2 5
0 14
13 3
18 13
23 3
0 17
21 3
0 11
11 1
23 3
8 18
20 23
23 3
0 14
0 11
11 1
23 3
0 17
7 12
0 11
0 14
20 8
8 3
0 4
4 2
0 4
4 10
0 4
1 3
0 14
14 12
10 3
0 14
0 11
21 3
0 21
3 13
21 3
5 13
13 24
5 13
13 24
0 11
4 20
19 9
9 24
0 4
17 22
0 17
11 5
5 13
13 24
0 21
12 10
14 12
0 14
5 13
13 24
5 11
0 5
13 24
22 24
5 11
11 7
0 5
22 24
0 21
