0
313
0 13
11 10
18 28
0 29
15 17
17 28
24 27
0 15
7 16
3 22
7 3
24 23
10 29
28 29
4 6
2 3
13 29
0 11
2 15
2 12
14 25
17 5
22 29
22 21
8 6
17 18
20 25
16 14
0 2
21 23
22 23
0 20
25 29
1 24
9 23
17 20
17 26
23 29
17 14
9 27
9 5
3 14
0 17
0 7
22 13
0 9
22 14
5 29
22 4
0 18
22 8
26 29
27 15
22 9
0 27
0 21
15 29
8 29
5 6
6 29
3 27
22 2
16 29
16 21
3 20
3 19
4 29
4 14
1 18
13 21
5 27
8 19
8 20
3 18
4 11
4 27
26 27
8 27
1 27
16 2
3 25
0 22
3 13
5 11
1 9
14 29
16 9
3 24
15 11
1 7
5 12
0 3
8 2
1 19
26 19
23 2
10 27
8 12
28 19
10 9
8 10
9 29
0 8
16 28
19 29
0 16
12 29
0 8
8 10
27 29
0 8
2 29
0 23
19 29
0 26
0 1
19 29
2 29
0 8
3 12
12 29
12 29
0 5
7 21
0 1
21 29
3 15
0 3
11 29
0 3
24 29
9 29
0 16
23 14
0 23
0 1
9 29
11 29
0 5
13 11
0 3
11 29
22 19
19 29
25 12
0 3
12 29
2 29
0 16
0 1
27 29
27 29
0 8
27 29
0 26
27 29
11 29
0 3
18 29
20 29
0 8
19 29
0 8
27 29
0 5
3 13
0 3
21 29
0 1
18 29
14 29
0 3
19 29
0 3
20 29
21 29
0 16
0 16
0 22
2 29
0 3
27 29
0 3
3 6
6 29
0 5
0 8
3 15
0 3
21 29
27 29
0 22
9 29
15 29
0 27
0 26
0 22
8 29
18 29
0 22
4 29
0 5
14 29
0 22
9 29
13 5
5 29
0 22
6 29
7 6
14 29
0 3
5 29
0 9
27 5
5 29
0 9
0 17
14 29
0 23
0 17
26 29
0 17
20 29
23 29
0 9
7 1
0 7
6 29
24 6
17 25
0 17
20 29
23 29
0 22
0 7
7 21
23 29
23 29
2 23
2 16
0 2
14 29
25 29
0 20
18 21
21 23
23 29
0 17
20 8
6 29
0 20
21 23
23 29
0 22
0 22
0 17
5 29
22 21
21 16
16 14
25 29
0 22
12 6
6 29
0 2
0 2
15 29
11 29
0 11
11 13
13 29
3 13
0 2
0 11
11 4
6 29
0 11
11 28
0 7
7 10
1 24
7 1
0 7
23 29
13 29
3 13
0 7
7 3
22 13
13 29
0 7
16 13
13 29
0 7
15 29
1 24
7 1
10 29
27 10
0 7
28 29
0 17
17 28
28 29
0 15
15 17
17 18
28 29
0 15
10 29
0 11
13 29
