0
329
20 27
0 27
11 1
20 14
0 12
0 11
19 9
17 8
0 5
0 15
19 11
16 14
1 26
8 14
8 27
4 12
10 14
17 24
9 3
22 4
3 27
7 27
9 25
0 1
17 6
11 24
19 22
21 26
17 1
25 14
10 12
13 6
24 27
15 26
8 11
17 16
14 27
20 9
13 25
23 6
0 19
20 10
13 1
24 6
26 27
0 17
3 6
22 10
6 27
13 23
8 23
0 21
8 2
22 23
9 1
0 13
7 15
0 16
0 8
7 12
7 1
22 21
24 1
18 15
12 1
7 21
25 10
3 21
25 21
11 21
12 23
7 10
24 13
24 2
24 23
3 23
6 10
0 22
0 25
7 18
6 21
3 18
20 16
20 5
6 16
7 16
14 15
2 27
20 1
2 1
23 27
10 27
20 17
6 18
2 15
3 4
17 15
3 5
7 13
1 27
0 3
3 1
0 7
13 27
0 3
5 27
3 17
15 27
0 3
4 1
1 27
0 3
15 27
0 2
0 6
18 27
17 15
15 27
0 20
0 10
0 23
1 27
0 2
1 27
0 20
0 2
15 27
0 14
0 7
16 27
16 27
0 6
0 20
5 27
16 27
0 20
0 3
18 27
21 27
0 6
0 7
18 27
25 27
22 27
10 27
0 6
0 3
23 27
0 24
23 27
0 24
2 27
0 24
13 27
10 27
0 7
22 12
0 22
23 27
22 11
0 22
21 27
0 25
21 27
0 3
21 27
10 27
0 25
0 7
21 27
22 12
0 22
1 27
7 18
15 27
0 7
1 27
0 24
0 22
21 27
1 27
0 7
12 1
1 27
0 7
8 10
10 27
16 27
15 27
0 7
13 27
22 9
0 22
1 27
0 22
23 27
0 8
2 27
21 27
0 8
23 27
0 13
23 27
0 6
0 22
10 27
6 27
0 3
17 15
15 27
0 8
8 26
6 27
0 24
0 13
1 27
17 20
0 17
10 27
25 26
26 27
19 25
13 23
6 27
0 13
25 26
26 27
0 13
9 6
17 20
0 17
6 27
0 14
16 6
0 17
6 27
11 6
0 8
6 27
26 27
0 17
17 15
0 24
6 27
0 13
0 19
12 14
14 27
19 10
13 25
14 27
0 13
0 17
1 27
26 27
0 21
21 26
0 19
26 27
22 21
8 11
0 8
24 27
0 17
6 27
1 27
19 22
25 14
0 19
22 9
14 27
0 7
0 3
19 22
0 19
4 3
3 27
19 22
0 19
22 9
3 27
0 17
24 27
19 22
0 19
22 10
14 27
22 4
19 22
12 7
0 19
7 27
0 8
14 27
0 8
26 27
0 1
17 16
14 27
0 17
8 14
11 8
0 19
14 27
15 26
26 27
10 14
5 20
20 10
14 27
8 14
14 27
0 17
9 3
0 19
3 27
8 14
11 8
14 27
12 7
7 27
0 5
5 20
14 27
1 26
0 11
26 27
0 5
5 20
