0
126
0 12
17 29
0 23
8 29
0 1
25 26
20 11
2 24
7 1
13 26
14 1
25 12
13 4
0 20
24 10
21 20
8 28
25 16
18 2
7 17
3 22
5 22
9 18
8 3
22 6
21 25
6 15
11 15
6 11
11 28
13 28
20 15
7 5
8 4
16 6
1 10
5 24
6 12
5 24
1 10
6 12
1 10
1 10
5 24
7 5
1 10
5 24
7 5
1 10
5 24
7 5
1 10
5 24
11 28
16 6
1 10
6 11
16 6
1 10
16 6
1 10
6 15
1 10
6 15
1 10
6 15
1 10
6 15
16 6
1 10
22 6
6 15
7 5
1 10
8 3
22 6
6 15
1 10
20 15
1 10
13 28
9 18
1 10
21 25
6 15
16 6
1 10
1 10
20 15
1 10
7 5
5 24
20 21
24 10
21 25
0 20
28 13
24 10
0 20
20 21
24 10
21 25
25 16
0 20
20 21
21 25
1 10
0 20
28 13
1 10
18 2
0 20
20 21
24 10
13 26
0 20
28 13
11 28
0 20
20 21
21 25
1 10
0 20
20 21
0 20
17 29
