0
336
0 24
27 2
23 2
15 22
25 21
28 3
0 25
0 6
27 21
5 24
27 17
5 29
2 29
18 29
28 25
10 29
0 28
0 7
8 18
12 3
13 21
27 16
9 29
0 19
0 27
0 8
21 29
0 20
2 24
16 22
0 4
16 19
3 29
10 20
0 10
2 8
0 5
26 29
11 6
23 19
26 24
9 4
22 24
23 29
2 12
19 29
0 22
17 15
26 22
17 21
20 29
9 6
23 25
3 25
26 6
11 17
2 6
11 7
23 12
15 25
18 22
2 4
11 8
21 28
5 13
16 6
3 1
14 22
9 18
26 7
2 5
2 22
2 13
26 15
9 7
0 2
3 8
9 13
1 6
28 6
23 18
26 1
3 7
11 14
3 24
20 25
12 8
16 10
17 25
23 4
19 8
21 10
11 1
11 22
4 29
6 29
3 27
28 24
23 27
21 24
24 29
0 21
27 29
0 23
0 9
9 28
24 29
27 29
0 3
3 6
0 3
0 26
26 4
22 29
1 29
10 8
8 29
0 21
11 19
8 29
4 29
0 23
26 17
0 26
25 29
10 8
9 16
0 9
8 29
0 9
8 29
9 12
9 20
0 9
25 29
24 29
0 3
12 8
14 12
8 29
0 3
0 26
1 29
12 8
18 12
8 29
0 23
6 29
0 9
9 28
26 1
6 29
0 26
13 6
6 29
0 9
8 29
0 3
2 25
25 29
0 9
15 6
6 29
0 26
13 6
6 29
0 2
0 2
22 29
5 8
0 2
8 29
0 26
12 8
18 12
0 9
8 29
11 14
22 29
1 6
6 29
0 3
9 16
6 29
0 9
2 5
13 6
6 29
0 2
28 6
6 29
0 21
8 29
0 2
4 29
9 18
0 9
22 29
26 15
0 26
25 29
12 8
8 29
0 23
6 29
0 2
17 25
25 29
6 29
0 26
25 29
0 3
25 29
0 23
6 29
0 9
9 20
0 9
11 17
28 20
21 28
20 29
0 26
22 29
11 17
15 25
25 29
22 29
11 19
12 8
0 2
8 29
0 23
0 22
24 29
0 9
4 29
0 26
24 29
19 29
0 23
6 29
0 26
5 16
16 20
20 29
5 2
0 5
8 29
10 19
19 29
0 10
20 29
1 3
0 10
10 1
0 5
5 16
19 29
4 29
22 1
3 29
1 3
0 5
5 16
24 22
22 1
5 2
3 29
1 3
0 5
20 29
10 21
0 10
8 29
25 3
3 29
27 25
19 29
0 9
0 27
9 29
16 9
5 13
0 5
21 29
3 29
8 12
0 8
9 29
18 9
0 8
7 1
3 29
1 3
28 21
21 29
0 10
0 28
25 3
3 29
8 18
0 8
8 2
0 8
0 5
17 21
0 27
21 29
24 2
2 29
0 5
0 27
21 29
6 11
17 21
11 17
21 29
25 3
3 29
0 28
3 29
0 25
21 29
22 24
24 2
0 25
25 15
2 29
0 25
2 29
25 23
2 29
0 27
24 2
2 29
