0
260
9 26
0 26
17 26
19 26
25 6
12 6
1 26
8 23
6 26
20 4
8 18
0 4
15 4
8 24
17 3
0 7
0 5
12 7
9 14
18 4
0 22
24 4
0 1
0 19
17 19
0 8
0 21
0 9
16 8
0 16
12 8
6 13
0 20
25 8
2 22
25 9
6 19
0 25
12 9
24 19
10 9
6 20
17 9
12 3
7 4
2 13
10 3
3 13
15 9
15 8
0 17
13 22
3 21
8 22
8 21
0 6
23 6
12 14
8 1
22 4
3 18
19 4
23 17
15 13
14 6
8 20
1 4
9 13
25 13
16 13
10 5
6 18
0 10
15 2
12 10
9 18
25 18
20 18
15 6
3 6
17 2
14 8
5 6
0 23
3 11
16 6
3 9
0 24
3 24
16 9
25 11
3 23
20 17
9 6
9 8
11 6
8 6
0 3
0 3
0 3
8 6
0 3
0 3
0 3
11 6
0 3
11 6
0 3
9 6
0 3
9 6
0 3
9 6
9 6
0 3
0 3
11 6
0 3
11 6
8 6
14 8
0 3
3 9
0 3
0 3
3 9
0 3
15 6
6 18
0 10
5 6
0 3
0 3
3 9
0 3
0 3
1 4
14 8
6 16
1 4
0 23
17 20
1 4
14 8
18 20
1 4
0 3
3 9
0 3
1 4
14 8
8 1
1 4
14 8
0 23
6 16
1 4
6 16
1 4
0 6
6 8
22 4
0 6
6 8
0 3
22 4
15 13
17 20
1 4
8 22
22 4
22 4
13 22
22 4
0 3
3 13
0 10
13 22
22 4
17 2
13 22
22 4
0 17
0 24
3 13
13 22
22 4
22 4
0 17
0 6
1 4
0 10
22 4
19 4
0 24
22 4
25 13
13 22
22 4
0 6
19 4
0 25
22 4
17 2
22 4
0 17
0 25
8 22
22 4
1 4
13 22
22 4
0 6
8 22
22 4
1 4
0 16
8 22
22 4
22 4
8 22
22 4
0 17
19 4
19 4
1 4
0 24
22 4
3 18
12 3
18 4
3 18
0 9
7 4
18 4
3 18
5 10
10 3
7 4
18 4
3 18
0 17
0 8
24 4
0 9
9 15
18 4
0 8
0 20
0 6
23 6
6 26
0 8
0 1
6 26
6 26
0 25
0 19
0 17
0 9
