0
380
20 15
28 27
17 29
15 29
22 27
25 16
19 27
9 27
27 29
0 29
22 21
0 20
0 25
0 22
10 18
14 8
1 5
14 18
0 19
4 26
23 8
0 4
12 25
28 12
10 22
28 20
3 8
5 29
0 14
6 26
10 17
11 24
15 14
23 3
10 28
2 1
0 10
0 28
1 16
26 29
15 3
0 9
18 24
17 16
0 15
17 24
16 29
7 9
7 8
5 7
13 9
13 20
6 3
25 20
5 21
20 11
8 24
4 24
25 11
14 3
14 11
27 14
5 22
6 14
26 22
8 9
26 28
23 7
16 24
0 1
6 11
0 5
14 9
13 3
13 6
9 29
14 28
25 21
17 25
13 2
3 29
21 7
13 14
24 29
13 12
13 15
17 20
26 8
25 6
26 5
21 18
22 28
21 12
9 28
18 11
6 28
15 12
28 29
27 4
15 10
10 11
17 15
0 17
4 8
8 11
0 26
26 27
0 17
17 3
3 28
12 11
17 15
0 17
9 6
17 9
28 29
0 17
0 17
17 18
17 9
28 29
0 17
17 21
12 11
0 17
28 29
0 17
17 22
17 21
18 11
0 17
5 28
0 26
28 29
6 28
13 25
28 29
8 11
0 26
20 8
8 11
0 17
15 12
12 11
12 11
12 24
13 12
24 29
14 24
7 24
24 29
17 21
0 17
0 17
17 3
24 29
2 24
25 3
3 29
0 17
21 7
17 25
7 24
24 29
0 17
13 14
28 29
17 9
0 17
6 9
9 29
3 29
13 14
9 29
5 28
28 29
5 6
0 5
3 29
1 3
5 16
24 29
0 5
7 24
1 23
24 29
0 1
0 26
28 29
1 8
0 1
9 29
22 24
24 29
0 26
14 9
5 6
0 5
9 29
22 24
24 29
0 5
1 27
14 9
0 1
9 29
27 14
1 27
0 1
27 14
1 27
0 1
3 29
1 25
0 1
5 4
24 29
0 5
1 8
24 29
0 1
17 20
0 17
21 7
7 24
24 29
0 5
20 11
5 21
21 25
0 5
5 6
0 5
3 29
20 11
9 29
7 24
24 29
0 5
5 7
8 24
24 29
0 5
5 7
0 5
9 29
5 16
0 5
24 29
0 17
16 29
15 16
16 29
0 17
0 15
15 18
24 29
9 29
0 15
3 29
0 26
16 29
0 1
28 29
10 14
14 16
16 29
10 2
0 10
1 16
16 29
0 10
28 29
10 23
0 10
3 29
0 15
14 16
16 29
10 28
28 11
0 10
24 29
0 10
17 16
16 29
3 6
23 3
10 23
0 10
26 29
14 16
16 29
0 5
23 3
8 7
10 23
7 5
0 10
5 29
20 25
10 28
21 5
25 21
0 10
5 29
0 10
5 29
22 5
10 28
21 5
12 21
0 10
5 29
28 12
10 28
21 5
25 21
0 10
5 29
5 29
4 5
8 7
10 23
7 5
0 10
5 29
0 4
26 29
19 16
16 29
21 5
18 21
5 29
0 14
2 1
10 2
0 10
5 29
8 7
7 5
5 29
0 14
21 5
18 21
0 10
5 29
5 29
22 5
21 5
25 21
5 29
20 25
21 5
25 21
5 29
21 5
0 22
5 29
4 27
0 4
0 20
20 13
27 29
13 9
27 29
0 19
0 20
20 25
16 29
27 29
0 22
0 15
0 20
20 17
20 28
0 20
27 29
15 29
0 20
