0
327
0 18
0 21
0 9
0 28
10 28
12 28
10 22
12 2
24 28
26 22
12 21
10 14
17 18
20 28
10 8
23 14
16 28
27 14
11 23
19 3
26 13
0 11
20 22
13 22
14 28
1 8
12 11
10 19
1 28
22 28
21 18
27 7
24 7
16 7
26 2
23 18
18 28
8 28
0 17
10 17
4 26
0 27
10 2
1 7
16 11
0 25
0 10
24 27
0 12
7 28
0 2
6 5
15 11
0 4
6 25
19 28
16 26
26 28
11 28
16 25
24 6
13 17
14 9
16 2
24 4
21 27
14 3
13 27
1 17
14 2
13 21
24 10
13 25
16 10
14 21
20 21
9 25
1 27
0 13
16 21
0 24
16 4
7 2
1 6
16 13
22 23
14 20
22 27
0 14
0 16
23 2
26 27
0 5
18 8
1 22
8 25
19 25
1 13
19 27
7 23
23 27
27 28
0 7
27 28
0 19
0 1
13 28
25 28
0 19
25 28
0 8
22 17
0 1
17 28
7 18
8 25
25 28
0 7
5 28
27 28
0 26
7 23
2 28
0 7
16 6
6 28
14 25
25 28
1 22
0 1
27 28
20 6
0 14
6 28
23 2
1 22
0 1
2 28
0 16
13 28
0 1
6 28
2 28
0 7
4 25
0 16
25 28
25 28
24 25
0 16
21 28
13 28
0 1
27 28
0 24
24 9
25 28
24 20
0 24
21 28
0 14
21 28
10 25
0 16
25 28
0 13
25 28
10 25
0 24
25 28
0 13
21 28
0 14
2 28
0 1
17 28
0 13
27 28
3 25
0 14
25 28
13 21
0 13
27 28
4 25
0 24
25 28
0 16
2 28
9 25
0 14
25 28
0 13
17 28
0 24
6 28
0 16
25 28
0 13
13 11
0 26
0 16
26 28
14 19
0 14
24 6
0 24
25 28
4 25
25 28
0 4
11 28
4 15
24 6
5 19
0 24
19 28
2 28
0 7
12 20
20 19
19 28
0 24
27 28
11 28
10 11
25 28
11 28
0 16
7 28
0 1
2 7
0 10
7 28
27 28
0 4
26 28
0 10
17 28
17 28
0 17
17 8
0 10
10 18
2 23
10 2
18 28
0 10
23 18
4 26
2 23
18 28
0 4
7 18
18 28
0 16
7 18
18 28
0 24
7 18
18 28
0 27
27 21
18 28
0 27
0 17
17 22
0 1
0 10
19 28
0 12
11 28
8 28
0 1
0 14
22 28
0 13
22 28
0 12
12 20
11 28
4 26
13 22
22 28
0 4
3 14
10 19
14 28
0 10
23 22
22 28
0 11
14 28
0 27
0 16
11 23
14 28
0 11
8 28
0 10
0 12
12 20
18 28
0 17
14 28
0 10
21 20
20 28
0 12
4 26
22 28
0 4
0 24
26 22
2 26
22 28
0 12
22 28
0 10
0 12
0 10
9 14
10 28
14 10
21 20
20 28
18 28
