25
26
9
19
1
5
21
27
2
20
10
4
18
22
6
3
12
15
28
16
25
14
25
16
25
28
97
14 29
0 11
16 25
0 24
14 7
17 23
25 29
17 25
16 17
0 16
25 29
17 25
11 25
28 11
25 29
0 28
0 15
15 7
16 14
0 16
23 25
25 29
0 16
25 29
12 7
0 12
0 24
24 3
3 7
0 6
6 29
28 22
0 24
24 28
22 29
0 24
24 18
18 29
11 25
25 29
0 11
28 4
4 29
11 28
0 11
22 14
28 22
11 28
14 29
22 14
0 24
24 10
10 22
13 10
20 13
14 29
0 11
22 14
10 22
11 20
14 29
22 14
28 22
0 2
2 28
14 29
0 11
22 14
11 27
27 28
28 22
14 29
8 10
22 14
21 8
0 21
10 22
5 3
14 29
24 5
7 14
0 24
3 7
14 29
7 14
0 11
11 1
1 7
0 11
11 19
19 29
9 29
0 9
14 29
0 11
26 14
11 26
