0
332
0 29
1 18
5 29
3 12
10 19
13 19
8 22
0 16
0 28
5 19
4 2
14 17
17 12
24 12
4 1
0 14
4 15
17 22
0 4
21 19
5 9
21 13
9 15
1 19
5 13
19 29
0 5
12 29
3 15
22 29
1 16
0 21
3 16
10 29
7 14
20 29
10 15
16 14
10 16
26 27
0 3
25 14
0 9
6 29
1 11
0 24
2 8
23 11
0 8
0 1
23 8
23 19
6 28
21 8
22 19
0 23
15 29
14 29
17 26
7 16
17 2
13 16
10 8
17 19
19 28
0 27
17 24
28 29
15 16
0 17
12 26
1 2
10 17
6 24
2 29
7 3
6 27
6 26
25 8
0 25
0 10
9 16
12 7
19 8
2 26
20 13
12 13
18 5
5 16
19 24
26 29
6 25
16 29
11 8
26 8
2 13
13 29
26 3
9 4
19 3
3 29
0 19
4 24
22 9
0 22
24 29
3 29
0 26
0 13
0 2
13 29
8 29
0 26
8 29
0 11
20 16
0 20
0 6
25 29
0 26
24 29
0 19
16 29
6 5
0 6
5 16
6 18
16 29
0 6
0 12
13 29
0 20
13 29
26 29
0 2
8 29
0 19
0 12
7 29
22 9
16 29
0 22
10 26
26 29
25 29
8 29
0 25
0 6
26 29
0 6
27 29
12 7
0 12
3 29
0 2
0 6
24 29
0 10
17 29
10 1
0 10
2 29
0 12
26 29
17 29
12 15
16 29
0 12
12 28
0 12
0 17
24 29
27 29
28 29
0 19
19 28
28 29
0 17
0 10
8 29
17 13
16 29
0 17
13 16
2 13
16 29
0 17
12 7
16 29
0 12
0 17
26 29
6 14
0 6
12 15
0 12
23 29
19 28
28 29
0 22
4 21
23 4
0 23
8 29
28 29
0 6
19 28
0 23
28 29
0 23
8 29
15 29
1 15
8 29
11 8
0 23
8 29
1 2
0 1
8 29
24 29
11 8
0 1
8 29
0 6
9 16
16 29
1 11
11 25
0 1
14 29
3 29
3 26
27 6
0 3
6 29
16 29
0 10
10 16
14 29
0 10
15 29
0 10
0 9
9 20
3 7
0 3
14 29
0 10
16 14
0 3
14 29
20 29
21 20
16 14
0 1
14 29
0 22
0 3
15 29
0 12
12 29
5 7
7 12
23 19
0 23
13 20
0 5
20 29
19 29
0 1
0 9
15 29
13 20
0 21
20 29
9 15
0 5
15 29
19 29
0 21
4 21
21 19
19 29
0 4
4 17
22 29
0 4
15 29
14 29
0 4
1 19
19 29
0 4
4 24
12 29
0 4
4 17
12 29
17 12
0 14
12 29
17 12
2 17
0 4
12 29
0 5
19 29
19 29
28 19
16 14
14 17
17 12
12 29
2 8
4 2
0 4
22 29
0 16
16 13
19 29
0 16
16 10
19 29
16 3
0 16
12 29
0 5
18 5
16 1
0 16
5 29
