0
180
3 4
14 12
9 3
14 9
0 23
0 14
17 15
2 24
7 24
7 29
10 23
3 21
11 13
3 10
18 29
1 23
4 29
3 19
16 13
24 29
1 16
11 2
1 15
20 25
20 2
7 15
9 20
7 20
18 22
27 12
28 22
9 1
27 10
4 25
7 27
26 12
23 29
16 22
12 22
2 22
6 19
2 27
11 4
18 13
18 8
1 17
15 28
18 28
18 1
28 24
2 6
2 10
15 10
15 12
25 10
20 23
28 8
17 27
24 13
17 19
28 8
20 23
28 8
20 23
28 8
20 23
28 8
20 23
28 8
20 23
28 8
2 6
20 23
17 27
20 23
17 27
28 24
20 23
17 27
28 24
20 23
17 27
18 1
20 23
17 27
20 23
20 23
4 26
17 27
20 23
11 4
4 26
20 23
15 12
11 4
28 15
4 26
20 23
12 22
11 4
4 26
12 22
11 4
12 22
7 27
1 18
23 29
18 28
9 1
1 18
12 22
7 27
9 1
1 18
23 29
20 23
23 29
20 23
23 29
2 22
9 20
12 22
9 20
9 1
23 29
2 22
16 22
9 1
9 1
24 29
1 16
13 24
9 1
24 29
13 24
11 4
9 1
23 29
13 18
3 19
10 25
25 4
4 29
18 29
13 18
4 29
3 10
23 29
24 29
3 10
10 2
24 29
7 24
19 17
15 7
3 19
24 29
4 29
23 29
0 14
11 13
18 29
13 18
17 15
7 24
19 17
14 9
0 14
15 7
3 19
24 29
7 24
25 20
20 7
0 14
24 29
9 3
14 9
0 14
4 29
