0
273
0 6
0 25
0 15
0 8
1 6
7 6
9 6
28 6
0 1
0 7
18 12
18 23
9 26
0 29
0 9
18 27
6 29
10 21
24 29
0 18
0 28
19 23
10 5
10 11
10 17
13 29
23 29
11 1
10 26
0 19
2 29
20 29
21 29
13 8
12 29
24 1
16 1
25 29
0 11
22 29
24 27
0 10
22 8
14 1
2 5
13 5
2 14
2 17
20 27
24 7
16 7
22 7
23 8
26 8
4 8
12 1
2 19
22 11
23 5
14 29
27 29
13 17
16 17
20 9
1 29
24 4
16 5
3 5
17 29
22 9
7 29
8 29
0 26
24 15
4 29
5 29
13 11
16 19
2 3
27 11
27 19
2 9
24 9
16 9
14 9
0 16
2 10
13 10
13 26
21 19
22 19
23 11
12 11
12 19
3 11
21 9
4 9
9 29
0 4
9 29
0 21
11 29
0 3
19 29
0 12
11 29
0 12
11 29
0 23
19 29
0 22
19 29
0 21
0 13
26 29
0 13
10 29
0 2
10 29
16 29
9 29
0 14
9 29
0 16
9 29
0 24
9 29
0 2
19 29
0 27
11 29
0 27
3 11
0 2
11 29
19 29
0 16
0 13
11 29
0 5
0 4
0 24
15 29
26 29
24 8
0 24
13 7
0 13
9 29
0 22
0 17
2 3
0 2
5 29
5 29
0 16
0 24
4 29
22 1
0 22
9 29
17 29
0 16
17 29
0 13
0 27
0 14
5 29
0 23
11 29
0 22
0 2
19 29
1 29
0 12
24 4
8 29
0 24
8 29
0 26
8 29
0 23
7 29
0 22
7 29
0 16
7 29
0 24
27 29
17 29
0 2
14 29
0 2
0 13
5 29
0 2
5 29
2 14
1 29
0 2
8 29
0 22
10 8
8 29
27 29
0 24
0 22
11 29
24 25
0 24
1 29
0 16
1 29
0 24
0 12
8 29
0 13
0 21
0 2
19 29
25 29
26 25
0 10
1 29
0 11
0 23
0 13
0 10
17 29
11 1
1 29
0 10
5 23
23 29
0 10
23 29
0 19
28 23
23 29
18 1
1 29
0 24
0 10
21 29
0 18
18 6
27 24
0 18
24 29
9 29
26 15
15 6
6 29
0 9
0 18
23 29
0 18
12 29
7 29
1 29
6 29
0 28
6 29
0 9
6 29
0 7
6 29
0 1
8 29
15 6
6 29
25 29
6 29
