0
184
13 29
8 28
9 28
28 22
24 6
8 27
15 10
0 28
0 24
10 16
5 15
13 1
6 9
25 28
26 12
22 29
8 14
5 25
20 16
12 15
26 19
8 5
18 19
21 25
17 18
2 6
3 23
15 16
12 4
16 29
27 2
22 4
21 14
1 11
20 11
6 14
27 1
7 17
19 6
9 4
12 17
20 1
1 6
18 4
10 2
5 10
10 4
27 23
3 20
18 23
12 21
3 1
27 21
19 20
24 25
15 23
20 23
3 18
11 28
7 27
7 27
11 28
11 28
9 20
3 18
11 28
15 23
11 28
7 27
20 23
11 28
20 23
11 28
7 27
11 28
20 23
11 28
3 18
11 28
20 23
11 28
11 28
7 27
27 23
7 27
10 4
27 23
7 27
5 10
27 23
7 27
3 18
3 1
3 20
1 6
1 6
12 21
1 6
1 6
7 27
27 1
1 6
7 27
3 20
11 28
27 1
11 28
7 27
12 21
7 17
7 27
7 17
16 29
15 16
16 29
23 15
27 2
6 19
16 29
7 27
7 17
16 29
15 16
16 29
12 21
17 18
7 17
16 29
15 16
16 29
23 15
8 5
16 29
15 16
16 29
8 5
16 29
23 20
8 5
15 16
16 29
7 17
12 17
22 29
8 5
5 25
8 5
14 6
9 4
22 29
4 22
8 14
20 16
1 20
16 29
8 5
15 16
16 29
5 10
8 5
16 29
16 29
5 15
10 16
8 5
16 29
10 16
2 10
27 2
16 29
6 2
10 16
2 10
0 24
16 29
22 29
0 28
24 6
6 9
28 22
22 29
0 24
28 22
22 29
