0
305
1 27
12 23
6 27
18 27
0 12
0 8
0 27
9 27
16 12
4 2
16 17
10 5
2 27
24 27
9 23
20 22
1 22
10 23
10 22
4 22
6 12
6 5
4 5
0 4
1 15
14 5
7 8
0 20
0 16
7 22
25 12
18 12
2 22
7 21
10 21
6 1
2 23
0 14
15 5
1 5
23 27
2 11
22 27
18 19
6 24
12 27
7 14
1 8
5 27
0 7
18 15
0 18
15 8
0 10
0 15
24 17
6 16
24 19
8 27
1 14
0 1
17 27
25 14
2 9
2 15
0 6
19 27
11 21
17 21
21 27
3 4
0 2
0 11
25 27
24 7
9 14
25 15
13 3
13 20
25 4
13 11
13 4
24 3
9 20
0 13
3 27
24 2
23 14
25 26
3 20
22 15
20 14
22 8
21 14
26 27
17 4
14 27
24 10
21 4
25 20
0 25
20 27
4 27
0 21
0 24
10 27
17 14
0 17
4 27
0 17
0 26
14 27
0 21
8 4
4 27
0 22
25 20
14 27
0 25
15 27
0 22
20 14
14 27
0 3
0 25
26 27
14 27
0 23
14 27
2 14
0 24
0 3
13 27
20 14
14 27
0 9
0 24
3 27
4 27
0 13
0 13
11 27
4 27
0 25
20 14
14 27
0 13
0 13
3 27
15 27
0 25
14 27
0 9
0 24
7 27
0 25
11 27
14 27
2 14
13 3
4 27
0 13
0 21
21 27
0 17
21 27
0 11
0 19
4 27
6 4
0 2
15 27
9 14
0 2
14 27
14 27
0 25
0 17
1 17
17 27
0 1
14 27
2 8
0 2
19 27
0 24
0 6
16 8
8 27
17 27
0 24
15 27
10 27
8 27
0 15
8 27
18 8
15 8
0 18
8 27
7 27
0 7
7 5
8 27
0 1
0 7
14 27
1 12
0 1
24 5
0 6
5 27
0 18
19 27
18 22
0 18
11 22
22 27
0 2
0 7
7 23
5 27
0 1
18 15
5 27
0 18
14 27
23 27
0 2
1 5
0 6
5 27
0 10
21 27
0 7
21 27
22 27
0 2
12 27
0 18
14 25
12 27
0 14
22 27
0 7
22 27
16 22
23 27
20 23
0 7
8 27
20 14
0 20
5 27
6 1
15 5
0 6
5 27
4 27
0 4
5 27
0 6
5 27
0 6
12 27
0 4
22 27
0 10
22 27
23 27
0 10
6 1
0 6
22 27
0 20
22 27
20 9
0 20
23 27
6 24
0 6
0 2
0 10
5 27
24 27
0 16
17 24
2 27
0 4
0 16
12 27
20 9
0 20
8 27
12 27
0 12
12 18
0 12
12 6
23 9
9 27
0 12
0 8
22 1
8 22
