0
323
17 21
0 3
0 13
10 28
17 19
2 14
14 18
18 22
11 28
17 26
21 28
0 6
10 18
0 28
1 5
10 9
25 12
10 4
20 3
10 16
24 6
9 3
1 3
17 7
1 8
10 15
12 16
0 17
0 19
1 6
22 6
20 23
18 28
0 14
8 5
1 12
1 25
2 12
0 1
2 26
18 3
9 15
22 11
15 28
20 9
27 26
0 2
23 9
0 20
0 10
0 24
18 9
27 9
7 5
6 28
0 7
22 12
23 4
0 26
3 28
16 28
0 22
0 23
27 7
15 12
0 4
5 28
18 4
0 27
12 28
15 14
12 9
25 7
9 28
0 18
12 14
21 14
21 7
21 26
25 26
19 14
15 2
21 24
8 26
9 7
16 7
15 4
15 24
16 14
13 14
15 27
25 6
15 23
21 19
15 20
0 15
6 7
1 4
12 19
19 7
7 28
0 12
16 1
4 28
0 16
16 6
7 28
0 16
7 28
15 7
0 15
20 28
19 7
7 28
0 21
0 15
23 28
6 7
15 25
0 15
7 28
0 15
27 28
21 13
14 28
0 21
14 28
0 16
0 15
24 28
0 15
4 28
7 28
0 16
7 28
0 9
26 28
0 8
24 28
0 21
0 15
2 28
21 19
14 28
0 21
15 25
0 15
26 28
26 28
0 21
7 28
0 21
14 28
0 21
14 28
0 12
18 26
26 28
0 9
15 25
0 15
7 28
9 28
0 12
0 15
14 28
0 12
27 28
0 18
4 28
0 5
4 28
12 28
0 15
0 27
7 28
23 28
22 28
0 16
0 27
27 3
26 28
4 1
1 16
16 28
0 23
0 22
12 28
7 28
0 27
27 6
5 28
0 7
0 27
9 28
0 18
9 28
24 28
3 28
10 3
6 28
20 6
0 23
9 28
2 28
0 27
26 28
0 20
9 28
0 15
11 6
6 28
0 22
20 9
0 20
15 28
3 28
0 18
0 2
26 28
1 16
16 28
0 2
12 28
25 6
0 1
6 28
0 1
12 28
2 26
26 8
0 2
5 28
14 28
0 18
23 4
4 18
0 20
18 28
6 28
0 22
0 1
6 28
6 28
19 6
6 28
17 6
1 12
0 1
16 28
0 10
15 28
8 5
0 1
5 28
0 17
7 5
5 28
0 1
3 28
17 7
7 9
0 17
3 28
6 28
0 24
0 10
16 28
0 20
3 28
4 18
0 10
18 28
12 16
0 17
17 25
16 28
9 3
0 10
3 28
0 1
5 28
0 10
18 28
6 28
0 19
19 21
21 28
0 17
26 21
22 11
0 22
11 28
10 18
22 11
0 10
18 22
11 28
22 11
19 14
0 19
14 18
18 22
11 28
22 11
0 2
14 18
18 22
11 28
22 11
19 14
0 17
0 10
14 18
18 22
11 28
22 11
13 14
9 10
3 9
10 28
21 28
0 17
