0
94
0 24
15 16
21 28
11 16
0 7
11 23
21 12
3 23
24 9
2 19
9 28
27 25
27 20
26 15
21 3
4 16
13 20
8 29
4 5
22 16
15 7
18 25
21 17
4 15
4 12
22 14
0 21
17 27
17 27
0 21
17 27
0 21
17 27
0 21
17 27
4 15
0 21
17 27
21 17
4 15
0 21
17 27
21 17
4 15
0 21
17 27
21 17
0 21
17 27
21 17
0 21
17 27
4 5
21 17
0 21
17 27
21 17
0 21
17 27
21 17
0 21
17 27
18 25
0 21
4 16
21 17
15 4
0 21
21 17
0 21
17 27
21 17
0 21
17 27
21 17
0 21
17 27
21 3
22 16
0 21
2 19
9 28
21 3
0 21
21 3
0 21
4 16
12 4
0 21
0 21
7 15
0 7
24 9
9 28
