0
374
0 29
3 4
16 27
16 22
10 29
16 25
9 29
17 29
13 25
12 20
0 8
28 29
28 23
4 7
4 2
4 10
22 27
23 27
28 1
27 29
3 9
13 6
14 16
3 14
4 24
13 10
13 24
18 9
1 10
11 9
26 7
17 24
13 23
9 2
12 23
2 29
0 12
19 24
15 24
1 16
28 16
5 29
1 14
0 13
11 25
0 3
27 25
4 15
10 24
21 14
17 10
20 16
17 19
28 13
1 24
5 16
20 24
17 12
28 6
4 23
10 16
0 28
4 13
0 17
0 4
1 12
6 7
11 23
1 19
10 25
0 6
8 16
2 25
23 14
1 23
1 15
1 18
16 29
21 22
13 14
20 7
11 21
19 14
1 6
11 2
22 23
1 4
0 1
7 24
11 22
11 4
3 28
13 22
7 25
7 23
20 27
20 22
11 3
10 15
12 24
16 12
24 29
11 16
19 10
15 14
11 19
14 29
26 25
3 26
11 20
14 29
22 14
27 26
26 25
11 20
23 25
11 7
11 7
11 13
14 29
22 14
11 3
14 29
28 14
14 29
4 14
14 29
22 14
24 29
11 7
9 24
24 29
1 9
0 1
14 29
4 14
23 25
11 22
24 29
2 24
0 1
14 29
6 14
11 19
14 29
21 19
19 14
14 29
27 20
21 27
11 21
7 24
24 29
11 13
14 29
22 23
11 21
23 25
11 16
0 1
18 25
15 14
0 1
14 29
23 25
0 1
1 23
0 1
14 29
11 2
15 8
1 15
16 29
0 1
14 29
6 14
6 10
0 6
19 14
0 1
14 29
23 14
14 29
7 24
0 6
24 29
12 24
0 1
24 29
14 29
4 14
17 25
0 4
13 14
14 29
14 29
28 14
6 10
0 6
16 29
0 4
23 14
14 29
10 16
0 28
6 10
16 29
12 24
0 17
24 29
0 4
4 20
24 29
0 28
28 5
16 29
0 1
24 29
13 14
0 28
14 29
19 14
0 17
14 29
0 4
4 20
16 29
10 16
0 17
16 29
4 21
0 4
14 29
17 10
0 17
24 29
15 10
10 24
0 4
24 29
0 4
4 27
16 29
3 16
0 3
3 11
13 14
14 29
0 1
14 29
0 28
28 5
0 28
16 29
16 29
0 1
4 15
0 4
24 29
17 19
0 17
24 29
12 24
24 29
0 3
11 2
3 11
2 29
0 12
23 2
2 29
0 12
12 9
2 29
0 13
23 2
0 17
24 29
2 29
12 26
0 12
7 2
9 2
2 29
0 3
3 11
2 29
10 2
0 1
28 6
6 18
9 2
2 29
0 28
0 13
24 29
2 29
10 2
0 13
0 4
24 29
0 3
14 29
3 14
0 3
16 29
18 9
6 18
9 2
2 29
0 13
9 2
2 29
0 3
13 10
10 27
0 13
1 10
27 29
10 27
0 28
27 29
13 23
0 13
27 29
13 22
0 13
27 29
10 27
0 4
2 29
0 4
7 20
20 27
27 29
0 4
23 27
27 29
0 28
0 28
20 27
8 16
27 29
16 20
20 27
27 29
0 12
25 27
27 29
0 13
24 17
4 24
0 4
3 9
0 3
0 8
25 27
8 16
27 29
4 10
0 4
28 1
10 29
23 28
0 8
1 10
22 23
8 16
0 8
8 16
27 29
10 29
4 10
0 3
