0
308
21 7
9 24
22 5
1 24
0 10
6 24
21 3
14 4
1 16
22 10
0 21
22 8
16 11
23 24
7 13
9 11
11 24
8 4
4 24
17 12
16 12
13 10
10 24
18 5
0 13
22 21
6 5
22 14
9 12
0 22
0 24
18 2
1 7
2 13
1 8
6 14
6 16
6 8
1 2
15 2
23 7
0 20
4 19
0 6
0 17
11 13
4 3
0 1
8 21
19 24
12 24
4 16
0 8
0 18
23 14
0 23
4 13
16 24
2 24
16 5
2 7
4 7
2 8
19 13
5 24
2 21
12 13
7 24
14 24
16 21
14 21
15 23
4 15
2 3
9 3
13 24
0 15
11 3
6 20
4 1
6 17
4 23
14 8
4 17
7 8
11 20
3 24
9 20
21 24
9 8
16 15
1 20
12 8
3 8
11 18
7 20
6 22
9 18
9 10
19 8
8 24
0 19
10 15
0 9
15 24
0 9
18 24
4 6
0 4
22 24
20 24
0 7
0 11
18 24
8 24
0 3
8 24
0 12
9 1
0 9
20 24
0 16
15 24
8 24
0 9
9 21
0 9
0 9
20 24
0 3
0 11
20 24
8 24
0 7
0 4
8 24
0 14
23 21
0 4
21 24
4 6
0 4
0 4
21 24
1 21
4 6
0 4
20 24
0 11
3 24
15 24
9 13
0 9
0 9
3 24
0 2
3 24
0 4
15 24
4 15
23 21
0 4
21 24
21 24
0 14
21 24
0 16
0 14
0 7
13 24
0 12
21 24
0 2
13 24
0 19
8 24
0 2
0 4
7 24
7 24
0 2
5 24
0 16
0 2
0 16
0 4
13 24
23 21
21 24
0 23
14 24
18 24
8 24
0 4
16 24
0 12
0 19
21 24
0 8
1 5
5 24
12 24
3 12
0 4
0 18
18 11
13 24
19 24
6 19
19 24
0 4
20 24
0 23
7 24
17 15
0 17
2 24
0 1
2 24
8 21
0 6
21 24
0 6
16 24
14 12
0 6
12 24
8 21
0 1
21 24
1 2
0 1
13 24
0 1
7 24
2 13
0 18
13 24
12 24
22 12
0 1
1 9
12 24
0 22
14 12
12 24
0 6
5 24
0 22
21 24
13 24
0 18
5 24
6 10
0 6
10 24
0 13
6 16
0 6
12 24
0 17
12 24
0 4
1 8
0 1
4 24
13 11
0 13
11 24
0 1
1 9
1 7
11 24
13 11
0 1
0 23
6 16
11 24
0 6
8 4
0 22
4 24
8 4
21 8
4 24
0 22
10 24
16 11
11 24
0 1
0 21
21 14
4 24
0 21
11 24
3 11
0 6
10 24
0 1
6 24
10 22
5 6
0 10
0 10
10 9
1 24
0 21
7 1
