25
13
1
22
19
28
27
15
18
7
12
21
11
9
2
26
23
17
10
25
6
8
8
10
6
6
102
0 29
8 4
5 6
3 29
4 10
8 24
16 29
8 16
3 8
16 29
6 24
8 6
3 8
4 25
25 29
3 8
10 29
3 10
10 29
17 24
0 17
23 25
25 29
0 23
6 24
17 5
0 17
5 6
4 10
6 8
17 5
10 29
0 17
26 24
0 26
2 29
0 2
3 9
8 4
9 8
4 10
10 29
3 9
8 4
9 8
4 10
11 3
10 29
0 11
8 4
21 8
4 10
10 29
0 21
9 12
3 9
11 3
12 29
0 11
8 4
7 8
11 7
4 10
10 29
0 11
8 4
4 10
18 8
0 18
10 29
9 12
3 9
15 3
0 15
12 29
9 12
3 9
6 27
15 3
12 6
27 29
0 15
28 6
6 27
18 28
27 29
0 18
3 9
9 19
15 3
19 29
0 15
22 17
17 19
18 22
19 29
0 18
1 29
0 1
13 1
1 29
0 13
