0
181
0 19
0 1
0 2
0 3
0 4
0 5
0 6
0 7
0 8
0 9
0 10
0 11
0 12
0 13
0 14
0 15
0 16
0 17
18 1
18 2
18 3
18 4
18 5
18 6
7 19
7 1
7 2
7 3
7 4
7 5
7 6
7 8
7 9
7 10
7 11
7 12
7 13
7 14
7 15
7 16
17 1
17 2
17 3
17 4
17 5
6 19
6 1
6 2
6 3
6 4
6 5
6 8
6 9
6 10
6 11
6 12
6 13
6 14
6 15
16 1
16 2
16 3
16 4
5 19
5 1
5 2
5 3
5 4
5 8
5 9
5 10
5 11
5 12
5 13
5 14
15 1
15 2
15 3
4 19
4 1
4 2
4 3
4 8
4 9
4 10
4 11
4 12
4 13
14 1
14 2
3 19
3 1
3 2
3 8
3 9
3 10
3 11
3 12
13 1
2 19
12 1
11 1
10 1
9 1
8 1
2 19
2 19
13 1
12 1
11 1
10 1
9 1
8 1
3 19
2 19
3 19
2 19
14 1
13 1
12 1
11 1
10 1
9 1
8 1
4 19
3 19
2 19
4 19
3 19
2 19
15 1
14 1
13 1
12 1
11 1
10 1
9 1
8 1
5 19
4 19
3 19
2 19
5 19
4 19
3 19
2 19
16 1
15 1
14 1
13 1
12 1
11 1
10 1
9 1
8 1
6 19
5 19
4 19
3 19
2 19
6 19
5 19
4 19
3 19
2 19
17 1
16 1
15 1
14 1
13 1
12 1
11 1
10 1
9 1
8 1
7 19
6 19
5 19
4 19
3 19
2 19
