0
324
24 29
24 2
11 29
8 23
3 23
7 4
0 24
14 29
5 7
2 23
11 4
11 10
5 17
16 27
23 29
27 15
2 4
15 17
0 16
0 11
3 4
5 21
2 16
17 29
3 29
2 13
6 28
6 19
9 25
25 16
6 13
27 28
0 5
19 29
27 20
7 16
19 4
0 6
2 20
3 16
9 16
25 8
4 29
14 18
25 13
27 18
15 22
0 27
25 1
2 10
12 8
14 8
25 10
24 8
25 15
25 21
9 10
12 21
2 28
9 7
0 29
0 2
26 8
14 5
9 13
23 28
25 6
0 26
1 18
15 13
3 10
7 18
0 14
17 10
3 15
19 8
9 18
22 18
1 28
0 12
19 21
25 28
0 1
21 29
23 27
25 24
10 29
20 22
0 3
22 16
18 29
7 15
0 7
13 29
15 29
25 3
4 8
17 12
8 29
15 28
28 29
0 15
0 8
0 17
12 29
25 4
8 29
0 25
8 29
0 25
3 8
0 15
0 13
7 29
0 7
15 29
0 18
16 29
0 9
9 22
8 29
3 8
22 16
3 20
16 29
0 3
0 10
24 10
0 25
10 29
0 23
27 29
0 21
1 29
28 29
0 25
21 29
0 19
12 29
28 29
0 1
12 22
18 29
0 12
0 9
18 29
8 29
0 19
0 3
15 29
10 29
0 17
21 29
14 21
18 29
0 7
0 3
10 29
3 15
0 3
13 29
18 29
0 1
26 29
0 25
6 29
28 29
0 23
13 29
0 9
0 14
5 29
8 29
0 26
2 29
7 18
0 9
18 29
0 2
28 29
21 29
0 12
0 9
10 29
21 29
0 25
15 13
13 29
0 25
14 24
0 14
8 29
0 25
10 29
0 14
8 29
8 29
0 12
0 2
10 29
1 18
18 29
0 25
27 29
25 15
22 18
18 29
0 25
0 27
18 29
13 29
0 25
0 14
18 29
25 4
0 25
8 29
0 25
16 29
0 9
16 29
0 3
4 29
20 4
0 2
6 29
4 29
0 19
9 7
16 29
0 9
4 29
20 4
0 27
0 19
5 29
28 29
0 27
5 6
0 5
13 29
16 29
0 25
25 16
16 29
0 9
5 6
0 5
19 29
5 6
0 5
28 29
5 2
0 5
13 29
0 3
0 17
5 2
0 5
16 29
4 29
0 5
21 4
4 29
0 3
11 20
4 29
20 4
16 29
25 15
16 25
17 29
0 16
5 2
4 29
0 5
15 17
20 27
0 11
11 20
17 29
0 11
11 20
20 23
27 15
15 17
17 29
0 16
0 5
17 29
10 17
0 11
17 29
0 11
4 29
23 29
5 2
0 5
2 23
7 16
16 2
23 29
0 5
0 14
14 29
24 14
5 7
2 23
4 2
23 29
0 5
25 3
24 25
23 29
0 24
25 8
24 25
23 29
0 24
0 11
2 23
23 29
0 24
0 24
