0
157
9 14
2 18
12 18
0 6
28 19
8 3
5 15
0 9
8 22
0 8
2 5
12 16
12 19
16 15
25 19
17 11
0 2
20 13
0 10
17 12
11 15
3 27
22 15
27 29
17 24
25 16
23 1
18 29
8 28
25 11
7 25
14 5
14 13
7 20
23 11
21 28
7 17
6 29
6 13
9 12
19 3
9 22
8 20
16 2
9 26
24 21
4 21
25 2
26 22
20 11
2 22
15 29
15 29
2 22
20 11
20 11
2 22
25 2
20 11
2 22
14 4
25 2
20 11
2 22
26 22
20 11
20 11
2 22
20 11
20 11
15 29
14 4
4 21
6 29
7 17
4 21
15 29
20 11
6 29
6 29
7 25
20 8
7 20
15 29
3 19
7 20
15 29
7 25
6 29
7 17
18 29
7 20
7 20
15 29
27 29
7 20
25 11
7 25
15 29
9 22
7 17
22 15
12 9
15 29
27 29
7 20
22 15
2 22
15 29
11 15
7 17
15 29
0 2
18 29
2 25
0 2
2 16
15 29
17 12
7 17
18 29
16 15
17 12
7 17
15 29
0 2
6 29
20 13
8 20
0 8
22 15
15 29
9 22
22 15
15 29
2 5
0 2
15 29
0 8
3 27
27 29
8 28
0 8
18 29
6 29
28 19
8 28
19 12
0 8
18 29
0 2
18 29
0 9
14 5
2 18
5 2
18 29
