0
316
0 4
0 10
0 27
24 4
26 29
24 9
0 29
2 27
6 20
22 3
15 14
0 24
3 29
20 23
26 27
14 11
0 21
0 6
9 11
17 27
23 29
22 20
25 20
5 4
25 15
22 28
10 20
25 13
9 27
14 4
26 7
0 14
4 28
2 4
5 13
5 15
20 28
27 29
11 29
12 4
2 20
2 19
0 22
5 6
13 20
0 26
2 16
5 14
25 22
8 24
25 1
3 28
13 7
3 4
18 29
2 24
25 12
2 13
20 29
0 25
23 28
0 2
18 6
0 1
28 29
23 1
16 1
5 19
9 6
0 5
16 6
7 29
20 4
20 21
3 15
18 14
15 29
7 14
19 29
9 1
20 14
20 1
0 16
23 24
23 2
18 1
13 6
0 17
9 2
6 29
20 12
0 9
23 17
18 24
3 14
18 16
4 29
23 5
3 21
23 22
0 23
22 29
0 3
21 29
0 23
5 29
18 4
0 18
0 18
16 29
14 29
0 3
0 18
24 29
0 23
17 29
9 29
0 20
12 29
3 6
0 3
0 9
2 29
17 29
23 13
6 29
0 23
1 29
0 18
0 23
2 29
0 23
24 29
16 29
1 29
0 20
14 29
0 20
0 9
1 29
0 19
14 29
0 7
0 15
14 29
0 18
15 29
0 3
21 15
15 29
0 20
4 29
0 20
0 7
6 29
0 16
5 29
6 29
0 9
0 5
19 29
0 16
1 29
0 23
1 29
0 5
5 28
1 29
6 29
0 18
2 29
28 29
0 23
25 29
0 20
13 19
0 2
19 29
12 20
0 25
20 29
24 15
0 2
15 29
0 18
4 29
0 3
2 13
0 2
7 29
28 29
0 3
0 25
1 29
25 8
24 15
0 25
15 29
0 25
22 29
0 5
14 29
16 18
0 2
18 29
26 18
18 29
2 13
0 2
20 29
0 5
6 29
22 29
0 2
19 29
0 2
20 29
25 12
0 25
4 29
0 11
0 25
25 27
2 20
28 29
0 2
15 27
27 29
0 5
11 29
13 11
0 5
0 2
4 29
2 4
28 29
0 2
14 29
0 26
7 29
4 28
28 29
0 14
26 9
27 29
0 26
11 29
13 11
0 25
20 28
26 10
0 26
28 29
0 22
28 29
15 27
27 29
0 25
4 28
28 29
0 5
20 28
0 25
28 29
20 28
0 22
28 29
0 23
26 17
27 29
0 26
26 9
11 29
0 26
6 29
27 29
21 27
11 29
0 14
27 29
0 26
21 20
0 21
23 29
21 3
0 21
4 3
2 4
3 29
24 2
14 4
0 24
4 3
3 29
24 15
3 29
0 22
20 22
22 3
3 29
0 6
0 24
24 2
27 29
9 11
0 24
11 29
0 26
0 24
4 3
3 29
27 29
10 26
26 29
4 3
3 29
