0
303
4 17
5 11
5 12
8 19
1 17
7 20
12 20
14 11
8 16
2 20
0 20
0 8
0 6
11 20
0 19
3 19
11 17
12 19
17 20
3 6
13 9
0 4
0 5
18 6
0 13
15 6
0 1
0 12
9 6
0 10
0 3
9 18
9 4
16 18
15 10
9 3
9 1
2 11
0 9
2 13
19 20
18 20
15 12
14 6
7 13
11 10
0 15
6 20
10 20
2 4
16 13
2 16
14 5
14 20
11 3
8 3
18 13
16 20
7 4
2 8
11 1
7 9
18 3
17 5
16 1
11 13
19 5
5 20
16 9
16 4
12 4
7 15
19 4
14 4
17 13
19 1
10 4
3 20
0 2
11 8
18 8
11 4
13 20
17 15
17 8
14 8
4 20
11 9
16 15
7 8
5 1
1 20
14 9
17 12
11 15
5 9
5 15
14 15
9 20
15 20
18 15
0 18
17 9
0 17
15 20
0 14
7 5
0 7
15 20
7 5
0 7
9 20
15 20
0 11
12 9
9 20
0 17
9 20
0 14
18 1
0 18
7 5
1 20
0 7
0 7
15 20
9 20
0 11
18 4
0 18
0 14
0 17
15 20
0 17
14 13
0 14
4 20
0 11
0 18
0 11
1 20
2 1
7 3
0 7
2 10
0 2
4 20
2 19
0 2
1 20
13 20
0 17
4 20
0 14
2 19
0 2
4 20
0 7
15 20
2 12
0 2
4 20
4 20
9 20
7 5
0 7
2 19
5 20
0 2
13 20
0 11
1 20
5 20
0 17
3 20
0 18
0 7
9 20
1 20
0 11
0 2
4 20
0 7
13 20
0 18
2 8
3 20
0 2
3 20
0 11
0 14
5 20
0 14
0 2
16 20
2 16
13 20
0 2
0 2
4 20
2 10
0 2
8 6
2 8
0 2
15 20
10 20
0 11
13 20
0 7
6 20
0 14
6 20
12 6
0 15
0 18
2 19
0 2
13 20
0 2
9 20
19 20
11 19
0 2
19 20
1 19
0 9
0 9
3 20
10 20
0 15
9 16
18 20
0 9
19 20
4 19
0 9
18 20
0 9
3 20
10 20
0 3
3 9
6 20
6 20
12 6
19 20
1 19
12 15
0 12
6 20
13 20
0 13
13 18
6 20
5 20
4 9
9 6
6 20
9 6
0 13
6 20
0 3
6 20
13 16
0 13
16 17
0 12
19 20
17 20
3 11
0 3
0 3
19 20
19 20
3 11
0 3
6 20
11 20
8 3
3 11
13 2
0 13
0 8
17 20
16 17
0 5
11 20
5 14
0 12
13 7
0 13
17 20
0 1
19 12
0 8
12 20
0 5
12 20
0 5
11 20
17 20
0 4
