0
382
0 2
3 10
16 9
5 9
0 29
0 17
9 29
24 29
6 11
16 10
14 11
6 3
2 10
21 25
1 29
20 28
0 20
10 29
9 11
11 29
0 21
6 15
14 28
17 20
24 15
6 12
3 28
17 27
0 6
13 20
0 24
8 25
27 28
14 21
8 21
16 12
25 4
18 20
2 20
12 15
14 4
13 12
25 20
13 26
14 13
0 25
18 12
9 23
27 3
8 13
7 28
2 21
8 27
17 24
0 8
24 20
3 26
14 16
18 26
4 28
23 15
19 15
7 11
3 19
23 6
0 9
23 19
2 26
3 22
12 20
11 21
18 7
1 22
3 17
14 18
10 28
10 26
14 9
19 21
2 22
6 20
4 13
24 25
11 25
4 6
1 17
16 13
3 24
13 15
16 17
3 11
3 2
5 17
10 22
12 27
1 11
1 5
14 3
1 16
10 17
1 10
21 29
17 21
28 29
16 25
25 28
12 25
28 29
25 28
3 12
5 27
20 29
27 20
13 21
11 13
21 29
14 3
20 29
27 20
3 12
1 10
22 21
21 29
1 5
21 29
17 21
2 12
12 27
14 3
20 29
27 20
13 21
14 3
11 13
21 29
1 16
21 29
17 21
3 11
14 3
11 13
14 3
6 28
28 29
24 6
13 15
1 16
21 29
17 21
14 3
3 4
6 28
28 29
3 11
14 3
28 29
25 28
3 24
14 3
28 29
25 28
13 15
14 3
3 4
4 6
14 3
3 4
20 29
3 2
14 3
22 21
21 29
3 24
24 19
14 3
21 29
9 22
22 21
21 29
26 20
1 10
20 29
1 10
28 29
28 29
25 28
18 25
14 3
21 29
17 21
22 21
21 29
14 18
6 20
7 6
20 29
3 11
14 3
21 29
3 2
2 12
14 3
20 29
14 3
22 21
21 29
3 2
26 20
14 3
20 29
19 21
14 18
21 29
9 22
22 21
21 29
14 18
6 20
20 29
19 21
14 3
21 29
18 7
14 18
11 21
21 29
3 19
14 3
14 18
0 9
28 29
9 4
14 18
26 20
20 29
4 28
16 4
28 29
26 20
14 3
20 29
0 9
20 29
10 28
8 10
28 29
14 16
16 17
24 20
20 29
0 8
20 29
27 20
8 2
0 8
21 29
18 7
14 18
28 29
0 8
13 15
3 26
8 27
26 20
0 8
20 29
23 15
0 9
12 20
14 18
20 29
28 29
25 28
13 15
14 13
26 20
20 29
0 25
20 29
14 13
12 20
20 29
4 28
28 29
13 12
14 13
8 2
0 8
20 29
14 18
20 29
4 28
0 25
28 29
12 15
14 16
0 8
21 29
21 29
8 27
0 8
28 29
27 28
25 27
0 8
28 29
24 20
20 29
14 13
20 29
6 20
20 29
27 28
24 17
0 24
28 29
27 3
17 27
24 17
0 24
28 29
12 15
0 6
0 24
24 17
0 24
20 29
28 29
0 6
21 29
21 11
0 21
11 29
0 9
0 24
24 10
20 29
28 3
26 10
3 26
10 29
0 20
8 1
0 8
25 8
1 29
8 1
0 21
20 2
10 29
0 20
22 1
1 29
3 22
0 6
11 29
12 16
6 12
10 29
0 6
0 6
11 29
0 24
0 9
17 24
24 29
9 29
0 17
17 5
9 29
0 17
17 16
16 9
9 29
10 16
0 17
27 3
17 27
16 9
9 29
10 16
2 10
