0
130
7 2
12 3
17 2
17 1
8 15
21 5
14 3
17 13
14 21
11 5
16 12
17 7
27 29
8 28
16 14
20 4
18 24
7 28
12 14
24 4
11 21
7 25
22 13
22 4
1 25
1 13
2 28
12 11
18 20
24 20
2 25
3 11
27 15
8 5
0 19
18 19
10 19
6 9
10 9
23 9
26 29
26 5
28 29
0 16
16 23
26 29
6 10
26 29
26 29
6 10
26 29
26 29
26 29
0 19
0 19
8 5
0 16
16 23
0 19
27 15
0 19
27 15
8 5
18 20
28 29
13 25
18 20
18 20
18 20
13 25
18 20
0 16
16 23
12 11
28 29
0 19
26 29
0 16
28 29
16 23
24 4
18 20
0 16
26 29
12 11
28 29
18 20
7 28
0 16
28 29
16 23
8 28
12 11
0 16
28 29
16 12
12 11
0 16
16 14
0 16
28 29
13 25
0 16
16 23
16 14
7 28
0 16
28 29
14 21
16 14
0 16
16 12
12 11
0 16
1 25
0 16
16 23
2 28
0 16
28 29
16 23
16 12
7 28
0 16
28 29
12 3
2 28
16 12
0 16
28 29
