0
372
0 29
7 12
2 12
15 23
12 27
0 1
10 6
2 1
10 12
0 7
20 19
0 2
10 3
18 27
21 29
26 19
18 6
27 16
18 23
16 29
17 25
0 4
9 18
15 3
22 24
17 1
15 2
3 12
0 10
26 1
3 11
3 28
20 6
28 6
20 11
12 29
26 8
23 25
9 22
3 19
26 22
25 29
13 5
28 5
0 9
20 17
20 8
14 6
4 24
5 19
14 27
18 8
25 6
16 6
26 4
14 8
6 29
26 15
13 19
14 4
23 19
16 19
21 8
26 14
20 13
12 19
0 26
4 8
11 19
5 2
6 24
3 18
11 8
22 19
20 5
20 4
21 18
16 17
17 8
25 18
25 4
16 13
21 4
15 24
22 10
17 10
21 17
15 10
12 18
20 16
28 9
28 13
22 23
22 2
11 1
12 1
21 22
25 11
3 25
21 12
9 27
12 9
27 29
26 23
24 29
25 26
23 24
3 25
11 15
15 19
19 29
24 29
13 24
22 13
21 12
24 29
23 24
25 11
3 25
24 29
23 24
21 22
2 8
21 22
24 29
23 24
21 28
24 29
13 24
21 28
9 27
27 29
16 15
15 19
19 29
21 12
18 19
19 29
10 24
24 29
20 16
16 15
19 29
17 19
10 24
21 17
24 29
10 24
21 22
24 29
24 29
20 16
16 15
4 19
19 29
24 29
13 24
20 16
3 25
4 19
19 29
3 25
18 19
19 29
21 17
17 8
20 16
18 19
19 29
4 19
19 29
17 8
5 17
21 22
19 29
25 11
3 25
18 19
19 29
20 5
5 6
24 29
2 17
20 5
17 8
25 11
3 25
19 29
20 4
26 23
24 29
23 24
0 26
26 12
19 29
24 29
13 24
0 26
24 29
20 16
19 29
0 26
26 23
19 29
4 8
26 14
0 26
20 13
19 29
0 26
15 24
24 29
26 5
0 26
5 6
26 14
0 26
4 8
0 26
6 29
20 16
6 29
3 25
3 18
26 14
0 26
27 29
26 5
0 26
19 29
26 4
0 26
24 29
26 14
6 29
0 26
16 6
17 16
6 29
9 27
27 29
5 19
9 28
0 9
19 29
5 19
0 9
19 29
3 25
22 19
0 26
19 29
19 29
22 19
0 9
19 29
9 22
0 9
25 29
22 23
0 26
0 9
9 12
11 6
6 29
9 28
0 9
6 29
6 29
28 6
6 29
11 6
6 29
1 12
12 29
0 26
10 24
24 29
12 29
5 28
2 5
10 15
0 10
28 6
6 29
0 10
1 12
10 17
12 29
0 10
10 22
24 29
10 15
0 10
3 12
12 29
18 12
12 29
0 9
4 24
24 29
0 10
10 17
25 29
0 10
10 17
17 16
23 25
9 18
0 9
25 29
16 29
4 14
0 4
14 27
9 18
16 29
6 16
0 9
16 29
19 16
0 26
0 4
4 21
9 18
27 16
16 29
0 9
11 19
3 11
16 29
0 10
19 16
2 5
16 29
0 2
17 20
16 29
2 17
19 16
18 27
27 16
16 29
7 18
0 10
12 29
0 2
1 12
12 29
16 29
6 16
0 10
1 12
12 29
0 1
27 16
16 29
1 12
2 15
23 18
0 2
18 27
27 16
16 29
12 27
0 2
27 16
16 29
0 7
12 27
27 16
16 29
