0
320
0 3
23 25
22 11
23 1
17 18
6 9
17 13
11 25
17 7
19 25
5 9
23 9
5 22
0 8
10 22
23 7
17 20
0 25
23 6
13 1
2 25
10 9
18 1
24 1
14 5
10 7
0 4
0 14
9 25
2 1
0 17
3 1
9 22
3 22
15 24
22 1
19 12
23 14
19 8
23 4
1 25
3 7
19 15
21 7
11 12
13 24
10 12
0 21
19 21
16 25
18 22
13 7
19 17
18 12
24 25
10 15
12 25
9 15
0 23
2 21
0 5
7 25
22 25
19 13
11 8
11 14
9 13
9 21
2 5
13 25
15 25
9 8
2 10
0 19
13 5
0 2
12 8
12 5
13 21
0 18
11 18
6 25
9 20
17 14
0 9
13 4
0 11
13 20
10 25
12 4
7 8
12 20
10 5
16 8
20 25
16 4
6 21
12 17
22 21
15 4
4 25
0 15
21 25
0 22
0 12
17 25
21 25
0 6
4 25
0 16
0 20
8 25
0 16
5 25
0 10
0 12
20 25
8 25
0 7
0 12
4 25
0 10
0 13
20 25
11 21
21 25
0 13
4 25
14 25
9 14
12 17
14 25
0 12
0 9
20 25
0 6
0 11
18 25
18 25
21 25
0 13
5 25
0 12
8 25
0 12
8 25
2 8
5 25
0 13
14 25
19 14
0 2
10 25
8 25
0 9
0 15
0 13
0 2
5 25
0 9
21 25
0 9
13 25
0 11
14 25
8 25
0 11
0 19
13 25
0 22
0 7
5 25
0 2
21 25
23 22
22 25
0 9
15 25
0 12
0 23
23 10
15 25
0 24
0 23
23 18
12 25
17 12
0 19
12 25
19 13
0 19
7 25
0 23
23 18
22 25
0 16
0 19
21 25
21 25
0 23
23 10
12 25
19 13
24 25
0 19
12 25
0 11
7 25
0 21
15 16
0 19
16 25
21 3
7 25
0 21
0 23
4 24
24 25
0 19
8 25
0 23
14 25
0 19
12 25
18 22
0 23
1 25
23 18
19 15
24 25
0 19
22 1
21 3
1 25
0 21
22 1
1 25
0 9
21 3
1 25
0 21
1 25
17 1
1 25
0 2
0 9
14 25
4 24
24 25
0 17
17 10
7 25
5 13
13 9
0 14
9 25
0 4
1 25
4 24
4 18
0 4
1 25
0 17
17 10
9 25
0 2
14 5
5 13
0 14
1 25
13 1
6 13
0 23
1 25
10 9
20 10
0 17
9 25
0 23
7 25
22 1
17 20
20 10
0 17
1 25
8 25
22 1
14 5
0 14
1 25
0 23
9 25
14 5
0 14
9 25
0 19
0 17
7 25
0 8
8 11
13 1
0 17
1 25
23 6
0 23
9 25
12 11
18 12
11 25
0 17
0 23
1 25
23 1
1 22
11 25
0 23
0 23
22 11
3 22
11 25
