0
196
19 14
0 26
0 15
1 14
0 20
10 20
4 29
0 19
24 7
0 10
0 1
24 10
26 18
6 17
13 18
26 22
11 20
26 12
26 13
26 9
13 20
2 5
26 6
9 22
22 17
14 29
5 18
2 23
8 17
13 7
22 4
28 19
27 4
23 18
8 1
18 29
26 25
13 28
9 27
13 2
13 3
11 9
13 25
1 7
11 10
4 1
22 23
4 18
11 13
4 6
22 28
3 28
14 15
22 2
14 18
12 16
28 23
21 20
21 17
25 27
25 2
9 6
25 28
10 1
7 23
27 23
17 29
17 29
17 29
17 29
10 1
17 29
25 28
10 1
17 29
10 1
17 29
27 23
17 29
25 27
17 29
25 27
25 28
17 29
17 29
12 16
7 23
17 29
14 15
28 23
17 29
28 23
17 29
12 16
4 6
12 16
11 13
17 29
11 13
17 29
11 13
17 29
10 1
17 29
7 23
11 10
10 1
17 29
11 13
12 16
28 23
17 29
3 28
28 23
11 13
17 29
11 13
12 16
11 9
21 20
28 23
11 13
17 29
12 16
11 10
10 1
18 29
26 25
22 23
18 29
4 18
26 25
18 29
25 27
26 25
25 28
4 18
26 25
18 29
7 1
11 13
18 29
17 29
23 18
26 25
25 2
18 29
11 13
18 29
26 25
26 25
17 29
22 17
11 9
17 29
4 18
18 29
6 4
5 18
26 6
18 29
11 13
9 22
22 17
17 29
13 20
12 16
22 17
17 29
26 13
18 29
26 6
17 29
18 29
15 14
14 29
18 29
15 14
14 29
10 24
7 13
0 10
13 18
18 29
1 4
0 1
0 10
14 29
0 1
15 14
14 29
4 29
26 22
22 4
0 19
14 29
