0
294
0 29
24 15
26 19
25 3
8 22
26 20
25 9
21 29
25 24
12 19
11 22
11 7
15 19
8 7
0 9
3 7
0 25
19 29
18 4
22 29
0 8
0 23
26 18
0 13
2 5
0 26
22 7
7 29
0 3
0 2
14 3
14 2
14 9
14 5
0 18
0 14
16 29
12 29
22 27
4 29
0 24
6 5
19 27
10 29
10 3
11 2
6 2
7 27
11 9
12 18
1 27
20 29
6 27
20 27
6 13
12 9
16 5
1 9
0 6
7 9
28 18
0 11
20 8
20 15
16 17
20 23
16 23
1 5
28 13
17 29
22 13
1 3
22 18
20 24
28 3
20 18
16 13
17 27
19 11
17 5
28 2
19 8
20 9
7 2
5 29
4 23
17 9
17 2
19 3
1 11
21 23
9 29
7 13
28 15
12 8
28 23
0 1
0 28
0 22
27 29
4 27
0 4
2 29
22 2
28 29
1 29
23 29
0 28
8 29
0 12
15 29
0 28
13 29
0 7
19 9
0 19
23 29
0 21
11 29
0 1
3 29
0 19
2 29
0 17
9 29
0 17
23 29
0 4
12 5
0 12
2 29
0 7
9 29
0 20
8 29
0 19
2 29
0 28
5 29
0 17
0 19
11 29
27 29
0 17
13 29
0 16
18 29
0 20
3 29
0 28
24 29
0 20
0 22
18 29
3 29
0 1
13 29
0 22
0 17
13 29
0 28
5 29
0 1
23 29
0 16
23 29
0 20
17 29
0 16
15 29
0 20
8 29
0 20
11 29
18 29
0 28
9 29
0 7
6 29
9 29
0 1
5 29
0 16
9 29
0 12
13 29
0 6
27 29
0 20
27 29
0 6
0 20
27 29
0 1
18 29
0 12
9 29
0 11
27 29
0 7
2 29
0 6
2 29
0 11
3 29
27 29
0 19
5 29
0 6
24 29
0 4
27 29
0 22
0 12
0 16
14 29
18 29
0 14
5 29
0 14
9 29
0 14
2 29
0 14
3 29
2 29
3 29
0 7
7 29
0 22
26 5
5 29
0 2
5 29
13 29
0 26
18 29
23 16
16 29
8 29
0 22
26 18
0 26
4 29
20 19
23 20
0 23
7 29
25 7
0 26
26 3
7 29
7 29
9 7
0 8
7 29
19 29
0 23
23 15
9 11
0 9
7 29
22 29
9 11
0 9
26 18
19 29
18 12
0 26
0 25
11 22
22 29
24 11
0 23
23 21
0 25
11 22
22 29
9 11
15 19
20 15
19 29
0 26
22 29
0 8
3 7
0 25
7 29
19 29
0 26
15 19
25 24
0 25
19 29
