0
134
3 29
1 29
11 21
21 29
10 5
6 11
0 23
1 18
0 3
17 9
23 5
17 1
4 12
15 12
4 2
16 13
15 22
0 24
16 19
23 7
23 3
19 1
13 2
4 10
17 23
17 4
16 23
28 18
5 29
10 23
9 15
21 1
19 26
25 3
2 6
25 28
7 6
8 6
13 27
12 22
5 2
13 15
22 24
10 12
19 23
12 23
10 12
12 23
10 12
10 12
22 24
10 12
10 12
10 12
12 22
10 12
7 6
5 2
10 12
8 6
12 22
22 24
10 12
25 28
21 1
21 1
13 27
10 12
25 28
5 29
5 29
5 29
28 18
25 28
17 4
2 5
17 23
5 29
23 19
17 23
17 23
5 29
7 6
6 2
2 5
17 23
5 29
19 1
22 12
24 22
5 29
0 24
22 12
5 29
13 2
2 5
5 29
17 4
2 5
5 29
0 24
5 29
17 4
5 29
17 23
5 29
9 15
12 4
4 10
15 12
10 23
23 5
5 29
23 5
3 23
5 29
17 1
23 5
5 29
23 7
0 23
7 6
23 10
0 23
5 29
17 1
1 21
21 29
6 11
23 7
0 23
7 6
17 1
0 3
