0
349
1 23
14 20
2 20
4 11
27 6
0 4
20 29
25 1
13 4
26 25
19 1
8 21
24 1
13 8
0 13
10 24
27 28
12 1
18 6
21 1
10 4
5 1
26 2
0 7
6 29
17 21
17 11
23 2
26 27
0 2
12 3
10 9
12 15
17 27
9 1
14 2
26 19
9 21
0 26
0 9
25 29
3 21
8 28
0 17
4 29
15 21
25 8
12 27
24 16
24 13
28 29
23 13
5 22
0 29
15 9
0 23
24 18
0 19
5 9
24 6
0 12
25 7
25 16
24 22
0 5
11 29
24 19
11 21
21 29
3 29
24 15
4 2
6 8
1 29
27 9
3 8
2 29
27 19
0 24
8 29
25 4
3 9
16 29
7 19
10 14
25 27
3 13
14 29
11 10
22 10
3 17
25 6
11 7
2 13
25 15
0 25
3 19
11 22
27 29
10 13
3 10
13 29
0 3
0 27
0 11
22 29
19 29
0 3
19 29
25 19
0 25
15 29
0 25
25 2
13 29
7 13
13 29
0 11
0 25
13 29
6 13
0 3
17 29
11 22
10 13
13 29
0 11
10 13
13 29
0 11
0 14
13 29
0 3
0 25
27 29
11 10
0 11
14 29
11 7
19 29
0 11
0 16
9 29
0 3
4 9
0 25
9 29
0 8
24 29
24 27
0 24
19 29
0 25
25 2
8 29
0 3
24 27
0 24
9 29
0 1
25 6
0 25
8 29
25 4
2 29
0 25
15 8
0 24
8 29
0 3
0 21
21 29
0 11
0 24
19 29
0 11
2 29
5 2
22 11
0 24
11 29
1 29
16 1
0 25
7 2
2 29
0 25
12 29
6 8
0 24
8 29
0 5
9 29
19 29
18 3
0 24
3 29
23 8
8 29
24 15
0 24
9 29
22 11
0 5
11 29
0 23
13 29
24 28
0 24
0 24
13 29
1 29
16 1
0 24
27 9
0 12
9 29
0 25
8 29
24 15
0 24
21 29
0 23
23 4
17 3
3 29
0 17
17 8
28 29
0 17
17 3
21 29
0 25
9 29
26 29
0 9
21 29
0 26
19 29
10 14
0 26
26 10
2 29
1 29
0 9
27 9
0 17
9 1
1 29
15 21
0 12
21 29
0 26
26 10
9 1
1 29
3 21
0 12
21 29
2 29
0 26
27 9
9 1
1 29
0 23
2 29
0 17
11 29
0 17
21 29
24 6
0 24
6 29
7 25
25 6
0 26
2 29
10 22
22 5
0 26
26 10
1 29
0 26
26 10
4 29
17 21
0 17
1 29
6 29
0 17
17 18
0 12
1 29
26 27
0 26
28 29
0 26
6 29
26 10
24 6
13 24
6 29
24 6
0 13
6 29
8 6
0 13
13 24
1 29
21 1
13 8
0 13
1 29
7 19
0 7
1 29
0 26
6 29
25 6
0 13
4 29
26 25
0 26
1 29
0 26
26 20
4 29
26 27
0 26
6 29
17 27
11 17
27 6
0 4
6 29
26 2
20 29
0 26
4 10
0 4
10 14
20 29
24 1
23 2
10 24
2 20
4 10
0 4
20 29
