0
152
0 1
2 3
1 26
2 4
15 17
22 24
8 10
21 22
11 12
22 23
23 24
12 14
11 13
14 16
5 7
6 7
4 6
19 21
3 5
9 10
13 15
16 18
17 18
25 26
8 9
19 20
19 20
8 9
19 20
25 26
8 9
25 26
8 9
16 18
25 26
8 9
13 15
16 18
25 26
8 9
9 10
13 15
16 18
25 26
8 9
3 5
9 10
13 15
16 18
25 26
8 9
19 21
9 10
13 15
16 18
25 26
8 9
4 6
19 21
9 10
13 15
16 18
25 26
19 21
3 5
9 10
13 15
16 18
25 26
5 7
19 21
3 5
9 10
16 18
25 26
14 16
5 7
19 21
3 5
16 18
25 26
14 16
5 7
19 21
3 5
9 10
16 18
25 26
12 14
14 16
5 7
19 21
3 5
9 10
16 18
23 24
12 14
14 16
5 7
3 5
9 10
16 18
22 23
23 24
12 14
14 16
5 7
3 5
16 18
11 12
22 23
23 24
12 14
14 16
5 7
19 21
3 5
16 18
21 22
22 23
23 24
12 14
14 16
5 7
19 21
3 5
16 18
8 10
21 22
12 14
14 16
5 7
19 21
3 5
16 18
22 24
8 10
21 22
5 7
19 21
3 5
13 15
15 17
22 24
6 7
4 6
8 10
21 22
19 21
13 15
1 26
1 26
