0
392
16 14
0 23
0 13
5 24
3 9
5 16
11 24
14 27
14 12
5 4
25 4
22 9
21 13
17 15
20 3
0 5
26 13
15 13
14 1
20 24
19 15
20 17
7 24
9 27
20 26
20 15
14 21
9 13
14 26
14 22
9 12
1 13
11 7
10 13
20 23
19 2
20 1
21 24
24 27
13 27
16 26
3 15
2 15
16 4
19 16
13 12
14 2
3 4
14 10
5 25
19 22
7 15
14 9
14 18
0 11
13 4
24 1
4 15
20 5
7 26
24 3
7 25
2 23
24 6
2 26
7 6
16 15
24 9
7 9
17 18
12 27
17 6
1 15
8 15
17 9
17 10
13 17
2 25
3 6
3 10
15 27
16 18
10 6
1 26
2 3
5 21
10 9
16 3
10 21
24 2
1 25
22 10
3 21
8 3
16 8
5 22
16 22
16 17
19 3
17 22
25 23
23 27
0 14
14 13
25 23
17 19
23 27
0 14
14 13
19 3
25 23
17 19
23 27
0 14
14 13
25 23
23 27
0 14
14 13
25 23
23 27
0 14
14 13
10 18
23 27
18 23
0 14
14 13
16 8
25 23
23 27
0 14
14 13
8 3
16 8
21 26
0 14
14 13
5 22
10 18
23 27
18 23
0 14
14 13
25 23
23 27
0 14
14 13
10 18
23 27
18 23
0 14
24 2
21 26
0 14
3 21
21 26
0 14
14 13
24 2
0 14
21 26
0 14
14 13
3 21
24 2
21 26
0 14
0 14
14 13
24 2
23 27
0 14
23 27
18 23
0 14
14 13
24 2
0 14
2 3
15 27
24 2
0 14
2 3
24 2
23 27
0 14
15 27
24 2
0 14
17 22
15 27
0 14
14 13
13 17
15 27
0 14
14 13
13 17
15 27
0 14
14 13
16 8
15 27
0 14
14 13
13 17
15 27
0 14
14 13
13 17
23 27
0 14
14 13
16 8
0 14
14 13
13 17
23 27
18 23
0 14
14 13
15 27
0 14
15 27
0 14
15 27
0 14
14 13
23 27
0 14
24 2
0 14
23 27
0 14
24 2
23 27
0 14
15 27
0 14
12 27
3 8
0 14
0 14
5 22
15 27
15 27
0 14
1 15
15 27
0 14
4 15
15 27
0 14
14 13
23 27
18 23
11 18
23 27
18 23
0 14
15 27
0 14
15 27
0 14
0 11
15 27
25 7
7 15
20 5
15 27
15 27
0 14
10 3
4 15
14 10
15 27
0 14
2 23
23 27
0 14
12 27
0 14
14 13
0 11
16 15
15 27
19 16
4 15
0 11
15 27
14 2
15 27
0 14
10 3
14 10
15 27
0 14
19 16
0 11
0 14
14 13
0 14
0 11
24 27
1 24
24 27
2 15
0 11
15 27
23 27
14 10
13 27
0 14
7 15
0 11
15 27
20 1
13 27
12 27
14 9
0 14
22 10
10 13
13 27
0 14
0 14
13 27
14 9
0 14
21 24
24 27
0 14
15 27
14 9
0 14
11 7
0 11
24 27
17 9
9 27
0 11
15 27
24 27
1 13
13 27
0 14
19 15
13 27
0 11
20 26
13 27
13 27
15 13
3 15
13 27
15 13
20 17
13 27
0 5
13 27
5 21
0 5
9 27
5 22
5 25
0 5
4 13
13 27
0 5
4 13
13 27
12 27
0 14
0 14
0 11
24 27
26 13
16 26
0 5
13 27
5 4
4 3
0 5
9 27
0 5
24 27
13 27
23 27
5 16
0 5
14 27
