0
318
0 3
25 19
20 29
0 2
17 10
16 29
0 17
0 23
4 29
16 21
24 29
24 19
16 27
13 7
13 26
19 26
24 17
26 29
24 21
15 10
25 29
0 16
0 29
10 21
1 21
4 11
20 17
8 21
9 11
0 1
2 21
18 1
28 29
17 29
4 19
12 21
27 11
21 29
24 15
10 11
26 11
0 4
26 7
6 29
10 22
19 11
19 29
7 11
0 18
13 1
0 24
15 11
19 14
23 11
0 10
20 1
11 29
7 14
19 10
8 29
14 1
15 13
0 9
28 1
1 29
0 7
6 10
19 9
15 9
13 29
22 7
6 9
25 2
26 22
0 15
0 27
26 25
12 9
19 22
28 7
19 18
20 9
0 12
28 23
26 9
19 7
20 12
20 3
28 10
20 7
6 15
0 26
22 29
20 18
19 2
6 2
22 23
22 9
6 18
3 9
8 3
9 29
0 8
0 6
18 29
9 29
0 22
23 29
0 22
0 6
2 29
0 19
2 29
0 20
18 29
0 22
26 23
23 29
0 6
15 29
0 20
7 29
0 28
10 29
3 9
0 20
9 29
0 20
12 29
0 19
7 29
0 26
9 29
0 28
23 29
12 29
0 20
9 29
0 19
18 29
0 28
7 29
0 19
22 29
0 12
9 29
25 18
0 26
18 29
27 29
15 29
0 26
22 29
26 25
0 26
2 29
0 6
9 29
26 22
0 26
7 29
0 13
0 15
9 29
0 19
9 29
0 6
10 29
7 29
0 26
26 1
1 29
0 28
9 29
0 15
13 29
15 14
1 29
0 15
0 8
0 19
10 29
14 1
1 29
0 7
0 11
1 29
0 20
10 29
10 23
11 29
0 10
14 1
1 29
0 19
11 29
0 15
24 1
1 29
0 24
24 13
1 29
18 29
11 29
0 7
0 19
11 29
0 19
22 7
7 11
11 29
0 10
0 6
7 11
11 29
0 26
4 6
6 29
11 29
0 26
11 29
0 10
15 11
0 24
11 29
0 21
0 24
24 27
11 29
24 15
15 12
21 29
0 24
19 11
0 4
11 29
4 5
0 4
5 17
0 28
0 18
1 29
21 29
4 2
0 4
1 29
15 9
24 15
0 24
11 29
21 29
0 4
4 8
1 20
17 29
0 1
0 4
11 29
21 29
0 1
19 10
4 19
21 29
0 4
16 11
11 29
18 25
0 18
10 21
24 15
21 29
0 24
21 29
0 24
0 26
17 29
0 24
26 29
4 19
0 4
26 29
0 16
16 13
7 26
26 29
0 16
16 13
7 26
27 7
26 29
0 16
19 26
26 29
0 24
0 24
0 16
21 29
0 4
22 7
7 26
23 22
26 29
17 29
0 16
21 16
10 21
0 17
16 29
2 25
25 29
0 17
17 20
0 2
2 25
19 26
26 29
20 29
3 20
