0
334
0 1
11 12
18 21
19 21
16 17
20 21
22 24
23 24
25 27
26 27
16 19
18 19
18 20
0 27
0 2
0 3
0 6
4 6
5 6
0 7
4 7
5 7
0 8
0 4
5 8
0 9
5 9
0 10
0 5
0 11
0 12
0 13
14 27
14 15
15 27
16 27
17 27
18 27
19 27
20 27
21 27
22 27
21 23
22 23
24 27
23 27
14 13
12 13
14 12
15 13
14 11
16 13
15 12
17 13
11 13
14 10
15 11
16 12
14 9
15 10
16 11
17 12
18 13
14 8
16 10
9 10
17 11
9 11
18 12
9 12
19 13
15 9
14 7
17 10
8 10
18 11
8 11
19 12
20 13
15 8
16 9
14 6
18 10
7 10
19 11
20 12
21 13
15 7
16 8
17 9
19 10
20 11
21 12
14 22
17 22
20 22
21 22
22 13
13 27
0 21
22 13
13 27
0 20
22 13
13 27
0 17
22 13
0 14
13 27
12 27
0 21
11 27
0 20
10 27
0 19
0 17
9 27
0 16
8 27
0 15
7 27
13 27
0 21
12 27
0 20
11 27
0 19
15 7
0 15
10 27
10 27
0 18
0 14
6 27
0 16
9 27
0 15
8 27
13 27
0 20
12 27
0 19
15 8
0 15
11 27
11 27
0 18
15 8
0 15
10 27
0 17
10 27
0 14
7 27
0 15
9 27
13 27
0 19
15 9
0 15
12 27
12 27
0 18
15 9
0 15
11 27
11 27
0 17
15 9
0 15
10 27
0 16
10 27
0 14
8 27
13 27
0 18
12 27
0 17
0 16
11 27
0 15
10 27
0 14
9 27
12 27
0 16
0 15
11 27
0 14
10 27
15 11
13 27
0 15
13 27
0 17
0 15
12 27
13 27
0 16
0 14
11 27
13 27
0 15
0 14
12 27
14 12
0 14
13 27
0 14
13 27
0 23
0 24
23 27
14 22
0 14
23 27
0 21
14 22
0 14
0 21
0 20
0 19
0 18
0 17
0 16
0 15
15 27
0 14
0 14
13 27
12 27
11 27
5 10
10 27
10 27
0 5
9 27
9 27
0 5
8 27
4 8
8 27
8 27
0 5
7 27
0 4
7 27
7 27
0 5
6 27
0 4
6 27
6 27
3 27
2 27
0 4
4 11
11 18
20 27
0 4
4 11
11 18
19 27
0 4
11 16
4 11
19 27
18 20
20 23
23 26
0 4
4 11
11 18
16 19
19 22
22 25
0 4
11 16
4 11
18 20
20 23
24 27
0 4
4 11
11 18
16 19
19 22
24 27
0 4
11 16
4 11
18 20
21 24
24 27
0 4
4 11
11 18
20 21
17 20
21 24
24 27
0 4
11 16
4 11
16 19
21 24
24 27
0 4
11 16
4 11
21 24
24 27
0 4
4 11
11 18
12 13
13 14
14 15
15 16
16 17
24 27
0 4
4 11
17 24
11 12
12 13
13 14
14 15
15 16
16 17
24 27
17 24
1 11
