0
304
0 3
6 26
0 7
25 8
6 1
2 13
12 26
0 2
25 5
3 26
1 26
17 21
18 13
20 5
12 7
7 26
8 26
0 26
19 5
0 25
17 2
18 5
17 11
1 5
18 24
0 22
24 26
0 6
20 21
5 26
4 25
9 10
0 18
19 2
24 15
20 22
4 1
24 10
17 19
20 19
0 4
3 16
25 10
3 22
23 26
21 26
0 17
20 6
14 26
0 19
5 10
13 22
0 20
9 22
13 16
23 15
10 26
13 19
23 22
0 13
21 15
24 11
9 11
11 26
9 18
14 15
5 22
10 22
23 2
23 16
15 26
2 26
24 19
5 8
0 9
16 26
1 18
14 22
24 7
23 18
23 9
24 25
21 18
23 19
24 3
5 7
24 9
15 22
4 22
5 9
16 22
11 19
12 22
24 17
21 25
16 18
14 19
1 9
14 18
22 26
0 24
24 22
18 26
0 14
0 1
9 26
19 26
0 14
18 26
0 16
25 26
0 21
0 24
17 26
22 26
0 12
19 26
0 11
22 26
0 16
0 5
9 26
5 4
22 26
0 5
22 26
0 15
0 24
9 26
7 22
22 26
0 5
3 18
0 24
18 26
0 23
19 26
18 26
0 21
0 24
25 26
0 23
9 26
0 23
18 26
7 22
22 26
0 24
22 26
0 14
18 26
0 1
0 16
9 26
8 16
16 26
0 5
0 24
19 26
0 24
24 2
0 15
16 26
0 23
2 26
0 23
22 26
0 10
22 26
0 5
15 26
0 14
18 26
0 9
0 11
11 26
0 9
11 26
0 24
15 26
0 21
13 26
22 26
0 23
0 13
19 26
0 10
15 26
0 23
0 13
16 26
22 26
0 9
20 16
16 26
0 13
22 26
10 26
0 5
19 26
0 14
6 11
0 20
11 26
14 26
17 14
0 21
0 23
17 3
0 17
22 26
0 17
17 25
10 26
17 3
0 17
16 26
21 26
4 21
0 20
19 26
0 17
19 26
10 26
0 24
1 10
0 4
10 26
0 20
22 26
15 21
21 26
0 24
17 19
0 17
2 26
18 26
18 9
0 18
10 26
25 10
0 4
10 26
0 5
0 20
21 26
6 11
11 26
0 24
22 26
0 18
24 26
4 1
0 4
5 26
0 17
11 26
5 26
0 18
0 17
2 26
25 10
10 26
0 25
25 19
5 26
6 12
12 8
0 6
0 17
17 7
7 26
6 12
0 6
8 26
5 8
0 20
7 26
13 7
0 18
0 17
21 26
4 1
0 4
17 3
0 17
8 26
0 25
5 8
2 17
3 26
17 3
6 12
0 6
0 2
7 26
13 7
1 26
0 6
8 26
0 25
7 26
0 6
3 26
