0
158
5 23
0 23
5 14
11 7
14 7
15 1
0 20
15 14
0 5
10 1
21 4
4 7
0 15
10 16
4 13
14 6
0 11
2 7
21 19
9 15
7 23
3 13
21 12
3 6
0 9
1 13
4 8
14 10
15 16
5 17
14 11
20 12
20 18
1 19
1 6
17 19
4 5
18 6
20 17
15 17
7 13
16 13
12 6
17 22
7 6
13 23
0 21
4 20
2 21
4 3
4 15
18 16
7 8
10 6
18 12
18 12
10 6
18 16
18 16
18 16
18 16
18 16
18 12
0 21
0 21
13 23
0 21
18 12
0 21
13 23
0 21
18 16
13 23
0 21
7 13
13 23
4 15
7 13
13 23
4 20
0 21
10 6
20 17
13 23
4 20
13 23
18 6
4 20
12 6
4 20
16 13
13 23
17 19
13 23
4 5
16 13
13 23
4 15
10 6
7 13
13 23
8 7
13 23
18 6
0 21
12 6
0 21
13 23
0 21
4 8
8 7
15 16
0 9
16 13
13 23
13 23
0 21
7 23
21 2
0 21
16 13
13 23
11 14
0 11
13 23
0 11
16 13
13 23
15 16
16 13
13 23
7 23
4 7
7 23
0 21
0 11
1 13
13 23
4 7
7 23
5 4
14 6
0 15
4 7
7 23
20 4
0 15
1 13
13 23
15 14
0 15
7 23
7 23
0 11
14 7
0 5
7 23
0 5
