0
331
3 25
5 25
26 17
3 16
3 26
0 27
9 10
16 12
2 10
5 21
28 26
16 6
11 21
0 8
22 13
12 17
2 22
19 25
0 14
0 3
5 27
24 25
26 25
17 29
2 1
0 2
7 6
10 29
13 25
5 2
25 29
0 5
0 29
21 29
19 13
6 29
0 19
7 20
3 20
0 18
0 7
11 26
0 11
22 12
12 2
15 26
4 28
0 13
14 28
0 12
16 28
16 1
25 27
15 19
0 22
0 17
6 2
15 13
15 20
25 22
4 1
15 18
5 18
14 9
25 7
8 7
8 5
4 18
1 28
2 29
0 15
1 29
24 29
1 18
23 15
5 20
6 13
3 27
21 19
10 7
0 23
25 8
6 20
21 26
6 18
10 26
16 19
6 12
21 12
1 7
24 13
24 27
1 27
16 18
16 17
16 11
27 28
16 14
16 22
0 16
22 29
14 8
8 28
28 29
0 16
6 27
28 29
0 6
11 28
28 29
0 16
17 20
20 29
0 16
0 16
18 29
27 28
28 29
0 1
27 28
28 29
0 24
13 29
0 24
7 29
0 1
12 29
0 21
0 6
12 29
0 16
19 29
26 29
0 10
18 29
0 6
26 29
0 21
20 29
0 6
8 28
28 29
23 19
19 29
0 10
7 29
19 29
0 21
23 3
27 28
0 23
28 29
0 6
13 29
23 14
14 5
0 23
20 29
0 23
15 28
28 29
18 29
0 1
0 24
0 1
15 28
28 29
0 23
23 2
28 29
0 1
15 4
0 15
18 29
5 20
25 8
20 29
25 8
7 29
7 29
23 14
0 23
9 29
8 5
25 8
18 29
0 15
18 29
1 28
15 4
0 15
28 29
22 29
0 15
20 29
0 15
13 29
2 29
0 6
17 20
20 29
22 29
0 15
19 29
27 28
28 29
1 28
17 16
0 17
28 29
17 16
0 17
28 29
12 29
23 14
0 23
28 29
13 29
17 4
0 17
28 29
0 15
26 29
2 29
0 12
12 2
2 29
0 22
2 29
11 2
0 11
26 29
7 29
18 29
11 3
0 11
20 29
0 7
20 29
19 29
18 6
0 18
13 6
6 29
0 19
19 21
0 19
4 21
21 29
5 4
0 5
2 29
19 13
25 29
0 19
7 10
0 7
6 29
0 7
2 29
1 4
0 2
4 21
21 29
0 17
19 26
25 29
0 19
0 5
25 29
5 24
27 25
0 5
25 29
27 25
25 29
3 27
14 16
17 29
16 17
25 29
0 19
22 25
0 2
25 29
2 22
22 12
17 29
0 2
2 22
13 25
0 2
25 29
25 29
8 25
21 29
0 11
0 14
14 16
6 29
26 25
0 14
14 28
25 29
0 5
21 29
0 2
10 29
12 17
0 14
14 16
17 29
0 14
14 9
10 29
27 25
25 29
26 25
0 3
25 29
16 12
12 17
0 3
17 29
3 26
0 3
17 29
0 5
25 29
0 3
25 29
