0
333
16 13
0 16
18 22
0 22
9 13
0 18
26 27
23 24
25 13
26 1
0 29
15 6
8 24
26 20
9 2
24 29
3 22
2 20
7 21
7 18
0 28
3 18
17 23
0 2
26 15
13 29
0 9
4 7
16 22
1 4
0 26
0 17
0 3
4 12
4 11
14 10
13 27
14 12
27 29
21 13
19 5
14 16
0 1
0 4
5 29
21 14
21 11
0 21
0 15
22 29
12 29
19 11
24 16
7 16
6 29
11 29
5 17
14 17
5 28
10 16
2 29
25 4
3 16
5 4
14 19
14 1
10 15
14 18
0 14
7 15
27 16
5 16
23 15
26 28
7 9
20 15
5 23
0 10
6 28
11 15
25 9
28 29
12 18
12 10
24 17
6 21
0 7
24 20
11 16
12 23
6 23
5 3
0 24
5 25
8 1
6 16
6 8
6 20
0 25
27 15
15 29
0 27
25 29
20 4
4 29
0 6
8 4
4 29
0 6
16 29
0 6
6 8
0 6
1 29
0 5
25 29
15 29
24 15
0 5
3 29
0 6
23 29
0 12
23 29
16 29
0 11
20 4
0 24
4 29
7 29
21 29
0 6
0 24
17 29
0 12
10 29
18 15
15 29
0 12
24 28
0 24
5 25
0 5
9 29
15 29
0 11
28 29
0 6
10 29
0 5
23 29
24 20
0 24
15 29
0 7
9 29
5 25
25 26
28 29
0 5
5 23
0 5
15 29
0 5
16 29
16 29
0 27
15 29
0 7
14 29
18 15
0 14
15 29
15 29
0 10
0 14
1 29
19 17
0 14
17 29
0 5
4 29
5 3
0 5
16 29
5 25
0 5
4 29
0 14
14 2
16 29
0 10
28 29
0 5
0 14
17 29
0 5
17 29
0 11
0 6
16 29
0 7
16 29
0 24
14 19
11 29
0 14
0 12
24 22
0 24
15 29
21 29
0 21
11 29
18 12
14 18
0 21
12 29
0 5
4 29
1 29
0 1
1 14
16 29
1 8
8 19
0 1
5 29
22 29
13 22
0 21
0 27
0 1
1 14
12 29
21 13
27 29
0 21
10 12
0 1
1 14
12 29
0 4
11 29
0 4
12 29
27 29
3 27
17 29
26 12
12 29
4 12
0 1
12 29
3 16
0 3
22 29
1 4
7 16
16 22
0 1
22 29
27 29
9 27
21 13
0 21
0 26
13 29
20 13
15 20
2 29
0 17
13 29
23 13
13 29
18 13
0 3
28 29
9 7
0 9
13 29
18 13
9 7
0 9
13 29
21 13
13 29
20 13
0 2
0 3
22 29
9 7
0 9
7 16
16 24
2 20
0 9
13 29
20 13
0 26
13 29
20 13
24 29
1 8
0 1
26 15
8 24
0 26
24 29
6 8
8 24
0 26
24 29
1 8
9 25
0 9
13 29
17 23
24 29
0 17
0 26
27 29
13 29
18 13
0 9
13 29
22 29
0 18
22 29
24 29
16 24
0 16
13 29
