0
353
0 29
9 5
10 14
1 18
22 14
0 19
22 11
10 29
1 5
4 24
21 16
24 5
0 9
6 23
12 6
3 21
20 6
15 18
24 6
28 25
22 3
7 11
16 6
6 29
22 24
15 25
17 13
10 20
14 29
18 29
5 29
22 17
21 4
6 28
0 22
24 23
0 10
28 8
3 28
0 25
4 8
4 29
23 29
24 8
2 8
1 22
7 25
3 25
24 28
17 8
24 9
0 1
0 12
16 20
16 25
0 24
7 19
4 15
7 16
20 28
0 7
23 8
13 11
4 25
21 8
6 1
6 22
17 28
0 6
4 16
26 8
17 16
18 11
17 25
23 28
8 29
26 19
13 9
17 24
18 25
19 29
17 20
10 15
0 13
21 10
17 21
8 9
17 1
28 29
15 29
0 26
10 9
4 5
4 13
14 25
4 22
18 2
5 25
21 9
17 26
0 17
26 29
9 29
0 21
25 29
0 5
2 25
25 29
0 18
0 4
22 29
23 14
25 29
0 23
0 4
13 29
5 25
25 29
0 4
23 10
9 29
0 23
26 29
17 15
0 17
0 28
0 17
1 29
18 8
9 29
0 18
21 15
15 29
0 17
17 21
10 28
28 29
0 17
13 29
21 10
17 21
15 29
0 17
20 9
9 29
0 17
4 19
0 4
25 29
0 18
24 29
0 17
9 29
0 13
19 29
0 26
18 8
0 18
28 29
0 23
25 29
0 17
11 8
8 29
0 18
16 8
8 29
0 17
8 29
0 26
16 8
8 29
0 4
6 15
15 29
28 29
0 17
0 6
22 29
0 6
1 29
8 29
6 21
0 6
25 29
0 4
6 13
11 8
8 29
0 6
8 29
0 23
7 29
17 20
28 29
0 17
16 8
8 29
0 7
15 29
0 4
19 29
0 7
24 29
7 16
0 7
25 29
7 16
20 28
28 29
0 7
8 29
12 8
1 29
9 29
0 24
8 29
0 17
28 29
0 24
12 3
0 12
25 29
0 7
25 29
0 1
22 29
0 12
12 2
8 29
8 29
0 24
0 23
0 4
8 29
0 4
25 29
12 3
0 12
28 29
3 28
12 3
0 12
8 29
23 29
10 23
10 24
0 10
23 29
22 29
28 8
8 29
0 6
4 8
10 21
0 10
8 29
17 8
0 22
8 29
0 10
10 5
0 22
22 18
25 14
0 25
20 16
16 25
14 29
25 14
0 10
11 18
22 17
18 29
13 11
0 22
10 15
14 29
25 14
0 10
24 23
0 22
23 29
0 6
10 20
20 16
0 10
6 29
11 18
18 29
0 7
28 6
3 28
0 22
6 29
22 3
3 28
14 29
25 14
0 22
22 24
0 22
6 29
10 15
18 29
0 10
10 20
0 10
6 29
21 4
22 3
15 18
4 15
18 29
0 22
0 12
6 29
12 6
0 12
23 29
9 29
0 9
9 24
5 29
16 6
6 23
3 21
22 3
0 22
23 29
3 21
21 4
22 3
24 5
5 29
0 22
22 1
5 29
0 22
0 10
11 18
18 29
0 22
19 29
14 29
0 22
22 1
18 29
0 22
14 29
0 10
0 9
5 29
