0
300
18 20
11 12
3 9
12 20
18 17
3 6
6 20
0 11
10 17
9 20
5 20
14 20
10 19
0 19
15 3
2 19
0 7
12 13
3 20
0 15
12 1
6 7
3 7
5 1
0 12
0 20
0 2
3 18
8 19
0 10
6 12
18 1
0 6
3 13
19 20
5 7
4 1
18 11
5 17
14 7
5 11
0 17
1 20
14 17
15 13
5 15
9 13
3 12
0 14
13 20
18 8
18 2
16 11
9 8
1 7
19 7
5 14
4 11
18 12
8 20
5 4
0 9
8 11
18 4
4 20
16 17
0 3
5 9
4 7
5 16
7 20
0 16
0 5
4 17
10 11
0 18
4 2
13 2
1 17
8 16
8 10
13 16
2 20
4 14
1 10
6 10
13 6
4 16
11 20
17 20
13 10
8 15
13 19
12 16
4 19
1 16
6 16
4 10
15 20
13 18
18 10
0 13
10 20
0 4
4 15
0 4
10 20
1 6
0 1
0 1
19 15
15 20
0 4
8 12
19 15
15 20
0 13
15 20
0 13
10 20
8 17
13 11
0 13
0 4
6 11
11 20
0 13
13 6
0 13
10 20
0 1
10 20
14 11
11 20
0 4
1 2
0 1
0 13
10 20
17 20
0 1
2 20
0 13
2 20
0 4
18 10
10 20
0 18
18 10
11 20
17 20
0 4
2 20
5 2
0 18
18 7
0 5
7 20
0 4
0 5
9 17
17 20
11 20
3 11
5 16
0 5
17 20
0 4
0 18
4 20
11 20
9 17
17 20
0 5
4 20
12 7
7 20
0 18
5 4
0 5
11 20
0 5
14 11
11 20
3 19
0 3
7 20
7 20
0 9
9 1
0 9
8 20
5 16
0 5
11 20
0 18
2 20
0 18
8 20
0 13
14 11
11 20
12 7
0 3
7 20
0 9
13 20
15 7
0 5
7 20
5 15
0 5
13 20
0 14
17 20
0 9
9 1
17 20
0 5
11 20
0 14
7 20
0 5
17 20
0 18
11 20
18 11
11 4
1 20
0 18
0 5
7 20
3 19
0 3
0 3
13 20
19 20
6 19
1 20
0 18
0 6
19 20
12 19
10 1
1 20
0 10
19 20
10 8
18 1
1 20
0 3
2 20
19 20
12 19
1 20
0 5
0 3
7 20
0 6
7 20
0 12
1 20
15 13
13 20
0 3
0 12
13 20
7 20
19 20
0 2
0 15
3 20
19 20
0 10
19 20
0 14
0 15
15 5
0 9
17 5
5 20
0 10
5 20
11 5
0 6
15 3
0 15
6 20
11 18
17 5
0 11
5 20
0 12
15 3
9 20
0 15
12 20
0 11
11 18
0 11
