0
265
0 29
10 29
0 24
0 25
0 21
8 29
0 16
0 13
15 29
28 29
0 27
19 29
14 29
1 29
5 29
22 29
17 29
26 29
0 3
2 29
6 29
4 29
0 9
0 20
23 29
11 29
0 7
18 29
0 12
1 16
10 13
8 16
23 25
4 24
8 25
5 13
15 13
0 10
4 12
1 24
1 21
23 24
0 8
22 13
28 25
1 27
15 3
19 13
24 29
5 27
28 21
21 29
11 13
2 9
18 13
14 16
15 20
14 25
13 29
15 12
23 7
28 16
15 9
17 9
15 7
2 25
1 20
18 12
5 7
15 27
28 27
17 16
0 15
25 29
4 16
1 7
11 16
28 9
14 20
5 20
17 20
14 7
4 9
28 7
0 1
6 9
22 3
16 29
17 27
4 7
17 7
0 17
0 5
4 3
22 9
18 3
23 9
0 14
23 3
22 20
0 22
20 29
3 29
0 23
3 29
14 3
0 23
9 29
3 29
0 18
9 29
0 22
0 4
3 29
5 9
9 29
17 3
3 29
0 17
7 29
0 4
7 29
0 17
27 29
22 16
0 22
3 29
0 22
9 29
0 6
1 3
3 29
0 28
7 29
0 4
9 29
0 14
7 29
0 17
20 29
0 5
20 29
0 14
20 29
0 28
9 29
16 29
0 11
0 1
7 29
16 29
0 4
0 5
5 25
16 29
15 16
16 29
0 17
0 28
27 29
0 15
27 29
0 5
7 29
0 18
0 1
20 29
25 29
0 2
0 15
7 29
0 17
9 29
0 15
9 29
16 29
0 28
0 23
7 29
0 15
17 13
0 17
25 29
0 14
0 15
20 29
16 29
0 14
13 29
0 18
9 29
0 2
13 29
0 11
15 21
0 15
21 29
0 28
0 5
27 29
22 24
0 22
13 29
0 19
0 15
3 29
0 1
27 29
25 29
0 28
13 29
0 22
21 29
8 21
24 29
0 23
21 29
0 1
24 29
0 1
0 4
24 29
10 24
13 29
0 15
13 29
0 5
0 8
25 29
24 29
0 4
25 29
0 23
0 8
16 29
0 10
13 29
0 1
16 29
0 18
7 29
0 11
0 23
20 29
9 29
0 4
0 6
0 2
3 29
0 17
0 22
0 5
0 1
0 14
0 19
27 29
0 28
0 15
13 29
16 29
0 8
21 29
25 29
24 29
0 10
