27
28
17
24
26
8
10
13
6
19
16
15
25
9
21
5
2
11
14
23
18
22
3
7
4
12
1
20
80
0 29
0 20
20 29
1 29
0 1
12 29
0 12
4 29
0 4
7 29
0 7
3 29
0 3
22 7
7 29
0 22
18 29
0 18
23 29
0 23
14 18
18 29
0 14
18 29
11 18
0 11
2 29
0 2
5 18
23 20
20 5
18 29
0 23
21 29
0 21
9 21
21 29
0 9
25 18
11 25
18 29
0 11
15 29
0 15
16 15
15 29
0 16
19 29
0 19
6 29
0 6
0 13
13 29
10 18
21 10
13 21
0 13
18 29
21 10
10 8
13 21
0 13
8 29
5 26
10 18
21 10
18 5
13 21
26 29
0 13
21 10
10 24
13 21
24 29
0 13
17 29
0 17
17 28
28 29
0 17
