0
330
6 29
0 19
15 19
15 23
25 15
18 17
0 6
0 4
7 28
7 16
0 25
11 16
9 29
12 8
18 8
7 15
8 19
11 8
16 29
26 18
11 18
1 20
12 13
23 24
28 29
23 18
0 26
0 7
19 29
13 8
17 8
11 27
28 8
27 8
0 23
1 26
11 4
2 5
8 29
11 13
1 14
1 2
0 29
0 13
20 18
0 15
10 14
0 10
27 22
18 29
11 5
1 12
14 29
9 13
3 29
9 10
9 17
0 11
27 21
26 22
17 10
9 23
0 2
22 29
20 15
16 4
19 13
27 15
0 1
27 10
20 28
24 4
21 15
21 4
16 24
16 10
14 2
17 13
0 20
0 17
18 4
21 25
16 15
19 5
7 6
24 10
5 29
0 27
16 2
21 23
6 13
0 21
7 2
5 23
16 26
24 2
18 13
3 13
14 4
24 13
13 29
0 24
0 14
4 29
13 29
0 3
13 29
0 18
2 29
0 24
0 16
26 29
23 29
0 5
9 7
0 9
2 29
21 29
22 6
13 29
0 22
23 29
0 21
0 16
2 29
27 29
0 5
27 24
0 27
10 29
6 13
9 7
0 9
13 29
9 19
0 9
5 29
0 16
15 29
0 21
25 29
4 29
0 18
17 29
20 29
13 29
0 17
0 14
2 29
0 16
10 29
24 10
0 16
10 29
0 21
4 29
0 21
15 29
16 24
0 16
4 29
28 15
0 20
15 29
0 27
10 29
1 10
10 29
0 27
15 29
0 1
1 19
13 29
0 16
4 29
0 20
15 29
0 22
2 29
0 9
23 29
1 17
0 1
10 29
20 26
0 20
22 29
21 22
0 27
22 29
11 15
15 29
17 10
0 9
10 29
0 9
10 29
0 3
0 9
13 29
0 14
12 25
0 1
25 29
0 11
5 29
0 18
0 27
22 29
10 29
0 10
14 29
15 29
18 29
0 20
13 29
2 14
0 1
14 29
0 1
14 29
0 11
13 29
10 8
0 10
1 2
8 29
0 1
5 8
4 18
0 11
18 29
8 29
26 8
0 1
23 29
8 29
0 27
20 28
8 29
0 20
27 8
8 29
0 11
9 17
8 29
0 9
11 13
8 29
0 11
11 13
13 19
0 11
8 29
7 8
8 29
26 8
19 29
18 19
0 23
20 28
0 20
28 29
24 28
0 23
1 12
19 29
13 19
0 1
28 29
20 28
0 1
19 29
18 19
0 11
19 29
18 19
0 26
0 26
26 16
8 28
28 29
0 11
11 8
19 29
0 11
28 29
15 28
0 7
8 19
26 18
19 29
0 26
1 12
8 19
19 29
0 1
0 9
16 29
0 11
28 29
25 28
16 29
0 7
28 29
0 7
4 16
16 29
7 28
6 7
28 29
17 9
9 29
0 4
4 18
15 7
0 25
7 28
28 29
23 18
18 17
25 15
0 25
17 9
9 29
25 15
0 25
19 29
19 29
0 6
