0
317
0 5
8 1
0 16
6 13
11 5
17 5
0 24
0 8
17 13
12 23
2 18
1 26
20 15
2 12
2 24
13 26
0 2
14 9
10 9
20 23
17 21
14 21
0 17
10 8
23 9
11 24
0 6
10 21
20 7
0 14
20 5
16 15
10 4
0 20
13 5
21 9
0 10
19 9
15 9
21 2
0 26
0 21
22 9
18 5
1 18
25 24
22 17
4 18
22 7
0 1
3 26
19 17
19 21
15 7
9 26
22 6
19 7
22 4
0 22
25 14
15 13
23 5
25 21
13 7
13 24
0 19
25 20
15 6
7 26
4 17
11 2
17 24
24 26
2 26
15 19
11 18
3 8
12 5
0 23
11 14
0 15
0 25
3 6
0 4
13 10
9 8
13 18
9 5
18 26
11 21
18 21
13 8
13 20
11 6
0 11
12 14
16 14
7 16
24 8
7 8
8 26
0 7
18 24
8 26
0 18
16 8
8 26
0 7
7 16
14 26
0 7
14 26
0 12
11 26
6 26
0 11
0 13
20 26
8 26
0 13
21 26
0 18
21 26
0 11
0 18
5 26
0 9
0 13
18 26
8 26
0 9
0 13
10 26
4 26
6 26
25 26
15 26
14 26
0 11
23 26
25 12
5 26
0 25
8 26
18 26
0 11
0 15
19 26
0 15
15 2
23 24
0 23
15 17
24 26
0 15
2 26
0 11
17 24
24 26
0 4
0 7
0 15
6 26
0 25
20 26
19 26
24 26
0 13
7 26
0 13
0 25
21 26
5 26
0 23
13 7
0 15
7 26
0 25
14 26
22 26
4 17
17 24
24 26
0 22
0 19
7 26
0 22
6 26
0 9
0 15
7 26
0 19
21 26
17 24
24 26
0 19
1 2
2 26
0 22
7 26
1 4
18 24
0 1
24 26
17 24
24 26
0 22
24 26
0 25
18 24
0 1
24 26
1 18
0 1
5 26
9 26
0 22
21 26
2 26
0 21
9 26
0 15
9 26
0 19
10 26
9 26
0 21
0 10
10 13
5 26
20 26
4 18
18 5
0 10
5 26
10 16
15 9
0 10
9 26
0 20
5 26
14 26
0 20
7 26
21 9
0 10
9 26
6 26
14 11
0 14
24 26
10 23
0 10
9 26
8 24
0 10
24 26
17 24
24 26
21 9
0 14
9 26
21 9
0 17
9 26
23 9
0 20
9 26
0 10
9 26
0 14
9 26
2 26
0 10
10 13
0 2
24 26
5 13
0 2
12 5
13 26
15 13
13 26
0 20
0 1
5 13
18 5
0 2
13 26
23 20
2 12
20 15
15 13
0 2
13 26
13 26
0 17
8 10
10 1
1 26
24 26
5 13
13 26
0 17
0 24
5 13
24 11
13 26
0 6
13 26
16 15
15 13
13 26
0 8
1 26
5 13
13 26
