0
340
0 8
0 1
2 14
4 12
10 21
14 23
0 9
2 17
2 18
4 16
4 17
6 17
6 18
0 6
0 10
2 10
0 2
0 3
0 4
0 5
7 11
12 23
7 10
16 23
17 21
17 23
18 21
13 21
7 12
16 8
16 19
7 14
7 16
17 22
17 19
7 18
17 3
8 11
15 19
23 29
21 29
13 24
15 6
7 13
7 17
15 20
15 22
15 2
15 3
15 4
15 9
10 19
15 24
15 26
8 12
10 22
1 11
15 8
16 22
12 24
15 27
1 16
11 20
11 22
1 12
5 16
28 10
14 20
1 13
1 18
5 18
10 20
5 13
15 1
5 14
5 11
5 17
5 12
10 24
28 12
28 18
21 11
16 20
28 13
25 14
11 26
16 24
21 12
25 12
23 11
25 11
25 13
18 19
15 5
14 19
15 21
21 14
19 29
10 26
26 29
25 18
15 25
19 29
13 19
15 25
19 29
15 25
11 19
19 29
15 23
11 19
19 29
12 20
15 25
20 29
12 20
15 21
20 29
15 21
24 29
23 11
15 23
26 29
14 19
15 25
19 29
13 19
19 29
15 21
20 29
11 26
15 21
26 29
18 19
19 29
12 20
20 29
15 5
24 29
15 5
12 20
20 29
15 5
17 20
20 29
11 26
15 5
26 29
15 5
14 19
19 29
1 14
14 19
19 29
15 5
13 19
19 29
15 1
1 10
20 29
15 5
18 19
19 29
15 1
18 19
19 29
15 1
13 19
19 29
15 1
1 14
20 29
10 20
20 29
16 20
15 5
20 29
15 1
12 20
20 29
5 11
15 5
22 29
5 11
15 5
20 29
16 20
15 1
20 29
16 20
27 16
20 29
15 27
27 12
24 29
15 27
27 16
22 29
8 10
10 20
20 29
11 20
15 1
20 29
15 8
8 10
22 29
12 24
15 8
24 29
26 29
24 29
15 8
8 10
19 29
9 16
16 22
22 29
4 14
14 20
20 29
3 11
11 20
20 29
2 11
11 20
20 29
22 29
20 29
17 20
20 29
13 19
19 29
6 14
14 20
20 29
7 13
24 29
15 21
7 13
13 23
19 29
17 8
11 21
7 17
21 29
3 11
11 21
7 17
21 29
23 29
18 23
7 17
19 29
22 11
11 21
7 17
21 29
21 29
21 29
14 21
7 16
19 29
8 11
11 21
7 16
21 29
21 29
12 21
21 29
7 13
7 18
21 29
7 17
23 29
7 17
21 29
7 16
23 29
23 29
7 12
23 29
11 21
21 29
5 17
17 21
21 29
4 18
18 21
21 29
3 11
11 21
21 29
2 11
11 21
21 29
0 2
23 29
23 29
6 13
13 21
21 29
0 6
18 21
21 29
0 6
17 21
21 29
0 4
17 21
21 29
0 4
16 23
23 29
0 2
18 21
21 29
0 2
17 21
21 29
9 16
16 23
23 29
0 4
4 14
23 29
0 10
21 29
12 23
0 4
23 29
14 23
0 2
23 29
12 23
1 12
23 29
8 12
12 23
23 29
