0
106
3 21
0 11
24 29
27 6
5 26
8 11
6 26
4 17
27 16
5 1
0 13
11 26
27 4
0 3
27 20
28 20
17 26
1 26
27 21
11 15
1 10
11 10
27 24
2 24
25 20
7 15
19 20
27 5
7 20
23 20
22 25
1 19
21 10
1 22
6 8
23 17
7 13
2 18
7 21
3 8
14 8
9 10
8 20
9 25
2 11
12 28
12 28
2 11
12 28
2 11
28 8
12 28
2 11
12 28
8 20
2 11
8 20
2 11
8 20
2 11
17 20
2 11
2 11
17 20
8 20
17 20
7 21
2 11
9 10
1 22
25 9
9 10
2 11
2 11
1 19
2 11
22 25
1 22
2 11
2 11
21 10
27 5
27 21
3 8
8 20
25 20
2 11
17 26
0 13
1 26
27 4
17 26
0 3
3 8
8 6
0 3
3 8
11 26
0 13
6 26
27 24
11 26
24 29
0 3
21 27
27 24
