0
293
0 29
0 8
0 12
0 10
0 15
23 19
16 29
0 3
24 18
20 10
22 29
18 29
19 29
26 29
13 12
14 12
0 24
25 29
28 29
16 9
18 12
18 27
10 27
17 4
0 20
17 6
17 21
13 9
25 9
2 1
12 29
0 17
13 24
0 16
2 6
21 6
0 23
1 29
0 7
11 18
13 18
5 29
0 2
13 4
13 14
6 29
13 2
13 19
25 17
28 17
28 24
0 13
28 2
21 19
1 9
14 24
25 8
9 29
0 11
22 15
28 7
28 4
18 4
27 4
19 3
22 7
25 15
14 7
0 22
0 28
5 3
6 3
25 26
21 20
19 8
12 3
5 17
18 15
2 7
10 7
2 4
6 24
3 29
0 25
0 21
6 15
5 1
20 15
6 4
5 22
5 20
19 1
16 17
18 23
23 15
15 29
0 18
5 16
0 5
17 29
1 15
0 19
15 29
20 7
0 5
7 29
22 24
24 29
0 5
5 20
0 5
15 29
1 15
0 5
15 29
15 29
24 29
21 24
25 7
7 29
0 21
21 3
24 29
25 2
0 25
25 10
0 25
7 29
25 2
0 25
7 29
15 29
0 18
0 5
17 29
25 12
0 25
3 29
8 3
3 29
0 19
20 3
3 29
0 21
26 3
0 25
3 29
3 29
3 29
0 5
3 29
28 3
22 24
24 29
22 14
0 22
7 29
0 25
15 29
0 22
7 29
3 29
0 19
25 27
0 25
0 18
0 28
0 28
7 29
0 22
15 29
11 17
17 29
0 22
22 9
8 3
0 25
3 29
22 14
0 22
24 29
0 11
11 1
9 29
19 9
9 29
0 21
2 9
9 29
0 28
13 3
3 29
0 28
24 29
0 28
17 29
0 25
17 29
19 9
0 13
9 29
0 13
2 9
9 29
14 24
0 13
24 29
0 13
2 9
9 29
0 5
18 4
0 13
18 4
0 11
7 29
0 11
11 1
1 29
23 1
6 29
0 21
0 2
6 29
16 6
6 29
0 13
24 29
17 29
7 12
0 7
1 29
0 2
9 29
0 25
0 13
9 29
21 6
0 17
6 29
0 17
6 29
20 3
3 29
4 27
27 12
12 29
0 17
16 10
27 12
12 29
0 16
27 12
0 23
23 18
12 29
0 23
23 18
12 29
0 16
9 29
0 28
0 25
24 29
24 14
12 29
0 24
12 29
0 13
0 20
20 26
13 19
0 13
0 23
23 18
0 22
10 26
26 29
0 20
18 29
0 24
19 29
3 19
0 16
19 29
0 23
15 18
18 29
10 26
26 29
12 29
8 19
19 29
