0
127
0 12
21 22
0 17
11 6
9 10
0 18
0 21
13 25
14 25
19 24
13 3
24 25
12 19
9 12
9 1
8 14
8 12
10 25
16 18
13 8
2 25
10 5
7 1
15 16
3 8
20 18
14 6
14 20
24 3
14 1
15 3
11 5
4 25
14 17
19 5
19 23
2 17
11 21
11 17
16 21
12 16
1 23
23 25
6 22
16 1
20 1
24 7
24 14
24 7
24 14
24 7
24 7
16 1
24 14
23 25
1 23
16 1
23 25
24 7
12 16
24 7
24 14
23 25
24 14
24 14
23 25
24 14
23 25
24 14
24 14
23 25
24 7
24 14
1 23
23 25
1 23
24 14
23 25
1 23
23 25
4 25
24 14
4 25
24 14
14 20
24 14
24 3
4 25
16 12
1 23
23 25
24 7
24 14
15 16
13 8
4 25
13 8
10 25
1 23
23 25
4 25
19 5
9 12
24 25
3 24
12 19
24 25
9 12
12 8
8 14
9 12
16 18
21 16
14 25
0 21
14 25
6 14
21 11
14 25
17 14
0 21
14 25
22 6
6 14
14 25
12 8
8 14
