0
312
0 25
0 24
10 7
10 4
3 18
2 7
12 22
0 3
2 4
7 25
24 13
22 13
10 21
12 21
13 25
10 9
2 22
11 25
0 2
4 25
24 17
11 5
7 22
0 12
0 23
7 5
0 14
16 22
0 15
0 10
5 25
7 14
4 20
11 15
6 8
11 16
7 16
11 3
17 25
20 22
6 19
17 22
6 14
16 19
22 25
0 6
7 12
16 2
24 23
21 8
16 15
4 15
5 23
16 21
20 1
16 20
7 9
23 25
16 1
11 10
8 25
18 25
9 25
3 1
7 24
3 15
1 25
2 25
21 25
18 15
5 14
18 12
9 15
14 25
5 20
11 6
17 15
5 15
0 16
9 12
20 25
5 13
8 12
23 15
0 7
4 24
13 12
19 25
19 3
21 24
4 16
19 24
14 15
1 15
17 3
15 25
0 11
8 3
19 12
0 4
4 3
3 25
12 25
0 19
3 25
0 8
12 25
11 12
13 15
0 13
3 25
0 17
15 25
0 1
15 25
4 14
0 4
24 25
0 19
0 4
16 25
24 25
0 21
3 25
0 19
0 19
12 25
0 13
0 4
24 25
15 25
7 15
0 11
15 25
11 23
12 25
0 8
13 12
12 25
0 5
0 20
12 25
0 9
16 25
15 25
0 5
7 17
0 7
15 25
0 11
6 25
20 25
0 5
4 14
0 4
15 25
0 9
12 25
0 18
14 25
0 5
15 25
0 18
0 21
0 11
11 2
0 1
16 3
15 25
0 16
0 7
24 25
16 3
1 25
0 16
0 9
0 18
0 8
10 2
2 25
0 11
1 25
0 16
0 11
11 23
0 7
9 25
0 16
20 25
16 20
1 25
0 16
21 25
0 16
23 25
0 5
15 25
0 4
15 25
0 16
16 21
8 25
0 16
7 24
23 25
0 7
2 25
0 16
0 7
12 25
6 25
0 6
6 22
19 8
8 25
0 16
14 25
0 6
22 25
7 17
0 7
19 8
8 25
0 6
16 20
22 25
0 16
7 17
0 7
3 17
17 25
0 11
20 22
16 20
22 25
0 7
20 22
16 20
22 25
0 11
8 25
0 6
0 11
15 25
20 22
22 25
0 4
0 7
14 25
0 5
10 2
2 25
15 25
11 16
22 25
0 11
14 25
5 25
0 7
23 25
12 25
0 12
12 7
22 25
5 25
0 11
12 24
0 12
17 25
0 4
2 25
0 11
0 2
22 25
9 20
20 4
4 25
0 10
0 12
12 13
13 25
0 12
21 13
0 10
13 25
21 13
2 22
13 25
0 2
13 25
12 24
0 12
0 12
12 7
4 25
0 2
3 11
11 25
22 7
7 25
0 12
7 25
0 2
0 3
18 13
13 25
4 25
0 10
7 25
0 10
24 13
13 25
