0
249
16 29
5 29
25 26
10 18
0 25
13 29
2 1
27 29
0 12
19 18
19 21
27 18
18 29
2 29
6 24
24 20
17 6
14 20
9 23
11 16
15 23
19 8
21 23
26 13
24 10
14 10
3 27
26 19
4 8
12 8
10 20
2 6
13 8
17 14
25 8
22 24
4 24
8 20
0 26
17 11
21 28
2 28
13 27
25 16
16 6
21 25
22 27
15 7
17 26
16 10
23 20
27 19
21 7
17 2
7 11
12 28
14 6
12 5
16 5
0 3
11 19
8 24
12 10
11 28
8 16
17 9
21 2
13 9
22 7
23 10
23 24
16 28
19 6
21 3
21 18
15 3
2 12
19 5
16 14
27 10
17 21
4 6
4 6
17 21
17 21
16 14
17 21
17 21
4 6
2 12
17 21
4 6
2 12
17 21
4 6
2 12
17 21
4 6
16 14
21 3
17 21
21 3
17 21
16 28
27 10
16 28
17 21
27 10
16 28
17 9
17 9
19 6
17 9
16 28
0 3
17 9
16 14
0 3
17 9
11 19
19 6
17 9
14 6
16 14
7 11
11 19
19 6
0 3
3 21
19 6
17 9
10 23
17 2
23 20
4 6
7 11
3 15
11 19
19 6
0 3
27 19
19 6
10 23
0 3
23 20
3 21
17 2
21 25
16 6
0 3
3 21
27 19
19 6
17 2
0 3
3 21
11 19
19 6
4 6
24 8
0 26
8 20
24 8
8 20
21 25
0 3
8 20
3 21
14 6
8 20
17 2
12 10
0 26
0 26
8 20
0 26
8 20
0 26
19 6
10 20
0 3
27 10
10 20
17 14
27 22
22 24
3 27
10 20
0 3
13 8
0 26
8 20
0 3
23 20
3 21
26 19
0 26
8 20
3 15
0 3
23 20
17 11
16 10
10 20
13 9
26 13
0 26
23 20
17 14
27 22
22 24
3 27
0 3
24 20
17 6
17 2
0 3
18 29
3 27
0 3
21 18
18 29
26 19
0 26
18 29
26 19
0 26
19 18
18 29
12 8
8 19
3 27
0 3
0 12
12 2
26 13
0 26
21 18
18 29
25 21
0 25
18 29
0 25
13 29
26 13
0 12
12 5
0 25
25 16
