0
304
11 12
0 16
0 13
11 13
8 1
5 15
0 8
3 19
0 11
5 13
0 19
10 19
6 19
3 17
6 14
17 14
14 19
3 15
0 2
17 13
17 2
0 5
10 1
17 12
17 1
3 2
17 4
3 18
10 16
17 9
16 18
0 17
4 19
13 19
10 12
15 19
9 19
14 2
6 12
18 19
14 1
0 7
0 6
9 2
1 19
8 2
4 2
12 2
1 2
0 10
3 5
0 3
14 8
0 12
9 12
4 16
9 7
4 11
15 8
4 8
4 12
18 8
2 19
18 17
15 11
15 16
9 11
4 7
1 7
1 11
1 16
1 12
14 11
15 17
4 3
18 7
18 11
18 5
0 4
0 14
15 13
9 8
9 10
15 7
9 16
9 5
18 12
15 12
1 5
1 13
10 11
6 16
6 8
9 4
6 11
3 8
3 12
15 10
13 7
2 11
18 2
11 19
0 18
18 13
7 19
0 18
10 17
17 19
0 15
9 3
0 9
12 19
9 3
0 9
8 19
18 6
11 19
0 18
4 5
0 9
5 19
18 6
8 19
0 18
18 6
0 18
15 10
11 19
0 15
13 7
7 19
5 19
12 19
0 15
12 19
0 18
0 9
5 19
0 9
0 15
7 19
10 11
0 9
11 19
0 9
8 19
13 7
0 15
7 19
14 12
12 19
4 5
5 19
0 18
5 19
11 19
0 18
7 19
0 18
3 8
0 4
8 19
17 19
0 15
0 14
11 19
12 19
11 19
7 19
0 4
7 19
0 9
11 19
0 15
11 19
0 15
17 19
0 18
18 2
0 18
8 19
0 18
0 4
12 19
0 4
8 19
0 15
8 19
0 4
11 19
0 9
7 19
0 4
0 9
12 19
12 19
0 14
8 19
3 8
8 19
0 3
5 19
2 19
10 2
2 19
0 3
3 12
2 19
2 19
0 4
0 3
3 8
2 19
2 19
0 9
6 2
2 19
7 19
1 19
0 14
0 18
12 2
0 6
2 19
2 19
0 14
0 9
0 15
12 9
0 10
9 19
0 3
3 13
0 4
17 19
17 16
0 17
18 19
0 17
9 19
16 18
0 10
18 19
0 3
18 19
0 17
4 19
0 3
2 19
0 17
1 19
12 9
0 17
9 19
0 10
1 19
5 19
0 17
2 19
13 19
0 17
2 19
0 3
15 19
2 14
0 2
14 19
0 17
14 19
0 6
17 14
14 19
0 3
0 6
0 10
0 5
13 19
8 14
11 8
14 19
0 3
8 14
14 19
15 3
3 19
0 5
1 10
0 8
10 19
5 15
0 11
13 5
15 3
3 19
5 15
13 5
15 3
3 19
16 10
10 19
17 3
0 11
12 17
3 19
