0
97
15 28
27 26
27 28
16 29
5 18
16 17
19 20
4 15
1 10
1 13
0 1
4 3
4 5
25 29
26 28
19 18
24 18
24 23
22 23
24 22
12 14
11 13
12 13
10 14
12 8
9 13
6 3
9 8
9 6
7 3
8 13
7 6
5 2
3 2
4 11
1 8
13 14
5 13
1 8
4 11
1 8
4 11
13 14
4 11
13 14
4 11
1 8
3 2
4 11
13 14
4 11
8 13
13 14
4 11
3 2
9 6
4 11
13 14
4 11
8 13
13 14
4 11
13 14
13 14
4 11
12 14
24 22
12 14
12 14
12 14
12 14
12 14
12 14
5 2
25 29
3 2
25 29
10 14
25 29
0 1
25 29
13 14
0 1
10 14
25 29
25 29
4 15
25 29
4 15
4 5
18 24
25 29
4 15
4 15
26 28
4 15
4 15
