19
22
7
14
12
23
21
21
13
13
13
23
23
23
23
14
14
14
14
14
123
12 13
5 6
17 18
4 5
13 14
0 1
3 4
3 2
1 2
28 29
26 29
13 16
10 13
27 29
25 29
0 5
24 29
24 20
24 29
0 5
0 5
0 5
15 21
21 29
0 5
13 21
21 29
10 13
0 5
24 29
13 16
10 13
0 5
13 16
10 13
0 5
13 16
19 23
10 13
23 29
0 5
13 16
19 23
2 6
23 29
0 5
6 13
12 15
8 12
15 21
21 29
13 16
19 23
2 6
23 29
6 13
13 16
19 23
10 13
23 29
1 2
13 16
19 23
2 6
23 29
6 13
19 23
11 14
14 19
23 29
19 23
11 14
14 19
7 11
3 7
23 29
26 29
22 26
14 18
11 14
18 22
7 11
3 7
26 29
22 26
7 10
14 18
10 13
18 22
3 7
3 4
26 29
22 26
14 18
11 14
18 22
4 5
3 4
14 17
26 29
22 26
11 14
18 22
17 18
4 5
6 7
13 14
3 4
14 17
26 29
22 26
7 10
10 13
18 22
17 18
4 5
13 14
3 4
14 17
26 29
22 26
18 22
8 12
