0
356
2 29
8 27
0 29
0 3
27 28
0 1
2 9
2 4
2 26
11 4
8 16
7 28
0 11
8 14
0 2
3 29
0 14
18 16
9 16
28 29
2 8
0 4
19 12
25 26
0 19
25 14
0 13
7 14
25 8
15 16
25 5
17 4
10 26
16 29
17 12
6 5
8 26
14 29
6 22
25 23
26 29
15 4
19 22
12 5
18 5
17 23
3 4
6 10
20 21
6 20
10 5
9 27
20 11
20 24
18 23
9 23
20 18
15 5
8 11
6 8
22 4
17 19
24 4
25 7
18 4
20 5
11 23
22 23
20 4
14 5
17 2
21 5
3 1
0 17
20 13
9 8
12 26
0 12
24 27
9 13
0 25
15 2
28 5
15 13
0 6
9 12
15 24
26 5
28 4
27 23
9 10
19 2
15 14
27 21
9 25
0 9
19 21
16 23
16 4
15 3
3 2
0 15
2 5
5 29
20 16
4 29
20 16
21 23
15 19
0 15
7 5
5 29
9 7
16 23
25 16
0 9
21 23
20 27
0 15
4 29
14 4
15 19
0 15
2 5
5 29
21 23
10 21
0 9
20 27
9 28
0 9
4 29
0 9
9 26
5 29
24 23
0 15
0 9
12 23
6 7
7 5
5 29
0 15
4 29
13 4
9 28
0 9
5 29
0 15
2 5
5 29
16 23
25 16
0 9
4 29
13 4
15 24
27 23
0 15
12 23
26 5
5 29
0 12
8 5
0 9
5 29
4 29
13 4
16 23
17 16
17 3
0 17
1 5
5 29
17 10
10 21
0 17
5 29
0 17
2 5
5 29
0 6
6 14
5 29
4 29
0 25
25 22
17 3
3 11
0 17
5 29
0 17
17 18
4 29
0 25
7 5
5 29
15 24
0 15
4 29
19 21
21 5
0 17
5 29
0 25
25 22
4 29
0 6
8 5
5 29
11 23
6 8
0 6
0 15
5 29
18 4
4 29
0 9
20 18
24 4
4 29
11 23
27 24
24 4
0 9
4 29
17 10
0 17
5 29
20 11
11 23
0 6
6 20
21 5
0 6
5 29
10 5
0 6
5 29
17 3
0 17
4 29
0 17
6 20
20 18
0 6
5 29
5 29
0 12
22 4
17 19
0 17
4 29
0 15
4 29
12 26
0 12
0 25
22 4
0 6
4 29
0 6
6 14
6 8
26 29
0 6
0 6
5 29
26 29
12 26
0 17
0 17
17 16
6 10
26 29
0 6
0 17
4 29
0 25
5 29
16 29
0 15
8 26
26 29
0 25
25 7
14 29
0 25
13 15
15 16
16 29
14 29
0 25
16 29
19 16
26 29
0 25
0 19
26 29
12 26
4 29
19 2
0 19
8 26
26 29
0 13
13 28
13 9
0 13
16 29
5 18
19 12
12 5
0 19
16 29
14 29
4 3
0 4
3 29
2 3
0 2
2 8
14 29
3 29
11 3
8 14
0 2
2 8
14 7
28 29
0 2
2 8
16 29
0 11
3 29
4 3
0 2
26 29
0 2
3 29
4 3
9 16
0 2
16 29
1 3
3 29
2 9
0 2
9 27
28 29
3 29
27 28
0 2
2 8
28 29
0 2
