0
359
3 28
14 28
2 28
20 23
10 13
20 13
23 28
0 16
15 28
26 9
14 8
21 28
3 1
24 13
16 12
16 27
23 1
7 28
0 14
24 19
26 27
26 5
15 13
24 15
1 28
26 12
4 12
3 16
7 11
21 18
26 11
22 20
4 27
24 21
26 20
13 11
21 11
10 2
23 9
21 9
6 12
9 12
2 27
8 27
6 11
7 10
2 16
19 12
18 27
1 27
0 3
17 8
1 11
16 11
22 10
26 4
7 8
0 24
26 2
25 14
26 3
9 18
16 14
22 3
0 17
14 12
23 10
22 17
10 12
13 19
8 11
9 2
0 26
3 8
14 19
5 2
16 20
14 4
7 25
0 22
7 3
21 1
6 1
0 7
21 6
24 2
18 11
9 20
4 2
17 20
19 2
15 4
3 5
13 1
3 23
9 25
15 1
1 5
25 5
14 9
22 23
9 22
21 14
24 25
14 24
21 14
24 1
14 24
21 14
1 5
10 15
25 5
14 9
21 14
14 3
21 14
1 5
14 13
21 14
14 3
21 14
10 15
15 4
11 28
10 15
11 28
15 4
11 28
10 15
14 9
11 28
21 14
15 4
11 28
10 15
11 28
14 24
21 14
6 25
25 24
24 2
11 28
17 20
11 28
21 6
1 24
24 2
11 28
1 24
24 2
11 28
0 7
3 24
24 2
11 28
25 24
24 2
11 28
25 24
0 7
24 2
11 28
18 11
11 28
21 14
11 28
7 25
25 5
0 7
11 28
18 11
11 28
21 14
7 3
0 7
24 2
11 28
0 22
11 28
22 9
3 8
7 3
0 7
11 28
18 11
0 22
11 28
0 22
10 12
0 22
10 12
22 23
21 14
10 12
3 14
14 12
0 22
14 12
18 11
0 22
11 28
22 9
3 14
14 12
0 26
7 25
14 12
0 7
0 26
11 28
14 12
24 14
8 11
0 7
11 28
4 14
14 12
0 26
0 22
10 12
11 28
0 24
24 1
11 28
8 11
0 17
11 28
3 14
14 12
0 24
24 1
9 18
0 24
13 19
0 3
16 11
26 2
0 26
11 28
10 12
0 7
0 17
11 28
17 8
0 17
26 2
0 26
0 24
0 17
9 12
9 12
3 23
0 3
7 10
2 27
0 7
11 28
0 3
11 28
20 16
16 11
0 26
11 28
21 11
0 24
11 28
26 4
0 26
20 16
16 11
0 22
11 28
0 26
11 28
18 27
24 21
0 24
0 7
11 28
16 11
0 3
11 28
26 4
0 26
0 26
0 24
24 1
1 28
15 1
0 24
13 1
24 15
1 28
0 24
1 28
5 1
0 26
27 1
1 28
0 26
19 13
13 1
1 28
0 24
19 13
13 1
14 19
1 28
0 7
3 23
1 28
0 3
0 14
14 16
27 1
1 28
0 14
14 16
13 1
1 28
0 24
1 28
0 3
24 21
0 24
18 21
27 18
21 28
0 14
8 27
9 21
21 28
0 26
24 15
0 24
18 21
27 18
21 28
16 27
0 16
16 3
3 23
15 28
0 16
16 20
13 15
2 10
15 28
0 16
16 2
13 15
23 28
0 16
16 20
0 16
16 2
0 14
0 16
16 3
