0
214
17 8
3 17
0 6
8 22
11 17
11 24
17 29
11 14
22 29
28 29
11 10
26 13
11 19
9 23
9 18
27 13
11 23
26 8
0 3
2 7
21 2
26 6
4 8
16 29
0 11
10 14
21 9
7 13
17 28
0 21
10 12
15 18
10 20
14 29
0 26
17 22
15 6
2 13
17 21
2 6
0 27
17 9
23 13
5 13
14 13
10 16
12 29
15 21
2 20
17 10
15 22
2 24
2 25
28 6
2 9
23 14
28 5
19 8
5 20
19 7
28 9
28 24
5 25
8 6
13 29
8 16
8 21
25 1
13 18
25 11
25 21
3 9
3 26
9 1
22 16
21 1
16 1
1 29
7 20
1 29
1 29
16 1
1 29
1 29
1 29
9 1
1 29
21 1
1 29
1 29
21 1
1 29
16 1
1 29
25 1
1 29
9 1
1 29
9 1
1 29
7 20
8 6
5 20
9 1
1 29
9 1
1 29
25 1
1 29
24 28
28 6
22 16
16 1
1 29
5 20
21 1
1 29
17 10
17 10
16 1
1 29
23 14
13 29
17 10
13 29
13 29
9 1
1 29
7 20
9 2
17 9
21 1
1 29
9 2
17 9
13 29
15 6
22 15
1 29
17 9
17 10
18 13
17 22
22 15
13 29
12 29
17 10
21 1
1 29
28 6
0 27
13 29
14 29
0 21
14 29
17 10
0 21
16 29
8 16
0 26
0 26
2 13
13 29
0 21
21 2
7 13
13 29
0 21
12 29
16 29
8 16
0 26
23 14
14 29
0 11
0 27
13 29
0 3
18 13
3 9
13 29
0 3
23 14
3 9
14 29
19 7
7 13
0 11
13 29
0 26
13 29
10 14
14 29
0 11
17 28
17 22
14 29
0 11
28 29
24 28
0 11
17 29
0 11
26 8
22 29
0 26
28 29
6 28
0 3
17 29
8 22
3 17
22 29
0 3
