0
303
16 4
16 2
15 7
1 13
0 9
14 17
17 13
5 4
0 19
13 20
0 20
16 15
11 8
0 16
11 5
0 5
14 6
17 19
3 15
6 8
0 3
11 14
11 17
13 4
13 9
2 19
14 1
6 1
8 19
14 19
0 11
4 20
10 19
14 5
13 19
1 5
9 20
12 17
0 7
1 17
17 20
0 1
14 16
10 16
15 19
13 8
17 5
14 2
0 18
17 7
0 14
13 2
10 1
17 18
10 3
3 7
19 20
8 20
0 10
12 7
0 13
0 12
2 20
6 20
8 5
6 5
2 18
6 16
17 16
4 9
17 3
6 7
8 16
4 18
17 10
8 18
15 20
2 3
15 1
4 3
5 20
8 10
2 10
6 11
4 10
4 1
8 1
7 20
8 14
2 1
4 12
2 11
8 3
2 12
4 14
9 16
15 14
8 12
18 20
15 12
12 20
0 15
15 18
0 15
0 8
12 20
0 15
14 20
2 9
16 20
0 2
0 4
14 20
0 2
12 20
0 8
3 20
0 2
11 20
0 4
12 20
1 20
0 2
0 8
14 20
4 7
0 4
1 20
0 8
1 20
0 4
0 4
11 20
0 6
0 2
0 8
2 5
0 2
0 4
3 20
1 20
0 15
0 2
3 20
0 15
18 20
0 8
18 20
0 4
16 20
0 8
7 20
0 6
3 20
9 16
16 20
0 4
16 20
16 20
0 6
18 20
0 2
5 20
0 6
5 20
0 8
0 6
0 2
12 20
13 7
7 20
7 20
0 12
0 8
12 19
0 12
13 3
0 13
7 20
3 7
0 10
7 20
18 20
0 10
1 20
0 13
2 20
14 20
7 20
18 20
0 14
2 20
5 20
0 13
8 20
19 20
0 14
14 15
0 10
16 20
0 14
16 20
1 20
0 1
17 20
7 20
14 12
0 14
17 20
0 14
14 9
5 20
0 1
19 20
0 13
0 14
5 20
19 20
0 10
0 4
11 20
19 20
0 14
13 8
19 20
0 13
1 5
0 11
11 6
5 20
1 5
0 14
5 20
14 2
19 20
0 14
9 20
0 13
4 20
0 13
0 11
17 20
2 19
14 2
0 11
19 20
3 4
4 20
14 1
1 6
11 14
8 19
0 11
19 20
15 19
0 3
19 20
11 17
0 11
19 20
6 8
11 14
8 19
0 11
19 20
5 20
0 11
5 20
16 9
9 20
8 19
0 11
19 20
15 19
0 16
19 20
0 13
19 20
11 5
0 11
4 20
19 17
13 20
0 19
11 14
17 13
13 20
0 11
9 20
6 1
0 16
16 6
13 20
16 15
17 13
7 17
0 16
13 20
0 16
13 20
2 13
0 16
4 20
