0
332
0 6
4 28
9 20
3 21
14 28
23 28
14 21
19 8
0 9
0 5
27 26
1 9
22 26
0 2
4 24
12 4
0 12
21 28
25 24
0 3
22 28
24 13
21 26
0 4
23 7
23 20
17 7
24 19
17 28
24 10
26 8
22 12
20 28
8 28
0 28
2 19
17 9
5 9
1 28
24 23
0 27
24 2
17 6
19 28
21 9
22 6
7 28
10 18
13 9
0 24
25 12
26 14
0 22
11 28
14 9
15 9
1 12
18 28
26 6
25 3
17 13
15 2
16 12
17 25
17 23
1 3
11 6
10 6
8 13
17 21
17 10
19 16
25 13
9 28
14 5
26 12
26 5
13 28
16 28
10 12
19 3
0 15
26 3
11 12
0 26
20 2
20 12
17 15
0 10
8 3
0 25
1 10
11 3
11 21
18 6
2 28
11 23
9 12
11 4
4 3
3 28
0 11
8 9
12 28
0 8
23 5
5 28
0 11
14 2
0 14
6 28
0 18
21 12
12 28
0 11
3 28
0 11
0 1
10 28
25 28
3 28
0 8
10 28
0 17
15 28
14 20
12 28
0 14
14 20
2 28
0 14
26 28
12 28
0 11
0 26
3 28
15 28
3 28
0 19
12 28
0 10
0 16
0 13
0 26
5 28
12 28
0 26
5 28
0 14
8 9
0 8
13 28
0 25
16 28
0 19
10 12
0 17
12 28
21 12
0 17
12 28
13 28
0 8
17 10
0 17
6 28
6 28
0 11
3 28
0 1
9 28
23 9
0 17
25 13
0 17
13 28
19 16
12 28
0 19
2 28
0 15
0 17
13 28
17 25
0 17
3 28
6 28
0 26
0 18
12 28
0 1
9 28
0 15
9 28
0 14
0 11
22 3
3 28
14 9
9 28
0 26
17 25
0 17
12 28
24 11
11 28
17 13
9 28
0 17
17 10
18 28
0 17
15 7
0 22
22 15
0 22
6 28
17 21
9 28
0 17
0 19
0 17
6 28
0 24
2 28
7 28
27 7
23 11
0 24
11 28
0 1
0 27
27 5
9 28
9 28
0 17
24 2
0 24
19 28
0 22
22 8
0 22
22 20
12 20
20 28
0 22
8 28
0 26
10 18
0 24
18 28
0 17
0 24
19 28
7 28
0 17
24 23
20 28
0 24
24 23
7 28
0 24
4 7
7 28
26 8
8 28
0 4
4 21
13 8
8 28
0 24
0 22
3 1
1 28
24 13
0 3
3 25
13 8
8 28
0 4
4 21
12 22
22 28
0 12
21 28
4 21
24 13
12 4
0 12
13 8
8 28
2 20
20 28
26 21
0 12
12 22
21 28
0 3
3 1
9 21
21 28
26 21
21 28
0 27
21 28
5 21
9 21
21 28
2 19
0 2
8 28
0 5
5 14
21 28
13 24
9 13
24 23
0 9
0 5
5 14
21 14
0 3
14 28
23 28
20 23
0 9
12 4
0 12
23 28
7 23
17 7
6 17
