0
299
0 19
0 3
5 18
18 19
0 7
0 11
6 16
4 7
5 16
18 16
6 18
2 11
0 5
8 10
15 7
0 6
8 9
2 9
8 2
1 18
16 19
10 19
14 7
1 2
0 1
4 18
3 18
16 11
9 19
0 4
3 17
8 3
15 17
0 8
9 17
11 19
17 7
0 14
16 1
9 4
7 19
16 13
10 1
9 14
16 14
17 19
3 1
16 12
16 4
17 4
13 19
17 18
10 6
16 8
9 6
10 5
12 19
1 19
17 2
16 3
15 8
9 11
15 19
12 8
2 19
13 8
17 5
17 14
12 14
4 19
13 14
17 8
10 3
13 3
17 6
15 6
0 9
2 5
2 3
18 14
2 6
13 5
12 3
7 3
0 10
18 8
15 14
17 11
6 19
16 7
13 1
16 9
18 11
1 8
2 7
1 14
12 5
14 19
6 8
15 5
0 15
5 19
8 19
13 6
0 13
2 14
0 2
5 19
0 12
17 1
14 19
0 17
8 19
7 8
0 2
17 1
8 19
0 17
11 14
14 19
0 18
9 5
5 19
1 8
8 19
0 13
8 19
7 8
13 6
0 13
11 14
14 19
0 17
14 19
0 15
8 19
0 18
14 19
10 14
16 7
0 12
0 13
5 19
6 19
0 2
10 18
0 10
14 19
0 2
5 19
0 2
9 5
5 19
6 19
0 15
6 19
0 17
0 13
0 10
8 19
0 17
14 19
0 13
0 10
10 4
14 19
0 12
14 19
0 17
5 4
4 19
0 17
8 19
0 13
0 2
8 19
0 12
0 15
11 4
4 19
0 9
8 19
0 15
0 17
2 19
0 9
9 1
0 12
5 4
4 19
0 10
0 9
6 19
8 19
0 10
6 19
18 12
12 19
0 17
0 13
4 19
0 17
4 19
12 19
16 3
1 19
0 17
14 19
0 9
14 19
1 19
0 10
13 19
16 7
4 19
0 9
1 19
14 19
7 19
0 17
9 11
0 9
17 7
7 19
0 9
8 19
8 15
17 7
7 19
0 8
7 19
3 7
0 8
8 3
17 7
7 19
0 8
4 19
0 9
11 19
8 3
18 11
11 19
0 8
18 11
11 19
0 4
1 19
2 7
7 19
0 1
7 19
0 14
0 10
18 11
11 19
0 1
2 7
7 19
0 8
8 2
0 8
9 19
0 8
9 19
6 10
10 19
0 6
7 19
6 15
10 19
0 8
5 10
10 19
0 5
5 2
11 19
0 6
18 11
11 19
6 18
0 6
16 19
0 5
16 19
6 18
18 4
0 6
7 19
0 6
16 19
11 19
7 19
6 18
0 6
18 19
0 5
18 19
3 18
