0
121
0 24
20 15
15 29
22 26
0 8
0 14
0 19
0 16
20 14
18 9
25 27
18 24
0 2
23 24
25 21
7 13
24 29
0 25
15 21
26 4
26 12
11 4
16 1
16 3
25 6
11 1
20 7
9 29
11 23
12 14
7 26
18 4
10 4
19 28
18 26
5 23
18 21
28 14
19 22
25 2
7 2
5 27
21 26
27 3
13 28
27 9
1 14
1 4
1 8
1 14
27 9
1 14
1 14
1 14
21 26
1 14
21 26
1 14
21 26
1 14
27 3
25 2
13 28
25 2
27 9
21 26
1 14
1 14
28 14
18 21
25 2
1 14
25 2
27 9
9 29
7 2
27 9
1 14
3 27
9 29
27 9
1 14
7 26
12 14
20 7
7 26
20 7
9 29
27 9
25 6
20 7
9 29
0 25
9 29
27 9
24 29
11 23
9 29
27 9
25 21
0 25
24 29
21 18
0 25
9 29
27 9
25 21
0 25
21 18
9 29
24 29
9 29
23 24
24 29
18 9
19 22
26 18
0 19
9 29
15 29
24 29
