0
96
0 6
26 25
25 28
26 14
14 21
19 18
22 18
20 18
23 19
6 22
28 29
7 4
2 4
7 9
6 21
7 26
7 3
5 11
4 21
24 8
13 26
13 14
22 20
19 10
0 2
5 17
4 27
4 24
3 15
15 27
15 27
4 27
0 2
4 27
0 2
4 27
22 20
5 17
22 20
0 2
3 15
22 20
15 27
22 20
0 2
4 21
22 20
4 21
22 20
0 2
4 21
22 20
7 4
19 10
4 21
21 6
7 4
4 21
22 20
28 29
7 26
19 10
6 22
21 6
28 29
7 4
4 21
22 20
6 22
21 6
28 29
7 4
4 21
23 19
28 29
7 26
22 18
7 3
3 15
6 22
21 6
28 29
14 21
22 18
6 22
21 6
28 29
7 26
7 3
28 29
25 28
28 29
7 26
22 18
6 22
28 29
