0
130
15 22
12 1
9 1
24 25
13 22
15 11
15 5
15 23
16 6
9 6
19 1
21 27
7 22
7 2
16 10
2 22
25 12
14 6
7 19
25 19
16 3
12 6
1 27
16 11
2 6
10 5
20 5
26 3
24 5
8 11
0 15
25 7
4 10
23 7
2 18
21 6
16 4
23 17
20 15
9 10
13 24
23 24
26 23
9 23
26 23
26 23
26 23
16 4
21 6
16 4
21 6
26 23
2 18
21 6
16 4
21 6
21 6
0 15
7 23
21 6
23 24
0 15
7 23
0 15
15 20
0 15
15 20
0 15
21 6
16 11
21 6
0 15
1 27
1 27
7 25
0 15
1 27
0 15
1 27
1 27
16 11
7 25
12 6
0 15
1 27
0 15
2 22
2 22
0 15
0 15
16 11
7 19
0 15
1 27
16 10
10 9
21 27
6 21
21 27
6 21
19 1
7 19
0 15
23 7
1 27
19 1
0 15
1 27
21 27
0 15
15 5
5 24
24 13
0 15
15 5
5 24
19 1
25 19
0 15
1 27
6 9
16 6
1 27
24 25
15 5
5 24
25 12
0 15
1 27
0 15
