0
363
0 20
14 29
20 29
0 29
5 25
16 2
17 25
5 16
28 7
8 4
26 16
26 14
25 29
6 15
14 7
17 23
8 9
12 15
12 22
21 7
17 13
28 1
14 16
20 3
26 6
22 15
11 16
13 23
5 28
0 5
7 29
0 12
27 19
14 12
8 12
28 16
0 8
9 12
18 1
0 26
28 15
0 14
1 23
19 6
18 6
25 4
28 6
7 15
17 14
0 27
25 2
23 29
19 5
15 29
24 6
24 16
13 6
5 22
5 6
0 17
11 1
2 6
4 16
11 6
25 1
25 14
16 29
0 25
19 3
11 8
4 22
14 6
9 27
19 14
18 22
10 21
3 22
26 21
28 25
19 25
1 24
5 21
5 20
5 24
12 20
4 14
19 26
18 14
20 24
21 6
11 7
8 22
11 5
23 21
28 9
13 5
10 7
19 17
28 3
11 9
9 5
27 22
22 29
0 11
5 27
22 29
21 22
0 28
3 21
27 22
22 29
0 19
17 27
2 10
7 25
28 13
27 22
22 29
0 28
5 27
9 5
27 22
22 29
0 28
5 27
2 23
22 29
21 22
27 22
22 29
0 11
5 27
2 23
23 8
22 29
7 25
0 11
23 21
2 23
28 13
13 20
24 22
22 29
0 28
19 18
22 29
0 19
26 27
27 22
22 29
0 19
28 4
22 29
0 28
20 24
19 12
24 22
22 29
0 19
11 5
24 22
22 29
0 11
20 24
11 5
24 22
22 29
0 11
21 6
11 5
0 11
28 9
9 1
24 22
22 29
0 28
0 19
0 28
19 26
21 6
0 19
28 3
22 29
0 28
2 10
21 6
19 18
22 29
0 19
22 29
0 19
28 9
27 22
22 29
0 28
19 14
0 19
28 4
22 29
0 28
8 22
22 29
0 11
3 22
22 29
0 19
12 16
19 12
0 19
14 6
0 25
16 29
0 25
0 11
16 29
28 4
0 28
16 29
0 11
17 18
18 22
22 29
0 17
17 5
0 17
17 5
22 29
28 13
0 28
25 24
16 29
0 25
25 24
0 25
0 19
19 15
5 22
22 29
0 19
2 23
23 29
2 23
0 25
27 22
22 29
0 17
14 6
0 17
15 29
17 7
0 28
4 16
16 29
0 25
0 17
17 18
0 19
11 1
23 29
0 11
14 6
15 29
0 28
26 12
16 29
12 16
1 23
0 17
17 18
23 29
27 9
0 27
16 29
12 16
23 29
8 23
16 29
0 28
0 8
16 29
12 16
0 14
16 29
12 16
19 6
0 27
16 29
12 16
0 17
17 7
5 22
22 29
0 5
28 16
16 29
5 13
0 5
23 29
16 29
0 11
0 5
5 22
15 29
0 26
5 20
0 5
7 29
3 7
0 14
16 29
1 23
5 28
0 5
23 29
13 23
0 17
23 29
0 26
7 29
26 21
22 15
0 12
15 29
0 12
15 29
9 12
12 15
0 8
15 29
0 17
23 29
7 29
0 14
26 6
0 26
15 29
0 25
25 29
0 26
14 25
0 26
16 29
4 25
25 29
0 8
5 28
0 5
7 29
0 5
16 29
25 29
0 17
2 25
5 16
0 5
25 29
0 5
25 29
5 20
0 5
26 14
0 26
20 29
