0
169
4 23
15 28
12 14
4 24
12 17
21 15
1 17
12 23
19 12
16 14
1 15
21 9
26 15
21 12
21 27
24 9
8 12
2 3
24 6
25 17
23 17
23 15
0 4
14 28
21 19
23 13
0 21
18 25
23 18
5 4
7 12
11 13
16 12
25 13
3 13
13 12
14 15
14 9
19 26
4 10
1 4
4 26
18 13
3 15
19 24
20 15
14 27
22 21
23 11
0 2
26 9
15 12
14 20
14 6
11 16
11 16
14 20
16 27
14 20
26 9
11 16
26 9
11 16
26 9
15 12
15 12
14 20
15 12
15 12
15 12
0 2
26 9
4 26
26 9
1 4
26 9
15 12
18 13
15 3
14 15
13 12
1 4
13 12
22 21
13 12
23 11
19 24
11 13
13 12
13 12
18 13
25 13
23 18
13 12
16 12
13 12
7 12
0 21
19 24
0 21
21 22
14 28
14 28
15 14
0 4
21 19
14 28
0 21
19 24
6 14
3 15
14 28
15 14
0 2
0 4
21 19
14 28
0 21
19 24
9 14
14 28
0 21
27 14
0 21
0 4
14 28
15 14
4 26
14 28
0 21
9 14
0 4
4 1
14 28
15 14
21 12
14 28
0 21
12 16
16 14
21 19
14 28
0 21
12 16
19 12
21 19
23 17
0 21
0 4
4 1
14 28
0 21
15 14
19 12
21 19
0 21
24 9
0 4
14 28
9 14
19 12
21 19
14 28
0 21
21 15
0 21
23 15
15 28
0 4
