0
158
0 29
0 4
1 2
14 7
21 7
18 2
0 1
6 2
10 4
19 9
17 7
6 8
17 24
17 4
2 11
14 18
28 7
19 21
27 5
2 24
2 8
6 16
26 11
10 16
20 1
19 20
4 5
3 8
11 5
18 20
7 5
22 8
18 12
10 21
9 2
3 21
24 5
0 19
14 19
9 28
15 6
17 19
28 19
26 15
25 1
26 4
20 16
8 11
7 11
20 16
20 16
10 13
20 16
20 16
20 16
26 15
20 16
28 19
20 16
20 16
20 16
0 19
0 19
20 16
3 21
20 16
19 17
0 19
20 16
24 5
0 19
24 5
0 19
22 8
0 19
0 19
20 16
8 11
22 8
0 19
11 5
8 11
9 2
19 28
0 19
0 19
20 16
4 5
19 20
0 19
19 17
0 19
11 5
15 26
0 19
0 19
11 5
8 11
9 2
9 2
24 5
9 2
21 10
10 16
0 19
7 5
19 28
0 19
6 16
19 14
0 19
11 5
9 2
19 17
4 5
0 19
24 2
2 11
11 5
19 17
0 19
14 18
19 14
11 5
8 11
0 19
19 17
7 5
0 19
2 11
11 5
9 2
0 19
19 21
21 10
4 5
0 19
14 18
19 14
2 11
11 5
0 19
4 5
20 18
2 11
11 5
1 20
0 1
19 21
7 5
0 19
19 14
7 5
0 19
2 11
11 5
0 1
4 5
