0
165
0 24
4 24
20 24
3 1
23 19
5 1
0 23
0 6
8 21
16 1
12 3
4 11
19 1
13 1
0 12
15 1
18 11
11 1
14 21
16 2
4 20
11 23
20 23
21 24
1 24
0 4
19 2
8 7
2 23
0 8
0 3
10 22
16 3
21 22
11 2
19 14
16 13
17 1
12 6
19 3
0 16
9 22
22 23
1 6
2 6
3 9
2 9
19 10
2 14
20 17
7 2
19 4
5 4
16 17
0 18
0 15
0 20
3 15
15 21
15 21
15 21
15 21
0 15
0 18
0 18
0 20
20 17
0 20
20 17
0 20
15 3
0 15
20 17
0 20
19 10
19 10
22 23
3 9
15 3
0 15
22 23
16 17
9 22
22 23
3 9
0 15
0 16
22 23
16 17
0 16
22 23
9 22
22 23
22 23
22 23
0 15
15 21
0 16
9 22
22 23
3 9
22 23
19 10
9 22
22 23
3 9
12 6
11 2
0 8
2 23
7 2
2 23
2 23
17 1
0 16
16 17
0 15
15 21
0 20
0 4
20 23
2 23
0 16
16 2
21 24
0 16
2 14
1 24
11 1
1 24
0 18
1 24
0 15
6 1
1 24
12 6
16 13
1 24
0 16
1 24
0 4
11 1
1 24
19 1
0 12
1 24
3 19
1 24
0 16
0 8
21 24
6 1
1 24
4 5
0 4
1 24
19 1
0 23
1 24
12 3
0 12
1 24
4 20
0 4
0 4
