0
340
0 4
24 2
12 7
0 3
2 29
28 5
0 12
6 29
0 29
1 7
0 28
19 24
0 9
21 23
24 7
20 2
17 2
13 23
0 17
0 20
0 11
0 1
0 24
7 29
0 8
19 17
16 25
19 16
15 5
15 14
10 12
0 19
21 8
15 10
15 8
23 28
21 26
3 28
3 8
6 5
6 24
15 3
14 3
0 26
14 17
7 3
24 29
6 16
0 15
7 10
25 8
22 28
21 11
7 2
17 28
22 19
13 1
7 8
21 14
7 23
0 21
23 12
13 5
16 5
7 13
17 1
7 20
0 22
5 29
23 8
6 19
4 18
25 29
23 3
23 2
7 17
18 29
7 26
23 10
16 10
8 29
18 13
28 29
13 12
5 12
5 10
25 3
25 20
10 29
7 22
23 11
23 14
4 3
23 17
12 29
0 14
23 4
0 27
13 3
25 26
26 29
0 25
6 13
0 6
3 29
27 29
4 1
1 29
0 23
14 29
2 12
0 2
12 29
17 12
0 23
23 4
0 23
3 29
0 23
14 29
0 23
11 29
0 7
22 29
0 10
20 10
10 29
0 25
3 29
0 25
10 29
0 5
12 29
0 5
6 13
12 29
0 6
0 6
6 28
13 12
12 29
0 18
6 8
0 6
7 16
0 7
10 29
10 29
0 23
0 7
26 29
0 18
12 29
17 12
0 7
12 29
2 12
0 23
0 23
3 29
0 25
23 2
2 4
0 23
18 29
0 6
19 29
8 29
0 23
0 5
22 29
20 8
8 29
0 7
7 17
0 7
1 29
13 12
12 29
0 7
7 16
5 29
0 7
7 13
5 29
0 7
12 29
0 23
5 29
21 5
23 12
12 29
0 7
14 28
0 21
28 29
8 29
0 7
7 13
0 7
1 29
0 22
19 29
7 17
28 29
0 7
16 5
2 16
5 29
0 7
0 21
11 29
28 29
0 22
8 29
0 25
0 7
10 29
15 29
16 5
5 29
0 6
0 15
15 24
3 24
24 29
0 7
21 14
17 28
0 21
28 29
26 29
21 14
3 24
24 29
0 21
3 24
24 29
0 15
24 29
0 6
5 29
0 6
15 3
0 15
8 29
15 3
0 15
28 29
0 21
26 29
7 23
28 29
0 7
0 15
8 29
0 15
10 29
0 21
8 29
19 29
15 10
12 29
0 15
14 3
3 28
0 15
28 29
0 15
5 29
16 5
0 19
5 29
25 8
19 16
0 19
8 29
17 28
0 19
28 29
8 29
0 7
24 29
1 29
23 7
7 29
11 23
7 29
20 7
17 7
7 29
1 13
23 7
0 1
7 29
2 7
0 17
7 29
2 7
0 20
7 29
7 29
0 24
0 11
11 21
23 7
7 29
20 2
2 7
9 20
7 29
24 7
17 19
0 17
7 29
28 29
0 1
7 29
17 19
19 6
0 17
12 29
6 29
0 28
5 6
0 9
20 2
9 20
2 29
4 2
3 4
2 29
0 12
7 2
12 7
7 24
2 29
0 12
2 29
4 2
