0
323
0 4
22 17
1 27
14 15
1 17
11 27
1 19
24 17
26 19
11 8
21 13
22 14
17 27
22 21
19 27
7 15
4 20
1 14
11 15
11 12
7 11
0 27
2 10
6 15
20 16
0 7
25 15
0 22
24 2
24 25
15 27
8 27
15 26
14 27
21 16
13 27
1 7
2 23
13 16
0 1
16 27
26 27
6 12
8 12
19 4
19 12
20 12
5 12
0 23
13 10
24 9
8 17
13 4
15 4
0 24
0 9
15 9
11 4
19 23
17 10
26 12
8 9
21 11
17 12
6 7
8 23
13 12
14 23
17 23
6 4
0 2
0 21
15 18
12 27
11 10
18 23
20 10
14 10
6 5
5 22
14 25
20 25
19 21
0 20
15 23
10 27
16 4
0 6
0 25
17 7
0 18
15 22
19 2
8 5
14 20
14 3
8 1
8 18
13 7
26 7
0 26
7 27
0 13
7 27
0 8
18 27
1 4
0 8
4 27
0 14
3 27
0 14
20 27
0 8
5 27
0 19
2 27
0 15
22 27
18 27
0 17
7 27
25 27
6 27
8 16
0 8
4 27
0 10
0 15
23 27
20 27
0 19
21 27
0 20
25 27
0 14
25 27
8 5
0 8
22 27
5 22
0 6
22 27
0 14
10 27
0 20
10 27
0 18
23 27
17 11
10 27
0 17
0 12
18 23
0 15
23 27
21 27
2 27
0 6
4 27
0 17
23 27
0 14
23 27
12 27
0 13
0 8
23 27
0 6
7 27
12 27
0 17
11 10
10 27
0 21
0 8
9 27
12 27
0 26
10 27
0 17
0 19
23 27
21 11
4 27
0 21
0 15
9 27
9 27
0 15
4 27
0 13
4 27
17 10
0 8
10 27
0 24
9 27
0 13
10 27
23 27
6 5
12 27
0 6
12 27
0 20
0 19
12 27
0 19
4 27
0 8
12 27
12 27
0 6
0 26
0 24
24 16
26 27
1 26
16 27
0 13
16 27
23 16
0 2
0 1
7 26
26 27
0 13
16 27
0 1
1 21
0 14
26 27
0 15
0 8
0 15
25 14
0 24
14 27
2 15
0 24
15 27
16 27
22 23
23 16
24 25
0 24
15 27
7 26
26 27
5 12
0 22
12 20
22 5
16 27
7 6
0 7
15 27
24 2
10 13
0 24
13 27
11 21
21 16
16 27
0 7
20 16
7 11
12 20
16 27
0 7
7 11
0 7
15 27
0 1
14 27
20 16
11 4
7 11
16 27
0 7
0 7
15 27
0 19
0 22
21 16
16 27
0 22
22 5
5 17
0 22
14 27
17 27
22 21
0 22
13 17
17 27
22 21
8 17
21 11
0 22
7 15
15 26
19 27
0 7
17 27
0 24
19 27
0 1
22 21
21 11
0 22
17 27
0 1
15 11
22 14
11 27
0 22
0 1
17 27
0 22
11 27
4 11
