0
340
0 5
0 19
18 17
18 10
0 18
0 3
17 8
14 24
17 19
17 9
5 24
10 19
17 15
1 22
23 24
11 12
17 11
15 24
13 4
1 21
14 12
22 3
19 24
12 24
7 3
10 22
15 22
3 24
22 24
0 16
17 13
20 7
2 18
23 7
1 20
5 11
12 18
4 7
0 1
4 19
9 18
12 7
0 14
0 17
12 8
8 7
15 6
9 20
13 11
11 24
15 8
2 21
0 10
12 20
19 18
0 22
21 7
18 24
5 13
15 1
15 10
23 1
0 15
23 22
12 6
23 16
12 10
9 10
14 1
9 14
6 11
23 3
4 11
13 7
17 22
12 2
19 1
5 1
23 15
11 7
2 1
5 22
16 1
0 23
9 23
3 16
4 16
5 14
12 17
15 16
5 21
3 11
6 16
3 8
0 9
5 8
5 2
5 6
5 19
12 9
19 11
11 1
9 19
1 7
19 11
11 1
1 7
21 16
6 21
16 22
2 10
10 1
1 7
8 16
16 22
19 11
11 1
9 19
1 7
8 16
0 9
9 3
16 22
0 9
9 6
16 22
0 9
9 3
11 1
1 7
21 16
16 22
0 9
9 15
16 22
17 16
16 22
14 22
0 9
16 22
0 9
9 3
16 22
0 9
23 10
10 1
1 7
23 10
10 1
1 7
3 16
0 9
9 3
1 7
0 23
23 2
1 7
23 19
0 23
19 11
11 7
0 23
15 11
1 7
23 19
0 23
1 7
2 1
1 7
12 17
10 13
0 23
23 10
11 7
0 9
11 7
3 11
0 23
11 7
0 23
13 7
0 9
14 13
9 14
0 9
1 7
13 7
10 13
0 9
13 7
10 13
16 11
11 7
0 23
6 11
11 7
0 23
11 7
15 11
0 23
1 7
13 7
0 15
10 13
0 15
1 7
12 6
6 5
13 7
15 20
0 15
20 18
16 21
23 16
0 23
18 24
23 19
0 23
18 24
20 18
18 24
10 13
13 18
21 7
0 10
10 2
18 24
8 18
0 15
0 15
15 11
0 10
11 24
10 13
20 11
11 24
0 9
6 11
11 24
0 15
15 8
0 15
8 7
20 11
17 20
11 24
14 16
16 11
11 24
18 24
0 9
19 18
0 17
17 4
18 24
11 24
1 11
0 17
17 4
18 24
0 1
1 5
11 24
0 1
20 11
11 24
0 23
0 17
17 2
18 24
1 20
0 1
13 11
0 17
11 24
16 11
11 24
0 22
0 16
16 3
0 15
22 24
0 10
22 24
20 7
1 20
0 1
3 24
0 1
1 19
10 22
3 24
0 10
0 14
12 24
7 3
21 7
0 1
3 24
4 19
17 13
19 24
0 17
0 15
0 17
11 24
17 11
0 17
12 24
0 23
22 15
0 1
15 24
0 17
15 24
19 24
0 10
17 11
11 5
0 17
9 23
23 24
0 17
19 24
0 17
0 14
5 24
8 5
0 17
3 24
18 24
0 18
10 19
19 24
17 8
0 18
5 24
8 5
19 24
5 24
