0
319
4 23
0 1
23 26
16 25
3 15
0 16
2 11
3 1
4 8
0 3
22 26
0 18
20 24
0 4
15 19
2 8
0 2
11 26
24 15
13 19
10 26
20 6
20 9
23 13
19 26
20 25
14 13
20 4
25 13
12 6
0 23
6 9
21 9
21 15
0 25
2 15
6 8
24 11
0 20
15 26
22 14
22 2
8 26
21 11
3 25
0 24
13 26
0 26
8 16
21 16
0 21
0 22
19 6
19 10
10 1
9 26
10 25
19 2
19 4
23 1
6 25
25 26
14 1
1 26
0 12
1 16
6 26
20 2
23 14
6 4
13 16
5 2
5 4
16 26
0 17
7 4
8 3
8 12
7 12
19 3
10 12
15 14
19 24
8 18
5 26
2 26
19 18
10 3
20 3
4 26
0 7
8 17
15 7
14 26
6 18
19 20
23 7
6 3
19 23
19 7
0 19
7 26
23 3
0 19
3 26
3 26
0 6
19 23
0 19
7 26
0 19
20 26
0 6
18 26
0 14
0 15
7 26
0 8
17 26
7 26
0 15
15 4
19 20
0 19
3 26
3 26
0 10
0 19
18 26
6 2
0 6
0 5
0 8
18 26
0 19
24 26
14 26
0 15
0 10
12 26
0 19
3 26
12 26
0 7
0 8
12 26
0 8
3 26
4 26
0 7
17 26
15 16
0 15
4 26
0 5
2 26
0 5
16 26
0 13
4 26
0 6
19 23
0 19
14 26
19 20
2 26
0 19
0 6
16 26
8 1
0 8
12 26
8 1
0 8
12 14
1 26
0 12
19 25
0 19
25 26
0 6
19 23
1 26
0 19
4 26
0 19
2 26
0 19
25 26
0 10
17 9
0 17
1 26
0 10
10 1
1 26
0 19
6 25
25 26
0 19
4 26
22 4
16 26
0 21
16 26
0 8
0 13
13 26
24 17
17 13
0 24
24 3
25 26
11 13
13 26
0 21
0 8
0 22
2 26
14 1
0 22
1 26
0 15
20 2
2 26
0 24
11 13
13 26
0 24
24 6
8 26
0 20
20 2
15 26
25 26
15 26
0 21
9 26
0 21
0 24
24 6
9 26
23 1
1 26
6 9
7 12
23 7
0 23
9 26
13 26
0 25
0 20
4 26
23 14
0 23
13 26
25 13
0 20
13 26
0 23
23 19
0 23
13 26
0 20
9 26
6 19
19 26
0 20
20 25
25 10
0 20
23 13
19 26
0 23
0 24
15 26
24 11
0 24
2 15
15 26
0 2
8 26
0 2
2 15
19 26
4 26
15 19
0 4
24 15
4 20
19 26
11 26
18 11
0 2
2 22
10 26
3 25
25 10
0 4
8 26
0 3
10 26
1 10
0 2
11 26
16 1
10 26
1 10
15 19
0 3
19 26
0 16
10 26
25 10
0 23
10 26
1 10
0 4
23 26
