233
59
90
39
76
74
64
14
43
29
7
25
46
40
33
18
84
17
44
38
79
56
68
31
89
51
49
28
13
42
10
27
5
92
69
15
53
96
88
32
62
37
63
50
83
24
36
82
16
3
91
95
87
58
19
94
93
86
75
11
55
48
20
45
66
35
77
9
61
47
52
2
67
6
4
54
57
4
65
67
70
67
65
67
22
70
61
72
52
61
65
61
52
65
67
70
47
77
12
9
60
9
60
20
9
66
9
48
12
75
55
55
66
48
48
19
55
95
61
16
82
75
12
82
30
16
66
55
94
82
16
54
94
57
66
82
16
94
16
62
50
82
54
19
83
55
37
16
37
16
82
30
82
54
67
55
82
12
37
27
5
66
88
23
3
82
27
70
82
27
54
27
2
61
52
88
37
51
2
61
51
2
88
41
79
82
57
41
79
83
55
56
51
2
88
18
9
2
51
18
9
60
48
18
51
60
41
79
82
16
18
53
51
7
29
93
51
43
18
82
29
18
51
18
51
60
74
29
56
58
16
18
43
51
392
1 97
61 71
52 61
70 73
71 12
12 21
67 54
41 72
60 34
65 80
4 85
73 34
78 73
78 73
57 21
80 57
54 71
8 54
4 34
22 4
22 4
54 71
6 54
23 6
22 67
67 81
78 2
2 81
26 65
57 21
80 57
67 60
22 67
54 71
70 54
72 70
41 72
70 67
54 71
72 70
65 80
26 65
80 6
6 12
12 21
67 54
41 72
70 67
54 71
72 70
65 52
52 21
26 65
41 47
47 97
22 61
41 22
61 97
41 72
73 61
72 70
61 97
65 52
26 65
61 97
52 61
71 12
12 21
65 52
26 65
60 9
67 60
41 72
70 67
72 70
9 97
77 47
41 77
47 97
35 71
71 12
12 21
41 77
77 35
26 66
66 97
34 60
60 9
45 34
26 45
9 97
60 9
20 60
26 20
9 97
60 9
9 48
20 60
26 20
48 97
26 66
66 1
1 97
55 1
41 55
34 60
60 9
9 48
11 34
48 97
0 11
75 12
12 21
0 75
1 97
75 86
55 1
86 55
0 75
93 8
1 97
55 1
8 55
0 93
1 97
94 66
66 1
0 94
1 97
0 19
19 1
58 48
48 97
0 58
23 87
87 48
19 23
48 97
0 19
1 97
55 1
95 55
0 95
1 97
91 1
0 91
61 71
71 3
95 61
3 97
0 95
0 16
16 97
82 97
0 16
16 82
75 12
82 97
36 75
12 71
71 82
0 36
82 97
30 82
24 30
0 24
16 94
83 55
1 97
55 1
94 66
66 83
0 16
16 94
50 54
82 97
94 26
54 82
26 50
0 16
16 94
66 63
82 97
63 57
94 66
57 82
0 16
16 94
94 26
1 97
37 1
26 37
0 16
1 97
62 1
0 62
32 50
50 54
82 97
62 32
54 82
0 62
88 97
19 88
0 19
83 55
96 83
1 97
55 1
0 96
16 53
53 34
1 97
34 37
37 1
0 16
15 37
1 97
37 1
16 15
0 16
82 97
69 30
30 82
0 69
92 67
82 97
67 54
54 82
0 92
1 97
55 1
5 55
0 5
27 21
82 97
12 71
21 12
71 82
0 27
27 73
10 37
73 10
1 97
37 1
0 27
66 42
5 66
42 97
0 5
13 23
23 88
88 97
0 13
73 70
70 28
28 3
27 73
3 71
82 97
71 82
0 27
27 21
21 49
82 97
49 54
54 82
0 27
51 97
61 2
2 51
27 52
52 61
0 27
89 78
78 88
88 97
0 89
31 1
1 97
0 31
1 97
68 37
37 1
0 68
51 97
61 2
2 51
0 56
56 61
51 97
2 51
0 79
79 2
38 78
78 88
88 97
0 38
79 41
44 57
82 97
0 79
41 44
57 82
79 41
41 17
83 55
17 83
1 97
0 79
55 1
51 97
2 51
84 2
0 56
56 84
0 18
78 88
88 97
18 78
60 9
9 48
48 33
51 97
18 60
0 18
33 2
2 51
60 9
9 48
18 60
0 18
48 40
40 97
60 34
51 97
18 60
34 46
0 18
46 51
79 41
41 25
82 97
0 79
25 82
0 7
7 97
29 51
16 53
51 97
18 16
0 18
53 29
43 7
0 43
7 97
85 29
29 51
43 93
14 85
51 97
0 43
93 14
18 64
82 97
0 18
64 82
29 51
51 97
74 29
0 18
18 74
60 76
51 97
18 60
76 51
0 18
56 39
39 58
58 74
29 51
51 97
74 29
0 56
16 90
90 97
18 16
0 18
59 51
43 59
51 97
0 43
