228
60
71
92
36
68
37
66
6
13
11
59
45
38
28
9
98
82
1
84
23
86
83
14
19
54
80
33
5
55
93
75
91
32
61
97
39
4
53
15
57
85
48
20
72
22
69
24
44
78
8
10
29
94
81
89
31
21
49
34
43
77
87
25
73
51
2
58
64
74
16
90
3
35
79
56
88
76
17
50
41
47
70
12
96
40
18
7
27
26
30
67
65
62
42
95
52
63
40
50
40
76
96
35
7
64
96
64
96
7
76
74
76
64
51
87
51
40
43
87
40
76
40
67
31
40
40
31
87
56
87
50
94
41
94
49
40
67
49
94
94
87
20
20
40
47
88
48
57
85
20
95
26
57
85
57
40
31
53
47
48
57
42
57
53
85
57
85
22
57
22
4
57
85
85
85
25
55
72
85
80
94
35
80
54
80
94
14
80
85
32
57
33
80
10
55
87
72
35
80
82
85
48
35
80
70
38
28
26
57
45
38
28
50
28
41
13
38
14
80
50
13
13
98
28
41
13
71
92
356
0 99
0 63
63 99
52 99
0 52
95 99
0 95
0 42
42 99
0 62
62 99
0 65
65 99
0 67
67 99
0 30
30 99
26 99
0 26
0 27
27 99
7 99
0 7
18 26
26 99
0 18
40 99
0 40
40 99
0 96
96 40
0 12
40 99
12 40
12 70
0 12
70 99
12 47
47 26
0 12
26 99
41 26
0 41
26 99
41 50
0 41
50 40
40 99
0 17
17 99
0 76
76 99
41 50
50 88
88 7
0 41
7 99
17 56
0 17
56 7
7 99
96 79
0 96
79 99
12 35
35 7
7 99
0 12
41 67
67 3
0 41
3 99
41 90
90 79
0 41
79 99
41 50
16 40
50 16
0 41
40 99
76 74
74 40
0 76
40 99
96 64
0 96
64 99
58 35
35 7
0 58
7 99
96 64
2 96
0 2
64 99
96 64
51 96
0 51
64 99
73 7
76 73
0 76
7 99
0 25
25 99
76 74
74 87
0 76
87 99
77 64
0 77
64 99
51 43
43 87
0 51
87 99
51 34
34 40
0 51
40 99
0 49
49 99
49 67
67 21
21 43
43 87
0 49
87 99
31 40
76 31
0 76
40 99
49 67
67 89
89 40
0 49
40 99
31 40
81 31
0 81
40 99
0 94
94 99
29 31
31 40
49 29
0 49
40 99
10 87
56 10
49 56
0 49
87 99
94 50
50 41
8 87
41 8
0 94
87 99
94 46
46 78
0 94
78 99
49 67
44 40
67 44
0 49
40 99
49 24
0 49
24 99
94 69
0 94
69 99
94 22
0 94
22 99
72 87
0 72
87 99
0 20
20 99
20 48
0 20
48 99
85 99
0 20
20 85
0 57
57 40
40 99
47 48
0 57
57 88
88 15
15 47
48 99
53 85
20 53
85 99
0 20
0 57
57 26
94 95
4 85
95 4
26 94
85 99
31 39
39 53
0 57
40 31
53 85
57 40
85 99
47 48
0 57
97 47
57 97
48 99
42 61
61 53
0 57
53 85
85 99
57 42
0 57
57 32
85 99
32 85
91 22
0 57
57 91
22 99
75 22
0 75
22 99
0 57
93 4
4 85
85 99
57 93
0 55
55 85
85 99
0 5
5 85
85 99
55 72
25 33
72 25
0 55
33 99
0 80
80 85
85 99
94 54
0 80
80 94
54 99
80 35
0 80
35 19
19 99
80 14
94 54
0 80
14 94
54 99
80 14
14 83
0 80
83 85
85 99
0 86
86 99
32 23
0 57
57 32
23 99
84 33
0 80
80 84
33 99
72 87
87 10
55 72
10 1
0 55
1 99
80 35
0 80
82 99
35 82
0 98
82 99
98 82
9 99
0 9
28 85
0 28
85 99
80 35
48 38
0 80
35 48
38 99
28 70
45 38
70 45
0 28
38 99
26 59
0 57
57 26
59 99
28 11
11 45
45 38
0 28
38 99
28 41
50 13
41 50
13 99
0 28
6 13
13 99
0 6
80 14
66 38
14 66
0 80
38 99
50 13
37 50
13 99
0 37
68 13
13 99
0 68
36 99
0 98
98 36
28 41
92 99
41 92
0 28
71 13
13 99
0 71
92 99
71 60
60 92
0 71
