211
15
83
37
29
5
59
40
68
52
6
53
14
49
31
4
58
79
18
38
7
62
80
16
48
78
13
82
47
41
73
23
36
43
86
39
65
76
21
67
12
69
32
9
88
92
35
61
55
42
42
61
61
2
51
33
92
75
88
44
10
75
94
9
88
10
75
25
2
46
51
64
92
30
88
75
44
88
10
75
92
32
32
57
26
20
34
25
51
88
2
75
75
26
20
76
76
2
44
25
10
2
25
76
2
76
69
26
65
76
2
2
25
32
64
76
69
26
92
32
88
64
75
2
25
75
25
61
76
33
23
25
90
90
25
39
90
25
27
25
27
76
25
47
13
44
32
76
27
69
26
48
76
20
50
48
64
76
26
16
82
20
25
50
55
27
26
69
76
27
36
75
48
76
74
26
69
48
76
27
90
50
43
76
27
18
27
58
36
27
36
27
26
69
33
62
6
33
27
69
26
40
6
2
53
26
5
26
29
5
53
83
361
76 43
36 27
19 55
82 20
70 64
0 26
97 27
27 3
85 61
88 92
3 99
64 96
77 2
66 56
84 85
95 2
76 71
60 51
32 57
63 54
87 92
44 10
30 92
25 89
1 94
33 28
2 56
60 98
22 85
42 11
1 42
97 55
42 11
55 42
17 46
61 98
34 61
61 98
34 61
81 35
61 98
35 34
34 61
17 46
51 2
46 51
92 28
84 92
17 33
92 28
75 88
88 60
0 75
60 92
44 9
9 10
75 88
88 60
60 44
0 75
10 56
9 10
75 88
88 1
94 9
0 75
10 56
2 56
0 25
34 46
51 2
46 51
32 64
19 32
64 28
92 28
75 88
88 30
0 75
75 88
88 60
60 44
0 75
10 56
32 87
19 32
92 28
63 54
19 32
57 63
69 26
19 69
20 56
26 20
34 12
12 63
63 54
25 89
0 25
77 34
2 56
51 2
75 88
88 60
0 75
19 67
67 54
21 54
75 21
0 75
20 56
0 76
76 26
26 20
63 54
0 76
2 56
0 76
76 65
65 2
44 10
39 44
25 89
89 39
0 25
10 56
25 89
2 56
0 25
95 2
2 56
76 84
0 76
26 69
69 66
0 76
76 26
86 95
95 2
65 86
2 56
0 76
76 65
25 89
2 56
0 25
32 64
19 32
26 69
0 76
69 98
76 26
92 87
64 96
87 32
32 64
75 88
0 75
77 2
43 96
25 89
2 43
0 25
75 36
36 96
0 75
3 99
23 66
25 89
89 23
0 25
84 85
3 99
61 98
76 84
0 76
33 28
23 33
28 73
25 89
89 23
90 99
73 90
0 25
25 89
41 90
90 99
0 25
89 41
47 90
25 89
89 39
39 47
90 99
0 25
3 99
70 27
3 99
25 82
82 98
0 25
27 3
3 99
76 84
0 76
25 13
3 99
0 25
13 11
32 57
78 32
13 44
25 13
57 47
47 90
44 78
90 99
0 25
48 70
27 3
3 99
76 48
0 76
70 27
3 99
26 69
69 98
48 20
20 16
16 50
76 48
50 99
0 76
48 70
64 96
76 48
0 76
80 98
0 26
3 99
26 80
20 16
16 50
25 82
50 99
0 25
97 27
27 3
0 26
3 99
26 69
69 19
55 97
71 62
76 71
0 76
62 99
27 3
3 99
75 36
0 75
74 7
48 74
76 48
7 99
0 76
19 38
0 26
26 69
69 19
38 99
27 3
48 18
3 99
76 48
18 27
0 76
91 79
79 90
90 99
58 50
50 99
0 58
97 27
27 3
3 99
43 97
0 76
91 4
4 18
27 3
3 99
18 27
36 27
58 31
27 3
31 36
3 99
0 58
36 27
49 36
27 3
91 49
3 99
14 3
0 26
19 14
3 99
26 69
69 19
53 99
0 53
33 28
6 33
0 6
28 62
62 99
52 3
3 99
0 52
6 33
68 97
0 6
97 27
27 3
3 99
33 68
40 3
69 40
0 26
3 99
26 69
56 59
59 95
2 40
66 56
0 6
95 2
6 66
40 3
3 99
5 53
26 5
0 26
53 99
5 29
26 5
0 26
29 99
5 29
53 5
37 53
0 37
29 99
83 3
0 83
3 99
83 3
15 99
3 15
0 83
