161
2
22
29
92
70
59
61
63
56
46
42
66
31
21
30
76
31
30
31
30
31
30
66
35
73
66
68
66
66
66
77
58
20
33
27
73
66
73
66
68
32
31
86
1
98
1
20
74
98
20
75
4
84
47
4
42
20
1
84
4
1
42
4
1
84
68
66
84
42
27
33
84
52
77
42
55
20
52
74
77
84
1
46
42
4
1
89
4
1
21
56
68
43
84
98
4
50
75
43
4
43
1
4
51
1
61
73
4
51
32
4
51
1
31
59
61
46
42
38
33
1
38
1
38
27
33
61
51
20
51
93
57
43
20
20
20
4
77
55
20
4
20
19
6
20
4
1
76
4
1
97
90
20
18
6
20
69
1
18
94
76
376
76 94
3 69
6 7
0 1
0 76
16 4
82 44
8 37
93 43
0 20
80 24
3 81
39 38
33 38
32 45
51 99
25 45
54 50
21 40
42 89
3 1
77 55
9 27
10 7
4 1
75 65
20 17
74 18
5 20
98 87
87 65
18 82
13 86
31 32
68 66
16 17
73 57
33 39
23 24
77 20
82 57
18 15
4 11
73 68
35 7
24 53
76 1
21 8
78 8
17 24
39 40
39 40
17 24
39 40
17 24
39 40
23 21
31 8
5 12
17 24
30 31
39 40
12 30
31 8
5 12
54 76
30 31
39 40
12 30
31 8
5 12
17 24
30 31
39 40
12 30
31 8
5 12
66 65
67 66
30 31
39 40
12 30
66 65
67 66
39 40
23 35
78 8
12 73
5 12
66 65
67 66
68 78
39 40
66 65
67 66
39 40
4 11
66 65
67 66
39 40
71 66
66 65
39 40
58 77
5 12
39 40
20 1
24 53
39 40
4 11
8 78
27 33
39 40
71 66
12 73
5 12
66 65
39 40
24 53
5 12
17 24
39 40
73 68
12 73
5 12
66 65
39 40
23 24
4 11
32 23
24 53
8 31
39 40
18 15
4 11
86 1
1 39
39 40
23 24
4 11
24 53
39 40
16 17
5 12
39 40
87 65
54 98
16 17
5 12
39 40
1 39
39 40
20 1
18 82
23 24
24 53
10 74
39 40
98 87
87 65
54 98
5 20
39 40
5 4
4 75
39 40
42 47
84 42
3 84
47 34
20 5
5 4
42 20
84 42
1 39
3 84
39 40
11 4
4 1
1 39
39 40
42 46
46 18
11 4
4 1
84 42
1 39
3 84
39 40
56 68
84 56
68 66
66 65
3 84
39 40
42 9
33 39
84 42
27 33
3 84
39 40
20 77
55 52
52 34
42 20
84 42
3 84
63 74
74 18
77 55
7 10
84 63
20 77
55 52
52 34
5 20
3 84
1 39
39 40
46 42
18 46
4 11
1 4
3 1
89 40
4 11
1 4
3 1
8 21
56 68
62 61
84 56
68 66
66 71
61 45
43 44
45 43
3 84
75 65
87 98
65 87
43 44
98 54
1 4
3 1
50 45
45 43
4 75
43 44
1 4
3 1
45 43
4 5
1 4
3 1
25 51
4 5
11 59
59 73
62 61
45 25
68 66
66 71
61 45
51 99
4 11
1 4
3 1
73 68
25 51
45 25
31 32
51 99
4 11
1 4
3 1
25 51
8 31
42 70
70 24
11 59
82 18
59 73
62 61
45 25
46 42
73 57
18 46
57 82
61 45
51 99
4 11
1 4
3 1
25 51
39 33
38 99
3 1
1 39
38 99
3 1
1 39
33 38
81 27
38 99
27 33
3 81
62 61
45 25
61 45
51 99
25 51
51 99
20 5
25 51
18 82
57 93
0 20
10 7
82 57
43 44
20 5
0 20
10 7
20 5
18 82
0 20
10 7
20 5
8 37
77 55
92 4
0 20
55 92
20 77
4 11
20 17
8 37
0 20
4 11
17 16
29 19
20 17
82 44
18 82
0 20
19 18
6 29
8 37
76 1
4 11
1 4
8 37
4 11
1 4
17 22
20 17
0 20
22 97
97 90
20 17
82 44
18 82
17 6
0 20
7 18
0 1
69 44
1 3
82 44
0 2
18 82
2 18
0 76
82 44
94 82
