226
48
30
32
52
37
17
69
35
76
90
26
38
79
10
66
80
22
57
20
67
41
42
36
60
70
24
81
29
5
73
44
45
46
68
72
16
82
78
83
77
14
1
54
89
59
55
6
53
56
13
64
7
65
87
88
8
51
71
34
39
27
50
47
11
2
18
40
15
86
3
84
92
85
25
75
19
31
33
61
12
43
49
9
58
62
21
23
91
28
63
4
12
75
50
50
23
34
3
34
8
34
34
23
34
47
12
87
8
8
15
7
40
53
13
53
53
50
61
89
50
53
40
89
50
89
50
14
50
11
34
89
50
77
50
89
50
50
68
50
50
89
46
21
34
46
6
46
68
50
46
21
46
50
46
58
50
46
68
50
58
23
34
46
70
44
46
58
70
46
89
58
50
24
46
58
50
40
46
68
50
5
68
46
50
34
46
40
68
46
50
80
46
68
50
34
81
50
22
46
50
77
46
50
40
68
50
35
76
10
44
70
72
35
76
17
35
76
44
50
52
17
35
87
91
76
44
356
0 93
4 93
0 4
63 93
0 63
0 28
28 93
0 91
91 93
23 93
0 23
0 21
21 93
21 62
0 21
62 93
91 58
58 93
0 91
9 58
58 93
0 9
49 93
0 49
21 43
43 93
0 21
62 12
21 62
12 93
0 21
23 61
49 23
61 93
0 49
21 33
33 93
0 21
31 61
61 93
0 31
0 19
19 93
75 93
0 75
25 61
28 25
19 28
61 93
0 19
21 85
85 93
0 21
92 93
0 92
75 91
91 62
62 84
84 93
0 75
3 93
0 3
86 84
84 93
0 86
75 15
15 93
0 75
40 93
0 40
18 15
15 93
0 18
40 2
2 93
0 40
11 93
0 11
12 47
75 12
47 93
0 75
50 93
0 50
50 93
27 50
0 27
50 93
39 50
0 39
34 93
0 34
23 34
34 93
71 23
0 71
3 34
51 3
34 93
0 51
8 93
0 8
88 93
0 88
75 87
8 75
34 93
87 34
0 8
34 93
65 34
0 65
23 34
7 23
34 93
0 7
43 64
64 12
12 47
8 43
47 93
0 8
75 87
87 13
8 75
13 93
0 8
8 56
56 15
50 93
15 50
0 8
53 40
23 34
40 7
7 23
34 93
0 53
6 93
0 6
53 55
55 93
0 53
53 59
59 13
13 93
0 53
89 50
50 93
53 89
0 53
54 61
61 89
89 50
50 93
0 54
53 40
40 1
1 89
89 50
50 93
0 53
14 89
89 50
50 93
0 14
14 77
50 93
77 50
0 14
83 93
0 83
11 34
78 11
34 93
0 78
89 50
50 93
82 89
0 82
16 77
50 93
77 50
0 16
89 50
50 93
72 89
0 72
68 50
50 93
0 68
68 50
0 46
50 93
46 68
45 89
89 50
50 93
0 45
0 46
46 44
44 93
21 73
73 34
0 46
34 93
46 21
46 58
5 68
58 6
68 50
0 46
6 5
50 93
0 46
29 93
46 29
21 81
81 50
0 46
50 93
46 21
46 58
58 24
0 46
50 93
24 50
46 58
58 70
68 50
0 46
70 68
50 93
23 34
0 46
46 60
60 23
34 93
46 58
70 44
44 36
36 50
58 70
0 46
50 93
42 89
46 58
70 42
58 70
0 46
89 50
50 93
50 93
0 41
41 50
46 58
67 50
58 24
0 46
24 67
50 93
20 40
40 68
68 50
0 46
50 93
46 20
46 57
57 5
5 68
68 50
0 46
50 93
46 22
0 46
22 34
34 93
58 80
46 58
40 68
80 40
68 50
0 46
50 93
58 80
46 58
80 66
66 68
68 50
0 46
50 93
10 34
34 93
0 10
81 50
0 79
50 93
79 81
22 38
38 50
46 22
0 46
50 93
26 77
46 26
0 46
50 93
77 50
0 90
90 93
76 93
0 76
35 40
40 68
0 35
68 50
50 93
40 69
69 10
62 44
44 76
35 40
0 35
10 62
76 93
35 17
72 70
44 76
70 44
0 35
17 72
76 93
37 93
0 37
35 17
52 44
44 76
0 35
17 52
76 93
32 50
0 32
50 93
35 17
52 30
30 93
0 35
17 52
0 48
48 87
87 75
75 91
62 44
44 76
91 62
76 93
