246
77
83
32
56
75
90
66
85
24
76
47
6
49
43
29
31
38
18
87
70
53
58
88
71
20
79
94
16
91
55
60
22
1
46
89
74
51
3
27
97
50
19
2
5
57
26
34
25
36
45
62
28
96
81
73
41
14
67
92
72
78
11
84
13
65
93
30
86
4
59
8
68
17
44
21
63
23
52
15
61
15
82
15
23
17
44
17
37
17
95
23
17
68
37
37
17
44
17
13
17
17
95
23
95
82
72
80
23
72
72
95
44
72
13
84
72
82
48
72
23
72
95
96
82
36
45
23
21
67
73
61
62
36
82
95
82
78
44
61
5
4
5
95
82
82
44
78
5
82
2
27
62
61
82
67
5
82
5
82
62
5
67
74
5
61
97
82
46
5
19
5
55
1
27
15
5
74
97
82
97
79
5
86
37
1
17
5
55
82
88
28
1
5
1
5
67
70
70
97
81
21
70
45
70
94
5
70
73
70
44
57
45
27
15
49
44
49
44
38
49
70
44
49
44
82
47
43
25
17
11
49
70
90
21
49
44
90
43
25
5
5
47
90
25
49
44
427
0 99
39 7
17 37
23 95
9 15
82 99
15 48
10 39
40 98
69 99
40 39
9 7
12 7
54 12
54 9
42 98
42 98
42 98
54 12
42 98
54 9
42 98
42 61
61 99
9 7
54 9
54 12
10 15
15 80
40 39
54 12
54 12
52 48
54 9
9 52
10 23
23 99
69 99
37 63
63 99
37 21
21 48
10 15
37 82
82 99
44 82
12 44
54 12
54 17
17 48
15 48
54 9
39 10
68 48
17 39
54 17
10 68
39 10
17 39
54 17
10 23
82 99
54 17
37 82
35 44
82 99
44 82
8 35
54 8
82 99
44 82
17 39
54 17
7 44
17 37
69 99
54 17
59 69
37 59
17 39
95 99
4 95
54 17
39 4
23 95
39 10
17 39
10 86
95 99
54 17
86 23
30 64
37 30
68 48
17 37
54 17
64 68
93 48
17 37
54 17
37 93
69 99
65 69
54 65
35 44
39 13
82 99
44 82
17 39
13 35
54 17
13 84
39 13
17 39
95 99
84 95
54 17
17 11
95 99
54 17
11 95
23 95
54 78
95 99
78 23
72 98
0 72
82 99
92 82
0 92
80 67
69 99
72 80
67 69
0 72
23 95
80 14
72 80
95 99
14 23
0 72
98 41
72 98
95 99
41 95
0 72
98 73
72 98
82 99
44 82
73 44
0 72
13 84
81 13
95 99
84 95
0 81
98 96
72 98
82 99
96 82
0 72
98 28
28 48
72 98
48 99
0 72
62 69
69 99
0 62
98 45
23 95
72 98
45 23
95 99
0 72
82 99
36 96
96 82
0 36
23 95
33 25
36 33
21 45
25 21
45 23
95 99
0 36
61 67
10 62
67 73
73 10
34 61
62 69
69 99
0 34
36 26
82 99
26 82
0 36
57 95
95 99
0 57
0 5
82 99
5 82
61 2
35 44
0 5
2 35
78 61
82 99
44 82
5 78
0 5
19 4
5 19
95 99
4 95
50 82
82 99
0 50
82 99
0 97
97 82
0 5
78 27
27 44
82 99
44 82
5 78
2 3
27 61
3 62
61 2
0 5
78 27
62 69
5 78
69 99
82 99
51 82
0 51
0 5
74 82
67 74
82 99
5 67
0 5
82 99
89 82
5 89
46 10
0 5
10 62
62 69
5 46
69 99
61 67
0 5
74 82
5 1
1 61
67 74
82 99
22 82
97 22
82 99
0 97
46 10
10 60
0 5
5 46
60 99
55 99
0 55
0 5
19 91
91 55
55 99
5 19
27 15
61 27
15 16
0 5
16 82
5 1
1 61
82 99
94 74
74 82
97 94
82 99
0 97
79 69
97 79
69 99
0 97
79 69
86 79
0 5
20 86
5 20
69 99
1 17
71 55
0 5
37 71
17 37
5 1
55 99
88 55
55 99
0 88
0 58
58 99
53 82
82 99
0 53
70 99
0 70
1 87
28 98
70 99
87 88
0 5
98 70
88 28
5 1
1 18
18 67
70 99
0 5
73 98
67 73
98 70
5 1
97 38
70 99
38 70
0 97
45 98
31 81
70 99
21 45
98 70
81 21
0 31
70 99
98 70
0 29
29 98
94 73
5 43
70 99
0 5
73 98
98 70
43 94
49 44
45 98
0 49
70 99
44 57
98 70
57 45
49 44
27 15
0 49
15 6
6 99
44 27
49 44
0 49
47 99
44 47
49 44
97 38
0 49
44 76
76 97
70 99
38 70
49 44
0 49
44 24
24 99
0 85
85 82
82 99
0 66
66 47
47 99
25 90
5 43
90 99
11 25
43 17
0 5
17 11
0 49
70 99
75 70
49 75
49 44
0 49
90 99
44 56
56 21
21 90
25 90
5 43
90 99
43 32
0 5
32 25
83 47
5 83
0 5
47 99
25 90
49 44
77 33
0 49
33 25
90 99
44 77
