225
26
46
13
78
21
57
53
27
36
44
20
28
81
18
49
43
38
32
87
91
23
84
17
22
66
86
29
5
40
79
9
45
59
2
52
33
8
7
72
89
51
62
80
50
6
68
61
34
31
76
67
41
64
65
15
16
56
19
85
92
10
47
42
63
24
75
4
77
60
69
73
3
14
48
25
82
93
39
54
58
37
88
12
94
11
55
71
1
35
83
70
90
74
35
35
69
60
82
75
69
93
60
47
60
69
60
75
10
47
10
56
10
15
19
10
14
41
19
41
19
67
19
67
76
58
61
19
55
67
67
47
76
58
19
15
80
67
47
62
67
47
80
67
19
80
33
55
89
33
35
33
33
35
25
35
33
82
45
33
35
72
45
67
5
67
40
82
60
33
35
29
82
33
35
33
35
33
56
17
72
45
91
61
17
72
79
91
23
24
29
17
72
23
33
91
29
23
47
17
72
45
29
66
29
60
18
29
47
91
79
52
33
36
33
23
27
52
81
41
78
19
61
41
78
41
352
0 95
1 35
70 35
0 74
74 95
90 95
0 90
0 70
70 95
83 95
0 83
35 95
0 35
35 95
0 70
1 95
0 1
35 95
0 1
71 95
0 71
55 1
1 35
35 95
0 55
11 95
0 11
94 95
0 94
12 71
0 12
71 95
88 35
35 95
0 88
37 95
0 37
55 1
1 35
58 55
0 58
35 95
54 37
0 54
37 95
39 37
0 39
37 95
39 74
74 93
0 39
93 95
0 82
82 95
0 25
25 95
39 48
0 39
48 95
0 14
14 95
0 3
3 95
73 3
0 73
3 95
0 69
69 95
35 82
69 88
82 60
88 35
0 69
60 95
69 77
0 69
77 95
4 95
0 4
69 75
0 69
75 95
82 60
24 82
0 24
60 95
69 75
75 63
0 69
63 95
42 93
93 60
60 95
0 42
0 47
47 95
10 95
0 10
92 60
47 92
0 47
60 95
85 60
69 85
0 69
60 95
19 95
0 19
63 56
56 90
90 10
69 75
75 63
10 95
0 69
88 16
16 10
47 88
10 95
0 47
0 15
15 95
30 65
65 56
56 90
90 10
15 30
0 15
10 95
15 64
0 15
64 95
41 19
19 95
0 41
0 67
67 95
14 10
76 14
0 76
10 95
41 19
31 41
0 31
19 95
41 19
34 41
15 34
0 15
19 95
61 19
67 47
47 61
0 67
19 95
68 95
0 68
67 6
0 67
6 95
58 50
61 19
76 58
50 61
0 76
19 95
67 55
55 80
0 67
80 95
67 47
47 62
0 67
62 95
58 51
76 58
51 19
0 76
19 95
15 89
0 15
89 95
67 47
47 72
72 80
0 67
80 95
47 7
7 62
67 47
0 67
62 95
8 80
67 8
0 67
80 95
0 33
33 19
19 95
33 52
52 55
0 33
55 80
80 95
2 89
33 2
0 33
89 95
33 35
0 33
35 59
59 95
33 35
0 33
35 45
45 95
25 9
33 35
0 33
35 25
9 95
35 82
90 45
82 79
79 90
33 35
0 33
45 95
72 45
40 72
0 40
45 95
67 5
0 67
5 95
67 5
0 29
29 67
5 95
40 86
86 95
0 40
35 82
60 66
33 35
82 60
0 33
66 95
0 29
29 22
22 95
35 82
33 35
82 17
0 33
17 95
35 84
33 35
0 33
84 95
23 95
0 33
33 23
91 56
45 72
56 90
90 45
72 17
17 95
0 91
87 72
61 87
72 17
91 61
17 95
0 91
79 32
91 79
23 95
32 23
0 91
38 72
24 38
72 17
0 29
29 24
17 95
33 43
23 95
0 33
43 23
91 49
49 95
0 91
29 18
23 95
0 29
18 47
47 23
45 72
72 17
81 45
0 81
17 95
0 29
28 95
29 28
60 66
29 20
20 60
0 29
66 95
44 95
29 18
0 29
18 47
47 44
79 36
91 79
36 95
0 91
33 52
52 27
27 95
0 33
33 53
53 36
36 95
0 33
57 23
23 95
0 57
21 52
52 27
27 95
0 21
78 95
41 78
81 41
0 81
61 19
19 41
78 95
0 13
41 78
13 61
46 41
78 95
41 78
0 46
0 26
26 95
