247
87
1
79
53
9
65
80
72
95
52
30
93
44
89
26
60
36
14
70
41
82
7
76
24
15
64
97
12
90
8
34
25
49
91
96
75
10
85
83
94
58
21
66
92
56
40
51
61
19
48
29
55
69
20
54
84
28
38
16
81
3
33
45
57
6
23
67
5
68
62
37
78
31
98
11
59
43
86
4
77
22
88
46
17
2
27
74
32
71
50
18
39
73
35
42
63
13
86
46
78
43
11
27
86
46
6
17
45
78
17
45
74
6
86
74
3
74
3
6
45
3
78
3
54
6
45
17
84
6
2
6
74
59
31
20
81
48
55
6
84
45
33
45
56
45
17
20
55
6
66
20
21
55
6
20
6
81
45
17
45
92
66
61
20
45
20
92
78
20
55
6
16
6
83
6
6
34
51
40
45
12
90
55
6
12
16
88
32
6
34
6
46
54
34
76
6
6
74
76
6
92
41
92
76
15
12
16
41
76
74
6
60
6
90
68
45
12
15
12
76
55
6
6
34
30
34
76
88
52
32
34
52
54
34
35
52
30
92
90
92
18
95
53
93
52
80
52
378
0 99
0 13
13 99
63 99
0 63
0 42
42 99
0 35
35 99
73 99
0 73
39 73
73 99
0 39
18 99
0 18
0 50
50 99
0 71
71 99
50 32
0 50
32 99
13 74
50 13
0 50
74 99
0 27
27 99
13 74
74 2
50 13
0 50
2 99
17 99
0 17
0 46
46 99
88 32
27 88
0 27
32 99
22 17
0 22
17 99
77 2
0 77
2 99
27 4
0 27
4 99
46 86
0 46
86 99
0 43
43 99
88 32
27 88
32 59
59 99
0 27
27 11
0 27
11 99
98 99
0 98
31 59
27 88
88 31
59 99
0 27
78 99
43 78
0 43
50 37
37 99
0 50
62 78
46 86
78 99
86 62
0 46
43 68
78 99
68 78
0 43
11 5
27 11
5 78
78 99
0 27
86 67
46 86
67 99
0 46
23 99
0 23
6 99
0 6
6 99
57 6
0 57
45 99
0 45
45 99
17 45
33 17
0 33
78 99
3 78
0 3
81 17
45 99
17 45
0 81
16 74
6 99
74 6
0 16
13 74
38 86
86 13
6 99
74 6
0 38
28 74
6 99
3 28
74 6
0 3
3 84
6 99
84 6
0 3
45 99
3 54
54 45
0 3
78 99
0 20
20 78
3 69
69 99
0 3
6 99
54 55
55 6
3 54
0 3
29 17
45 99
33 29
17 45
0 33
48 84
6 99
84 6
0 48
2 74
19 2
6 99
74 6
0 19
61 59
31 81
59 31
20 61
81 17
45 99
17 45
0 20
48 84
84 51
6 99
55 6
51 55
0 48
45 99
33 40
40 45
0 33
45 99
56 45
0 56
92 99
56 92
0 56
45 99
66 17
17 45
0 66
20 21
6 99
55 6
21 55
0 20
66 58
0 66
58 99
21 94
20 21
6 99
55 6
94 55
0 20
6 99
20 83
83 6
0 20
85 81
81 17
45 99
17 45
0 85
45 99
0 10
10 45
66 75
75 92
92 99
0 66
61 96
20 61
45 99
96 45
0 20
20 91
92 99
91 92
0 20
49 78
78 99
0 49
20 25
25 16
6 99
16 55
55 6
0 20
6 99
34 6
0 34
8 83
6 99
0 8
83 6
0 90
90 99
51 34
6 99
34 6
0 12
12 51
97 40
12 97
45 99
0 12
40 45
0 90
64 99
90 64
15 16
12 15
6 99
16 55
55 6
0 12
24 88
32 34
88 32
6 99
34 6
0 24
54 34
46 54
6 99
76 46
0 76
34 6
6 99
0 76
7 6
76 7
6 99
82 6
0 82
76 41
41 74
6 99
0 76
74 6
70 92
92 99
0 70
76 41
41 14
0 76
14 92
92 99
15 16
12 15
16 36
0 12
36 99
76 41
74 60
60 34
41 74
6 99
0 76
34 6
90 68
68 26
60 34
26 60
6 99
34 6
0 90
89 45
45 99
12 89
0 12
12 15
44 99
0 12
15 44
76 93
93 55
6 99
55 6
0 76
6 99
0 30
30 34
34 6
34 52
0 30
30 34
52 99
0 76
95 99
76 95
32 34
72 88
88 32
34 52
0 72
52 99
54 34
34 52
0 80
80 54
52 99
30 35
35 65
65 52
0 30
52 99
90 9
9 92
0 90
92 99
0 53
53 92
92 99
18 95
79 18
0 79
95 99
0 53
53 93
93 1
1 52
52 99
80 87
87 52
0 80
52 99
