150
52
57
75
8
76
69
16
59
6
70
92
13
9
64
66
1
7
3
4
48
21
33
56
26
39
22
95
54
49
38
25
35
89
80
86
88
36
15
30
73
11
65
62
96
94
83
97
61
55
47
34
81
19
45
23
32
74
51
41
71
72
31
50
78
90
46
82
84
98
2
42
87
63
27
20
67
14
17
44
77
58
37
93
79
5
29
24
28
85
53
12
60
10
43
91
40
68
20
20
20
79
84
28
84
84
84
20
71
90
81
27
55
45
81
61
44
81
96
34
47
90
81
88
88
20
61
61
81
38
95
25
35
89
22
89
11
21
33
88
25
34
15
38
9
92
92
88
69
64
9
255
0 99
68 99
0 68
40 99
0 40
0 91
91 99
0 43
43 99
0 10
10 99
60 99
0 60
0 12
12 99
0 53
53 99
85 99
0 85
28 99
0 28
24 99
0 24
29 28
28 99
0 29
5 99
0 5
0 79
79 99
93 99
0 93
37 93
93 99
0 37
58 99
0 58
0 77
77 99
44 37
37 93
93 99
0 44
17 93
93 99
0 17
14 99
0 14
0 67
67 99
0 20
20 99
27 17
17 93
0 27
93 99
63 99
0 63
0 87
87 99
0 42
42 99
20 2
0 20
2 99
0 98
98 99
84 99
0 84
20 82
0 20
82 99
20 46
0 20
46 99
0 90
90 99
0 78
78 99
0 50
50 99
0 31
31 99
72 79
79 84
84 99
0 72
71 28
28 84
84 99
0 71
41 84
84 99
0 41
51 84
84 99
0 51
20 74
0 20
74 99
32 99
0 32
23 99
0 23
0 45
45 99
0 19
19 99
0 81
81 99
71 34
34 99
0 71
47 99
0 47
81 90
90 55
0 81
55 99
61 27
27 55
0 61
55 99
45 97
97 99
0 45
81 83
0 81
83 99
61 94
0 61
94 99
0 96
96 99
0 62
62 99
81 44
44 65
65 99
0 81
96 11
11 99
0 96
73 34
34 99
0 73
30 47
47 99
0 30
15 99
0 15
36 99
0 36
81 90
90 88
88 99
0 81
86 88
88 99
0 86
80 88
88 99
0 80
20 89
89 99
0 20
35 99
61 35
0 61
25 99
61 25
0 61
81 38
38 99
0 81
49 38
38 99
0 49
54 99
0 54
0 95
95 99
95 22
22 99
0 95
39 25
25 99
0 39
26 35
35 99
0 26
89 99
0 56
56 89
22 99
0 33
33 22
89 99
0 21
21 89
48 11
0 48
11 99
21 4
0 21
4 99
33 3
3 99
0 33
7 88
88 99
0 7
1 25
25 99
0 1
0 66
66 34
34 99
0 64
64 15
15 99
0 9
9 38
38 99
0 9
9 13
13 99
0 92
92 99
0 70
70 99
0 6
6 99
0 92
92 59
59 99
0 92
92 16
16 99
0 69
69 88
88 99
0 69
69 76
76 99
0 64
64 8
8 99
0 9
9 75
75 99
0 57
57 99
0 52
52 99
