257
64
20
13
35
94
90
25
39
36
34
26
12
51
46
70
75
1
85
48
15
72
69
23
29
33
88
9
49
44
79
92
21
71
61
55
59
98
87
37
41
97
63
89
91
11
19
47
27
65
14
68
45
32
73
43
7
57
56
52
28
62
17
77
93
18
24
76
4
10
50
96
40
81
8
5
82
22
42
53
86
38
6
74
83
54
78
31
60
58
67
80
95
30
84
3
16
66
50
86
10
10
50
53
76
24
10
16
30
77
10
53
10
38
28
10
76
10
77
76
77
86
4
24
67
74
68
54
93
56
56
10
45
38
68
80
27
68
45
24
32
68
68
16
27
19
7
68
80
42
45
24
66
68
27
19
68
45
68
58
27
11
67
68
45
41
19
84
68
30
16
27
63
27
58
45
84
22
27
30
16
63
27
3
45
45
16
27
30
16
27
37
43
49
27
43
49
77
16
49
45
24
33
23
45
27
16
23
50
72
45
49
48
27
42
27
16
75
33
27
1
49
27
63
1
48
27
16
48
27
1
61
48
27
1
16
75
76
27
16
49
48
27
1
34
75
48
27
11
25
68
36
49
90
1
25
11
27
406
0 99
0 66
66 99
0 16
16 99
3 99
0 3
0 84
84 99
30 99
0 30
0 95
95 99
80 3
0 80
3 99
67 3
3 99
0 67
80 58
0 80
58 99
0 60
60 99
0 31
31 99
0 78
78 99
54 99
0 54
80 83
0 80
83 99
78 74
0 78
74 99
78 6
0 78
6 99
38 99
0 38
0 86
86 99
53 38
95 53
0 86
86 95
38 99
78 74
74 67
67 42
42 99
0 78
78 74
74 22
22 99
0 78
2 38
82 2
38 99
0 82
5 83
83 22
22 99
0 5
8 83
31 8
83 22
86 31
0 86
22 99
81 38
0 81
38 99
81 40
40 99
0 81
96 81
86 96
81 40
0 86
40 99
50 99
0 50
50 10
10 99
0 50
38 10
4 81
86 4
81 38
10 99
0 86
50 10
10 99
76 50
0 76
24 99
0 24
53 38
38 10
76 18
18 53
10 99
0 76
93 10
24 93
10 99
0 24
77 99
0 77
16 77
30 16
17 30
77 99
0 17
77 99
62 77
0 62
53 38
28 53
38 10
10 99
0 28
52 53
53 38
24 52
38 10
10 99
0 24
56 10
28 56
10 99
0 28
57 50
50 10
76 57
10 99
0 76
7 99
0 7
43 77
77 99
0 43
76 73
73 77
77 99
0 76
4 32
86 4
32 99
0 86
24 45
45 99
0 24
74 67
67 45
45 99
68 74
0 68
54 93
56 45
10 56
93 10
14 54
45 99
68 14
0 68
56 45
10 56
38 10
45 99
65 38
0 65
27 99
0 27
27 99
80 27
68 47
47 80
0 68
68 19
24 45
45 99
19 24
0 68
68 11
11 32
32 99
0 68
27 99
16 27
68 91
91 16
0 68
68 19
27 99
7 89
19 7
80 27
89 80
0 68
63 42
24 45
42 24
45 99
0 63
27 99
97 66
68 97
66 27
0 68
68 19
19 41
45 99
41 45
0 68
68 37
27 99
37 58
58 27
0 68
87 67
11 87
68 11
67 45
45 99
0 68
68 19
98 84
27 99
19 41
84 27
41 98
0 68
27 99
16 27
59 30
30 16
0 59
55 58
63 55
27 99
58 27
0 63
61 45
45 99
0 61
71 22
27 99
84 27
22 84
0 71
21 30
63 21
27 99
16 27
30 16
0 63
92 3
45 99
3 45
0 92
79 45
45 99
0 79
44 16
27 99
16 27
0 44
27 99
16 27
30 16
49 30
0 49
68 37
49 43
27 99
37 9
43 68
9 27
0 49
88 77
49 43
27 99
16 27
77 16
43 88
0 49
2 33
49 2
33 99
0 49
29 99
0 29
23 24
24 45
45 99
0 23
23 69
69 33
33 99
0 23
72 45
45 99
0 72
15 99
0 15
48 16
23 50
27 99
16 27
50 48
0 23
72 85
85 45
45 99
0 72
48 16
1 49
42 48
27 99
0 1
16 27
63 42
49 63
27 99
16 27
0 75
75 16
33 70
27 99
0 75
70 27
75 33
63 46
1 49
27 99
0 1
46 16
16 27
49 63
51 99
0 51
48 16
27 99
0 1
16 27
12 48
1 12
48 16
1 26
42 48
27 99
0 1
61 42
16 27
26 61
48 16
34 48
27 99
0 1
16 27
1 34
75 76
0 75
76 36
36 99
27 99
16 27
0 39
39 16
0 25
25 99
48 16
49 90
1 49
27 99
0 1
16 27
90 48
48 16
34 48
94 34
75 94
27 99
16 27
0 75
68 35
0 25
11 68
35 99
25 11
49 90
1 49
90 13
13 36
0 1
36 99
0 20
20 99
64 27
0 25
27 99
11 64
25 11
