241
77
22
25
30
11
68
74
76
51
84
98
81
19
18
20
60
33
15
13
62
6
71
73
7
65
59
10
80
28
14
69
38
70
67
8
72
12
57
79
23
16
3
83
5
21
88
91
85
92
32
90
89
58
82
87
94
2
61
45
66
78
34
29
26
31
9
96
97
86
4
27
95
37
44
24
93
17
52
54
63
53
55
46
56
64
43
47
49
42
48
50
48
95
95
95
64
37
97
95
26
95
26
46
95
31
37
26
53
34
26
94
96
2
96
26
2
2
96
26
2
95
95
94
96
95
90
92
17
94
88
90
96
4
88
91
90
87
91
82
3
96
26
95
3
85
96
26
46
95
90
79
90
96
83
4
91
90
83
91
82
87
3
96
26
53
46
95
5
8
96
96
8
95
89
8
91
83
5
96
80
91
91
10
93
14
80
83
91
90
91
96
42
91
6
8
7
6
28
6
44
8
24
15
6
38
15
6
8
15
3
93
10
6
18
3
54
15
44
6
15
27
93
15
8
6
98
15
27
42
91
6
8
98
32
27
51
15
98
15
44
15
376
75 99
75 1
48 39
39 35
41 35
41 36
50 35
75 50
48 35
75 48
42 35
75 42
49 39
39 35
75 49
47 39
39 35
75 47
39 35
75 48
40 47
43 40
47 39
39 35
75 43
39 35
64 39
75 64
75 56
56 35
46 39
39 35
75 46
55 39
39 35
75 55
46 53
53 35
75 46
63 35
75 63
75 54
54 35
52 35
75 52
17 1
0 17
93 99
0 93
24 1
0 24
54 44
44 17
75 54
17 1
37 24
24 1
75 52
52 37
95 99
0 95
95 99
27 95
0 27
95 99
4 95
0 4
95 99
86 95
0 86
95 99
0 97
97 95
96 99
0 96
9 1
0 9
37 31
55 37
64 55
97 64
31 99
0 97
26 95
95 99
97 26
0 97
26 95
29 26
95 99
0 29
46 26
34 46
26 95
95 99
0 34
95 99
78 95
0 78
37 31
55 37
78 66
66 55
0 78
31 99
78 45
46 26
53 46
45 35
26 95
35 53
95 99
0 78
46 26
78 61
34 46
26 95
61 34
95 99
0 78
0 2
2 99
0 94
94 99
94 87
87 96
96 99
0 94
82 96
2 82
96 99
0 2
2 36
26 95
36 58
58 26
95 99
0 2
2 89
89 96
96 99
0 2
0 90
90 99
2 32
26 95
32 26
95 99
0 2
94 92
92 95
95 99
0 94
85 96
96 99
0 85
91 99
0 91
90 88
88 92
92 95
0 90
95 99
17 21
94 17
21 99
0 94
90 88
88 5
5 96
0 90
96 99
4 83
92 4
91 99
90 88
88 92
0 90
83 91
3 87
91 99
0 3
87 91
82 96
3 16
16 82
0 3
96 99
23 26
26 95
95 99
0 23
79 96
3 85
85 79
0 3
96 99
46 26
90 57
57 46
26 95
0 90
95 99
12 79
79 96
90 12
0 90
96 99
4 83
90 72
91 99
72 4
0 90
83 91
91 99
8 83
0 8
83 91
67 82
82 96
3 87
87 67
0 3
96 99
70 53
46 26
53 46
26 95
0 70
95 99
8 38
38 5
5 96
0 8
96 99
69 96
0 69
96 99
14 95
8 89
89 14
0 8
95 99
8 28
0 8
28 99
91 99
0 80
80 83
83 91
10 5
5 96
0 10
96 99
91 99
0 80
80 59
59 91
10 93
91 99
93 65
0 10
65 91
83 14
14 7
0 80
80 83
7 99
90 73
91 99
73 91
0 90
91 99
0 71
71 91
0 6
6 96
96 99
6 8
49 62
8 42
42 49
0 6
91 99
62 91
13 7
0 6
6 13
7 99
6 8
8 28
15 99
0 6
44 15
28 44
6 1
15 99
0 6
24 33
1 24
33 15
6 8
60 39
15 99
8 38
0 6
38 60
39 15
15 99
0 20
20 15
6 8
93 10
10 3
3 18
8 93
0 6
18 99
19 3
3 18
0 19
18 99
6 81
81 54
54 44
15 99
0 6
44 15
0 98
98 27
15 99
27 15
6 8
93 10
8 93
15 99
84 15
0 6
10 84
0 98
98 27
51 39
15 99
27 51
39 15
6 8
76 91
8 42
0 6
42 76
91 99
0 98
98 27
41 74
32 41
27 32
74 99
51 39
15 99
68 51
0 68
39 15
0 98
15 99
98 11
11 15
30 44
0 30
15 99
44 15
0 25
25 99
0 22
22 99
0 77
77 99
