216
70
69
17
63
87
55
18
11
29
28
79
54
51
32
65
24
30
62
44
61
72
58
39
81
42
83
45
6
49
82
10
46
21
4
56
85
23
34
73
35
12
43
76
27
78
71
14
38
80
64
75
88
74
5
41
19
8
68
7
3
67
86
26
22
9
89
53
52
37
15
20
57
13
66
2
31
77
50
36
48
25
1
84
60
60
1
36
1
22
86
16
7
48
16
59
16
22
15
5
16
19
16
19
53
80
19
38
75
53
36
74
64
37
71
64
71
76
64
53
36
64
77
16
36
53
41
37
27
36
34
76
84
64
71
64
34
73
76
16
64
34
36
64
5
16
64
34
41
9
76
73
76
16
64
85
64
25
34
76
64
6
34
76
64
41
34
34
76
66
64
25
76
64
34
76
64
83
73
16
34
44
34
12
50
76
64
44
34
12
44
60
72
83
16
44
61
72
83
16
83
16
29
16
54
11
28
79
15
82
11
29
28
55
15
87
79
367
0 90
16 90
25 47
0 59
60 90
47 60
84 33
0 84
16 60
60 90
1 90
84 1
0 84
0 25
25 90
47 84
1 90
84 1
0 25
25 48
48 90
0 25
0 36
36 90
36 50
50 90
0 36
0 77
77 90
31 1
1 90
0 31
36 16
0 36
0 2
2 90
16 90
66 16
0 66
16 90
13 16
0 13
33 48
57 33
48 90
0 57
16 90
36 20
20 16
0 36
59 15
0 59
15 90
36 37
16 90
37 16
0 36
59 52
0 59
52 90
16 90
53 16
0 53
59 89
0 59
89 90
16 90
9 16
59 9
0 59
15 22
59 15
0 59
22 90
26 2
2 9
59 26
16 90
9 16
0 59
86 33
33 22
59 86
0 59
22 90
59 67
67 90
0 59
1 22
3 1
0 3
22 90
59 7
0 59
7 90
86 33
33 68
59 86
16 90
68 16
0 59
59 7
48 8
7 48
8 90
0 59
16 90
19 16
0 19
41 9
59 41
16 90
9 16
0 59
15 22
5 15
0 5
22 90
74 90
0 74
16 90
0 5
88 16
5 88
16 90
0 75
75 19
19 16
0 64
64 90
36 53
80 19
53 80
0 64
16 90
64 36
19 16
36 53
80 19
53 80
19 38
0 64
64 36
38 90
14 38
75 14
0 75
38 90
36 53
0 64
64 36
53 71
71 90
78 74
0 64
64 78
74 90
37 27
36 37
33 71
27 33
0 64
64 36
71 90
64 76
0 64
76 90
64 76
0 64
76 43
43 71
71 90
0 64
64 12
12 90
36 53
53 35
0 64
64 36
35 90
36 53
77 73
53 77
0 64
73 16
16 90
64 36
41 40
37 27
36 37
27 41
40 34
0 64
34 90
64 36
64 76
76 47
84 23
47 84
0 64
34 90
23 34
0 64
64 85
85 71
71 90
56 33
33 34
34 90
0 56
64 76
76 47
4 73
0 64
73 16
47 4
16 90
36 21
21 33
0 64
33 34
34 90
64 36
46 16
0 64
64 5
16 90
5 46
9 41
64 76
41 40
40 34
0 64
10 9
76 10
34 90
64 76
76 82
0 64
73 16
16 90
82 73
85 49
0 64
64 85
49 90
64 76
47 25
76 47
6 34
0 64
25 6
34 90
64 76
76 45
6 34
0 64
45 6
34 90
41 40
40 34
0 83
83 41
34 90
64 76
42 34
66 42
0 64
76 66
34 90
64 76
47 25
76 47
0 64
81 90
25 81
40 34
0 39
39 40
34 90
76 58
64 76
0 64
58 90
83 72
72 73
0 83
73 16
16 90
61 90
0 61
0 44
34 90
44 34
0 44
12 62
62 40
40 34
44 12
34 90
50 30
64 76
0 64
76 50
30 90
0 44
24 34
12 24
44 12
34 90
0 44
60 65
65 90
44 60
72 32
83 72
32 16
0 83
16 90
0 44
51 61
44 51
61 90
83 72
72 54
54 90
0 83
0 79
79 16
16 90
28 90
0 83
83 28
29 16
0 29
16 90
29 16
0 11
11 29
16 90
11 18
0 11
54 90
18 54
0 79
55 28
15 55
28 90
79 15
0 11
29 82
11 29
87 90
82 87
0 63
55 28
15 55
63 15
28 90
0 79
17 87
87 90
79 17
0 69
69 90
70 90
0 70
