70
45
52
30
13
19
24
10
41
36
47
43
25
49
16
51
23
21
15
38
35
39
23
46
33
23
5
23
51
5
11
5
53
11
44
49
11
48
11
46
23
51
43
35
44
25
8
11
5
5
5
10
53
11
48
53
11
39
11
5
10
41
11
53
39
11
51
39
8
10
5
129
0 54
0 5
8 39
51 54
40 1
1 5
34 8
34 9
28 25
44 35
23 46
0 11
5 54
33 46
2 35
21 38
29 23
20 14
51 37
34 51
23 4
15 21
29 23
38 35
23 4
35 39
29 23
39 54
23 4
29 23
46 54
40 33
23 4
29 23
40 5
23 4
16 40
51 37
5 54
20 16
34 51
40 5
5 54
11 53
53 48
40 5
49 40
0 11
44 49
5 54
11 53
53 48
40 5
48 44
25 54
17 25
43 49
49 40
0 11
5 54
48 43
11 53
53 48
40 5
48 47
0 11
47 9
11 53
53 48
29 23
46 54
51 37
37 36
36 12
34 51
0 11
43 44
35 39
48 43
39 54
11 53
53 48
25 54
8 12
0 11
5 54
11 41
41 40
40 5
5 54
10 40
40 5
0 10
5 54
10 4
0 10
0 11
53 24
11 53
24 12
19 54
0 11
48 19
11 53
53 48
0 11
13 39
39 54
11 13
1 5
5 54
10 40
0 10
30 12
0 11
11 41
41 30
53 52
52 39
0 11
39 54
11 53
34 51
34 8
39 54
45 54
10 45
0 10
5 54
