254
50
96
56
42
79
58
37
95
12
87
6
49
55
68
38
29
1
67
51
78
41
54
30
71
7
57
62
80
25
66
23
28
72
40
33
36
97
92
45
61
94
10
44
34
2
85
5
35
93
46
84
13
63
69
91
65
15
53
82
14
43
47
74
70
76
52
75
3
48
90
24
4
17
98
77
20
59
32
22
86
89
21
27
16
88
9
18
11
19
26
83
8
81
60
39
73
31
24
77
4
90
90
24
32
24
75
24
24
3
90
3
90
75
19
70
43
14
3
90
89
75
75
76
32
75
76
31
14
52
75
75
89
31
14
76
9
93
8
86
85
2
86
77
85
85
17
5
10
9
85
2
8
45
43
70
45
43
20
46
89
85
75
85
22
33
13
85
28
91
33
83
61
5
28
33
33
33
48
28
33
85
2
33
80
28
33
48
57
3
33
9
25
10
33
28
7
34
80
46
89
33
91
28
33
80
28
91
33
28
71
91
4
71
4
1
71
92
38
1
71
4
1
71
28
4
28
7
33
78
28
33
49
13
22
18
55
4
1
71
71
33
1
4
71
41
95
33
71
28
33
97
54
80
42
394
0 99
31 99
0 31
0 73
73 99
0 39
39 99
60 99
0 60
0 81
81 99
0 8
8 99
83 99
0 83
0 26
26 99
26 19
0 26
19 99
0 11
11 99
81 18
0 81
18 99
9 99
0 9
81 88
0 81
88 99
81 16
0 81
16 99
81 16
16 27
0 81
27 99
21 99
0 21
89 99
0 89
0 86
86 99
81 22
86 81
0 86
22 99
86 8
8 32
0 86
32 99
0 59
59 99
20 59
0 20
59 99
22 18
81 22
18 77
86 81
77 99
0 86
98 77
86 8
8 98
77 99
0 86
98 77
17 8
8 98
77 99
0 17
98 77
4 8
8 98
77 99
0 4
24 77
77 99
0 24
24 77
77 90
90 99
0 24
4 48
48 90
90 99
0 4
3 90
24 3
90 99
0 24
24 32
32 75
75 99
0 24
24 77
77 52
52 75
75 99
0 24
24 76
76 99
0 24
70 20
20 9
3 90
9 3
90 99
0 70
74 9
3 90
9 3
90 99
0 74
19 39
47 19
39 75
75 99
0 47
70 43
43 99
0 70
0 14
14 99
82 43
14 82
0 14
43 99
53 3
3 90
90 99
0 53
89 75
15 89
14 15
75 99
0 14
65 75
75 99
0 65
91 76
76 99
0 91
69 32
32 75
75 99
0 69
63 76
31 63
14 31
76 99
0 14
14 13
13 99
0 14
84 52
52 75
75 99
0 84
31 46
46 89
14 31
89 75
75 99
0 14
0 93
93 99
35 76
0 35
76 99
9 5
8 86
93 8
86 9
5 99
0 93
85 99
0 85
2 99
0 2
34 85
85 99
0 34
86 2
44 86
2 99
0 44
10 77
85 99
77 85
0 10
94 64
64 85
85 99
0 94
61 9
17 61
9 5
10 17
5 99
0 10
85 99
0 45
45 85
45 43
8 92
92 2
43 8
0 45
2 99
45 43
70 20
43 70
20 97
97 99
0 45
36 99
0 36
46 89
0 33
89 85
85 99
33 46
40 75
0 40
75 99
72 85
85 99
0 72
13 22
33 28
0 33
22 85
85 99
28 13
23 83
33 28
0 33
91 23
28 91
83 85
85 99
61 9
66 61
33 28
9 5
0 33
28 66
5 99
0 33
33 25
25 99
0 33
48 80
80 99
33 48
33 28
62 85
0 33
85 99
28 62
57 2
0 33
33 57
2 99
7 45
33 28
0 33
48 80
45 48
28 7
80 99
57 9
0 33
9 3
3 71
71 99
33 57
10 25
0 33
30 10
33 30
25 99
54 80
33 28
7 34
0 33
28 7
34 54
80 99
89 41
46 89
0 33
41 99
33 46
33 28
0 33
91 78
28 91
78 99
51 80
80 99
0 51
33 28
91 67
0 33
28 91
67 99
4 1
33 28
1 71
0 33
71 99
28 91
91 4
29 71
71 99
0 29
4 1
92 8
8 4
38 92
1 71
0 33
33 38
71 99
4 1
68 4
1 71
0 33
38 68
33 38
71 99
4 1
33 28
55 4
1 71
0 33
71 99
28 55
33 28
7 49
0 33
28 7
49 99
33 28
6 78
0 33
28 6
78 99
18 49
13 22
22 18
87 13
0 87
49 99
4 1
12 55
55 4
1 71
71 99
0 12
0 33
33 95
71 99
95 71
4 1
37 4
1 71
71 99
0 37
58 41
0 33
95 58
33 95
41 99
0 79
71 99
79 71
33 28
42 99
0 33
28 42
56 97
0 56
97 99
54 80
96 54
0 96
80 99
0 50
42 99
50 42
