476
41
50
62
74
73
19
29
66
80
81
35
24
3
87
15
76
78
18
53
56
27
93
30
67
10
14
71
94
5
9
5
9
5
8
6
8
6
8
6
94
82
8
6
94
82
8
6
71
94
82
9
71
5
8
94
10
71
5
8
94
71
5
6
8
94
71
5
94
42
82
71
5
94
42
82
71
5
94
42
67
71
5
94
30
67
71
91
5
30
67
94
71
93
94
30
67
71
93
30
67
71
5
30
67
71
5
42
30
67
71
25
27
30
67
71
56
27
30
48
67
27
30
48
67
53
25
27
30
48
21
53
25
27
30
53
25
27
30
18
53
25
27
30
18
53
25
27
78
67
18
53
25
67
18
53
25
76
67
18
53
10
76
67
18
53
25
76
67
18
53
25
76
67
18
9
53
76
67
18
53
25
18
76
67
53
15
5
18
76
67
15
5
18
76
67
15
5
18
76
67
15
5
18
76
67
10
5
18
76
67
15
6
18
76
67
15
6
18
76
67
14
15
6
18
76
14
15
6
18
76
14
15
6
18
87
14
15
6
18
5
87
14
15
3
5
87
14
15
14
3
5
87
10
14
3
5
87
10
14
3
5
87
24
14
3
5
35
24
14
3
5
35
24
14
3
18
35
32
14
3
5
35
25
14
3
5
32
35
25
14
3
30
35
25
14
3
30
35
25
14
3
30
35
87
25
14
30
35
87
25
14
30
35
87
25
14
30
35
87
24
14
30
35
87
24
14
30
35
87
24
14
30
35
87
24
14
30
35
87
24
30
35
87
24
80
60
30
35
87
80
30
35
87
66
80
30
35
87
66
60
80
30
35
66
60
80
5
30
66
60
80
5
30
66
60
80
5
30
66
60
80
5
30
66
60
80
5
30
30
66
60
80
30
66
60
80
19
30
66
60
80
19
30
66
60
80
19
30
66
60
19
30
66
60
80
19
30
66
60
80
30
66
60
80
5
19
30
66
60
80
19
30
66
60
80
19
30
66
60
80
19
30
66
60
80
19
30
66
60
80
19
30
66
60
80
19
30
66
60
80
19
30
80
66
66
74
19
30
56
62
66
74
50
56
62
66
3043
58 59
83 86
39 40
86 88
93 96
52 53
11 12
16 21
15 13
72 75
92 90
45 46
26 28
55 56
8 11
8 9
5 8
60 59
61 59
60 58
75 77
84 85
0 1
22 23
22 21
47 48
87 92
43 45
28 30
32 30
25 26
28 32
13 18
20 25
36 37
11 14
44 45
2 1
7 8
12 14
82 83
4 6
10 11
38 40
40 42
38 39
4 5
12 13
7 9
26 31
5 6
10 9
67 68
69 70
20 21
23 25
51 52
90 96
93 95
94 95
90 91
64 65
13 16
7 6
42 43
77 82
95 96
6 8
17 16
9 11
5 7
43 46
83 85
65 69
36 39
52 55
28 33
85 89
58 63
43 46
1 5
83 85
65 69
36 39
52 55
28 33
85 89
58 63
43 46
1 5
83 85
65 69
36 39
52 55
28 33
85 89
5 9
58 63
9 11
43 46
1 5
83 85
65 69
36 39
52 55
28 33
85 89
5 9
58 63
43 46
83 85
65 69
36 39
8 12
52 55
28 33
85 89
58 63
1 6
6 8
43 46
83 85
65 69
36 39
8 12
52 55
28 33
85 89
58 63
1 6
6 8
43 46
94 96
83 85
65 69
36 39
8 12
52 55
28 33
85 89
90 94
58 63
1 6
6 8
43 46
94 96
65 69
36 39
8 12
52 55
28 33
85 89
82 85
90 94
58 63
1 6
77 82
6 8
43 46
94 96
69 71
65 69
36 39
8 12
52 55
28 33
85 89
82 85
90 94
71 75
58 63
1 6
13 14
14 16
9 11
77 82
43 46
94 96
1 5
69 71
65 69
36 39
52 55
28 33
85 89
82 85
5 9
90 94
71 75
58 63
77 82
43 46
10 8
5 10
94 96
1 5
69 71
65 69
36 39
8 12
52 55
28 33
85 89
82 85
90 94
71 75
58 63
77 82
43 46
39 42
10 8
5 10
94 96
1 5
69 71
65 69
36 39
8 12
52 55
28 33
85 89
82 85
90 94
71 75
58 63
42 43
5 7
77 82
6 8
43 46
39 42
94 96
1 5
69 71
65 69
36 39
8 12
52 55
28 33
85 89
82 85
90 94
71 75
58 63
42 43
9 11
77 82
43 46
39 42
94 96
1 5
69 71
65 69
36 39
52 55
28 33
85 89
82 85
5 9
90 94
71 75
58 63
13 16
42 43
9 11
77 82
43 46
39 42
94 96
1 5
69 71
65 69
36 39
52 55
28 33
85 89
82 85
5 9
90 94
71 75
13 16
42 43
9 11
77 82
43 46
39 42
94 96
64 67
1 5
36 39
52 55
28 33
67 71
85 89
82 85
5 9
90 94
71 75
13 16
42 43
9 11
77 82
43 46
30 36
39 42
94 96
64 67
1 5
36 39
52 55
67 71
85 89
26 30
82 85
5 9
90 94
71 75
92 94
13 16
42 43
9 11
77 82
43 46
30 36
39 42
94 96
64 67
1 5
36 39
52 55
67 71
85 89
26 30
82 85
5 9
71 75
13 16
42 43
93 94
9 11
90 93
77 82
43 46
30 36
39 42
94 96
64 67
1 5
36 39
52 55
67 71
85 89
26 30
82 85
5 9
71 75
95 96
13 16
42 43
93 94
9 11
90 93
77 82
43 46
30 36
39 42
64 67
1 5
36 39
52 55
67 71
85 89
26 30
82 85
5 9
71 75
95 96
13 16
42 43
9 11
90 93
77 82
43 46
30 36
39 42
64 67
1 5
36 39
52 55
67 71
85 89
26 30
82 85
5 9
71 75
13 16
42 43
9 11
77 82
43 46
30 36
39 42
64 67
1 5
36 39
52 55
67 71
85 89
26 30
82 85
5 9
71 75
25 27
90 96
13 16
42 43
27 26
9 11
77 82
43 46
30 36
39 42
64 67
1 5
22 25
36 39
52 55
67 71
85 89
26 30
82 85
5 9
71 75
25 27
90 96
13 16
42 43
27 26
9 11
77 82
43 46
30 36
39 42
64 67
52 56
1 5
22 25
36 39
67 71
85 89
26 30
82 85
56 59
5 9
71 75
25 27
90 96
48 51
13 16
42 43
27 26
9 11
77 82
43 46
30 36
39 42
64 67
52 56
1 5
22 25
46 48
36 39
67 71
85 89
26 30
82 85
56 59
5 9
71 75
25 27
90 96
48 51
13 16
42 43
27 26
9 11
77 82
51 53
43 46
30 36
39 42
53 58
64 67
1 5
22 25
46 48
36 39
67 71
85 89
26 30
82 85
5 9
71 75
25 27
90 96
48 51
13 16
42 43
27 26
9 11
77 82
51 53
43 46
30 36
39 42
53 58
64 67
1 5
46 48
36 39
67 71
85 89
26 30
82 85
5 9
71 75
23 25
25 27
90 96
48 51
13 16
42 43
27 26
21 23
9 11
77 82
51 53
43 46
30 36
39 42
53 58
64 67
1 5
46 48
36 39
67 71
85 89
26 30
82 85
5 9
71 75
18 22
25 27
90 96
48 51
13 16
42 43
27 26
9 11
77 82
16 18
51 53
43 46
30 36
39 42
53 58
64 67
1 5
22 25
46 48
36 39
67 71
85 89
26 30
82 85
5 9
71 75
64 65
18 22
25 27
90 96
48 51
13 16
42 43
27 26
9 11
77 82
16 18
51 53
43 46
30 36
39 42
53 58
1 5
22 25
46 48
65 69
36 39
85 89
26 30
82 85
5 9
69 70
78 77
64 65
18 22
25 27
90 96
48 51
13 16
42 43
75 78
27 26
9 11
77 82
16 18
51 53
43 46
30 36
39 42
53 58
1 5
22 25
46 48
65 69
36 39
85 89
26 30
82 85
5 9
69 70
78 77
18 22
25 27
90 96
48 51
13 16
42 43
75 78
27 26
9 11
77 82
16 18
51 53
43 46
30 36
39 42
53 58
64 67
1 5
22 25
46 48
36 39
85 89
26 30
82 85
5 9
18 22
25 27
90 96
76 77
48 51
13 16
42 43
27 26
9 11
77 82
16 18
51 53
43 46
30 36
39 42
53 58
64 67
1 5
22 25
46 48
36 39
67 71
85 89
26 30
82 85
5 9
71 76
18 22
25 27
90 96
76 77
48 51
13 16
42 43
27 26
9 11
77 82
16 18
51 53
43 46
30 36
39 42
53 58
5 10
64 67
1 5
22 25
46 48
36 39
67 71
85 89
26 30
82 85
71 76
18 22
25 27
90 96
76 77
48 51
42 43
27 26
77 82
6 8
16 18
51 53
43 46
30 36
39 42
53 58
64 67
1 5
22 25
46 48
36 39
8 12
67 71
85 89
26 30
82 85
71 76
5 6
18 22
25 27
90 96
76 77
48 51
31 30
42 43
27 26
77 82
6 8
16 18
51 53
43 46
30 36
39 42
53 58
64 67
1 5
22 25
46 48
36 39
8 12
67 71
85 89
82 85
71 76
26 31
18 22
25 27
90 96
76 77
48 51
13 16
31 30
42 43
27 26
9 11
5 7
77 82
16 18
51 53
43 46
30 36
39 42
53 58
64 67
1 5
22 25
46 48
36 39
67 71
85 89
82 85
71 76
26 31
5 6
18 22
25 27
90 96
76 77
48 51
13 16
31 30
42 43
27 26
77 82
6 8
16 18
51 53
43 46
30 36
39 42
53 58
64 67
1 5
22 25
46 48
36 39
8 12
67 71
85 89
82 85
71 76
26 31
15 17
5 6
17 18
18 22
25 27
90 96
76 77
48 51
31 30
42 43
27 26
12 15
77 82
6 8
51 53
43 46
30 36
39 42
53 58
64 67
1 5
22 25
46 48
36 39
8 12
67 71
85 89
82 85
71 76
26 31
15 17
5 6
17 18
18 22
25 27
90 96
76 77
48 51
31 30
42 43
27 26
12 15
77 82
6 8
51 53
43 46
30 36
39 42
53 58
64 67
22 25
46 48
36 39
8 12
67 71
85 89
82 85
71 76
4 5
26 31
15 17
5 6
17 18
18 22
25 27
90 96
76 77
48 51
31 30
42 43
27 26
12 15
36 38
77 82
6 8
51 53
43 46
30 36
39 42
53 58
64 67
22 25
46 48
8 12
67 71
85 89
82 85
71 76
4 5
26 31
15 17
5 6
17 18
18 22
25 27
90 96
76 77
48 51
31 30
42 43
27 26
12 15
77 82
6 8
51 53
43 46
30 36
53 58
64 67
22 25
46 48
8 12
67 71
85 89
82 85
71 76
40 42
4 5
26 31
15 17
5 6
17 18
18 22
25 27
90 96
76 77
48 51
31 30
42 43
27 26
12 15
36 38
77 82
6 8
51 53
43 46
30 36
53 58
64 67
22 25
46 48
8 12
67 71
85 89
82 85
71 76
38 40
40 42
4 5
26 31
18 22
25 27
90 96
76 77
48 51
13 16
31 30
42 43
27 26
36 38
77 82
16 18
51 53
43 46
30 36
53 58
5 10
64 67
22 25
46 48
67 71
85 89
82 85
71 76
38 40
40 42
26 31
15 17
17 18
18 22
25 27
90 96
76 77
48 51
31 30
42 43
27 26
12 15
36 38
77 82
6 8
51 53
43 46
30 36
53 58
64 67
22 25
46 48
8 12
67 71
85 89
82 85
71 76
4 6
38 40
40 42
26 31
15 17
17 18
18 22
25 27
90 96
76 77
48 51
31 30
42 43
27 26
12 15
36 38
77 82
6 8
51 53
43 46
30 36
53 58
64 67
83 85
22 25
46 48
8 12
67 71
85 89
71 76
82 83
4 6
38 40
40 42
26 31
15 17
14 15
17 18
18 22
25 27
90 96
76 77
48 51
31 30
42 43
27 26
36 38
77 82
6 8
51 53
43 46
30 36
53 58
64 67
83 85
22 25
46 48
8 12
67 71
85 89
71 76
12 14
82 83
4 6
38 40
40 42
26 31
15 17
14 15
17 18
18 22
6 7
25 27
90 96
76 77
48 51
31 30
42 43
27 26
36 38
77 82
51 53
43 46
30 36
53 58
64 67
83 85
22 25
46 48
8 12
67 71
85 89
71 76
7 8
12 14
82 83
4 6
38 40
40 42
26 31
15 17
14 15
17 18
18 22
87 90
6 7
25 27
90 96
76 77
48 51
31 30
42 43
86 87
27 26
36 38
77 82
51 53
43 46
30 36
53 58
64 67
83 85
22 25
46 48
8 12
67 71
71 76
7 8
12 14
82 83
4 6
38 40
40 42
26 31
15 17
14 15
17 18
18 22
87 90
6 7
25 27
90 96
76 77
48 51
31 30
42 43
86 87
27 26
36 38
77 82
51 53
43 46
30 36
53 58
64 67
83 85
22 25
46 48
8 12
67 71
71 76
7 8
12 14
82 83
2 3
38 40
40 42
26 31
15 17
14 15
17 18
18 22
87 90
3 5
25 27
90 96
76 77
48 51
31 30
42 43
86 87
27 26
5 7
36 38
77 82
51 53
43 46
30 36
53 58
64 67
83 85
22 25
46 48
8 12
67 71
71 76
7 8
12 14
43 44
82 83
2 3
38 40
40 42
26 31
15 17
14 15
17 18
18 22
87 90
3 5
25 27
90 96
76 77
48 51
31 30
42 43
86 87
27 26
5 7
36 38
77 82
51 53
30 36
53 58
64 67
83 85
22 25
8 12
45 48
67 71
71 76
10 11
44 45
43 44
82 83
2 3
38 40
40 42
26 31
15 17
14 15
17 18
18 22
87 90
3 5
25 27
90 96
76 77
48 51
31 30
42 43
86 87
27 26
36 38
77 82
51 53
30 36
53 58
5 10
64 67
83 85
22 25
45 48
67 71
71 76
11 14
10 11
44 45
43 44
82 83
2 3
38 40
40 42
26 31
15 17
14 15
17 18
18 22
87 90
3 5
25 27
90 96
76 77
48 51
31 30
42 43
86 87
27 26
77 82
51 53
30 36
53 58
5 10
64 67
83 85
22 25
45 48
67 71
71 76
36 37
11 14
10 11
44 45
43 44
82 83
2 3
38 40
40 42
26 31
24 26
14 15
87 90
3 5
90 96
76 77
48 51
31 30
42 43
86 87
77 82
51 53
30 36
53 58
20 24
5 10
64 67
83 85
15 20
45 48
67 71
71 76
11 14
10 11
44 45
43 44
82 83
2 3
38 40
40 42
35 38
26 31
24 26
14 15
30 35
87 90
3 5
90 96
76 77
48 51
31 30
42 43
86 87
77 82
51 53
53 58
20 24
5 10
64 67
83 85
15 20
45 48
67 71
71 76
11 14
10 11
44 45
43 44
82 83
2 3
38 40
40 42
35 38
26 31
24 26
14 15
30 35
87 90
25 24
3 5
90 96
76 77
48 51
31 30
42 43
86 87
77 82
51 53
53 58
5 10
64 67
83 85
15 20
45 48
67 71
71 76
11 14
10 11
44 45
12 13
14 12
43 44
82 83
2 3
38 40
40 42
35 38
26 31
24 26
18 22
30 35
87 90
3 5
90 96
76 77
48 51
31 30
42 43
86 87
77 82
51 53
53 58
5 10
64 67
22 24
83 85
45 48
67 71
71 76
27 28
20 25
11 14
10 11
44 45
43 44
82 83
2 3
38 40
40 42
35 38
14 15
32 34
87 90
3 5
25 27
90 96
76 77
48 51
34 35
42 43
86 87
77 82
51 53
53 58
5 10
64 67
83 85
15 20
45 48
67 71
71 76
20 25
11 14
10 11
44 45
43 44
82 83
2 3
38 40
40 42
35 38
26 31
14 15
30 35
87 90
3 5
90 96
76 77
48 51
31 30
42 43
86 87
77 82
51 53
53 58
5 10
64 67
83 85
15 20
45 48
67 71
71 76
28 32
27 28
20 25
11 14
10 11
44 45
43 44
82 83
2 3
38 40
40 42
35 38
14 15
30 35
87 90
3 5
25 27
90 96
76 77
48 51
42 43
86 87
77 82
51 53
53 58
5 10
64 67
83 85
15 20
45 48
67 71
71 76
27 28
20 25
11 14
10 11
44 45
43 44
82 83
2 3
38 40
40 42
35 38
14 15
30 35
87 90
3 5
25 27
90 96
76 77
48 51
42 43
86 87
77 82
51 53
53 58
5 10
64 67
83 85
15 20
45 48
67 71
71 76
28 30
27 28
20 25
11 14
10 11
82 83
2 3
38 40
40 42
35 38
14 15
30 35
87 90
3 5
25 27
90 96
76 77
48 51
42 43
86 87
77 82
51 53
53 58
5 10
64 67
83 85
15 20
45 48
67 71
71 76
43 45
92 93
28 30
27 28
20 25
11 14
10 11
93 95
82 83
2 3
38 40
40 42
35 38
14 15
30 35
95 96
3 5
25 27
76 77
48 51
42 43
86 87
77 82
51 53
53 58
5 10
64 67
83 85
15 20
45 48
67 71
71 76
87 92
43 45
92 93
28 30
27 28
20 25
11 14
10 11
93 95
82 83
2 3
38 40
40 42
35 38
45 47
14 15
30 35
95 96
3 5
25 27
76 77
48 51
42 43
86 87
77 82
51 53
53 58
5 10
64 67
83 85
15 20
67 71
71 76
47 48
87 92
43 45
92 93
28 30
21 20
27 28
13 18
20 25
11 14
10 11
12 13
93 95
14 12
82 83
2 3
38 40
40 42
35 38
45 47
18 22
30 35
95 96
3 5
25 27
76 77
48 51
42 43
86 87
77 82
51 53
53 58
5 10
64 67
83 85
67 71
71 76
47 48
87 92
43 45
92 93
28 30
13 18
11 14
10 11
12 13
93 95
14 12
82 83
2 3
38 40
40 42
35 38
23 24
45 47
18 22
30 35
95 96
3 5
24 28
76 77
48 51
42 43
86 87
77 82
51 53
53 58
5 10
64 67
83 85
67 71
71 76
22 23
47 48
87 92
43 45
92 93
28 30
13 18
11 14
10 11
12 13
1 3
93 95
14 12
82 83
38 40
40 42
35 38
23 24
45 47
18 22
30 35
95 96
3 5
24 28
76 77
48 51
42 43
86 87
77 82
51 53
53 58
5 10
64 67
83 85
67 71
71 76
0 1
22 23
47 48
87 92
43 45
92 93
28 30
13 18
11 14
10 11
12 13
1 3
93 95
14 12
82 83
38 40
40 42
35 38
23 24
45 47
18 22
30 35
95 96
3 5
24 28
76 77
48 51
42 43
86 87
77 82
51 53
53 58
5 10
64 67
67 71
71 76
84 85
0 1
22 23
47 48
87 92
43 45
92 93
28 30
13 18
67 68
11 14
10 11
12 13
1 3
93 95
14 12
82 83
38 40
40 42
35 38
69 70
23 24
45 47
18 22
30 35
95 96
3 5
24 28
48 51
42 43
86 87
77 82
51 53
53 58
5 10
64 67
75 77
0 1
22 23
47 48
87 92
43 45
92 93
28 30
13 18
67 68
11 14
10 11
12 13
1 3
93 95
14 12
38 40
40 42
35 38
69 70
23 24
45 47
81 85
18 22
30 35
95 96
3 5
24 28
48 51
42 43
86 87
77 81
51 53
53 58
5 10
64 67
84 85
0 1
22 23
47 48
87 92
43 45
92 93
28 30
13 18
11 14
80 84
10 11
12 13
1 3
93 95
14 12
38 40
40 42
35 38
23 24
45 47
18 22
30 35
95 96
3 5
24 28
48 51
76 80
42 43
86 87
51 53
53 58
5 10
64 67
67 71
71 76
84 85
0 1
22 23
47 48
87 92
43 45
92 93
28 30
13 18
11 14
80 84
10 11
51 52
12 13
1 3
93 95
14 12
38 40
40 42
35 38
56 60
23 24
45 47
18 22
30 35
95 96
3 5
24 28
48 51
76 80
42 43
86 87
5 10
64 67
52 56
67 71
71 76
84 85
0 1
22 23
47 48
87 92
43 45
92 93
28 30
13 18
11 14
80 84
10 11
51 52
12 13
1 3
93 95
14 12
38 40
40 42
35 38
63 66
23 24
45 47
18 22
30 35
95 96
3 5
24 28
48 51
76 80
42 43
86 87
66 71
5 10
52 56
56 59
71 76
84 85
0 1
22 23
47 48
87 92
43 45
92 93
28 30
13 18
11 14
80 84
10 11
51 52
12 13
1 3
93 95
14 12
38 40
40 42
35 38
63 66
23 24
45 47
18 22
56 61
30 35
95 96
3 5
24 28
48 51
76 80
42 43
86 87
66 71
5 10
52 56
71 76
84 85
0 1
22 23
47 48
87 92
43 45
92 93
28 30
13 18
11 14
80 84
10 11
51 52
12 13
1 3
93 95
14 12
38 40
40 42
35 38
56 60
63 66
23 24
45 47
18 22
30 35
95 96
3 5
24 28
48 51
76 80
42 43
86 87
66 71
5 10
52 56
71 76
60 59
84 85
0 1
22 23
47 48
87 92
43 45
92 93
28 30
13 18
11 14
80 84
10 11
51 52
12 13
1 3
93 95
8 7
14 12
38 40
40 42
35 38
56 60
63 66
23 24
45 47
18 22
30 35
95 96
3 5
7 10
24 28
48 51
76 80
42 43
86 87
66 71
52 56
71 76
5 8
60 59
84 85
0 1
22 23
47 48
87 92
43 45
92 93
28 30
13 18
11 14
80 84
10 11
51 52
9 10
12 13
1 3
93 95
14 12
38 40
40 42
35 38
56 60
63 66
23 24
45 47
18 22
30 35
95 96
3 5
24 28
48 51
76 80
42 43
86 87
66 71
52 56
71 76
5 8
60 59
84 85
0 1
22 23
47 48
87 92
43 45
92 93
28 30
13 18
11 14
80 84
51 52
12 13
1 3
93 95
14 12
38 40
40 42
35 38
56 60
63 66
23 24
45 47
18 22
30 35
95 96
3 5
24 28
48 51
76 80
42 43
86 87
66 71
52 56
71 76
8 11
5 8
60 59
84 85
0 1
22 23
47 48
87 92
43 45
92 93
28 30
13 18
11 14
80 84
12 13
1 3
93 95
14 12
38 40
40 42
35 38
56 60
63 66
53 55
23 24
45 47
18 22
30 35
95 96
3 5
24 28
48 51
76 80
42 43
86 87
51 53
66 71
71 76
55 56
8 11
5 8
60 59
25 26
84 85
22 21
0 1
47 48
87 92
43 45
92 93
28 30
21 20
13 18
20 25
11 14
80 84
12 13
1 3
93 95
14 12
38 40
40 42
35 38
56 60
63 66
53 55
45 47
18 22
30 35
95 96
3 5
48 51
76 80
42 43
86 87
51 53
66 71
71 76
23 29
55 56
8 11
5 8
60 59
84 85
0 1
22 23
47 48
87 92
29 27
43 45
92 93
28 30
27 28
13 18
11 14
80 84
12 13
1 3
93 95
14 12
38 40
40 42
35 38
56 60
63 66
53 55
45 47
18 22
30 35
95 96
3 5
48 51
76 80
42 43
86 87
51 53
66 71
71 76
26 28
55 56
8 11
5 8
60 59
25 26
84 85
0 1
47 48
87 92
18 19
43 45
92 93
28 30
13 18
20 25
19 20
11 14
80 84
12 13
1 3
93 95
14 12
38 40
40 42
35 38
56 60
63 66
53 55
45 47
30 35
95 96
3 5
48 51
76 80
42 43
86 87
51 53
66 71
71 76
26 28
55 56
8 11
5 8
60 59
25 26
84 85
0 1
47 48
87 92
18 19
43 45
92 93
28 30
13 18
20 25
19 20
11 14
80 84
12 13
1 3
93 95
14 12
38 40
40 42
35 38
56 60
63 66
53 55
30 35
95 96
3 5
48 51
76 80
42 43
86 87
51 53
66 71
71 76
45 46
26 28
55 56
8 11
5 8
60 59
25 26
84 85
0 1
47 48
87 92
18 19
43 45
28 30
13 18
20 25
19 20
11 14
80 84
12 13
1 3
14 12
38 40
40 42
35 38
56 60
63 66
53 55
30 35
3 5
90 96
48 51
76 80
42 43
86 87
51 53
66 71
71 76
92 90
45 46
26 28
55 56
8 11
5 8
60 59
25 26
84 85
0 1
47 48
87 92
18 19
43 45
28 30
13 18
20 25
19 20
11 14
80 84
12 13
1 3
14 12
38 40
40 42
72 73
35 38
56 60
63 66
53 55
78 80
30 35
3 5
90 96
48 51
42 43
73 78
86 87
51 53
66 72
92 90
45 46
26 28
55 56
8 11
5 8
60 59
25 26
75 77
84 85
0 1
47 48
87 92
18 19
43 45
28 30
13 18
20 25
19 20
11 14
80 84
12 13
1 3
14 12
38 40
40 42
35 38
56 60
63 66
77 78
53 55
78 80
30 35
3 5
90 96
48 51
42 43
86 87
51 53
66 72
72 75
92 90
45 46
26 28
55 56
8 11
5 8
60 59
25 26
75 77
84 85
0 1
47 48
87 92
18 19
43 45
28 30
13 18
20 25
19 20
11 14
80 84
1 3
38 40
40 42
35 38
56 60
63 66
77 78
53 55
78 80
14 15
30 35
3 5
90 96
48 51
42 43
86 87
51 53
66 72
72 75
92 90
45 46
26 28
55 56
8 11
5 8
60 59
25 26
75 77
84 85
0 1
47 48
87 92
43 45
28 30
21 20
20 25
11 14
80 84
1 3
38 40
40 42
35 38
56 60
63 66
77 78
53 55
78 80
30 35
3 5
90 96
48 51
42 43
86 87
14 16
51 53
66 72
72 75
92 90
45 46
26 28
55 56
8 11
5 8
60 59
25 26
75 77
84 85
0 1
47 48
87 92
18 19
43 45
28 30
13 18
20 25
19 20
80 84
12 13
1 3
38 40
40 42
35 38
56 60
63 66
77 78
53 55
78 80
30 35
3 5
90 96
48 51
42 43
86 87
51 53
66 72
11 12
72 75
92 90
45 46
26 28
55 56
8 11
5 8
60 59
25 26
75 77
84 85
0 1
47 48
87 92
18 19
43 45
28 30
13 18
20 25
19 20
80 84
51 52
12 13
1 3
38 40
40 42
35 38
56 60
63 66
77 78
53 55
78 80
30 35
3 5
90 96
48 51
42 43
86 87
66 72
52 53
11 12
72 75
45 46
26 28
55 56
8 11
5 8
60 59
25 26
75 77
84 85
0 1
47 48
87 92
18 19
43 45
92 93
28 30
13 18
20 25
19 20
80 84
51 52
12 13
1 3
38 40
40 42
35 38
56 60
63 66
77 78
53 55
78 80
30 35
3 5
48 51
42 43
86 87
66 72
93 96
52 53
11 12
72 75
90 92
45 46
26 28
55 56
8 11
5 8
60 59
25 26
75 77
84 85
0 1
47 48
18 19
43 45
92 93
28 30
13 18
20 25
19 20
80 84
51 52
12 13
1 3
38 40
40 42
35 38
56 60
63 66
77 78
53 55
78 80
30 35
3 5
48 51
42 43
66 72
86 88
93 96
52 53
11 12
72 75
90 92
45 46
26 28
55 56
8 11
5 8
60 59
25 26
75 77
84 85
38 39
0 1
47 48
18 19
43 45
92 93
28 30
13 18
20 25
19 20
80 84
51 52
12 13
1 3
40 42
35 38
56 60
63 66
77 78
53 55
78 80
30 35
3 5
48 51
42 43
66 72
39 40
86 88
93 96
52 53
11 12
72 75
90 92
45 46
26 28
55 56
8 11
5 8
60 59
25 26
75 77
38 39
0 1
47 48
18 19
43 45
92 93
28 30
13 18
20 25
19 20
51 52
12 13
1 3
80 83
40 42
35 38
56 60
63 66
77 78
53 55
78 80
30 35
3 5
48 51
42 43
66 72
83 86
39 40
86 88
60 58
93 96
52 53
11 12
72 75
90 92
45 46
26 28
55 56
8 11
5 8
25 26
75 77
38 39
0 1
47 48
18 19
43 45
92 93
28 30
13 18
20 25
19 20
51 52
12 13
1 3
80 83
40 42
35 38
56 60
63 66
77 78
53 55
78 80
30 35
3 5
48 51
42 43
66 72
58 59
83 86
39 40
86 88
60 58
93 96
52 53
11 12
72 75
90 92
45 46
26 28
55 56
75 74
8 11
5 8
25 26
74 79
38 39
0 1
47 48
18 19
43 45
92 93
28 30
13 18
20 25
19 20
51 52
12 13
1 3
80 83
40 42
35 38
56 60
63 66
53 55
30 35
3 5
79 80
48 51
42 43
66 72
58 59
83 86
39 40
86 88
60 58
93 96
52 53
59 61
11 12
72 75
90 92
45 46
26 28
55 56
75 74
8 11
5 8
25 26
74 79
62 63
38 39
0 1
47 48
18 19
43 45
92 93
28 30
13 18
20 25
19 20
51 52
12 13
1 3
80 83
40 42
35 38
56 60
63 66
53 55
30 35
61 62
3 5
79 80
48 51
42 43
66 72
58 59
83 86
39 40
86 88
60 58
49 50
93 96
59 61
11 12
72 75
90 92
45 46
26 28
75 74
8 11
5 8
25 26
74 79
62 63
38 39
0 1
47 48
18 19
43 45
92 93
28 30
13 18
20 25
19 20
12 13
1 3
80 83
40 42
35 38
56 60
63 66
48 49
30 35
61 62
3 5
79 80
42 43
50 56
66 72
58 59
83 86
39 40
86 88
60 58
49 50
93 96
59 61
11 12
72 75
90 92
42 41
45 46
26 28
75 74
8 11
5 8
25 26
74 79
62 63
41 44
38 39
0 1
47 48
18 19
92 93
28 30
13 18
20 25
19 20
44 45
12 13
1 3
80 83
40 42
35 38
56 60
63 66
48 49
30 35
61 62
3 5
79 80
50 56
66 72
