156
89
38
66
64
85
51
73
62
72
36
29
18
12
88
25
11
7
96
43
82
58
8
56
50
33
24
44
24
77
16
60
15
63
40
95
49
16
60
34
83
70
98
34
5
9
49
56
15
63
40
8
95
70
4
27
33
98
49
34
8
41
57
43
82
8
58
92
16
60
11
27
92
78
80
44
11
92
11
57
96
41
8
57
77
96
4
82
5
9
92
56
63
11
15
95
8
78
4
80
8
11
92
56
9
63
15
56
34
5
98
9
98
5
9
92
36
7
98
61
9
92
5
41
9
96
92
25
41
57
96
56
63
40
15
28
25
21
96
32
86
36
45
10
73
15
73
64
35
15
62
35
70
64
44
37
38
251
81 26
0 93
44 99
53 35
35 99
17 46
30 15
42 36
10 40
87 93
5 41
26 99
7 61
34 56
75 23
95 78
77 57
44 23
20 27
68 82
74 70
98 34
47 83
71 39
71 95
13 37
16 60
77 24
44 37
22 53
33 50
49 33
50 24
24 37
20 44
24 37
4 77
49 16
60 23
56 15
63 56
15 99
40 63
20 40
16 60
95 4
34 49
4 34
49 16
60 23
22 53
83 70
5 98
16 60
92 9
9 5
34 49
49 16
60 23
8 19
30 8
56 15
63 56
15 99
40 63
20 40
46 58
58 91
95 71
8 19
30 8
19 4
70 27
4 95
27 78
33 82
98 34
82 52
5 98
92 9
49 33
9 5
34 49
75 43
43 69
8 19
30 8
41 96
47 57
96 99
57 41
75 43
43 69
8 19
30 8
82 52
7 58
30 7
58 91
16 60
81 92
92 11
11 16
60 23
11 84
81 92
78 80
92 11
27 78
80 99
11 84
81 92
20 44
92 11
93 25
41 96
25 57
96 99
81 92
11 14
57 41
92 11
8 19
30 8
41 96
19 4
96 99
57 41
4 77
5 88
88 82
82 52
92 9
81 92
9 5
20 12
11 84
12 63
56 15
63 56
81 92
15 99
92 11
8 19
30 8
19 4
4 95
78 80
80 99
30 8
18 52
8 18
11 84
81 92
92 11
56 15
63 56
9 29
92 9
81 92
15 99
29 63
98 34
56 15
5 98
92 9
81 92
15 99
9 5
98 36
36 97
5 98
92 9
81 92
9 5
98 36
36 97
30 7
61 98
92 9
72 97
9 72
81 92
41 96
92 9
96 99
81 92
9 5
93 25
41 96
25 57
96 99
57 41
56 15
63 56
15 99
40 63
25 21
87 93
93 25
28 62
21 28
96 99
62 96
87 93
32 73
73 99
86 32
93 86
36 97
45 51
26 99
51 26
10 45
17 10
90 73
48 85
85 90
73 99
15 99
26 99
90 73
64 90
81 64
73 99
64 13
13 37
81 64
37 35
15 99
66 15
0 66
74 70
35 99
17 46
62 53
70 62
64 13
13 37
37 44
81 64
87 38
38 99
93 87
87 38
38 99
26 99
81 26
89 48
26 99
0 89
