316
60
33
95
80
8
50
94
9
81
7
97
29
27
10
5
6
19
44
3
41
88
21
75
71
24
82
57
36
54
46
72
16
66
18
64
65
12
30
63
40
31
48
70
74
35
89
45
43
17
26
69
52
90
13
61
20
32
2
51
68
28
51
49
49
49
2
28
32
2
61
13
61
13
61
13
61
90
13
61
13
90
13
90
61
61
84
17
34
84
17
34
84
28
17
67
34
84
67
17
39
34
17
34
84
43
67
17
39
89
67
17
39
20
32
17
68
20
32
17
68
51
20
17
32
68
20
32
84
68
17
20
34
32
31
17
20
34
32
49
20
32
68
20
32
68
51
20
32
68
98
30
68
20
32
98
67
2
30
68
39
67
30
68
39
28
67
30
68
30
20
32
98
30
20
32
98
18
63
20
32
18
63
48
20
30
20
32
98
72
30
32
98
46
72
30
53
98
46
30
91
53
98
46
98
30
91
68
46
51
91
64
68
36
46
18
16
46
63
82
18
48
46
82
18
46
63
57
64
46
91
57
98
46
91
75
57
46
91
75
68
65
2
36
41
68
65
82
98
21
18
41
75
67
64
28
19
75
64
44
98
21
18
31
5
17
34
10
17
34
5
6
28
19
75
5
44
98
21
19
28
6
68
44
46
98
21
81
21
46
91
9
81
21
46
20
9
81
21
44
21
50
20
21
98
94
46
91
46
63
95
91
46
8
44
21
32
660
22 79
86 53
2 67
42 68
25 4
42 92
28 67
85 93
85 56
38 1
55 15
37 11
4 58
87 58
0 77
49 77
49 73
0 73
49 78
85 83
83 93
56 93
92 68
68 51
51 86
83 93
92 68
2 28
86 2
28 83
68 51
51 86
83 93
83 93
0 49
85 83
83 93
85 83
83 93
0 49
85 83
83 93
0 49
85 83
83 93
85 83
83 93
0 77
85 83
83 93
0 77
85 83
83 93
4 58
86 32
32 53
28 2
2 86
83 28
0 77
91 99
85 83
91 20
4 58
86 32
32 53
28 2
2 86
83 28
0 77
20 99
85 83
4 58
61 93
85 61
0 77
4 58
13 11
47 13
61 93
85 61
0 77
13 37
4 58
47 13
61 93
85 61
0 77
37 11
13 37
4 58
15 13
61 93
85 61
0 77
37 11
13 37
4 58
90 13
61 93
85 61
0 77
76 90
37 11
13 37
4 58
90 13
61 93
85 61
0 77
76 90
52 1
4 58
90 13
61 93
85 61
13 52
0 77
76 90
90 69
52 1
69 13
4 58
61 93
85 61
13 52
0 77
76 90
55 26
26 34
61 93
85 61
0 77
17 84
76 17
84 34
61 93
85 61
0 77
17 84
56 93
76 17
34 25
84 34
0 77
17 84
76 17
34 25
84 34
0 77
17 84
76 17
34 25
83 28
84 34
67 39
0 77
39 99
85 83
43 67
17 84
76 17
83 43
34 25
84 34
67 39
0 77
39 99
85 83
17 84
76 17
34 25
45 93
84 34
0 77
96 45
43 67
17 84
76 17
83 43
34 25
89 83
84 34
67 39
0 77
39 99
96 89
17 84
76 17
34 25
89 35
84 34
67 39
35 67
0 77
39 99
96 89
91 20
17 84
51 23
76 17
32 53
23 32
34 25
74 68
42 74
68 51
84 34
0 77
20 99
91 20
17 84
51 23
76 17
32 53
92 68
23 32
34 25
68 51
84 34
0 77
20 99
42 92
91 20
51 23
76 17
17 70
32 53
92 68
23 32
34 25
68 51
70 34
0 77
20 99
42 92
48 84
76 48
91 20
51 23
32 53
92 68
23 32
34 25
68 51
84 34
0 77
20 99
17 31
42 92
91 20
51 23
31 34
76 17
32 53
92 68
23 32
34 25
68 51
0 77
20 99
17 31
42 92
91 20
51 23
4 58
31 34
76 17
32 53
92 68
23 32
34 25
68 51
0 77
20 99
42 92
91 20
51 23
32 53
92 68
23 32
78 40
49 78
40 98
68 51
20 99
0 49
42 92
91 20
51 23
32 53
92 68
23 32
68 51
0 63
20 99
63 98
42 92
91 20
51 23
98 22
32 53
92 68
23 32
30 98
68 51
20 99
0 30
91 20
51 23
98 22
32 53
23 32
30 98
68 51
20 99
0 30
42 68
98 22
86 2
30 98
68 51
51 86
67 39
39 99
0 30
42 68
98 22
12 67
30 98
68 51
51 12
67 39
39 99
0 30
42 68
28 67
98 22
65 28
51 65
30 98
68 51
67 39
39 99
0 30
91 20
42 64
98 22
32 53
23 32
64 23
30 98
20 99
0 30
4 18
91 20
58 4
98 22
32 53
18 32
30 98
20 99
0 30
4 18
76 66
91 20
32 53
18 32
66 87
63 76
0 63
20 99
4 18
76 48
91 20
32 53
16 4
48 16
18 32
63 76
0 63
20 99
72 79
91 20
32 53
23 32
98 72
30 98
20 99
0 30
72 79
32 53
23 32
98 72
46 99
91 46
30 98
0 30
72 79
98 72
46 99
91 46
30 98
53 91
0 30
86 53
98 22
46 99
91 46
30 98
53 91
0 30
86 53
98 54
46 99
91 46
30 98
53 91
54 23
0 30
86 53
92 68
46 99
91 46
68 51
53 91
36 92
51 86
0 36
68 64
64 57
92 68
46 99
91 46
53 91
36 92
57 53
0 36
4 18
76 48
18 82
16 4
48 16
46 99
91 46
63 76
0 63
82 91
4 18
76 48
18 82
24 4
46 99
91 46
48 24
63 76
0 63
82 91
76 71
4 18
18 82
71 87
46 99
91 46
63 76
0 63
82 91
42 64
64 57
0 75
46 99
91 46
53 91
57 53
75 96
22 79
21 98
98 22
79 57
46 99
91 46
53 91
57 53
0 21
42 88
0 75
46 99
91 46
88 57
53 91
57 53
75 96
42 68
62 99
2 41
0 75
65 2
51 65
68 51
41 62
75 96
62 99
2 41
36 3
65 2
51 65
3 68
68 51
41 62
0 36
44 58
21 98
4 18
18 82
58 4
98 44
46 99
91 46
82 91
0 21
62 99
67 41
42 64
19 67
64 23
0 75
23 19
41 62
75 96
19 28
42 64
64 23
0 75
23 19
6 99
28 6
75 96
44 58
21 98
4 18
18 38
58 4
98 44
5 99
11 5
0 21
17 31
31 34
76 17
10 37
34 10
5 99
63 76
0 63
37 5
27 34
17 27
76 17
10 37
34 10
5 99
63 76
0 63
37 5
19 28
0 75
59 19
29 59
96 29
6 99
28 6
75 96
44 58
21 98
4 97
58 4
98 44
97 11
5 99
11 5
0 21
7 19
19 28
51 7
36 3
3 68
68 51
6 99
28 6
0 36
44 58
21 98
58 81
98 44
46 99
91 46
53 91
81 53
0 21
58 81
9 58
21 9
46 99
91 46
53 91
81 53
0 21
53 94
58 81
9 58
21 9
46 99
81 53
94 46
0 21
58 81
9 58
81 1
50 20
21 9
1 50
20 99
0 21
44 58
21 8
58 81
8 44
81 1
50 20
1 50
20 99
0 21
21 98
22 80
98 22
32 94
46 99
80 32
94 46
0 21
46 99
91 46
0 63
63 95
95 91
0 33
33 77
46 99
91 46
77 95
95 91
44 58
60 32
21 8
8 44
58 60
32 94
46 99
94 46
0 21
