236
31
97
42
19
9
72
15
95
11
22
43
8
35
67
89
74
96
54
40
88
56
51
55
65
80
46
33
24
59
18
94
62
28
1
7
85
57
98
71
76
49
30
48
32
13
38
5
75
29
17
23
2
27
20
47
25
58
66
91
14
84
36
86
26
87
16
52
41
70
6
53
90
44
50
61
12
37
21
10
61
21
45
4
10
92
21
39
92
53
70
21
70
39
53
6
53
6
70
70
92
84
84
84
70
36
4
84
10
10
58
36
4
6
23
36
47
6
25
23
4
36
23
10
27
23
36
36
64
12
86
38
23
5
10
27
84
64
32
12
32
45
12
86
27
32
12
49
26
53
64
49
64
86
45
76
27
64
86
64
86
12
45
26
64
86
12
61
98
12
32
4
36
57
49
53
86
1
32
24
1
32
57
49
5
52
49
32
33
32
12
33
5
27
86
32
12
33
24
1
7
37
84
27
40
33
40
7
27
39
33
40
7
27
39
89
40
40
27
56
33
40
49
27
56
11
33
33
11
15
19
11
9
33
19
11
15
380
68 39
3 63
78 4
64 45
60 4
63 21
78 60
68 10
79 60
10 3
4 21
21 99
78 60
37 99
45 37
78 60
12 45
37 99
45 37
64 12
78 61
61 63
60 50
50 69
37 99
45 37
78 60
78 61
21 99
61 63
4 21
21 99
78 60
37 99
45 37
4 21
21 99
78 44
44 99
90 34
83 90
63 21
68 10
10 3
21 99
68 10
53 99
10 53
6 92
83 6
92 99
39 21
21 99
83 70
70 92
92 99
83 70
41 53
70 41
53 99
52 21
83 70
70 52
21 99
68 39
39 16
16 99
87 53
6 87
83 6
53 99
26 53
53 99
83 26
6 86
83 6
86 99
36 99
83 70
70 36
84 99
83 70
92 84
70 92
63 84
14 63
84 99
83 14
63 84
84 99
68 91
91 63
70 66
84 99
83 70
66 84
58 99
83 58
4 36
10 25
25 4
36 99
68 10
83 47
47 99
10 20
20 84
68 10
84 99
10 27
27 99
68 10
2 58
58 99
83 2
4 36
36 99
23 4
0 23
23 6
6 17
0 23
17 99
29 36
36 99
0 29
75 25
6 47
25 10
23 6
10 27
27 99
47 75
0 23
4 36
36 99
5 4
0 5
38 10
10 27
27 99
23 38
0 23
13 36
23 13
36 99
0 23
12 86
45 64
86 45
0 32
36 99
64 36
32 12
48 99
38 48
23 38
0 23
30 10
10 27
27 99
5 30
0 5
49 99
0 49
12 86
45 64
63 84
86 45
76 63
64 76
0 32
84 99
32 12
12 86
86 45
45 71
0 32
32 12
71 99
12 98
27 99
0 32
98 27
32 12
12 86
45 64
86 45
57 49
64 26
26 53
53 57
49 99
0 32
32 12
12 86
45 64
86 45
85 49
49 99
64 85
0 32
32 12
12 86
45 64
63 7
86 45
76 63
7 27
64 76
27 99
0 32
32 12
12 86
45 64
86 45
64 1
0 32
32 12
1 99
12 86
45 64
26 28
86 45
64 26
0 32
28 99
32 12
12 98
98 61
61 62
0 32
62 99
32 12
94 99
0 94
18 4
4 36
36 99
0 18
59 53
12 86
45 59
86 45
57 49
53 57
49 99
0 32
32 12
24 1
0 32
1 99
32 24
33 99
24 1
78 33
1 78
0 32
32 24
5 83
57 49
83 46
46 57
49 99
0 5
80 52
52 49
49 99
0 32
32 80
33 99
12 65
78 33
65 78
0 32
32 12
33 99
55 78
78 33
5 55
0 5
51 99
0 51
12 86
56 27
86 56
27 99
0 32
32 12
33 99
34 24
24 1
88 34
78 33
1 78
0 88
63 7
84 63
40 37
7 27
27 99
37 84
0 40
33 99
40 77
77 54
78 33
54 78
0 40
39 7
96 39
40 77
7 27
77 96
27 99
0 40
33 99
78 33
74 78
0 74
89 68
39 7
77 89
40 77
68 39
7 27
27 99
0 40
89 67
77 89
40 77
67 99
0 40
40 35
56 27
35 56
27 99
0 40
33 99
8 33
0 8
43 49
77 43
40 77
49 99
0 40
56 27
22 56
27 99
0 22
11 99
0 11
11 99
95 11
0 95
0 15
33 99
15 33
33 99
0 72
72 33
0 9
9 99
0 15
19 11
11 99
15 19
9 42
19 11
42 19
11 99
0 9
33 99
97 33
0 97
0 15
19 11
15 31
31 19
11 99
