243
92
56
43
89
32
41
94
47
91
38
93
66
65
46
37
19
26
58
40
70
80
87
90
18
82
55
21
57
1
17
31
69
53
10
25
75
79
50
28
9
85
34
35
88
23
63
22
42
39
59
13
97
86
73
54
45
15
24
27
72
49
67
62
12
76
30
61
84
8
14
6
78
5
29
83
81
7
64
68
2
96
60
33
16
60
60
60
60
68
7
2
64
16
96
2
16
16
33
96
2
3
33
81
76
78
76
3
67
81
60
76
76
3
24
72
76
72
76
15
7
15
62
13
97
13
15
67
13
33
97
13
15
84
13
52
45
23
63
52
23
84
16
3
63
23
84
3
63
23
84
63
52
45
84
79
3
7
6
75
30
24
7
75
30
63
10
23
15
49
10
9
77
10
15
6
10
7
6
30
49
10
7
75
82
29
16
76
3
21
10
6
87
90
15
87
90
21
10
6
90
76
72
73
90
76
77
9
3
72
18
90
76
37
68
90
63
37
68
63
19
37
19
3
26
19
79
66
37
83
19
19
77
38
15
83
19
38
83
19
10
10
38
19
401
16 98
71 95
96 2
3 98
68 36
44 52
4 60
36 52
20 95
11 16
74 98
44 48
51 36
16 52
0 33
33 16
16 52
60 77
74 98
0 60
0 60
60 20
60 71
0 60
20 96
96 98
0 60
60 20
2 98
44 2
0 60
60 44
2 98
44 2
60 44
4 60
68 74
60 68
74 98
4 60
60 44
0 64
64 95
4 60
36 52
60 68
7 95
0 7
0 7
7 3
20 96
7 20
2 98
0 7
64 71
0 64
0 33
33 16
3 98
4 60
60 81
81 3
96 2
4 83
83 96
2 98
0 29
29 98
0 5
5 98
4 83
83 78
78 98
96 2
6 96
2 98
4 6
3 98
14 3
0 14
96 2
4 8
8 96
2 98
84 11
16 98
11 16
0 84
16 98
61 16
33 61
0 33
96 2
30 96
4 30
2 98
3 98
76 3
33 76
0 33
3 98
81 76
12 81
33 12
76 3
0 33
62 78
78 98
0 62
3 98
33 67
67 76
76 3
0 33
3 98
67 49
33 67
81 76
49 81
76 3
0 33
72 76
3 98
60 72
4 60
76 3
27 76
3 98
76 3
0 27
4 24
24 98
15 98
0 15
45 98
0 45
54 24
24 98
0 54
72 76
3 98
73 72
76 3
0 73
72 76
3 98
86 72
76 3
0 86
97 15
15 98
0 97
13 84
7 15
15 98
84 7
0 13
62 78
59 62
13 59
78 98
0 13
39 97
74 39
97 15
13 74
15 98
0 13
33 67
67 42
13 33
42 98
0 13
84 11
11 22
13 84
97 15
22 97
15 98
0 13
52 63
13 52
63 98
0 13
23 45
45 98
0 23
52 63
88 44
23 88
44 52
63 98
0 23
23 84
84 35
16 98
35 16
0 23
3 98
0 34
34 3
23 84
84 85
85 63
63 98
0 23
3 98
9 3
0 9
84 28
23 84
28 63
63 98
0 23
52 63
50 52
63 98
0 50
51 45
79 51
0 79
45 98
75 98
0 75
84 25
3 98
11 84
79 11
0 79
25 3
96 30
10 6
7 75
6 96
30 7
0 10
75 98
53 24
7 75
24 30
30 7
75 98
0 53
69 63
0 10
10 69
63 98
23 31
31 15
15 98
0 23
77 9
3 98
10 49
17 77
49 17
0 10
9 3
6 1
10 6
0 10
1 15
15 98
0 57
57 98
6 21
21 30
10 6
7 75
30 7
0 10
75 98
10 49
49 55
7 75
55 7
0 10
75 98
0 82
82 98
82 29
29 18
18 16
16 98
0 82
3 98
0 90
90 76
76 3
6 21
10 6
21 87
87 98
0 10
15 87
0 90
80 15
90 80
87 98
70 87
0 90
87 98
90 70
6 21
10 6
21 40
0 10
40 98
0 90
90 76
76 58
58 98
76 72
73 26
72 73
0 90
90 76
26 98
77 9
3 98
19 77
0 19
9 3
95 37
76 72
3 98
72 18
37 3
18 95
0 90
90 76
36 68
3 98
63 52
68 63
46 36
52 37
37 3
0 90
90 46
36 68
65 36
48 65
3 98
63 52
68 63
52 37
37 3
19 48
0 19
95 37
3 98
66 95
37 3
0 19
19 66
19 93
4 26
93 4
0 19
26 98
38 98
79 38
0 79
95 37
19 83
3 98
91 66
83 91
66 95
37 3
0 19
19 77
47 98
0 19
77 47
19 83
94 15
38 98
83 94
15 38
0 19
19 83
38 98
41 38
83 41
0 19
10 32
32 98
0 10
89 98
10 89
0 10
38 98
43 38
19 43
0 19
56 98
0 56
0 92
92 98
