78
8
32
24
29
1
45
49
49
45
51
14
1
30
14
13
1
14
10
29
3
13
1
29
3
13
1
14
10
31
45
1
14
45
1
14
30
1
14
30
45
40
53
26
1
32
51
37
24
45
32
1
14
32
51
37
48
32
48
47
1
26
27
48
21
48
41
33
48
47
41
27
33
48
17
18
33
48
48
137
34 48
17 6
41 27
41 54
12 21
26 27
47 33
33 48
32 39
16 24
44 37
40 53
10 31
4 9
10 22
15 23
51 50
35 55
49 55
36 49
36 42
49 42
36 49
30 45
45 52
35 55
43 51
30 45
45 52
35 55
14 1
1 7
35 55
30 14
14 1
1 7
23 30
35 55
30 14
14 1
29 14
1 7
35 55
13 29
3 13
14 1
4 10
29 14
9 3
1 7
35 55
13 29
3 13
14 1
29 14
9 3
1 7
35 55
13 29
31 45
14 1
45 30
4 10
1 7
35 55
30 14
24 45
5 24
14 1
45 30
1 7
35 55
30 14
12 32
32 16
14 1
1 7
23 30
35 55
30 14
53 45
18 26
14 1
26 40
45 30
1 7
35 55
30 14
51 50
12 32
32 16
37 51
35 55
24 45
12 32
32 16
14 1
45 30
1 7
35 55
30 14
44 37
51 50
12 32
37 51
35 55
48 55
32 39
12 32
33 48
48 55
54 47
8 1
1 7
0 8
35 55
33 48
18 26
48 55
27 33
33 48
21 33
48 55
47 33
33 48
34 41
48 55
54 47
33 48
34 41
48 55
27 33
18 17
33 48
48 55
6 33
48 55
