223
70
32
29
72
16
12
22
10
80
26
54
93
51
66
5
67
14
61
37
41
64
46
85
4
81
57
9
56
43
45
90
15
38
47
76
69
53
23
86
79
60
8
68
73
33
84
74
36
58
13
17
18
48
1
62
20
59
3
24
88
95
77
39
2
40
91
50
21
28
49
25
83
6
75
11
30
55
97
82
7
94
42
78
27
44
98
65
35
87
71
31
92
35
25
25
55
7
92
75
91
75
91
91
77
91
77
77
77
94
95
59
95
77
77
77
50
18
50
98
18
18
40
33
49
35
40
3
84
50
36
50
59
36
8
59
8
35
36
68
3
50
36
36
77
36
8
19
53
59
53
79
8
53
76
19
53
98
39
38
53
33
19
53
90
39
19
53
38
53
53
47
36
47
53
90
87
98
39
90
9
53
86
9
53
81
53
91
19
53
47
53
95
41
8
90
61
43
39
14
41
33
14
41
92
79
8
14
26
94
35
47
83
26
94
80
14
80
26
94
69
56
33
72
362
0 99
89 52
89 31
92 99
31 92
34 99
71 34
0 71
87 34
34 99
0 87
52 92
92 99
34 99
0 35
35 34
65 92
92 99
0 65
98 99
0 98
87 44
0 87
44 99
27 92
92 99
0 27
35 78
78 92
92 99
0 35
78 42
35 78
0 35
42 99
94 63
0 94
7 92
78 7
35 78
92 99
0 35
82 42
0 82
42 99
35 97
0 35
97 99
55 34
0 55
34 99
94 30
30 92
92 99
0 94
11 34
34 99
0 11
98 7
75 98
7 92
92 99
0 75
6 98
98 7
7 92
11 6
92 99
0 11
94 83
83 92
92 99
0 94
25 6
6 98
98 7
7 92
92 99
0 25
35 49
49 99
0 35
25 28
28 99
0 25
25 21
21 99
0 25
55 50
50 99
0 55
7 92
91 7
0 91
92 99
40 99
0 40
91 75
75 2
2 99
0 91
98 39
75 98
91 75
39 50
50 99
0 91
96 77
91 96
77 99
0 91
77 99
95 77
0 95
91 88
88 99
0 91
96 77
24 96
77 99
0 24
96 77
3 96
77 99
0 3
59 99
0 59
20 94
94 83
83 77
77 99
0 20
95 62
62 34
34 59
59 99
0 95
95 1
96 77
1 96
77 99
0 95
48 77
77 99
0 48
18 77
77 99
0 18
17 50
0 17
50 99
0 13
13 99
18 58
0 18
58 99
36 50
0 36
50 99
18 98
98 74
74 99
0 18
84 99
0 84
40 33
33 99
18 40
0 18
73 40
40 33
35 49
36 35
49 73
33 99
0 36
50 68
68 3
36 50
3 84
0 36
84 99
59 8
36 50
50 63
63 59
8 99
0 36
59 8
60 59
8 99
0 60
79 8
36 35
35 79
8 99
0 36
50 68
68 3
3 86
36 50
86 99
0 36
36 23
23 99
0 36
53 77
0 53
77 99
69 99
36 69
0 36
53 19
59 8
19 76
76 59
8 99
0 53
47 99
0 53
53 47
53 38
79 8
38 79
8 99
0 53
53 19
76 15
19 76
0 53
15 99
98 39
39 90
53 38
38 98
90 99
0 53
53 19
45 33
19 45
33 99
0 53
43 39
53 19
39 90
19 43
90 99
0 53
53 38
38 56
56 99
0 53
53 9
0 53
9 99
57 47
36 57
47 99
0 36
53 81
81 47
47 99
0 53
53 87
87 4
4 98
98 39
39 90
90 99
0 53
53 9
85 90
9 85
90 99
0 53
9 46
53 9
46 86
0 53
86 99
63 64
53 81
81 63
64 99
0 53
53 19
91 41
19 91
41 99
0 53
37 47
53 37
47 99
0 53
61 95
95 41
41 99
0 61
0 14
14 8
8 99
67 43
43 39
61 67
39 90
90 99
0 61
5 41
14 5
0 14
41 99
66 33
33 99
0 66
14 51
51 92
92 41
0 14
41 99
93 79
79 8
0 93
8 99
14 54
54 99
0 14
0 26
26 99
26 94
94 35
35 80
80 99
0 26
26 94
83 10
94 83
10 47
0 26
47 99
14 22
22 80
80 99
0 14
26 94
94 12
12 80
80 99
0 26
16 69
69 99
0 16
0 72
72 56
56 99
29 33
0 29
33 99
0 32
32 99
72 70
0 72
70 99
