221
19
7
40
71
63
27
51
76
46
57
72
13
12
43
2
6
33
42
20
10
66
64
88
83
26
30
55
38
21
34
74
68
24
29
60
30
4
1
79
50
22
38
50
78
79
74
65
21
39
38
41
73
88
65
26
41
81
62
82
11
75
41
78
82
88
73
1
70
50
88
4
30
88
79
1
70
88
10
18
26
78
41
82
73
41
88
82
73
39
70
88
6
41
82
20
43
25
88
6
78
26
39
2
70
18
43
10
88
30
43
10
88
43
88
42
70
31
82
49
12
2
43
88
43
88
66
43
88
83
22
38
72
43
88
83
43
88
42
82
82
49
48
43
88
70
50
70
75
2
88
43
70
72
88
2
39
70
4
1
88
43
70
1
51
2
70
88
83
43
82
49
66
83
22
82
49
88
83
43
42
52
70
1
17
76
49
82
49
82
18
52
50
70
70
76
62
54
65
82
73
82
83
71
88
43
42
43
70
54
62
48
7
73
65
83
43
76
54
70
43
70
336
43 67
67 70
73 69
43 54
83 89
85 82
65 73
62 70
18 50
67 45
16 52
16 37
3 83
16 87
53 1
50 70
11 38
37 66
49 82
47 75
53 18
78 39
25 20
26 78
1 70
28 78
81 41
23 86
69 37
39 21
45 65
5 74
84 22
4 1
68 60
52 59
21 38
69 80
14 8
55 8
69 55
38 79
85 21
34 74
30 34
53 30
74 28
24 68
29 24
34 74
60 30
30 34
23 29
74 28
15 26
26 56
53 50
50 4
79 78
1 79
22 28
83 38
50 83
38 79
53 50
79 78
74 28
65 44
21 38
78 41
77 39
38 79
73 82
41 73
79 78
0 88
88 61
0 88
88 61
64 37
61 64
45 65
65 44
26 62
82 89
15 26
73 82
41 73
62 81
66 11
15 66
75 70
11 75
78 41
82 89
73 82
0 88
41 73
88 61
4 1
88 35
53 50
0 88
70 89
50 4
88 35
30 10
10 58
0 88
53 30
20 79
1 70
70 89
79 1
15 20
88 42
0 88
42 37
33 18
18 10
10 58
23 33
78 41
82 89
15 26
73 82
41 73
82 89
88 35
35 6
73 82
0 88
41 73
6 41
2 70
77 39
39 2
70 89
0 43
43 88
82 89
88 35
35 6
73 82
41 73
6 41
0 43
43 88
20 79
6 25
1 70
88 35
35 6
70 89
79 1
26 78
2 70
15 26
39 2
70 89
0 43
43 88
18 10
88 35
10 58
12 30
61 12
0 43
43 88
30 10
10 58
88 61
0 43
43 88
88 42
42 31
70 89
75 70
23 86
82 89
86 49
61 12
0 43
43 88
12 13
2 70
13 2
70 89
88 61
0 43
43 88
72 44
88 72
49 82
0 43
43 88
66 22
22 83
88 42
83 49
82 89
42 37
49 82
0 43
43 88
83 49
82 89
38 83
72 11
88 72
49 82
0 43
43 88
88 42
82 89
42 57
57 49
46 23
49 82
23 86
48 46
82 89
86 49
0 48
0 43
43 88
88 35
53 50
70 89
67 76
70 89
76 75
75 70
0 43
43 88
61 51
51 2
2 70
70 89
88 61
72 27
27 39
0 43
43 88
2 70
88 72
39 2
70 89
1 70
4 1
63 4
70 89
67 63
0 43
43 88
1 70
88 35
70 89
87 51
51 2
2 70
70 89
49 82
0 43
43 88
83 49
82 89
88 35
37 66
49 82
66 22
22 83
83 49
82 89
49 82
0 43
71 83
43 88
42 71
88 42
83 49
82 89
53 1
1 70
52 53
70 89
40 49
49 82
76 17
82 89
67 76
17 40
49 82
82 89
86 49
16 52
50 70
52 18
70 89
76 54
54 62
67 76
70 89
67 45
45 65
82 89
73 82
67 45
82 89
0 43
71 83
43 88
42 71
88 42
62 70
0 43
54 62
70 89
48 7
7 89
0 48
65 73
67 45
69 7
7 89
45 65
83 89
43 54
54 76
19 83
0 43
76 19
70 89
67 70
0 43
70 89
