213
57
6
19
32
4
53
85
84
78
21
23
65
68
58
41
46
80
36
35
18
79
1
37
8
52
73
64
3
71
91
70
93
14
45
61
31
81
67
28
44
90
48
29
17
51
26
77
2
27
83
62
76
7
30
47
87
5
42
92
24
56
40
74
39
88
69
33
38
75
72
60
11
55
63
12
10
34
82
43
86
22
89
13
16
50
66
20
9
49
15
59
54
86
10
33
34
33
34
34
88
10
39
34
34
30
10
92
30
47
30
86
83
24
30
50
63
24
30
83
77
63
77
30
34
77
17
30
63
86
30
83
38
30
83
34
51
86
83
51
44
75
83
27
28
24
33
30
34
51
31
77
30
67
75
83
31
61
51
24
33
62
30
50
14
30
14
30
67
28
67
14
30
34
11
70
38
30
70
67
67
70
22
37
49
70
30
79
64
14
67
28
37
51
70
64
30
14
70
37
30
30
21
37
70
51
65
70
79
84
26
70
53
70
334
0 94
0 54
54 94
59 94
0 59
0 15
15 94
0 49
49 94
0 9
9 94
20 94
0 20
15 66
0 15
66 94
50 66
0 50
66 94
0 16
16 94
0 13
13 94
0 89
89 94
22 94
0 22
0 86
86 94
89 43
0 89
43 94
0 82
82 94
0 34
34 94
10 22
34 10
0 34
22 94
49 12
34 49
0 34
12 94
0 63
63 94
63 55
0 63
55 94
0 11
11 94
60 94
0 60
34 72
0 34
72 94
63 75
0 63
75 94
11 38
38 94
0 11
82 33
33 94
0 82
34 89
69 33
89 69
33 94
0 34
0 88
88 94
88 86
86 10
10 39
39 33
33 94
0 88
74 33
34 74
33 94
0 34
40 33
33 94
0 40
34 56
56 94
0 34
34 24
24 94
0 34
88 92
92 94
0 88
42 10
33 24
10 39
39 33
24 94
0 42
34 5
5 94
0 34
0 87
87 94
0 47
47 94
34 30
30 94
0 34
7 10
10 30
30 94
0 7
76 92
0 76
92 94
47 62
62 30
30 94
0 47
86 88
34 30
83 86
88 34
30 94
0 83
27 33
33 24
83 27
0 83
24 94
86 88
88 2
2 50
83 86
50 30
30 94
0 83
77 63
63 24
0 77
24 94
34 30
26 34
83 26
30 94
0 83
77 63
51 94
0 77
63 51
17 34
34 30
30 94
0 77
77 17
63 29
17 34
34 30
77 63
29 17
30 94
0 77
86 48
48 38
38 30
83 86
30 94
0 83
34 30
90 34
83 90
30 94
0 83
86 44
44 51
83 86
51 94
0 83
44 51
0 28
28 44
51 94
75 67
83 75
0 83
67 94
27 33
33 24
81 27
28 81
0 28
24 94
34 30
31 34
30 94
0 31
31 61
61 51
51 94
0 31
77 45
45 30
30 94
0 77
75 67
14 83
0 14
83 75
67 94
31 93
0 31
93 94
0 70
61 51
51 94
70 61
33 24
91 33
0 91
24 94
71 62
62 30
30 94
0 71
3 50
14 3
50 30
0 14
30 94
14 64
0 14
64 30
30 94
73 67
28 73
0 28
67 94
52 67
0 52
67 94
8 34
34 30
0 14
14 8
30 94
70 37
37 11
38 30
0 70
11 38
30 94
1 67
0 70
70 1
67 94
79 94
0 79
18 22
0 70
70 18
22 67
67 94
35 49
70 37
37 35
0 70
49 30
30 94
36 79
79 94
0 36
64 80
14 64
80 67
0 14
67 94
0 46
46 94
28 41
0 28
41 94
37 58
70 37
0 70
58 51
51 94
64 68
68 30
14 64
0 14
30 94
0 65
65 94
0 23
23 94
37 21
70 37
21 30
0 70
30 94
78 30
0 78
30 94
37 21
70 37
0 70
84 94
21 84
85 51
0 85
51 94
70 53
53 65
0 70
65 94
4 25
0 4
25 79
79 94
32 26
70 32
26 84
0 70
84 94
70 53
53 19
0 70
19 94
0 6
6 94
0 57
57 94
