68
6
10
14
18
30
34
61
38
71
40
42
44
46
95
49
37
33
37
33
37
33
37
49
33
37
45
46
45
49
33
44
46
43
45
23
49
33
37
40
23
49
33
37
23
49
33
60
59
26
58
38
37
23
49
26
29
28
27
19
20
21
23
13
49
7
49
5
49
148
0 99
32 33
36 37
2 4
32 64
32 64
2 4
32 64
37 74
36 37
2 4
33 66
37 74
32 33
36 37
48 49
2 4
33 66
37 74
49 98
32 33
36 37
94 95
95 96
2 4
33 66
37 74
32 33
36 37
45 46
46 47
48 49
2 4
33 66
37 74
90 45
49 98
32 33
36 37
43 44
44 45
45 46
46 47
48 49
2 4
33 66
37 74
49 98
32 33
36 37
41 42
42 43
43 44
44 45
45 46
46 47
48 49
2 4
33 66
37 74
49 98
32 33
36 37
39 40
22 23
23 24
48 49
2 4
33 66
37 74
40 20
49 98
32 33
70 71
71 72
39 40
22 23
23 24
48 49
2 4
33 66
40 20
49 98
32 33
36 37
37 38
22 23
23 24
48 49
2 4
33 66
38 19
49 98
62 61
61 60
60 59
59 58
28 27
27 26
26 25
50 49
2 4
58 29
49 98
34 35
36 37
37 38
22 23
23 24
48 49
2 4
17 34
38 19
49 98
30 29
29 28
28 27
27 26
26 25
50 49
2 4
15 30
49 98
18 19
19 20
20 21
21 22
22 23
23 24
48 49
2 4
9 18
49 98
14 13
13 12
48 49
2 4
7 14
49 98
10 11
48 49
2 4
5 10
49 98
48 49
3 6
6 12
49 98
