239
69
43
74
2
92
61
90
20
44
58
88
77
7
52
87
54
93
16
79
17
15
51
70
9
94
12
57
60
46
76
26
18
30
23
80
89
63
49
78
3
62
34
66
22
75
21
41
29
59
85
37
13
25
84
72
83
73
32
82
50
24
19
47
5
65
6
67
14
1
98
39
71
38
31
27
4
33
8
10
68
81
55
45
35
91
28
45
45
55
91
45
98
4
38
1
1
1
91
91
31
19
91
19
98
6
68
50
19
82
98
14
45
19
32
72
72
8
72
45
72
45
19
13
72
98
91
10
73
19
72
19
13
29
98
29
19
72
37
45
19
45
72
73
19
1
19
62
19
73
50
19
33
22
37
45
66
72
19
72
98
66
72
19
23
98
41
23
49
33
59
3
49
83
19
1
23
85
19
82
31
98
45
34
72
19
18
49
83
12
60
78
98
60
85
31
19
89
72
19
3
19
85
60
19
65
19
23
3
19
60
31
65
93
19
66
19
51
60
31
72
66
19
87
87
58
19
9
60
19
78
37
23
66
19
20
60
19
31
60
444
0 99
48 99
96 97
55 97
36 48
36 91
96 40
28 40
56 99
95 96
95 11
95 96
91 42
56 99
95 91
56 99
95 28
56 99
95 96
96 35
35 56
56 99
95 96
91 45
95 91
45 99
55 56
11 55
95 11
56 99
91 45
45 99
11 81
81 97
95 11
68 56
95 68
56 99
48 45
45 99
11 81
81 55
95 11
10 86
95 10
56 99
64 8
95 11
8 99
95 96
28 40
96 97
40 96
33 28
0 33
4 86
56 99
0 4
27 97
0 27
31 99
0 31
38 68
96 97
68 96
0 38
91 36
31 91
36 48
0 31
48 99
36 48
71 95
0 71
48 99
36 48
39 36
0 39
0 98
98 99
48 99
36 48
0 1
1 11
48 99
0 98
14 45
98 14
45 48
48 99
67 4
4 48
0 67
38 6
81 38
1 81
6 99
0 1
48 99
1 65
36 48
0 1
65 36
48 99
1 5
0 1
5 48
48 99
47 91
91 36
36 48
0 47
48 99
0 19
91 36
31 91
36 48
19 31
48 99
0 19
24 91
42 24
91 36
36 48
19 42
0 19
19 50
50 99
48 99
0 98
36 48
98 82
82 36
0 19
68 38
32 68
19 53
38 6
6 99
53 32
0 19
19 73
73 50
50 99
0 98
82 83
98 82
83 99
45 72
48 99
72 48
0 98
14 45
98 14
0 19
19 53
53 84
84 99
48 99
0 19
72 48
19 53
32 25
25 72
53 32
48 99
72 48
13 8
98 13
0 98
8 72
45 72
48 99
0 19
72 48
19 53
37 45
53 37
53 85
45 72
48 99
0 19
72 48
19 53
85 45
59 91
48 99
72 48
36 72
91 36
98 13
0 98
13 59
48 99
0 19
10 29
29 48
19 73
73 10
48 99
0 19
72 48
41 72
19 41
48 99
13 21
95 29
29 48
98 13
21 95
0 98
48 99
0 19
19 53
75 29
29 48
53 75
45 72
48 99
22 37
72 48
37 45
0 22
19 66
0 19
66 99
45 72
48 99
0 19
72 48
34 45
19 73
73 34
48 99
0 19
19 53
1 62
53 1
62 48
48 99
0 19
53 3
19 53
62 48
3 62
0 19
78 99
50 78
19 73
73 50
33 49
22 37
37 33
49 99
0 22
19 66
45 72
48 99
0 19
72 48
63 45
66 63
89 72
48 99
72 48
0 98
98 89
19 66
48 99
0 19
72 48
80 36
36 72
66 80
23 99
0 23
30 40
23 99
40 23
0 98
98 30
23 99
18 41
41 23
0 18
91 59
0 19
33 49
53 3
26 91
19 53
49 99
3 26
59 33
1 76
0 19
19 53
49 99
76 83
83 49
53 1
53 85
0 19
19 53
23 99
46 23
85 46
31 60
60 99
82 31
0 98
98 82
45 72
48 99
0 19
57 34
72 48
19 53
34 45
53 57
48 99
12 48
0 12
18 94
49 99
94 83
83 49
0 18
60 99
12 9
9 60
0 12
78 99
70 78
98 70
0 98
53 85
51 31
31 60
60 99
0 19
19 53
85 51
89 72
48 99
72 48
15 89
0 15
48 99
0 19
19 53
53 17
17 48
0 19
53 3
19 53
79 99
3 79
53 85
60 99
0 19
19 53
16 60
85 16
0 19
93 65
19 53
23 99
65 23
53 93
31 60
60 99
0 19
53 3
19 53
54 31
3 54
65 87
48 99
0 19
93 65
19 53
87 48
53 93
19 66
48 99
0 19
52 48
66 52
51 31
31 60
60 99
7 51
0 7
19 66
77 36
48 99
0 19
72 48
66 77
36 72
48 99
88 87
87 48
0 88
0 58
58 99
44 87
48 99
0 58
87 48
58 44
0 19
19 20
20 99
90 9
60 99
0 19
19 90
9 60
61 78
78 99
0 61
92 37
0 92
37 23
23 99
48 99
2 48
0 2
19 66
74 48
48 99
0 19
66 74
43 31
31 60
60 99
0 19
20 43
19 20
60 99
69 60
0 69
