151
35
31
32
3
66
49
16
24
45
33
60
61
59
46
7
30
4
6
29
41
65
71
2
75
27
57
5
26
69
8
28
19
73
36
1
58
56
42
72
20
23
77
54
15
55
17
44
25
50
51
78
39
48
9
52
47
10
18
22
13
22
52
9
64
48
78
64
64
48
18
18
64
18
62
77
54
18
77
18
15
77
62
37
1
72
1
58
58
42
28
37
47
54
1
73
72
1
18
52
42
26
47
52
47
26
25
18
1
20
5
18
1
47
26
1
18
28
29
5
40
29
5
37
1
42
5
78
73
61
42
5
26
47
42
61
73
26
42
30
29
30
40
49
42
41
5
1
5
31
5
30
256
11 43
18 70
14 64
76 64
68 53
22 76
38 21
13 74
38 13
22 21
68 22
0 18
37 22
18 37
22 21
68 10
10 21
47 76
70 47
0 18
18 37
52 64
37 52
0 18
37 22
18 37
22 76
9 22
0 9
74 52
52 64
22 76
9 22
0 9
70 48
48 43
76 64
39 76
68 39
0 18
37 78
18 37
78 79
62 14
0 18
18 62
64 79
70 48
0 18
48 43
51 78
78 79
0 51
14 64
50 40
12 50
64 79
25 64
64 79
0 25
44 79
12 44
18 70
70 48
0 18
48 17
17 79
18 55
0 18
55 64
64 79
38 15
15 79
11 43
12 54
54 11
62 77
0 18
77 79
18 62
23 22
54 23
22 77
12 54
77 79
20 43
0 18
18 20
18 72
62 77
72 62
0 18
77 79
0 42
42 15
15 79
62 77
56 62
0 56
77 79
58 79
0 58
0 1
1 79
54 36
1 37
0 1
37 54
36 79
1 18
72 73
18 72
0 1
73 79
19 58
58 79
0 19
28 58
12 28
58 79
8 79
0 42
42 76
76 8
28 69
12 28
69 79
47 26
1 37
26 79
54 47
0 1
37 54
5 79
0 5
1 18
72 73
18 72
0 1
73 57
57 79
52 63
63 47
13 27
47 26
27 52
26 79
42 13
0 42
1 18
75 25
52 63
63 47
47 26
18 75
26 79
25 52
0 1
0 2
2 79
1 18
0 1
71 79
18 71
1 18
65 14
14 64
64 20
5 79
18 65
0 1
20 5
41 79
0 41
12 29
29 79
1 18
47 26
6 47
26 79
18 6
0 1
38 29
4 28
28 21
21 38
29 79
0 4
30 40
5 79
0 30
40 5
38 29
7 38
29 79
0 7
0 46
46 79
37 59
5 79
1 37
59 5
0 1
42 61
61 78
5 79
78 5
0 42
42 61
61 73
73 60
5 79
60 5
0 42
42 33
33 47
47 26
26 79
0 42
42 61
61 73
73 45
45 26
26 79
0 42
30 24
0 30
24 79
38 29
16 38
0 16
29 79
30 40
49 79
0 30
40 49
49 79
0 66
66 49
3 41
42 3
41 79
0 42
1 32
32 5
5 79
0 1
5 79
31 5
0 31
35 43
43 31
30 35
5 79
31 5
0 30
