306
75
91
48
83
86
39
4
56
57
76
28
31
22
38
19
60
63
10
2
9
64
37
32
95
37
32
37
32
37
32
37
32
68
64
37
32
1
68
64
37
32
68
7
64
37
9
7
68
64
2
9
7
68
10
2
9
7
10
2
9
7
60
10
2
9
7
60
10
2
9
7
60
2
9
7
19
60
2
9
19
60
32
2
9
38
60
2
9
38
19
60
33
33
38
19
60
28
33
38
19
60
28
33
38
19
2
28
33
38
19
62
81
28
33
38
28
33
38
19
57
31
19
60
70
62
60
57
31
19
76
81
31
19
60
57
31
19
65
60
57
31
9
4
60
57
28
9
35
4
60
57
28
35
4
60
57
24
4
60
57
24
56
39
76
4
56
39
76
4
83
56
39
76
4
83
56
76
35
4
35
4
60
28
26
35
4
60
28
9
83
58
39
4
48
83
58
39
4
48
83
58
39
4
83
48
58
81
56
86
48
58
81
91
86
81
76
35
91
86
81
56
39
91
86
81
56
39
91
86
81
56
39
91
86
81
56
39
58
56
39
70
75
58
39
70
63
75
43
60
70
28
75
56
58
39
70
75
43
62
60
70
48
75
43
58
70
75
56
58
39
70
75
56
58
39
70
75
56
58
39
70
48
75
43
10
58
75
56
22
10
58
48
75
43
62
10
48
75
43
62
10
75
56
70
22
10
981
68 70
64 69
57 62
22 24
10 8
89 94
80 85
27 32
43 48
67 72
51 56
43 45
51 53
5 10
7 12
18 16
49 54
8 13
81 83
94 99
95 97
11 13
45 50
16 21
42 47
24 29
35 40
35 37
82 87
60 62
49 47
64 62
71 69
70 72
30 32
15 20
18 23
3 1
66 68
87 92
90 92
95 93
46 44
82 84
77 79
82 84
37 42
82 84
32 37
34 32
37 42
90 95
82 84
32 37
34 32
37 42
82 84
32 37
34 32
37 42
82 84
32 37
34 32
87 92
64 66
59 64
37 42
82 84
32 37
34 32
87 92
64 66
59 64
37 42
68 73
82 84
32 37
34 32
66 68
1 6
87 92
64 66
59 64
37 42
68 73
82 84
32 37
34 32
66 68
5 7
9 14
87 92
64 66
59 64
37 42
7 9
68 73
82 84
32 37
34 32
0 2
66 68
9 14
87 92
2 7
64 66
59 64
37 42
7 9
68 73
82 84
32 37
34 32
0 2
12 10
66 68
10 15
9 14
87 92
2 7
64 66
59 64
37 42
7 9
68 73
82 84
32 37
34 32
61 63
0 2
63 65
12 10
10 15
9 14
87 92
2 7
37 42
7 9
32 37
34 32
0 2
12 10
55 60
10 15
60 65
9 14
87 92
2 7
37 42
7 9
32 37
34 32
0 2
12 10
55 60
10 15
60 65
9 14
87 92
2 7
37 42
7 9
32 37
34 32
0 2
12 10
55 60
10 15
60 65
9 14
87 92
2 7
37 42
7 9
32 37
34 32
0 2
19 21
55 60
60 65
9 14
87 92
2 7
37 42
7 9
14 19
32 37
34 32
0 2
19 21
55 60
60 65
9 14
87 92
2 7
38 40
36 38
7 9
14 19
0 2
19 21
55 60
60 65
9 14
87 92
2 7
37 42
7 9
14 19
32 37
22 27
0 2
55 60
17 22
60 65
9 14
87 92
2 7
38 40
36 38
7 9
0 2
31 33
19 21
55 60
26 31
60 65
9 14
87 92
2 7
38 40
7 9
14 19
33 38
28 33
0 2
26 28
19 21
55 60
60 65
9 14
87 92
2 7
38 40
7 9
14 19
33 38
28 33
0 2
26 28
19 21
55 60
60 65
9 14
87 92
2 7
38 40
7 9
14 19
33 38
28 33
0 2
26 28
19 21
9 14
87 92
2 7
38 40
64 66
59 64
7 9
14 19
33 38
28 33
0 2
26 28
19 21
9 14
87 92
2 7
38 40
59 64
62 67
7 9
14 19
33 38
76 81
71 76
28 33
81 79
0 2
26 28
19 21
9 14
87 92
2 7
38 40
64 66
59 64
7 9
14 19
33 38
57 55
70 72
52 57
28 33
0 2
26 28
19 21
55 60
60 65
9 14
87 92
2 7
38 40
7 9
14 19
33 38
57 55
70 72
52 57
0 2
19 21
55 60
26 31
60 65
9 14
87 92
2 7
65 70
31 36
7 9
14 19
49 47
57 55
52 57
0 2
19 21
55 60
26 31
9 14
87 92
2 7
62 67
31 36
7 9
14 19
54 56
49 47
76 81
56 61
71 76
81 79
0 2
19 21
26 31
9 14
87 92
2 7
31 36
7 9
14 19
49 47
57 55
70 72
52 57
0 2
19 21
55 60
26 31
60 65
9 14
87 92
2 7
65 70
31 36
7 9
14 19
82 87
49 47
57 55
70 72
52 57
4 9
2 4
0 2
19 21
55 60
26 31
60 65
9 14
87 92
65 70
31 36
14 19
82 87
49 47
57 55
70 72
52 57
4 9
28 33
33 35
2 4
0 2
26 28
19 21
55 60
60 65
9 14
87 92
65 70
37 42
14 19
82 87
57 55
70 72
52 57
4 9
28 33
33 35
2 4
0 2
26 28
19 21
55 60
60 65
9 14
87 92
65 70
14 19
35 40
82 87
57 55
70 72
52 57
4 9
29 31
19 24
33 35
2 4
0 2
31 33
55 60
60 65
9 14
87 92
65 70
14 19
24 29
82 87
49 47
57 55
70 72
52 57
39 44
4 9
34 39
19 24
2 4
0 2
55 60
60 65
9 14
87 92
65 70
14 19
86 88
24 29
54 56
49 47
39 44
4 9
34 39
76 81
19 24
56 61
71 76
81 86
2 4
90 92
0 2
9 14
14 19
83 85
78 83
24 29
54 56
49 47
39 44
4 9
34 39
19 24
56 61
71 76
2 4
90 92
76 78
0 2
9 14
14 19
83 85
78 83
24 29
54 56
39 44
4 9
34 39
19 24
56 61
71 76
2 4
90 92
76 78
0 2
9 14
14 19
42 47
83 85
78 83
35 40
54 56
4 9
56 61
71 76
28 33
33 35
2 4
90 92
76 78
0 2
26 28
9 14
16 21
35 40
82 87
70 72
4 9
21 26
28 33
33 35
2 4
0 2
26 28
55 60
60 65
9 14
87 92
65 70
45 50
18 23
35 40
82 87
70 72
4 9
28 33
33 35
2 4
0 2
9 11
55 60
23 28
60 65
87 92
65 70
83 85
46 48
78 83
24 29
53 58
4 9
58 63
39 41
34 39
19 24
2 4
90 92
0 2
48 53
63 68
9 14
68 73
14 19
46 48
93 95
78 83
24 29
53 58
4 9
58 63
39 41
34 39
19 24
83 88
2 4
0 2
48 53
63 68
9 14
68 73
14 19
83 85
46 48
78 83
24 29
53 58
4 9
58 63
39 41
34 39
19 24
2 4
90 92
0 2
48 53
63 68
9 14
68 73
14 19
94 99
83 85
46 48
24 29
58 56
53 58
4 9
39 41
34 39
76 81
19 24
56 61
71 76
2 4
90 92
0 2
48 53
9 14
14 19
94 99
46 48
91 96
24 29
58 56
53 58
86 91
4 9
39 41
34 39
76 81
19 24
56 61
71 76
81 86
2 4
0 2
48 53
9 14
14 19
45 50
94 99
62 64
18 23
60 62
91 96
35 40
86 91
76 81
71 76
81 86
28 33
33 35
55 60
23 28
64 66
94 99
91 96
24 29
54 56
39 44
86 91
4 9
34 39
76 81
19 24
56 61
71 76
81 86
2 4
0 2
9 14
14 19
8 13
49 54
16 21
94 99
91 96
24 29
54 56
39 44
86 91
34 39
76 81
19 24
56 61
71 76
81 86
21 19
49 54
94 99
91 96
24 29
54 56
39 44
86 91
34 39
76 81
19 24
56 61
71 76
81 86
0 2
2 7
17 19
49 54
94 99
91 96
20 22
54 56
39 44
86 91
34 39
22 27
15 20
76 81
56 61
71 76
81 86
10 15
70 75
5 10
49 54
94 99
56 58
20 22
54 56
82 87
75 80
39 44
58 63
34 39
22 27
15 20
63 65
10 15
87 92
65 70
70 75
5 10
94 99
20 22
82 87
75 80
53 58
58 63
39 41
34 39
22 27
15 20
63 65
10 15
87 92
65 70
8 13
38 43
45 50
70 75
94 99
18 23
82 87
75 80
28 33
55 60
23 28
60 65
87 92
65 70
33 38
70 75
5 10
94 99
56 58
20 22
82 87
75 80
58 63
39 41
34 39
22 27
15 20
63 65
10 15
87 92
65 70
43 45
8 13
38 43
45 50
70 75
94 99
18 23
60 62
82 87
75 80
72 70
28 33
55 60
23 28
87 92
62 67
33 38
8 13
38 43
70 75
94 99
18 23
82 87
75 80
53 58
58 63
28 33
63 65
48 53
23 28
87 92
65 70
33 38
51 56
70 75
5 10
94 99
56 58
20 22
82 87
75 80
58 63
39 41
34 39
22 27
15 20
63 65
10 15
87 92
65 70
32 34
27 32
51 56
70 75
5 10
94 99
56 58
20 22
75 80
58 63
39 41
34 39
22 27
15 20
90 92
63 65
10 15
65 70
32 34
27 32
51 56
70 75
5 10
94 99
56 58
20 22
82 87
75 80
58 63
39 41
34 39
22 27
15 20
63 65
10 15
65 70
32 34
89 94
43 48
8 13
38 43
70 75
5 10
94 99
18 23
82 87
75 80
53 58
58 63
28 33
63 65
48 53
23 28
65 70
33 38
89 94
51 56
70 75
5 10
94 99
24 29
56 58
20 22
82 87
75 80
58 63
39 41
34 39
15 20
63 65
10 15
65 70
48 50
67 72
10 8
89 94
43 48
8 13
38 43
70 75
5 10
94 99
18 23
82 87
75 80
55 57
72 70
28 33
23 28
62 67
33 38
57 62
48 50
67 72
10 8
89 94
43 48
8 13
38 43
70 75
5 10
94 99
62 64
18 23
82 87
75 80
55 57
72 70
28 33
23 28
33 38
22 24
89 94
51 56
70 75
5 10
94 99
24 29
56 58
20 22
82 87
75 80
58 63
39 41
34 39
15 20
10 15
63 68
