197
85
16
98
45
57
44
28
63
7
72
32
11
92
91
51
81
59
50
65
4
22
17
5
33
95
14
88
76
30
46
68
37
84
75
42
13
6
9
66
36
24
19
60
18
40
86
15
52
94
89
96
67
21
49
27
70
34
54
29
41
26
58
64
87
77
61
38
80
74
47
71
48
20
73
10
56
62
93
31
69
55
25
53
12
23
35
39
79
83
35
78
53
53
53
31
39
47
31
38
56
35
61
61
56
61
56
38
31
35
56
26
31
56
78
56
41
56
47
56
64
56
10
58
56
49
10
38
67
38
89
56
78
38
38
35
56
78
19
10
56
56
19
73
56
2
10
10
60
43
62
94
38
37
94
38
38
38
37
38
6
95
10
60
95
60
60
62
94
38
22
33
22
4
60
67
33
55
51
60
93
51
80
38
94
38
87
33
33
51
33
51
67
72
57
72
51
57
331
43 2
78 35
83 53
90 78
35 79
97 83
43 1
8 99
8 99
79 8
43 79
8 99
39 99
83 39
35 1
90 35
8 99
39 99
83 39
90 35
8 99
79 8
82 23
8 99
79 8
23 79
90 12
12 3
79 53
53 8
82 23
8 99
23 79
78 3
53 8
82 23
43 83
23 43
8 99
35 79
90 78
79 53
53 8
8 99
2 53
53 8
82 23
23 43
8 99
43 25
82 23
23 43
25 99
82 55
55 99
90 69
69 39
39 99
82 23
31 3
23 31
82 23
23 93
93 3
62 39
39 99
82 62
55 78
78 56
56 99
82 55
10 99
82 10
82 23
23 73
73 99
82 20
20 39
39 99
48 73
73 99
82 48
82 71
71 99
47 31
31 3
0 47
74 39
82 74
39 99
80 99
0 80
47 31
38 99
31 38
0 47
38 99
61 38
0 61
77 35
35 78
78 56
56 99
0 77
87 3
61 87
0 61
61 64
64 56
56 99
0 61
61 58
58 56
56 99
0 61
82 26
26 31
38 99
31 38
35 78
78 56
41 35
56 99
0 41
82 26
26 31
29 56
31 29
56 99
82 54
78 56
54 78
56 99
34 56
56 99
0 34
41 70
70 56
56 99
0 41
47 27
27 56
56 99
0 47
49 64
64 56
56 99
0 49
21 10
10 99
0 21
67 58
58 56
56 99
0 67
49 96
96 10
10 99
0 49
89 3
0 89
94 38
82 94
38 99
67 52
52 38
38 99
0 67
89 15
15 78
78 56
56 99
0 89
86 99
0 86
0 40
40 99
38 99
18 38
0 18
60 99
0 60
38 99
19 38
0 19
24 35
35 78
78 56
56 99
0 24
19 36
36 10
10 99
0 19
66 56
56 99
0 66
9 56
56 99
0 9
19 6
6 99
0 19
13 73
73 99
0 13
42 56
56 99
0 42
75 2
2 10
0 75
10 99
84 10
10 99
0 84
37 43
43 62
60 99
62 60
0 37
37 68
68 94
94 38
38 99
0 37
46 94
94 38
38 99
0 46
30 38
38 99
0 30
37 76
76 38
38 99
0 37
88 38
38 99
0 88
14 6
0 14
6 99
0 95
95 99
10 33
33 99
95 10
0 95
5 60
60 99
0 5
95 17
60 99
17 60
0 95
22 62
60 99
62 60
0 22
4 94
94 38
38 99
0 4
22 65
0 22
65 99
0 50
50 99
22 59
59 33
33 99
0 22
4 81
81 60
60 99
0 4
0 51
51 67
55 33
33 99
67 55
0 51
51 91
91 93
60 99
93 60
0 51
51 80
80 92
92 38
38 99
11 94
94 38
0 11
38 99
0 32
32 99
0 72
87 33
33 99
72 87
7 33
33 99
0 7
0 51
51 63
33 99
63 33
0 51
51 67
67 28
28 99
0 72
72 44
44 99
0 57
57 99
0 57
57 3
3 45
45 99
0 72
98 99
72 98
0 51
51 16
16 99
0 57
57 85
85 99
