274
81
79
37
35
36
28
26
89
16
59
93
90
67
83
94
91
80
71
76
74
31
30
96
98
95
95
70
95
38
95
38
95
88
38
95
85
38
29
95
85
38
32
95
85
38
95
85
30
38
95
85
38
95
85
31
38
70
95
66
31
78
38
31
70
38
95
70
31
38
95
80
70
31
38
80
70
31
85
94
80
75
31
85
94
80
98
75
31
94
80
98
75
31
94
80
78
98
83
94
70
78
98
80
83
94
78
98
94
71
65
98
75
94
78
98
31
94
78
66
98
31
78
98
66
85
78
85
66
95
93
78
85
66
95
61
93
78
85
59
61
93
78
85
59
18
61
93
16
59
18
61
93
94
16
59
18
61
90
16
59
18
61
16
59
18
61
89
16
59
18
89
16
59
18
28
89
67
16
59
28
89
16
59
78
28
89
83
16
59
28
90
83
91
16
28
93
83
16
59
28
93
83
16
59
28
93
83
16
59
93
83
16
59
80
93
83
16
59
80
93
71
16
59
78
76
93
83
16
59
44
45
76
93
83
1
44
46
2
45
1
44
3
46
2
1
55
3
2
76
12
55
76
28
93
12
55
76
28
12
55
76
28
12
55
76
28
37
12
55
83
37
67
83
12
908
0 11
43 54
21 23
0 1
43 44
76 69
71 73
84 87
24 27
34 40
34 39
93 96
91 96
83 84
73 78
66 82
90 97
94 95
21 25
7 3
50 46
68 66
65 71
69 80
70 73
41 43
94 98
68 75
68 82
27 32
27 29
84 85
88 92
38 43
68 69
68 70
92 95
92 98
96 99
82 77
82 77
92 96
82 77
98 99
82 77
95 99
92 95
82 77
95 99
70 82
92 95
95 99
68 69
92 95
95 99
34 38
38 43
68 69
92 95
95 99
34 38
84 88
38 43
68 69
92 95
95 99
34 38
85 92
84 85
38 43
68 69
92 95
95 99
34 38
85 92
29 34
84 85
38 43
68 69
92 95
95 99
34 38
32 34
85 92
84 85
38 43
30 34
68 69
92 95
27 30
95 99
34 38
85 92
84 85
38 43
30 34
92 95
27 30
82 77
95 99
34 38
85 92
68 82
84 85
38 43
31 34
27 31
92 95
82 77
95 99
34 38
85 92
84 85
38 43
31 34
27 31
68 70
92 95
70 74
95 99
34 38
74 84
85 92
78 84
76 66
84 85
38 43
31 34
27 31
66 78
92 95
95 99
34 38
68 76
85 92
84 85
38 43
31 34
27 31
68 70
92 95
70 71
71 84
95 99
34 38
85 92
84 85
38 43
31 34
70 80
27 31
68 70
92 95
80 84
95 99
34 38
85 92
86 91
91 97
38 43
31 34
70 80
27 31
68 70
80 84
34 38
84 85
38 43
31 34
70 80
27 31
68 70
85 94
96 99
94 96
80 84
34 38
84 85
38 43
31 34
27 31
85 94
96 99
94 96
75 80
80 84
34 38
68 75
84 85
38 43
31 34
27 31
85 94
75 80
80 84
34 38
98 99
94 98
68 75
84 85
31 34
27 31
85 94
75 80
80 84
98 99
41 43
94 98
68 75
80 83
78 84
83 78
84 85
31 34
27 31
85 94
75 80
98 99
41 43
94 98
78 84
83 78
84 85
31 34
73 83
27 31
68 70
85 94
98 99
41 43
94 98
80 83
78 84
83 78
84 85
31 34
68 69
27 31
85 94
98 99
41 43
94 98
68 75
75 65
84 85
31 34
27 31
85 94
71 84
98 99
82 67
41 43
94 98
78 84
67 78
68 82
84 85
31 34
27 31
85 94
98 99
41 43
94 98
78 84
84 85
31 34
27 31
66 78
85 94
98 99
68 66
41 43
85 90
78 84
90 98
84 85
31 34
27 31
66 78
98 99
68 66
41 43
85 93
78 84
84 85
93 95
31 34
27 31
66 78
95 99
68 66
41 43
85 93
78 84
84 85
93 95
31 34
27 31
66 78
95 99
43 59
68 66
59 60
41 43
60 61
61 64
85 93
78 84
84 85
93 95
31 34
27 31
66 78
95 99
43 59
68 66
59 60
41 43
60 61
61 64
85 93
78 84
84 85
93 95
31 34
27 31
66 78
95 99
0 16
43 59
68 66
16 17
59 60
41 43
17 18
60 61
18 21
61 64
85 93
78 84
84 85
93 95
31 34
27 31
66 78
95 99
0 16
43 59
68 66
16 17
59 60
41 43
17 18
60 61
18 21
61 64
85 93
78 84
84 85
93 95
31 34
27 31
66 78
95 99
21 25
0 16
43 59
68 66
16 17
59 60
41 43
17 18
60 61
18 21
61 64
78 84
84 85
31 34
27 31
66 78
85 94
95 99
21 25
0 16
43 59
68 66
16 17
59 60
41 43
17 18
60 61
18 21
61 64
85 90
78 84
84 85
31 34
27 31
66 78
21 25
88 89
93 88
0 16
43 59
68 66
16 17
59 60
41 43
17 18
60 61
18 21
61 64
85 93
89 96
78 84
84 85
31 34
27 31
66 78
96 99
26 32
21 25
88 89
93 88
0 16
43 59
68 66
16 17
59 60
41 43
17 18
60 61
18 21
61 64
85 93
89 96
78 84
25 26
84 85
66 78
96 99
32 34
21 25
88 89
93 88
0 16
43 59
68 66
16 17
59 60
41 43
17 18
60 61
18 21
61 64
85 93
25 28
89 96
78 84
84 85
28 33
66 78
96 99
21 25
88 89
93 88
0 16
43 59
68 66
82 67
16 17
59 60
41 43
17 18
60 61
18 21
61 64
85 93
25 28
89 96
78 84
67 78
84 85
28 33
96 99
70 73
21 25
88 89
93 88
0 16
43 59
16 17
59 60
41 43
17 18
60 61
18 21
61 64
85 93
25 28
89 96
78 84
84 85
28 33
68 70
96 99
21 25
88 89
69 80
93 88
0 16
43 59
16 17
59 60
41 43
17 18
60 61
18 21
61 64
85 93
80 83
25 28
89 96
84 85
28 33
68 69
96 99
90 86
83 84
21 25
69 80
0 16
43 59
16 17
59 60
41 43
17 18
60 61
18 21
61 64
80 83
25 28
86 91
85 90
84 85
28 33
68 69
96 99
83 84
21 25
69 80
0 16
43 59
16 17
59 60
41 43
17 18
60 61
18 21
61 64
85 93
80 83
25 28
84 85
28 33
68 69
96 99
93 96
83 84
21 25
69 80
0 16
43 59
16 17
59 60
17 18
60 61
18 21
61 64
85 93
80 83
25 28
84 85
28 33
68 69
96 99
93 96
83 84
21 25
69 80
0 16
43 59
16 17
59 60
17 18
60 61
18 21
61 64
85 93
80 83
25 28
84 85
28 33
68 69
96 99
34 40
93 96
83 84
69 80
0 16
43 59
16 17
59 60
17 18
60 61
18 21
61 64
85 93
80 83
84 85
31 34
68 69
27 31
96 99
24 27
34 40
93 96
83 84
69 80
0 16
43 59
16 17
59 60
17 18
60 61
18 21
61 64
80 83
87 93
31 34
68 69
27 31
96 99
66 82
73 78
84 87
24 27
34 40
65 71
93 96
0 16
43 59
68 66
16 17
59 60
17 18
60 61
18 21
61 64
78 84
82 65
87 93
31 34
27 31
96 99
84 87
24 27
34 40
93 96
83 84
69 80
0 16
43 59
68 66
16 17
59 60
17 18
60 61
18 21
61 64
80 83
66 76
87 93
31 34
27 31
96 99
76 69
84 87
44 45
24 27
34 40
93 96
45 46
83 84
69 80
0 16
68 66
16 17
17 18
18 21
80 83
66 76
87 93
31 34
27 31
96 99
43 44
76 69
84 87
1 2
44 45
24 27
34 40
93 96
2 3
45 46
83 84
46 47
69 80
68 66
80 83
66 76
87 93
31 34
27 31
96 99
0 1
43 44
76 69
84 87
1 2
44 45
34 40
93 96
2 3
45 46
83 84
3 4
46 47
69 80
68 66
80 83
23 28
66 76
87 93
28 33
96 99
21 23
0 1
54 55
76 69
84 87
1 2
55 56
34 40
93 96
2 3
56 57
83 84
3 4
69 80
68 66
80 83
23 28
66 76
87 93
28 33
96 99
43 54
21 23
11 12
54 55
76 69
84 87
12 13
55 56
34 40
93 96
13 14
56 57
83 84
69 80
68 66
80 83
23 28
66 76
87 93
28 33
96 99
0 11
43 54
21 23
28 29
11 12
54 55
76 69
84 87
12 13
55 56
93 96
13 14
56 57
83 84
69 80
68 66
41 43
80 83
23 28
66 76
87 93
36 41
96 99
29 36
0 11
43 54
21 23
28 29
11 12
54 55
76 69
84 87
12 13
55 56
93 96
13 14
56 57
83 84
35 40
69 80
68 66
80 83
23 28
66 76
87 93
29 35
96 99
0 11
43 54
21 23
11 12
54 55
76 69
84 87
12 13
55 56
33 37
93 96
13 14
56 57
83 84
69 80
68 66
41 43
80 83
23 28
37 41
66 76
87 93
28 33
96 99
66 82
0 11
43 54
21 23
11 12
54 55
84 87
12 13
55 56
33 37
93 96
13 14
56 57
83 84
79 83
68 66
82 67
41 43
23 28
37 41
67 79
87 93
28 33
96 99
81 83
66 82
0 11
43 54
21 23
11 12
54 55
84 87
12 13
55 56
33 37
93 96
13 14
56 57
83 84
67 81
68 66
82 67
41 43
23 28
37 41
87 93
28 33
96 99
