220
95
22
60
42
31
79
51
9
40
75
28
62
11
89
10
4
15
56
65
74
82
46
55
57
20
87
27
30
64
67
66
68
92
33
69
21
3
13
14
83
58
63
24
73
59
85
49
16
19
61
17
32
70
76
12
41
1
36
53
91
50
34
18
25
5
6
81
39
2
84
72
78
26
80
77
37
90
54
8
43
48
35
86
45
71
44
23
29
38
7
47
52
93
88
47
47
39
78
2
84
26
39
26
39
84
26
39
81
84
39
72
72
36
72
1
18
50
84
47
72
1
78
70
72
53
72
78
70
72
77
49
70
25
70
72
70
72
88
85
61
49
49
63
49
39
78
50
49
77
81
93
41
13
49
61
49
85
13
49
39
72
50
13
49
13
50
13
69
71
13
67
13
50
14
78
30
67
13
34
57
20
77
20
57
13
12
19
57
46
85
77
46
41
77
13
73
70
57
57
39
13
50
89
5
57
92
9
61
51
11
51
11
11
41
9
1
51
9
92
51
341
0 96
7 47
52 47
88 96
0 88
93 96
0 93
52 96
0 52
47 96
0 47
47 96
0 52
7 96
0 7
38 47
47 96
0 38
0 29
29 96
47 96
0 7
23 47
47 96
0 23
0 44
44 96
71 47
38 71
47 96
0 38
0 45
45 96
23 86
0 23
86 96
35 96
0 35
44 48
0 44
48 96
44 43
43 29
29 35
35 96
0 44
8 96
0 8
54 35
0 54
35 96
90 47
45 90
47 96
0 45
37 96
0 37
77 35
0 77
35 96
45 80
80 96
0 45
45 26
26 96
0 45
78 96
0 78
72 96
0 72
84 96
0 84
2 80
0 2
80 96
0 39
72 96
39 72
81 78
0 39
39 81
78 96
2 6
6 84
0 2
84 96
5 45
45 26
0 39
39 5
26 96
39 25
25 26
0 39
26 96
18 84
84 96
0 18
34 26
0 39
39 34
26 96
81 50
50 84
0 39
39 81
84 96
39 91
0 39
91 96
53 72
72 96
0 53
36 72
72 96
0 36
36 72
1 36
72 96
0 1
18 84
1 41
41 18
0 1
84 96
0 12
12 96
81 50
76 81
50 84
0 76
84 96
70 47
47 72
0 70
72 96
32 78
1 32
0 1
78 96
17 72
70 17
0 70
72 96
53 72
61 53
0 61
72 96
19 78
0 19
78 96
70 16
16 72
0 70
72 96
77 49
49 96
0 77
85 49
70 85
0 70
49 96
25 59
59 72
70 25
0 70
72 96
70 73
73 72
0 70
72 96
61 24
24 88
88 85
85 49
0 61
49 96
63 49
0 63
49 96
58 49
63 58
0 63
49 96
39 83
0 39
83 96
14 78
0 14
78 96
50 81
77 49
13 50
0 13
81 77
49 96
93 41
77 49
3 93
41 77
13 3
0 13
49 96
61 21
21 49
0 61
49 96
85 49
69 85
13 69
0 13
49 96
39 33
0 39
33 96
92 72
0 92
72 96
13 50
50 68
68 49
0 13
49 96
0 13
13 66
66 96
13 50
50 67
0 13
67 96
71 64
69 71
13 69
0 13
64 96
13 50
50 67
67 30
0 13
30 96
14 78
78 27
27 96
0 14
87 67
67 30
0 87
30 96
13 20
0 13
20 96
0 57
57 96
34 55
57 34
0 57
55 96
46 77
77 20
0 46
20 96
82 20
0 82
20 96
57 74
0 57
74 96
13 65
0 13
65 96
12 19
19 56
57 12
56 96
0 57
46 77
77 85
85 15
15 96
0 46
41 4
46 77
77 41
4 96
0 46
13 10
10 96
0 13
73 70
70 89
57 73
89 96
0 57
11 96
57 11
0 57
39 62
62 96
0 39
13 50
50 28
28 96
0 13
75 5
5 89
89 96
0 75
57 40
40 96
0 57
9 96
92 9
0 92
0 51
9 96
51 61
61 9
0 51
11 96
51 79
79 11
0 51
31 11
11 96
51 31
11 96
42 11
0 42
0 51
51 60
41 9
9 96
60 1
1 41
9 96
0 22
92 9
22 92
0 51
51 95
95 96
