258
36
49
81
57
56
1
11
21
87
24
54
84
35
26
47
43
62
42
5
16
48
8
15
38
39
7
19
51
3
63
4
32
74
12
65
50
64
58
45
28
75
79
34
40
69
6
30
92
53
25
23
66
29
90
91
72
31
77
93
61
73
44
41
33
70
76
52
18
85
78
9
67
82
67
85
18
9
52
60
68
76
70
60
33
52
70
82
9
70
82
60
33
52
70
41
70
82
14
67
14
33
2
67
78
93
55
14
14
93
78
14
93
14
60
14
91
60
83
68
60
78
68
14
29
78
14
60
61
23
23
78
23
68
60
6
60
76
93
69
23
60
93
23
60
83
23
91
23
73
78
60
60
76
93
58
78
60
68
58
9
14
73
14
60
58
73
78
60
60
93
32
76
60
93
50
83
32
60
78
58
73
82
51
78
82
55
51
78
82
55
78
68
60
51
78
68
55
51
69
82
83
51
78
68
60
8
66
15
51
8
15
51
78
15
7
51
82
5
15
7
78
32
42
30
62
78
30
62
92
2
62
51
47
15
47
62
72
15
83
60
47
30
62
92
42
2
62
42
65
14
47
24
92
54
62
83
81
47
441
68 78
55 78
80 2
14 95
52 2
82 20
88 82
10 27
9 89
89 20
85 20
71 14
82 17
17 94
67 37
82 67
17 94
27 82
9 94
82 9
27 82
14 67
67 37
67 78
78 37
71 14
14 67
85 10
88 85
88 18
18 20
88 85
80 52
52 10
76 18
80 76
18 20
89 20
80 52
52 9
60 68
0 60
70 10
68 70
2 33
76 2
80 76
33 95
60 68
0 60
55 33
70 10
68 70
33 95
80 52
41 95
52 41
9 89
89 20
60 68
0 60
82 9
68 70
70 88
88 82
60 68
0 60
68 70
70 88
2 33
80 52
33 95
70 86
86 44
60 68
0 60
44 41
68 70
41 95
73 82
82 20
70 86
60 68
0 60
86 73
68 70
71 14
60 68
0 60
14 95
61 67
67 14
68 61
2 33
33 95
60 93
93 37
0 60
37 78
78 67
14 95
67 14
60 93
0 60
14 95
93 55
77 14
55 77
14 95
31 14
0 31
60 93
93 37
0 60
14 95
37 72
72 14
60 93
0 60
78 67
14 95
93 55
67 14
14 95
71 14
91 71
0 91
0 60
90 95
60 90
71 29
29 14
14 95
91 71
0 91
60 66
0 60
66 83
60 68
0 60
23 95
68 23
60 68
0 60
78 67
14 95
67 14
68 78
78 55
25 71
71 29
29 14
60 68
0 60
14 95
55 25
0 60
14 95
53 14
60 53
91 61
92 23
23 95
61 92
0 91
68 78
78 55
20 23
27 30
30 89
89 20
55 59
60 68
0 60
23 95
6 95
0 6
69 20
20 23
60 68
0 60
23 95
68 69
76 40
93 76
60 93
40 6
0 60
6 95
69 20
34 69
20 23
60 93
0 60
23 95
93 34
0 60
23 95
79 23
60 79
83 95
75 83
0 75
28 23
23 95
91 28
0 91
45 95
0 45
68 78
58 73
20 23
73 82
78 58
82 20
60 68
0 60
23 95
76 64
93 76
60 93
0 60
64 95
68 78
83 95
22 50
78 58
58 22
60 68
0 60
50 83
68 78
73 9
58 73
65 14
9 65
78 58
60 68
0 60
14 95
60 12
0 60
14 95
12 14
68 78
73 74
83 95
58 73
78 58
60 68
0 60
74 83
60 93
0 60
93 32
32 95
76 4
4 32
93 76
60 93
0 60
32 95
83 95
63 22
22 50
50 83
0 63
3 32
0 60
60 3
32 95
68 78
51 83
83 95
82 51
58 73
73 82
78 58
60 68
0 60
68 78
78 55
51 83
83 95
19 20
82 51
55 19
20 82
60 68
0 60
68 78
78 55
7 88
51 83
83 95
82 51
55 7
88 82
60 68
0 60
68 78
78 39
60 68
0 60
39 95
68 78
78 55
51 83
83 95
55 38
38 20
82 51
20 82
60 68
0 60
69 20
51 83
83 95
82 51
20 82
0 15
15 69
68 78
51 83
78 8
83 95
8 51
60 68
0 60
51 83
78 8
83 95
66 48
8 51
48 78
15 66
0 15
51 83
16 78
78 8
83 95
8 51
0 15
15 16
7 88
51 83
83 95
5 7
82 51
88 82
15 5
0 15
55 78
78 42
5 7
42 95
7 55
15 5
0 15
62 32
0 62
32 95
43 78
13 30
78 42
42 95
62 13
0 62
30 43
89 47
13 30
47 95
62 13
0 62
30 89
92 52
52 2
51 83
83 95
62 92
26 51
0 62
2 26
35 47
47 95
15 35
0 15
47 95
84 47
0 62
62 84
15 72
54 83
83 95
72 54
0 15
24 95
60 24
0 60
87 47
13 30
30 87
47 95
62 13
0 62
92 52
52 2
68 78
21 68
2 21
78 42
42 95
62 92
0 62
14 42
11 65
65 14
42 95
0 11
1 89
89 47
47 95
0 1
56 17
17 24
24 95
0 56
57 54
54 83
92 57
83 95
62 92
0 62
81 95
0 81
49 81
81 95
0 49
0 36
47 95
36 47
