38
11
26
27
13
8
25
21
10
24
5
10
24
10
24
10
24
24
25
4
24
21
10
24
25
24
3
3
27
24
5
13
27
26
6
27
26
21
26
84
3 21
27 6
24 29
0 3
25 20
28 20
4 17
19 20
1 5
48 50
17 20
17 20
10 9
2 24
48 50
24 10
17 20
10 1
5 17
2 24
48 50
24 10
17 20
10 21
21 7
2 24
48 50
24 10
10 1
2 24
48 50
24 10
25 9
19 20
2 24
48 50
24 25
25 4
2 24
48 50
24 25
17 20
21 28
10 21
2 24
48 50
24 10
2 24
48 50
24 25
48 50
3 7
0 3
3 8
48 50
8 20
0 13
48 50
13 20
27 16
48 50
0 27
48 50
27 24
0 27
5 26
0 13
13 5
26 30
48 50
6 26
26 30
48 50
0 27
27 6
6 26
0 3
21 27
26 30
48 50
0 11
11 26
26 30
48 50
