248
11
97
26
64
12
57
82
89
36
3
68
56
33
4
85
69
58
17
54
1
14
67
61
63
51
31
23
66
79
90
37
88
7
81
38
6
73
50
47
71
74
25
94
19
8
48
16
93
29
65
83
10
49
77
92
75
18
20
34
76
60
24
53
35
96
91
87
59
95
40
44
46
84
62
9
72
43
55
98
27
78
28
39
5
15
30
13
41
42
2
70
52
32
45
21
80
22
72
52
78
13
78
28
9
40
72
78
35
41
55
28
53
76
60
76
60
53
20
55
77
20
60
92
83
30
77
20
53
60
93
18
21
60
40
16
34
80
8
16
48
80
16
48
16
48
72
16
16
80
8
50
48
92
50
8
40
71
29
50
53
18
48
21
16
48
48
21
88
8
73
50
87
50
55
48
71
50
55
81
71
87
55
50
88
55
50
35
63
41
63
8
75
63
55
50
1
63
90
1
75
63
1
75
5
73
90
1
63
67
1
48
76
58
1
58
66
76
1
1
73
69
87
1
4
48
1
70
4
48
76
1
58
5
1
68
25
1
69
73
1
50
64
92
26
47
58
58
1
370
0 99
0 22
22 99
80 99
0 80
21 99
0 21
45 99
0 45
0 32
32 99
52 99
0 52
70 99
0 70
0 2
2 99
0 42
42 99
0 41
41 99
86 13
41 86
0 41
13 99
0 30
30 99
41 15
0 41
15 99
5 99
0 5
0 39
39 99
0 28
28 99
0 78
78 99
78 13
13 27
0 78
27 99
78 52
52 98
0 78
98 99
28 55
0 28
55 99
28 55
55 43
0 28
43 99
13 86
78 13
86 72
0 78
72 99
28 9
9 99
0 28
13 62
78 13
62 72
0 78
72 99
84 9
9 99
0 84
28 55
55 43
43 46
46 99
0 28
0 44
44 99
40 72
0 40
72 99
78 52
52 95
95 99
0 78
13 59
78 13
0 78
59 99
28 87
87 99
0 28
91 9
9 99
0 91
96 72
40 96
0 40
72 99
35 99
0 35
78 53
0 78
53 99
41 35
24 41
0 24
35 99
60 99
0 60
0 76
76 99
28 55
34 28
55 60
60 99
0 34
20 53
0 20
53 99
18 60
76 18
60 99
0 76
76 75
75 60
60 99
0 76
0 92
92 99
20 77
77 53
0 20
53 99
20 77
55 49
77 55
49 99
0 20
10 60
20 10
60 99
0 20
92 83
83 99
0 92
30 83
65 30
83 99
0 65
20 77
77 53
53 29
29 99
0 20
93 60
0 93
60 99
0 16
16 99
93 60
60 18
18 21
48 99
21 48
0 93
16 40
40 8
8 99
0 16
16 80
80 19
19 34
34 8
8 99
0 16
16 80
80 94
48 99
94 48
0 16
48 99
25 48
0 25
16 74
48 99
74 48
0 16
72 71
16 72
71 99
0 16
16 80
80 47
47 8
8 99
0 16
0 50
50 99
50 73
73 92
48 99
92 48
0 50
6 40
50 6
40 8
8 99
0 50
53 29
29 38
38 71
50 53
71 99
0 50
18 21
81 18
48 99
21 48
0 81
16 7
48 99
7 48
0 16
48 99
88 21
21 48
0 88
88 37
37 8
8 99
0 88
73 90
50 73
0 50
90 99
50 55
87 79
55 87
79 48
48 99
0 50
50 55
55 66
66 71
71 99
0 50
81 23
0 81
23 99
87 31
31 71
50 55
55 87
71 99
0 50
88 51
51 99
0 88
50 55
55 63
63 99
0 50
61 35
41 63
35 41
63 99
0 61
67 63
63 99
0 67
14 8
0 14
8 99
50 55
55 63
0 1
1 75
75 50
63 99
0 1
54 63
1 54
63 99
75 17
17 90
0 1
1 75
90 63
63 99
5 58
0 1
1 75
75 5
58 99
1 69
73 90
69 73
0 1
90 63
63 99
67 85
0 67
85 99
4 48
0 1
48 99
1 4
1 76
33 58
0 1
76 33
58 99
56 66
1 76
76 56
0 1
66 58
58 99
0 1
1 68
68 99
1 69
87 3
69 73
3 48
0 1
73 87
48 99
36 4
4 48
0 1
1 36
48 99
4 48
0 89
89 70
70 4
48 99
1 76
0 1
76 82
82 99
57 5
5 58
0 1
1 57
58 99
68 25
0 1
25 12
1 68
12 99
1 69
69 73
73 50
50 64
0 1
64 99
0 26
26 92
64 99
92 64
97 47
0 26
26 97
47 58
58 99
1 11
11 58
0 1
58 99
