47
62
30
97
1
2
3
4
5
98
45
44
43
42
41
43
42
23
24
95
93
96
94
31
32
33
34
61
60
59
95
93
94
92
93
92
78
77
76
75
74
96
73
30
31
32
33
34
65
37 99
96 99
0 99
73 99
77 78
93 79
92 93
93 94
0 23
16 99
21 99
44 45
43 17
29 99
29 99
0 1
1 2
2 3
3 4
4 5
5 6
0 97
97 98
98 99
45 99
43 44
43 17
41 42
42 43
43 17
41 42
42 43
23 24
24 25
95 99
94 95
96 93
0 30
30 31
31 32
32 33
33 34
34 35
61 62
62 99
59 60
60 61
0 59
93 94
95 99
94 95
0 92
92 93
0 92
78 79
76 77
75 96
74 75
0 73
0 30
30 31
31 32
32 33
33 34
34 35
