263
29
5
89
76
83
18
26
86
12
54
32
70
50
38
41
91
56
67
35
80
80
80
80
80
35
80
67
35
80
56
67
35
80
91
56
67
35
91
56
67
80
38
91
56
67
80
38
91
56
67
80
38
91
56
67
80
38
91
56
67
50
38
91
56
70
50
38
91
56
70
50
38
91
32
70
50
38
91
52
32
70
50
54
52
32
70
12
54
52
32
86
12
54
52
26
86
54
52
32
26
86
54
52
32
26
86
54
52
26
86
54
52
32
26
86
54
52
32
26
86
54
52
83
26
86
54
76
94
83
26
86
76
83
26
54
89
76
83
26
54
89
76
83
26
12
89
76
83
26
5
89
76
83
26
5
89
76
83
26
5
89
76
83
18
76
5
89
83
18
76
5
89
83
29
94
76
5
83
29
94
76
5
83
29
94
76
5
83
29
94
76
5
32
29
94
76
5
32
29
94
76
5
32
29
94
76
5
32
29
94
76
5
32
29
94
76
5
32
29
94
76
5
52
29
94
76
5
52
29
94
76
5
52
29
94
76
5
52
29
94
76
98
5
29
94
76
98
5
29
94
76
98
12
29
94
76
98
12
29
94
76
98
12
1916
0 99
40 41
45 47
12 14
7 9
96 98
73 75
22 24
64 66
52 53
62 64
1 3
56 57
80 81
35 36
30 32
59 61
94 96
94 93
74 76
13 14
71 72
60 62
8 10
77 79
92 94
45 46
19 21
20 22
9 11
59 60
6 8
2 4
63 65
47 49
15 17
23 25
0 2
95 97
21 23
61 63
15 16
46 48
57 58
73 74
42 44
43 44
42 44
73 74
42 44
57 58
73 74
42 44
46 48
57 58
73 74
42 44
15 16
46 48
57 58
73 74
42 44
61 63
15 16
46 48
57 58
73 74
42 44
21 23
61 63
15 16
46 48
57 58
73 74
42 44
95 97
78 80
21 23
61 63
15 16
46 48
57 58
73 74
80 82
42 44
95 97
78 80
21 23
61 63
15 16
46 48
57 58
73 74
80 82
42 44
0 2
95 97
78 80
21 23
61 63
15 16
46 48
57 58
73 74
80 82
42 44
23 25
0 2
95 97
78 80
21 23
61 63
46 48
57 58
73 74
80 82
42 44
15 17
23 25
33 35
0 2
95 97
78 80
21 23
61 63
46 48
57 58
73 74
80 82
42 44
35 37
15 17
23 25
33 35
0 2
95 97
78 80
21 23
65 67
61 63
46 48
57 58
73 74
80 82
42 44
67 69
35 37
56 58
15 17
23 25
33 35
0 2
95 97
78 80
21 23
55 56
65 67
61 63
46 48
73 74
80 82
42 44
67 69
35 37
90 91
56 58
15 17
23 25
33 35
0 2
95 97
78 80
21 23
91 93
55 56
65 67
61 63
46 48
73 74
80 82
42 44
67 69
35 37
41 43
90 91
56 58
15 17
23 25
33 35
0 2
95 97
39 41
78 80
21 23
91 93
55 56
65 67
61 63
46 48
43 44
73 74
80 82
67 69
35 37
36 38
90 91
56 58
15 17
23 25
0 2
95 97
78 80
21 23
38 40
91 93
55 56
65 67
61 63
46 48
73 74
80 82
42 44
67 69
36 38
90 91
56 58
15 17
23 25
0 2
95 97
78 80
21 23
38 40
91 93
55 56
65 67
61 63
73 74
80 82
42 44
67 69
47 49
36 38
90 91
56 58
15 17
23 25
0 2
95 97
78 80
21 23
38 40
91 93
55 56
65 67
61 63
73 74
80 82
42 44
67 69
63 65
47 49
36 38
90 91
56 58
15 17
23 25
0 2
95 97
78 80
21 23
38 40
91 93
55 56
65 67
61 63
73 74
80 82
42 44
67 69
2 4
63 65
36 38
90 91
56 58
15 17
23 25
0 2
95 97
48 50
78 80
21 23
38 40
91 93
55 56
65 67
61 63
50 51
46 48
73 74
80 82
42 44
67 69
2 4
63 65
36 38
68 70
90 91
56 58
15 17
23 25
0 2
95 97
48 50
78 80
21 23
38 40
91 93
55 56
61 63
50 51
46 48
70 72
80 82
42 44
2 4
63 65
36 38
68 70
90 91
56 58
15 17
23 25
0 2
95 97
48 50
78 80
21 23
38 40
91 93
55 56
61 63
50 51
46 48
70 72
80 82
42 44
6 8
32 34
2 4
63 65
31 32
36 38
68 70
90 91
56 58
15 17
23 25
0 2
95 97
48 50
78 80
21 23
38 40
91 93
55 56
61 63
50 51
46 48
70 72
80 82
42 44
6 8
32 34
2 4
63 65
31 32
36 38
68 70
90 91
15 17
23 25
0 2
95 97
48 50
78 80
21 23
38 40
91 93
61 63
50 51
46 48
70 72
80 82
42 44
6 8
32 34
2 4
63 65
31 32
36 38
68 70
90 91
56 58
15 17
50 52
23 25
0 2
54 56
95 97
48 50
78 80
21 23
38 40
91 93
61 63
52 54
46 48
70 72
80 82
42 44
12 13
6 8
32 34
2 4
63 65
31 32
36 38
68 70
90 91
56 58
10 12
15 17
50 52
23 25
0 2
54 56
95 97
48 50
78 80
21 23
38 40
91 93
61 63
52 54
46 48
70 72
80 82
42 44
12 13
6 8
32 34
2 4
63 65
86 88
31 32
36 38
68 70
90 91
56 58
10 12
15 17
50 52
23 25
0 2
54 56
95 97
48 50
78 80
21 23
38 40
91 93
61 63
52 54
46 48
70 72
84 86
80 82
42 44
12 13
24 26
6 8
32 34
2 4
26 28
63 65
86 88
31 32
36 38
68 70
90 91
56 58
10 12
15 17
50 52
0 2
54 56
95 97
48 50
78 80
21 23
38 40
91 93
61 63
52 54
46 48
70 72
84 86
80 82
42 44
24 26
6 8
32 34
2 4
26 28
63 65
86 88
31 32
36 38
68 70
90 91
56 58
15 17
50 52
0 2
54 56
95 97
48 50
78 80
21 23
38 40
91 93
61 63
52 54
46 48
70 72
84 86
80 82
42 44
9 11
24 26
6 8
32 34
2 4
26 28
63 65
86 88
31 32
36 38
68 70
90 91
56 58
15 17
50 52
0 2
54 56
95 97
48 50
78 80
38 40
91 93
61 63
52 54
46 48
70 72
84 86
80 82
42 44
20 22
9 11
18 20
24 26
6 8
32 34
2 4
26 28
63 65
86 88
31 32
36 38
68 70
90 91
56 58
15 17
50 52
0 2
54 56
95 97
48 50
78 80
38 40
91 93
61 63
52 54
17 18
46 48
70 72
84 86
80 82
42 44
9 11
24 26
6 8
32 34
2 4
26 28
63 65
86 88
31 32
36 38
68 70
90 91
56 58
15 17
50 52
0 2
54 56
95 97
48 50
78 80
21 23
38 40
91 93
61 63
52 54
46 48
70 72
84 86
80 82
42 44
19 21
9 11
24 26
6 8
32 34
2 4
26 28
63 65
86 88
31 32
36 38
68 70
41 43
90 91
56 58
15 17
50 52
0 2
54 56
95 97
39 41
48 50
78 80
21 23
91 93
61 63
52 54
46 48
70 72
84 86
80 82
38 39
45 46
19 21
9 11
81 83
24 26
6 8
32 34
2 4
26 28
63 65
85 86
86 88
31 32
36 38
68 70
83 85
41 43
90 91
56 58
15 17
50 52
0 2
54 56
95 97
39 41
48 50
21 23
91 93
61 63
52 54
46 48
70 72
38 39
75 76
45 46
19 21
9 11
81 83
24 26
6 8
32 34
2 4
26 28
63 65
85 86
86 88
31 32
36 38
68 70
83 85
41 43
90 91
56 58
15 17
50 52
0 2
54 56
76 78
95 97
39 41
48 50
21 23
91 93
61 63
52 54
46 48
70 72
38 39
75 76
45 46
19 21
9 11
81 83
24 26
6 8
32 34
2 4
26 28
63 65
85 86
86 88
31 32
36 38
68 70
83 85
41 43
94 95
56 58
15 17
50 52
0 2
54 56
76 78
95 97
39 41
48 50
21 23
61 63
52 54
46 48
70 72
38 39
75 76
45 46
19 21
9 11
81 83
24 26
6 8
32 34
2 4
26 28
87 89
63 65
31 32
36 38
68 70
83 85
41 43
56 58
15 17
50 52
0 2
54 56
76 78
95 97
39 41
48 50
21 23
91 93
89 91
61 63
52 54
46 48
70 72
38 39
76 77
75 76
45 46
19 21
9 11
81 83
24 26
6 8
32 34
2 4
26 28
87 89
63 65
31 32
36 38
68 70
83 85
41 43
56 58
15 17
50 52
0 2
54 56
95 97
39 41
48 50
21 23
91 93
89 91
61 63
52 54
46 48
70 72
38 39
77 79
76 77
75 76
45 46
19 21
81 83
12 13
24 26
6 8
32 34
2 4
26 28
87 89
63 65
31 32
36 38
68 70
83 85
41 43
56 58
10 12
15 17
50 52
0 2
54 56
95 97
39 41
48 50
21 23
91 93
89 91
61 63
52 54
46 48
70 72
38 39
8 10
77 79
4 5
76 77
75 76
45 46
19 21
5 6
81 83
12 13
24 26
6 8
32 34
2 4
26 28
87 89
63 65
31 32
36 38
68 70
83 85
41 43
56 58
10 12
15 17
50 52
0 2
54 56
95 97
39 41
48 50
21 23
91 93
89 91
61 63
52 54
46 48
70 72
38 39
8 10
77 79
4 5
76 77
75 76
45 46
19 21
5 6
81 83
12 13
24 26
6 8
32 34
2 4
26 28
87 89
63 65
31 32
36 38
68 70
83 85
41 43
56 58
10 12
15 17
50 52
0 2
54 56
95 97
39 41
48 50
21 23
91 93
89 91
52 54
46 48
70 72
38 39
60 62
8 10
77 79
4 5
76 77
75 76
45 46
19 21
5 6
81 83
12 13
24 26
6 8
32 34
2 4
26 28
87 89
63 65
31 32
36 38
68 70
83 85
41 43
56 58
10 12
15 17
70 71
50 52
0 2
54 56
95 97
39 41
48 50
21 23
91 93
89 91
52 54
46 48
38 39
71 72
60 62
8 10
77 79
4 5
76 77
75 76
45 46
20 22
5 6
81 83
18 20
12 13
24 26
6 8
32 34
2 4
26 28
87 89
63 65
31 32
36 38
68 70
83 85
41 43
56 58
10 12
70 71
50 52
0 2
54 56
95 97
39 41
48 50
16 18
91 93
89 91
52 54
46 48
38 39
13 14
71 72
60 62
8 10
77 79
4 5
76 77
45 46
20 22
5 6
81 83
18 20
12 13
24 26
6 8
32 34
2 4
26 28
87 89
63 65
31 32
36 38
68 70
83 85
41 43
56 58
10 12
70 71
50 52
0 2
54 56
95 97
39 41
48 50
16 18
91 93
89 91
52 54
46 48
38 39
27 29
74 76
13 14
71 72
60 62
8 10
77 79
4 5
76 77
45 46
20 22
5 6
81 83
18 20
12 13
6 8
29 31
32 34
2 4
87 89
63 65
31 32
36 38
68 70
83 85
41 43
56 58
10 12
70 71
50 52
23 25
0 2
54 56
95 97
39 41
48 50
16 18
91 93
89 91
52 54
46 48
38 39
27 29
74 76
92 94
13 14
71 72
60 62
8 10
77 79
4 5
76 77
45 46
20 22
5 6
81 83
18 20
12 13
6 8
29 31
32 34
2 4
63 65
85 86
86 88
31 32
36 38
68 70
83 85
41 43
56 58
10 12
70 71
50 52
23 25
0 2
54 56
95 97
39 41
48 50
16 18
52 54
46 48
38 39
27 29
74 76
92 94
13 14
71 72
60 62
8 10
77 79
4 5
76 77
45 46
20 22
5 6
81 83
18 20
12 13
6 8
29 31
32 34
2 4
63 65
85 86
86 88
31 32
36 38
68 70
83 85
41 43
56 58
10 12
70 71
50 52
23 25
0 2
54 56
39 41
48 50
16 18
52 54
46 48
38 39
94 96
27 29
74 76
92 94
13 14
71 72
8 10
77 79
4 5
76 77
45 46
20 22
5 6
81 83
18 20
12 13
6 8
29 31
32 34
2 4
63 65
85 86
86 88
31 32
36 38
68 70
83 85
41 43
10 12
70 71
23 25
0 2
39 41
48 50
16 18
61 63
50 51
46 48
38 39
59 61
94 96
27 29
74 76
92 94
29 30
13 14
71 72
8 10
77 79
4 5
76 77
45 46
20 22
5 6
81 83
18 20
12 13
6 8
32 34
2 4
63 65
85 86
86 88
36 38
68 70
83 85
41 43
10 12
70 71
23 25
0 2
39 41
48 50
16 18
61 63
50 51
46 48
38 39
30 32
59 61
94 96
27 29
74 76
92 94
29 30
13 14
71 72
8 10
77 79
4 5
76 77
45 46
20 22
5 6
81 83
18 20
12 13
6 8
32 34
2 4
63 65
85 86
86 88
36 38
68 70
83 85
41 43
10 12
70 71
23 25
0 2
39 41
48 50
16 18
34 35
61 63
50 51
46 48
38 39
35 36
30 32
59 61
94 96
27 29
74 76
92 94
29 30
13 14
71 72
8 10
4 5
45 46
20 22
5 6
81 83
18 20
12 13
6 8
32 34
2 4
63 65
85 86
86 88
36 38
68 70
83 85
41 43
10 12
70 71
23 25
0 2
76 78
39 41
48 50
16 18
78 80
34 35
61 63
50 51
46 48
38 39
80 81
35 36
30 32
59 61
94 96
27 29
74 76
92 94
29 30
13 14
71 72
8 10
4 5
45 46
20 22
5 6
81 83
18 20
12 13
6 8
32 34
2 4
63 65
85 86
86 88
36 38
68 70
83 85
41 43
10 12
70 71
50 52
23 25
0 2
54 56
76 78
39 41
48 50
16 18
78 80
34 35
61 63
52 54
46 48
38 39
56 57
80 81
35 36
30 32
59 61
94 96
3 5
27 29
74 76
92 94
29 30
13 14
71 72
8 10
45 46
20 22
5 6
81 83
18 20
12 13
6 8
32 34
63 65
85 86
86 88
36 38
68 70
83 85
41 43
10 12
70 71
50 52
23 25
0 2
54 56
76 78
39 41
48 50
16 18
78 80
34 35
61 63
52 54
46 48
38 39
1 3
56 57
80 81
35 36
30 32
59 61
94 96
3 5
27 29
74 76
92 94
29 30
13 14
71 72
8 10
45 46
20 22
5 6
81 83
18 20
12 13
6 8
32 34
85 86
86 88
36 38
68 70
83 85
41 43
10 12
70 71
50 52
23 25
0 2
54 56
76 78
39 41
48 50
16 18
78 80
34 35
52 54
46 48
38 39
62 64
1 3
56 57
80 81
35 36
30 32
59 61
94 96
3 5
27 29
74 76
92 94
29 30
13 14
53 54
71 72
8 10
45 46
20 22
5 6
81 83
18 20
12 13
6 8
32 34
85 86
86 88
36 38
68 70
83 85
41 43
10 12
70 71
50 52
23 25
0 2
54 56
76 78
39 41
48 50
16 18
78 80
34 35
46 48
38 39
52 53
62 64
1 3
56 57
80 81
35 36
30 32
59 61
94 96
3 5
27 29
74 76
92 94
29 30
13 14
53 54
71 72
8 10
45 46
20 22
5 6
81 83
18 20
12 13
6 8
32 34
85 86
86 88
36 38
68 70
83 85
41 43
10 12
70 71
50 52
23 25
0 2
54 56
76 78
39 41
48 50
16 18
78 80
34 35
46 48
38 39
64 66
52 53
62 64
1 3
56 57
80 81
35 36
30 32
59 61
94 96
3 5
74 76
92 94
29 30
13 14
53 54
71 72
28 29
8 10
45 46
20 22
5 6
81 83
18 20
12 13
24 26
6 8
32 34
26 28
85 86
86 88
36 38
68 70
83 85
41 43
10 12
70 71
50 52
0 2
54 56
76 78
39 41
48 50
16 18
78 80
34 35
46 48
38 39
22 24
64 66
52 53
62 64
1 3
56 57
80 81
35 36
30 32
59 61
94 96
3 5
92 94
29 30
13 14
53 54
28 29
8 10
75 76
45 46
20 22
5 6
81 83
18 20
12 13
24 26
6 8
32 34
26 28
85 86
86 88
36 38
68 70
83 85
41 43
10 12
70 71
50 52
0 2
54 56
76 78
39 41
48 50
16 18
78 80
34 35
46 48
38 39
73 75
22 24
64 66
52 53
62 64
1 3
56 57
80 81
35 36
30 32
59 61
94 96
3 5
92 94
29 30
13 14
53 54
28 29
8 10
75 76
45 46
20 22
5 6
81 83
18 20
12 13
24 26
6 8
32 34
26 28
85 86
86 88
36 38
68 70
83 85
41 43
98 97
10 12
70 71
50 52
0 2
54 56
76 78
39 41
48 50
16 18
78 80
34 35
46 48
38 39
96 98
73 75
22 24
64 66
52 53
62 64
1 3
56 57
80 81
35 36
30 32
59 61
94 96
3 5
92 94
29 30
13 14
53 54
28 29
75 76
45 46
20 22
9 11
81 83
18 20
24 26
32 34
26 28
85 86
86 88
36 38
68 70
83 85
41 43
98 97
70 71
50 52
0 2
54 56
76 78
39 41
48 50
16 18
78 80
34 35
46 48
5 7
38 39
96 98
73 75
22 24
64 66
52 53
62 64
1 3
56 57
80 81
35 36
30 32
59 61
94 96
3 5
92 94
29 30
53 54
28 29
8 10
75 76
45 46
20 22
5 6
81 83
18 20
24 26
6 8
32 34
26 28
85 86
86 88
36 38
68 70
83 85
41 43
98 97
10 12
70 71
50 52
0 2
54 56
76 78
39 41
48 50
16 18
78 80
34 35
46 48
38 39
12 14
96 98
73 75
22 24
64 66
52 53
62 64
1 3
56 57
80 81
35 36
30 32
59 61
94 96
3 5
92 94
29 30
53 54
28 29
8 10
75 76
20 22
5 6
81 83
18 20
24 26
6 8
32 34
26 28
47 49
85 86
86 88
36 38
68 70
83 85
41 43
98 97
10 12
70 71
50 52
0 2
49 50
54 56
76 78
39 41
16 18
78 80
34 35
38 39
45 47
12 14
96 98
73 75
22 24
64 66
52 53
62 64
1 3
56 57
80 81
35 36
30 32
59 61
94 96
3 5
92 94
29 30
53 54
28 29
8 10
75 76
20 22
5 6
81 83
18 20
24 26
6 8
32 34
26 28
47 49
85 86
86 88
36 38
68 70
83 85
41 43
98 97
10 12
70 71
50 52
0 2
49 50
54 56
76 78
16 18
78 80
38 40
34 35
