256
73
82
7
35
5
21
76
66
3
61
34
63
74
43
28
90
17
37
10
41
65
40
20
64
11
47
92
69
83
62
31
18
46
29
6
79
13
9
95
93
32
86
33
75
89
2
78
38
50
70
59
14
80
22
42
36
60
12
57
16
49
67
44
27
45
58
68
81
71
96
52
91
26
77
1
55
39
24
4
23
84
88
25
72
8
54
94
97
53
85
30
48
87
51
56
15
15
26
1
77
1
26
88
45
45
24
26
27
88
57
67
45
27
44
12
57
91
49
49
24
39
44
72
44
84
14
57
16
14
58
1
51
14
1
58
91
49
81
77
49
14
91
59
49
16
44
14
1
58
86
86
1
42
57
15
93
1
49
49
86
16
44
9
51
50
57
9
18
45
18
50
57
49
30
69
58
1
92
15
1
58
92
53
30
69
47
15
92
62
14
58
92
85
40
92
42
22
47
92
92
85
40
64
46
92
51
92
22
41
92
22
91
75
92
89
10
90
92
43
8
62
59
28
10
85
92
10
85
92
77
31
10
67
85
65
61
92
20
3
10
11
89
10
92
85
21
89
16
77
3
92
5
21
16
44
35
405
0 98
15 56
0 15
15 98
56 98
0 56
51 98
0 51
87 98
0 87
48 98
0 48
0 30
30 98
30 15
0 30
56 98
0 85
85 98
53 85
0 53
85 98
0 97
97 98
53 30
30 94
0 53
94 98
0 54
54 98
53 8
0 53
8 98
53 30
30 72
72 97
0 53
97 98
25 51
51 97
0 25
97 98
88 97
0 88
97 98
53 84
0 53
84 98
53 30
30 23
0 53
23 98
25 4
0 25
4 98
0 24
24 98
39 98
0 39
24 55
0 24
55 98
30 1
53 30
0 53
1 98
30 1
77 72
72 30
0 77
1 98
24 26
0 24
26 98
94 15
15 56
56 26
91 94
0 91
26 98
51 1
52 51
0 52
1 98
77 96
96 26
0 77
26 98
71 26
0 71
26 98
81 1
0 81
1 98
77 68
0 77
68 98
58 1
0 58
1 98
45 26
0 45
26 98
88 27
45 88
0 45
27 98
0 44
44 98
45 67
0 45
67 98
49 24
24 26
0 49
26 98
44 16
16 88
88 27
0 44
27 98
0 57
57 98
57 12
0 57
12 98
67 60
45 67
0 45
60 98
44 36
36 27
0 44
27 98
57 42
42 12
0 57
12 98
49 91
91 22
0 49
22 98
24 80
49 24
0 49
80 98
39 14
44 39
0 44
14 98
44 72
72 59
0 44
59 98
84 70
58 14
1 58
57 84
70 1
0 57
14 98
57 50
0 57
50 98
44 16
16 38
58 14
1 58
38 1
0 44
14 98
58 14
1 58
78 51
51 1
0 78
14 98
49 91
91 2
0 49
2 98
77 89
81 1
58 14
1 58
49 77
89 81
0 49
14 98
49 91
91 75
75 59
0 49
59 98
44 16
16 33
0 44
33 98
58 14
1 58
86 1
0 86
14 98
86 32
0 86
32 98
1 93
86 1
0 86
93 98
57 42
42 95
0 57
95 98
9 15
1 93
15 1
0 9
93 98
49 13
0 49
13 98
49 79
0 49
79 98
86 6
0 86
6 98
44 16
16 29
29 98
0 44
9 51
51 46
46 98
0 9
50 18
57 50
18 98
0 57
45 31
9 45
31 18
18 98
0 9
62 57
50 18
57 50
18 98
0 62
49 83
83 98
0 49
69 98
0 69
69 30
1 58
30 1
92 98
58 92
0 69
1 58
15 1
92 98
47 15
58 92
0 47
69 30
11 53
53 69
1 58
30 1
92 98
58 92
0 11
15 64
47 15
64 98
0 47
62 20
14 58
20 14
92 98
58 92
0 62
92 98
85 92
0 40
40 85
42 65
92 98
65 92
0 40
40 42
41 22
47 41
92 98
22 92
0 47
10 85
92 98
85 92
0 10
40 37
37 64
0 40
64 98
17 51
92 98
46 92
51 46
0 17
92 98
0 90
90 92
41 22
92 98
28 41
22 92
0 28
43 75
91 22
75 91
92 98
0 43
22 92
89 77
10 85
90 74
77 10
92 98
74 89
85 92
0 90
63 92
43 75
59 62
62 8
8 63
75 59
92 98
0 43
28 34
10 85
34 77
77 10
92 98
85 92
0 28
10 85
77 10
61 77
92 98
85 92
0 61
10 85
31 67
3 31
67 10
0 3
92 98
85 92
66 65
92 98
65 92
61 66
0 61
11 20
3 76
53 11
76 53
10 85
20 10
0 3
92 98
85 92
0 21
89 77
10 85
77 10
21 89
92 98
85 92
0 21
16 44
89 77
44 5
21 89
77 16
5 98
35 98
0 35
3 7
7 92
0 3
92 98
0 21
16 44
21 82
82 16
44 5
5 98
35 98
73 35
0 73
