147
6
68
4
91
56
78
65
85
10
48
7
46
51
73
89
16
5
17
55
64
63
20
5
8
15
5
69
92
89
73
15
59
81
92
69
89
57
73
15
16
55
73
51
57
73
15
44
43
45
57
73
15
53
29
5
73
86
93
3
7
5
57
73
86
15
57
87
44
94
58
10
20
16
24
10
55
60
24
44
8
60
24
44
8
60
7
5
86
5
37
86
5
98
26
26
37
48
98
26
10
55
60
24
26
60
5
86
72
8
58
10
20
24
85
58
10
20
60
16
11
10
55
37
11
17
26
11
64
11
47
11
66
89
92
69
11
29
5
86
72
89
69
35
11
41
69
89
279
38 35
62 99
33 11
0 89
71 64
37 17
66 11
85 60
20 8
72 5
48 18
26 37
5 86
88 36
32 38
49 8
75 24
49 87
57 18
61 3
86 62
67 29
43 83
38 44
52 21
66 12
90 82
50 92
30 63
64 70
17 28
98 5
0 32
21 62
21 62
0 32
21 62
5 42
75 17
0 32
21 62
82 16
55 22
16 55
0 32
21 62
34 84
0 32
82 64
34 84
98 5
0 32
5 42
63 20
89 1
34 84
8 89
0 32
73 25
57 15
15 73
98 5
0 32
5 42
89 1
69 89
92 69
34 84
0 32
73 25
57 15
15 73
51 81
59 51
45 59
0 32
81 57
89 1
69 89
92 69
34 84
82 92
0 32
90 82
73 25
94 57
57 15
15 73
0 32
90 82
82 16
55 22
73 25
16 55
62 73
0 32
21 62
73 25
80 51
57 15
15 73
51 81
44 42
81 57
45 43
0 32
46 81
73 25
45 46
57 15
39 53
15 73
53 45
0 32
81 57
0 32
29 33
5 7
7 88
98 5
0 32
73 25
62 73
39 86
0 32
48 93
98 48
0 32
93 18
5 7
7 61
3 84
98 5
0 32
86 62
15 57
62 73
73 15
39 86
0 32
57 18
38 44
94 57
44 42
87 94
67 10
10 96
0 32
58 20
67 10
10 58
85 18
20 85
0 32
16 82
55 16
67 10
24 60
60 13
10 55
0 32
75 24
38 44
24 60
8 75
60 13
44 42
49 8
75 24
38 44
24 60
8 75
60 13
44 42
0 32
5 7
7 88
98 5
0 32
88 36
86 62
98 5
0 32
5 86
88 36
86 62
37 98
98 5
27 26
65 9
26 65
27 26
26 37
37 98
98 48
27 26
67 10
55 78
60 13
78 60
10 55
0 32
24 60
60 13
26 56
27 26
56 24
5 86
88 36
86 62
0 32
67 72
75 24
58 20
67 10
10 58
24 60
8 75
60 13
0 32
58 20
67 10
10 58
60 13
20 85
0 32
16 82
55 16
67 10
11 99
10 55
0 32
12 66
26 37
66 11
17 28
11 99
27 26
66 11
11 99
0 32
64 82
66 11
11 99
32 91
47 66
91 47
0 32
66 11
11 99
89 69
69 92
82 66
92 82
67 29
11 99
0 32
29 33
72 5
5 86
86 62
0 32
67 72
0 89
4 40
69 4
89 69
62 99
32 38
35 88
0 32
41 68
68 11
11 99
27 41
0 89
89 69
6 99
69 6
