236
49
16
83
53
10
45
35
57
70
21
38
12
92
47
72
36
81
80
42
90
14
82
15
59
30
91
93
4
55
87
29
77
74
71
24
25
73
54
63
76
52
31
65
60
1
84
11
18
44
66
50
78
6
75
13
56
22
20
89
5
27
51
62
34
8
32
67
19
23
69
33
2
58
64
46
17
88
9
3
79
39
85
41
40
48
26
7
86
68
94
43
28
67
33
68
23
34
23
34
5
5
20
46
56
23
85
20
20
6
20
69
20
19
58
66
69
20
46
39
18
66
69
50
84
13
84
39
18
66
18
66
69
5
31
2
66
11
22
46
31
58
11
31
66
69
5
22
11
46
31
11
46
76
31
85
25
66
73
54
66
69
31
88
25
66
84
31
25
31
89
76
4
89
58
31
19
66
4
43
89
5
4
89
5
31
66
91
66
59
56
69
66
30
87
31
4
31
80
4
59
77
30
80
4
59
66
31
37
30
71
30
85
80
30
85
4
80
12
44
60
65
92
28
30
60
38
30
4
30
66
82
82
19
68
83
83
370
0 95
28 95
0 28
0 43
43 95
94 95
0 94
68 95
0 68
0 86
86 95
86 7
7 95
0 86
0 26
26 95
48 95
0 48
40 95
0 40
94 7
41 94
0 41
7 95
85 95
0 85
39 40
40 95
0 39
79 95
0 79
48 3
3 95
0 48
9 95
0 9
88 95
0 88
17 95
0 17
46 95
0 46
64 46
46 95
0 64
68 64
64 46
58 68
46 95
0 58
88 46
2 88
46 95
0 2
64 46
79 64
33 79
46 95
0 33
33 69
0 33
69 95
23 95
0 23
58 19
19 68
64 23
68 64
23 95
0 58
58 19
67 58
19 68
64 23
68 64
23 95
0 67
67 32
32 95
0 67
33 8
8 95
0 33
64 23
68 64
34 68
0 34
23 95
62 23
34 62
0 34
23 95
51 95
0 51
34 27
0 34
27 95
5 95
0 5
5 89
89 95
0 5
5 20
20 95
0 5
22 46
46 20
20 95
0 22
56 95
0 56
23 56
13 23
0 13
56 95
75 85
85 20
20 95
0 75
6 20
20 95
0 6
6 20
78 6
20 95
0 78
69 5
50 69
5 20
20 95
0 50
0 66
66 95
19 58
75 68
58 44
68 19
44 95
0 75
18 69
69 5
5 20
0 66
66 18
20 95
11 46
46 20
20 95
0 11
18 69
39 84
69 5
5 39
0 66
84 95
66 18
50 1
1 95
0 50
13 60
60 84
84 95
0 13
18 69
39 84
69 65
65 39
0 66
84 95
66 18
18 69
69 5
0 66
31 95
5 31
66 18
2 52
0 66
31 95
52 31
66 2
11 46
46 22
22 76
76 95
0 11
11 63
63 58
58 31
31 95
0 11
54 69
69 5
0 66
31 95
5 31
66 54
11 46
22 73
46 22
73 95
0 11
11 46
25 31
31 95
46 25
0 11
24 76
76 95
0 24
25 31
71 85
85 25
0 66
31 95
66 71
74 95
0 74
69 77
54 69
77 73
0 66
73 95
66 54
29 88
25 31
94 29
88 25
0 66
31 95
66 94
87 84
0 87
84 95
25 31
31 95
55 25
0 55
4 89
31 95
0 4
89 31
89 93
4 89
93 76
0 4
76 95
19 58
66 91
58 31
0 66
91 19
31 95
30 95
89 5
4 89
43 30
5 43
0 4
5 59
89 5
4 89
0 4
59 95
15 31
0 66
31 95
66 15
66 91
0 66
82 95
91 82
69 56
56 59
14 69
66 14
0 66
59 95
30 95
90 30
0 90
42 31
87 42
31 95
0 87
4 80
80 31
31 95
0 4
80 81
81 59
4 80
0 4
59 95
36 95
0 36
56 69
69 77
80 56
77 72
72 30
30 95
4 80
0 4
47 59
66 47
0 66
59 95
92 37
37 31
31 95
0 92
30 95
0 12
12 30
38 30
80 85
71 38
85 71
30 95
4 80
0 4
85 21
80 85
30 95
4 80
21 30
0 4
19 58
78 60
70 65
44 70
12 19
38 30
58 44
60 38
30 95
65 78
0 12
92 57
28 30
30 95
57 28
0 92
35 60
38 30
60 38
30 95
4 35
0 4
45 30
30 95
66 45
0 66
10 82
0 10
82 95
53 82
0 53
82 95
0 83
83 95
19 16
0 83
68 19
83 68
16 95
49 95
0 83
83 49
