257
8
51
61
17
37
31
38
92
67
28
3
47
4
87
78
48
74
75
49
22
71
14
25
34
90
96
5
81
53
7
43
16
35
77
21
82
39
45
33
88
69
13
50
40
42
63
19
79
86
26
66
73
44
27
15
54
6
55
10
59
36
56
72
57
9
52
41
11
60
65
1
64
62
29
95
76
32
89
80
84
46
68
18
20
24
83
97
23
97
83
83
20
89
58
1
65
89
58
89
1
11
64
64
29
89
95
57
89
89
58
57
72
89
55
57
10
9
6
68
57
57
64
44
57
6
9
44
89
79
6
84
97
79
6
27
32
64
57
32
79
84
64
79
26
79
69
29
57
79
69
6
97
79
84
57
44
57
69
79
89
82
39
89
44
79
9
84
39
44
89
79
44
57
39
6
44
97
43
68
44
57
69
6
26
79
69
79
24
57
5
39
44
57
6
27
79
84
57
79
84
57
69
79
64
57
16
79
79
59
22
63
22
39
44
97
79
57
69
79
9
44
66
22
78
64
44
69
47
79
1
47
82
22
59
79
58
47
44
78
47
69
22
79
62
35
47
89
82
22
62
79
31
62
22
47
44
61
409
0 99
91 20
0 12
83 30
91 94
23 12
97 99
94 2
85 2
93 2
85 98
94 2
2 97
0 23
97 99
94 2
2 97
97 99
94 2
2 97
83 97
91 94
97 99
94 83
91 94
94 83
83 30
94 83
24 99
91 24
0 23
23 20
20 99
0 12
18 24
24 99
12 18
20 99
0 12
70 68
68 99
0 12
46 97
97 99
12 46
0 23
23 84
84 99
23 80
80 97
0 23
97 99
89 99
0 23
23 89
32 85
89 99
85 89
0 32
76 97
97 99
0 76
89 99
95 89
0 95
23 29
0 23
29 99
0 12
89 99
62 89
12 62
64 99
0 64
1 99
0 1
65 58
58 89
0 12
12 65
89 99
60 1
0 12
65 60
12 65
1 99
11 58
58 89
0 12
89 99
12 11
41 89
89 99
0 41
11 52
52 1
0 12
12 11
1 99
64 9
9 99
0 64
64 57
57 99
0 64
29 72
23 29
72 89
89 99
0 23
95 56
56 85
85 57
57 99
0 95
36 89
0 12
89 99
12 36
59 58
58 89
89 99
0 59
12 10
57 99
0 12
10 57
55 72
72 89
89 99
0 55
6 99
0 12
12 6
55 54
70 57
54 70
57 99
0 55
10 15
12 10
9 99
0 12
15 9
27 6
6 99
0 12
12 27
0 44
44 30
12 73
73 68
68 57
57 99
0 12
66 64
64 57
57 99
0 66
0 44
44 26
26 99
70 57
12 86
86 70
57 99
0 12
0 79
6 99
79 6
0 44
19 9
9 99
44 19
63 89
0 63
89 99
97 6
93 42
0 79
84 93
79 84
42 97
6 99
40 27
0 79
27 6
6 99
79 40
50 32
64 57
32 64
57 99
0 50
93 13
13 32
0 79
64 57
84 93
79 84
32 64
57 99
0 79
79 69
69 26
26 99
70 57
0 79
79 69
88 70
69 29
29 88
57 99
97 6
0 79
79 69
69 33
33 97
6 99
93 45
70 57
0 79
84 93
45 70
79 84
57 99
44 39
0 44
85 57
39 85
57 99
82 89
12 82
0 79
79 69
69 12
89 99
21 12
82 89
12 82
44 39
0 44
39 21
89 99
77 9
0 79
79 84
84 77
9 99
35 89
44 39
0 44
39 35
89 99
0 79
79 16
16 99
44 43
0 44
43 57
57 99
97 6
44 39
0 44
39 7
7 97
6 99
53 57
44 43
43 68
0 44
68 53
57 99
26 81
0 79
79 69
81 6
69 26
6 99
24 5
5 57
0 79
79 69
69 24
57 99
23 96
96 5
5 57
44 39
0 44
39 23
57 99
90 27
27 6
0 90
6 99
34 85
84 34
0 79
85 57
79 84
57 99
84 2
2 25
0 79
79 84
25 57
57 99
69 14
0 79
79 69
64 57
14 64
57 99
0 79
79 16
16 71
71 99
22 99
0 79
59 22
79 59
22 99
49 63
0 49
63 22
75 97
39 75
22 99
44 39
0 44
97 22
74 57
0 79
79 74
57 99
69 48
0 79
79 69
48 99
0 78
78 9
9 99
0 44
44 87
87 99
64 66
66 4
0 78
22 99
4 22
78 64
47 99
0 44
44 47
47 99
0 79
79 69
69 3
3 47
0 28
1 98
98 82
47 99
28 1
82 47
67 58
58 59
79 67
22 99
0 79
59 22
44 92
47 99
0 44
92 47
0 78
47 99
78 38
38 47
69 31
31 62
22 99
0 79
79 69
62 22
0 37
35 89
89 82
37 35
47 99
82 47
17 62
22 99
0 79
62 22
79 17
0 61
31 62
22 99
62 22
61 31
44 51
51 47
47 99
0 44
0 61
61 8
8 99
