219
77
27
89
39
14
4
53
20
2
70
57
61
25
16
12
33
44
58
84
60
9
75
19
43
81
36
41
95
29
1
24
37
15
34
6
3
69
74
55
94
28
64
67
22
90
72
76
47
88
91
86
30
51
92
35
48
7
73
71
46
5
21
62
10
78
85
31
32
38
82
17
93
42
23
49
18
56
68
79
8
54
63
87
26
83
45
80
50
13
66
11
40
65
52
82
68
50
23
78
23
23
56
85
85
85
8
38
85
8
7
85
49
62
38
92
38
92
71
38
86
85
30
82
90
40
92
64
42
40
64
88
71
94
94
62
64
94
69
94
6
94
11
80
6
92
85
6
92
15
6
29
37
34
94
88
35
6
92
43
35
6
1
85
94
43
88
92
6
34
43
94
43
6
71
94
62
58
94
48
42
6
40
43
35
6
58
71
92
6
58
71
6
24
34
94
88
92
6
32
15
58
6
61
24
6
18
94
38
6
51
53
84
68
53
38
33
6
92
6
335
0 96
0 52
52 96
65 96
0 65
40 96
0 40
11 96
0 11
0 66
66 96
0 13
13 96
0 50
50 96
50 59
59 80
0 50
80 96
0 45
45 96
0 83
83 96
26 80
0 26
80 96
87 83
0 87
83 96
63 80
0 63
80 96
0 54
54 96
0 8
8 96
8 79
0 8
79 96
0 68
68 96
63 56
0 63
56 96
0 18
18 96
49 68
0 49
68 96
0 23
23 96
0 42
42 96
18 93
0 18
93 96
18 17
0 18
17 96
0 82
82 96
0 38
38 17
17 96
50 52
82 50
32 23
52 32
0 82
23 96
82 31
0 82
31 96
85 68
0 85
68 96
78 23
82 50
50 78
0 82
23 96
78 23
10 78
38 10
0 38
23 96
62 23
0 62
23 96
68 21
21 56
85 68
0 85
56 96
85 5
0 85
5 96
85 8
8 46
0 85
46 96
38 71
0 38
71 96
0 73
73 96
8 7
85 8
0 85
7 96
0 48
48 96
35 7
0 35
7 96
8 49
49 92
85 8
0 85
92 96
62 51
0 62
51 96
0 30
30 96
38 86
0 38
86 96
91 92
0 91
92 96
88 92
38 88
0 38
92 96
71 47
38 71
0 38
47 96
0 76
76 96
72 86
85 72
0 85
86 96
0 90
90 96
82 22
22 30
0 82
30 96
0 67
67 96
90 40
40 64
0 90
64 96
0 28
28 92
92 96
0 94
94 96
55 42
42 40
0 55
40 64
64 96
71 88
88 74
83 64
0 94
74 83
94 71
64 96
0 94
94 69
69 96
62 3
94 62
3 64
0 94
64 96
0 6
6 69
69 96
94 34
0 94
34 96
0 6
6 15
15 96
0 94
94 37
37 96
6 92
11 80
0 6
92 11
80 24
24 96
85 1
0 85
1 96
6 92
0 6
92 29
29 96
0 95
95 96
0 6
6 15
15 41
41 29
29 96
0 36
36 37
37 96
94 34
34 81
0 94
81 96
6 92
0 6
88 35
92 88
35 43
43 96
6 19
0 6
35 43
19 35
43 96
75 85
85 1
94 75
0 94
1 96
6 92
9 43
0 6
88 9
92 88
43 96
94 34
60 43
0 94
34 60
43 96
6 84
0 6
84 43
43 96
0 94
71 58
94 71
58 96
62 44
94 62
0 94
44 58
58 96
6 48
42 40
40 33
0 6
48 42
33 96
6 12
0 6
12 35
35 43
43 96
6 92
16 71
0 6
92 16
71 58
58 96
0 6
6 25
25 71
71 58
58 96
94 34
61 24
34 61
0 94
24 96
6 92
0 6
92 88
88 57
57 96
15 70
32 58
0 6
6 15
70 32
58 96
2 61
61 24
0 6
6 2
24 96
94 18
0 94
18 20
20 96
0 6
6 38
38 53
53 96
6 84
68 4
51 53
0 6
84 68
4 51
53 96
14 38
0 14
38 53
53 96
0 39
39 33
33 96
0 6
89 96
6 89
0 27
27 96
6 92
0 6
92 77
77 96
