198
62
72
97
2
68
98
79
57
79
57
79
57
79
98
57
79
98
79
98
25
79
98
25
79
68
98
25
79
68
98
25
79
54
68
98
25
55
54
68
96
95
98
95
54
68
98
25
91
95
54
68
92
54
68
98
25
55
68
1
98
25
54
68
98
25
79
54
68
55
98
25
54
88
68
55
89
54
95
98
88
97
54
71
95
98
97
54
71
95
98
97
71
54
95
72
97
71
54
67
72
97
71
54
67
72
97
71
88
54
90
72
97
71
88
90
72
97
71
88
67
90
72
97
71
67
90
72
97
71
67
90
72
97
71
67
90
72
97
36
62
67
90
72
62
67
90
72
97
90
62
91
67
72
62
90
91
67
72
62
90
65
91
67
62
90
65
91
67
65
62
90
91
67
65
62
90
91
67
36
65
62
90
91
36
65
62
90
91
36
65
62
90
91
36
65
62
90
91
994
19 20
73 23
30 31
36 37
0 1
65 15
25 75
64 65
62 63
90 91
81 82
36 86
10 11
56 57
17 67
59 60
89 90
88 38
82 83
67 68
27 28
71 21
87 88
55 5
54 4
43 44
41 91
95 45
95 96
53 54
76 77
84 85
24 25
8 9
42 92
13 14
7 57
33 34
79 80
78 79
33 34
79 80
57 58
78 79
33 34
7 57
79 80
57 58
78 79
33 34
13 14
7 57
98 99
48 98
79 80
57 58
78 79
33 34
13 14
7 57
98 99
48 98
79 80
57 58
78 79
33 34
42 92
13 14
98 99
48 98
79 80
78 79
33 34
8 9
42 92
13 14
98 99
48 98
79 80
25 26
78 79
33 34
18 68
24 25
8 9
42 92
13 14
68 69
98 99
48 98
79 80
25 26
78 79
33 34
18 68
24 25
8 9
42 92
13 14
68 69
98 99
48 98
79 80
25 26
78 79
84 85
18 68
24 25
8 9
42 92
13 14
68 69
98 99
48 98
79 80
25 26
78 79
76 77
84 85
18 68
24 25
8 9
42 92
13 14
68 69
98 99
54 55
48 98
79 80
55 56
25 26
78 79
53 54
76 77
84 85
18 68
24 25
8 9
42 92
13 14
68 69
98 99
54 55
48 98
79 80
96 46
94 95
55 56
25 26
78 79
53 54
76 77
84 85
18 68
24 25
8 9
42 92
13 14
68 69
98 99
54 55
48 98
79 80
94 95
55 56
25 26
78 79
95 45
53 54
76 77
84 85
18 68
24 25
8 9
13 14
91 92
68 69
98 99
54 55
48 98
79 80
92 93
94 95
55 56
25 26
78 79
53 54
76 77
84 85
18 68
24 25
8 9
13 14
68 69
98 99
54 55
48 98
79 80
55 56
25 26
78 79
2 3
43 44
76 77
84 85
18 68
24 25
8 9
1 2
13 14
51 1
68 69
98 99
48 98
79 80
25 26
78 79
43 44
53 54
76 77
84 85
18 68
24 25
8 9
13 14
68 69
98 99
48 98
79 80
25 26
78 79
43 44
53 54
76 77
84 85
18 68
24 25
8 9
13 14
68 69
98 99
54 55
48 98
79 80
25 26
78 79
55 5
43 44
53 54
76 77
84 85
18 68
24 25
8 9
89 39
13 14
68 69
98 99
54 55
48 98
88 89
79 80
25 26
78 79
87 88
55 5
43 44
95 96
45 95
53 54
76 77
84 85
97 98
18 68
24 25
8 9
89 39
13 14
96 97
68 69
98 99
54 55
88 89
79 80
25 26
78 79
87 88
55 5
43 44
95 96
45 95
53 54
76 77
84 85
97 98
18 68
24 25
8 9
89 39
13 14
96 97
68 69
98 99
70 71
54 55
88 89
79 80
25 26
78 79
71 21
87 88
55 5
43 44
95 96
45 95
53 54
84 85
97 98
18 68
24 25
8 9
89 39
13 14
96 97
68 69
98 99
70 71
54 55
88 89
79 80
29 79
25 26
87 88
55 5
71 72
43 44
95 96
45 95
53 54
76 77
84 85
97 98
18 68
8 9
89 39
13 14
72 73
96 97
68 69
98 99
70 71
54 55
88 89
79 80
78 79
87 88
55 5
71 72
43 44
95 96
45 95
53 54
76 77
84 85
97 98
8 9
66 67
89 39
13 14
72 73
96 97
68 69
98 99
70 71
54 55
88 89
79 80
78 79
67 68
87 88
55 5
71 72
43 44
95 96
45 95
53 54
76 77
84 85
97 98
8 9
66 67
89 39
13 14
72 73
96 97
68 69
98 99
70 71
54 55
88 89
79 80
78 79
82 83
67 68
87 88
55 5
71 72
43 44
95 96
45 95
53 54
76 77
84 85
97 98
8 9
66 67
13 14
72 73
96 97
68 69
98 99
70 71
54 55
79 80
78 79
82 83
67 68
87 88
55 5
71 72
43 44
95 96
45 95
53 54
90 40
76 77
84 85
97 98
8 9
66 67
13 14
72 73
96 97
68 69
98 99
70 71
54 55
88 89
79 80
78 79
89 90
82 83
67 68
87 88
55 5
71 72
43 44
95 96
45 95
53 54
90 40
76 77
84 85
97 98
66 67
13 14
7 57
72 73
96 97
68 69
98 99
70 71
54 55
88 89
79 80
57 58
78 79
59 60
89 90
82 83
67 68
87 88
55 5
71 72
43 44
95 96
45 95
53 54
90 40
76 77
84 85
97 98
13 14
7 57
72 73
96 97
68 69
98 99
70 71
54 55
88 89
79 80
57 58
78 79
17 67
59 60
89 90
82 83
67 68
87 88
71 72
43 44
95 96
45 95
53 54
90 40
76 77
84 85
97 98
13 14
72 73
96 97
68 69
98 99
70 71
54 55
88 89
79 80
55 56
57 58
78 79
56 57
17 67
89 90
82 83
67 68
87 88
71 72
43 44
95 96
45 95
53 54
90 40
76 77
84 85
97 98
8 9
13 14
57 7
72 73
96 97
68 69
98 99
70 71
54 55
88 89
79 80
55 56
78 79
56 57
62 12
17 67
59 60
89 90
82 83
67 68
61 62
87 88
71 72
43 44
95 96
45 95
53 54
90 40
76 77
84 85
97 98
13 14
72 73
96 97
68 69
98 99
70 71
54 55
88 89
79 80
55 56
57 58
78 79
35 36
56 57
62 12
17 67
59 60
89 90
67 68
61 62
87 88
71 72
43 44
95 96
45 95
53 54
90 40
76 77
97 98
13 14
72 73
96 97
68 69
98 99
70 71
54 55
88 89
79 80
55 56
57 58
78 79
33 34
56 57
62 12
17 67
59 60
89 90
82 83
67 68
61 62
87 88
71 72
43 44
95 96
45 95
53 54
90 40
76 77
84 85
97 98
13 14
72 73
96 97
68 69
98 99
70 71
54 55
88 89
79 80
55 56
57 58
78 79
81 82
56 57
62 12
17 67
59 60
89 90
82 83
67 68
61 62
87 88
71 72
95 96
53 54
76 77
84 85
97 98
13 14
72 73
91 92
96 97
68 69
98 99
70 71
54 55
88 89
79 80
92 93
94 95
55 56
57 58
78 79
90 91
81 82
56 57
17 67
59 60
89 90
82 83
67 68
61 62
87 88
71 72
95 96
53 54
76 77
84 85
97 98
13 14
72 73
91 92
96 97
68 69
98 99
70 71
54 55
88 89
79 80
92 93
94 95
55 56
57 58
78 79
62 63
90 91
81 82
56 57
59 60
89 90
82 83
67 68
61 62
87 88
71 72
95 96
53 54
65 66
76 77
84 85
97 98
66 67
72 73
91 92
96 97
68 69
98 99
70 71
54 55
88 89
79 80
92 93
94 95
55 56
57 58
78 79
64 65
72 22
62 63
90 91
81 82
56 57
59 60
89 90
82 83
67 68
61 62
87 88
71 72
95 96
53 54
65 66
76 77
84 85
97 98
24 25
66 67
91 92
96 97
68 69
98 99
70 71
54 55
88 89
79 80
92 93
94 95
55 56
57 58
78 79
25 75
64 65
72 22
62 63
90 91
81 82
56 57
17 67
59 60
89 90
82 83
67 68
61 62
87 88
71 72
95 96
53 54
76 77
84 85
97 98
24 25
91 92
96 97
68 69
98 99
70 71
54 55
88 89
79 80
92 93
94 95
55 56
57 58
78 79
65 15
25 75
64 65
72 22
62 63
90 91
81 82
56 57
17 67
2 52
59 60
89 90
82 83
67 68
61 62
87 88
71 72
95 96
53 54
76 77
84 85
97 98
24 25
1 2
91 92
96 97
68 69
98 99
70 71
54 55
88 89
79 80
92 93
94 95
55 56
57 58
78 79
0 1
65 15
86 36
25 75
64 65
72 22
62 63
90 91
81 82
56 57
17 67
38 88
2 52
59 60
89 90
82 83
67 68
61 62
71 72
95 96
53 54
76 77
84 85
97 98
24 25
1 2
91 92
96 97
68 69
98 99
70 71
54 55
88 89
79 80
92 93
94 95
55 56
57 58
78 79
36 37
0 1
65 15
64 65
72 22
62 63
90 91
35 36
27 28
56 57
17 67
38 88
2 52
59 60
89 90
67 68
61 62
71 72
95 96
53 54
97 98
24 25
1 2
91 92
96 97
68 69
98 99
70 71
54 55
88 89
92 93
94 95
55 56
25 26
57 58
33 34
30 31
36 37
0 1
65 15
64 65
62 63
90 91
35 36
27 28
56 57
17 67
38 88
2 52
59 60
89 90
67 68
61 62
71 72
95 96
53 54
97 98
24 25
1 2
72 73
91 92
96 97
68 69
98 99
70 71
54 55
88 89
92 93
94 95
55 56
25 26
57 58
33 34
30 31
36 37
0 1
65 15
64 65
62 63
90 91
35 36
27 28
56 57
17 67
38 88
2 52
59 60
89 90
67 68
61 62
95 96
53 54
97 98
68 18
24 25
1 2
91 92
96 97
98 99
54 55
88 89
92 93
94 95
55 56
25 26
57 58
33 34
