109
84
78
41
64
46
73
27
60
57
33
23
32
25
63
10
83
66
53
17
45
66
66
50
66
50
14
40
63
79
63
61
61
25
6
61
25
36
66
45
66
53
61
1
25
32
65
6
74
61
61
26
49
1
30
33
66
10
32
16
60
17
32
26
60
30
66
53
24
12
26
60
49
73
26
49
10
63
73
60
17
60
17
54
61
28
73
49
87
68
16
32
60
64
61
46
54
41
14
12
40
41
30
33
9
12
41
59
54
12
191
30 69
14 12
88 46
0 62
68 16
18 28
10 63
70 26
53 12
55 13
66 30
74 6
48 87
45 34
6 11
72 35
44 79
29 11
58 14
7 47
55 50
69 24
20 17
7 45
61 71
11 61
61 71
11 61
19 53
53 69
61 71
11 61
61 71
11 61
45 69
17 45
66 75
70 66
61 71
11 61
66 75
70 66
66 75
70 66
50 62
61 71
11 61
67 83
83 86
66 75
70 66
20 10
10 55
55 50
50 62
14 40
40 72
58 63
63 42
61 71
11 61
43 25
25 72
58 63
63 42
61 71
11 61
58 63
79 61
63 42
61 71
61 71
11 61
43 25
25 72
61 71
36 6
25 36
11 61
43 25
66 75
70 66
7 45
66 75
32 71
70 66
69 53
53 32
23 1
20 23
61 71
1 61
9 33
25 9
33 85
43 25
57 85
52 57
65 32
35 72
32 71
72 65
6 11
48 87
61 71
11 61
38 74
61 71
60 26
1 61
49 1
18 60
30 33
33 85
70 66
17 20
20 10
10 55
32 71
16 32
18 60
60 17
26 27
32 71
60 26
18 60
27 32
66 30
24 69
30 24
70 66
69 53
12 89
26 49
60 26
73 71
18 60
49 73
26 49
73 71
49 73
17 20
20 10
63 73
73 71
18 60
60 17
17 46
54 89
18 60
46 54
60 17
61 71
88 64
64 61
28 48
48 87
73 71
49 73
87 49
60 68
32 71
16 32
18 60
61 71
62 64
64 61
54 89
46 54
0 41
41 39
0 41
41 40
40 14
12 89
41 9
53 12
9 33
0 41
33 30
69 53
12 89
59 78
78 54
0 41
41 38
38 59
54 89
84 12
0 84
12 89
