81
32
30
20
33
45
43
19
6
29
49
12
16
42
2
7
41
22
47
31
26
8
14
48
44
25
18
38
1
21
46
36
17
37
39
28
13
24
35
9
3
27
4
11
10
5
34
40
15
21
24
3
8
38
21
8
38
9
18
31
8
21
13
7
41
2
25
2
3
21
7
21
22
8
8
31
16
46
4
33
19
8
169
0 50
15 50
0 15
40 50
0 40
34 50
0 34
5 50
0 5
0 10
10 50
11 50
0 11
4 50
0 4
27 50
0 27
3 27
27 50
0 3
0 9
9 50
35 27
0 35
27 50
0 24
24 50
0 13
13 50
35 28
0 35
28 50
0 39
39 50
0 37
37 50
17 50
0 17
0 36
36 50
36 9
9 46
46 50
0 36
3 21
36 3
21 50
0 36
1 46
0 1
46 50
36 38
38 50
0 36
18 46
0 18
46 50
23 1
18 23
1 25
25 38
38 50
0 18
4 46
46 1
39 4
1 25
0 44
25 38
44 39
38 50
44 48
0 44
48 50
14 21
21 50
0 14
0 8
8 24
24 21
21 50
0 8
3 21
8 26
26 3
21 50
0 31
31 38
38 50
0 8
8 47
21 50
47 21
0 8
9 36
8 22
22 9
36 38
38 50
18 41
23 18
0 31
31 23
41 21
21 50
0 8
24 7
7 21
8 24
21 50
0 2
13 7
2 13
7 21
21 50
13 42
42 18
18 41
0 2
2 13
41 21
21 50
16 1
2 16
1 25
0 2
25 38
38 50
3 21
12 3
0 12
21 50
49 24
0 8
24 7
8 49
7 21
21 50
0 8
8 22
22 29
29 50
0 6
6 50
0 8
8 19
19 50
31 43
0 31
43 50
0 45
45 50
16 1
1 46
46 33
2 16
0 2
33 50
20 50
0 20
4 46
46 33
0 30
30 4
33 50
19 32
0 8
8 19
32 50
