217
98
49
87
77
83
96
58
81
35
33
34
90
9
91
75
18
54
82
52
27
14
36
12
61
93
80
42
3
59
79
95
40
20
60
31
88
50
32
16
30
67
74
62
70
48
73
66
65
43
44
5
71
53
41
37
56
68
26
17
25
47
85
10
15
19
39
28
86
89
63
55
29
24
7
22
13
85
64
63
45
13
76
69
39
56
39
7
39
69
13
68
39
7
89
7
69
68
53
55
25
71
65
25
89
71
65
89
43
37
51
64
15
41
48
65
51
51
74
64
51
74
15
51
62
41
48
51
74
22
51
51
51
7
51
48
31
8
51
31
60
51
65
88
15
51
65
88
25
3
60
51
2
59
15
8
48
51
79
60
51
4
93
66
48
13
73
3
65
25
3
60
51
36
73
59
15
79
51
14
3
60
51
54
36
18
51
79
43
88
93
51
93
90
82
31
36
51
48
51
9
54
14
3
51
54
36
51
54
14
3
71
58
77
58
35
51
35
372
0 99
15 99
69 21
21 68
7 99
39 21
21 99
0 39
69 92
0 46
1 99
1 92
1 76
1 13
1 45
1 63
64 99
21 38
1 85
13 99
1 38
21 22
21 7
92 99
92 24
29 99
55 99
92 63
0 21
1 46
0 89
86 21
1 21
28 21
0 28
0 1
0 86
89 21
0 1
0 21
92 39
39 99
0 21
63 99
0 21
92 55
0 21
92 29
24 99
0 21
0 21
92 99
0 21
7 92
21 19
19 92
92 99
0 21
92 99
0 15
15 92
92 99
10 92
0 10
0 21
22 99
21 85
85 92
92 99
0 21
0 1
0 21
21 13
47 92
92 99
0 47
85 92
92 99
0 1
0 25
92 99
25 92
0 21
1 64
0 1
0 1
63 99
45 99
0 1
13 99
0 1
76 99
0 1
0 17
17 99
92 99
0 1
0 1
0 26
26 99
68 99
1 68
0 1
92 99
0 69
92 99
39 99
56 99
0 56
0 21
37 56
0 46
46 37
56 99
0 39
21 99
39 21
21 7
0 39
69 41
41 13
0 69
13 99
39 21
68 99
0 39
7 99
0 53
53 7
89 71
0 89
71 99
7 99
0 46
46 5
5 7
21 68
68 99
0 69
53 44
44 55
55 99
0 53
43 99
0 43
25 65
65 99
0 25
25 65
66 25
89 71
71 66
0 89
65 99
89 71
71 73
73 65
0 89
65 99
37 43
51 48
48 37
43 99
70 64
64 99
0 70
0 15
62 41
0 51
41 65
48 62
51 48
65 99
0 51
51 74
74 99
0 51
38 67
74 38
67 64
51 74
64 99
15 99
0 51
74 38
38 30
30 15
51 74
62 41
0 51
48 62
41 16
51 48
16 99
22 32
0 51
74 22
51 74
32 99
46 50
0 46
50 99
0 88
88 99
0 51
31 99
51 31
0 51
51 60
60 99
20 7
0 51
7 99
51 20
48 40
8 31
0 51
40 8
31 99
51 48
60 95
95 31
0 51
31 99
51 60
79 99
65 79
88 65
0 88
15 99
59 15
0 51
51 59
65 25
25 3
3 99
88 65
0 88
2 3
60 42
42 2
0 51
3 99
51 60
15 99
46 80
59 15
80 8
8 59
0 46
0 51
93 99
48 93
51 48
1 4
60 61
4 79
61 1
0 51
79 99
51 60
48 12
12 66
66 13
0 51
93 99
13 93
51 48
65 25
36 73
0 51
73 65
25 3
3 99
51 36
60 14
14 3
0 51
3 99
51 60
15 99
36 73
73 27
59 15
0 51
27 59
51 36
52 79
79 99
0 52
0 51
51 82
82 99
3 54
60 14
14 3
54 99
0 51
51 60
18 99
0 18
54 99
75 54
0 75
36 91
0 51
91 18
18 99
51 36
88 9
9 43
79 99
43 79
0 88
21 93
90 21
0 51
93 99
51 90
82 34
34 8
21 93
8 31
90 21
31 90
0 51
93 99
51 82
36 33
0 51
33 99
51 36
35 99
0 51
48 35
51 48
81 14
3 54
88 9
9 81
14 3
54 99
0 88
0 51
58 99
51 58
36 96
96 54
54 99
0 51
51 36
3 54
83 71
14 3
0 83
54 99
71 14
92 58
77 92
58 99
0 77
77 87
87 58
58 99
0 77
51 49
35 99
49 35
0 51
35 99
0 98
98 35
