180
44
54
1
32
73
2
28
25
20
14
60
77
61
45
49
15
11
76
67
48
13
8
58
59
5
36
40
57
9
30
4
18
16
74
68
27
53
37
34
33
24
31
70
75
51
42
65
46
26
69
50
62
66
66
23
23
66
78
6
46
17
47
17
26
46
7
17
39
17
26
23
17
71
17
26
17
6
23
17
39
17
26
17
72
3
65
17
71
3
23
17
70
23
17
71
46
70
65
70
42
21
65
21
50
71
50
21
50
71
50
71
17
39
17
39
71
16
42
50
21
18
39
21
39
39
21
50
21
16
50
21
21
50
21
36
21
47
48
50
67
21
26
76
67
6
76
30
67
47
67
76
67
47
76
67
47
78
45
67
47
21
76
39
76
78
67
76
78
21
15
76
67
47
67
47
1
67
47
76
6
305
64 79
0 21
38 19
55 65
17 72
39 10
26 55
17 23
71 10
46 7
47 38
56 78
55 35
66 23
66 35
38 29
52 55
52 55
62 35
19 62
38 29
52 55
38 29
52 55
55 66
50 12
52 50
38 29
38 29
52 55
55 66
43 69
69 23
38 29
23 38
66 23
35 66
38 29
23 38
52 55
78 22
38 29
17 26
26 63
46 63
38 29
6 46
17 6
46 56
0 17
56 65
65 29
6 46
0 17
26 47
38 29
17 26
17 6
0 17
7 29
6 46
0 17
39 71
26 39
17 26
0 17
38 29
23 38
71 10
0 17
17 26
42 10
17 6
0 17
6 42
17 23
0 17
23 51
51 10
0 17
26 39
17 26
0 17
72 3
3 29
26 55
65 19
19 71
71 10
0 17
17 26
75 10
64 75
70 3
3 29
0 70
19 71
71 10
17 23
23 31
0 17
31 19
22 24
70 22
0 70
24 10
19 71
71 10
17 23
0 17
23 38
39 10
46 39
33 46
22 33
70 22
0 70
65 19
34 65
19 71
70 34
71 10
0 70
42 10
21 42
55 65
37 35
0 21
65 19
19 71
71 10
35 55
21 37
0 21
21 50
71 10
50 53
53 71
12 27
0 21
21 50
50 12
27 10
0 21
21 50
19 71
12 68
71 10
68 19
50 12
0 21
21 50
71 10
50 74
74 71
0 16
16 10
39 10
18 39
17 72
72 18
0 17
39 10
17 4
0 17
4 39
16 30
71 10
30 71
0 16
12 9
0 21
21 50
9 42
50 12
42 10
39 10
18 39
0 21
21 57
57 18
39 10
40 39
0 40
39 10
0 21
36 39
21 36
56 5
0 21
21 50
50 56
5 79
0 59
59 79
16 58
0 16
58 79
0 21
21 50
50 8
8 79
0 21
21 13
13 79
50 48
0 21
21 50
48 79
47 67
0 21
36 47
67 79
21 36
0 76
76 48
48 79
26 67
50 11
0 21
21 50
11 26
67 79
15 79
0 15
76 6
0 76
49 67
6 49
67 79
45 38
47 67
76 30
38 47
0 76
16 45
30 16
67 79
61 67
67 79
0 61
47 67
19 38
38 47
76 77
0 76
77 19
67 79
47 67
60 47
76 78
0 76
56 60
78 56
67 79
45 38
47 67
21 14
38 47
0 21
14 45
67 79
39 20
10 39
0 76
64 79
20 64
76 10
76 78
78 25
0 76
25 67
67 79
76 78
0 76
28 79
78 28
2 15
21 2
0 21
15 79
76 73
0 76
64 79
73 64
47 67
32 38
38 47
0 32
67 79
47 67
0 1
1 47
67 79
47 67
0 1
1 54
54 43
43 47
67 79
44 64
76 6
0 76
6 44
64 79
