214
23
50
82
3
10
60
52
15
36
7
55
41
78
8
16
51
30
39
18
21
33
67
13
27
76
79
80
68
58
73
40
31
20
22
77
37
17
83
4
43
92
44
54
53
71
38
85
48
81
6
64
62
46
91
32
87
86
72
12
14
61
34
66
89
63
25
1
84
19
88
49
57
69
29
35
11
65
28
26
75
24
70
45
5
2
74
90
59
9
47
42
9
2
57
9
57
29
75
9
57
25
35
57
47
35
34
14
26
34
14
14
19
88
88
34
14
14
72
47
70
85
85
6
85
49
85
32
61
85
86
63
32
53
38
85
85
47
57
61
43
17
61
74
85
85
77
85
85
63
32
31
32
90
31
32
58
20
48
63
11
80
40
38
31
32
58
22
80
37
11
80
20
67
11
80
20
40
58
21
40
31
40
58
31
51
26
58
12
51
26
75
41
46
78
78
8
58
78
7
69
58
36
80
91
60
78
74
58
51
26
34
36
9
60
346
0 93
59 9
42 93
0 42
47 93
0 47
9 93
0 9
59 93
0 59
9 93
0 59
90 93
0 90
74 93
0 74
0 2
2 93
2 5
5 93
0 2
45 93
0 45
70 93
0 70
24 93
0 24
0 75
75 93
42 24
26 42
0 26
24 93
26 75
75 28
0 26
28 93
65 59
59 24
0 65
24 93
65 11
11 93
0 65
75 35
26 75
0 26
35 93
75 35
29 75
0 29
35 93
26 69
69 93
0 26
57 93
0 57
49 57
57 93
0 49
29 88
88 93
0 29
65 59
59 5
47 57
19 65
5 47
57 93
0 19
84 9
19 65
65 84
9 57
57 93
0 19
1 88
29 1
88 93
0 29
59 5
47 57
25 59
5 47
0 25
57 93
0 63
63 93
2 57
89 2
0 89
57 93
66 9
9 57
57 93
0 66
34 93
0 34
35 34
75 35
29 75
61 29
0 61
34 93
14 9
9 57
0 14
57 93
12 75
35 34
75 35
25 12
0 25
34 93
47 57
72 47
0 72
57 93
35 34
86 35
0 86
34 93
14 87
0 14
87 93
26 34
32 26
0 32
34 93
14 91
0 14
91 93
14 46
0 14
46 93
19 62
62 88
72 19
0 72
88 93
64 88
0 64
88 93
6 34
0 6
34 93
14 81
81 93
0 14
14 48
48 93
0 14
47 85
72 47
85 93
0 72
47 85
38 70
70 47
85 93
0 38
71 63
63 85
6 71
85 93
0 6
53 85
85 93
0 53
54 49
49 85
32 54
85 93
0 32
44 86
61 44
86 63
63 85
85 93
0 61
32 92
92 93
0 32
53 43
43 93
0 53
4 85
38 4
85 93
0 38
57 47
83 57
47 85
85 93
0 83
17 43
61 17
43 93
0 61
17 74
74 37
37 47
47 85
61 17
85 93
0 61
77 85
85 93
0 77
77 85
22 77
85 93
0 22
63 85
20 63
0 20
85 93
32 31
31 93
0 32
32 31
40 90
90 32
31 93
0 40
73 93
0 73
32 31
31 93
58 32
0 58
58 68
68 93
0 58
63 48
48 80
80 93
20 63
0 20
79 11
11 80
80 93
0 79
40 76
76 38
38 32
32 31
31 93
0 40
58 27
27 93
0 58
13 80
22 13
80 93
0 22
67 37
37 11
11 80
20 67
80 93
0 20
67 33
33 11
11 80
20 67
80 93
0 20
21 93
40 21
0 40
58 18
18 93
0 58
21 39
39 93
40 21
0 40
40 30
30 31
31 93
0 40
51 93
58 51
0 58
16 31
31 93
0 16
26 51
51 93
0 8
8 26
58 78
78 93
0 58
12 75
26 51
41 12
51 93
0 41
75 26
41 46
46 55
55 78
0 41
78 93
7 58
58 78
8 7
78 93
0 8
36 69
7 58
58 78
69 7
0 36
78 93
36 15
0 36
15 93
0 52
52 93
0 60
60 91
91 80
80 93
0 60
60 74
58 78
74 10
10 58
78 93
0 3
26 51
3 34
51 93
34 26
36 82
0 36
82 93
0 60
60 9
9 50
50 93
0 23
23 93
