254
63
34
17
71
42
52
39
49
70
91
16
62
87
2
15
40
58
80
33
3
75
60
44
46
66
85
56
13
29
74
19
55
51
21
53
78
47
27
28
86
76
43
35
22
95
41
32
5
57
90
8
18
89
30
83
37
81
54
4
64
9
73
92
79
93
68
14
6
67
84
77
1
72
23
12
20
69
82
98
45
48
96
88
61
10
25
65
31
94
7
26
11
97
50
24
36
59
36
23
96
23
23
97
6
23
14
23
77
23
14
23
14
23
88
14
23
23
96
23
72
45
7
81
81
45
59
81
69
14
81
45
10
14
81
23
14
67
23
23
4
36
9
4
23
93
9
23
88
45
67
5
23
95
67
5
23
79
22
95
67
95
67
5
23
22
83
95
67
9
23
4
76
67
95
93
9
23
88
14
23
4
14
23
23
14
97
67
95
4
23
9
41
88
26
22
45
67
55
14
43
67
76
95
4
23
55
9
9
67
95
46
13
9
22
46
12
95
45
3
48
81
79
3
48
21
3
12
77
58
12
3
77
40
48
21
3
40
58
60
58
11
15
60
94
60
60
94
91
39
70
58
58
34
69
420
0 99
36 59
59 99
0 59
0 36
36 99
59 99
0 36
0 24
24 99
0 50
50 99
50 97
0 50
97 99
11 99
0 11
26 99
0 26
7 26
0 7
26 99
94 99
0 94
31 94
94 99
0 31
65 99
0 65
25 99
0 25
10 99
0 10
61 99
0 61
88 99
0 88
96 61
61 99
0 96
48 25
97 36
36 61
25 97
61 99
0 48
45 26
26 38
38 61
61 99
0 45
45 25
98 10
25 98
10 99
0 45
82 99
0 82
69 99
0 69
98 10
20 98
10 99
0 20
0 12
12 99
23 99
0 23
72 23
23 99
0 72
38 97
97 23
1 38
23 99
0 1
77 12
97 23
12 25
25 97
23 99
0 77
84 23
23 99
0 84
0 67
67 99
61 96
96 23
6 61
23 99
0 6
38 97
97 23
14 38
23 99
0 14
68 23
6 68
23 99
0 6
93 23
23 99
14 93
0 14
79 97
97 23
77 79
23 99
0 77
92 97
97 23
14 92
23 99
0 14
73 23
14 73
23 99
0 14
9 88
0 9
88 99
14 64
97 23
64 97
23 99
0 14
4 23
23 99
0 4
54 96
96 23
23 99
0 54
81 45
14 81
45 72
72 23
23 99
0 14
14 81
81 7
37 97
7 37
97 23
23 99
0 14
45 83
81 45
14 81
83 72
72 23
23 99
0 14
81 45
14 81
45 59
30 23
59 30
23 99
0 14
89 69
14 89
0 14
69 99
81 45
14 81
18 97
45 18
97 23
23 99
0 14
8 10
14 8
0 14
10 99
14 81
81 90
90 23
23 99
0 14
67 57
57 23
23 99
0 67
5 4
4 23
23 99
0 5
36 4
4 23
32 36
9 32
23 99
0 9
88 41
9 88
41 93
93 23
23 99
0 9
95 45
5 4
45 25
67 95
4 23
25 5
23 99
0 67
95 22
5 4
67 95
4 23
22 5
23 99
0 67
95 22
22 45
79 97
45 35
35 79
67 95
97 23
23 99
0 67
43 99
0 43
95 76
76 25
5 4
67 95
4 23
25 5
23 99
0 67
95 22
22 45
45 83
86 5
5 4
83 86
67 95
4 23
23 99
0 67
9 28
4 23
28 4
23 99
0 9
95 76
76 27
67 95
0 67
27 99
47 93
88 47
9 88
93 23
23 99
0 9
78 4
4 23
14 78
23 99
0 14
14 53
53 23
23 99
0 14
21 97
14 21
97 23
23 99
0 14
51 4
95 51
67 95
4 23
23 99
0 67
88 41
9 88
41 55
55 99
0 9
95 22
22 45
45 26
19 23
38 19
26 38
67 95
23 99
0 67
14 74
74 43
43 55
55 99
0 14
95 76
76 29
67 95
29 99
0 67
13 4
4 23
23 99
0 13
56 55
9 56
55 99
0 9
85 99
0 85
9 66
66 99
0 9
95 46
67 95
46 99
0 67
13 44
44 46
46 99
0 13
60 99
0 60
9 75
75 99
0 9
22 95
95 46
12 22
3 12
46 99
0 3
48 21
21 81
25 48
45 83
3 25
81 45
83 33
33 99
0 3
79 80
48 21
25 48
3 25
21 97
97 79
80 60
60 99
0 3
12 77
77 58
3 12
58 99
0 3
12 77
77 58
3 12
40 3
58 99
0 40
48 21
21 15
15 60
25 48
3 25
40 3
60 99
0 40
40 2
2 58
58 99
0 40
87 60
60 99
0 87
62 58
58 99
0 62
15 60
16 11
11 15
60 99
0 16
94 60
0 91
60 99
91 94
94 60
0 70
60 99
70 94
0 91
49 99
91 49
39 99
0 39
0 52
52 99
42 39
39 99
0 42
71 58
0 70
70 71
58 99
17 58
0 17
58 99
0 34
34 99
63 99
0 34
34 69
69 63
