251
2
9
21
60
10
65
69
28
74
29
22
76
89
6
91
71
15
73
84
26
79
24
78
83
18
86
34
43
20
55
5
41
46
16
44
13
17
25
4
1
58
40
51
48
87
62
53
52
12
98
68
96
50
72
7
32
23
70
14
57
80
35
47
67
36
92
33
95
61
93
54
66
81
19
30
11
64
27
31
63
77
59
56
45
85
97
94
82
3
42
90
49
39
38
37
75
88
38
75
45
11
85
95
11
93
61
33
95
67
81
92
67
67
61
80
67
92
85
61
63
11
92
54
63
72
31
23
97
72
23
68
96
97
23
98
96
63
23
7
92
32
63
96
98
52
48
63
96
23
63
96
23
23
85
1
75
1
23
63
23
63
31
23
4
1
23
63
47
81
13
59
25
13
13
5
16
23
13
55
5
13
36
13
1
85
81
13
23
23
18
13
16
4
23
63
92
13
83
11
81
23
32
84
11
18
84
32
11
85
23
26
18
85
13
84
5
11
23
62
84
32
85
23
71
83
23
84
16
23
63
84
23
59
63
22
23
22
24
84
23
85
18
32
18
85
23
18
21
85
21
98
391
0 99
75 90
38 75
88 99
0 88
75 99
0 75
0 37
37 99
0 38
38 99
75 99
0 38
39 88
0 39
88 99
0 49
49 99
90 99
0 90
38 75
90 99
0 38
42 99
0 42
39 3
0 39
3 99
82 99
0 82
37 94
94 99
0 37
97 99
0 97
49 85
85 99
0 49
49 45
45 85
85 99
0 49
49 56
56 99
0 49
49 59
59 99
0 49
77 59
59 99
0 77
63 59
59 99
0 63
31 99
0 31
27 85
85 99
0 27
64 85
85 99
0 64
11 45
45 85
85 99
0 11
30 85
85 99
0 30
19 85
85 99
0 19
11 81
81 56
56 99
0 11
11 66
0 11
66 99
11 54
54 56
56 99
0 11
45 93
11 45
93 99
0 11
61 85
85 99
0 61
95 99
0 95
33 95
95 99
0 33
92 99
11 92
0 11
61 93
36 99
93 36
0 61
95 67
33 95
67 99
0 33
81 47
11 81
47 67
67 99
0 11
35 92
92 99
0 35
80 67
67 99
0 80
57 67
61 57
67 99
0 61
14 80
80 67
67 99
0 14
70 92
92 99
0 70
23 99
85 23
61 85
0 61
63 23
32 63
23 99
11 32
0 11
7 92
92 99
0 7
63 23
72 54
59 63
54 56
56 59
23 99
0 72
72 50
23 99
50 31
31 23
0 72
23 99
96 97
97 23
0 96
68 97
72 68
23 99
97 23
0 72
68 97
96 98
98 68
23 99
97 23
0 96
96 98
98 12
12 99
0 96
63 23
23 99
52 63
0 52
53 7
7 92
92 99
0 53
63 23
62 32
96 98
32 63
98 62
23 99
0 96
87 99
52 87
0 52
0 48
48 99
48 51
51 99
0 48
63 23
96 40
23 99
40 63
0 96
58 63
63 23
23 99
96 58
0 96
23 99
85 23
1 85
0 1
1 4
0 1
4 99
25 99
0 25
63 23
1 75
17 63
75 17
23 99
0 1
63 23
23 99
0 13
13 63
44 31
23 99
31 23
0 44
16 63
63 23
4 16
23 99
1 4
0 1
46 59
81 47
63 23
59 63
47 46
13 81
23 99
0 13
13 41
41 25
0 13
25 99
13 5
0 13
5 99
16 63
63 23
5 55
55 16
23 99
13 5
0 13
5 55
55 20
13 5
0 13
20 99
43 99
0 43
34 99
0 34
86 36
36 99
0 13
13 86
85 18
18 99
1 85
0 1
81 83
13 81
23 99
83 23
0 13
78 23
23 99
0 78
18 99
13 24
24 18
0 13
16 63
63 23
4 16
79 4
23 99
0 79
13 26
26 92
0 13
92 99
81 83
84 11
11 81
23 99
0 84
83 23
85 18
73 32
84 11
32 85
18 99
11 73
0 84
85 18
81 15
15 32
84 11
11 81
32 85
18 99
0 84
71 23
23 99
0 71
13 26
85 18
91 85
26 91
18 99
0 13
6 71
5 6
71 23
84 11
11 5
23 99
0 84
85 18
89 62
84 89
62 32
32 85
18 99
0 84
71 23
76 71
23 99
0 76
22 83
0 22
23 99
83 23
16 63
63 23
29 16
84 29
23 99
0 84
84 74
74 59
63 23
59 63
23 99
0 84
28 23
22 28
0 22
23 99
24 69
69 99
0 22
22 24
65 23
84 65
23 99
0 84
85 18
10 85
18 99
0 10
85 18
60 32
0 60
32 85
18 99
0 21
23 99
21 23
0 21
85 18
9 85
21 9
18 99
98 2
0 21
21 98
2 99
