281
97
14
40
10
3
45
35
51
94
62
76
41
68
92
71
55
67
79
16
64
54
39
24
5
81
75
91
38
48
73
31
28
34
7
23
20
90
25
11
36
78
17
82
22
37
13
83
42
60
43
86
53
59
93
77
6
85
18
4
1
74
27
98
80
56
46
72
84
50
89
32
26
88
9
95
21
69
33
8
96
2
57
66
29
61
58
30
19
12
63
47
65
44
70
52
70
70
26
21
66
26
21
84
95
84
26
84
95
72
84
84
95
27
69
1
98
52
98
27
1
70
27
85
27
46
1
98
27
98
98
6
57
93
98
1
74
98
6
57
70
93
74
74
98
6
70
13
50
53
77
85
27
6
70
50
74
6
70
74
98
74
98
74
74
96
11
74
15
74
25
59
74
72
25
53
77
85
23
23
30
23
74
34
78
46
23
28
2
11
12
26
23
11
12
80
73
11
23
6
23
74
59
25
74
75
59
23
25
31
23
74
26
53
23
74
59
25
74
26
11
23
74
6
74
23
28
53
23
74
30
26
11
23
74
78
23
34
31
16
28
23
39
59
74
26
16
70
23
34
74
81
23
41
44
54
26
23
66
51
54
24
66
23
72
54
51
36
98
41
51
5
34
67
41
51
9
3
98
51
54
66
492
70 87
49 15
0 87
52 99
15 52
70 15
0 70
52 99
15 52
70 49
0 70
52 99
15 52
0 70
44 52
52 99
0 44
0 65
65 99
0 47
47 99
0 63
63 99
0 12
12 99
0 19
19 52
52 99
30 63
19 30
0 19
63 99
12 65
65 58
58 52
0 12
52 99
19 44
44 61
0 19
61 99
0 29
29 99
66 99
19 66
0 19
12 65
65 58
58 57
57 66
66 99
0 12
19 2
66 99
2 66
0 19
12 96
96 66
66 99
0 12
19 8
8 15
15 66
66 99
0 19
19 8
8 52
52 33
33 66
66 99
0 19
69 15
15 66
66 99
0 69
69 44
61 21
44 61
21 99
0 69
95 21
61 95
69 44
44 61
21 99
0 69
9 96
96 66
66 99
0 9
88 21
9 88
21 99
0 9
26 66
88 21
9 88
21 26
66 99
0 9
88 32
9 88
32 99
0 9
26 66
89 21
21 26
66 99
0 89
50 66
66 99
0 50
95 21
26 66
84 95
21 26
0 84
66 99
95 21
26 66
84 95
21 72
72 26
0 84
66 99
84 46
26 66
46 26
0 84
66 99
95 21
21 32
26 66
32 56
84 95
56 26
0 84
66 99
72 80
95 21
84 95
21 72
80 66
0 84
66 99
98 99
0 98
88 27
95 21
21 32
32 88
84 95
27 98
98 99
0 84
0 74
74 99
44 27
1 69
69 44
27 98
0 74
74 1
98 99
1 4
0 74
74 1
4 98
98 99
52 18
0 74
18 98
74 52
98 99
85 27
1 46
46 85
27 98
0 74
74 1
98 99
44 27
70 50
6 70
74 6
27 98
50 44
0 74
98 99
85 27
77 85
58 77
1 58
27 98
0 74
74 1
98 99
1 46
46 93
0 74
93 98
74 1
98 99
59 98
98 99
0 59
44 27
74 53
53 19
27 98
0 74
19 44
98 99
86 98
98 99
0 86
43 57
57 93
74 6
0 74
6 43
93 98
98 99
1 60
60 98
0 74
74 1
98 99
42 57
57 93
70 42
6 70
74 6
0 74
93 98
98 99
0 74
74 83
83 99
0 74
74 13
13 99
37 98
98 99
0 37
50 22
72 13
22 72
70 50
6 70
74 6
0 74
13 99
88 27
27 85
85 77
77 72
72 13
82 88
74 53
53 82
0 74
13 99
17 98
50 17
70 50
6 70
74 6
0 74
98 99
78 98
70 78
6 70
74 6
0 74
98 99
36 98
0 74
74 36
98 99
74 11
0 74
11 99
74 25
0 74
25 99
74 11
96 90
11 96
0 74
90 99
15 20
74 25
25 15
0 74
20 99
23 99
72 23
74 25
25 59
59 72
0 74
23 99
7 85
85 77
77 72
72 23
74 53
53 7
0 74
30 23
23 99
34 30
0 34
23 99
28 23
74 28
0 74
46 31
23 99
34 78
31 23
78 46
0 34
12 73
11 12
2 28
23 99
73 2
74 11
28 23
0 74
48 26
11 12
23 99
26 23
74 11
12 48
0 74
80 72
12 73
11 12
38 80
23 99
72 23
74 11
73 38
0 74
23 99
6 91
91 23
74 6
0 74
59 75
74 25
25 59
75 99
0 74
59 75
23 99
81 23
75 81
74 25
25 59
0 74
23 99
31 23
5 31
74 5
0 74
24 66
53 24
23 99
26 23
66 26
74 53
0 74
59 39
39 99
74 25
25 59
0 74
54 66
23 99
11 54
26 23
66 26
74 11
0 74
64 99
6 64
74 6
0 74
23 99
16 28
28 23
0 16
30 23
23 99
53 79
79 30
74 53
0 74
11 67
23 99
26 23
67 26
74 11
0 74
23 99
78 55
34 78
55 23
0 34
71 46
46 31
23 99
28 71
31 23
16 28
0 16
92 59
59 39
39 99
74 92
0 74
70 68
23 99
16 70
68 26
26 23
0 16
34 41
41 99
0 34
74 76
76 99
0 74
62 81
23 99
81 23
0 62
94 44
41 99
44 41
0 94
54 66
0 51
51 54
23 99
26 23
66 26
54 66
0 51
66 24
51 54
35 99
24 35
23 99
45 72
0 45
72 23
54 66
3 99
98 3
0 51
36 98
51 54
66 36
34 41
0 51
5 10
10 34
41 99
51 5
51 9
11 40
0 51
67 11
9 67
40 44
41 99
44 41
3 99
98 3
0 14
14 98
54 66
66 97
0 51
51 54
97 99
