241
66
81
11
3
30
35
65
21
77
76
84
12
64
20
79
38
53
23
95
69
83
59
87
17
58
36
8
68
60
6
51
5
1
24
55
47
92
94
37
33
63
52
10
61
80
75
71
9
40
22
62
49
74
7
85
14
67
98
97
91
43
78
86
26
19
32
2
72
29
31
34
13
57
70
90
42
18
56
48
39
44
88
48
82
44
39
18
18
82
48
46
88
90
96
82
89
88
89
90
2
82
72
32
88
72
90
46
82
91
90
86
82
91
2
85
82
2
82
25
2
82
67
82
14
89
7
82
9
32
88
91
2
89
82
89
7
82
90
63
46
49
91
63
46
37
63
61
33
67
89
82
63
82
7
94
96
37
63
90
1
96
63
63
82
46
31
1
49
96
26
1
37
96
1
96
63
1
63
46
1
96
4
72
89
36
8
1
60
1
96
8
1
46
36
36
1
96
37
8
1
51
82
23
96
1
53
1
96
71
1
96
98
68
20
88
2
64
68
20
88
84
20
12
2
96
1
23
96
1
90
20
8
1
12
23
1
23
12
20
1
88
408
96 16
0 28
0 82
4 16
4 25
39 73
0 88
82 28
15 41
15 27
89 99
41 73
93 54
27 88
88 54
89 99
44 25
15 44
15 39
39 28
82 48
89 99
48 46
89 99
73 48
41 73
89 99
48 46
15 82
89 99
44 25
88 44
0 56
56 16
18 73
73 48
89 99
48 46
0 18
18 39
73 48
89 99
48 46
0 18
18 39
39 42
89 99
42 46
0 18
90 46
89 99
0 90
18 4
89 99
0 18
18 4
0 18
89 99
0 70
70 89
57 70
89 99
0 57
70 89
57 13
0 57
13 45
82 28
34 96
96 90
90 46
89 99
0 34
31 46
0 82
48 31
82 48
89 99
46 89
0 88
88 29
29 99
90 96
0 28
28 90
72 16
0 72
2 25
0 82
82 2
89 99
25 89
0 88
88 32
89 99
32 89
90 19
0 28
28 90
19 99
2 25
0 82
82 2
25 26
26 45
0 72
72 86
86 45
0 88
32 78
88 32
78 99
16 43
72 16
43 45
0 72
46 91
0 28
90 46
28 90
91 99
0 82
82 97
97 99
0 28
28 98
98 99
46 91
82 67
90 46
0 82
67 90
91 99
0 14
14 86
86 45
0 28
28 85
85 45
82 7
0 82
7 45
0 74
74 99
2 25
49 91
25 49
0 82
82 2
91 99
85 93
93 62
62 45
0 28
28 85
0 82
82 22
22 99
2 25
0 82
82 2
25 40
40 99
2 15
0 82
82 2
15 9
9 99
82 67
0 82
67 71
71 99
0 14
54 75
75 89
14 54
89 99
80 45
82 7
7 80
0 82
0 88
61 91
91 9
32 61
88 32
9 99
15 10
2 15
0 82
82 2
10 89
89 99
82 7
7 52
0 82
52 89
89 99
0 28
28 63
63 99
33 90
46 63
28 33
0 28
90 46
63 99
37 16
16 49
49 91
46 63
91 46
0 28
28 37
63 99
37 94
0 28
94 63
28 37
63 99
61 92
33 61
28 33
0 28
92 99
28 47
0 28
47 99
67 55
82 67
0 82
55 89
89 99
82 7
24 63
7 24
0 82
63 99
16 37
1 96
96 16
37 94
0 1
94 63
63 99
5 46
1 96
90 5
46 63
0 1
96 90
63 99
51 46
82 51
46 63
0 82
63 99
16 49
31 6
1 96
96 16
49 31
0 1
6 99
16 37
1 96
37 26
96 16
0 1
26 60
60 99
1 96
68 63
96 16
0 1
16 68
63 99
1 8
8 46
46 63
0 1
63 99
1 96
96 16
0 1
16 4
4 36
36 99
58 89
72 58
0 72
89 99
1 8
8 17
0 1
17 36
36 99
87 60
1 96
0 1
96 87
60 99
1 8
46 59
8 46
0 1
59 99
83 45
45 36
0 83
36 99
69 36
0 69
36 99
16 37
1 96
96 16
0 1
37 95
95 99
1 8
8 51
0 1
23 99
51 23
82 53
0 82
53 99
1 96
96 38
0 1
23 99
38 23
1 96
16 79
96 16
79 53
0 1
53 99
1 96
71 20
98 71
0 1
96 98
20 99
0 88
64 68
68 2
88 64
2 15
15 20
20 99
0 12
12 99
84 15
0 88
64 68
68 2
2 84
88 64
15 20
20 99
93 76
84 15
0 12
12 93
2 84
76 2
15 20
20 99
1 96
0 1
77 99
96 77
16 21
1 96
96 16
0 1
21 23
23 99
1 8
90 65
65 20
0 1
8 90
20 99
0 12
12 93
93 35
35 99
30 23
1 30
0 1
23 99
3 23
0 12
12 93
93 3
23 99
0 11
11 20
20 99
81 99
0 1
1 81
88 66
0 88
66 99
