220
62
10
61
22
21
52
69
72
46
84
27
41
78
50
44
12
9
2
80
83
67
70
85
60
91
53
58
25
47
56
33
88
82
37
40
74
51
71
94
13
55
4
66
93
16
23
30
64
45
14
89
81
19
17
54
86
5
7
28
49
48
57
18
63
11
24
1
20
3
34
90
26
79
59
6
42
73
32
87
68
15
31
39
77
92
8
75
65
36
29
38
43
35
1
90
34
6
90
18
90
57
90
57
57
57
49
5
86
75
42
48
90
36
7
90
57
39
3
90
36
5
57
39
87
3
5
64
90
42
57
64
90
42
57
43
86
7
57
5
39
57
5
57
5
5
86
5
45
5
74
51
5
74
64
13
57
57
15
51
74
5
57
75
88
8
87
88
88
8
87
58
8
87
88
91
77
58
91
58
13
58
68
67
58
25
91
88
83
13
83
68
83
68
91
83
88
91
83
70
83
83
68
84
91
25
88
72
91
25
83
67
84
83
68
9
13
15
9
22
84
357
0 95
0 35
35 95
0 43
43 95
0 38
38 95
29 95
0 29
0 36
36 95
0 65
65 95
0 75
75 95
75 8
0 75
8 95
75 92
0 75
92 95
0 77
77 95
0 39
39 95
39 77
77 31
0 39
31 95
0 15
15 95
15 68
0 15
68 95
39 87
0 39
87 95
39 77
77 32
0 39
32 95
73 68
39 73
0 39
68 95
42 32
0 42
32 95
0 6
6 95
87 8
39 87
8 59
0 39
59 95
39 87
87 79
0 39
79 95
87 8
39 87
8 26
0 39
26 95
90 68
0 90
68 95
90 34
0 90
34 95
87 3
39 87
0 39
3 95
90 42
20 26
42 20
0 90
26 95
0 1
1 95
24 1
0 24
1 95
90 34
34 11
0 90
11 95
6 63
0 6
63 95
90 18
0 90
18 95
57 90
90 18
0 57
18 95
34 48
57 90
90 34
0 57
48 95
57 49
0 57
49 95
57 28
0 57
28 95
57 7
0 57
7 95
5 95
0 5
0 86
86 95
49 54
57 49
54 5
0 57
5 95
86 17
0 86
17 95
42 75
57 90
90 42
75 19
19 5
0 57
5 95
34 48
57 90
90 34
48 81
0 57
81 95
7 89
57 7
89 36
36 5
0 57
5 95
57 90
90 68
68 14
0 57
14 95
87 3
39 87
3 45
57 39
0 57
45 95
90 64
57 90
64 36
36 5
0 57
5 95
57 30
30 5
0 57
5 95
87 3
39 87
3 23
57 39
23 5
0 57
5 95
90 64
64 42
42 16
57 90
16 5
0 57
5 95
90 64
64 42
57 90
42 93
0 57
93 95
86 43
43 66
66 95
0 86
7 4
4 5
57 7
0 57
5 95
55 5
39 55
57 39
0 57
5 95
57 13
13 5
0 57
5 95
94 5
5 95
0 94
86 71
71 5
5 95
0 86
51 45
0 51
45 95
74 5
5 95
0 74
74 5
51 40
40 74
5 95
0 51
37 74
74 5
57 13
13 64
64 37
0 57
5 95
57 82
0 57
82 95
88 95
0 88
33 15
15 74
74 5
51 33
5 95
0 51
57 56
0 57
56 95
47 75
8 87
75 8
87 88
88 95
0 47
25 88
88 95
0 25
58 8
8 87
87 88
88 95
0 58
53 95
0 53
58 8
8 87
88 91
91 95
87 88
0 58
58 77
91 95
60 91
77 60
0 58
13 85
91 95
58 13
85 91
0 58
70 95
58 70
0 58
67 95
0 67
83 68
68 67
67 95
0 83
58 80
80 95
0 58
25 88
88 91
91 95
2 25
0 2
9 95
13 9
0 83
83 13
12 95
83 68
0 83
68 12
44 95
83 68
68 44
0 83
83 50
88 91
91 95
0 83
50 88
91 95
78 91
0 83
83 78
41 70
70 95
0 83
83 41
0 27
27 95
84 95
68 84
83 68
0 83
84 95
46 84
0 46
25 88
88 91
91 95
72 25
0 72
25 69
69 91
91 95
72 25
0 72
83 52
52 67
67 95
0 83
83 21
21 68
84 95
68 84
0 83
0 22
9 95
13 9
22 13
15 9
9 95
0 61
61 15
0 10
10 95
0 22
22 62
84 95
62 84
