201
84
48
65
78
44
1
43
63
34
23
64
35
50
61
54
12
30
86
77
17
85
31
18
6
24
26
2
46
27
15
3
40
41
60
8
10
74
76
71
75
5
49
55
16
25
70
28
53
4
20
52
66
79
87
29
9
37
67
73
11
68
82
22
14
39
56
13
59
33
19
51
58
83
72
33
33
13
59
13
19
80
56
51
33
56
22
56
19
83
56
83
83
52
59
56
79
79
83
79
83
20
25
87
83
87
79
79
16
83
71
16
83
19
79
36
74
25
4
76
5
87
74
25
79
41
74
15
22
15
29
83
2
83
15
22
56
74
71
6
74
6
19
56
15
79
85
25
83
71
87
6
83
74
85
19
6
56
15
6
79
56
66
17
6
83
2
17
29
83
46
17
83
83
83
59
4
64
15
8
63
71
36
63
15
35
79
1
41
35
83
1
34
3
67
34
10
51
35
83
34
51
357
83 88
13 80
69 7
32 36
69 51
21 45
72 57
38 83
0 81
21 7
58 45
62 58
0 81
83 42
72 51
51 80
0 81
19 36
81 19
0 81
72 33
33 80
0 81
57 59
59 88
81 72
57 59
59 88
0 81
81 13
13 36
0 81
33 21
45 59
72 33
81 72
59 88
0 81
56 69
0 56
21 45
33 21
51 33
45 59
56 69
0 56
59 88
13 32
81 13
0 81
45 59
56 69
0 56
59 88
0 56
56 39
39 88
81 13
0 81
38 83
19 38
0 56
56 19
83 88
69 51
51 14
14 38
38 83
56 69
0 56
56 22
22 59
0 56
59 88
83 88
22 69
69 7
56 22
7 82
82 38
38 83
0 56
68 42
56 68
0 56
83 88
11 82
22 69
69 11
56 22
82 38
38 83
0 56
73 42
62 73
62 67
67 88
56 37
37 80
0 56
80 88
83 88
69 51
22 69
33 9
51 33
56 22
9 83
0 56
56 29
29 42
0 56
83 88
56 22
87 83
22 87
0 56
83 88
79 19
38 83
19 38
0 79
56 66
66 88
0 56
83 88
38 83
52 38
0 52
83 88
20 38
38 83
0 20
83 88
59 4
52 59
0 52
4 83
56 53
53 88
0 56
79 62
62 28
28 88
0 79
83 88
70 38
79 62
62 70
38 83
0 79
83 88
79 25
25 83
0 79
16 88
0 16
83 88
25 20
20 55
79 25
55 83
0 79
83 88
49 47
87 83
47 87
0 49
83 88
5 87
87 83
79 5
0 79
79 75
75 88
0 79
83 88
16 71
71 83
0 16
83 88
16 71
76 16
71 83
0 76
19 74
79 19
74 88
0 79
10 88
0 10
8 36
25 74
36 25
74 88
0 8
83 88
76 4
4 60
60 5
5 87
87 83
0 76
25 74
41 25
74 88
0 41
40 88
0 40
3 88
0 3
79 15
15 88
0 79
27 74
41 27
74 88
0 41
22 15
15 88
46 22
0 46
2 29
0 2
15 88
29 15
83 88
0 26
26 83
83 88
2 24
0 2
24 83
22 15
6 56
56 22
0 6
15 88
71 18
18 74
6 71
74 88
0 6
6 56
56 31
31 19
19 74
74 88
0 6
79 15
85 79
15 88
0 85
83 88
17 83
25 17
85 25
0 85
77 87
83 88
71 77
6 71
87 83
0 6
86 19
85 86
19 74
74 88
0 85
6 56
56 30
0 6
30 88
56 12
12 79
79 15
6 56
0 6
15 88
54 17
83 88
56 66
6 56
17 83
66 54
0 6
29 61
83 88
2 29
61 17
17 83
0 2
46 50
83 88
50 17
17 83
0 46
83 88
35 83
0 35
64 88
0 64
83 88
0 23
23 83
4 64
0 34
34 59
59 4
64 88
63 15
0 63
15 88
36 8
83 88
63 36
43 35
35 83
8 71
71 43
0 63
83 88
15 79
1 35
35 83
63 15
79 1
0 63
44 57
41 1
83 88
57 41
1 35
35 83
0 44
34 78
3 1
83 88
0 34
1 35
35 83
67 3
78 67
10 35
83 88
0 34
34 51
35 83
65 10
51 65
48 83
83 88
0 48
51 84
0 34
34 51
84 88
