228
2
47
28
45
36
18
75
56
9
84
79
32
12
92
42
30
41
91
3
40
17
78
43
60
94
16
77
20
22
23
72
74
26
48
55
88
66
35
25
44
70
6
37
51
8
13
19
81
68
38
7
69
50
58
63
61
1
15
62
73
5
53
4
29
59
31
80
89
33
21
39
52
83
64
90
14
10
65
67
87
86
46
71
76
24
57
34
11
85
49
54
82
93
54
89
71
29
34
59
29
59
80
24
4
1
31
1
63
52
63
63
52
83
63
49
71
81
71
19
19
81
19
81
19
1
37
6
85
6
51
19
70
1
37
6
19
66
44
6
19
11
1
6
19
48
6
44
1
6
48
6
48
81
1
6
31
24
23
48
44
22
23
48
49
22
58
22
81
31
70
94
20
85
20
94
20
94
20
22
49
94
58
13
22
94
58
17
94
20
20
62
20
42
42
62
20
24
20
32
81
62
20
94
85
30
30
32
84
22
81
90
75
32
84
33
75
16
84
75
40
16
84
62
20
56
32
56
32
374
0 95
11 54
93 95
0 93
82 95
0 82
54 95
0 54
0 49
49 95
0 85
85 95
0 11
11 95
0 11
54 95
34 95
0 34
0 57
57 95
24 85
0 24
85 95
85 76
24 85
0 24
76 95
71 76
24 71
0 24
76 95
24 46
0 24
46 95
34 86
46 34
24 46
0 24
86 95
87 95
0 87
67 87
0 67
87 95
24 65
65 86
0 24
86 95
24 46
46 10
0 24
10 95
14 10
34 14
67 34
0 67
10 95
14 10
90 14
10 95
0 90
14 10
64 34
24 64
34 14
0 24
10 95
65 83
14 10
83 34
24 65
34 14
0 24
10 95
0 52
52 95
71 39
24 71
0 24
39 95
21 27
27 87
0 21
87 95
24 33
33 95
0 24
71 39
89 71
0 89
39 95
24 80
0 24
80 95
31 95
0 31
71 49
89 71
49 59
59 95
0 89
0 29
29 95
29 34
34 4
4 95
0 29
29 53
53 59
59 95
0 29
5 95
0 5
73 59
59 95
0 73
24 80
80 62
62 95
0 24
15 95
0 15
1 4
0 1
4 95
1 31
31 61
0 1
61 95
63 95
0 63
58 95
0 58
1 50
50 95
0 1
65 63
52 65
69 52
63 95
0 69
7 63
63 95
0 7
65 63
52 65
38 52
63 95
0 38
83 65
65 63
68 83
0 68
63 95
71 49
49 58
81 71
0 81
58 95
81 71
71 19
19 95
0 81
13 19
19 95
0 13
8 19
81 8
19 95
0 81
51 19
81 51
19 95
0 81
37 95
0 37
0 6
6 19
19 95
70 85
6 1
85 37
1 70
0 6
37 95
6 44
0 6
44 95
51 19
25 51
0 25
19 95
70 85
6 1
1 31
31 35
35 70
85 37
0 6
37 95
66 19
19 95
0 66
44 88
88 66
66 19
6 44
0 6
19 95
31 55
55 11
6 1
1 31
11 19
0 6
19 95
0 48
48 95
6 26
26 44
44 48
0 6
48 95
6 1
1 74
0 6
74 95
6 72
72 48
0 6
48 95
23 48
0 23
48 95
6 1
1 31
31 81
81 22
22 95
0 6
44 24
23 48
48 44
24 20
20 95
0 23
48 77
23 48
77 22
0 23
22 95
16 49
58 22
49 58
22 95
0 16
94 31
31 81
81 22
0 94
22 95
85 70
94 85
60 20
70 60
0 94
20 95
43 20
20 95
0 43
94 78
78 20
0 94
20 95
94 17
0 94
20 95
17 20
58 22
40 49
49 58
94 40
0 94
22 95
58 22
94 13
13 3
3 58
0 94
22 95
94 17
91 20
17 91
0 94
20 95
41 20
20 95
0 41
0 30
30 95
0 42
62 20
20 95
42 62
0 42
42 92
92 95
0 42
62 20
42 12
12 62
20 95
0 32
32 24
24 20
20 95
79 62
62 20
32 81
81 79
0 32
20 95
84 95
94 85
85 84
0 94
30 9
9 95
0 30
56 95
30 56
0 30
22 58
58 75
32 81
75 84
84 95
0 32
81 22
32 18
18 90
78 75
75 84
84 95
0 32
90 78
0 42
42 33
36 71
71 49
49 16
16 75
75 84
84 95
33 36
45 40
49 16
16 75
40 49
75 84
84 95
0 45
62 20
0 28
28 62
20 95
47 56
56 95
0 32
32 47
56 95
32 2
0 32
2 56
