164
34
8
7
20
30
43
33
45
44
24
68
78
2
56
23
4
5
46
69
36
48
54
21
70
13
59
51
73
40
17
58
15
18
76
49
63
66
28
52
26
25
11
60
65
12
22
74
77
42
10
75
14
50
19
29
9
31
53
6
38
27
62
37
35
3
1
32
55
16
64
79
57
47
41
61
61
41
29
37
55
29
75
61
19
19
29
22
29
31
29
19
57
74
12
47
77
19
77
29
42
26
29
74
31
65
58
29
17
38
58
65
49
58
12
49
19
59
49
57
19
38
59
17
70
28
59
59
19
59
17
37
64
70
59
49
12
17
18
46
17
59
54
41
19
4
54
41
59
70
49
46
59
17
69
17
21
26
44
42
44
44
57
17
78
286
47 41
0 72
39 71
39 61
61 80
39 61
61 80
0 72
41 80
72 41
0 72
47 61
72 47
61 80
0 72
72 47
41 80
0 72
57 80
72 57
0 72
79 80
72 79
64 80
0 64
16 79
79 80
0 16
0 55
55 80
0 32
32 80
72 1
0 72
1 80
3 80
0 3
72 35
35 57
0 72
57 80
37 71
71 3
72 37
0 72
3 80
62 71
71 3
72 62
0 72
3 80
27 79
37 27
72 37
0 72
79 80
72 38
71 3
38 71
0 72
3 80
6 79
72 6
0 72
79 80
53 16
16 79
0 53
79 80
31 57
0 31
57 80
53 64
64 9
0 53
9 80
29 80
0 29
19 71
71 3
0 19
3 80
31 50
0 31
50 80
71 14
19 71
14 9
0 19
9 80
75 37
0 75
37 29
29 80
55 10
19 55
10 29
0 19
29 80
61 42
75 61
0 75
42 80
0 77
77 80
19 71
71 74
0 19
74 80
71 22
19 71
22 29
0 19
29 80
12 22
22 29
0 12
29 80
65 29
31 65
0 31
29 80
19 57
57 60
0 19
60 80
11 74
0 11
74 80
47 25
12 47
0 12
25 80
77 26
0 77
26 80
19 52
0 19
52 80
72 28
77 72
0 77
28 80
66 29
0 66
29 80
42 26
61 42
0 63
63 61
26 80
0 49
49 29
29 80
76 74
0 76
74 80
31 18
18 80
0 31
0 15
15 80
58 80
0 58
65 58
29 65
0 17
17 29
58 80
65 58
0 17
17 38
38 40
40 65
58 80
12 73
49 12
0 49
73 58
58 80
0 49
49 51
51 80
19 59
59 80
0 19
57 19
19 59
49 13
0 49
13 57
59 80
70 59
0 17
17 38
38 70
59 80
21 72
70 59
72 28
28 70
0 21
59 80
19 59
54 71
0 54
71 19
59 80
17 48
48 64
64 37
0 17
37 59
59 80
70 59
49 12
12 36
36 70
0 49
59 80
69 80
0 69
17 46
46 18
0 17
18 80
17 46
46 5
0 17
5 80
19 59
54 41
4 19
41 4
0 54
59 80
54 41
41 4
4 23
0 54
23 80
49 56
70 59
56 70
0 49
59 80
17 46
2 59
46 2
0 17
59 80
0 78
78 69
69 80
0 17
17 68
68 80
24 80
21 24
0 21
44 80
0 44
26 42
42 44
45 26
0 45
44 80
33 44
44 80
0 33
43 57
0 43
57 44
44 80
0 30
30 80
0 17
17 20
20 80
0 7
7 80
0 78
78 8
8 80
34 80
0 34
