222
15
73
1
90
76
38
19
62
60
70
65
24
53
94
61
81
2
42
32
68
85
47
43
66
37
89
33
46
7
17
35
45
44
29
41
64
67
75
31
14
63
11
34
23
16
51
26
56
3
92
82
25
10
36
79
58
78
69
22
86
12
55
13
21
6
88
49
27
71
74
91
4
48
18
20
84
93
59
30
87
72
50
40
52
28
83
8
9
5
77
39
54
57
57
28
48
54
28
6
6
93
6
28
6
54
12
6
6
28
6
91
69
28
58
6
48
58
52
88
28
10
83
92
82
22
6
25
82
56
56
3
82
83
56
3
82
71
34
82
56
56
22
82
52
3
82
14
40
14
22
14
64
18
58
82
14
22
56
7
17
14
22
14
54
22
6
7
33
44
66
17
18
89
82
33
14
66
89
50
43
33
23
13
68
17
44
14
66
22
17
89
41
7
88
66
17
37
61
17
2
53
17
7
24
17
66
14
82
89
33
68
14
43
33
56
7
90
47
17
43
90
33
350
0 95
80 57
57 95
0 57
0 54
54 95
0 39
39 95
0 77
77 95
0 5
5 95
57 95
5 9
0 5
9 95
0 8
8 95
77 83
0 77
83 95
28 95
0 28
52 95
0 52
40 52
52 95
0 40
0 50
50 95
0 72
72 95
87 40
40 52
52 95
0 87
30 52
52 95
0 30
0 59
59 95
5 93
93 95
0 5
50 84
84 52
52 95
0 50
0 20
20 95
18 93
0 18
93 95
48 95
0 48
4 80
80 48
48 95
0 4
0 91
91 95
74 4
4 80
80 48
0 74
48 95
71 93
0 71
93 95
27 48
48 95
0 27
49 52
0 49
52 95
28 48
88 28
0 88
48 95
28 48
6 54
0 6
54 28
48 95
6 21
0 6
21 95
5 93
13 5
6 13
0 6
93 95
28 48
55 28
6 55
0 6
48 95
6 54
54 12
0 6
12 95
59 12
6 86
86 59
0 6
12 95
6 22
0 6
22 95
28 48
69 28
6 69
0 6
48 95
78 91
0 78
91 95
6 58
28 48
69 28
58 4
4 69
0 6
48 95
6 58
58 79
0 6
79 95
36 48
0 36
48 95
0 10
10 95
6 58
25 52
58 25
0 6
52 95
28 48
0 82
82 88
88 28
48 95
10 83
83 92
92 48
0 10
48 95
83 92
3 83
92 48
0 82
82 3
48 95
6 22
22 56
0 6
56 95
26 25
8 26
25 52
0 82
82 8
52 95
51 56
0 51
56 95
83 16
3 83
16 56
0 82
82 3
56 95
3 23
23 56
0 82
82 3
56 95
0 34
34 95
71 34
11 71
0 11
34 95
63 56
0 82
82 63
56 95
14 22
0 14
22 56
56 95
31 52
82 31
0 82
52 95
0 82
82 3
3 75
75 95
0 14
14 67
67 95
64 95
0 64
0 41
41 95
22 40
14 22
40 29
0 14
29 95
58 18
44 64
18 44
0 14
14 58
64 95
45 95
0 45
0 82
82 35
35 95
0 17
17 95
14 22
56 7
0 14
7 95
22 56
0 17
7 95
46 7
17 46
0 33
33 95
89 95
14 22
0 14
22 89
22 6
14 22
6 54
37 95
0 14
54 37
66 95
0 66
33 43
7 95
0 33
43 7
17 47
18 44
44 66
0 17
47 18
66 95
82 85
89 95
0 82
85 89
68 95
0 33
33 68
32 66
0 14
14 32
66 95
42 50
43 42
50 89
89 95
33 43
0 33
23 13
2 23
17 2
0 17
68 95
13 68
22 81
81 44
44 66
14 22
0 14
66 95
0 17
17 61
61 95
94 89
89 95
0 94
53 7
41 53
7 95
0 41
24 88
17 24
0 17
88 66
66 95
65 37
0 17
17 61
61 65
37 95
70 53
53 7
17 2
2 70
0 17
7 95
17 24
24 60
60 66
0 17
66 95
14 62
0 14
62 95
82 19
0 82
19 95
33 38
38 89
89 95
0 33
14 76
76 68
68 95
0 14
43 90
90 95
33 43
0 33
1 56
0 1
56 7
7 95
17 47
47 73
43 90
73 43
90 95
0 17
33 15
15 90
90 95
0 33
