204
81
35
74
12
52
13
36
54
9
79
65
91
11
47
38
73
23
61
46
44
18
83
60
25
51
3
15
86
43
42
24
63
41
89
75
4
56
17
49
34
58
67
16
32
59
88
77
64
78
8
7
45
85
22
33
21
53
57
40
70
62
82
29
87
20
90
14
27
80
66
2
92
26
68
55
37
68
66
37
80
26
26
20
68
68
80
31
2
76
55
62
76
2
82
53
2
55
45
2
45
2
7
62
22
2
76
40
45
76
53
76
2
53
2
76
45
26
2
76
45
67
2
78
40
78
7
62
45
2
67
78
56
2
76
8
63
56
24
76
2
76
4
55
76
15
80
89
76
25
51
89
76
63
78
56
78
78
89
68
63
56
45
51
2
76
43
27
89
3
55
46
38
89
67
89
23
3
11
46
18
11
23
2
41
60
70
11
63
56
54
11
49
67
89
52
8
89
54
41
54
41
54
9
11
366
0 93
39 26
5 26
0 48
71 55
37 84
1 93
69 19
10 6
37 50
69 37
55 37
69 55
37 50
68 1
69 68
26 93
69 26
69 92
92 93
68 1
69 68
2 93
10 2
71 66
37 26
66 37
26 93
71 66
2 93
10 2
66 37
2 93
10 2
80 10
0 80
27 92
71 27
92 93
37 84
2 93
10 2
55 37
1 93
14 68
68 1
0 14
2 93
0 90
90 2
2 93
10 2
48 80
80 10
0 48
26 93
0 48
37 20
55 37
48 55
20 93
0 48
26 93
87 20
71 87
20 93
29 68
1 93
71 29
68 1
71 82
1 93
82 68
68 1
0 48
31 62
80 31
62 93
48 80
0 48
48 70
70 93
40 10
2 93
10 2
0 40
76 57
57 93
0 48
55 53
53 93
48 55
21 62
0 76
76 21
62 93
0 48
1 93
33 1
48 33
22 2
2 93
0 22
71 82
82 85
85 53
53 93
45 2
0 48
2 93
55 45
48 55
45 2
7 45
0 76
2 93
76 7
45 2
0 48
8 39
39 45
2 93
48 8
0 48
1 93
48 78
78 1
45 2
7 45
62 7
64 62
2 93
0 64
77 22
71 77
22 2
2 93
1 93
0 76
88 1
76 88
5 26
26 39
45 2
59 5
0 48
78 40
40 59
39 45
48 78
2 93
0 76
32 93
76 32
16 53
0 76
76 16
53 93
0 48
2 93
67 2
48 67
0 48
58 53
53 93
48 58
76 34
0 76
2 93
34 2
5 26
26 39
45 2
49 5
76 49
39 45
0 76
2 93
45 2
0 48
67 17
17 45
2 93
48 67
0 48
48 78
78 56
56 93
40 4
0 48
78 40
48 78
4 93
75 62
45 2
7 45
62 7
76 75
0 76
2 93
89 93
0 48
67 89
48 67
41 93
0 48
48 41
56 63
63 1
0 48
1 93
48 78
78 56
76 24
0 76
24 2
2 93
84 56
56 63
63 1
8 84
42 8
1 93
0 42
1 93
43 1
0 43
76 24
24 86
0 76
86 93
76 15
0 76
15 2
2 93
55 4
48 3
0 48
3 55
4 93
76 51
0 76
51 93
76 15
80 25
89 93
15 80
0 76
25 89
51 60
76 51
89 93
60 25
0 76
25 89
78 83
84 56
56 63
63 1
0 48
83 84
1 93
48 78
78 18
0 48
48 78
18 93
78 44
89 93
0 48
48 78
44 89
56 63
63 1
68 56
0 46
1 93
46 68
45 2
51 61
76 51
61 45
0 76
2 93
23 1
1 93
0 23
27 43
73 27
0 48
48 73
1 93
43 1
55 38
48 3
89 93
0 48
3 55
38 89
46 47
89 93
47 38
0 46
38 89
0 11
11 67
89 93
67 89
48 3
23 1
0 48
91 23
3 91
1 93
0 11
65 93
11 65
46 79
79 18
0 46
18 93
0 11
11 9
9 5
23 1
5 23
1 93
0 54
54 2
2 93
70 60
60 36
41 93
0 11
11 70
36 41
0 54
56 63
63 1
54 13
13 56
1 93
0 11
49 52
11 67
67 49
52 89
89 93
12 8
0 54
52 89
89 93
8 52
54 12
41 93
0 54
54 74
74 41
54 35
41 93
0 54
35 41
9 81
81 93
0 11
11 9
