106
2
17
25
34
9
28
12
12
9
45
45
34
25
45
34
15
9
17
15
9
17
15
9
17
44
13
15
9
17
15
9
17
13
15
21
9
17
13
15
41
23
11
40
9
17
47
15
9
38
17
33
14
9
14
12
17
13
9
17
15
11
9
49
17
15
39
9
14
17
13
22
17
21
9
13
15
23
11
2
9
22
13
23
2
9
11
2
11
2
11
2
9
23
11
2
11
11
9
15
11
12
11
2
9
8
11
194
8 9
3 12
15 6
0 1
7 5
23 6
3 4
10 11
42 43
23 22
17 19
22 24
49 43
7 3
14 12
33 38
40 47
37 41
20 21
24 13
4 5
4 44
4 1
9 11
29 26
16 12
28 12
12 18
16 28
12 18
26 9
9 6
26 9
9 6
45 34
34 18
30 45
45 34
25 6
30 45
34 25
45 34
25 6
0 15
30 45
15 17
34 25
17 4
29 26
26 9
0 15
15 17
17 4
9 11
26 9
0 15
15 17
17 4
9 11
21 13
0 15
13 9
15 17
44 19
17 4
9 11
29 26
26 9
0 15
15 17
17 4
4 5
9 11
0 15
13 9
15 17
17 4
9 11
21 13
0 15
13 9
15 17
17 4
41 23
23 11
11 52
9 11
29 26
26 9
14 40
0 15
15 17
47 29
17 14
11 52
9 11
6 9
38 6
0 15
14 33
15 17
17 14
11 52
24 13
9 11
12 16
0 15
13 9
15 17
17 14
11 52
9 11
6 9
17 7
0 15
15 17
11 52
9 11
26 9
39 49
0 15
15 17
17 39
11 52
24 13
9 11
14 22
0 15
13 9
15 17
17 14
11 52
9 11
19 21
21 13
0 15
13 9
15 17
11 52
0 2
2 23
23 11
11 52
22 24
24 13
0 2
9 11
13 9
2 23
11 52
3 7
0 2
9 11
2 3
26 9
11 52
1 4
0 2
4 5
2 1
11 52
10 11
0 2
4 5
2 3
11 52
0 2
9 11
6 9
2 23
11 52
3 7
10 11
0 2
2 3
11 52
10 11
1 4
4 5
11 52
9 11
6 9
0 15
11 52
0 1
4 3
10 11
1 4
12 16
11 52
0 2
9 11
2 8
11 52
