231
28
1
24
80
47
94
18
98
84
16
30
35
61
41
88
69
49
2
95
3
50
74
73
44
96
72
63
59
81
91
31
9
78
40
75
53
71
33
54
5
4
83
15
79
20
17
82
97
13
92
10
45
93
43
68
29
56
52
21
90
34
12
60
46
58
27
39
19
8
55
64
26
7
6
76
62
51
22
23
65
67
37
36
42
85
48
87
87
48
48
85
8
55
19
85
23
55
58
19
76
12
56
10
45
10
10
10
10
45
43
13
10
20
43
92
17
45
82
51
58
83
82
51
83
58
83
51
83
71
76
83
71
51
83
12
40
6
51
83
54
83
82
83
82
71
12
81
43
81
81
31
83
71
12
76
71
83
83
71
23
12
71
23
48
81
83
51
58
71
71
23
81
12
83
71
83
31
76
73
71
81
63
29
71
12
95
81
29
3
68
71
63
29
71
12
60
71
81
48
50
81
30
16
60
50
81
98
10
36
81
98
71
36
81
94
98
36
81
16
48
50
78
26
18
6
80
71
24
47
26
93
428
0 70
32 86
77 38
48 38
32 77
38 57
89 77
25 70
57 14
38 70
38 70
87 14
38 70
89 87
87 14
89 87
25 70
57 14
57 14
48 57
57 14
32 48
77 48
48 57
57 14
32 77
77 48
38 57
57 14
85 99
32 85
32 77
38 57
57 14
42 11
32 42
32 36
36 99
85 99
86 85
37 36
36 99
0 37
70 25
38 57
57 14
67 11
38 48
0 70
70 25
48 67
65 11
0 65
0 70
66 23
23 85
85 99
0 70
22 14
70 22
51 85
0 70
70 25
38 51
85 99
62 67
67 11
0 70
70 25
25 62
0 70
66 76
76 99
0 70
23 6
6 14
66 23
0 7
7 99
26 85
0 26
85 99
0 64
64 99
0 70
55 14
70 55
0 70
8 14
70 8
0 70
70 25
25 19
19 14
0 70
66 39
39 99
8 27
0 70
27 14
70 8
58 55
87 58
0 70
70 25
19 87
25 19
55 14
46 85
0 46
85 99
60 14
0 60
23 12
0 70
12 14
66 23
58 55
0 70
66 34
34 58
55 14
19 90
0 70
70 25
25 19
90 99
0 70
70 25
25 21
21 99
0 70
52 99
66 52
56 99
0 56
0 70
29 14
70 29
0 70
68 14
66 68
76 12
43 76
12 14
0 43
25 93
0 70
93 56
70 25
56 99
0 70
25 45
70 25
45 99
0 70
66 10
10 99
45 77
92 45
66 92
0 70
77 10
10 99
13 10
0 70
70 25
25 13
10 99
25 97
0 70
97 10
70 25
10 99
70 82
89 77
82 89
0 70
77 10
10 99
45 77
17 45
70 17
0 70
77 10
10 99
14 13
20 14
13 10
43 20
0 43
10 99
14 79
20 14
43 20
0 43
79 99
92 15
66 92
0 70
15 99
83 99
0 83
45 4
17 45
70 17
0 70
4 99
5 99
0 5
70 82
58 51
51 83
82 54
0 70
54 58
83 99
70 82
58 51
51 83
33 58
82 89
89 33
0 70
83 99
0 71
83 99
71 83
51 83
53 51
83 99
0 53
75 83
71 76
0 71
83 99
76 75
51 83
40 51
71 12
0 71
12 40
83 99
78 6
70 82
51 83
40 51
6 40
82 78
0 70
83 99
70 82
82 54
54 9
9 83
0 70
83 99
31 83
25 31
0 70
70 25
83 99
82 91
70 82
0 70
91 99
81 99
0 70
70 81
66 59
0 70
59 99
12 63
71 12
81 99
0 71
38 81
63 38
81 99
43 72
0 43
72 81
81 99
0 70
70 96
96 81
31 83
44 31
71 12
12 44
0 71
83 99
76 73
71 76
0 71
73 83
83 99
23 74
12 23
71 12
0 71
74 83
83 99
50 48
12 23
23 50
71 12
81 99
48 38
0 71
38 81
71 3
58 51
51 83
0 71
3 58
83 99
12 23
71 12
23 95
81 99
95 38
0 71
38 81
71 2
0 71
2 83
83 99
66 49
31 83
49 31
0 70
83 99
76 73
71 76
73 69
81 99
0 71
69 81
63 88
12 63
71 12
81 99
29 81
0 71
88 29
70 41
81 99
95 38
0 70
38 81
41 95
71 3
61 68
3 61
81 99
29 81
68 29
0 71
35 29
12 63
63 35
71 12
81 99
29 81
0 71
60 30
81 99
30 81
0 71
71 60
16 50
50 48
0 16
81 99
48 38
38 81
16 50
60 30
50 84
84 60
0 16
81 99
30 81
98 81
81 99
0 98
36 98
18 10
0 18
98 81
81 99
10 36
36 98
71 94
94 36
98 81
81 99
0 71
36 98
94 36
0 47
98 81
47 94
81 99
16 50
80 99
50 48
0 16
48 80
78 6
18 78
93 24
26 93
24 99
0 18
6 97
97 26
71 1
80 99
1 80
0 71
93 24
26 93
24 99
28 26
0 47
47 28
