295
1
2
3
4
98
96
6
7
8
9
94
12
14
91
89
87
17
11
13
16
18
21
24
10
15
25
85
92
28
29
82
84
80
77
34
5
35
19
22
23
26
32
33
36
41
42
30
43
48
49
20
37
50
51
75
73
56
27
44
57
58
71
78
31
63
64
65
68
70
70
69
70
69
70
62
70
61
70
69
70
69
70
69
72
56
74
73
75
74
75
74
75
74
75
74
75
74
73
72
75
74
73
72
47
75
74
73
75
74
47
73
75
46
74
73
75
74
45
73
40
75
74
44
40
75
74
73
40
75
74
73
40
75
74
73
75
40
74
73
75
74
40
73
75
74
73
40
75
74
73
39
75
74
73
72
75
74
73
72
34
76
75
74
79
78
34
77
81
80
79
34
81
80
34
79
82
31
81
80
82
30
81
80
28
84
83
30
28
84
30
83
27
84
29
83
27
84
83
29
84
83
27
82
84
26
83
82
23
84
83
25
20
22
84
83
20
84
22
83
20
84
83
22
20
84
83
82
19
84
83
21
17
86
19
85
88
17
87
19
90
89
17
88
91
90
15
16
13
91
14
90
12
93
92
13
94
10
93
11
94
10
93
92
94
93
92
10
94
93
92
91
6
95
94
93
6
97
96
95
98
97
5
96
98
97
96
5
98
97
96
5
98
97
96
95
1761
70 99
0 70
68 99
0 68
65 99
0 65
64 99
0 64
63 99
0 63
0 31
31 99
68 69
69 70
70 78
78 99
0 68
68 69
69 70
70 71
71 99
0 68
66 67
67 68
68 69
69 70
58 62
62 66
70 99
0 58
67 68
68 69
69 70
65 67
57 61
61 65
70 99
0 57
67 68
68 69
69 70
65 67
61 65
44 61
70 99
0 44
67 68
68 69
69 70
65 67
61 65
0 27
70 99
27 61
67 68
68 69
69 70
56 60
60 67
70 99
0 56
67 68
68 69
69 70
70 71
71 72
72 73
56 60
60 67
73 99
0 56
67 68
68 69
69 70
70 71
71 72
72 73
73 74
74 75
56 60
60 67
75 99
0 56
67 68
68 69
69 70
70 71
71 72
72 73
73 74
74 75
51 55
55 59
59 67
75 99
0 51
68 69
69 70
70 71
71 72
72 73
73 74
74 75
66 68
50 54
54 58
58 62
62 66
75 99
0 50
68 69
69 70
70 71
71 72
72 73
73 74
74 75
66 68
54 58
58 62
62 66
37 54
75 99
0 37
68 69
69 70
70 71
71 72
72 73
73 74
74 75
66 68
54 58
58 62
62 66
0 20
75 99
20 54
68 69
69 70
70 71
71 72
72 73
73 74
74 75
49 53
53 57
57 61
61 68
75 99
0 49
68 69
69 70
70 71
71 72
72 73
73 74
74 75
48 52
52 56
56 60
60 68
75 99
0 48
68 69
69 70
70 71
71 72
72 73
73 74
74 75
43 47
47 51
51 55
55 59
59 68
75 99
0 43
68 69
69 70
70 71
71 72
72 73
73 74
74 75
47 51
51 55
55 59
59 68
30 47
75 99
0 30
66 67
67 68
68 69
69 70
70 71
71 72
72 73
73 74
74 75
42 46
46 50
50 54
54 58
58 62
62 66
75 99
0 42
67 68
68 69
69 70
70 71
71 72
72 73
73 74
74 75
65 67
41 45
45 49
49 53
53 57
57 61
61 65
75 99
0 41
67 68
68 69
69 70
70 71
71 72
72 73
73 74
74 75
64 67
36 40
40 44
44 48
48 52
52 56
56 60
60 64
75 99
0 36
67 68
68 69
69 70
70 71
71 72
72 73
73 74
74 75
64 67
40 44
44 48
48 52
52 56
56 60
60 64
33 40
75 99
0 33
67 68
68 69
69 70
70 71
71 72
72 73
73 74
74 75
64 67
40 44
44 48
48 52
52 56
56 60
60 64
32 40
75 99
0 32
67 68
68 69
69 70
70 71
71 72
72 73
73 74
74 75
64 67
40 44
44 48
48 52
52 56
56 60
60 64
26 40
75 99
0 26
67 68
68 69
69 70
70 71
71 72
72 73
73 74
74 75
64 67
40 44
44 48
48 52
52 56
56 60
60 64
23 40
0 23
75 99
67 68
68 69
69 70
70 71
71 72
72 73
73 74
74 75
64 67
40 44
44 48
48 52
52 56
56 60
60 64
22 40
0 22
75 99
67 68
68 69
69 70
70 71
71 72
72 73
73 74
74 75
64 67
40 44
44 48
48 52
52 56
56 60
60 64
0 19
19 40
75 99
67 68
68 69
69 70
70 71
71 72
72 73
73 74
74 75
35 39
39 43
43 47
47 51
51 55
55 59
59 67
75 99
0 35
67 68
68 69
69 70
70 71
71 72
72 73
73 74
74 75
39 43
43 47
47 51
51 55
55 59
0 5
59 67
75 99
5 39
68 69
69 70
70 71
71 72
72 73
73 74
74 75
66 68
34 38
38 42
42 46
46 50
50 54
54 58
58 62
62 66
75 99
0 34
68 69
69 70
70 71
71 72
72 73
73 74
74 75
75 76
76 77
66 68
34 38
38 42
42 46
46 50
50 54
54 58
58 62
62 66
77 99
0 34
68 69
69 70
70 71
71 72
72 73
73 74
74 75
75 76
76 77
77 78
78 79
79 80
66 68
34 38
38 42
42 46
46 50
50 54
54 58
58 62
62 66
80 99
0 34
68 69
69 70
70 71
71 72
72 73
73 74
74 75
75 76
76 77
77 78
78 79
79 80
80 81
66 68
81 84
34 38
38 42
42 46
46 50
50 54
54 58
58 62
62 66
84 99
0 34
68 69
69 70
70 71
71 72
72 73
73 74
74 75
75 76
76 77
77 78
78 79
79 80
80 81
81 82
66 68
34 38
38 42
42 46
46 50
50 54
54 58
58 62
62 66
82 99
0 34
68 69
69 70
70 71
71 72
72 73
73 74
74 75
75 76
76 77
77 78
78 79
79 80
80 81
81 82
29 31
31 33
65 68
33 37
37 41
41 45
45 49
49 53
53 57
57 61
61 65
82 99
0 29
68 69
69 70
70 71
71 72
72 73
73 74
74 75
75 76
76 77
77 78
78 79
79 80
80 81
81 82
28 30
30 32
32 36
36 40
40 44
44 48
48 52
52 56
56 60
60 68
82 99
0 28
68 69
69 70
70 71
71 72
72 73
73 74
74 75
75 76
76 77
77 78
78 79
79 80
80 81
81 82
82 83
83 84
28 30
30 32
32 36
36 40
40 44
44 48
48 52
52 56
56 60
92 99
60 68
84 92
0 28
68 69
69 70
70 71
71 72
72 73
73 74
74 75
75 76
76 77
77 78
78 79
79 80
80 81
81 82
82 83
83 84
84 85
28 30
30 32
32 36
36 40
40 44
44 48
48 52
52 56
56 60
60 68
85 99
0 28
33 34
66 67
67 68
68 69
69 70
70 71
71 72
72 73
73 74
74 75
75 76
76 77
77 78
78 79
79 80
80 81
81 82
82 83
83 84
25 27
27 29
29 31
31 33
34 38
38 42
42 46
46 50
50 54
54 58
58 62
62 66
84 99
0 25
33 34
66 67
67 68
68 69
69 70
70 71
71 72
72 73
73 74
74 75
75 76
76 77
77 78
78 79
79 80
80 81
81 82
82 83
83 84
27 29
29 31
31 33
34 38
38 42
42 46
46 50
50 54
54 58
58 62
62 66
15 27
0 15
84 99
33 34
66 67
67 68
68 69
69 70
70 71
71 72
72 73
73 74
74 75
75 76
76 77
77 78
78 79
79 80
80 81
81 82
82 83
83 84
27 29
29 31
31 33
34 38
38 42
42 46
46 50
50 54
54 58
58 62
62 66
0 10
84 99
10 27
66 67
67 68
68 69
69 70
70 71
71 72
72 73
73 74
74 75
75 76
76 77
77 78
78 79
79 80
80 81
81 82
82 83
83 84
24 26
26 28
28 30
30 34
34 38
38 42
42 46
46 50
50 54
54 58
58 62
62 66
84 99
0 24
67 68
68 69
69 70
70 71
71 72
72 73
73 74
74 75
75 76
76 77
77 78
78 79
79 80
80 81
81 82
82 83
83 84
21 23
23 25
25 27
27 29
29 31
31 33
65 67
33 37
37 41
41 45
45 49
49 53
53 57
57 61
61 65
84 99
0 21
67 68
68 69
69 70
70 71
71 72
72 73
73 74
74 75
75 76
76 77
77 78
78 79
79 80
80 81
81 82
82 83
83 84
18 20
20 22
22 24
24 26
26 28
28 30
30 32
32 36
36 40
40 44
44 48
48 52
52 56
56 60
60 67
84 99
0 18
67 68
68 69
69 70
70 71
71 72
72 73
73 74
74 75
75 76
76 77
77 78
78 79
79 80
80 81
81 82
82 83
83 84
20 22
22 24
24 26
26 28
28 30
30 32
16 20
32 36
36 40
40 44
44 48
48 52
52 56
56 60
60 67
84 99
0 16
67 68
68 69
69 70
70 71
71 72
72 73
73 74
74 75
75 76
76 77
77 78
78 79
79 80
80 81
81 82
82 83
83 84
20 22
22 24
24 26
26 28
28 30
30 32
32 36
36 40
40 44
44 48
48 52
52 56
56 60
13 20
60 67
0 13
84 99
67 68
68 69
69 70
70 71
71 72
72 73
73 74
74 75
75 76
76 77
77 78
78 79
79 80
80 81
81 82
82 83
83 84
20 22
22 24
24 26
26 28
28 30
30 32
32 36
36 40
40 44
44 48
48 52
52 56
56 60
60 67
11 20
0 11
84 99
33 34
68 69
69 70
70 71
71 72
72 73
73 74
74 75
75 76
76 77
77 78
78 79
79 80
80 81
81 82
82 83
83 84
17 19
19 21
21 23
23 25
25 27
27 29
29 31
31 33
66 68
34 38
38 42
42 46
46 50
50 54
54 58
58 62
62 66
84 99
0 17
33 34
68 69
69 70
70 71
71 72
72 73
73 74
74 75
75 76
76 77
77 78
78 79
79 80
80 81
81 82
82 83
83 84
84 85
85 86
86 87
17 19
19 21
21 23
23 25
25 27
27 29
29 31
31 33
66 68
34 38
38 42
42 46
46 50
50 54
54 58
58 62
62 66
87 99
0 17
33 34
68 69
69 70
70 71
71 72
72 73
73 74
74 75
75 76
76 77
77 78
78 79
79 80
80 81
81 82
82 83
83 84
84 85
85 86
86 87
87 88
88 89
17 19
19 21
21 23
23 25
25 27
27 29
29 31
31 33
66 68
34 38
38 42
42 46
46 50
50 54
54 58
58 62
62 66
89 99
0 17
33 34
68 69
69 70
70 71
71 72
72 73
73 74
74 75
75 76
76 77
77 78
78 79
79 80
80 81
81 82
82 83
83 84
84 85
85 86
86 87
87 88
88 89
89 90
90 91
17 19
19 21
21 23
23 25
25 27
27 29
29 31
31 33
66 68
34 38
38 42
42 46
46 50
50 54
54 58
58 62
62 66
91 99
0 17
14 15
15 16
68 69
69 70
70 71
71 72
72 73
73 74
74 75
75 76
76 77
77 78
78 79
79 80
80 81
81 82
82 83
83 84
84 85
85 86
86 87
87 88
88 89
89 90
90 91
16 18
18 20
20 22
22 24
24 26
26 28
28 30
66 68
30 34
34 38
38 42
42 46
46 50
50 54
54 58
58 62
62 66
91 99
0 14
12 13
13 14
14 15
68 69
69 70
70 71
71 72
72 73
73 74
74 75
75 76
76 77
77 78
78 79
79 80
80 81
81 82
82 83
83 84
84 85
85 86
86 87
87 88
88 89
89 90
90 91
15 17
17 19
19 21
21 23
23 25
25 27
27 29
29 31
31 33
33 37
37 41
41 45
45 49
49 53
53 57
57 61
61 68
91 99
0 12
12 13
13 14
14 15
68 69
69 70
70 71
71 72
72 73
73 74
74 75
75 76
76 77
77 78
78 79
79 80
80 81
81 82
82 83
83 84
84 85
85 86
86 87
87 88
88 89
89 90
90 91
91 92
92 93
93 94
15 17
17 19
19 21
21 23
23 25
25 27
27 29
29 31
31 33
33 37
37 41
41 45
45 49
49 53
53 57
57 61
94 99
61 68
0 12
9 10
10 11
11 12
12 13
13 14
14 15
15 16
68 69
69 70
70 71
71 72
72 73
73 74
74 75
75 76
76 77
77 78
78 79
79 80
80 81
81 82
82 83
83 84
84 85
85 86
86 87
87 88
88 89
89 90
90 91
91 92
92 93
93 94
16 18
18 20
20 22
22 24
24 26
26 28
28 30
30 32
32 36
36 40
40 44
44 48
48 52
52 56
56 60
94 99
60 68
0 9
10 11
11 12
12 13
13 14
14 15
15 16
68 69
69 70
70 71
71 72
72 73
73 74
74 75
75 76
76 77
77 78
78 79
79 80
80 81
81 82
82 83
83 84
84 85
85 86
86 87
87 88
88 89
89 90
90 91
91 92
92 93
93 94
8 10
16 18
18 20
20 22
22 24
24 26
26 28
28 30
30 32
32 36
36 40
40 44
44 48
48 52
52 56
56 60
94 99
0 8
60 68
10 11
11 12
12 13
13 14
14 15
15 16
68 69
69 70
70 71
71 72
72 73
73 74
74 75
75 76
76 77
77 78
78 79
79 80
80 81
81 82
82 83
83 84
84 85
85 86
86 87
87 88
88 89
89 90
90 91
91 92
92 93
93 94
16 18
18 20
20 22
22 24
24 26
26 28
28 30
30 32
7 10
32 36
36 40
40 44
44 48
48 52
52 56
56 60
94 99
0 7
60 68
10 11
11 12
12 13
13 14
14 15
15 16
68 69
69 70
70 71
71 72
72 73
73 74
74 75
75 76
76 77
77 78
78 79
79 80
80 81
81 82
82 83
83 84
84 85
85 86
86 87
87 88
88 89
89 90
90 91
91 92
92 93
93 94
16 18
18 20
20 22
22 24
24 26
26 28
28 30
30 32
6 10
32 36
36 40
40 44
44 48
48 52
52 56
56 60
94 99
0 6
60 68
10 11
11 12
12 13
13 14
14 15
15 16
68 69
69 70
70 71
71 72
72 73
73 74
74 75
75 76
76 77
77 78
78 79
79 80
80 81
81 82
82 83
83 84
84 85
85 86
86 87
87 88
88 89
89 90
90 91
91 92
92 93
93 94
94 95
95 96
16 18
18 20
20 22
22 24
24 26
26 28
28 30
30 32
96 99
6 10
32 36
36 40
40 44
44 48
48 52
52 56
56 60
0 6
60 68
10 11
11 12
12 13
13 14
14 15
15 16
68 69
69 70
70 71
71 72
72 73
73 74
74 75
75 76
76 77
77 78
78 79
79 80
80 81
81 82
82 83
83 84
84 85
85 86
86 87
87 88
88 89
89 90
90 91
91 92
92 93
93 94
94 95
95 96
96 97
97 98
98 99
16 18
18 20
20 22
22 24
24 26
26 28
28 30
30 32
6 10
32 36
36 40
40 44
44 48
48 52
52 56
56 60
0 6
60 68
4 5
8 9
9 10
10 11
11 12
12 13
13 14
14 15
33 34
66 67
67 68
68 69
69 70
70 71
71 72
72 73
73 74
74 75
75 76
76 77
77 78
78 79
79 80
80 81
81 82
82 83
83 84
84 85
85 86
86 87
87 88
88 89
89 90
90 91
91 92
92 93
93 94
94 95
95 96
96 97
97 98
98 99
15 17
17 19
19 21
21 23
23 25
25 27
27 29
29 31
31 33
5 8
0 4
34 38
38 42
42 46
46 50
50 54
54 58
58 62
62 66
8 9
9 10
10 11
11 12
12 13
13 14
14 15
33 34
66 67
67 68
68 69
69 70
70 71
71 72
72 73
73 74
74 75
75 76
76 77
77 78
78 79
79 80
80 81
81 82
82 83
83 84
84 85
85 86
86 87
87 88
88 89
89 90
90 91
91 92
92 93
93 94
94 95
95 96
96 97
97 98
98 99
3 5
15 17
17 19
19 21
21 23
23 25
25 27
27 29
29 31
31 33
0 3
5 8
34 38
38 42
42 46
46 50
50 54
54 58
58 62
62 66
8 9
9 10
10 11
11 12
12 13
13 14
14 15
33 34
66 67
67 68
68 69
69 70
70 71
71 72
72 73
73 74
74 75
75 76
76 77
77 78
78 79
79 80
80 81
81 82
82 83
83 84
84 85
85 86
86 87
87 88
88 89
89 90
90 91
91 92
92 93
93 94
94 95
95 96
96 97
97 98
98 99
0 2
15 17
17 19
19 21
21 23
23 25
25 27
27 29
29 31
31 33
2 5
5 8
34 38
38 42
42 46
46 50
50 54
54 58
58 62
62 66
0 1
8 9
9 10
10 11
11 12
12 13
13 14
14 15
33 34
66 67
67 68
68 69
69 70
70 71
71 72
72 73
73 74
74 75
75 76
76 77
77 78
78 79
79 80
80 81
81 82
82 83
83 84
84 85
85 86
86 87
87 88
88 89
89 90
90 91
91 92
92 93
93 94
94 95
95 96
96 97
97 98
98 99
15 17
17 19
19 21
21 23
23 25
25 27
27 29
29 31
31 33
5 8
1 5
34 38
38 42
42 46
46 50
50 54
54 58
58 62
62 66
