156
55
62
30
43
34
95
71
59
7
45
84
90
35
46
51
16
9
40
82
87
57
18
67
60
74
22
76
56
36
77
25
15
54
32
5
26
72
81
31
17
23
52
12
10
65
53
44
21
79
20
6
93
19
24
68
88
80
39
63
61
33
48
94
96
85
69
42
58
47
83
70
11
98
37
1
91
86
97
49
78
73
2
38
89
50
14
28
64
41
13
8
4
27
29
98
47
64
8
2
13
91
8
8
69
19
93
8
80
20
20
85
8
8
20
20
53
20
23
20
27
23
8
8
20
19
31
31
69
93
31
20
8
31
8
31
74
60
5
22
5
60
22
5
22
33
65
35
90
76
52
90
35
60
95
22
22
270
3 99
66 29
75 92
29 92
66 27
27 99
75 4
4 99
8 99
75 4
4 8
66 13
13 99
3 99
41 3
66 41
29 64
66 29
64 99
75 28
28 3
3 99
66 14
14 99
50 99
0 50
0 89
89 99
38 14
14 99
0 38
2 13
0 2
13 99
73 64
64 99
0 73
78 3
3 99
0 78
49 99
0 49
97 14
14 99
0 97
0 86
86 99
91 14
14 99
0 91
1 8
8 99
0 1
37 8
8 99
0 37
2 98
98 99
0 2
11 3
3 99
0 11
70 3
3 99
0 70
83 98
98 99
0 83
0 47
47 99
58 64
47 58
0 47
64 99
42 8
8 99
0 42
13 69
2 13
69 99
0 2
91 85
85 8
8 99
0 91
96 3
3 99
0 96
94 99
0 94
48 99
0 48
33 99
0 33
61 8
8 99
0 61
63 99
0 63
0 39
39 99
80 99
0 80
88 69
69 99
0 88
68 3
3 99
0 68
24 99
0 24
19 99
0 19
93 19
0 93
19 99
93 6
6 8
8 99
0 93
20 99
0 20
79 80
0 79
80 99
21 99
0 21
44 20
20 99
0 44
53 20
20 99
0 53
65 85
85 8
8 99
0 65
0 10
8 99
10 8
12 20
20 99
0 12
52 20
20 99
0 52
53 20
0 23
20 99
23 53
92 17
0 23
23 92
17 99
27 20
31 27
0 31
20 99
23 81
0 23
81 8
8 99
72 8
8 99
0 72
26 20
20 99
0 26
0 5
5 19
19 99
31 32
0 31
32 99
54 69
31 54
0 31
69 99
93 15
15 99
0 93
31 25
25 20
0 31
20 99
0 77
77 99
36 8
8 99
0 36
31 56
56 8
0 31
8 99
0 76
76 99
22 99
0 22
0 74
74 99
0 60
60 99
31 67
0 31
67 99
74 18
0 74
18 99
60 57
0 60
57 99
87 99
0 87
22 99
82 22
0 5
5 82
5 40
0 5
40 99
9 99
0 60
60 9
0 16
16 99
0 51
51 99
22 99
46 22
5 46
0 5
22 99
35 33
0 35
33 22
65 90
90 99
0 65
0 35
84 99
35 84
90 99
0 45
45 90
76 7
7 99
0 76
59 52
52 90
90 99
0 59
0 35
71 99
35 71
95 99
0 60
60 95
0 34
34 99
0 43
95 99
43 95
22 99
30 22
0 30
22 99
0 62
62 22
0 55
55 99
