154
23
84
59
72
18
71
60
21
91
26
6
92
96
90
17
31
38
27
48
25
58
70
28
56
49
79
33
35
77
82
83
74
62
54
61
87
8
30
94
93
34
46
81
41
1
40
80
37
16
11
2
45
73
63
88
20
47
66
57
67
95
86
65
3
7
52
22
55
20
78
78
75
44
14
29
85
53
11
4
40
42
53
1
7
76
14
61
42
52
50
94
50
63
30
68
51
73
46
76
73
1
7
76
10
75
15
85
62
42
32
10
5
65
10
89
46
49
10
15
49
10
75
15
41
9
43
20
65
65
3
43
95
85
55
43
4
25
12
5
5
7
3
4
29
22
7
77
14
91
61
14
7
4
75
255
0 4
0 61
14 98
7 77
0 22
0 7
95 98
0 3
0 43
9 98
75 49
10 15
0 89
65 98
5 98
32 10
15 98
0 75
10 98
73 1
76 73
68 98
94 50
50 98
0 76
1 7
0 42
4 98
0 53
85 98
29 98
0 44
78 75
0 78
55 20
0 64
52 7
65 3
0 65
3 98
7 98
0 52
86 98
0 86
64 98
22 98
95 22
0 95
67 98
0 67
0 57
57 98
66 98
0 66
0 47
47 98
20 98
0 20
0 88
88 98
63 98
0 63
0 73
73 98
0 45
45 98
0 2
2 98
20 98
0 55
0 11
11 98
0 16
16 98
0 37
37 98
0 80
80 98
78 98
0 40
40 98
0 1
1 98
0 41
41 98
0 78
75 98
0 81
81 98
44 98
46 98
0 46
0 34
34 98
14 93
0 14
93 98
0 94
94 98
0 29
0 30
30 98
0 85
53 98
0 11
11 4
42 40
40 98
8 98
0 8
0 53
53 87
87 98
0 1
7 98
76 98
14 61
61 98
0 14
54 98
0 54
0 42
62 52
52 61
42 62
61 98
74 98
0 74
83 98
0 83
0 50
0 82
82 98
50 98
0 94
77 98
0 77
30 63
51 68
63 51
0 30
0 76
73 46
46 98
76 73
1 7
0 76
7 98
0 10
75 98
0 15
35 85
85 98
0 35
0 42
62 32
42 62
10 98
0 5
0 33
33 98
0 79
79 98
0 65
0 49
49 10
10 98
89 46
46 98
56 98
0 56
0 49
15 98
49 10
10 15
0 75
15 98
49 10
41 9
0 41
28 98
0 28
43 20
20 98
70 65
65 98
0 70
65 98
3 65
0 58
58 98
0 43
43 95
25 85
0 25
85 98
0 48
48 98
55 27
27 4
0 43
4 98
43 55
38 5
12 38
5 98
25 12
0 25
5 98
31 5
0 31
7 98
0 17
17 98
0 3
90 4
4 98
3 90
96 98
0 96
92 98
0 92
6 98
0 6
29 98
26 29
0 26
22 98
0 7
77 98
91 98
0 91
91 14
0 91
0 21
21 98
0 60
60 98
0 71
71 98
18 98
0 18
14 98
61 14
7 72
0 7
72 98
4 98
59 98
75 59
0 75
0 84
84 98
23 98
0 23
