172
80
92
22
36
41
72
57
35
9
81
13
86
31
40
50
69
64
25
19
93
65
33
28
45
4
60
75
21
23
78
88
67
88
67
17
88
67
84
88
67
49
88
67
32
73
88
67
10
52
76
88
67
17
60
17
21
8
23
60
17
37
21
28
49
84
45
37
60
21
49
90
10
17
60
60
47
79
47
3
19
56
21
32
49
32
21
49
25
14
1
46
60
3
90
10
17
60
76
3
93
60
46
3
25
1
47
40
5
39
69
1
32
79
21
49
3
60
3
32
21
49
84
8
21
49
70
31
50
31
88
67
84
69
84
70
88
84
33
37
3
70
3
13
97
3
64
23
3
13
56
8
21
49
93
8
9
93
9
35
17
9
76
84
70
9
93
46
37
92
60
22
92
304
60 99
37 29
29 38
83 16
51 8
8 77
23 3
97 3
26 84
2 34
95 44
69 16
48 74
83 88
43 77
34 70
8 98
7 38
32 79
11 1
39 5
47 87
46 89
76 17
58 90
63 60
87 1
54 38
85 46
84 16
6 74
16 79
52 2
90 10
84 7
20 76
20 76
2 88
88 67
67 38
78 87
55 78
2 88
88 67
67 38
23 26
17 23
2 88
88 67
67 38
91 17
2 88
88 67
67 38
63 84
2 88
49 21
88 67
67 38
32 7
21 32
75 2
73 75
2 88
88 67
67 38
85 73
20 76
10 82
20 76
2 88
76 52
88 67
67 38
17 60
91 17
60 3
17 60
21 8
0 49
49 21
60 3
8 4
4 17
17 60
45 23
23 17
58 45
60 3
91 28
28 79
0 49
74 28
49 21
21 37
28 79
16 79
45 84
58 45
53 60
0 49
37 33
33 66
49 21
21 37
60 3
90 10
10 82
46 90
91 65
65 17
17 60
60 3
51 93
93 66
53 60
60 3
19 47
20 19
47 79
20 25
25 47
3 38
79 3
47 79
56 64
19 56
20 19
64 82
0 49
49 21
32 7
21 32
54 38
85 69
69 24
54 38
0 49
32 50
50 15
49 21
21 32
25 14
20 25
54 38
14 40
40 77
85 46
1 82
46 68
3 38
60 3
90 10
10 82
17 60
20 76
3 38
60 3
93 51
63 60
89 93
85 46
3 38
60 3
87 1
20 25
1 82
25 47
69 39
5 40
54 38
85 69
40 77
1 82
0 49
3 38
79 3
49 21
21 32
95 31
31 53
53 60
3 38
60 3
0 49
49 21
32 7
21 32
7 38
84 7
16 84
21 8
0 49
49 21
95 31
7 38
70 7
31 53
66 50
50 34
95 31
31 53
54 38
86 82
58 86
88 67
67 38
7 38
84 7
16 84
7 38
84 7
16 84
85 69
43 77
54 38
34 70
7 38
70 7
83 88
88 2
48 74
7 38
74 6
84 7
6 37
33 26
37 33
3 38
13 3
48 13
85 81
34 70
7 38
70 7
81 34
48 9
3 38
9 3
13 97
3 38
48 13
13 56
64 23
56 64
3 38
48 13
54 38
21 8
0 49
49 21
93 51
8 77
54 38
9 93
48 9
93 51
51 35
35 54
54 38
9 93
48 9
76 35
17 76
57 17
9 57
35 54
54 38
48 9
7 38
84 7
16 84
72 70
7 38
70 7
48 72
93 89
9 93
48 9
29 38
46 89
74 41
48 74
41 46
29 38
48 74
74 6
6 37
29 38
48 36
36 29
95 22
22 99
92 7
7 38
0 92
92 98
53 60
0 92
98 80
92 98
22 99
0 92
80 22
