97
77
47
72
25
59
52
66
19
92
1
90
28
62
71
65
89
83
81
89
48
2
5
2
71
43
69
31
28
65
62
28
31
83
1
2
83
81
66
82
52
59
83
59
52
59
61
83
59
59
1
13
86
79
25
52
13
59
61
68
90
64
76
59
79
52
61
83
25
52
13
59
61
19
61
52
83
91
59
83
81
28
59
62
31
59
51
86
61
79
33
71
33
61
86
59
59
83
214
83 70
61 86
27 94
6 55
15 33
0 27
28 73
44 73
61 4
19 84
37 9
58 7
88 79
6 68
21 13
53 79
54 67
61 21
54 63
36 82
9 4
31 62
27 12
65 28
71 94
53 48
83 81
89 85
29 30
69 23
60 23
60 24
71 24
49 67
62 28
28 12
63 62
65 71
60 65
49 67
49 67
49 67
49 67
49 67
29 30
56 89
49 67
89 85
78 83
81 44
56 89
49 67
29 30
2 88
23 60
48 2
49 67
29 30
35 90
90 5
29 30
2 88
11 1
1 2
49 67
92 36
29 30
84 92
24 71
29 30
49 67
43 19
19 63
69 43
31 69
29 31
49 67
29 30
23 60
28 12
60 65
84 66
66 49
29 30
49 67
29 30
62 28
29 31
28 12
78 83
83 52
52 75
50 59
29 30
2 88
59 70
11 1
1 2
83 81
78 83
81 44
78 83
66 49
50 59
82 66
52 36
59 70
83 52
50 59
59 70
52 61
78 83
50 59
59 70
83 52
50 59
59 70
67 49
86 59
25 51
29 30
1 13
13 25
59 70
11 1
51 86
29 30
23 60
79 55
61 21
52 61
78 83
86 59
25 51
13 25
59 70
51 86
83 52
90 96
86 59
29 30
68 64
76 90
59 70
51 86
61 21
52 61
78 83
79 55
83 52
25 58
21 13
61 21
52 61
78 83
50 59
13 25
59 70
83 52
9 4
29 30
37 9
9 4
54 63
63 19
52 61
78 83
83 52
29 30
91 70
97 72
72 91
83 81
78 83
50 59
59 70
81 44
31 62
62 28
50 59
59 70
29 31
86 59
78 47
47 51
59 70
51 86
37 9
9 4
79 53
0 27
4 61
37 9
88 79
9 4
61 21
33 99
29 30
15 33
0 27
94 71
71 24
24 60
33 99
0 27
4 61
37 9
9 4
86 59
59 70
77 59
0 77
59 70
78 83
