255
94
11
91
55
66
16
57
85
27
32
8
23
71
9
4
44
74
14
80
58
95
40
78
15
31
96
81
70
26
10
38
61
46
43
33
73
25
63
2
84
65
54
87
37
62
79
92
76
35
17
59
22
72
6
36
51
89
77
7
13
98
68
75
82
69
39
30
97
3
34
12
24
48
41
60
49
93
29
1
88
56
20
83
18
21
52
19
86
5
53
67
42
45
50
90
47
28
50
42
12
48
34
93
88
97
97
20
28
97
97
93
88
5
13
48
20
77
77
13
67
34
98
28
97
88
97
30
59
30
59
22
35
28
97
35
59
48
62
59
62
93
37
50
76
62
77
22
62
48
77
37
48
37
62
37
54
98
37
54
18
37
25
17
30
73
43
73
25
43
98
61
43
43
25
35
98
49
20
25
43
25
43
25
93
20
43
25
86
43
25
98
81
43
25
54
43
25
96
25
65
96
63
25
81
25
93
58
17
25
95
42
65
45
58
81
76
22
96
25
74
44
58
96
95
36
42
96
54
43
58
71
8
71
71
54
43
95
36
71
32
71
35
58
74
95
96
25
16
58
74
95
85
71
16
58
400
0 99
45 42
50 64
0 28
28 99
47 99
0 47
90 99
0 90
0 50
50 99
45 99
0 45
42 99
0 42
0 50
42 99
0 45
67 99
0 67
0 53
53 99
0 5
5 99
0 86
86 99
0 19
19 99
0 52
52 99
21 99
0 21
86 18
0 86
18 99
83 99
0 83
86 20
0 86
20 99
56 99
0 56
88 99
0 88
0 1
1 99
29 88
86 18
18 29
88 99
0 86
93 88
86 18
50 93
18 50
88 99
0 86
49 99
0 49
1 45
93 88
60 67
45 60
67 93
88 99
0 1
1 45
45 41
41 99
0 1
49 48
48 99
0 49
86 90
90 24
24 48
48 99
0 86
86 18
18 12
12 48
48 99
0 86
12 48
34 12
48 99
0 34
34 3
3 99
0 34
97 99
0 97
93 88
30 93
88 97
97 99
0 30
39 97
97 99
0 39
69 97
97 99
0 69
20 86
82 20
28 97
86 28
97 99
0 82
75 97
97 99
0 75
68 99
0 68
98 97
97 99
0 98
93 88
13 67
88 97
67 93
97 99
0 13
7 75
18 86
75 97
86 7
13 5
5 18
97 99
0 13
77 48
48 99
0 77
20 89
77 20
89 99
0 77
77 51
51 99
0 77
13 67
67 36
36 99
0 13
34 98
6 34
98 97
97 99
0 6
72 28
28 97
97 99
0 72
22 88
88 97
97 99
0 22
0 59
59 99
30 17
59 30
17 99
0 59
59 30
30 35
35 99
0 59
22 76
76 35
35 99
0 22
92 28
28 97
97 99
0 92
79 35
35 99
0 79
59 62
62 99
0 59
37 48
0 37
48 99
87 59
59 62
62 99
0 87
37 54
50 93
54 50
93 62
62 99
0 37
22 76
65 62
77 22
76 65
48 77
37 48
62 99
0 37
77 84
48 77
84 62
37 48
62 99
0 37
37 48
48 2
2 99
0 37
63 62
37 63
62 99
0 37
37 54
25 99
98 25
54 98
0 37
18 73
37 54
54 18
73 99
0 37
33 30
30 17
25 99
17 25
0 33
43 73
0 43
73 99
46 73
43 46
0 43
73 99
43 61
25 99
61 98
98 25
0 43
43 61
61 38
38 99
0 43
35 10
10 98
43 35
25 99
98 25
0 43
82 26
20 82
49 25
43 20
25 99
26 49
0 43
25 99
70 25
0 70
93 81
81 25
25 99
43 93
0 43
20 86
96 25
43 20
25 99
86 96
0 43
31 98
43 31
25 99
98 25
0 43
43 54
54 15
93 81
15 93
81 25
25 99
0 43
43 78
25 99
78 25
0 43
96 25
40 96
25 99
0 40
62 63
65 62
96 25
0 95
25 99
63 96
95 65
93 81
81 25
0 58
25 99
58 93
58 80
80 17
0 58
25 99
17 25
42 96
14 45
45 42
96 25
65 14
0 95
25 99
95 65
74 76
76 22
81 25
22 81
0 58
25 99
58 74
96 25
25 99
44 96
0 44
4 44
74 76
76 4
96 25
0 58
25 99
44 96
58 74
42 96
36 9
96 25
9 42
0 95
25 99
95 36
43 54
71 99
54 71
0 43
0 58
23 99
58 23
8 71
71 99
0 8
8 71
71 99
32 8
0 32
43 54
27 43
71 99
54 71
0 27
85 71
36 85
0 95
71 99
95 36
57 35
32 57
71 99
35 71
0 32
16 99
74 16
0 58
58 74
66 96
96 25
0 95
95 66
25 99
16 99
74 55
55 16
0 58
58 74
95 91
0 95
91 99
85 71
11 85
0 11
71 99
94 16
16 99
58 94
0 58
