124
58
49
33
23
18
84
1
48
27
55
69
98
39
16
89
26
2
52
52
52
52
52
2
52
2
2
75
2
57
13
26
75
92
2
89
57
60
90
28
25
36
13
75
15
45
53
88
12
26
85
52
20
31
2
31
20
31
85
13
25
5
76
12
55
20
57
31
77
4
39
85
36
27
13
48
13
27
4
39
85
70
5
48
61
13
39
85
85
6
3
45
1
84
28
52
12
55
20
57
90
85
89
57
67
52
98
85
53
66
85
89
12
57
13
57
20
52
12
1
6
57
1
37
94
231
37 22
29 99
6 12
89 12
73 10
37 35
86 89
54 90
79 52
1 45
48 61
5 93
82 13
88 77
12 57
30 17
2 91
20 52
24 12
28 35
50 60
81 89
79 13
85 99
52 56
94 79
22 99
59 99
59 99
52 17
71 52
52 17
71 52
22 99
52 17
71 52
22 99
52 17
71 52
31 2
2 68
22 99
71 52
31 2
2 68
52 17
71 52
31 2
2 68
22 99
75 26
26 64
31 2
2 68
4 89
38 4
89 57
57 99
31 2
2 68
94 79
30 75
22 99
13 40
75 26
26 64
16 92
85 99
68 16
92 17
31 2
2 68
94 79
89 57
57 99
94 79
85 99
60 90
85 99
25 28
5 25
42 76
79 13
94 79
39 36
85 99
36 85
30 75
13 40
75 39
15 98
98 53
85 99
45 15
88 45
53 85
54 96
96 88
94 79
12 59
59 99
94 79
69 26
22 99
7 69
26 64
85 99
46 85
52 17
94 31
31 20
22 99
94 31
31 2
55 64
20 55
22 99
94 31
31 20
79 13
94 79
85 99
46 85
13 40
25 27
5 25
27 10
42 76
55 24
24 12
20 55
57 99
94 31
31 20
4 39
77 4
39 36
85 99
36 85
54 96
96 88
79 13
94 79
13 48
48 27
27 10
13 48
48 27
27 10
4 39
93 70
39 36
85 99
76 5
70 4
36 85
42 76
82 13
39 36
85 99
36 85
13 48
61 39
85 99
46 85
54 1
1 6
6 3
3 46
84 64
22 99
37 84
84 64
28 84
45 28
54 1
22 99
12 57
55 24
52 20
24 12
94 79
20 55
57 99
90 78
85 99
46 85
94 79
89 57
57 99
79 52
41 18
18 67
94 79
52 56
59 99
35 98
98 53
85 99
53 85
66 23
23 46
85 99
37 66
46 85
54 96
86 89
12 57
94 79
57 99
82 13
33 57
13 33
57 99
79 52
52 20
20 49
49 10
94 79
12 57
54 1
1 6
57 99
1 74
54 1
94 37
22 99
42 94
0 58
58 64
22 99
