196
31
55
38
89
32
30
11
10
2
64
73
54
85
43
22
4
47
16
86
9
6
34
61
88
21
14
75
53
40
76
17
66
13
97
74
45
46
42
29
51
95
49
1
23
44
81
80
87
3
5
36
8
83
59
79
39
20
82
69
50
94
57
67
78
25
98
37
56
15
19
35
7
28
52
27
71
68
70
48
96
12
24
41
33
62
26
90
91
63
65
84
58
24
77
18
60
52
27
26
98
19
60
72
60
72
60
37
72
98
59
59
19
20
37
72
60
8
83
33
59
3
25
80
25
49
56
23
51
49
29
12
72
37
20
29
72
27
46
13
45
51
72
46
58
25
72
71
76
72
60
72
46
83
21
33
59
40
72
25
61
35
72
13
6
21
52
29
88
29
72
46
86
4
53
85
4
86
53
86
84
54
53
51
45
45
72
21
24
58
85
76
72
85
59
88
72
301
0 99
0 72
60 99
0 18
0 77
58 24
58 63
84 91
0 93
0 65
65 93
0 63
63 99
91 99
0 91
90 99
0 90
0 84
91 99
0 58
63 99
0 26
26 99
0 62
62 99
33 99
0 33
41 99
0 41
0 24
24 99
0 12
12 99
58 96
0 58
96 99
0 58
24 99
48 99
0 48
77 99
0 70
70 99
0 68
68 70
70 99
71 99
0 71
0 27
27 70
70 99
52 99
0 52
0 28
28 99
0 7
7 99
18 99
0 60
0 35
35 99
19 52
0 19
52 99
27 15
0 27
15 99
56 99
0 56
0 37
37 99
98 99
0 98
26 25
25 99
0 26
78 98
0 78
98 99
19 67
60 99
0 19
67 60
72 99
57 99
0 57
60 99
94 60
0 94
0 50
50 99
0 72
60 99
72 69
69 60
0 82
82 99
20 37
0 72
72 20
37 99
0 39
39 99
79 98
0 79
98 99
0 59
59 99
83 59
0 83
59 99
8 59
0 8
59 99
36 99
19 36
0 19
20 37
0 72
72 20
5 60
60 99
37 5
0 3
3 99
87 99
0 87
0 80
80 99
8 81
0 8
81 99
33 83
83 59
0 3
3 44
44 33
59 99
0 23
23 25
25 99
0 1
1 99
0 49
49 99
0 80
80 95
95 25
25 99
0 49
49 51
51 99
23 56
29 99
0 23
56 29
42 99
0 42
0 46
46 99
45 99
51 45
0 49
49 51
0 72
74 12
29 99
12 29
72 74
20 37
0 72
29 99
37 97
72 20
97 29
27 46
0 13
13 27
46 99
0 66
66 99
45 99
0 13
17 51
51 45
13 17
58 46
0 72
76 58
72 76
46 99
0 72
72 40
40 25
25 99
53 71
0 53
71 99
0 72
72 76
76 75
75 99
14 60
0 14
60 99
0 21
21 99
0 72
72 88
88 46
46 99
33 83
83 59
0 21
59 61
61 99
21 33
0 72
72 40
40 34
34 99
6 25
0 6
25 99
0 72
9 35
35 61
61 99
72 9
0 13
13 86
86 99
6 16
0 6
16 99
0 21
52 47
47 29
21 52
29 99
0 4
4 99
46 22
0 72
72 88
88 46
22 29
29 99
0 43
43 86
86 99
0 85
85 4
4 99
53 54
0 53
54 99
0 85
85 4
4 73
73 86
86 99
0 53
53 84
84 64
64 86
86 99
53 54
2 51
0 53
45 99
54 2
51 45
0 10
10 99
0 72
11 45
45 99
72 11
58 30
0 21
21 24
24 58
30 99
0 85
32 99
85 32
0 72
76 89
89 99
72 76
59 38
38 99
0 85
85 59
55 99
0 55
88 31
0 72
72 88
31 99
