279
96
85
71
29
4
36
63
66
45
11
10
21
35
40
23
27
52
49
73
17
33
62
75
16
25
50
94
81
30
89
54
8
14
93
2
60
1
39
92
6
64
46
18
9
24
41
77
82
31
83
91
59
32
12
3
56
44
78
57
68
69
13
72
47
42
84
55
48
43
65
80
87
19
90
26
7
58
79
5
22
70
76
20
67
61
53
28
74
88
38
34
51
97
95
37
15
15
95
97
5
19
98
15
58
65
48
19
48
55
43
19
80
19
22
67
58
65
13
55
13
67
57
13
98
48
47
76
13
90
56
76
80
13
65
74
44
13
13
65
43
15
47
44
13
82
13
65
82
80
74
65
80
74
65
12
9
48
65
90
74
65
9
82
64
3
82
6
64
28
65
77
1
28
20
1
82
28
44
6
82
9
93
9
22
82
1
87
1
82
6
28
82
38
1
6
70
1
65
89
82
38
8
89
1
28
20
82
8
94
50
24
76
16
50
16
16
24
50
76
25
16
24
1
76
73
82
1
16
1
50
16
70
22
30
50
73
16
52
26
16
54
52
1
20
1
28
89
62
16
52
50
16
52
16
25
52
16
1
28
52
73
21
1
35
16
52
11
57
16
4
11
16
11
76
16
52
36
16
52
445
0 99
97 86
95 86
15 98
0 15
15 99
0 15
98 99
37 99
0 37
0 95
95 99
0 95
0 97
97 99
0 97
0 51
51 99
0 34
34 99
0 38
38 99
0 88
88 99
0 74
74 99
28 99
0 28
38 53
0 38
53 99
61 28
0 61
28 99
67 95
95 28
0 67
28 99
67 20
0 67
20 99
95 76
67 95
0 67
76 99
95 70
67 95
0 67
70 99
67 22
22 70
0 67
70 99
5 70
67 5
0 67
70 99
0 79
79 99
0 58
58 99
0 58
58 7
7 99
26 76
67 26
0 67
76 99
0 90
90 99
19 99
0 19
0 87
87 99
74 90
80 74
0 80
90 99
0 65
65 99
43 19
5 43
65 5
0 65
19 99
65 48
43 19
48 98
15 43
98 15
0 65
19 99
65 58
0 65
58 55
55 99
65 48
48 84
43 19
84 43
0 65
19 99
65 48
42 55
48 42
0 65
55 99
47 15
43 19
15 43
0 47
19 99
74 80
65 74
72 19
80 72
0 65
19 99
65 74
22 67
74 22
67 13
0 65
13 99
65 58
58 69
0 65
69 99
26 67
65 74
55 26
74 68
68 55
67 13
0 65
13 99
67 13
57 67
0 57
13 99
57 78
78 13
0 57
13 99
65 48
48 98
44 13
98 44
0 65
13 99
76 26
47 56
26 67
56 76
67 13
0 47
13 99
3 67
74 90
65 74
90 3
67 13
0 65
13 99
65 48
76 26
12 56
26 67
48 12
56 76
67 13
0 65
13 99
74 80
65 74
80 32
32 13
0 65
13 99
74 59
65 74
0 65
59 99
91 44
44 13
0 91
13 99
83 13
65 83
0 65
13 99
47 15
43 31
15 43
0 47
31 99
82 44
44 13
0 82
13 99
0 82
82 77
77 99
41 13
65 41
0 65
13 99
82 24
0 82
24 99
74 80
65 74
80 9
0 65
9 99
74 80
65 74
80 18
0 65
18 99
65 48
46 9
12 46
48 12
0 65
9 99
74 90
65 74
90 64
0 65
64 99
82 6
6 9
0 82
9 99
92 90
67 3
6 67
3 92
82 6
90 64
0 82
64 99
39 64
0 39
64 99
28 1
1 99
65 28
0 65
65 60
28 1
20 28
60 77
77 20
1 99
0 65
28 1
44 2
82 44
1 99
2 28
0 82
9 93
82 6
6 9
0 82
93 99
9 93
14 9
93 99
0 14
8 22
22 87
1 99
82 8
87 1
0 82
28 1
82 6
6 54
54 28
1 99
0 82
83 38
38 89
89 20
28 1
6 13
82 6
20 28
13 83
1 99
0 82
65 30
30 70
1 99
70 1
0 65
38 89
8 81
89 20
28 1
81 38
20 28
1 99
82 8
0 82
89 20
28 1
94 89
20 28
1 99
0 94
8 50
82 8
50 99
0 82
94 25
25 99
0 94
0 16
76 50
24 76
16 24
50 99
0 16
16 75
75 99
62 50
0 16
50 99
16 62
76 33
33 50
0 16
24 76
16 24
50 99
17 25
25 99
0 17
73 1
0 16
76 73
24 76
1 99
16 24
73 1
49 73
82 49
1 99
0 82
0 16
16 52
1 99
52 1
0 16
27 50
16 27
50 99
22 8
70 87
23 30
30 70
8 50
87 22
0 23
50 99
26 76
73 1
0 16
52 40
40 26
76 73
16 52
1 99
35 15
15 54
28 1
0 16
52 35
16 52
54 28
1 99
89 20
28 1
21 89
20 28
1 99
0 21
10 62
62 50
0 16
52 10
16 52
50 99
0 16
16 52
11 99
52 11
52 45
0 16
45 25
16 52
25 99
28 1
66 28
0 16
52 66
16 52
1 99
73 1
21 63
63 73
1 99
0 21
0 16
52 35
36 99
16 52
35 36
16 4
0 16
57 11
4 57
11 99
16 4
0 16
29 11
4 29
11 99
76 11
0 71
71 76
11 99
0 16
85 99
16 52
52 85
96 36
52 96
0 16
36 99
16 52
