80
35
22
17
10
45
16
23
58
21
56
57
8
52
47
46
33
13
19
44
2
48
27
44
19
48
19
48
19
5
33
19
46
33
27
33
5
53
24
24
44
27
46
33
2
4
54
46
33
44
33
8
52
36
29
52
42
21
19
2
27
8
51
54
27
46
8
54
44
27
57
54
44
57
54
5
44
19
19
16
19
172
0 59
26 49
0 26
19 38
15 20
40 54
51 26
38 59
30 49
29 36
25 32
7 28
44 54
30 27
37 24
50 53
38 27
49 59
27 41
42 48
38 37
41 24
41 24
40 2
41 24
2 30
41 24
44 37
25 44
48 43
41 24
3 27
44 37
25 44
19 32
11 19
41 24
11 19
48 43
13 28
43 13
19 48
11 19
48 43
19 48
19 32
5 33
11 19
33 20
41 5
19 32
54 46
11 19
33 20
46 33
27 41
41 46
33 20
46 33
5 33
33 20
47 5
11 47
49 59
53 24
24 28
49 59
44 37
24 28
25 44
27 41
41 46
40 2
33 20
46 33
2 30
4 52
2 55
40 2
52 59
9 4
54 46
33 20
46 33
25 44
8 43
49 59
40 8
44 57
57 5
5 33
33 20
25 44
56 43
49 59
25 56
49 59
8 7
40 8
34 52
52 59
36 52
25 29
52 59
21 49
49 59
50 21
58 42
25 32
19 58
21 49
42 21
49 59
32 19
49 59
40 2
2 30
27 38
25 32
41 27
8 51
40 8
38 59
27 38
41 27
46 41
54 46
8 15
40 8
40 54
44 23
38 59
54 44
27 38
41 27
23 41
40 54
57 16
54 44
44 57
16 49
49 59
5 45
40 54
38 59
54 44
45 38
44 57
57 5
30 49
10 30
40 10
49 59
38 59
25 32
32 19
17 32
40 17
19 38
38 59
32 19
22 55
16 49
55 16
49 59
0 22
19 38
38 59
35 19
0 35
0 26
49 59
