232
42
77
9
64
67
40
88
24
27
66
73
30
53
70
16
13
35
54
68
38
23
19
28
87
62
46
86
94
33
52
93
78
20
47
2
25
17
61
76
81
18
65
6
41
14
15
44
80
51
55
60
39
90
34
32
11
84
37
21
91
3
56
5
57
72
95
79
63
58
1
45
50
92
59
85
12
97
36
43
26
96
48
74
22
7
75
49
98
89
4
69
71
10
31
82
83
29
29
22
31
97
75
92
97
92
1
96
92
72
1
31
97
21
3
56
21
11
7
11
34
21
32
10
32
10
5
32
5
32
5
79
97
34
15
5
32
5
7
96
69
21
6
26
32
5
5
6
21
74
6
21
61
34
5
65
21
61
84
5
32
5
21
78
6
25
34
32
78
5
2
61
5
12
46
6
17
21
6
65
97
34
37
39
19
97
37
19
97
52
21
52
5
26
54
89
71
92
33
54
84
13
13
52
21
92
70
33
54
54
26
52
21
5
24
32
21
5
16
89
71
24
32
34
5
40
88
21
40
60
40
60
66
387
0 99
29 10
0 29
29 99
83 99
0 83
0 82
82 99
0 31
31 99
10 99
0 10
82 29
0 82
10 99
8 71
71 99
0 69
69 99
4 71
0 4
71 99
89 71
71 99
0 89
0 98
98 99
89 71
49 89
0 49
71 99
89 71
49 89
75 49
0 75
71 99
0 7
7 99
31 22
22 71
75 31
0 75
71 99
89 71
75 74
74 89
0 75
71 99
75 74
74 48
0 75
48 99
0 96
96 71
71 99
26 71
96 69
0 96
69 26
71 99
89 71
43 89
0 43
71 99
74 36
75 74
36 48
0 75
48 99
96 69
0 96
69 97
97 99
26 71
12 26
0 12
71 99
74 85
75 74
85 71
0 75
71 99
59 97
96 69
69 59
0 96
97 99
0 92
92 99
0 92
92 50
50 99
45 7
92 45
0 92
7 99
22 31
31 1
92 45
0 92
45 22
1 99
75 58
58 97
0 75
97 99
0 63
63 99
43 79
79 97
0 92
92 43
97 99
0 95
95 99
92 72
0 92
72 99
96 57
57 1
0 96
1 99
0 5
5 99
0 56
56 99
3 56
72 3
92 72
0 92
56 99
91 31
31 1
0 5
5 91
1 99
0 21
21 99
37 97
0 21
21 37
97 99
3 56
84 3
0 84
56 99
0 21
21 11
11 99
5 32
7 11
32 7
0 5
11 99
0 34
34 11
11 99
0 34
34 90
90 99
21 8
0 21
8 39
39 99
5 32
10 60
0 5
32 10
60 99
5 32
10 55
0 5
32 10
55 99
5 32
0 5
32 51
51 99
0 80
80 99
5 32
0 5
32 44
44 99
97 79
79 15
34 97
0 34
15 99
14 15
0 5
5 14
15 99
5 32
7 41
32 7
0 5
41 99
69 6
96 69
6 99
0 96
0 21
21 65
65 99
5 32
71 18
7 26
18 6
26 71
32 7
0 5
6 99
0 5
5 81
81 99
0 76
76 6
6 99
0 21
74 61
21 74
61 99
21 8
17 6
0 21
8 17
6 99
34 25
0 34
25 61
61 99
5 2
0 5
2 99
65 47
0 21
21 65
47 61
61 99
84 20
0 84
20 99
5 78
0 5
78 99
5 32
0 5
32 93
93 99
21 52
52 78
0 21
78 99
33 6
0 33
6 99
25 94
34 25
0 34
94 99
32 86
5 32
86 78
0 5
78 99
0 46
46 99
2 62
62 61
5 2
0 5
61 99
87 6
46 12
12 87
0 46
6 99
28 17
17 6
65 28
0 21
21 65
6 99
97 19
34 97
0 34
19 99
23 37
21 8
37 97
97 19
39 23
0 21
8 39
19 99
37 97
97 19
21 52
52 38
38 37
0 21
19 99
21 52
0 21
52 68
68 99
0 5
5 54
54 99
89 71
5 35
35 89
26 54
71 26
0 5
54 99
92 13
13 99
0 92
0 16
16 99
33 70
70 54
0 33
54 99
84 53
53 13
13 99
0 84
21 52
30 92
52 30
0 21
92 13
13 99
33 70
70 54
73 33
0 73
54 99
26 54
66 26
0 66
54 99
21 52
52 27
0 21
27 99
24 99
5 24
0 5
8 88
88 32
21 8
32 5
24 99
0 21
5 24
89 71
16 89
71 40
40 99
0 16
67 34
34 32
32 5
24 99
0 67
5 24
8 88
88 64
21 8
64 40
0 21
40 99
60 40
0 9
9 60
40 99
60 40
77 60
0 77
40 99
66 42
42 99
0 66
