127
22
52
28
77
74
68
11
89
45
76
84
82
57
84
82
57
97
66
89
97
66
30
46
29
85
30
61
46
84
63
82
57
24
43
70
89
97
40
68
36
85
63
90
63
23
68
36
85
90
19
74
90
30
61
74
58
90
84
82
57
57
74
90
61
29
28
74
90
61
29
77
57
42
44
74
90
57
63
57
82
77
57
51
74
65
89
11
19
74
90
22
28
33
57
45
28
57
46
29
74
90
52
74
65
59
90
41
22
19
57
57
22
19
20
35
19
22
35
52
75
70
50
65
19
53
22
35
226
53 6
75 56
19 35
49 20
4 9
41 17
52 59
6 2
0 46
45 29
51 73
6 82
16 57
42 5
1 4
83 3
27 6
58 86
49 19
10 23
2 40
10 24
27 63
46 30
5 26
84 82
16 9
45 26
76 45
16 9
6 84
82 57
84 82
57 80
6 84
82 57
47 89
89 97
66 56
97 66
11 47
47 89
3 11
89 97
66 56
97 66
61 29
30 34
29 46
36 85
68 90
46 30
85 68
61 29
30 34
29 46
84 82
57 80
6 84
63 48
82 57
70 89
24 43
88 70
89 97
66 56
97 66
3 2
40 36
26 5
27 63
36 85
68 90
85 68
63 48
26 5
74 90
27 63
3 74
63 48
90 99
23 32
36 85
68 90
37 36
85 68
90 99
74 90
19 5
3 74
46 30
12 61
61 29
30 34
29 46
90 99
26 5
74 90
3 74
4 58
90 99
84 82
57 80
6 84
82 57
27 6
73 77
77 57
57 80
26 5
74 90
3 74
28 38
29 28
12 61
61 29
90 99
74 90
3 74
28 38
29 28
9 16
12 61
61 29
90 99
27 6
73 77
77 57
57 80
44 42
74 90
1 4
15 44
3 74
27 6
90 99
27 63
1 4
57 80
9 16
63 48
1 4
27 6
57 80
82 57
1 4
27 6
73 77
77 57
57 80
6 51
52 89
65 52
74 90
3 74
47 11
89 47
0 65
11 3
90 99
1 22
22 19
74 90
19 5
3 74
90 99
16 57
1 22
22 33
33 26
28 38
26 45
29 28
57 80
9 16
16 57
28 38
29 28
57 80
9 16
46 29
2 3
74 90
1 4
3 74
27 6
90 99
2 3
65 52
74 90
3 74
0 65
59 2
90 99
16 57
1 22
22 19
19 5
5 41
57 80
16 57
1 4
57 80
9 16
19 49
1 22
22 19
20 35
35 99
1 22
22 19
35 99
52 89
65 52
89 70
50 75
70 88
88 50
0 65
19 35
1 22
22 19
0 53
4 1
6 27
35 99
