298
83
55
18
32
68
86
46
43
23
78
80
42
65
33
73
2
72
76
52
67
3
77
94
64
10
98
7
8
1
11
41
16
37
5
48
14
66
54
92
79
75
62
28
31
82
93
95
6
85
47
71
70
84
25
24
27
26
39
74
69
91
20
13
50
97
90
56
21
58
17
89
36
45
12
38
49
81
4
35
60
59
15
96
29
44
53
9
51
22
87
40
63
61
30
88
19
57
49
81
35
44
21
81
35
81
59
50
81
90
13
21
13
49
13
12
21
69
44
58
36
26
17
97
13
20
35
13
81
24
35
49
13
24
49
13
49
13
49
13
20
71
4
35
71
90
35
13
59
81
13
70
15
40
82
31
51
49
81
13
49
13
69
13
39
82
13
56
75
49
26
84
17
13
71
89
13
39
82
49
13
62
81
13
75
62
49
13
9
6
13
16
88
37
62
16
87
39
82
31
49
13
29
11
16
58
49
24
13
39
16
82
56
49
37
62
49
13
1
31
10
49
1
84
13
79
62
13
8
7
24
49
47
7
24
49
39
82
56
13
67
8
45
93
52
47
24
49
82
49
13
49
93
52
76
90
37
62
13
42
62
13
42
80
33
98
37
42
42
61
6
42
39
82
56
46
52
42
39
46
59
42
82
46
42
52
39
78
70
46
80
70
46
80
42
86
46
42
52
453
0 99
57 99
0 57
19 99
0 19
88 99
0 88
30 99
0 30
61 99
0 61
30 63
63 99
0 30
40 99
0 40
87 99
0 87
22 63
63 99
0 22
51 99
0 51
9 99
0 9
40 53
53 99
0 40
40 44
44 99
0 40
44 99
29 44
0 29
29 96
96 99
0 29
15 40
40 44
44 99
0 15
59 99
0 59
60 59
59 99
0 60
35 99
0 35
4 57
57 35
35 99
0 4
81 99
0 81
49 99
0 49
38 99
0 38
49 99
38 12
12 49
0 38
45 81
38 45
81 99
0 38
36 81
81 99
0 36
89 35
35 99
0 89
49 99
17 49
0 17
58 81
81 99
0 58
21 35
35 99
0 21
56 44
44 99
0 56
21 90
90 81
81 99
0 21
97 35
35 99
0 97
59 81
50 59
0 50
81 99
59 81
50 59
0 13
13 50
81 99
20 35
50 90
0 13
90 20
13 50
35 99
91 81
21 91
0 13
13 21
81 99
13 69
0 13
49 99
69 49
74 12
21 74
0 13
49 99
13 21
12 49
39 56
69 39
13 69
0 13
56 44
44 99
36 81
58 26
26 36
0 13
13 58
81 99
26 17
58 26
17 27
27 44
0 13
13 58
44 99
97 35
24 97
13 24
0 13
35 99
20 35
25 20
0 25
35 99
84 81
13 84
0 13
81 99
24 70
70 35
13 24
0 13
35 99
13 71
0 13
49 99
71 49
24 47
13 24
0 13
49 99
47 49
13 85
0 13
49 99
85 49
13 6
0 13
49 99
6 49
71 95
20 35
95 4
4 20
13 71
0 13
35 99
71 90
90 93
93 35
13 71
0 13
35 99
82 59
13 82
59 81
0 13
81 99
13 82
15 40
82 15
70 31
40 70
0 13
49 99
31 49
28 51
51 31
49 99
31 49
0 28
62 81
13 62
0 13
81 99
0 13
49 99
13 75
75 49
13 69
0 13
69 79
79 99
39 56
82 39
13 82
0 13
56 92
92 99
54 75
49 99
75 49
0 54
17 26
26 66
84 17
13 84
0 13
66 99
71 89
89 14
13 71
0 13
14 99
39 56
82 39
13 82
56 48
48 49
0 13
49 99
62 81
13 62
81 5
0 13
5 99
37 75
62 37
13 62
0 13
49 99
75 49
6 9
9 16
13 6
0 13
16 99
62 37
88 41
37 88
41 16
13 62
0 13
16 99
82 39
87 11
13 82
39 87
11 16
0 13
16 99
1 31
13 1
0 13
49 99
31 49
29 58
8 29
58 11
11 16
0 8
16 99
24 7
7 49
13 24
0 13
49 99
39 56
82 39
98 16
13 82
56 98
0 13
16 99
10 49
49 99
0 10
62 37
64 49
13 62
37 64
0 13
49 99
1 31
31 94
94 10
13 1
10 49
0 13
49 99
13 1
84 77
1 84
0 13
77 99
3 79
62 3
13 62
0 13
79 99
8 67
24 7
7 49
67 24
49 99
0 8
24 7
7 49
47 24
0 52
52 47
49 99
39 56
82 39
13 82
56 76
76 99
0 13
87 72
67 11
8 67
11 87
72 45
93 76
45 93
76 99
0 8
2 49
24 2
47 24
0 52
52 47
49 99
82 73
13 82
73 49
0 13
49 99
33 49
49 99
0 33
54 90
93 76
90 93
65 54
0 52
52 65
76 99
62 37
13 62
37 42
42 99
0 13
62 80
13 62
80 42
42 99
0 13
98 78
33 98
78 80
80 42
42 99
0 33
0 23
37 42
42 99
23 37
61 6
43 61
42 99
6 42
0 43
39 56
56 46
82 39
46 42
13 82
42 99
0 13
39 56
52 86
56 46
82 39
46 42
13 82
0 52
42 99
86 13
39 56
56 46
82 39
68 59
59 82
46 42
42 99
0 68
39 56
56 46
32 13
82 39
46 42
13 82
52 32
0 52
42 99
80 70
71 78
70 46
0 18
78 80
46 42
18 71
42 99
80 70
70 46
55 80
46 42
52 55
0 52
42 99
52 86
56 46
83 56
86 83
46 42
0 52
42 99
