162
72
15
4
54
52
81
62
37
36
71
79
8
18
35
73
1
59
55
7
22
60
49
19
43
26
46
77
30
32
24
41
34
29
10
20
16
61
13
42
58
23
51
17
64
66
63
78
75
12
44
2
57
74
45
67
31
39
14
48
25
65
14
38
48
31
67
38
74
65
45
50
14
74
70
2
65
39
14
70
38
78
14
38
38
80
17
64
70
38
39
70
38
16
75
17
48
17
16
31
70
38
23
10
16
70
38
51
70
41
31
30
17
38
17
17
13
19
23
38
41
70
19
38
60
19
14
38
22
23
67
19
38
19
11
38
24
38
18
11
35
18
66
38
60
19
38
71
18
66
77
19
38
61
37
55
19
1
67
60
79
11
37
311
21 40
0 21
28 67
38 56
76 48
68 53
0 38
69 65
76 27
33 82
33 68
6 82
9 82
6 82
33 82
3 25
25 53
5 48
48 70
14 82
80 14
14 82
39 80
80 14
47 39
31 9
69 31
9 82
65 33
33 82
50 67
67 82
14 82
69 45
45 14
14 82
39 80
28 39
80 14
0 38
38 28
0 38
27 76
48 70
38 28
31 9
0 38
56 31
9 82
0 38
38 28
67 82
74 33
0 74
33 82
28 57
0 38
38 28
57 82
65 2
69 65
74 69
2 82
0 74
14 82
50 45
21 50
45 14
74 44
0 74
44 82
70 82
0 12
12 70
39 75
0 21
65 2
75 65
2 82
21 39
0 21
78 14
39 78
14 82
21 39
0 38
70 82
63 70
38 63
0 21
66 78
78 14
14 82
21 66
0 21
33 82
21 40
0 21
40 64
64 82
0 38
17 82
38 17
21 40
0 21
51 82
40 51
0 38
23 82
38 23
38 56
58 80
0 38
17 82
56 58
80 17
21 40
64 47
47 42
0 21
42 70
70 82
40 64
0 13
13 82
61 53
0 38
38 61
39 16
0 21
16 70
70 82
21 39
68 53
20 68
38 20
0 38
39 16
38 56
56 10
75 39
16 70
0 38
10 75
70 82
17 82
0 29
29 17
34 48
21 40
48 76
0 21
76 17
17 82
40 34
21 40
31 16
41 3
0 21
3 31
40 41
16 70
70 82
38 56
56 24
0 38
23 82
24 23
10 32
38 56
56 10
32 16
16 70
0 38
70 82
30 51
0 21
21 30
51 82
21 40
0 21
40 77
77 82
0 21
46 70
21 46
70 82
47 26
21 40
41 47
0 21
40 41
26 82
30 31
31 43
0 21
43 17
17 82
21 30
38 19
0 38
17 82
19 17
0 21
49 17
17 82
21 49
60 82
13 60
0 13
38 19
22 23
19 22
0 38
23 82
3 7
21 40
41 3
7 70
0 21
40 41
70 82
38 19
19 55
60 82
0 38
55 60
38 19
59 14
19 59
0 38
14 82
67 22
1 67
21 40
40 1
22 23
0 21
23 82
38 19
28 73
19 28
0 38
73 82
38 19
19 11
11 35
35 82
0 38
38 56
56 24
24 18
18 82
0 38
21 8
0 21
18 82
8 18
79 11
11 35
35 82
0 79
71 66
66 18
21 40
0 21
40 71
18 82
56 36
38 56
60 82
36 60
0 38
38 19
37 82
0 38
19 37
0 62
62 82
71 66
66 18
81 71
0 21
21 81
18 82
19 77
77 52
38 19
52 82
0 38
61 54
54 37
38 19
37 82
19 55
55 61
0 38
4 60
1 67
67 4
21 40
60 82
40 1
0 21
79 11
15 82
11 15
0 79
37 82
72 37
0 72
