263
18
70
61
81
69
27
20
88
62
55
12
16
82
29
10
25
91
97
1
39
37
2
51
17
33
54
47
11
86
83
60
48
45
26
73
95
76
44
78
75
77
13
58
7
4
6
96
15
93
36
21
84
8
24
46
66
49
22
5
23
30
67
32
52
87
31
19
41
9
64
42
92
40
74
56
71
72
57
3
65
98
89
63
90
50
38
68
35
14
34
59
53
43
85
79
28
94
92
57
3
74
74
71
41
92
68
92
57
57
65
72
41
40
87
57
92
32
32
41
41
32
92
49
49
72
67
24
24
24
67
49
24
72
84
24
87
49
24
49
72
49
57
24
49
24
72
7
67
49
13
36
58
7
67
75
14
49
7
75
75
14
56
75
49
14
95
75
14
73
49
26
95
72
26
95
14
95
58
7
95
95
65
47
95
65
19
47
26
60
95
73
49
47
33
49
19
47
83
85
95
17
95
47
65
22
2
33
19
26
95
47
65
83
26
95
72
95
53
21
17
26
95
10
95
26
47
95
26
71
14
83
42
95
17
83
26
95
54
95
85
17
95
56
10
95
26
47
95
47
17
85
95
17
85
95
56
32
81
90
17
95
81
95
402
0 99
94 99
0 94
0 28
28 99
0 79
79 99
79 85
85 99
0 79
43 99
0 43
79 53
53 99
0 79
0 59
59 99
0 34
34 99
14 99
0 14
35 53
0 35
53 99
28 14
68 28
0 68
14 99
38 99
0 38
35 50
50 99
0 35
68 90
0 68
90 99
63 99
0 63
0 89
89 99
98 99
0 98
65 99
0 65
3 99
0 3
65 57
57 99
0 65
0 72
72 99
0 71
71 99
56 85
71 14
14 56
85 3
0 71
3 99
74 72
0 74
72 99
40 99
0 40
92 57
79 92
74 79
0 74
57 99
14 71
42 14
92 57
68 92
71 68
0 42
57 99
92 57
64 92
74 64
0 74
57 99
9 3
74 9
0 74
3 99
74 41
0 74
41 99
72 41
19 71
71 72
0 19
41 99
92 57
68 92
31 68
0 31
57 99
92 57
68 92
87 68
0 87
57 99
52 65
65 57
0 52
57 99
72 41
0 32
71 72
32 71
41 99
67 40
0 67
40 99
74 30
30 57
87 74
0 87
57 99
92 57
23 92
0 32
32 23
57 99
0 32
32 5
5 99
22 41
0 22
41 99
0 49
49 41
41 99
66 92
92 57
0 32
32 66
57 99
49 46
0 49
46 99
0 49
72 24
49 72
24 99
49 67
8 42
0 49
67 8
42 24
24 99
0 84
84 24
24 99
21 24
0 21
24 99
49 67
67 36
0 49
72 24
36 72
24 99
93 24
84 93
0 84
24 99
87 15
0 49
49 87
15 99
96 72
49 96
0 49
72 24
24 99
6 57
49 6
0 49
57 99
49 4
0 49
4 24
24 99
7 72
0 7
72 24
24 99
7 58
0 7
58 99
49 67
0 49
67 13
13 99
0 77
77 99
0 75
75 99
36 78
58 36
68 13
7 58
78 68
0 7
13 99
49 67
67 44
44 14
14 75
0 49
75 99
7 76
0 7
76 75
75 99
0 95
95 56
56 14
14 75
75 99
49 73
73 14
14 75
0 49
75 99
26 14
95 26
0 95
14 75
75 99
49 73
0 49
73 45
45 99
95 26
0 95
26 72
72 48
48 99
26 14
95 26
0 95
14 60
60 99
0 95
83 99
95 83
58 86
7 58
0 7
86 99
0 95
95 11
11 99
0 95
65 47
47 99
95 65
0 95
95 54
65 47
47 99
54 65
60 19
26 14
19 33
95 26
0 95
14 60
33 47
47 99
95 17
0 95
17 99
49 73
51 47
0 49
47 99
73 51
2 19
19 33
49 2
33 47
0 49
47 99
95 17
85 56
17 85
0 95
37 83
56 37
83 99
0 95
95 39
39 65
65 47
47 99
41 2
95 17
22 41
1 22
2 19
19 33
0 95
17 1
33 47
47 99
26 97
95 26
0 95
97 65
65 47
47 99
95 26
72 91
0 95
26 72
91 83
83 99
95 17
53 25
0 95
21 53
17 21
25 99
26 10
95 26
0 95
10 99
10 29
26 10
29 65
95 26
0 95
65 47
47 99
14 71
26 14
71 82
95 26
0 95
82 99
16 83
83 99
0 16
95 17
0 95
17 42
42 12
12 99
26 55
95 26
0 95
55 83
83 99
54 62
0 95
95 54
62 99
95 17
85 56
17 85
0 95
56 88
88 99
10 20
26 10
95 26
0 95
20 47
47 99
0 95
95 27
27 47
47 99
95 17
17 85
85 69
0 95
69 99
95 17
85 56
17 85
0 95
56 81
81 99
32 61
0 32
61 99
95 17
70 19
19 90
17 70
90 81
0 95
81 99
95 18
0 95
18 81
81 99
