231
64
11
3
41
61
55
83
74
57
62
31
63
70
52
13
79
16
85
44
14
25
58
76
22
72
77
78
21
42
68
28
6
45
66
53
20
17
67
51
69
43
73
71
32
88
24
59
35
54
89
33
12
82
92
37
19
87
47
39
93
26
27
38
9
94
90
46
48
50
5
8
18
23
15
10
40
49
91
56
34
81
7
4
86
2
75
80
29
84
65
60
36
30
40
90
40
90
38
75
38
4
90
75
38
39
94
9
90
19
90
37
8
92
92
39
38
29
47
39
26
35
39
35
59
75
24
84
33
39
37
90
35
59
39
75
88
43
24
39
75
43
39
18
49
90
39
17
35
43
65
39
43
39
75
66
39
43
15
39
26
39
43
75
33
68
39
20
39
39
2
24
43
39
77
30
35
43
33
68
22
71
77
22
33
22
46
33
22
68
33
22
68
35
65
39
43
39
47
43
39
20
39
24
43
75
44
52
81
68
22
31
39
88
91
31
83
31
7
88
24
83
84
61
83
75
83
7
83
7
61
83
367
0 95
30 95
0 30
0 36
36 95
60 95
0 60
65 95
0 65
0 84
84 95
84 29
0 84
29 95
80 95
0 80
75 95
0 75
84 2
2 80
80 95
0 84
0 86
86 95
4 65
65 95
0 4
7 80
80 95
0 7
81 65
84 81
0 84
65 95
34 80
84 34
80 95
0 84
56 80
80 95
0 56
91 86
0 91
86 95
0 49
49 65
65 95
0 40
40 95
91 86
86 10
0 91
10 95
15 40
0 15
40 95
49 23
0 49
23 95
49 18
0 49
18 95
8 80
0 8
80 95
5 7
7 10
0 5
10 95
0 50
50 10
10 95
48 80
0 48
80 95
48 46
46 80
0 48
80 95
90 40
0 90
40 95
90 40
0 90
40 94
94 95
0 9
9 95
0 38
38 95
90 40
40 27
27 38
0 90
38 95
26 75
75 38
0 26
38 95
90 18
18 4
4 93
0 90
93 95
26 75
0 39
39 26
75 38
38 95
0 39
39 47
47 95
9 87
87 94
0 9
94 95
90 19
0 90
19 95
0 37
37 95
19 92
90 19
0 90
92 95
37 82
0 37
82 95
26 75
8 12
12 92
75 8
0 39
39 26
92 95
0 39
39 33
33 92
92 95
89 38
0 89
38 95
54 92
47 29
29 54
0 39
39 47
92 95
26 75
75 35
0 39
39 26
35 95
26 75
75 35
35 59
0 39
39 26
59 95
24 75
75 35
35 59
0 24
59 95
24 84
84 88
0 24
88 95
0 39
33 32
39 33
32 95
37 71
0 37
71 95
90 73
0 90
73 95
75 35
43 75
39 43
35 59
0 39
59 95
69 88
0 69
88 95
75 24
43 75
1 51
39 43
24 1
0 39
51 95
39 43
0 39
43 67
67 95
18 49
49 17
90 18
0 90
17 95
39 20
0 39
20 95
53 17
0 53
17 95
75 35
35 65
65 66
43 75
39 43
0 39
66 95
43 75
39 43
0 39
75 45
45 95
43 6
39 43
6 66
0 39
66 95
39 15
0 39
15 28
28 95
75 26
43 75
39 43
26 68
0 39
68 95
42 33
33 68
39 42
0 39
68 95
20 21
39 20
0 39
21 95
0 39
39 78
78 95
75 24
43 75
24 2
39 43
2 77
0 39
77 95
75 35
35 72
43 75
72 30
30 77
39 43
0 39
77 95
22 33
33 68
0 22
68 95
22 71
71 76
0 22
76 95
58 77
0 58
77 95
22 33
33 25
0 22
25 95
22 46
46 14
0 22
14 95
22 33
33 68
68 44
0 22
44 95
22 33
68 85
33 68
0 22
85 95
75 35
35 65
43 75
65 16
39 43
0 39
16 95
47 79
43 47
39 43
0 39
79 95
0 13
13 95
39 20
20 52
52 95
0 39
75 24
24 70
43 75
39 43
0 39
70 95
44 81
68 44
81 52
63 68
52 95
0 63
31 95
0 31
62 95
0 62
22 57
57 95
0 22
39 74
31 95
0 39
74 31
83 88
31 95
0 83
91 31
88 91
7 55
31 95
0 83
83 7
55 31
83 88
84 24
24 75
75 61
0 83
88 84
61 95
41 75
75 61
0 83
83 41
61 95
7 3
0 83
83 7
3 95
7 11
11 95
0 83
83 7
83 64
64 61
0 83
61 95
