256
36
76
33
50
18
63
46
53
84
80
42
22
79
26
1
38
78
28
41
44
90
94
87
69
20
21
56
7
8
86
65
34
12
64
40
3
47
92
74
67
32
95
27
48
62
5
35
58
70
16
82
88
9
10
68
15
49
96
89
25
11
55
97
23
29
91
60
71
93
52
61
73
85
30
45
66
81
6
77
39
19
51
17
83
57
59
54
14
75
24
72
37
43
98
31
13
4
30
43
52
43
30
30
71
61
6
52
30
29
19
93
4
52
43
6
55
55
11
52
96
23
52
10
55
24
82
88
91
82
61
30
70
85
82
35
88
48
70
82
58
95
49
55
43
95
30
88
35
95
58
71
88
30
35
92
35
29
47
92
30
43
88
35
71
92
61
30
88
35
30
88
35
43
4
88
35
19
65
35
98
70
34
89
74
34
89
70
34
85
65
70
40
43
88
35
43
88
35
70
35
23
9
94
88
90
9
94
88
20
29
69
30
88
69
9
78
94
93
75
1
69
58
74
34
38
11
75
1
69
78
26
1
92
16
84
10
1
38
74
92
63
94
53
20
84
1
63
43
88
50
20
63
18
58
33
46
413
0 99
4 99
0 4
0 13
13 99
31 99
0 31
98 99
0 98
43 99
0 43
37 99
0 37
72 99
0 72
24 37
37 99
0 24
75 31
4 43
31 2
2 4
43 99
0 75
14 99
0 14
4 43
2 4
54 2
43 99
0 54
0 59
59 99
54 57
57 43
43 99
0 54
0 83
83 99
17 99
0 17
51 43
43 99
0 51
83 19
19 99
0 83
39 4
4 43
43 99
0 39
77 43
43 99
0 77
6 43
0 6
43 99
75 31
6 75
31 81
81 99
0 6
6 66
0 6
66 99
75 24
6 75
24 45
0 6
45 99
43 30
6 43
30 99
0 6
6 37
37 85
0 6
85 99
6 37
37 73
0 6
73 99
61 30
6 75
75 61
30 99
0 6
52 43
43 30
30 99
0 52
43 93
52 43
93 99
0 52
71 30
30 99
0 71
60 71
71 30
30 99
0 60
61 30
6 37
37 91
91 61
30 99
0 6
29 30
43 29
52 43
30 99
0 52
29 30
52 23
23 19
19 29
30 99
0 52
39 4
97 39
4 93
93 99
0 97
55 99
0 55
43 11
52 43
11 99
0 52
6 25
25 99
0 6
89 99
0 89
55 96
96 99
0 55
55 49
49 99
0 55
52 15
15 11
11 99
0 52
68 96
96 99
0 68
10 99
0 10
9 93
23 9
52 23
93 99
0 52
88 99
0 88
0 82
82 99
16 10
10 99
0 16
55 70
70 99
0 55
24 58
82 24
58 99
0 82
88 35
35 99
0 88
61 30
88 35
30 88
5 91
82 5
35 99
91 61
0 82
62 85
85 70
70 99
0 62
82 48
88 35
35 99
48 88
0 82
82 48
48 27
27 70
70 99
0 82
95 58
58 99
0 95
88 35
32 49
95 32
49 55
43 88
55 4
4 43
35 99
0 95
88 35
30 88
67 30
95 67
35 99
0 95
58 74
95 58
74 99
0 95
88 35
30 88
92 71
35 99
0 92
71 30
92 47
35 99
0 92
47 35
88 35
30 88
3 29
29 30
47 3
92 47
35 99
0 92
88 35
43 88
40 43
35 99
0 40
61 30
88 35
30 88
64 61
92 71
71 64
35 99
0 92
88 35
12 88
35 99
0 12
88 35
30 88
0 34
35 99
34 30
88 35
43 88
65 4
4 43
0 65
35 99
86 35
19 86
65 19
0 65
35 99
98 8
8 70
89 98
34 89
0 34
70 99
89 7
7 74
34 89
0 34
74 99
34 85
85 56
56 70
0 34
70 99
21 70
65 21
0 65
70 99
88 35
43 88
0 20
40 43
20 40
35 99
88 35
43 88
0 69
69 43
35 99
87 70
0 87
70 99
94 35
0 94
35 99
23 90
94 9
88 35
30 88
90 30
9 23
0 94
35 99
9 93
93 44
94 9
88 35
30 88
90 30
44 90
0 94
35 99
0 20
41 99
20 41
28 29
88 35
30 88
69 28
29 30
0 69
35 99
0 69
78 99
69 78
38 99
0 38
1 99
0 1
9 93
94 9
26 78
93 26
78 99
0 94
1 99
69 79
79 75
0 69
75 1
58 74
22 58
74 38
34 85
85 22
38 99
0 34
69 11
42 75
1 99
11 42
0 69
75 1
26 78
80 26
78 99
0 80
84 1
1 99
92 84
0 92
16 10
94 16
84 1
1 99
53 84
10 53
0 94
74 38
46 74
0 46
38 99
92 63
63 99
0 92
94 18
18 63
63 99
0 94
20 50
84 1
1 99
53 84
0 20
50 53
0 33
43 63
63 99
88 43
33 88
20 50
76 63
63 99
50 76
0 20
74 58
0 33
36 18
58 24
33 46
24 36
18 63
46 74
63 99
