113
59
65
38
71
63
48
94
27
9
12
60
41
3
31
98
16
67
23
91
19
15
80
73
14
86
18
33
44
82
85
40
45
39
32
64
21
90
68
6
20
66
8
34
49
96
1
46
51
61
89
77
54
36
2
25
57
37
52
28
72
55
22
87
47
75
24
84
79
43
7
4
58
35
88
10
26
93
78
50
11
56
81
62
76
30
97
70
5
29
92
17
74
83
26
83
50
35
50
26
93
35
24
93
93
50
72
72
28
55
37
83
37
52
225
0 99
13 83
83 99
95 74
74 99
17 83
83 99
69 17
92 42
69 92
29 99
69 29
5 29
0 5
29 99
83 99
70 83
0 70
97 99
70 97
0 70
0 30
30 42
76 97
97 99
0 76
62 83
83 99
0 62
83 99
0 81
81 83
30 56
0 30
56 99
81 11
11 99
0 81
0 50
83 99
50 83
0 50
50 78
78 99
93 99
30 93
0 30
26 93
93 99
0 26
81 10
10 99
0 81
81 88
0 81
88 99
35 11
0 35
11 99
0 50
50 58
58 99
0 50
4 99
50 4
26 7
7 99
0 26
43 83
0 43
83 99
50 79
0 50
79 99
35 84
84 99
0 35
50 24
0 50
24 99
26 75
75 99
0 26
0 47
47 93
93 99
35 87
87 99
0 35
22 24
0 22
24 99
55 93
93 99
0 55
72 93
0 72
93 99
50 28
28 99
0 50
72 52
0 72
52 99
37 99
0 72
72 37
57 28
28 99
0 57
55 25
25 99
0 55
37 99
0 2
2 37
36 83
0 36
83 99
54 37
37 99
0 54
77 52
0 77
52 99
89 99
0 89
61 99
0 61
51 99
0 51
46 99
0 46
1 99
0 1
96 99
0 96
49 99
0 49
34 99
0 34
8 99
0 8
0 66
66 99
0 20
20 99
6 99
0 6
0 68
68 99
90 99
0 90
21 99
0 21
0 64
64 99
32 99
0 32
39 99
0 39
0 45
45 99
0 40
40 99
0 85
85 99
0 82
82 99
0 44
44 99
0 33
33 99
18 99
0 18
0 86
86 99
0 14
14 99
73 99
0 73
80 99
0 80
0 15
15 99
0 19
19 99
0 91
91 99
23 99
0 23
0 67
67 99
16 99
0 16
0 98
98 99
31 99
0 31
3 99
0 3
41 99
0 41
0 60
60 99
0 12
12 99
0 9
9 99
0 27
27 99
94 99
0 94
0 48
48 99
63 99
0 63
0 71
71 99
38 99
0 38
65 99
0 65
59 99
0 59
