91
5
71
65
39
43
2
67
26
41
16
2
17
51
53
55
13
2
13
67
45
41
51
53
51
2
53
55
1
13
25
51
2
53
55
13
51
53
55
42
13
67
72
7
13
66
13
67
13
23
13
54
4
71
54
71
54
11
17
15
13
56
58
23
70
71
54
17
11
15
71
13
11
54
15
71
11
17
54
2
13
58
70
5
4
71
54
15
65
66
13
67
154
69 74
10 15
19 58
1 17
18 11
46 17
23 56
17 11
19 23
7 63
42 69
3 50
25 34
13 18
2 1
19 67
0 9
13 19
21 15
50 51
14 17
41 16
20 46
26 67
9 2
2 30
67 72
29 26
37 41
16 15
49 43
43 57
9 2
2 30
17 9
53 55
51 53
55 70
21 15
8 13
9 2
2 30
13 19
8 13
67 72
45 39
39 41
50 51
46 45
0 9
53 55
51 53
41 37
55 70
50 51
0 9
53 55
9 2
51 53
55 70
1 52
8 13
2 1
50 51
36 25
0 9
53 55
9 2
51 53
55 70
1 52
50 51
13 19
53 55
8 13
51 53
55 70
72 42
19 67
13 19
8 13
67 72
13 18
32 7
8 13
67 65
19 67
13 19
65 66
8 13
13 19
8 13
23 70
71 54
21 71
13 19
8 13
54 61
8 5
5 4
71 54
4 10
21 71
54 61
71 54
21 71
15 21
14 17
54 61
11 15
19 23
13 19
8 13
56 58
17 11
71 54
21 71
15 21
0 9
54 61
11 15
71 54
13 18
21 71
15 21
8 13
54 61
11 15
17 11
2 1
71 54
21 71
15 21
0 9
9 2
54 61
11 15
13 19
58 70
70 68
8 13
8 5
5 4
71 54
4 10
21 71
15 21
54 61
66 69
67 65
19 67
13 19
65 66
8 13
