197
22
31
11
47
7
41
26
38
17
27
52
8
3
46
34
49
19
19
49
19
49
19
49
19
34
49
46
34
3
46
49
8
52
49
27
19
52
27
52
17
27
52
34
17
27
17
27
52
38
17
38
17
27
38
27
8
27
38
8
27
38
8
27
33
38
38
8
26
38
17
26
38
8
38
26
34
26
34
8
26
34
41
26
7
41
26
7
41
26
44
47
7
41
26
44
47
7
41
26
3
47
7
41
2
26
47
7
41
2
11
47
7
41
31
47
7
41
2
31
3
47
7
41
31
2
47
7
41
31
2
47
7
41
31
2
47
7
22
31
2
47
7
22
31
2
11
47
22
31
2
47
7
22
31
34
2
38
22
33
2
38
47
22
33
2
38
47
22
33
2
38
44
22
44
33
34
2
44
33
34
2
47
44
33
34
2
47
38
44
33
34
2
38
44
33
34
2
879
39 42
36 38
12 15
17 18
42 44
43 44
12 14
33 35
34 35
9 12
4 6
40 42
21 24
0 2
0 3
13 16
1 2
1 3
4 2
46 49
37 40
37 38
15 18
20 23
30 33
14 16
25 27
18 21
48 50
51 52
34 36
32 33
16 19
36 39
28 29
10 13
30 32
23 25
35 37
43 45
13 15
13 15
43 45
13 15
35 37
43 45
13 15
23 25
35 37
43 45
13 15
30 32
23 25
35 37
43 45
13 15
18 19
10 13
30 32
23 25
19 21
35 37
43 45
13 15
18 19
10 13
30 32
49 50
23 25
19 21
48 49
35 37
43 45
13 15
18 19
10 13
49 50
23 25
19 21
48 49
35 37
43 45
13 15
28 29
18 19
10 13
49 50
23 25
19 21
48 49
43 45
13 15
32 34
28 29
18 19
10 13
34 37
49 50
23 25
19 21
48 49
43 45
13 15
32 34
28 29
18 19
10 13
34 37
49 50
23 25
43 46
46 48
19 21
48 49
13 15
32 34
28 29
4 3
18 19
10 13
3 6
34 37
49 50
23 25
43 46
46 48
19 21
48 49
13 15
32 34
28 29
4 3
18 19
10 13
6 8
3 6
34 37
49 50
23 25
43 46
8 10
46 48
19 21
48 49
13 15
49 52
32 34
28 29
52 53
4 3
18 19
10 13
6 8
3 6
34 37
23 25
43 46
8 10
46 48
19 21
48 49
13 15
49 52
27 30
32 34
24 27
52 53
4 3
18 19
10 13
6 8
3 6
34 37
30 32
43 46
8 10
46 48
19 21
48 49
13 15
49 52
27 30
32 34
24 27
52 53
4 3
10 13
6 8
3 6
34 37
30 32
43 46
8 10
46 48
19 21
48 49
13 15
49 52
14 17
27 30
32 34
24 27
52 53
4 3
10 13
6 8
3 6
34 37
30 32
43 46
8 10
46 48
17 20
48 49
49 52
14 17
27 30
36 39
24 27
52 53
4 3
10 13
6 8
3 6
30 32
43 46
8 10
46 48
17 20
48 49
49 52
14 17
27 30
36 39
32 34
24 27
52 53
4 3
10 13
6 8
3 6
30 32
43 46
8 10
46 48
17 20
48 49
38 40
49 52
14 17
27 30
24 27
52 53
4 3
10 13
35 38
6 8
3 6
30 32
43 46
8 10
46 48
17 20
48 49
38 40
14 17
27 30
24 27
52 53
4 3
10 13
35 38
6 8
3 6
30 32
43 46
8 10
46 48
17 20
38 40
14 17
27 30
24 27
4 3
10 13
35 38
6 8
3 6
30 32
43 46
8 10
46 48
17 20
48 50
38 40
27 30
24 27
4 3
10 13
35 38
6 8
3 6
30 32
43 46
8 10
46 48
13 15
18 21
48 50
38 40
27 30
4 3
10 13
35 38
6 8
3 6
30 32
23 25
43 46
8 10
46 48
13 15
25 27
18 21
48 50
38 40
27 30
4 3
10 13
35 38
6 8
3 6
30 32
23 25
43 46
8 10
46 48
33 32
14 16
25 27
18 21
48 50
38 40
27 30
4 3
10 13
35 38
6 8
3 6
23 25
43 46
8 10
46 48
14 16
18 21
48 50
38 40
23 26
26 29
4 3
10 13
35 38
6 8
3 6
43 46
8 10
46 48
48 50
38 40
23 26
14 17
26 29
4 3
10 13
35 38
6 8
3 6
43 46
8 10
46 48
17 20
18 21
48 50
38 40
23 26
26 29
4 3
10 13
35 38
6 8
3 6
43 46
8 10
46 48
13 15
15 18
18 21
48 50
38 40
23 26
32 34
26 29
4 3
10 13
6 8
3 6
34 37
43 46
8 10
46 48
13 15
15 18
18 21
48 50
23 26
32 34
26 29
4 3
10 13
6 8
3 6
34 37
43 46
8 10
46 48
13 15
34 36
15 18
18 21
48 50
23 26
36 39
32 34
26 29
39 41
4 3
10 13
6 8
3 6
41 44
8 10
13 15
34 36
15 18
18 21
48 50
7 10
23 26
36 39
32 34
26 29
39 41
10 13
41 44
4 7
13 15
34 36
15 18
18 21
7 10
44 46
23 26
49 52
36 39
32 34
26 29
52 53
39 41
10 13
41 44
4 7
13 15
34 36
15 18
18 21
7 10
47 50
23 26
36 39
32 34
26 29
39 41
44 47
10 13
41 44
4 7
13 15
34 36
15 18
18 21
5 7
7 10
47 50
23 26
36 39
32 34
26 29
39 41
44 47
10 13
41 44
13 15
34 36
15 18
18 21
5 7
7 10
47 50
23 26
36 39
32 34
26 29
39 41
44 47
10 13
3 5
41 44
13 15
34 36
15 18
18 21
2 5
5 7
7 10
47 50
23 26
36 39
32 34
26 29
39 41
44 47
10 13
41 44
13 15
1 2
20 23
34 36
2 5
5 7
7 10
47 50
10 11
23 26
14 17
36 39
32 34
11 14
26 29
39 41
44 47
41 44
17 20
1 2
20 23
34 36
2 5
5 7
7 10
47 50
10 11
31 34
29 31
23 26
14 17
36 39
11 14
26 29
39 41
44 47
41 44
17 20
1 2
34 36
18 21
2 5
5 7
7 10
47 50
31 34
29 31
23 26
36 39
26 29
39 41
44 47
10 13
41 44
13 16
34 36
18 21
5 7
7 10
47 50
31 34
29 31
23 26
36 39
26 29
39 41
44 47
10 13
3 5
41 44
13 16
34 36
18 21
2 5
5 7
7 10
47 50
31 34
29 31
23 26
36 39
26 29
39 41
44 47
10 13
41 44
0 2
13 16
30 31
34 36
18 21
2 5
5 7
7 10
47 50
31 34
27 30
36 39
24 27
39 41
44 47
10 13
41 44
0 2
13 16
30 31
22 25
34 36
25 27
16 19
2 5
5 7
7 10
47 50
31 34
19 22
27 30
36 39
39 41
44 47
10 13
41 44
0 2
13 16
30 31
37 40
22 25
25 27
16 19
2 5
5 7
7 10
47 50
31 34
19 22
27 30
10 13
45 47
34 37
2 4
11 12
40 42
0 2
13 16
30 31
37 40
22 25
25 27
16 19
8 11
47 50
31 34
19 22
27 30
45 47
6 8
34 37
40 42
0 2
13 16
30 31
37 40
22 25
25 27
16 19
2 5
7 9
5 7
47 50
31 34
19 22
27 30
45 47
34 37
9 12
0 2
13 16
30 31
22 25
25 27
16 19
2 5
7 9
5 7
47 50
31 34
19 22
27 30
38 41
44 47
35 38
41 44
9 12
0 2
13 16
30 33
22 25
25 27
16 19
2 5
7 9
5 7
47 50
19 22
27 30
38 41
44 47
35 38
41 44
33 35
9 12
0 2
30 33
22 25
14 16
25 27
16 19
2 5
7 9
5 7
47 50
19 22
27 30
38 41
44 47
35 38
41 44
12 14
33 35
9 12
0 2
30 33
22 25
14 16
25 27
16 19
2 5
7 9
5 7
47 50
19 22
27 30
38 41
41 43
44 47
35 38
35 34
12 14
33 35
9 12
40 42
0 2
30 33
37 40
22 25
14 16
25 27
16 19
2 5
7 9
5 7
47 50
19 22
27 30
44 47
34 37
42 44
35 34
12 14
33 35
9 12
21 24
40 42
0 2
30 33
37 40
18 21
2 5
7 9
5 7
47 50
14 17
27 30
24 27
44 47
34 37
42 44
35 34
33 35
9 12
21 24
40 42
0 2
30 33
37 40
15 18
18 21
2 5
7 9
5 7
47 50
27 30
24 27
44 47
34 37
12 15
42 44
35 34
33 35
9 12
21 24
40 42
0 2
38 37
30 33
37 40
34 36
15 18
18 21
2 5
7 9
5 7
47 50
27 30
24 27
44 47
36 38
12 15
42 44
35 34
33 35
9 12
21 24
0 2
30 33
34 36
15 18
18 21
2 5
7 9
5 7
47 50
38 39
27 30
24 27
44 47
