79
35
52
40
10
17
34
38
21
44
8
20
42
37
30
47
15
5
11
9
46
19
18
45
36
23
14
43
13
26
33
25
24
41
6
29
27
22
48
32
16
12
1
2
49
39
51
28
51
12
26
29
26
41
29
25
25
33
25
6
47
43
26
26
5
22
47
19
42
26
19
41
15
47
51
47
17
10
40
17
160
4 51
7 3
28 3
50 54
50 51
51 54
7 28
50 54
50 54
39 4
50 54
0 39
39 4
51 54
0 39
0 49
49 54
7 2
2 54
49 1
1 54
0 49
0 12
12 54
16 51
51 54
0 16
7 32
32 54
0 48
48 54
22 54
0 22
48 27
27 54
0 48
7 29
29 54
48 27
6 54
27 6
0 48
41 29
29 54
0 41
7 29
29 54
24 7
0 24
25 54
0 25
33 54
0 33
41 26
26 54
0 41
13 25
25 54
0 13
43 26
24 43
26 54
0 24
14 54
0 14
41 26
23 12
12 41
26 54
0 23
7 29
36 7
29 54
0 36
41 26
45 28
28 41
26 54
0 45
18 54
0 18
19 54
0 19
46 54
0 46
29 54
0 9
9 29
11 25
25 54
0 11
5 25
25 54
0 5
50 33
0 15
15 50
33 54
47 31
0 47
25 54
31 25
47 30
30 6
0 47
6 54
43 26
47 37
37 43
0 47
26 54
47 31
5 28
28 42
42 26
31 5
0 47
26 54
51 22
47 51
22 20
20 54
0 47
8 19
19 54
0 8
5 28
28 42
42 26
0 44
44 5
26 54
41 19
0 21
21 41
19 54
15 38
0 15
38 54
4 34
51 4
34 54
47 51
0 47
47 31
31 17
17 54
0 47
17 54
0 10
10 17
0 40
40 54
52 54
10 52
0 10
0 40
40 35
35 17
17 54
