180
65
62
3
17
24
25
34
53
41
33
55
35
13
32
19
78
20
10
51
47
26
1
29
14
72
21
28
37
61
64
44
68
8
59
39
43
22
27
63
74
2
23
66
69
60
30
56
50
71
11
4
75
40
7
77
52
73
16
36
36
76
15
36
16
77
77
11
73
36
16
7
71
42
57
15
11
58
11
58
57
4
9
4
12
7
11
4
12
30
4
11
4
30
4
4
76
46
4
60
11
77
4
30
4
12
4
15
4
22
61
15
11
4
12
15
58
12
4
64
28
11
72
4
68
4
4
15
57
47
4
58
57
51
68
4
14
10
28
51
31
28
20
20
4
69
21
4
12
4
12
19
28
20
28
20
69
31
20
69
14
28
20
35
13
21
60
4
13
11
32
20
4
69
20
4
69
13
24
11
20
313
4 79
57 58
77 11
46 7
18 16
67 5
15 57
76 5
67 42
36 67
0 36
16 5
36 67
67 16
0 36
36 67
0 36
73 42
0 73
42 76
73 42
0 73
16 5
0 15
31 16
57 31
36 67
0 36
15 57
16 5
0 15
0 73
73 52
52 79
73 77
77 6
0 73
7 79
0 36
36 7
16 18
40 16
73 40
7 79
18 7
0 73
73 77
7 79
77 46
0 73
46 7
15 57
75 46
31 75
0 15
7 79
57 31
4 54
9 4
38 11
11 79
73 77
0 73
11 79
36 71
0 36
71 79
50 16
16 18
9 50
7 79
18 7
42 71
56 42
73 56
0 73
71 79
15 57
0 15
57 30
30 79
60 58
58 11
0 60
11 79
15 57
58 11
0 15
11 79
0 69
69 54
66 79
0 66
0 9
9 4
4 79
23 12
12 4
69 23
0 69
4 79
2 7
57 58
7 46
15 57
11 2
58 11
46 4
0 15
4 79
15 57
57 74
74 12
12 4
0 15
4 79
57 58
63 30
30 45
15 57
58 63
45 4
0 15
27 79
0 27
4 79
11 22
57 58
15 57
58 11
22 46
46 4
0 15
4 79
43 30
30 45
45 4
0 43
39 76
4 79
9 39
0 9
76 4
4 79
59 46
46 4
15 59
0 15
60 8
8 79
0 60
4 79
11 77
57 58
68 4
15 57
58 11
77 68
0 15
4 79
44 4
0 44
4 79
30 45
64 30
45 4
0 64
4 79
61 12
15 61
12 4
0 15
4 79
37 4
0 37
22 11
28 79
61 22
11 70
70 28
15 61
0 15
21 12
4 79
58 21
57 58
15 57
12 4
0 15
4 79
72 12
12 4
0 72
14 79
0 14
64 29
28 79
11 70
70 28
29 11
0 64
4 79
72 1
1 4
0 72
4 79
68 4
26 68
0 26
4 79
57 47
15 57
47 4
0 15
4 79
51 58
57 47
58 57
47 4
0 51
51 10
4 79
68 4
10 68
0 51
0 20
14 79
20 14
51 10
10 78
20 69
78 11
28 79
0 20
11 70
31 51
70 28
69 31
19 18
28 79
0 20
70 28
20 19
4 79
20 69
0 20
32 4
69 32
21 12
4 79
13 21
0 13
12 4
4 79
35 12
0 35
12 4
19 18
18 55
28 79
0 20
20 19
55 28
20 69
28 79
0 20
69 33
70 28
33 70
31 41
20 69
41 14
0 20
69 31
14 79
53 70
28 79
0 20
70 28
20 53
34 79
35 34
0 35
4 79
25 4
21 58
60 25
58 60
13 21
0 13
24 79
11 24
0 13
13 11
4 79
20 69
0 20
17 32
69 17
32 4
4 79
20 69
69 3
0 20
3 4
62 11
24 79
13 62
11 24
0 13
65 79
0 20
20 65
