155
42
43
65
32
34
2
63
33
22
64
49
20
40
1
46
55
3
45
26
28
27
4
8
23
21
41
37
6
15
66
54
61
57
9
53
59
14
48
69
16
13
36
60
18
44
10
50
56
24
11
58
47
31
17
67
68
62
25
5
25
68
25
68
68
68
38
47
38
50
36
47
38
47
38
58
44
47
44
38
53
44
38
47
38
59
47
61
47
38
62
38
15
6
47
38
36
47
50
23
21
23
53
44
23
44
38
38
47
6
23
69
28
38
36
6
38
47
60
21
23
27
23
69
23
11
20
69
49
55
20
28
22
20
55
45
20
64
20
49
69
28
20
69
55
34
28
8
32
61
20
45
43
32
28
45
300
0 70
0 38
17 52
68 29
51 70
25 30
12 29
25 39
5 30
30 70
39 29
0 25
25 12
30 70
0 62
62 30
30 70
0 68
68 30
30 70
7 5
30 70
5 30
7 67
67 5
30 70
0 25
30 70
68 12
0 68
0 25
30 70
68 51
0 68
0 17
17 19
0 68
51 70
0 17
31 51
17 31
68 29
52 68
0 17
47 38
0 47
51 70
58 68
68 29
0 58
0 11
11 70
51 70
38 51
0 38
38 24
24 70
38 47
0 38
47 19
19 56
56 31
51 70
31 51
50 51
51 70
0 17
17 50
0 38
38 10
51 70
10 51
0 38
44 70
38 44
38 47
0 38
47 30
18 70
30 18
38 47
0 38
47 30
30 60
44 70
60 44
38 47
0 38
47 36
36 29
38 47
0 38
30 5
5 13
47 30
13 70
38 47
0 38
47 36
50 51
29 16
36 29
51 70
16 50
38 47
0 38
69 51
51 70
47 69
38 47
0 38
47 36
36 48
48 70
58 14
14 70
0 58
38 47
0 38
47 59
44 70
59 44
0 38
53 44
38 53
44 70
0 38
9 53
53 44
38 9
44 70
0 38
38 57
57 70
38 47
0 38
47 19
61 70
19 61
59 54
38 47
0 38
47 59
54 70
66 61
61 70
0 66
38 47
0 38
47 15
15 70
0 38
62 6
6 51
38 62
51 70
38 47
15 37
37 62
0 38
62 6
6 51
47 15
51 70
30 41
38 47
0 38
47 30
41 51
51 70
38 47
0 38
47 36
29 21
36 29
21 70
0 23
51 70
23 51
0 23
50 51
8 50
23 8
51 70
0 23
29 21
23 4
4 29
21 70
23 27
0 23
27 53
53 44
44 70
0 38
38 28
28 44
44 70
0 26
26 70
38 47
0 38
47 45
45 70
19 3
0 23
3 6
23 19
6 51
51 70
55 69
28 55
0 38
38 28
69 51
51 70
36 46
38 47
0 38
47 36
46 6
6 51
51 70
0 23
1 60
23 1
60 21
21 70
23 27
0 23
27 40
40 51
51 70
20 69
0 20
69 51
51 70
0 23
7 11
11 49
23 7
49 70
69 55
64 7
20 69
0 20
7 11
11 49
55 64
49 70
0 20
20 22
22 70
69 55
20 69
55 28
33 22
0 20
28 33
22 70
20 45
0 20
45 63
63 70
55 35
69 55
64 7
20 69
35 2
2 64
0 20
7 11
11 49
49 70
69 55
20 69
55 28
0 20
28 34
34 70
32 28
0 32
28 34
34 70
32 8
8 65
65 61
0 32
61 70
20 45
45 43
0 20
43 70
55 42
32 28
42 45
45 43
28 55
0 32
43 70
