222
64
17
83
85
98
56
28
77
52
92
89
10
51
26
42
79
67
53
25
8
5
45
72
29
47
86
31
44
12
9
55
76
39
84
14
7
87
90
73
27
19
4
13
58
59
60
34
33
95
6
96
24
74
20
15
1
91
69
32
63
66
68
50
93
11
37
57
21
38
43
30
71
75
18
46
36
81
23
70
40
88
54
61
35
49
97
62
22
48
80
18
75
49
75
21
75
11
11
23
75
11
23
71
75
36
1
57
74
69
91
1
80
71
1
18
6
1
80
69
95
91
1
1
80
1
20
69
33
50
91
69
91
95
15
1
75
1
75
74
96
1
80
46
75
1
19
75
69
91
1
88
46
75
75
48
43
84
87
75
74
75
48
12
1
19
12
1
75
86
86
86
75
75
46
91
86
74
5
75
47
67
37
72
86
70
79
46
20
67
79
47
44
79
86
55
89
72
66
55
10
86
79
72
86
74
67
28
67
77
22
72
86
28
11
20
79
72
79
86
67
28
67
359
0 99
0 82
0 80
65 78
0 94
0 2
78 94
0 3
0 65
16 3
0 16
0 16
48 2
0 48
0 22
22 94
0 62
62 80
97 80
0 97
49 94
41 49
0 2
2 35
35 94
2 61
0 2
61 94
0 65
78 94
65 54
54 94
0 65
80 94
0 88
88 82
40 82
41 40
0 70
70 82
0 23
23 82
0 80
81 82
80 81
36 97
97 81
81 82
0 36
0 46
46 82
97 18
36 97
0 36
18 99
0 75
75 40
40 82
71 82
0 71
65 30
0 65
30 99
43 18
23 43
75 23
0 75
18 99
75 49
0 75
49 38
38 99
0 21
21 99
2 57
0 2
57 99
21 37
0 21
37 99
0 75
75 11
11 99
93 11
0 93
11 99
50 82
65 50
0 65
68 11
75 23
0 75
23 68
11 99
0 75
75 66
66 99
0 63
63 99
2 32
0 2
32 99
23 69
69 11
75 23
0 75
11 99
0 91
91 99
71 1
1 99
0 71
0 75
75 15
15 99
2 20
0 2
20 99
36 71
0 74
71 1
74 36
1 99
24 57
0 74
57 71
74 24
71 1
1 99
91 69
96 1
0 91
69 96
1 99
80 6
0 80
71 1
6 71
1 99
3 95
95 1
1 99
0 3
97 18
18 33
80 6
6 97
0 80
33 1
1 99
3 95
91 69
69 88
95 1
88 34
34 3
0 91
1 99
60 1
0 80
80 60
1 99
20 59
59 1
2 20
0 2
1 99
88 58
91 69
50 33
69 88
58 50
33 1
0 91
1 99
91 69
69 13
0 91
13 99
15 4
4 95
95 1
0 75
75 15
1 99
19 1
0 75
75 19
1 99
27 96
0 74
96 1
74 27
1 99
0 80
80 73
73 99
75 46
46 90
0 75
90 99
87 19
19 1
75 87
0 75
1 99
88 7
91 69
69 88
7 1
0 91
1 99
46 14
75 46
0 75
14 99
48 84
75 48
0 75
84 99
39 43
43 84
0 39
84 99
82 76
87 82
75 87
0 75
76 99
2 55
55 99
0 2
0 74
74 9
9 99
0 12
12 99
48 44
75 48
44 99
0 75
31 99
0 12
1 31
12 1
19 65
65 86
86 99
1 19
0 12
12 1
75 47
47 99
0 75
86 99
0 29
29 86
72 86
86 99
0 72
86 99
75 45
45 86
0 75
75 46
46 5
5 99
0 75
91 8
86 99
8 86
0 91
74 25
5 99
0 74
25 5
53 99
0 53
67 99
47 67
75 47
0 75
67 99
0 79
79 67
72 86
86 99
42 37
37 72
0 42
70 46
46 26
0 79
79 70
26 99
67 99
79 20
47 67
0 79
51 47
20 51
10 44
0 79
79 10
44 99
89 55
55 2
86 99
0 89
2 86
66 72
89 55
72 86
55 92
86 99
92 66
0 89
10 52
0 79
86 99
79 10
52 86
72 86
86 99
0 77
77 72
28 67
67 99
74 28
0 74
28 67
67 99
56 28
0 56
98 72
22 98
72 86
86 99
0 77
77 22
20 85
28 67
67 99
79 20
85 11
0 79
11 28
72 86
83 72
0 79
86 99
79 83
67 99
0 17
17 67
28 67
67 99
64 28
0 64
