244
60
89
23
14
50
26
55
40
63
49
75
70
90
92
2
68
28
25
31
4
7
18
30
33
38
45
74
32
5
73
82
88
29
19
1
61
37
72
44
58
87
80
94
96
62
36
11
24
3
48
10
6
91
67
97
83
56
21
66
16
85
78
93
69
12
84
64
47
42
9
43
39
95
77
79
34
15
98
59
8
13
17
22
65
65
65
35
22
8
13
35
9
42
13
35
42
13
39
84
13
35
16
13
12
13
84
35
16
35
83
16
12
42
16
35
84
35
84
6
16
22
35
16
22
13
35
56
65
10
15
11
66
11
65
48
22
16
35
64
48
22
16
78
16
35
13
11
65
34
87
16
35
34
84
87
35
87
11
44
91
17
8
44
87
35
34
87
44
21
13
17
44
35
84
35
11
44
51
44
8
29
17
5
44
72
38
84
35
87
11
18
87
93
31
44
27
19
44
80
88
16
35
29
98
31
25
78
88
25
31
31
35
84
44
92
78
25
31
31
93
11
75
31
25
53
90
31
53
55
26
53
55
66
50
55
83
48
50
55
39
14
24
26
56
412
8 17
53 86
35 99
51 81
0 41
54 52
65 52
41 65
22 71
0 22
65 52
41 65
17 20
22 57
57 17
0 22
17 20
13 76
0 13
76 17
0 41
65 51
41 65
17 35
13 76
0 13
76 17
22 57
0 22
53 86
8 53
76 8
13 76
0 13
59 99
0 59
98 53
52 54
54 98
53 86
13 52
0 13
35 99
76 8
17 35
13 76
0 13
59 15
15 86
0 59
34 86
46 34
15 86
79 15
0 79
77 99
46 77
52 95
95 86
13 52
0 13
35 99
0 41
41 39
39 35
0 41
15 86
43 15
41 43
9 99
0 9
42 27
35 99
27 35
13 42
0 13
47 9
46 47
9 99
42 27
64 42
35 99
13 64
27 35
0 13
84 35
35 99
0 84
13 12
42 27
35 99
12 42
27 35
0 13
84 35
39 69
35 99
0 41
69 84
41 39
52 93
13 52
93 99
0 13
78 86
46 78
85 86
0 85
16 35
35 99
46 16
22 16
16 35
35 99
66 22
13 66
0 13
13 12
35 99
21 35
12 21
0 13
84 35
35 99
56 84
0 56
83 16
16 35
35 99
0 41
41 83
83 16
16 35
35 99
97 83
0 97
27 67
67 86
13 12
42 27
12 42
0 13
22 16
16 35
35 99
46 91
91 22
84 35
35 99
0 41
6 84
41 6
10 85
85 6
84 35
35 99
0 41
6 84
41 10
22 16
16 35
35 99
48 22
0 48
22 16
16 35
13 3
35 99
3 22
0 13
56 24
24 86
0 56
65 11
11 99
0 41
41 65
10 36
66 15
15 11
36 66
11 99
0 41
41 10
62 65
65 11
11 99
0 41
41 62
48 96
22 16
16 35
96 22
35 99
0 48
64 94
22 16
94 22
48 64
16 35
35 99
0 48
80 16
78 80
16 35
35 99
46 78
0 41
41 87
87 99
58 65
65 11
13 58
11 99
0 13
44 99
46 44
72 86
0 41
41 72
87 34
37 16
16 35
35 99
34 37
0 41
41 87
87 34
61 84
84 35
35 99
0 41
34 61
41 87
87 1
1 11
11 99
0 41
41 87
44 99
19 44
46 19
29 17
91 29
44 99
17 8
8 44
46 91
88 35
35 99
0 41
41 87
87 88
87 34
44 99
34 82
0 41
41 87
82 44
73 21
13 73
21 17
44 99
17 8
8 44
0 13
35 99
5 35
0 5
32 84
84 35
35 99
0 41
41 32
46 74
53 11
74 53
11 99
44 99
45 44
0 45
38 51
81 8
44 99
51 81
8 44
0 41
41 38
29 17
5 33
44 99
17 8
33 29
8 44
0 5
38 72
30 84
72 30
84 35
35 99
0 41
41 38
87 18
18 11
11 99
0 41
41 87
87 18
18 7
7 99
0 41
41 87
4 99
0 4
31 93
0 31
93 99
31 25
44 99
0 31
25 44
41 28
44 99
28 27
27 19
19 44
0 41
80 16
88 35
16 88
68 80
35 99
0 68
31 25
29 2
22 29
2 11
25 98
98 22
0 31
11 99
31 25
80 16
78 80
88 35
92 78
16 88
25 92
0 31
35 99
90 84
84 35
31 90
0 31
35 99
44 99
70 44
0 70
31 25
92 78
78 75
25 92
75 99
0 31
41 49
49 99
0 41
93 63
63 11
31 93
0 31
11 99
31 25
25 40
75 99
40 75
0 31
90 53
55 99
53 55
31 90
0 31
26 53
55 99
53 55
0 26
0 50
26 53
66 26
55 99
50 66
53 55
14 99
0 14
23 83
83 55
48 23
0 50
50 20
20 48
55 99
50 39
89 55
0 50
55 99
39 89
24 56
0 60
56 26
60 24
26 14
14 99
