116
48
69
67
45
29
73
59
5
21
3
30
55
19
16
13
44
53
64
4
10
43
61
28
20
28
20
71
20
43
28
20
27
43
28
20
43
28
20
7
4
20
31
64
28
14
50
4
20
10
24
20
7
4
11
20
71
10
24
9
16
20
13
11
13
11
13
11
9
19
13
11
52
13
11
4
24
13
11
13
11
49
13
11
78
58
7
63
13
11
10
55
13
11
43
19
7
55
43
15
55
63
58
13
11
13
11
58
29
4
13
43
55
19
41
21
29
218
0 25
41 62
0 2
0 4
15 75
7 19
18 10
58 62
4 24
77 52
63 77
18 9
60 36
32 63
22 20
16 25
22 71
24 57
47 79
12 31
68 37
68 7
43 75
65 27
35 43
12 28
60 6
17 2
12 60
12 60
17 42
43 61
28 20
61 28
20 57
42 43
17 2
12 60
17 2
28 20
20 57
71 10
8 71
10 6
8 4
4 20
20 57
43 65
12 28
28 20
20 57
35 43
43 65
27 12
12 28
28 20
20 57
35 43
18 64
64 28
28 20
20 57
53 63
18 53
7 58
37 4
4 20
20 57
28 12
18 64
64 28
31 14
14 50
50 62
68 37
37 4
4 20
20 57
47 79
68 37
10 24
22 10
44 20
47 79
68 7
7 44
20 57
47 79
0 11
11 13
13 4
4 20
20 57
24 57
71 10
47 79
68 37
10 24
68 37
16 9
9 34
37 16
47 79
68 37
37 16
47 79
68 37
20 57
47 79
13 32
0 11
11 13
13 32
0 11
11 13
13 32
0 11
77 19
19 36
11 13
9 34
32 63
13 32
0 11
77 19
19 36
11 13
60 36
63 77
32 63
13 32
0 11
11 13
52 60
24 57
47 79
0 11
11 13
13 4
55 79
13 32
0 11
11 13
49 55
68 37
37 30
30 62
32 63
13 32
0 11
11 13
7 3
58 62
78 58
3 78
68 7
63 21
32 63
13 32
0 11
11 13
21 79
55 79
10 55
32 5
47 79
13 32
0 11
11 13
5 47
35 43
19 17
55 79
68 7
43 55
75 43
37 15
55 79
68 37
43 55
59 58
63 59
58 62
32 63
13 32
0 11
11 13
73 36
0 73
29 79
0 11
11 13
13 29
45 58
58 62
0 45
29 79
4 13
13 29
35 43
55 79
2 17
43 55
0 2
67 62
19 67
17 19
2 17
51 41
25 21
21 79
69 79
0 69
0 2
2 48
1 29
29 79
48 1
