166
34
55
31
70
7
56
3
15
93
32
24
13
59
6
37
91
25
64
41
91
64
41
84
25
90
78
71
8
11
8
11
45
59
13
45
37
90
39
13
95
16
89
24
96
24
39
9
13
77
13
45
1
24
33
39
13
24
13
45
1
24
33
24
45
62
32
33
24
45
62
39
33
67
24
32
33
26
24
45
86
59
25
39
65
13
45
95
77
45
42
48
90
77
14
84
18
65
86
16
89
1
62
33
39
77
45
65
95
89
18
65
32
45
15
38
16
89
3
15
59
77
45
77
15
45
15
91
41
86
10
77
91
15
45
93
77
15
45
15
2
2
91
15
41
15
91
15
41
7
52
52
2
89
7
52
56
15
93
2
15
16
7
89
59
2
55
308
93 51
30 56
23 50
51 83
52 97
83 2
5 2
93 98
91 10
27 69
91 76
98 72
47 61
59 16
4 89
39 72
89 54
57 18
90 42
77 45
85 65
12 25
86 21
53 26
54 83
67 39
33 62
1 92
82 79
1 60
77 72
96 22
16 89
90 60
8 11
84 69
40 68
97 17
87 25
97 17
25 44
91 64
41 91
97 17
87 41
64 5
91 64
41 91
97 17
87 41
64 5
40 68
4 84
87 25
97 17
25 44
37 90
40 68
78 69
71 37
90 78
97 17
35 71
8 6
40 68
6 11
54 8
11 40
97 17
40 68
54 8
11 40
97 17
27 59
59 98
97 17
45 21
27 59
13 45
59 98
23 13
45 21
13 45
12 24
24 82
23 13
37 90
39 13
45 21
71 37
95 39
13 45
35 71
60 95
62 16
24 9
12 24
89 17
39 13
9 96
74 95
24 9
45 21
95 39
13 45
12 24
35 77
45 21
13 45
23 13
39 13
24 33
33 1
45 21
95 39
13 45
12 24
60 95
45 21
13 45
12 24
24 82
23 13
24 33
33 1
12 24
45 21
12 24
32 45
68 32
24 82
40 68
24 33
62 40
45 21
12 24
32 45
68 32
33 62
39 13
24 33
62 40
45 21
13 45
12 24
40 67
24 33
26 32
45 21
33 53
12 24
32 45
27 59
59 98
63 86
94 93
93 30
54 83
25 44
39 13
74 95
45 21
95 39
13 45
65 81
35 77
45 21
82 79
42 48
60 90
85 65
48 14
77 45
72 77
14 82
45 21
65 81
84 69
85 65
86 21
4 84
18 4
63 86
65 81
33 62
60 1
16 89
85 65
54 83
62 16
1 33
65 81
85 65
77 45
72 77
74 95
45 21
95 39
65 81
89 54
57 18
85 65
54 83
18 4
65 81
0 15
15 66
45 21
32 45
68 32
0 15
3 38
15 22
74 3
38 83
89 54
16 89
54 83
0 15
3 59
15 22
74 3
77 45
35 77
45 21
77 45
72 77
0 15
15 66
45 21
0 15
15 41
41 91
47 61
86 21
63 86
98 72
10 98
77 45
72 77
0 15
15 41
41 91
45 21
98 72
77 45
72 77
0 15
15 22
30 93
45 21
68 40
0 15
15 66
2 43
91 76
0 15
15 41
2 43
41 91
56 21
0 15
15 66
36 56
91 76
51 7
0 15
15 41
7 43
41 91
51 7
0 52
7 43
97 17
83 2
52 97
0 52
2 43
97 17
54 89
52 97
89 7
0 52
7 43
56 21
0 15
15 22
51 83
83 2
0 15
15 22
30 93
2 43
59 16
16 89
89 7
70 59
7 43
0 70
0 31
2 43
31 2
55 99
47 55
55 99
47 55
0 34
34 47
