256
84
94
25
83
40
66
22
13
3
29
24
28
70
89
96
46
76
16
31
2
6
82
21
68
64
60
18
91
53
15
88
78
41
61
93
98
1
27
74
59
39
92
5
30
55
47
79
86
87
23
51
85
20
69
36
11
45
63
57
75
26
4
38
42
43
7
32
72
19
73
81
50
10
77
71
65
58
56
35
9
12
62
97
44
80
52
14
48
90
67
34
54
8
37
33
17
95
37
9
48
65
65
90
50
65
77
72
73
9
7
48
65
90
14
65
7
10
65
62
33
48
7
65
38
7
65
4
77
57
57
26
57
77
57
23
65
57
11
23
45
65
30
55
69
30
55
62
65
65
57
74
57
5
30
55
59
65
93
7
61
75
93
7
93
61
77
93
78
93
77
87
93
65
78
77
87
93
78
93
47
90
77
87
11
93
77
87
93
65
77
87
93
21
64
77
87
7
93
2
7
93
63
77
68
87
93
17
60
78
93
46
38
23
11
77
68
93
87
89
7
68
93
46
38
23
11
70
89
77
68
89
68
88
93
46
78
93
29
93
23
46
11
93
13
29
46
93
46
40
23
46
11
83
23
11
83
392
0 99
37 49
0 95
95 99
0 17
17 99
33 99
0 33
0 37
37 99
0 37
8 99
0 8
0 54
54 99
0 34
34 99
0 67
67 99
0 90
90 99
48 90
0 48
90 99
0 14
14 99
52 37
37 90
0 52
90 99
0 80
80 99
0 44
44 99
0 97
97 99
97 62
0 97
62 99
97 12
0 97
12 99
9 12
0 9
12 99
0 35
35 99
56 12
0 56
12 99
9 58
0 9
58 99
56 12
90 56
0 65
65 90
12 99
56 12
90 56
12 71
0 65
65 90
71 99
0 77
77 99
0 10
10 99
0 65
50 99
65 50
10 81
0 10
81 99
48 9
0 65
65 48
9 73
73 99
65 19
0 65
19 99
0 65
90 72
65 90
72 99
90 32
0 65
32 50
65 90
50 99
77 49
49 7
0 77
7 99
43 72
0 43
72 99
42 73
9 42
48 9
0 65
65 48
73 99
9 38
48 9
0 65
65 48
38 7
7 99
0 65
65 90
90 4
4 99
90 14
0 65
14 26
65 90
26 99
75 7
10 75
7 99
0 10
0 65
62 57
57 99
65 62
63 33
48 63
33 57
0 65
65 48
57 99
45 7
0 65
65 45
7 99
11 38
48 11
0 65
65 48
38 7
7 99
0 65
65 36
36 99
69 4
4 99
0 69
77 20
20 57
57 99
0 77
85 57
57 99
0 85
51 26
0 51
26 99
23 57
57 99
0 23
77 87
87 57
57 99
0 77
23 86
0 23
86 99
79 57
0 65
65 79
57 99
23 11
11 47
47 99
0 23
45 55
0 65
55 99
65 45
0 30
30 99
5 55
69 5
30 69
0 30
55 99
62 92
30 62
0 30
55 99
92 55
65 39
0 65
39 99
65 59
0 65
59 99
74 57
0 74
57 99
27 74
74 57
0 27
57 99
30 1
5 55
1 5
0 30
55 99
65 98
98 59
0 65
59 99
93 99
0 93
93 99
0 61
61 93
7 93
93 99
61 41
41 75
75 7
0 61
0 78
78 99
7 93
93 99
0 88
88 7
77 93
93 99
61 15
15 77
0 61
78 53
93 99
0 78
53 93
87 77
77 93
65 91
93 99
91 87
0 65
87 77
77 93
18 87
93 99
78 18
0 78
78 60
93 99
60 93
0 78
87 77
64 90
77 93
90 47
93 99
0 64
47 87
0 68
93 99
68 11
11 93
87 77
65 21
77 93
21 87
93 99
0 65
87 77
77 93
0 82
93 99
82 87
87 77
77 93
21 87
64 6
93 99
0 64
6 21
7 93
93 99
2 7
0 2
7 93
31 2
93 99
2 7
0 31
87 77
16 87
77 93
63 16
0 68
93 99
68 63
0 76
93 99
76 17
17 93
78 60
46 78
0 46
93 99
60 93
11 38
46 23
23 11
96 17
38 96
0 46
93 99
17 93
87 77
77 93
68 89
0 68
93 99
89 87
89 70
7 93
70 7
68 89
0 68
93 99
11 38
46 23
23 11
0 46
38 28
28 99
24 77
70 24
89 70
77 93
68 89
0 68
93 99
88 29
29 93
89 88
68 89
0 68
93 99
78 3
46 78
0 46
3 93
93 99
13 49
29 93
49 29
93 99
0 13
46 23
23 11
11 22
0 46
22 93
93 99
66 13
13 49
29 93
46 66
49 29
0 46
93 99
46 40
0 46
40 99
23 46
11 23
46 40
0 83
83 11
40 99
11 23
0 83
83 11
25 99
23 25
94 99
0 94
83 84
84 99
0 83
