255
21
88
36
56
9
49
74
26
31
16
58
34
64
38
8
72
66
95
17
37
65
47
15
46
75
82
23
90
3
85
84
28
77
5
78
67
52
7
60
63
92
69
91
68
27
12
13
43
87
24
50
11
57
19
94
45
2
41
35
53
18
86
39
89
44
32
61
6
29
81
40
1
70
54
51
55
71
30
80
20
73
10
93
33
79
25
79
4
33
6
61
6
80
6
44
80
59
54
6
4
89
80
6
4
70
54
4
54
6
4
6
93
71
44
57
80
53
25
6
53
18
11
24
4
43
18
10
43
18
10
51
18
32
91
57
91
43
18
68
10
18
43
92
57
51
91
63
68
10
18
91
18
43
18
27
30
68
52
63
10
43
18
4
54
5
43
18
4
73
71
5
4
6
27
52
91
18
52
4
18
52
18
28
62
27
28
85
27
62
27
18
51
52
91
18
30
27
18
4
5
65
3
91
51
17
60
91
62
27
27
30
51
72
92
60
27
66
3
91
38
29
91
66
72
91
72
84
92
16
51
72
68
72
92
68
47
26
78
68
38
65
72
92
54
67
72
68
38
27
73
72
28
36
74
68
403
0 4
22 48
83 96
25 83
14 25
83 96
0 79
79 4
83 96
0 79
79 22
83 96
59 33
33 42
83 96
4 83
93 42
0 93
0 10
10 42
33 73
73 42
59 33
59 20
20 42
0 10
10 80
80 96
76 30
30 96
59 71
71 96
10 55
0 10
55 96
0 51
51 96
54 96
0 54
76 70
70 48
48 20
20 42
54 96
42 54
1 42
79 1
54 96
42 54
0 79
59 40
54 96
40 54
79 81
0 79
81 96
76 70
70 48
29 42
48 29
54 96
42 54
76 70
70 48
30 6
6 96
48 30
33 6
76 61
6 96
61 33
61 32
76 61
6 96
32 6
44 80
6 96
80 6
0 44
44 80
89 30
80 89
30 6
6 96
0 44
59 39
39 54
54 96
0 59
4 86
93 6
0 4
6 96
86 93
18 96
0 18
53 80
89 30
80 89
4 53
30 6
0 4
6 96
76 35
35 96
4 41
41 30
30 6
0 4
6 96
76 70
2 54
70 2
54 96
45 54
4 45
0 4
54 96
94 30
4 94
30 6
0 4
6 96
19 96
0 19
57 93
93 6
6 96
0 57
53 80
80 44
44 71
71 11
4 53
0 4
11 96
57 50
50 96
0 57
53 80
80 24
4 53
0 4
24 96
87 25
25 30
4 87
30 6
0 4
6 96
53 83
83 43
43 18
4 53
18 96
0 4
13 11
0 13
11 96
4 12
12 24
0 4
24 96
27 10
43 18
18 96
10 43
0 27
0 68
43 18
18 96
10 43
68 10
91 51
18 96
0 91
51 18
32 69
0 91
91 32
69 96
54 43
57 92
92 54
43 18
18 96
91 57
0 91
10 63
0 68
63 43
43 18
18 96
68 10
54 43
91 51
51 60
57 92
92 54
43 18
60 57
18 96
0 91
14 43
10 63
63 7
7 14
0 68
43 18
18 96
68 10
52 18
18 96
0 91
91 52
27 30
14 43
67 14
30 67
43 18
18 96
0 27
53 78
63 53
10 63
78 52
52 18
0 68
18 96
68 10
54 43
4 5
5 54
43 18
18 96
0 4
77 14
4 5
14 43
5 77
43 18
18 96
0 4
4 5
71 73
73 28
5 71
28 96
0 4
84 6
0 84
6 96
27 85
0 27
85 96
91 3
52 18
83 52
3 83
18 96
0 91
4 90
52 18
90 52
18 96
0 4
23 52
52 18
18 96
0 23
62 82
27 62
82 28
28 96
0 27
85 75
27 85
75 28
28 96
0 27
62 46
27 62
46 18
18 96
0 27
91 51
15 52
52 18
51 15
18 96
0 91
47 18
27 30
30 47
18 96
0 27
5 65
4 5
65 96
0 4
37 65
65 96
0 37
17 96
91 3
0 91
3 17
17 96
60 95
91 51
51 60
95 17
0 91
27 62
62 66
66 96
0 27
27 30
72 96
30 72
0 27
43 54
60 8
92 72
91 51
51 60
72 96
54 92
8 43
0 91
38 96
27 38
0 27
3 64
91 3
66 96
64 66
0 91
34 29
42 38
38 96
29 42
91 34
0 91
66 96
58 66
0 58
72 96
91 16
16 72
0 91
92 72
31 92
72 96
84 31
0 84
26 51
72 96
51 16
16 72
68 26
0 68
92 72
74 63
72 96
63 53
53 47
68 74
47 92
0 68
26 78
42 38
38 96
49 29
78 49
29 42
68 26
0 68
92 72
65 54
72 96
9 65
54 92
0 9
56 67
72 96
67 72
68 56
0 68
38 96
36 27
27 38
0 36
88 72
72 96
28 88
73 28
36 73
0 36
21 96
74 21
68 74
0 68
