245
63
31
13
95
47
8
92
68
18
59
86
40
61
19
16
66
36
58
54
85
60
43
4
42
89
56
29
90
1
83
30
46
15
23
26
35
24
91
72
55
7
27
44
80
67
96
81
82
34
5
14
65
77
3
97
39
33
17
88
64
22
48
28
2
32
37
78
28
41
28
41
28
41
28
41
2
37
28
41
28
41
78
22
78
12
28
41
37
97
33
41
97
33
41
41
12
41
14
12
5
88
2
12
14
12
5
88
2
77
41
28
88
37
17
57
2
14
12
21
88
2
48
64
88
14
3
21
88
82
28
21
88
5
77
64
48
21
88
81
88
12
28
21
27
28
88
21
27
28
14
21
27
2
28
88
21
27
28
21
88
17
57
21
17
57
21
2
88
28
21
88
14
14
91
24
3
17
88
90
2
88
88
14
88
56
77
5
4
77
4
77
88
88
27
54
4
79
58
90
27
4
60
77
4
21
88
90
16
88
66
58
27
4
85
87
88
4
66
58
78
4
58
36
27
85
88
2
59
4
92
88
87
41
85
86
86
8
4
44
4
92
58
27
59
4
427
2 74
14 50
88 76
49 98
64 48
53 99
84 51
37 9
21 99
5 6
0 88
87 97
41 69
97 33
51 12
78 10
78 69
84 52
70 25
20 74
94 41
6 32
98 25
73 11
73 11
98 25
73 11
32 53
2 37
37 75
73 11
10 2
28 21
11 28
73 11
48 21
50 78
78 48
28 21
41 28
94 41
28 11
41 28
94 41
28 21
57 22
41 28
22 52
94 41
70 64
28 11
64 37
37 75
41 28
88 2
2 37
73 88
37 75
11 17
17 9
94 41
28 11
41 28
94 41
28 11
41 28
84 52
50 78
10 22
50 78
22 52
84 52
33 84
50 33
73 39
39 52
94 41
28 21
12 99
41 28
97 37
37 75
94 97
84 52
33 84
94 97
94 41
84 52
97 33
94 41
84 52
41 87
33 84
41 69
94 41
12 99
3 12
69 3
50 77
77 99
41 69
65 75
94 41
69 65
84 52
14 93
0 14
51 12
14 93
93 5
0 14
5 51
12 99
51 12
88 2
98 5
2 98
5 51
12 99
51 12
34 51
0 14
12 99
14 34
6 77
0 88
88 2
98 5
2 98
77 99
94 41
28 21
41 28
17 57
0 88
21 99
9 17
88 2
2 37
57 21
51 12
14 93
0 14
12 99
0 88
21 99
88 2
82 48
48 21
2 82
0 88
88 49
49 64
64 62
0 14
14 81
81 99
0 88
21 99
3 21
49 96
96 3
88 49
67 28
0 88
21 99
82 67
88 2
28 21
2 82
5 6
80 5
6 77
94 80
77 99
0 88
21 99
88 49
48 21
49 64
0 88
98 81
88 49
81 99
44 12
12 99
94 44
21 99
27 28
28 21
0 27
0 88
21 99
27 28
28 21
76 27
21 99
27 28
28 21
0 14
50 27
79 27
0 88
21 99
27 28
88 2
28 21
94 7
7 27
21 99
27 28
28 21
53 99
55 71
94 55
88 76
53 99
0 88
76 72
72 53
91 17
17 57
21 99
57 21
0 91
24 17
17 57
21 99
57 21
0 24
2 74
53 99
0 88
74 35
88 2
35 62
53 99
26 71
0 26
53 99
94 23
23 71
49 15
0 88
21 99
15 28
28 21
88 49
46 99
0 46
14 30
0 14
30 99
14 83
0 14
83 99
17 91
1 3
24 17
91 1
21 99
3 21
0 24
49 98
53 99
0 88
98 90
90 53
88 49
29 98
2 74
53 99
0 88
74 29
98 90
90 53
88 2
88 76
0 88
76 56
56 99
14 89
53 99
0 14
89 62
0 88
88 42
42 99
77 56
0 4
4 77
56 99
43 62
6 5
0 4
53 99
77 6
5 43
4 77
60 71
77 60
0 4
53 99
4 77
88 76
53 99
0 88
76 85
85 53
53 99
0 88
88 54
54 62
58 27
4 73
79 54
27 79
0 4
53 99
73 58
54 62
58 27
4 73
36 25
79 36
27 79
0 4
53 99
73 58
25 90
90 53
66 21
77 60
0 4
21 99
60 66
4 77
53 99
0 88
16 53
88 16
53 99
19 90
90 53
0 19
61 70
76 61
88 76
53 99
0 88
70 16
16 53
66 21
58 27
4 73
0 4
73 58
27 40
21 99
40 66
85 87
87 86
88 76
0 88
86 99
76 85
59 99
4 73
0 4
73 59
66 21
18 78
4 73
0 4
58 18
73 58
21 99
78 66
58 27
4 73
85 87
79 36
87 86
27 79
0 4
68 85
36 68
73 58
86 99
2 92
92 99
0 88
88 2
59 99
0 4
4 8
8 59
47 92
88 76
92 99
0 88
76 47
41 85
85 87
87 86
95 41
86 99
0 95
8 11
13 86
0 4
11 13
86 99
4 8
44 92
4 73
0 4
73 31
92 99
31 44
59 99
63 59
58 27
4 73
27 63
0 4
73 58
