255
27
72
82
17
32
55
3
56
47
5
6
7
20
61
42
67
11
84
39
26
54
45
24
79
46
98
44
40
34
49
58
9
97
33
29
86
16
71
95
10
74
36
73
59
78
53
8
23
35
65
12
81
77
30
91
41
19
14
43
25
4
48
63
62
90
75
88
96
37
2
21
18
89
13
57
69
22
66
93
92
60
1
51
38
83
31
94
52
15
52
15
52
15
69
52
94
52
15
75
94
75
90
52
75
94
48
52
4
57
90
15
25
90
15
2
75
75
41
52
38
43
41
37
28
25
41
19
75
90
43
96
41
15
30
75
57
41
77
92
41
57
4
41
48
75
52
52
92
80
41
43
63
90
57
41
43
43
41
29
15
41
94
41
57
86
41
96
62
97
94
97
52
68
9
97
94
76
41
15
34
25
40
80
12
40
9
25
40
97
68
40
21
76
97
52
28
40
25
97
9
9
54
40
34
25
91
40
2
97
52
62
40
94
97
45
42
40
62
40
9
76
40
9
51
91
40
2
45
61
42
62
41
15
6
40
34
25
6
21
40
76
3
6
40
40
34
25
47
92
40
34
6
40
76
40
383
70 15
50 85
52 99
87 99
94 76
31 99
87 31
87 94
87 52
83 76
64 83
52 99
64 38
38 52
50 51
51 99
1 99
70 1
15 85
60 99
70 60
92 99
70 92
0 93
93 99
52 99
70 66
66 52
70 15
22 76
15 22
52 99
69 52
93 69
0 93
70 57
57 99
93 13
1 69
13 1
52 99
69 52
0 93
89 31
31 99
0 89
18 99
0 18
21 76
70 21
70 15
15 2
52 99
2 52
52 99
70 37
37 52
70 15
15 96
96 99
64 69
88 64
52 99
69 52
0 88
75 94
52 99
0 75
94 52
70 15
90 99
15 90
94 62
75 94
0 75
62 99
63 90
75 68
90 99
68 63
0 75
48 52
52 99
0 48
57 4
75 94
94 57
4 52
52 99
0 75
48 52
52 99
25 48
0 25
57 4
4 52
52 99
43 57
0 43
14 90
70 15
15 14
90 99
25 19
90 99
19 90
0 25
70 15
15 41
41 99
91 2
2 41
68 91
41 99
75 68
0 75
4 57
75 30
41 99
57 41
30 4
0 75
52 99
77 52
0 77
92 41
38 81
81 92
41 99
43 38
0 43
12 37
70 15
15 41
41 99
37 70
0 12
65 41
25 28
41 99
28 65
0 25
75 35
35 19
90 99
19 90
0 75
23 96
15 41
43 50
96 15
41 99
50 23
0 43
75 30
30 8
8 57
41 99
57 41
0 75
77 53
92 41
41 99
53 92
0 77
4 57
78 4
41 99
57 41
0 78
59 99
0 59
75 73
73 48
48 52
52 99
0 75
52 99
36 52
0 36
80 92
92 41
41 99
74 80
0 74
43 50
50 10
10 99
0 43
95 63
63 90
90 99
0 95
71 57
41 99
57 41
0 71
50 16
43 50
16 99
0 43
86 41
43 50
50 86
41 99
0 43
29 99
0 29
33 70
29 33
70 15
15 41
41 99
0 29
97 94
41 99
57 41
94 57
0 97
86 41
50 86
41 99
9 50
0 9
58 90
97 94
96 58
94 62
62 96
90 99
0 97
68 49
49 52
52 99
97 68
0 97
34 99
0 9
9 34
40 99
97 94
76 40
0 97
94 76
44 70
70 15
15 41
41 99
0 44
92 34
40 99
80 92
25 40
98 80
34 25
9 98
0 9
40 99
12 46
9 12
46 40
0 9
40 99
25 40
68 79
79 25
97 68
0 97
40 99
76 40
21 76
24 21
0 24
97 45
45 52
52 99
0 97
40 99
97 54
25 40
28 25
0 97
54 28
26 99
9 26
0 9
9 39
39 99
0 9
40 99
97 54
25 40
84 34
54 84
34 25
0 97
2 91
40 99
11 2
97 11
91 40
0 97
67 52
52 99
0 67
40 99
97 94
62 42
42 40
94 62
0 97
45 61
40 99
61 62
62 42
97 45
42 40
0 97
9 20
40 99
76 40
20 76
0 9
40 99
7 40
9 7
0 9
6 51
2 91
40 99
51 2
0 6
91 40
45 61
40 99
61 62
62 42
5 45
42 40
0 5
0 47
15 41
47 15
41 99
40 99
6 56
25 40
56 34
34 25
0 6
6 3
3 21
40 99
76 40
21 76
0 6
6 3
40 99
3 55
55 40
0 6
40 99
32 34
25 40
34 25
0 32
92 34
40 99
17 92
25 40
0 47
47 17
34 25
6 82
40 99
82 76
76 40
0 6
40 99
72 40
0 72
27 99
0 27
