254
86
32
57
30
50
7
34
93
19
77
36
49
79
98
9
46
48
64
35
8
14
69
17
52
43
33
44
25
95
29
97
81
28
62
56
53
92
5
1
11
88
83
82
58
15
41
68
27
13
70
22
21
12
42
23
89
63
47
90
6
26
75
72
87
80
85
3
66
84
18
74
38
65
37
24
76
96
39
59
60
73
31
71
67
94
54
45
2
54
39
20
65
65
54
18
3
85
18
85
76
65
80
96
75
26
26
85
26
76
76
65
90
63
47
26
63
80
26
85
26
38
18
85
26
85
18
84
65
26
85
59
45
70
26
85
26
85
59
90
22
87
85
84
65
80
26
65
22
87
85
85
68
70
11
11
3
11
85
26
15
5
92
87
56
15
92
5
11
3
6
74
11
70
11
70
18
11
20
11
66
70
11
11
3
6
74
11
39
95
70
33
11
11
52
33
33
26
11
66
92
11
8
11
64
24
8
11
70
38
11
18
67
11
6
9
74
11
56
15
64
35
42
46
96
46
80
11
79
56
46
9
11
46
38
82
48
11
60
11
79
7
60
93
25
66
19
11
79
57
19
67
30
93
25
424
54 55
20 4
78 2
0 91
40 91
78 91
0 45
78 91
45 78
0 54
78 91
54 78
94 61
45 94
0 45
54 67
67 61
0 54
0 71
71 61
71 78
2 51
0 71
31 51
54 31
0 54
73 51
0 73
54 67
67 20
0 54
60 4
0 60
59 51
0 59
39 4
54 39
0 54
61 39
96 61
39 4
0 96
39 4
55 39
0 54
0 76
76 4
78 2
2 24
96 78
24 4
0 96
37 61
61 39
39 4
0 37
65 76
0 65
76 4
65 76
38 20
40 96
96 38
76 40
20 4
0 65
37 74
74 4
0 37
18 20
20 4
0 18
65 84
0 65
84 99
66 99
0 66
55 3
54 55
3 4
65 54
0 65
55 3
54 55
18 54
3 4
85 18
0 85
0 80
80 99
18 20
20 87
85 18
0 85
87 99
85 72
0 85
72 99
65 76
76 75
75 99
0 65
51 26
26 99
80 96
96 51
0 80
2 78
6 75
78 6
80 2
26 99
75 26
0 80
45 90
90 55
85 45
26 99
55 26
0 85
47 59
65 76
26 99
59 26
76 47
0 65
65 76
10 63
76 10
63 99
0 65
55 54
54 89
45 90
90 55
85 45
89 63
63 99
0 85
37 47
47 59
61 37
23 61
26 99
59 26
0 23
42 96
40 63
96 40
80 42
63 99
0 80
26 99
85 12
12 26
0 85
18 20
38 21
21 73
20 38
26 99
73 26
85 18
0 85
22 99
85 18
18 22
0 85
18 70
26 99
70 26
85 18
0 85
84 13
65 84
13 99
0 65
45 27
27 59
85 45
26 99
59 26
0 85
68 70
85 68
26 99
70 26
0 85
41 59
26 99
85 41
59 26
0 85
15 87
45 90
87 22
85 45
90 15
22 99
0 85
84 58
65 84
58 99
0 65
82 99
80 82
0 80
65 83
26 99
83 26
0 65
87 22
85 88
88 87
22 99
0 85
11 99
85 11
0 85
1 68
70 11
11 99
68 70
0 1
5 3
11 99
3 11
0 5
85 92
92 4
4 11
11 99
0 85
53 26
26 99
0 53
87 15
56 87
15 92
5 56
92 4
4 11
11 99
0 5
62 99
0 62
87 15
56 87
15 92
5 56
76 65
28 76
92 4
4 11
11 99
65 5
0 28
55 3
81 55
11 99
3 11
0 81
74 6
6 4
4 11
11 99
97 74
0 97
70 11
11 99
29 70
0 29
20 18
95 20
70 11
18 70
11 99
0 95
66 11
11 99
25 66
0 25
70 11
11 99
44 70
0 44
11 99
3 11
33 3
0 33
43 39
74 6
6 4
39 74
4 11
11 99
0 43
20 18
95 20
52 95
70 11
18 70
11 99
33 52
0 33
4 11
11 99
17 4
0 17
16 69
52 16
33 52
69 99
0 33
14 26
33 14
26 99
0 33
66 11
11 99
8 66
0 8
35 92
92 4
4 11
11 99
0 35
8 64
11 99
64 11
0 8
8 64
64 24
24 48
48 11
11 99
0 8
20 18
38 20
70 11
18 70
0 46
11 99
46 38
67 11
11 99
9 67
0 9
74 6
9 98
6 4
98 74
4 11
11 99
0 9
8 64
15 87
87 56
92 15
79 99
24 35
64 24
35 92
9 8
56 79
0 9
96 42
0 46
49 99
42 49
46 96
80 36
36 11
46 80
0 46
11 99
79 99
77 56
0 46
56 79
46 77
9 19
19 11
11 99
0 9
93 99
0 46
46 38
38 93
82 48
34 82
0 34
48 11
11 99
7 60
11 99
60 11
0 7
7 60
79 99
60 50
0 7
50 79
93 99
66 93
30 25
0 30
25 66
0 57
57 19
19 11
11 99
67 32
79 99
19 67
0 57
57 19
32 79
25 61
86 93
61 86
93 99
30 25
0 30
