263
75
89
20
79
54
92
34
65
85
87
39
24
48
30
96
91
42
4
93
97
70
10
83
28
8
73
45
53
27
32
86
59
80
51
94
71
63
62
17
23
31
1
5
6
52
82
29
22
18
19
58
44
33
67
60
74
68
25
41
55
43
15
21
26
12
57
81
50
69
40
72
90
47
84
38
16
78
11
37
7
77
46
61
56
2
14
49
64
36
88
35
66
13
3
95
76
98
38
11
7
38
11
90
47
57
12
40
26
26
15
26
90
25
68
41
68
98
26
61
68
25
68
33
68
90
36
74
68
25
44
49
90
68
44
19
90
68
19
68
25
74
26
25
36
19
68
82
19
68
6
68
19
68
25
1
6
68
25
6
17
90
44
88
25
18
90
44
49
25
26
6
36
1
6
68
51
26
36
94
6
62
17
25
59
41
17
88
17
33
32
62
12
45
62
32
12
62
17
6
15
45
17
63
88
17
94
98
10
94
33
60
45
98
70
10
17
71
62
18
4
45
33
70
12
18
4
49
59
11
48
46
11
96
40
21
97
29
45
30
12
57
71
58
4
96
65
71
42
30
45
92
42
65
92
65
42
30
30
29
79
48
11
10
426
0 99
98 99
0 98
76 99
0 76
0 95
95 99
0 3
3 99
13 99
0 13
66 99
0 66
35 13
13 99
0 35
35 88
0 35
88 99
0 36
36 99
64 88
0 64
88 99
36 49
49 13
13 99
0 36
35 14
14 99
0 35
64 2
2 99
0 64
56 99
0 56
0 61
61 99
0 46
46 99
64 77
0 64
77 99
7 99
0 7
61 37
37 7
7 99
0 61
46 11
11 7
7 99
0 46
78 77
77 99
0 78
16 7
64 16
7 99
0 64
38 11
11 7
64 38
7 99
0 64
64 84
84 7
7 99
0 64
61 47
47 99
0 61
64 84
84 90
90 99
0 64
72 7
7 99
0 72
35 38
40 35
38 11
11 7
7 99
0 40
69 7
7 99
0 69
50 38
38 11
11 7
7 99
0 50
81 99
0 81
57 90
0 57
90 99
57 12
12 47
0 57
47 99
0 26
26 99
57 12
38 35
40 21
35 40
12 38
0 57
21 99
0 26
26 15
15 99
81 43
15 81
0 26
26 15
43 99
55 99
0 55
0 26
26 41
41 99
25 99
0 25
90 25
0 68
68 81
81 90
25 99
38 35
35 74
41 38
68 41
74 25
0 68
25 99
98 60
41 98
60 74
68 41
74 25
0 68
25 99
67 61
26 67
0 26
61 25
25 99
0 68
33 25
68 33
25 99
44 90
90 25
33 44
0 68
68 33
25 99
58 81
90 25
68 58
0 68
81 90
25 99
68 19
36 74
19 36
74 25
0 68
25 99
49 18
18 44
44 90
90 25
0 68
25 99
68 49
0 22
22 99
44 90
90 25
19 29
68 19
29 44
0 68
25 99
19 82
68 19
0 68
82 25
25 99
26 52
52 74
74 25
0 26
25 99
68 19
19 36
36 6
0 68
6 99
19 82
68 19
82 5
0 68
5 99
68 1
0 68
6 99
1 6
68 19
31 25
19 31
0 68
25 99
68 1
1 23
0 68
23 6
6 99
0 17
17 25
25 99
17 62
0 17
62 6
6 99
17 88
44 90
90 25
63 44
88 63
0 17
25 99
49 18
18 44
44 90
71 49
90 25
68 71
0 68
25 99
94 25
25 99
0 94
26 51
51 36
36 6
0 26
6 99
68 1
1 80
80 6
0 68
6 99
26 51
51 36
36 59
0 26
59 99
94 86
86 6
6 99
0 94
32 25
17 62
62 32
0 17
25 99
17 27
41 59
27 41
0 17
59 99
17 88
9 53
88 9
0 17
53 99
57 12
33 57
32 33
17 62
12 45
62 32
45 99
0 17
73 12
32 73
17 62
12 45
62 32
45 99
0 17
8 6
17 62
62 8
0 17
6 99
15 28
28 45
45 99
0 17
17 15
17 88
63 83
88 63
0 17
83 99
94 10
10 99
0 94
70 98
94 10
98 94
0 70
10 99
98 60
57 12
33 57
70 98
60 97
97 33
12 45
45 99
0 70
70 93
93 10
0 70
10 99
4 99
0 17
17 4
49 18
62 42
42 71
71 49
18 4
17 62
4 99
0 17
57 12
33 57
91 33
70 91
12 45
45 99
0 70
0 96
96 99
49 18
0 30
18 4
4 99
30 49
11 59
48 11
0 48
59 99
48 11
0 48
24 99
46 24
11 46
0 96
96 39
39 99
40 87
97 21
0 30
30 29
21 40
29 97
87 99
57 12
85 57
0 30
12 45
30 85
45 99
58 71
71 65
65 4
0 96
96 58
4 99
34 99
0 34
42 71
71 65
65 4
30 92
0 30
92 42
4 99
65 54
42 71
71 65
54 45
30 92
0 30
92 42
45 99
42 71
71 65
30 92
0 30
65 74
79 99
74 79
92 42
0 30
30 29
29 20
20 99
11 43
89 10
10 79
79 99
48 11
0 48
43 89
0 75
75 99
