260
37
57
44
21
31
28
17
3
45
11
29
42
94
68
25
78
56
88
19
81
51
16
64
14
90
52
40
30
55
87
92
80
93
20
58
76
49
79
53
96
41
46
65
66
8
54
10
69
86
75
34
27
5
22
95
62
26
47
70
84
82
24
1
32
83
39
43
15
71
18
59
61
73
35
23
7
12
35
91
35
35
7
13
59
63
7
18
12
35
12
71
13
39
13
59
61
15
43
15
23
63
39
4
59
63
63
73
15
77
63
18
12
4
59
15
63
91
61
60
59
12
82
85
70
61
39
35
12
95
12
15
63
63
15
63
86
15
63
15
63
73
63
15
12
35
7
8
63
15
66
63
35
2
5
10
66
63
35
15
63
8
10
12
26
10
49
79
60
10
76
8
12
73
79
76
8
12
26
73
8
75
53
63
35
66
8
76
12
66
63
76
12
26
47
52
12
16
47
16
47
16
7
47
51
19
16
47
19
80
16
19
16
83
20
19
61
20
25
78
19
16
19
83
19
20
25
83
19
83
19
25
83
29
20
73
25
49
30
25
60
11
19
45
83
3
80
8
17
45
25
35
17
20
32
25
19
45
25
83
17
451
9 91
48 63
9 77
23 36
61 36
71 39
60 7
4 13
0 38
67 7
60 50
2 35
72 91
6 72
12 97
89 7
33 48
60 38
6 67
72 50
72 50
6 67
6 67
7 13
6 67
74 12
23 60
60 38
9 23
12 97
23 72
35 12
50 35
9 23
72 50
12 97
35 12
50 35
72 50
6 72
12 97
35 12
50 35
91 50
6 72
73 48
72 73
12 97
35 12
12 97
35 12
23 60
50 35
9 23
61 63
23 61
9 23
59 38
0 59
12 97
18 12
23 18
9 23
9 71
71 97
12 97
18 12
0 59
59 67
7 18
59 4
12 97
13 35
0 59
35 12
15 63
63 97
0 59
59 67
67 15
0 38
12 97
18 12
7 18
38 60
12 97
43 35
35 12
0 43
9 39
39 97
4 13
59 4
13 71
0 59
39 97
4 13
59 4
0 59
13 83
83 97
36 15
15 63
63 97
43 61
0 43
36 15
15 63
0 38
63 97
60 23
38 60
59 4
4 32
32 39
0 59
39 97
59 1
63 97
0 59
1 63
63 97
24 63
0 24
36 15
77 73
15 63
73 36
63 97
0 38
63 97
82 18
0 38
12 97
18 12
38 82
4 84
59 4
0 59
84 97
15 63
91 15
63 97
61 36
70 61
60 70
36 15
15 63
0 38
63 97
38 60
59 47
12 97
47 12
0 59
82 18
26 85
85 82
12 97
18 12
0 26
61 36
62 60
70 61
60 70
36 15
15 63
59 62
63 97
0 59
95 39
0 38
38 95
39 97
22 35
12 97
35 12
0 22
0 38
95 5
5 97
38 95
12 97
27 12
0 27
6 15
15 63
34 6
38 34
0 38
63 97
75 33
48 63
33 48
63 97
0 75
15 63
86 15
0 38
38 86
63 97
69 86
15 63
86 15
0 38
38 69
63 97
0 10
10 97
54 6
6 15
15 63
63 97
0 54
8 73
36 15
15 63
73 36
0 8
63 97
38 66
66 35
0 38
12 97
35 12
65 15
7 65
15 63
8 7
0 8
63 97
38 66
66 35
46 63
2 46
35 2
0 38
63 97
10 41
41 5
0 10
5 97
38 66
66 35
96 15
35 96
15 63
0 38
63 97
53 63
8 53
0 8
63 97
0 38
79 97
38 79
10 49
0 10
49 97
76 12
26 76
10 26
12 97
0 10
49 60
60 58
10 49
58 79
79 97
0 10
8 73
20 76
77 20
76 12
73 77
0 8
12 97
93 79
79 97
0 93
8 80
80 26
76 12
26 76
0 8
12 97
8 73
73 75
75 92
0 8
92 97
53 63
6 53
87 6
0 87
63 97
38 66
66 35
35 55
0 38
55 97
8 30
0 8
30 97
38 66
66 40
76 12
40 76
0 38
12 97
52 97
0 52
38 90
90 63
0 38
63 97
76 12
26 76
14 26
0 14
12 97
64 97
0 64
0 16
16 47
47 52
52 97
0 16
16 47
47 51
51 12
12 97
0 16
16 47
47 81
81 97
89 19
0 16
16 47
19 97
47 7
7 89
15 88
89 19
51 15
0 16
16 47
19 97
47 51
88 89
56 80
0 16
80 74
19 97
74 19
16 56
83 19
0 16
16 78
19 97
78 33
33 83
0 25
36 61
20 36
19 97
25 20
74 19
61 74
0 25
25 20
20 68
68 97
0 16
16 78
78 94
19 97
94 19
83 19
42 83
19 97
0 42
0 25
20 50
50 29
83 19
19 97
25 20
29 83
11 83
83 19
19 97
0 11
0 25
25 45
83 19
45 33
19 97
33 83
0 25
29 73
73 8
20 50
50 29
8 3
25 20
3 97
0 25
60 17
49 60
30 49
17 97
25 30
0 25
11 83
25 45
75 28
83 19
45 33
33 75
28 11
19 97
80 8
0 31
31 80
8 3
3 97
0 25
35 17
21 66
25 45
45 21
66 35
17 97
0 25
50 44
44 32
20 50
32 17
25 20
17 97
0 25
25 45
33 57
57 83
83 19
45 33
19 97
0 37
37 17
17 97
