154
73
26
30
2
69
29
9
15
61
65
67
46
87
24
45
25
40
36
7
12
52
3
5
72
59
79
41
34
19
37
82
33
48
1
80
28
75
28
75
6
75
17
10
75
44
66
66
75
66
75
75
28
64
75
75
21
80
66
82
33
70
10
44
64
1
28
82
10
44
82
10
44
41
33
66
11
79
32
72
41
33
1
6
44
3
31
6
44
59
10
64
82
1
33
72
44
64
79
1
52
66
17
52
66
17
34
72
21
41
72
21
1
33
44
12
52
72
52
33
44
72
1
52
6
33
43
44
33
52
87
33
44
67
44
12
67
44
67
16
6
44
16
6
44
3
29
31
3
29
3
67
34
29
44
313
4 83
0 44
39 76
6 43
0 39
18 12
23 39
21 41
34 4
52 58
22 66
79 51
33 44
10 64
16 6
16 31
6 44
83 88
11 66
13 64
16 74
0 8
38 56
77 80
18 60
0 42
66 81
17 10
6 27
75 55
28 84
76 28
28 84
76 28
38 75
75 55
35 80
80 27
38 75
75 55
35 6
38 75
75 55
66 17
44 4
10 44
38 75
13 66
75 55
38 75
13 66
66 81
75 55
38 75
13 66
0 42
75 55
28 84
76 28
38 75
0 42
75 55
1 58
64 1
38 75
0 42
21 68
75 48
48 21
38 75
0 42
80 27
0 42
66 81
13 66
33 68
39 33
0 42
62 82
0 42
82 74
82 74
8 82
60 18
37 70
0 8
39 33
33 37
70 84
0 42
19 10
44 4
10 44
38 19
0 8
38 56
0 42
1 58
64 1
0 8
28 84
60 34
34 28
41 81
0 8
82 41
8 82
79 10
23 79
44 4
10 44
59 10
82 59
0 8
44 4
10 44
8 82
41 81
42 72
72 39
39 33
33 41
0 42
0 8
66 81
8 11
5 84
79 32
32 5
23 79
54 1
42 72
72 39
1 83
39 33
33 41
0 42
41 54
0 8
44 4
35 6
0 8
3 58
35 3
31 3
0 8
3 58
6 44
0 8
44 4
59 10
83 88
82 59
1 83
0 8
64 1
8 82
42 72
72 39
39 33
0 42
44 4
83 88
20 52
52 83
83 88
1 83
51 64
23 79
64 1
83 88
0 42
17 52
66 17
52 83
22 66
0 42
17 52
66 17
0 8
60 34
72 21
42 72
0 42
12 4
21 12
83 88
72 21
54 1
42 72
1 83
0 42
41 54
33 44
39 33
44 4
60 18
0 8
12 4
52 58
72 7
42 72
0 42
7 52
52 58
22 36
20 52
0 42
36 20
33 44
39 33
44 4
0 39
39 72
72 40
40 58
83 88
54 1
25 54
1 83
0 42
42 25
52 58
44 6
0 39
33 44
43 52
39 33
0 39
45 58
39 45
0 24
24 58
0 39
68 87
83 88
33 68
87 83
39 33
52 58
8 46
46 52
0 8
0 39
83 88
44 33
68 87
83 88
33 68
87 83
18 67
0 39
67 88
0 39
67 88
65 67
39 65
0 44
83 88
44 4
12 18
18 67
0 44
67 88
61 12
44 61
18 67
6 16
0 44
44 6
67 88
15 18
16 15
9 83
83 88
42 9
0 42
16 31
29 83
6 16
0 44
44 6
3 29
83 88
31 3
29 83
69 31
3 29
83 88
0 69
31 3
39 23
29 83
0 39
3 29
2 3
23 2
83 88
39 23
30 67
0 39
67 88
23 30
4 83
26 34
34 4
83 88
0 26
29 83
44 73
73 29
0 44
83 88
