254
9
86
82
15
80
20
96
14
36
57
25
5
7
70
64
4
76
29
43
21
71
23
18
85
39
63
13
37
42
69
89
79
61
35
27
16
40
6
33
94
41
65
93
58
83
53
59
98
50
2
56
31
49
68
3
62
60
52
92
67
88
78
55
24
72
12
73
74
22
28
8
34
46
44
75
81
11
47
84
10
26
54
66
32
95
97
90
51
38
30
17
1
48
87
19
91
45
91
34
22
30
22
22
73
22
73
22
22
54
78
34
22
91
24
73
67
22
19
92
55
22
72
3
30
22
92
22
55
22
97
91
22
56
22
62
31
22
1
97
48
91
91
22
50
97
91
22
97
31
22
91
66
65
22
91
11
56
22
58
22
6
58
22
68
55
22
84
30
22
22
91
58
12
32
56
22
93
22
91
55
68
22
69
62
67
22
69
55
68
22
3
39
22
58
55
2
22
6
22
73
79
71
21
22
60
71
53
21
76
29
29
22
18
76
61
65
70
12
29
70
39
41
76
39
75
70
39
41
76
57
25
39
56
36
25
70
39
76
41
25
36
39
71
79
25
39
21
29
76
29
70
76
41
39
399
0 99
77 91
0 45
45 99
91 99
0 91
91 99
19 99
0 19
87 99
0 87
48 99
0 48
1 99
0 1
17 99
0 17
30 48
48 99
0 30
38 99
0 38
51 99
0 51
90 48
48 99
0 90
91 97
97 1
90 91
1 99
0 90
95 99
0 95
90 32
32 99
0 90
91 97
97 1
90 91
1 66
66 99
0 90
54 99
0 54
26 54
90 91
91 26
54 99
0 90
10 54
54 99
0 10
30 84
84 32
32 99
0 30
47 54
54 99
0 47
11 99
0 11
81 99
0 81
75 11
11 99
0 75
90 44
44 17
17 11
11 99
0 90
1 97
97 91
90 44
44 17
91 90
17 11
46 1
11 99
0 46
34 99
0 34
8 34
34 99
0 8
28 34
34 99
0 28
22 99
0 22
30 22
74 30
22 99
0 74
73 22
22 99
0 73
12 22
22 99
0 12
72 73
73 22
22 99
0 72
24 73
73 22
22 99
0 24
55 22
22 99
0 55
78 54
54 99
0 78
91 22
78 88
88 34
34 90
90 91
22 99
0 78
91 22
90 91
67 90
22 99
0 67
92 99
0 92
52 73
24 52
73 22
22 99
0 24
60 99
0 60
67 62
62 22
22 99
0 67
19 3
92 19
3 99
0 92
68 55
55 22
22 99
0 68
49 72
72 3
3 99
0 49
30 22
31 30
22 99
0 31
56 22
92 56
22 99
0 92
55 22
2 55
22 99
0 2
97 91
91 22
50 97
22 99
0 50
56 22
98 56
22 99
0 98
31 59
59 62
62 22
22 99
0 31
53 99
0 53
1 97
97 91
91 22
83 48
48 1
22 99
0 83
91 22
22 99
58 91
0 58
93 99
0 93
97 91
91 22
50 97
65 50
22 99
0 65
97 91
91 22
41 97
31 41
22 99
0 31
91 22
65 66
66 94
94 91
22 99
0 65
56 22
33 11
11 56
22 99
0 33
6 22
58 6
22 99
0 58
40 6
6 22
58 40
22 99
0 58
68 55
16 68
55 22
22 99
0 16
27 84
84 30
30 22
22 99
0 27
91 22
35 91
22 99
0 35
58 61
61 99
0 58
79 99
0 79
56 22
89 32
12 56
32 12
22 99
0 89
0 69
69 93
93 99
91 22
42 91
0 42
22 99
37 68
68 55
55 22
22 99
0 37
69 13
67 62
13 67
62 22
0 69
22 99
68 55
63 68
55 22
69 63
0 69
22 99
0 39
39 3
3 99
58 85
0 39
85 22
39 58
22 99
18 2
55 22
2 55
0 18
22 99
23 73
73 6
6 22
0 23
22 99
71 79
0 71
79 99
71 21
0 71
21 99
43 21
0 43
21 99
0 29
29 22
22 99
76 99
71 60
60 53
0 71
53 76
76 99
0 29
29 21
21 4
4 76
22 64
0 29
29 22
64 99
76 99
61 70
18 61
70 76
0 18
76 99
65 61
61 70
7 65
0 29
12 7
29 12
70 76
76 99
5 97
41 70
97 41
0 39
70 76
39 5
0 39
39 75
75 25
25 99
57 92
56 22
22 91
91 97
76 99
41 70
92 56
97 41
0 39
39 57
70 76
57 92
56 22
22 91
36 25
91 36
92 56
0 39
39 57
25 99
36 25
14 36
25 99
0 14
76 99
96 41
41 70
0 39
70 76
39 96
36 25
20 36
0 39
39 20
25 99
71 79
79 80
80 99
0 71
15 25
0 39
39 15
25 99
76 99
21 82
0 29
29 21
82 76
0 29
29 86
86 99
76 99
41 70
39 9
9 41
0 39
70 76
