272
82
33
10
20
36
43
97
83
74
67
78
38
65
66
32
22
80
3
88
95
47
52
12
59
7
72
9
27
60
57
31
24
30
77
5
63
11
34
50
92
14
37
94
42
87
2
41
15
44
79
85
68
51
8
29
93
75
53
86
69
17
19
46
13
18
89
23
55
28
84
35
49
4
76
6
91
16
25
54
71
21
64
62
61
26
1
39
98
96
45
90
56
58
40
48
73
81
73
40
35
76
64
62
49
28
84
55
35
28
35
55
62
13
61
18
13
46
35
84
61
46
69
86
61
55
61
4
61
23
84
13
62
75
61
86
84
13
96
84
23
61
69
13
61
35
84
69
61
4
69
61
2
69
61
2
61
93
87
4
75
15
61
35
15
13
61
2
58
13
15
61
46
63
13
61
69
61
84
2
92
69
54
61
24
18
54
24
39
57
54
24
63
93
4
13
31
57
54
24
2
42
28
27
23
4
35
34
55
50
7
57
24
72
12
42
24
72
72
47
12
24
35
54
24
88
54
24
72
12
76
24
72
2
57
22
32
59
72
55
26
57
2
12
24
57
24
40
12
24
57
38
67
53
50
66
57
22
66
12
24
57
31
83
77
84
24
12
67
50
57
50
36
446
0 99
48 40
73 81
81 99
0 81
0 73
73 99
0 73
81 99
0 48
48 99
40 99
0 40
40 99
0 48
58 99
0 58
56 99
0 56
90 58
58 99
0 90
45 99
0 45
96 45
45 99
0 96
98 99
0 98
39 45
45 99
0 39
1 99
0 1
39 26
26 99
0 39
61 99
39 90
90 61
0 39
61 99
62 90
90 61
0 62
61 99
98 61
64 98
0 64
39 21
61 99
21 61
0 39
61 99
71 61
39 71
0 39
39 54
61 99
54 61
0 39
25 1
1 71
61 99
64 25
71 61
0 64
16 98
61 99
64 16
98 61
0 64
45 71
91 45
61 99
64 91
71 61
0 64
61 99
64 6
6 61
0 64
76 90
64 76
61 99
90 61
0 64
61 99
4 61
0 4
62 49
49 99
0 62
35 99
62 35
0 62
35 99
84 35
0 84
64 76
76 28
28 35
35 99
0 64
49 62
35 99
55 49
62 35
0 55
23 28
84 23
28 35
35 99
0 84
55 89
89 35
35 99
0 55
18 28
28 35
35 99
0 18
49 62
62 13
13 61
61 99
55 49
0 55
13 61
61 99
46 13
0 46
18 39
19 96
96 13
13 61
39 19
61 99
0 18
46 17
35 99
17 35
0 46
84 69
69 61
61 99
0 84
86 84
84 69
46 40
40 86
69 61
61 99
0 46
53 40
86 84
84 69
40 86
69 61
61 99
0 53
55 75
75 61
61 99
0 55
93 4
69 61
4 69
61 99
0 93
84 69
23 84
29 23
69 61
61 99
0 29
49 62
62 13
13 61
8 49
61 99
0 8
51 75
75 61
61 99
0 51
68 40
86 84
84 69
40 86
69 61
61 99
0 68
96 13
85 96
13 61
61 99
0 85
84 69
79 23
23 84
69 61
61 99
0 79
0 44
44 99
13 61
61 99
0 15
15 13
41 35
35 99
0 41
84 69
0 2
69 61
61 99
2 84
87 4
69 61
0 87
4 69
61 99
0 2
42 69
69 61
2 42
61 99
0 2
2 94
61 99
94 61
4 93
93 37
87 4
0 87
37 99
14 75
70 14
15 70
75 61
61 99
0 15
92 99
0 92
0 50
50 99
34 35
15 70
70 34
0 15
35 99
11 13
13 61
0 2
2 11
61 99
58 63
15 58
63 13
13 61
61 99
0 15
0 50
63 13
5 46
46 63
13 61
50 5
61 99
77 84
84 69
69 61
0 77
61 99
2 30
0 2
30 92
92 99
0 24
24 99
31 84
54 39
39 31
84 69
0 24
24 54
69 61
61 99
57 99
54 39
39 18
0 24
24 54
18 57
57 99
54 60
0 24
24 54
60 57
4 93
63 13
93 63
27 4
13 61
0 27
61 99
57 99
54 39
39 31
0 24
24 54
31 9
9 57
42 72
0 2
2 42
72 99
57 99
4 28
28 23
27 4
0 27
23 7
7 57
0 50
59 55
34 35
55 34
50 59
35 99
24 12
57 99
0 24
7 57
12 7
24 12
12 52
0 24
42 72
52 42
72 99
47 72
72 99
0 47
24 12
95 47
0 24
12 95
47 72
72 99
54 88
0 24
24 54
88 35
35 99
54 88
88 3
0 24
24 54
3 99
24 12
12 76
0 24
76 80
80 72
72 99
0 22
22 99
32 72
0 2
2 32
72 99
57 99
0 22
66 57
22 66
0 50
59 55
32 72
55 65
65 32
50 59
72 99
2 38
38 26
57 99
0 2
26 57
24 12
57 99
0 24
78 57
12 78
40 67
0 24
24 40
67 99
24 12
57 99
0 24
12 74
74 57
2 38
50 83
0 50
40 67
53 40
30 2
83 30
38 53
67 99
57 99
97 66
0 22
66 57
22 97
24 12
57 99
0 24
12 43
43 66
66 57
50 83
0 50
31 84
84 77
36 99
83 30
77 36
30 31
24 12
0 24
20 99
12 20
0 50
10 67
50 10
67 99
0 50
57 99
50 33
33 57
82 36
36 99
0 82
