200
29
60
53
64
84
96
68
77
54
57
14
2
37
27
98
33
89
58
62
88
22
9
46
78
71
55
26
40
73
76
95
49
38
51
63
87
66
39
31
19
21
65
32
65
65
91
21
13
24
35
31
24
21
13
65
66
82
66
31
19
66
21
13
87
69
82
31
21
13
39
66
3
39
69
66
91
21
21
15
13
21
92
82
21
95
21
38
95
66
21
16
87
82
76
21
66
20
94
95
21
66
66
21
15
66
13
21
95
66
21
15
21
38
76
67
28
92
35
66
15
21
35
91
21
66
95
21
67
76
28
76
28
40
21
82
15
9
21
28
92
35
15
19
9
21
28
76
28
13
21
82
19
76
9
28
62
32
21
28
89
21
28
76
92
73
35
49
92
73
82
33
28
69
39
62
57
92
73
57
54
9
57
48
62
57
57
96
66
68
9
54
37
57
62
96
54
73
48
92
96
331
0 6
13 12
25 19
90 41
12 82
91 35
92 35
15 47
34 7
13 8
20 8
95 85
97 94
69 6
3 39
31 97
69 5
31 19
74 85
74 65
31 24
24 97
61 41
74 36
44 43
74 79
44 65
8 81
74 18
74 32
32 65
65 52
65 52
44 65
65 52
74 79
91 5
21 91
0 21
74 19
19 80
13 31
31 25
0 21
21 13
12 24
12 39
39 35
24 97
13 31
0 21
21 13
66 72
8 66
7 66
66 72
65 7
61 41
5 87
82 99
87 82
7 66
66 72
13 31
66 72
8 66
19 8
0 21
21 13
5 87
82 99
90 69
87 82
13 31
0 21
21 13
66 72
59 3
39 66
6 39
66 72
90 69
39 66
91 63
63 80
21 91
0 21
21 15
51 80
15 51
0 21
13 38
0 21
21 13
38 28
41 92
61 41
92 49
82 99
49 82
95 97
21 95
0 21
95 97
94 38
21 95
0 21
38 28
7 66
66 72
21 95
0 21
16 87
76 16
82 99
0 76
87 82
50 73
76 59
0 76
73 72
7 66
66 72
40 7
0 21
21 40
97 94
94 20
66 72
95 97
8 66
21 95
0 21
26 66
66 72
21 15
15 26
0 21
66 72
8 66
0 21
21 13
95 85
7 66
66 72
21 95
0 21
47 38
21 15
0 21
38 28
50 55
55 67
76 59
28 99
67 28
0 76
41 92
61 41
35 72
71 66
15 71
66 72
21 15
0 21
35 72
21 91
0 21
95 78
66 72
78 66
21 95
0 21
46 67
76 70
70 46
28 99
67 28
0 76
9 28
76 70
28 99
0 76
70 9
40 22
22 72
0 21
21 40
82 99
81 9
9 28
88 81
15 88
21 15
28 99
0 21
92 35
41 92
35 72
15 47
9 28
19 9
21 15
28 99
0 21
62 28
76 59
28 99
59 62
0 76
12 82
82 99
0 21
21 13
9 28
58 19
76 58
19 9
28 99
0 76
21 89
62 28
32 62
89 32
28 99
0 21
21 89
89 4
33 28
28 99
4 33
0 21
98 72
90 98
76 59
59 27
27 99
0 76
37 72
0 37
6 73
73 92
92 35
35 72
0 6
6 73
2 82
73 92
49 2
92 49
82 99
0 6
6 69
33 28
14 33
69 14
28 99
0 6
1 57
57 99
6 39
39 81
92 54
0 6
1 57
57 99
6 73
73 92
62 1
54 62
0 6
1 57
57 99
77 81
6 77
92 54
48 68
68 9
0 6
1 57
57 99
6 73
73 92
54 48
9 81
0 6
1 57
57 99
96 7
56 62
62 1
6 96
66 84
0 6
1 57
57 99
96 7
84 1
7 66
6 96
92 54
48 68
68 9
37 72
64 99
0 6
6 73
73 92
9 37
54 48
72 64
62 53
0 6
57 99
96 7
56 62
53 57
6 96
92 54
0 6
6 73
48 60
73 92
54 48
60 99
0 6
7 34
29 99
34 29
96 7
6 96
