186
22
23
78
9
25
13
31
18
42
28
21
29
14
62
81
36
24
1
11
76
55
69
4
12
27
8
73
3
65
40
16
68
48
20
10
83
79
34
35
53
80
59
33
56
64
74
2
39
32
50
44
71
63
47
6
77
58
15
54
17
82
61
19
72
75
67
60
46
43
37
7
45
70
70
60
15
19
60
49
77
77
60
49
47
60
15
26
61
43
64
60
71
37
43
17
53
57
43
71
37
79
80
61
10
35
10
19
17
54
48
61
16
2
71
16
2
43
49
71
73
71
16
54
2
48
65
71
56
68
72
73
71
73
37
64
71
73
8
73
15
8
73
55
64
73
73
17
7
73
8
17
17
60
24
17
50
11
75
14
73
71
7
21
57
29
11
21
11
75
14
26
14
71
31
13
25
31
14
25
14
26
14
23
3
13
68
294
51 49
5 70
70 41
45 41
70 45
7 38
51 7
30 70
70 41
37 41
7 37
51 7
43 84
26 43
46 26
43 84
26 43
7 46
51 7
60 84
66 60
5 60
60 84
67 5
51 67
5 60
70 5
41 70
60 84
75 84
57 75
72 84
51 72
51 19
19 84
61 84
7 61
51 7
7 82
43 84
82 43
51 7
17 84
19 17
51 19
19 54
54 60
60 84
51 19
54 52
19 54
52 15
15 84
51 19
51 49
58 45
43 84
45 43
49 58
77 30
61 84
51 77
30 61
19 6
6 15
15 84
51 19
51 49
47 60
60 84
49 47
77 63
51 77
63 84
71 84
51 71
5 60
77 44
44 5
51 77
60 84
51 49
49 50
50 84
51 49
32 47
47 60
49 32
60 84
39 26
51 39
26 15
15 84
51 2
2 61
61 84
74 43
43 84
0 74
64 84
0 64
56 64
64 84
0 56
5 60
33 5
60 84
0 33
37 71
59 37
71 84
0 59
43 84
80 43
0 80
53 17
17 84
0 53
35 57
53 17
57 53
17 84
0 35
43 84
34 43
0 34
37 71
71 84
79 37
0 79
80 83
79 80
83 84
0 79
10 61
61 84
0 10
10 20
0 10
20 84
35 48
48 84
0 35
19 68
10 19
68 17
17 84
0 10
54 48
16 54
48 84
0 16
40 61
61 84
0 40
2 51
51 65
16 2
71 84
65 71
0 16
2 51
51 49
49 3
3 43
16 2
43 84
0 16
71 84
0 73
73 71
73 8
71 84
0 73
8 71
2 27
27 54
54 48
16 2
48 84
0 16
12 65
71 84
65 71
0 12
7 56
4 72
72 68
73 7
56 4
68 17
17 84
0 73
69 37
37 71
73 69
71 84
0 73
73 64
64 55
55 71
71 84
0 73
73 8
8 76
76 15
0 73
15 84
73 8
8 11
0 73
11 84
55 1
73 64
64 55
0 73
1 84
73 7
7 24
24 17
17 84
0 73
0 36
36 84
73 8
81 17
8 81
17 84
0 73
62 17
17 84
0 62
0 14
14 60
60 84
29 50
24 17
50 24
0 29
17 84
21 11
75 21
0 14
14 75
11 84
73 7
7 28
28 71
71 84
0 73
57 21
21 11
29 42
42 57
0 29
11 84
18 75
21 11
75 21
0 14
14 18
11 84
26 31
0 14
14 26
31 84
0 13
13 71
71 84
51 31
31 25
0 13
13 51
25 84
31 25
0 14
9 31
14 9
25 84
78 25
0 14
14 78
25 84
0 14
23 84
26 23
14 26
13 3
68 23
22 68
3 49
49 22
23 84
0 13
