220
33
85
30
50
37
8
71
66
92
77
67
79
35
31
55
61
39
88
86
2
28
24
7
42
27
78
72
43
22
52
22
52
62
52
43
22
60
43
1
72
12
68
72
14
72
97
74
72
74
72
12
72
14
43
1
7
74
72
7
17
51
24
83
17
27
4
72
72
75
14
45
72
28
57
72
45
75
29
72
14
28
82
42
15
43
60
82
45
86
72
62
51
48
26
32
52
27
2
72
51
26
2
51
83
48
84
47
88
39
72
48
51
26
86
45
18
23
82
61
83
2
97
51
26
23
82
45
51
2
72
90
31
23
82
22
67
20
68
9
77
67
20
23
43
1
82
59
76
9
67
59
31
9
23
63
35
45
59
68
67
22
77
60
64
37
90
64
56
37
18
23
37
64
62
8
60
9
77
9
67
72
64
82
76
32
77
76
64
17
76
30
64
82
62
60
22
68
77
37
95
77
64
68
82
67
77
83
9
97
8
67
68
12
67
15
42
64
12
59
12
396
12 46
59 99
15 64
0 12
0 97
11 46
11 95
62 22
36 76
32 76
69 9
60 62
81 87
3 5
22 68
59 35
21 36
94 16
69 58
97 83
18 86
84 47
83 2
49 95
44 26
15 16
82 23
75 45
57 25
47 17
81 51
36 17
90 3
40 87
32 10
6 74
54 87
12 68
91 96
1 43
60 40
52 49
62 48
65 22
19 64
98 6
89 38
89 38
98 6
89 38
19 64
98 6
89 38
22 52
65 22
19 64
43 40
52 41
94 43
89 38
22 52
44 62
19 64
89 38
65 22
19 64
43 40
94 43
89 38
22 52
19 64
91 60
89 38
19 64
43 40
89 38
65 1
19 64
89 38
19 64
89 38
72 69
53 72
19 64
29 78
89 38
78 10
53 72
72 14
19 64
89 38
14 12
53 72
68 20
72 14
13 27
19 64
72 13
89 38
27 97
53 72
74 21
19 64
89 38
72 69
53 72
19 64
89 38
72 69
53 72
74 21
54 87
42 25
12 42
19 64
89 38
14 12
53 72
72 14
19 64
89 38
1 43
19 64
43 40
89 38
65 1
19 64
7 5
89 38
65 7
19 64
93 24
24 58
3 7
19 64
7 5
89 38
6 74
19 64
74 28
72 69
28 16
53 72
90 3
3 7
19 64
7 5
17 38
83 24
51 48
19 64
24 58
48 83
13 27
19 64
72 13
4 47
27 4
17 38
53 72
19 64
2 19
14 29
75 2
53 72
72 14
80 86
86 45
45 73
72 69
53 72
25 28
19 64
72 13
13 57
28 16
53 72
29 75
14 29
45 73
53 72
72 14
70 28
19 64
0 82
28 16
42 15
40 60
82 23
23 43
19 64
43 40
60 42
0 82
88 80
80 86
72 88
86 45
45 73
53 72
48 62
81 51
62 44
51 48
26 73
19 64
90 32
32 39
39 19
52 49
27 52
13 27
19 64
95 2
2 19
72 13
53 72
81 51
51 61
61 26
26 73
81 51
51 48
19 64
2 19
48 83
88 84
72 88
47 39
19 64
53 72
39 19
48 55
55 26
81 51
51 48
26 73
82 23
86 45
23 18
0 82
45 73
83 2
81 51
61 97
51 61
19 64
2 19
82 23
23 31
31 26
0 82
26 73
51 35
81 51
35 45
45 73
58 2
19 64
2 19
72 69
53 72
90 79
79 38
81 90
19 64
82 23
23 31
19 64
31 94
0 82
65 22
67 99
22 67
68 67
53 77
67 99
77 20
20 68
20 21
9 67
53 77
67 99
77 20
43 1
82 23
1 92
23 43
92 73
0 82
59 66
53 59
76 64
66 76
9 67
59 71
53 59
67 99
71 9
31 63
8 9
82 23
9 67
23 31
63 8
0 82
67 99
35 45
53 59
45 73
65 22
68 67
67 99
91 37
37 64
64 99
60 91
53 77
77 60
90 3
5 37
37 64
81 90
64 99
50 56
18 50
82 23
37 64
56 37
64 99
23 18
0 82
5 37
37 64
64 99
8 9
62 8
9 67
53 77
77 60
67 99
9 67
67 99
72 69
53 72
64 99
30 76
82 30
0 82
76 64
10 32
64 99
77 10
53 77
76 64
17 36
30 17
64 99
82 30
0 82
76 64
60 62
22 68
68 67
53 77
77 60
67 99
95 49
77 11
49 37
37 64
64 99
53 77
85 68
82 85
68 67
0 82
67 99
77 11
53 77
97 83
83 8
8 9
9 67
67 99
12 68
68 67
67 99
0 12
42 15
12 42
64 99
53 59
33 99
0 33
0 12
