124
4
6
8
22
23
24
16
15
13
30
32
29
38
39
10
40
12
47
48
45
11
1
27
28
26
36
34
33
43
42
41
36
43
36
43
19
27
36
18
27
36
17
27
36
17
27
17
27
11
17
11
17
11
17
47
17
47
17
41
47
42
40
47
10
48
10
41
38
10
39
10
34
39
30
34
12
30
10
30
16
10
16
10
17
16
27
10
22
17
16
27
10
22
17
16
6
10
22
17
16
6
10
22
17
16
6
10
22
17
4
6
10
22
17
1
6
10
22
17
1
6
10
22
17
383
51 53
0 1
50 53
0 2
49 53
7 9
17 21
18 21
19 21
37 41
41 46
37 42
42 46
37 43
43 46
31 33
33 37
37 43
43 46
31 34
34 37
37 43
43 46
31 36
36 37
37 43
43 46
21 26
26 31
31 36
36 37
37 43
43 46
21 28
28 31
31 36
36 37
37 43
43 46
21 27
27 31
31 36
36 37
37 43
43 46
21 27
14 19
27 31
31 36
36 37
37 43
43 46
21 27
14 18
27 31
31 36
36 37
37 43
43 46
21 27
14 17
27 31
31 36
36 37
37 43
43 46
1 5
7 1
17 21
21 27
14 17
27 31
31 36
36 37
37 43
43 46
7 11
17 21
11 14
21 27
14 17
27 31
31 36
36 37
37 43
43 46
7 11
17 21
11 14
21 27
14 17
27 31
31 36
36 37
37 43
43 45
45 52
7 11
17 21
11 14
21 27
14 17
27 31
31 36
36 37
37 42
42 48
48 52
7 11
17 21
11 14
21 27
14 17
27 31
31 36
36 37
37 41
41 47
47 52
7 12
17 21
12 14
21 27
14 17
27 31
31 36
36 37
37 41
41 47
47 52
17 21
21 27
14 17
27 31
31 36
36 37
37 41
41 47
47 52
7 9
17 21
21 27
14 17
27 31
31 36
36 40
40 42
42 47
47 52
7 10
17 21
10 14
21 27
14 17
27 31
31 36
36 40
40 42
42 47
47 52
7 10
17 21
10 14
21 27
14 17
27 31
31 34
34 39
39 44
44 48
48 52
7 10
17 21
10 14
21 27
14 17
27 31
31 36
36 38
38 41
41 47
47 52
7 10
17 21
10 14
21 28
14 17
28 29
29 36
36 38
38 41
41 47
47 52
7 10
17 21
10 14
21 27
14 17
27 32
32 33
33 39
39 44
44 48
48 52
7 10
17 21
10 14
21 28
14 17
28 30
30 34
34 39
39 44
44 48
48 52
7 12
17 21
12 13
21 28
13 17
28 30
30 34
34 39
39 44
44 48
48 52
7 12
18 21
12 15
21 28
15 18
28 30
30 34
34 39
39 44
44 48
48 52
7 10
17 21
10 16
16 17
21 28
28 30
30 34
34 39
39 44
44 48
48 52
7 10
17 24
10 16
16 17
24 28
28 30
30 34
34 39
39 44
44 48
48 52
7 10
17 23
10 16
16 17
23 28
28 30
30 34
34 39
39 44
44 48
48 52
7 10
17 22
10 16
16 17
22 27
27 32
32 33
33 39
39 44
44 48
48 52
3 8
8 9
17 22
16 17
9 16
22 27
27 32
32 33
33 39
39 44
44 48
48 52
3 6
6 10
17 22
10 16
16 17
22 27
27 32
32 33
33 39
39 44
44 48
48 52
3 6
6 10
17 22
10 16
16 17
22 27
27 32
32 33
33 39
39 44
44 48
48 49
49 53
2 6
6 10
17 22
10 16
16 17
22 27
27 32
32 33
33 39
39 44
44 48
48 49
49 53
0 4
4 6
6 10
17 22
10 16
16 17
22 27
27 32
32 33
33 39
39 44
44 48
48 49
0 4
4 6
6 10
17 22
10 16
16 17
22 27
27 32
32 33
33 39
39 44
44 47
47 50
50 53
1 6
6 10
17 22
10 16
16 17
22 27
27 32
32 33
33 39
39 44
44 47
47 50
0 1
1 6
6 10
17 22
10 16
16 17
22 27
27 32
32 33
33 39
39 44
44 48
48 51
