242
1
53
5
89
12
11
58
27
41
37
79
8
33
65
71
50
35
55
86
54
19
18
82
73
64
87
90
94
70
30
40
6
68
46
13
28
9
34
88
80
45
97
31
10
59
16
21
2
36
91
24
43
48
61
92
17
67
39
84
51
42
26
95
96
15
66
20
3
29
38
63
60
83
76
23
44
57
74
14
56
7
75
32
62
52
81
69
78
47
77
93
25
49
72
85
22
76
75
76
38
69
76
75
76
3
38
83
15
38
44
26
15
42
72
63
84
84
72
83
84
42
44
72
84
61
85
96
39
72
84
42
61
84
85
42
42
84
76
15
42
69
21
42
15
42
24
84
72
84
72
42
76
42
49
26
84
84
44
72
42
80
7
84
72
97
42
88
97
3
76
31
97
42
88
84
91
84
72
42
15
69
9
88
3
84
10
97
76
97
21
30
84
69
13
88
13
88
87
70
85
95
21
30
69
48
87
70
88
13
19
68
88
13
87
70
31
87
87
84
50
48
77
87
50
64
87
84
8
26
79
55
18
79
70
55
79
35
13
12
50
12
50
367
0 98
22 98
0 22
85 98
0 85
0 72
72 98
49 98
0 49
25 98
0 25
93 98
0 93
77 98
0 77
47 98
0 47
78 98
0 78
69 98
0 69
81 25
25 98
0 81
0 52
52 98
0 62
62 98
52 32
0 52
32 98
75 98
0 75
62 7
7 98
0 62
56 25
0 56
25 98
14 98
0 14
74 7
0 74
7 98
0 57
57 98
0 44
44 98
56 23
0 56
23 98
76 98
0 76
75 76
83 75
74 83
76 98
0 74
52 60
0 52
60 98
74 63
63 76
76 98
0 74
38 69
69 23
0 38
23 98
75 76
29 75
0 29
76 98
3 76
76 98
0 3
0 20
20 98
69 66
38 69
0 38
66 98
75 76
15 75
0 15
76 98
3 76
96 3
0 96
76 98
38 95
0 38
95 98
83 26
75 83
15 75
26 98
0 15
44 42
42 98
38 44
0 38
15 51
51 26
26 98
0 15
44 42
84 72
0 84
42 98
72 44
63 39
39 42
0 84
42 98
84 63
67 3
3 76
84 72
76 42
0 84
72 67
42 98
14 17
17 83
83 26
0 84
26 98
84 14
44 42
92 44
42 98
0 92
61 85
85 42
84 72
0 84
72 61
42 98
61 85
85 42
48 61
42 98
0 48
96 43
43 98
0 96
24 39
84 72
39 42
0 84
72 24
42 98
91 42
0 84
42 98
84 91
61 85
85 42
36 61
0 84
84 36
42 98
2 76
76 42
0 84
84 2
42 98
69 21
15 69
21 42
42 98
0 15
16 21
21 42
42 98
0 16
15 59
59 42
42 98
0 15
84 72
10 98
0 84
72 24
24 10
31 42
84 72
0 84
72 31
42 98
97 76
76 42
42 98
0 97
45 49
49 26
84 45
0 84
26 98
72 80
44 42
84 72
80 44
0 84
42 98
72 80
84 72
80 7
7 88
0 84
88 98
97 34
34 42
42 98
0 97
9 88
3 9
97 76
76 3
88 98
0 97
97 28
28 31
31 42
42 98
0 97
13 88
0 84
84 13
88 98
91 42
46 91
72 46
84 72
0 84
42 98
15 69
69 68
68 98
0 15
6 3
9 88
3 9
72 6
84 72
0 84
88 98
10 98
40 10
0 40
97 76
76 30
30 98
0 97
70 98
97 70
0 97
21 69
94 21
69 30
84 94
0 84
30 98
90 13
13 88
88 98
0 90
13 88
87 13
0 87
88 98
87 64
64 85
85 70
0 87
70 98
21 69
73 95
95 21
69 30
0 73
30 98
82 98
0 82
87 48
18 70
0 87
48 18
70 98
19 13
13 88
0 19
88 98
19 13
88 54
54 68
13 88
0 19
68 98
87 86
86 31
31 70
0 87
70 98
55 98
0 87
87 55
35 98
0 87
87 35
50 98
0 50
84 71
71 98
0 84
87 48
77 50
48 65
50 98
65 77
0 87
64 33
33 50
50 98
87 64
0 87
84 8
8 98
0 84
26 8
0 79
79 26
8 98
79 37
0 79
55 98
37 55
41 18
18 70
79 41
0 79
70 98
27 55
55 98
0 27
79 58
0 79
58 98
0 11
35 98
11 35
0 12
12 98
89 98
0 89
0 12
13 5
5 98
12 13
0 12
12 53
50 98
53 50
0 1
50 98
1 50
