286
98
88
9
31
65
22
2
83
70
15
57
86
20
80
72
72
72
72
80
72
80
72
20
80
72
20
80
72
86
20
80
72
86
20
80
72
86
20
80
72
57
86
20
80
15
57
86
72
70
15
57
72
83
70
15
57
2
83
15
57
20
2
83
15
57
20
2
83
70
15
57
2
83
70
15
22
2
83
70
15
42
22
2
83
70
22
2
83
70
15
22
2
83
15
65
22
2
83
15
65
22
2
83
31
65
22
2
83
31
65
22
2
83
31
65
22
2
83
31
65
22
2
83
31
65
22
2
83
31
65
22
2
83
31
65
22
2
83
31
65
22
2
83
31
65
22
2
83
31
65
22
2
9
31
65
22
88
9
31
22
2
88
9
31
22
2
88
9
31
22
2
77
88
9
31
65
88
9
31
65
22
88
9
31
65
22
9
88
31
65
22
9
88
31
65
22
9
88
65
22
2
9
88
65
22
2
9
88
22
2
86
9
88
22
2
86
9
42
88
22
2
9
42
88
17
2
9
42
88
17
2
9
42
17
88
22
9
42
88
22
2
9
42
88
22
2
9
42
88
22
2
9
42
88
44
22
9
42
44
88
22
9
42
17
44
88
77
9
42
17
44
77
9
42
17
44
77
9
42
17
44
77
9
42
17
44
1600
0 99
1 99
48 49
48 50
77 79
77 78
25 26
44 45
44 46
37 38
37 39
12 14
17 18
25 27
17 19
42 43
40 41
54 56
54 55
28 30
28 29
7 9
7 8
75 76
75 77
60 62
3 5
61 62
12 13
92 93
92 94
95 97
95 96
34 36
51 53
51 52
26 27
34 35
38 39
42 44
40 42
66 68
23 24
73 74
60 61
52 53
45 47
46 47
93 94
35 36
89 91
32 33
10 11
90 91
67 69
63 64
4 6
5 6
58 59
49 50
49 50
58 59
49 50
58 59
49 50
4 6
58 59
49 50
63 64
4 6
58 59
49 50
67 69
63 64
4 6
58 59
49 50
90 91
67 69
63 64
4 6
58 59
49 50
10 11
90 91
67 69
63 64
4 6
58 59
49 50
32 33
10 11
67 69
63 64
4 6
58 59
49 50
89 91
32 33
10 11
67 69
63 64
4 6
58 59
72 74
71 72
49 50
89 91
32 33
10 11
67 69
63 64
4 6
58 59
72 74
71 72
49 50
35 36
89 91
32 33
10 11
67 69
63 64
4 6
58 59
72 74
71 72
49 50
93 94
35 36
89 91
32 33
10 11
67 69
63 64
4 6
58 59
72 74
71 72
49 50
78 80
80 82
93 94
35 36
89 91
32 33
10 11
67 69
63 64
4 6
58 59
72 74
71 72
49 50
78 80
80 82
46 47
93 94
35 36
18 20
20 21
89 91
32 33
10 11
67 69
63 64
4 6
58 59
72 74
71 72
49 50
78 80
80 82
93 94
35 36
18 20
20 21
89 91
32 33
10 11
67 69
63 64
4 6
58 59
72 74
71 72
49 50
78 80
80 82
86 87
45 47
93 94
35 36
18 20
20 21
89 91
32 33
10 11
84 86
67 69
63 64
4 6
58 59
72 74
71 72
49 50
78 80
80 82
86 87
45 47
93 94
35 36
18 20
20 21
89 91
32 33
10 11
84 86
67 69
63 64
4 6
58 59
72 74
71 72
49 50
78 80
80 82
52 53
86 87
45 47
93 94
35 36
18 20
20 21
89 91
32 33
10 11
84 86
67 69
63 64
4 6
72 74
71 72
49 50
78 80
80 82
52 53
86 87
45 47
55 57
93 94
35 36
18 20
20 21
89 91
32 33
10 11
57 59
84 86
67 69
63 64
4 6
72 74
71 72
49 50
78 80
80 82
52 53
86 87
45 47
55 57
15 16
93 94
35 36
18 20
20 21
89 91
32 33
10 11
57 59
84 86
13 15
67 69
63 64
4 6
72 74
71 72
49 50
78 80
80 82
70 72
52 53
86 87
45 47
55 57
15 16
69 70
93 94
35 36
18 20
20 21
89 91
32 33
10 11
57 59
84 86
13 15
67 69
63 64
4 6
72 74
49 50
78 80
80 82
70 72
52 53
45 47
55 57
83 85
15 16
69 70
93 94
35 36
18 20
20 21
89 91
32 33
10 11
57 59
13 15
67 69
63 64
4 6
72 74
81 83
49 50
0 2
70 72
52 53
45 47
55 57
83 85
15 16
69 70
2 4
93 94
35 36
18 20
20 21
89 91
32 33
10 11
57 59
13 15
67 69
63 64
4 6
72 74
81 83
49 50
0 2
52 53
45 47
55 57
83 85
15 16
2 4
93 94
35 36
18 20
20 21
89 91
32 33
10 11
57 59
13 15
67 69
63 64
4 6
81 83
49 50
73 74
0 2
52 53
45 47
55 57
83 85
15 16
2 4
93 94
35 36
18 20
20 21
89 91
32 33
10 11
57 59
13 15
67 69
63 64
4 6
81 83
49 50
23 24
0 2
70 72
52 53
45 47
55 57
83 85
15 16
2 4
93 94
35 36
18 20
20 21
89 91
32 33
10 11
57 59
13 15
63 64
4 6
68 70
72 74
81 83
49 50
66 68
22 24
0 2
70 72
52 53
45 47
55 57
83 85
15 16
2 4
93 94
35 36
18 20
20 22
89 91
32 33
10 11
57 59
13 15
63 64
4 6
68 70
72 74
81 83
49 50
66 68
22 24
0 2
70 72
52 53
45 47
55 57
83 85
15 16
2 4
93 94
35 36
18 20
20 22
89 91
32 33
10 11
57 59
13 15
63 64
4 6
68 70
72 74
81 83
49 50
40 42
66 68
22 24
0 2
70 72
52 53
45 47
55 57
83 85
15 16
2 4
93 94
35 36
18 20
20 22
89 91
32 33
10 11
57 59
13 15
63 64
4 6
68 70
72 74
81 83
49 50
66 68
22 24
0 2
70 72
52 53
45 47
55 57
83 85
15 16
2 4
93 94
35 36
18 20
20 22
89 91
32 33
10 11
57 59
13 15
63 64
4 6
68 70
72 74
81 83
49 50
38 39
73 74
65 67
22 24
0 2
52 53
45 47
55 57
83 85
15 16
2 4
93 94
35 36
18 20
20 22
89 91
32 33
10 11
57 59
13 15
67 69
63 65
4 6
81 83
49 50
38 39
73 74
65 67
22 24
0 2
52 53
45 47
55 57
83 85
15 16
2 4
93 94
35 36
18 20
20 22
89 91
10 11
57 59
13 15
67 69
63 65
4 6
81 83
49 50
38 39
73 74
65 67
22 24
0 2
31 33
52 53
45 47
55 57
83 85
15 16
2 4
29 31
93 94
35 36
18 20
20 22
89 91
10 11
57 59
13 15
67 69
63 65
4 6
81 83
49 50
38 39
73 74
65 67
22 24
0 2
31 33
52 53
45 47
55 57
83 85
15 16
2 4
29 31
93 94
35 36
18 20
20 22
89 91
10 11
57 59
13 15
67 69
63 65
4 6
81 83
49 50
26 27
38 39
73 74
65 67
22 24
0 2
31 33
52 53
45 47
55 57
83 85
15 16
2 4
29 31
93 94
35 36
18 20
20 22
89 91
10 11
57 59
13 15
67 69
63 65
4 6
81 83
26 27
38 39
73 74
65 67
22 24
0 2
31 33
45 47
55 57
83 85
15 16
2 4
29 31
93 94
35 36
18 20
20 22
89 91
10 11
57 59
13 15
67 69
63 65
4 6
81 83
51 53
26 27
38 39
73 74
65 67
22 24
0 2
31 32
45 47
55 57
83 85
15 16
2 4
29 31
93 94
18 20
20 22
89 91
10 11
57 59
13 15
67 69
63 65
4 6
81 83
34 36
51 53
26 27
38 39
73 74
65 67
22 24
0 2
31 32
45 47
55 57
83 85
15 16
2 4
29 31
18 20
20 22
89 91
10 11
57 59
13 15
67 69
63 65
4 6
81 83
34 36
51 53
26 27
38 39
73 74
65 67
22 24
0 2
31 32
45 47
55 57
83 85
15 16
2 4
29 31
18 20
20 22
89 91
10 11
57 59
13 15
67 69
63 65
4 6
81 83
95 97
34 36
51 53
26 27
38 39
73 74
65 67
22 24
0 2
31 32
45 47
55 57
83 85
15 16
2 4
29 31
18 20
20 22
10 11
57 59
13 15
67 69
63 65
4 6
81 83
95 97
34 36
51 53
26 27
38 39
73 74
65 67
22 24
0 2
31 32
45 47
55 57
83 85
15 16
2 4
29 31
18 20
20 22
10 11
57 59
13 15
67 69
63 65
4 6
81 83
92 93
95 97
34 36
51 53
26 27
38 39
73 74
65 67
22 24
0 2
31 32
45 47
55 57
83 85
15 16
2 4
29 31
18 20
20 22
57 59
13 15
67 69
63 65
4 6
81 83
92 93
95 97
9 11
34 36
51 53
26 27
38 39
73 74
65 67
22 24
0 2
31 32
45 47
55 57
83 85
8 9
15 16
2 4
29 31
18 20
20 22
57 59
13 15
67 69
63 65
4 6
81 83
92 93
95 97
9 11
34 36
51 53
26 27
88 90
38 39
73 74
65 67
22 24
0 2
31 32
86 88
45 47
55 57
8 9
15 16
2 4
29 31
18 20
20 22
57 59
84 86
13 15
67 69
63 65
4 6
78 80
80 82
92 93
95 97
9 11
34 36
51 53
26 27
88 90
38 39
66 68
22 24
0 2
31 32
70 72
86 88
45 47
55 57
8 9
15 16
2 4
29 31
18 20
20 22
57 59
84 86
13 15
4 6
68 70
72 74
78 80
80 82
61 62
92 93
95 97
9 11
34 36
51 53
26 27
88 90
38 39
66 68
22 24
0 2
5 6
31 32
70 72
86 88
45 47
55 57
8 9
15 16
2 3
29 31
18 20
20 22
57 59
84 86
13 15
68 70
72 74
78 80
80 82
3 5
92 93
95 97
9 11
34 36
51 53
26 27
88 90
38 39
66 68
22 24
0 2
5 6
31 32
70 72
86 88
45 47
8 9
15 16
2 3
29 31
18 20
20 22
84 86
13 15
68 70
72 74
78 80
80 82
3 5
92 93
95 97
9 11
34 36
51 53
26 27
88 90
38 39
77 76
65 67
22 24
0 2
5 6
31 32
86 88
45 47
55 57
8 9
15 16
2 3
29 31
18 20
20 22
57 59
84 86
13 15
67 69
63 65
78 80
80 82
3 5
92 93
95 97
9 11
34 36
51 53
26 27
88 90
38 39
65 67
22 24
0 2
5 6
31 32
86 88
45 47
55 57
8 9
15 16
2 3
29 31
18 20
20 22
57 59
84 86
13 15
67 69
63 65
78 80
80 82
75 76
3 5
92 93
95 97
9 11
34 36
51 53
26 27
88 90
38 39
65 67
22 24
0 2
31 32
86 88
45 47
55 57
8 9
15 16
2 3
29 31
18 20
20 22
57 59
84 86
13 15
67 69
63 65
78 80
80 82
75 76
3 5
92 93
95 97
9 11
34 36
51 53
26 27
88 90
38 39
65 67
22 24
0 2
31 32
86 88
45 47
55 57
15 16
2 3
29 31
18 20
20 22
57 59
84 86
13 15
67 69
63 65
78 80
80 82
7 9
75 76
3 5
92 93
95 97
9 11
34 36
51 53
88 90
38 39
65 67
22 24
0 2
31 32
86 88
45 47
55 57
15 16
2 3
29 31
18 20
20 22
57 59
84 86
13 15
67 69
63 65
78 80
80 82
7 9
75 76
3 5
92 93
95 97
9 11
34 36
51 53
88 90
38 39
65 67
22 24
0 2
86 88
45 47
55 57
15 16
2 3
18 20
20 22
57 59
84 86
13 15
67 69
63 65
78 80
80 82
28 30
7 9
75 76
3 5
92 93
95 97
9 11
34 36
51 52
88 90
38 39
65 67
22 24
0 2
86 88
45 47
55 57
15 16
2 3
18 20
20 22
57 59
84 86
13 15
67 69
63 65
78 80
80 82
28 30
7 9
60 62
75 76
3 5
92 93
95 97
9 11
34 36
51 52
88 90
38 39
22 24
0 2
86 88
45 47
15 16
2 3
18 20
20 22
84 86
13 15
67 69
78 80
80 82
54 56
28 30
7 9
60 62
75 76
3 5
92 93
95 97
9 11
34 36
51 52
88 90
22 24
0 2
86 88
45 47
15 16
2 3
18 20
20 22
84 86
13 15
67 69
78 80
80 82
40 42
54 56
28 30
7 9
60 62
75 76
3 5
92 93
95 97
9 11
34 36
51 52
88 90
22 24
0 2
86 88
45 47
15 16
2 3
18 20
20 22
84 86
13 15
67 69
78 80
80 82
42 43
40 42
54 56
28 30
7 9
60 62
75 76
3 5
92 93
95 97
9 11
34 36
51 52
88 90
23 24
0 2
86 88
45 47
15 17
2 3
84 86
13 15
67 69
78 80
80 82
17 19
42 43
40 42
54 56
28 30
7 9
60 62
75 76
3 5
92 93
95 97
9 11
34 36
51 52
27 26
88 90
0 2
86 88
45 47
15 17
2 3
84 86
13 15
67 69
78 80
80 82
42 43
40 42
54 56
28 30
7 9
60 62
75 76
3 5
92 93
95 97
9 11
34 36
51 52
88 90
22 24
0 2
86 88
45 47
15 17
2 3
18 20
20 22
84 86
13 15
67 69
78 80
80 82
42 43
40 42
54 56
28 30
7 9
60 62
75 76
3 5
92 93
95 97
9 11
34 36
51 52
88 90
22 24
0 2
86 88
45 47
2 3
18 20
20 22
84 86
67 69
78 80
80 82
12 14
42 43
40 42
54 56
28 30
7 9
60 62
75 76
3 5
92 93
95 97
9 11
34 35
51 52
88 90
22 24
0 2
86 88
45 47
2 3
18 20
20 22
84 86
67 69
78 80
80 82
12 14
42 43
40 42
54 56
28 30
7 9
60 62
75 76
3 5
92 93
95 97
9 11
34 35
51 52
88 90
22 24
0 2
86 88
45 47
2 3
18 20
20 22
84 86
67 69
78 80
80 82
37 38
12 14
42 44
40 42
54 56
28 30
7 9
60 62
75 76
3 5
92 93
95 97
9 11
34 35
51 52
88 90
22 24
0 2
86 88
46 47
2 3
18 20
20 22
84 86
67 69
78 80
80 82
37 38
12 14
42 44
40 42
54 56
28 30
7 9
60 62
75 76
3 5
92 93
95 97
9 11
34 35
51 52
88 90
22 24
0 2
86 88
45 47
2 3
18 20
20 22
84 86
67 69
78 80
80 82
44 45
37 38
17 19
42 44
40 42
54 56
28 30
7 9
60 62
75 76
3 5
92 93
95 97
9 11
34 35
51 52
88 90
0 2
86 88
45 47
15 17
2 3
84 86
13 15
67 69
78 80
80 82
25 26
44 45
37 38
17 19
42 44
40 42
54 56
28 30
7 9
60 62
75 77
3 5
92 93
95 97
9 11
34 35
51 52
88 90
0 2
86 88
45 47
15 17
2 3
84 86
13 15
67 69
78 80
80 82
25 26
44 45
37 38
17 19
42 44
40 42
54 56
28 30
7 9
60 62
75 77
3 5
92 93
95 97
9 11
34 35
51 52
88 90
0 2
86 88
45 47
15 17
2 3
84 86
13 15
67 69
77 79
25 26
44 46
37 38
17 19
42 44
40 42
54 56
28 30
7 9
60 62
75 77
3 5
92 93
95 97
9 11
34 35
88 90
0 2
86 88
15 17
2 3
84 86
13 15
67 69
77 79
25 26
44 46
37 38
17 19
42 44
40 42
54 56
28 30
7 9
60 62
75 77
3 5
92 93
95 97
9 11
34 35
51 52
88 90
0 2
86 88
15 17
2 3
84 86
13 15
67 69
0 98
98 99
