303
45
75
55
69
19
50
13
23
5
40
57
44
52
17
21
36
72
83
32
3
24
78
3
24
3
24
3
24
32
3
24
81
3
51
56
36
1
32
22
83
22
3
24
79
21
81
51
56
22
3
12
71
68
22
3
24
32
36
1
77
22
22
3
24
1
22
52
47
1
22
22
64
3
24
79
68
60
47
1
22
52
47
17
1
22
79
56
68
56
21
81
1
47
1
22
64
60
64
79
79
70
64
22
3
24
43
22
11
3
79
88
68
11
54
51
56
21
81
40
26
22
3
70
21
56
81
68
22
43
1
83
22
81
79
56
68
11
5
43
1
22
11
64
1
22
73
23
43
83
79
97
13
40
1
22
13
27
1
22
77
1
67
22
23
81
43
79
11
5
29
43
11
60
64
79
43
13
1
22
11
47
67
1
22
1
22
3
22
24
3
19
40
1
70
87
22
50
64
36
1
22
36
19
64
3
87
1
25
22
79
87
70
1
11
52
50
97
40
1
22
24
75
71
22
24
9
52
50
69
17
81
69
72
56
25
68
1
11
22
75
78
22
24
88
44
45
24
22
77
67
52
50
45
1
22
50
45
84
1
22
9
75
69
24
10
77
72
73
83
66
1
22
69
47
57
77
67
1
51
54
25
22
72
27
55
56
51
79
1
50
51
54
69
22
88
24
22
84
45
50
54
79
51
493
54 50
84 99
37 88
39 22
79 99
27 56
0 51
69 57
58 1
38 72
37 28
9 75
84 16
98 52
77 95
88 24
68 25
72 95
9 12
71 80
8 82
30 96
41 87
36 19
64 36
70 87
3 85
67 47
43 90
60 66
29 82
23 81
67 77
27 94
97 30
83 73
6 93
81 34
21 59
86 61
51 54
48 88
76 31
64 60
96 15
56 74
17 52
4 47
63 60
64 76
47 93
32 77
68 63
79 35
18 6
25 1
66 73
78 7
59 3
83 28
14 53
49 31
42 53
42 53
32 83
3 24
24 22
59 3
31 49
3 24
26 78
24 22
59 3
3 24
24 22
72 49
59 3
74 72
3 24
24 22
59 3
36 32
32 62
16 36
3 24
24 22
59 3
21 51
56 81
81 21
3 24
68 56
51 62
24 22
22 99
36 32
83 28
16 36
1 22
32 83
59 3
22 99
3 24
24 22
21 51
56 81
81 21
38 79
68 56
51 62
59 3
22 99
12 17
3 24
17 89
24 22
46 71
71 12
59 3
22 99
31 49
3 24
11 68
24 22
25 1
22 99
36 32
16 36
1 22
77 2
52 15
18 6
92 52
59 3
22 99
3 24
24 22
41 44
25 1
22 99
44 98
1 22
42 53
52 15
92 52
25 1
22 99
18 47
1 22
59 3
22 99
3 24
33 64
24 22
68 63
79 35
38 79
11 68
60 26
47 93
25 1
22 99
1 22
47 93
91 17
52 15
25 1
64 76
22 99
18 47
1 22
33 64
79 35
38 79
11 68
68 56
25 1
22 99
56 81
81 21
21 57
1 22
57 87
11 68
68 56
47 93
25 1
64 76
22 99
18 47
1 22
33 64
79 35
38 79
33 64
60 26
79 35
46 40
38 79
40 70
70 26
64 76
59 3
22 99
31 49
3 24
33 64
24 22
43 5
59 3
5 89
22 99
11 43
65 11
3 24
24 22
68 63
79 35
73 66
38 79
65 11
88 73
11 68
54 20
25 1
22 99
21 51
56 81
81 21
65 11
1 22
11 68
68 56
59 3
26 86
22 99
46 40
40 70
70 26
3 24
24 22
59 3
22 99
56 81
81 21
65 11
3 24
11 68
68 56
24 22
43 23
25 1
22 99
83 28
23 83
11 43
65 11
1 22
79 35
56 81
38 79
65 11
11 68
68 56
43 5
25 1
5 89
22 99
11 43
65 11
1 22
25 1
64 76
13 2
22 99
91 13
1 22
33 64
79 35
73 66
43 23
38 79
23 83
11 43
65 11
40 97
25 1
13 2
22 99
46 40
91 13
1 22
25 1
13 2
22 99
94 13
1 22
8 27
25 1
22 99
1 22
77 2
33 67
81 34
79 35
43 23
38 79
11 43
65 11
43 5
5 29
11 43
65 11
64 60
79 35
38 79
33 64
90 13
25 1
13 2
22 99
11 43
65 11
1 22
47 93
25 1
22 99
1 22
33 67
92 50
50 1
22 99
1 22
19 3
22 99
58 19
3 24
24 22
19 3
58 19
25 1
22 99
46 40
40 70
1 22
87 25
92 50
50 1
22 99
36 16
1 22
33 64
3 85
64 36
19 3
33 64
25 1
22 99
1 22
87 25
69 39
79 35
65 69
38 79
70 87
11 55
25 1
55 70
22 99
65 11
1 22
87 25
97 30
96 15
40 97
92 50
50 1
15 52
52 92
22 99
46 40
1 22
75 24
80 75
22 99
24 22
75 24
80 75
22 99
24 22
46 71
17 52
92 50
50 1
69 10
52 92
65 69
22 99
12 17
1 22
56 74
34 81
69 39
65 69
74 72
81 56
25 1
22 99
65 11
1 22
11 68
75 24
22 99
78 75
45 78
0 45
24 22
44 48
48 88
45 42
22 99
98 44
0 45
24 22
67 77
33 67
45 42
92 50
50 1
52 92
22 99
1 22
0 45
92 50
50 1
45 84
22 99
1 22
0 45
10 9
69 10
75 24
65 69
22 99
24 22
77 95
2 77
72 95
83 73
37 28
73 66
28 83
66 38
22 99
1 22
47 67
57 4
4 47
77 95
67 77
65 69
51 54
54 20
25 1
22 99
20 25
1 22
55 27
72 95
0 51
51 54
56 74
74 72
54 55
0 51
51 54
1 50
54 20
25 1
50 79
20 25
69 39
65 69
22 99
88 24
22 99
24 22
45 84
0 45
79 99
0 51
51 54
50 79
