234
33
61
75
98
16
17
4
57
41
60
13
32
95
42
54
8
31
12
82
2
23
11
37
53
81
22
79
80
35
9
93
72
15
86
83
39
64
45
63
1
44
56
66
84
67
28
38
25
92
18
14
76
70
40
55
59
7
47
36
89
94
69
21
3
65
77
74
97
58
48
51
5
43
52
6
49
71
46
85
88
78
87
26
34
30
91
62
29
96
62
29
5
29
51
29
58
43
30
77
91
30
43
21
30
43
21
43
29
77
36
29
89
21
7
36
69
21
94
70
21
76
70
29
36
29
14
29
50
29
29
14
50
76
14
29
50
76
67
14
84
28
14
27
38
66
28
29
85
44
96
67
44
67
29
67
88
45
28
67
88
97
39
67
59
45
96
67
83
30
39
38
83
96
67
39
15
38
45
38
39
38
45
39
38
14
50
25
79
79
38
22
50
67
80
45
38
83
11
72
96
67
82
35
38
38
66
8
35
44
9
54
44
8
14
8
66
44
8
38
8
38
67
37
5
56
38
8
11
92
57
8
17
16
16
385
0 99
50 29
73 62
10 96
29 99
62 19
27 62
73 91
91 68
68 29
73 91
91 68
27 30
30 99
73 34
34 96
91 10
73 91
96 99
62 19
26 96
73 26
96 99
87 29
29 99
73 87
29 99
73 78
78 29
88 29
29 99
20 88
62 85
73 62
85 99
29 99
73 46
46 85
85 99
73 71
71 29
29 99
71 49
73 71
49 99
50 29
6 88
88 50
29 99
0 6
52 99
0 52
43 30
0 43
30 99
50 29
30 68
68 5
5 50
43 30
29 99
0 43
50 29
51 88
88 50
29 99
0 51
73 48
50 29
48 5
5 50
29 99
0 58
58 99
50 29
51 97
97 50
29 99
0 51
58 74
74 99
0 58
30 68
68 77
43 30
0 43
77 99
65 99
0 65
3 91
91 77
77 99
0 3
50 29
21 50
30 21
43 30
29 99
0 43
69 21
50 29
21 50
30 69
43 30
29 99
0 43
43 94
0 43
94 99
89 24
50 29
21 50
24 21
43 89
29 99
0 43
36 29
29 99
0 36
47 77
77 99
0 47
36 7
7 29
29 99
0 36
59 58
89 24
50 29
58 89
21 50
24 21
29 99
0 59
36 7
7 55
0 36
55 99
69 21
50 29
21 50
40 69
29 99
0 40
70 94
0 70
94 99
76 62
50 29
62 21
21 50
70 76
0 70
29 99
50 29
14 50
76 14
70 76
0 70
29 99
18 29
29 99
0 18
36 92
92 29
29 99
0 36
25 14
50 29
14 50
29 99
0 25
0 38
29 99
38 29
50 29
14 50
28 14
0 28
29 99
50 29
10 76
14 50
76 14
0 67
67 10
29 99
14 84
10 76
76 14
0 67
67 10
84 99
14 84
66 14
28 66
0 28
84 99
27 56
0 38
38 27
56 99
44 29
66 44
28 66
0 28
29 99
1 44
44 29
96 85
85 1
0 67
67 96
29 99
10 63
44 29
63 44
0 67
67 10
29 99
0 67
88 45
67 88
45 99
20 45
64 20
28 64
45 99
0 28
88 39
0 67
67 88
39 99
83 39
97 83
0 67
67 97
39 99
59 58
96 86
86 59
0 67
58 45
67 96
45 99
83 39
15 30
30 83
0 38
38 15
39 99
83 39
72 83
0 67
96 72
67 96
39 99
15 93
0 38
38 15
93 99
9 45
0 38
38 9
45 99
38 35
24 39
35 24
0 38
39 99
80 45
0 80
45 99
79 39
38 79
0 38
39 99
25 14
79 25
50 22
14 50
38 79
0 38
22 99
79 81
38 79
0 38
81 99
50 22
53 50
0 67
67 53
22 99
38 37
37 80
80 45
0 38
45 99
0 11
11 99
23 99
0 23
72 83
11 72
83 2
0 11
2 99
96 82
0 67
67 96
82 99
35 12
38 35
12 82
0 38
82 99
31 99
0 31
8 99
0 38
38 8
44 8
38 35
35 54
8 99
54 66
66 44
0 38
9 42
42 66
44 8
54 9
38 35
35 54
8 99
66 44
0 38
25 14
95 25
44 8
14 66
8 99
66 44
0 95
32 8
8 99
0 38
38 32
8 99
13 8
38 13
0 38
0 67
60 99
67 60
37 5
56 41
41 99
5 56
38 37
0 38
57 99
0 57
4 8
92 4
8 99
11 92
0 11
17 99
0 17
16 99
57 16
0 57
8 99
98 8
0 98
75 17
0 75
17 99
16 99
61 16
0 61
16 99
0 33
33 16
