249
43
24
16
59
34
87
40
44
93
83
66
60
80
2
94
20
47
55
9
78
57
5
35
6
46
29
17
53
28
85
26
27
91
14
23
31
49
97
36
4
67
10
92
30
56
54
51
1
41
70
90
58
64
74
79
52
33
65
3
81
7
38
15
82
96
76
96
12
77
50
38
38
38
62
96
15
11
15
76
15
50
76
89
3
61
98
65
81
76
89
61
79
38
65
11
88
75
76
65
81
88
62
96
81
74
90
88
98
70
76
11
12
89
61
11
76
65
12
89
81
74
7
98
79
70
96
62
70
65
21
75
70
50
74
79
96
70
79
96
92
79
96
79
96
88
70
62
75
70
75
79
88
96
79
96
96
36
38
48
88
97
61
74
49
77
61
15
49
74
81
36
88
97
96
49
61
76
49
15
61
49
75
77
28
49
88
50
38
96
6
79
38
96
26
35
6
38
49
35
6
67
38
49
77
6
9
38
49
77
50
65
46
11
50
9
20
67
35
9
20
94
50
66
50
80
60
65
9
6
60
9
3
93
80
9
65
35
98
60
20
9
47
87
9
87
78
59
87
35
383
61 15
75 32
96 79
96 39
11 65
12 11
74 81
38 39
61 76
76 89
76 22
73 11
32 62
0 50
19 86
13 86
0 72
76 8
0 76
0 96
96 32
0 72
0 96
96 32
77 82
82 12
12 89
95 77
15 69
0 15
38 71
72 38
0 72
50 72
38 71
72 38
95 7
7 38
38 71
38 71
0 81
81 38
62 37
0 96
96 32
69 3
15 69
3 68
0 15
11 42
15 69
0 15
0 76
65 42
15 69
69 65
0 15
0 50
50 72
18 33
33 68
89 3
3 68
0 76
0 61
61 52
52 98
63 79
79 65
65 42
81 25
0 81
76 89
89 3
0 61
3 68
39 79
79 65
65 42
0 81
81 38
73 11
11 42
0 74
74 73
88 99
64 88
75 64
8 58
21 65
61 76
58 21
76 8
65 42
0 61
81 90
98 88
90 98
88 99
0 81
62 70
32 62
0 96
70 99
96 32
81 90
98 88
0 74
90 98
88 99
41 63
63 70
70 99
0 41
61 76
76 89
89 12
11 42
0 61
12 11
61 76
76 89
89 12
65 42
0 61
74 81
7 1
1 98
81 7
98 88
0 74
88 99
79 63
39 79
0 96
63 70
70 99
62 70
51 62
70 99
0 51
75 54
21 65
54 21
65 42
0 75
72 56
0 50
56 84
84 70
50 72
70 99
30 68
74 30
0 74
79 63
0 96
63 70
70 99
96 79
79 63
63 92
0 96
92 99
96 79
10 69
69 92
79 10
0 96
92 99
79 13
86 67
96 79
13 86
67 88
0 96
88 99
62 70
32 62
0 75
70 99
75 32
32 4
4 70
0 75
70 99
96 79
36 88
79 36
0 96
88 99
79 13
96 79
86 19
19 97
13 86
0 96
97 99
49 99
0 96
96 49
38 31
39 38
96 39
48 36
31 48
36 88
0 96
88 99
61 23
0 61
23 97
97 99
74 14
14 77
49 99
77 49
0 74
49 99
0 61
15 49
74 81
81 91
36 88
91 36
0 74
88 99
96 27
27 97
0 96
97 99
22 26
76 22
61 76
49 99
0 61
26 49
15 85
61 15
49 99
0 61
85 49
0 28
28 99
75 53
53 77
49 99
77 49
0 75
28 68
17 49
68 17
49 99
0 28
72 29
29 88
0 50
50 72
88 99
46 99
0 46
39 38
96 39
38 6
6 99
0 96
13 79
39 38
79 96
96 39
0 35
38 6
35 86
86 13
6 99
39 38
26 5
0 35
38 6
35 86
86 26
5 39
6 99
0 57
49 99
57 49
67 78
86 67
39 38
0 35
38 6
35 86
6 99
78 39
0 9
9 77
49 99
77 49
0 9
38 6
9 55
55 38
6 99
47 77
0 47
49 99
77 49
0 50
20 99
50 20
11 65
50 94
94 11
65 46
0 50
46 99
0 9
9 18
18 2
20 99
2 20
86 67
0 35
35 86
67 80
80 99
0 9
9 60
20 99
60 20
50 94
94 66
0 50
66 99
50 83
83 66
0 50
66 99
65 93
60 65
93 80
0 9
9 60
80 99
60 3
44 6
0 9
9 60
3 44
6 99
11 65
65 93
9 40
40 11
93 80
0 9
80 99
0 35
98 87
35 98
87 99
34 20
0 9
9 60
60 34
20 99
59 87
47 59
87 99
0 47
0 9
9 16
16 87
87 99
42 59
59 87
78 42
24 78
0 24
87 99
35 43
0 35
43 99
