206
72
69
65
41
1
32
86
43
63
7
27
14
29
42
84
56
24
54
58
30
6
88
62
22
70
80
60
36
50
26
67
34
20
74
48
75
38
33
81
16
40
39
23
25
9
90
82
5
87
77
57
47
3
13
89
92
83
18
59
96
93
73
71
78
61
49
64
37
94
52
19
28
91
79
53
97
55
2
51
31
35
85
10
68
21
12
8
45
95
11
17
15
4
66
44
46
66
52
10
79
66
79
66
94
91
35
35
19
35
59
35
83
18
57
18
46
35
13
87
89
89
18
18
25
18
82
87
23
89
5
18
16
81
38
5
11
82
81
33
18
33
23
5
96
81
48
38
81
74
33
51
38
17
33
20
23
33
74
66
39
23
36
38
81
5
36
70
8
38
22
35
46
81
5
88
30
70
81
38
33
88
88
42
30
78
29
48
81
38
88
33
42
67
88
7
88
38
63
4
52
42
88
32
86
37
88
328
0 98
76 66
46 98
0 46
44 98
0 44
66 98
0 66
66 98
0 4
4 98
15 98
0 15
0 17
17 98
17 11
11 98
0 17
4 95
95 98
0 4
45 95
95 98
0 45
8 98
0 8
12 98
0 12
21 98
0 21
68 98
0 68
10 68
0 10
68 98
0 85
85 98
0 35
35 98
35 46
11 44
44 31
46 11
0 35
31 98
85 51
51 98
0 85
2 98
0 2
35 46
46 55
55 98
0 35
35 97
0 35
97 98
35 53
0 35
53 98
79 55
55 98
0 79
35 91
91 55
55 98
0 35
28 12
0 28
12 98
19 12
0 19
12 98
35 52
52 98
0 35
94 52
0 94
52 98
10 37
37 98
0 10
64 98
0 64
79 66
66 49
49 98
0 79
79 66
66 61
61 98
0 79
78 98
0 78
94 71
71 98
0 94
73 98
0 73
35 91
91 93
93 98
0 35
35 96
96 98
0 35
59 98
0 59
19 18
18 98
0 19
35 83
83 98
0 35
92 59
59 98
0 92
89 98
0 89
35 13
13 98
0 35
3 83
83 98
0 3
47 18
18 98
0 47
57 98
0 57
77 57
57 98
0 77
87 18
18 98
0 87
46 35
5 46
35 13
13 98
0 5
82 89
87 82
89 98
0 87
90 89
89 98
0 90
9 18
18 98
0 9
25 18
18 98
0 25
25 18
23 25
0 23
18 98
82 89
23 39
39 87
87 82
0 23
89 98
40 98
0 40
16 98
0 16
5 81
81 98
0 5
33 18
0 33
18 98
38 16
0 38
16 98
2 73
73 75
5 81
75 11
81 98
38 2
11 5
0 38
18 82
33 18
82 48
81 98
48 81
0 33
33 74
74 98
0 33
35 46
5 81
23 20
46 5
20 96
96 35
81 98
0 23
34 48
81 98
38 34
48 81
0 38
33 67
67 74
74 98
0 33
51 26
38 51
0 38
26 98
33 17
17 50
50 98
0 33
23 20
20 36
36 98
0 23
66 60
60 74
33 66
74 98
0 33
23 39
39 80
80 98
0 23
38 70
70 36
0 38
36 98
5 81
81 98
22 5
0 22
38 70
62 8
70 62
8 36
0 38
36 98
88 98
0 22
22 88
35 46
5 81
46 5
6 35
81 98
0 6
0 30
30 98
30 58
88 98
58 88
0 30
0 54
54 98
38 70
24 81
70 24
81 98
0 38
56 98
0 56
84 98
0 84
33 42
42 88
88 98
0 33
30 29
42 88
88 98
29 42
0 30
30 29
78 48
48 14
14 81
29 78
81 98
0 30
38 27
27 98
0 38
7 88
88 98
0 7
63 67
33 42
42 88
67 33
88 98
0 63
38 43
7 88
43 7
88 98
0 38
63 4
86 98
4 86
0 63
52 42
42 88
0 32
32 52
88 98
0 32
32 1
1 98
41 37
37 86
86 98
0 41
0 65
65 98
0 69
69 98
72 88
0 72
88 98
