195
24
51
16
21
68
80
90
15
26
28
1
7
10
36
41
5
14
19
3
20
22
44
42
8
17
43
12
13
25
46
29
27
31
34
2
39
47
11
35
4
18
30
23
33
40
48
37
6
38
9
45
79
55
86
63
67
71
92
82
94
73
88
64
89
72
58
95
96
59
49
65
93
85
70
52
54
62
53
66
69
60
83
57
78
76
91
74
56
84
75
61
87
50
77
76
60
77
50
52
85
53
85
40
94
52
50
52
76
49
60
77
50
49
76
34
89
76
23
52
84
31
2
73
61
23
70
52
29
31
69
89
52
77
60
13
58
52
43
52
57
23
79
52
29
61
49
50
8
45
78
52
85
50
85
50
14
61
85
41
14
75
61
52
36
74
75
40
23
52
84
52
55
50
19
75
26
71
36
26
23
52
26
6
50
8
26
52
29
49
61
52
39
26
50
61
297
77 97
50 97
32 87
61 97
32 75
32 84
32 56
32 74
91 97
76 97
32 78
32 57
83 97
60 97
69 97
32 66
53 97
32 62
54 97
52 97
70 97
85 97
32 93
32 65
49 97
32 59
32 96
95 97
58 97
72 97
32 89
32 64
32 88
73 97
32 94
94 97
32 82
82 97
32 73
32 92
92 97
88 97
64 97
89 97
32 72
32 58
71 97
32 71
32 95
96 97
59 97
32 49
65 97
93 97
32 67
67 97
32 85
32 70
32 52
32 63
63 97
32 54
62 97
32 53
66 97
32 69
32 60
32 83
86 97
32 86
57 97
78 97
55 97
32 55
32 76
79 97
32 79
32 91
74 97
56 97
84 97
75 97
32 61
87 97
32 50
32 77
45 76
76 97
0 45
9 60
60 97
0 9
77 97
38 77
0 38
6 50
50 97
0 6
52 97
37 52
0 37
48 85
85 97
0 48
40 53
53 97
0 40
33 85
85 97
0 33
40 94
52 97
23 52
94 23
0 40
30 50
50 97
0 30
52 97
18 52
0 18
76 97
4 76
0 4
35 49
49 97
0 35
11 60
60 97
0 11
77 97
47 77
0 47
39 50
50 97
0 39
2 49
49 97
0 2
76 97
34 76
0 34
31 89
76 97
89 34
34 76
0 31
52 97
84 23
23 52
27 84
0 27
29 61
49 29
2 49
61 97
31 73
73 2
0 31
52 97
46 70
70 23
23 52
0 46
31 89
25 69
29 61
69 29
61 97
89 25
0 31
52 97
13 52
0 13
77 97
12 77
0 12
43 60
60 97
0 43
52 97
58 13
17 58
13 52
0 17
57 8
43 57
52 97
8 52
0 43
42 79
52 97
79 23
23 52
0 42
29 61
49 29
61 97
44 49
0 44
22 50
50 97
0 22
45 78
52 97
86 45
20 86
78 8
8 52
0 20
3 85
85 97
0 3
19 50
50 97
0 19
14 85
85 97
0 14
5 50
50 97
0 5
85 41
41 61
61 97
14 85
0 14
36 61
41 75
85 41
75 36
61 97
14 85
0 14
52 97
10 52
0 10
36 61
74 40
75 36
7 74
40 75
61 97
0 7
52 97
84 23
1 84
23 52
0 1
52 97
28 52
0 28
19 50
0 26
55 19
50 97
26 55
36 61
41 75
85 41
0 26
75 36
15 85
71 15
61 97
26 71
90 23
0 26
52 97
23 52
26 90
80 6
0 26
26 80
6 50
50 97
0 26
52 97
68 8
8 52
26 68
21 49
29 61
49 29
61 97
0 21
52 97
16 52
0 16
0 26
26 51
39 50
51 39
50 97
0 24
61 97
24 61
