202
21
8
10
26
2
73
88
49
22
62
41
96
74
84
69
79
29
78
23
47
3
14
67
82
46
6
57
11
25
33
90
66
81
27
94
53
45
65
71
61
48
44
38
56
18
9
75
70
91
72
76
54
68
17
39
32
4
93
42
83
60
80
13
95
19
50
37
40
20
36
55
31
92
97
58
7
1
35
77
89
15
51
5
35
97
35
92
92
60
20
60
83
92
93
20
83
60
17
17
68
17
39
17
60
97
36
17
92
70
70
17
68
60
70
64
71
36
18
18
1
60
72
71
71
64
4
18
7
18
1
18
60
71
70
81
18
7
72
66
1
60
18
17
72
66
60
18
18
75
11
18
60
81
48
57
18
1
57
18
66
60
18
9
60
66
61
47
29
71
46
18
61
60
83
29
71
74
46
72
71
61
74
29
77
29
91
84
47
71
74
49
47
73
49
47
87
96
60
61
29
10
84
336
43 59
12 98
63 98
28 16
28 85
28 5
5 52
51 16
30 51
30 15
15 24
89 98
30 89
64 77
77 59
0 35
77 59
35 77
35 5
5 1
0 35
1 59
86 7
7 59
12 98
58 12
64 58
0 35
35 43
97 98
64 97
92 98
0 35
35 92
52 31
35 52
31 98
0 35
12 98
55 12
0 55
52 36
36 97
97 98
35 52
0 35
20 63
63 98
0 20
86 40
97 98
40 97
37 28
35 37
92 98
28 92
0 35
50 63
63 98
0 50
0 19
19 98
95 92
92 98
0 95
0 13
13 98
80 12
12 98
0 80
60 98
86 60
60 98
83 86
86 60
0 83
42 86
20 42
60 98
86 60
0 20
83 93
93 63
0 83
63 98
0 4
4 98
83 93
93 63
63 32
32 92
92 98
0 83
20 39
39 12
12 98
0 20
83 17
17 98
0 83
60 98
0 68
68 60
54 17
17 98
0 54
68 76
24 17
76 24
0 68
17 98
72 12
12 98
0 72
91 17
17 98
0 91
70 52
52 39
39 12
12 98
0 70
75 17
17 98
0 75
60 98
9 60
0 9
0 18
36 97
18 36
97 98
86 17
56 86
17 98
0 56
70 38
38 92
92 98
0 70
44 17
70 52
52 44
17 98
0 70
60 98
68 48
48 60
0 68
61 12
12 98
0 61
70 64
71 98
64 71
0 70
36 65
0 18
71 98
65 71
18 36
18 1
45 60
60 98
0 18
1 45
72 53
53 71
71 98
0 72
1 4
18 1
94 64
0 18
4 94
71 98
64 71
27 12
12 98
0 27
7 81
0 18
18 7
81 98
18 1
66 60
60 98
0 18
1 66
70 90
90 71
71 98
0 70
33 7
7 81
0 18
18 33
81 98
4 25
1 4
18 1
66 60
60 98
25 72
0 18
72 66
86 17
11 86
18 11
0 18
17 98
0 57
57 98
6 59
0 6
46 72
66 60
18 46
60 98
0 18
72 66
18 82
0 18
82 98
67 60
86 17
11 86
17 75
75 67
18 11
60 98
0 18
14 48
48 81
0 14
81 98
57 3
3 98
0 57
18 1
0 18
47 98
1 47
23 12
57 23
12 98
0 57
78 66
66 60
60 98
0 18
18 78
0 29
29 98
79 12
18 79
0 18
12 98
69 9
66 60
60 98
0 69
9 66
63 47
84 63
61 85
29 61
85 84
0 29
47 98
46 74
74 71
18 46
0 18
71 98
96 60
61 83
29 61
83 96
0 29
60 98
46 74
41 72
72 46
74 71
29 41
0 29
71 98
62 74
74 71
29 61
61 62
0 29
71 98
77 22
29 77
0 29
22 98
91 84
0 49
63 47
84 63
47 98
49 91
74 71
88 74
0 88
71 98
0 49
24 73
73 47
49 24
47 98
47 87
87 2
0 49
24 73
73 47
49 24
2 98
96 60
26 96
60 98
0 26
10 98
61 85
85 10
29 61
0 29
0 8
8 84
10 98
85 10
84 85
21 98
0 21
