85
86
87
88
89
90
81
82
83
84
85
71
72
73
74
75
35
50
11
20
10
34
43
8
32
67
47
38
58
22
56
65
6
16
66
1
14
46
19
31
37
42
26
69
17
45
15
7
18
30
41
36
70
55
29
2
57
60
49
12
59
51
53
9
62
33
48
4
39
54
27
24
68
63
44
64
40
28
21
25
52
13
61
23
5
3
171
0 99
0 3
3 99
0 5
5 99
23 99
0 23
0 61
61 99
0 13
13 99
0 52
52 99
0 25
25 99
21 99
0 21
0 28
28 99
0 40
40 99
0 64
64 99
0 44
44 99
0 63
63 99
0 68
68 99
24 99
0 24
27 99
0 27
0 54
54 99
39 99
0 39
0 4
4 99
48 99
0 48
0 33
33 99
62 99
0 62
0 9
9 99
53 99
0 53
51 99
0 51
0 59
59 99
12 99
0 12
49 99
0 49
60 99
0 60
0 57
57 99
0 2
2 99
0 29
29 99
55 99
0 55
70 99
0 70
0 36
36 99
0 41
41 99
30 99
0 30
0 18
18 99
7 99
0 7
15 99
0 15
0 45
45 99
0 17
17 99
0 69
69 99
26 99
0 26
42 99
0 42
37 99
0 37
31 99
0 31
0 19
19 99
46 99
0 46
0 14
14 99
0 1
1 99
66 99
0 66
0 16
16 99
6 99
0 6
0 65
65 99
0 56
56 99
22 99
0 22
58 99
0 58
0 38
38 99
0 47
47 99
67 99
0 67
0 32
32 99
8 99
0 8
0 43
43 99
0 34
34 99
0 10
10 99
20 99
0 20
0 11
11 99
50 99
0 50
35 99
0 35
0 75
75 99
0 74
74 99
0 73
73 99
0 72
72 99
0 71
71 99
0 85
85 99
0 84
84 99
0 83
83 99
0 82
82 99
0 81
81 99
0 90
90 99
0 89
89 99
0 88
88 99
0 87
87 99
0 86
86 99
