75
33
7
21
22
45
47
19
37
8
32
44
34
24
10
29
26
46
43
9
12
9
18
12
9
12
9
46
25
26
46
25
9
26
46
9
46
29
46
12
46
25
12
46
12
46
24
12
25
12
32
26
43
44
26
32
8
34
19
26
47
8
34
47
34
6
47
8
34
8
47
34
47
34
7
47
175
8 14
6 13
6 12
9 15
14 20
13 12
4 11
42 49
17 16
17 16
42 49
17 16
2 9
42 49
9 16
2 9
12 18
42 49
9 16
18 25
13 12
2 9
36 43
43 50
12 18
9 16
18 25
13 12
2 9
39 46
12 18
46 53
9 16
18 25
26 25
20 26
2 9
39 46
25 31
46 53
9 16
26 25
20 26
2 9
39 46
25 31
46 53
9 16
14 20
26 25
20 26
2 9
39 46
25 31
46 53
23 29
29 35
2 9
40 46
46 53
9 16
10 16
3 10
23 29
29 35
40 46
46 53
39 46
12 18
25 31
46 53
18 25
6 12
24 31
18 24
39 46
12 18
46 53
6 12
12 13
34 40
27 34
40 46
46 53
6 12
24 31
38 44
18 24
44 51
12 18
6 12
25 32
39 46
12 18
32 39
46 53
18 25
14 20
26 32
1 8
8 15
20 26
39 46
32 39
46 53
43 44
24 30
6 12
37 43
18 24
44 51
30 37
12 18
6 12
26 32
12 19
39 46
19 26
32 39
46 53
14 20
40 47
1 8
34 40
47 53
8 15
27 34
45 52
6 12
26 32
12 19
39 45
19 26
32 39
22 28
40 47
1 8
15 22
34 40
47 53
8 15
28 34
40 47
34 40
47 53
27 34
0 6
15 21
40 47
1 8
21 27
34 40
47 53
8 15
27 34
14 20
40 47
1 8
34 40
47 53
27 34
14 20
0 7
40 47
34 40
47 53
27 34
7 14
27 33
14 20
0 7
40 47
47 53
7 14
33 40
