116
54
61
71
18
15
73
28
79
40
52
3
42
76
70
48
23
19
56
84
53
36
53
12
36
87
21
62
6
56
62
6
19
74
20
70
53
42
12
3
8
87
70
4
10
84
11
6
76
48
20
37
56
6
62
48
37
87
8
51
40
6
20
74
53
36
42
28
20
25
74
7
50
78
73
28
20
19
20
19
12
87
8
71
12
78
71
8
56
6
62
78
54
56
62
76
20
49
71
52
34
4
51
40
6
48
51
50
78
81
76
18
20
54
11
8
53
214
0 53
64 44
11 54
76 16
50 81
1 48
13 88
4 34
81 30
78 62
8 2
50 7
36 55
51 67
87 37
72 67
84 11
41 1
12 32
56 77
27 22
12 60
0 64
75 45
75 45
75 45
36 53
53 86
75 45
12 36
36 53
8 87
53 86
75 45
12 36
87 12
84 69
21 84
0 64
63 21
75 45
56 65
6 62
62 56
75 45
0 6
6 62
62 56
75 45
0 6
20 19
19 16
75 45
39 23
23 10
20 19
19 16
75 45
48 72
74 48
20 74
75 45
17 70
0 64
70 83
20 76
76 49
41 20
81 14
75 45
17 70
42 68
70 83
41 42
42 53
3 5
53 86
75 45
41 42
86 3
3 5
82 3
8 87
0 8
75 45
87 12
38 70
70 83
52 4
31 52
4 10
0 64
75 45
10 75
41 1
27 22
69 84
11 2
40 75
6 40
75 45
0 6
20 76
37 48
48 72
41 20
76 37
56 79
6 62
62 56
0 6
79 55
72 67
37 48
48 72
8 87
0 8
40 51
6 40
0 6
74 28
41 20
20 74
28 57
42 53
53 36
41 42
74 28
29 88
28 25
25 73
41 20
20 74
73 29
29 88
7 28
78 50
28 25
25 73
0 64
73 29
15 80
41 20
20 19
19 15
18 80
33 18
19 33
41 20
20 19
12 60
60 71
8 87
71 66
0 8
87 12
61 12
31 78
12 60
60 71
78 61
0 64
71 66
67 71
71 66
0 8
56 77
54 30
77 54
6 62
62 56
0 6
31 78
56 77
54 30
77 54
0 64
62 56
20 76
76 49
41 20
49 81
34 71
52 4
31 52
0 64
71 66
40 51
51 13
6 40
0 6
41 1
72 67
67 51
13 88
48 72
51 13
81 30
31 78
78 50
0 64
20 76
16 18
18 33
13 88
41 20
8 2
54 30
2 11
0 8
13 88
0 64
13 88
53 86
