224
21
87
80
74
45
52
62
63
40
76
83
17
94
18
23
86
26
55
97
4
92
22
36
7
34
2
60
31
35
20
84
85
42
78
67
51
91
82
12
70
3
49
88
72
81
50
54
43
56
8
66
64
58
19
27
73
11
38
46
9
59
37
47
28
57
98
25
93
32
53
95
48
33
29
68
24
44
79
41
16
14
13
1
65
61
71
30
90
5
96
39
6
69
15
6
15
15
61
33
5
71
48
30
30
65
30
25
33
29
61
5
57
96
79
57
37
57
30
98
65
30
30
65
79
65
38
19
48
38
71
19
38
57
65
64
38
81
54
41
72
14
3
72
3
72
72
19
54
49
64
93
49
91
12
72
51
56
98
51
98
51
30
98
49
20
30
35
51
54
72
60
78
85
35
71
35
1
72
36
66
71
2
22
15
72
22
36
66
69
72
2
22
72
22
81
20
97
22
2
22
72
60
22
39
85
18
23
20
22
97
83
72
72
92
76
10
66
76
10
76
76
56
98
76
371
0 99
15 69
89 15
15 75
10 15
15 99
69 99
10 69
6 75
0 6
6 15
0 6
39 69
69 99
0 39
15 75
96 69
0 96
69 99
89 15
69 99
15 69
89 15
0 5
5 89
69 99
90 69
0 90
69 99
0 30
30 99
0 30
71 99
30 71
61 99
0 61
65 99
0 65
1 61
0 1
61 99
13 39
39 71
71 99
0 13
0 14
14 99
5 16
0 5
16 99
14 41
0 14
41 99
79 65
14 79
65 99
0 14
44 71
30 44
0 30
71 99
24 14
16 24
79 65
14 79
5 16
0 5
65 99
96 79
79 65
30 68
68 96
0 30
65 99
29 15
75 65
30 29
15 75
0 30
65 99
75 65
33 75
0 33
65 99
48 71
71 99
0 48
95 65
65 99
0 95
33 53
53 61
0 33
61 99
5 32
0 5
32 99
93 48
48 71
71 99
0 93
30 25
0 30
25 99
30 98
75 65
98 75
0 30
65 99
0 30
30 57
57 99
41 25
33 28
28 41
0 33
25 99
98 29
29 47
30 98
47 61
0 30
61 99
37 57
5 37
0 5
57 99
59 96
96 79
79 65
0 59
65 99
37 57
9 5
30 9
5 37
0 30
57 99
46 57
0 46
57 99
30 98
98 38
0 30
38 99
11 65
30 11
0 30
65 99
98 73
30 98
73 65
0 30
65 99
79 65
27 79
0 27
65 99
0 19
19 99
19 77
77 58
58 38
0 19
38 99
93 48
64 93
48 38
0 64
38 99
19 66
66 71
0 19
71 99
8 75
75 38
0 8
38 99
56 57
0 56
57 99
43 65
0 43
65 99
0 54
54 99
64 50
0 64
50 99
81 38
0 81
38 99
0 72
72 99
88 54
81 88
0 81
54 99
0 49
49 99
14 41
41 3
0 72
72 14
3 99
70 3
0 72
72 70
3 99
12 3
0 72
72 12
3 99
0 72
72 82
82 99
19 77
77 91
91 99
0 19
54 51
49 54
0 49
51 99
93 67
64 93
0 64
67 99
0 49
49 78
78 99
42 91
12 42
0 72
72 12
91 99
98 51
56 98
85 56
0 85
51 99
84 98
98 51
0 84
51 99
20 30
98 51
30 98
0 20
51 99
0 49
35 99
49 35
20 30
30 31
31 35
0 20
35 99
60 54
54 51
0 60
51 99
72 2
0 72
2 99
34 78
60 34
0 60
78 99
85 7
7 35
0 85
35 99
36 71
71 35
0 36
35 99
22 99
72 1
0 72
1 22
66 92
36 71
71 66
0 36
92 99
15 22
2 4
4 15
72 2
22 99
0 72
66 69
69 97
36 71
71 66
22 99
97 22
0 36
55 99
0 72
72 55
26 22
72 2
22 99
2 26
0 72
81 86
22 99
86 22
0 81
20 23
23 97
22 99
97 22
0 20
18 99
0 18
2 94
72 2
94 22
22 99
0 72
39 22
17 39
60 17
22 99
0 60
85 83
83 99
0 85
18 76
76 99
0 18
20 23
23 40
40 22
22 99
0 20
72 63
97 83
63 97
0 72
83 99
72 62
62 99
0 72
52 71
66 92
10 76
71 66
92 10
0 52
76 99
10 76
45 10
76 99
0 45
74 76
76 99
0 74
80 56
98 76
0 80
56 98
76 99
0 87
87 99
0 21
21 76
76 99
