350
2
9
16
23
30
37
44
51
58
65
72
79
4
86
11
18
25
32
39
46
53
60
67
74
81
88
3
10
1
17
8
24
15
22
31
29
5
12
19
26
33
40
47
54
61
68
75
82
89
6
13
20
27
34
41
48
55
62
69
76
83
90
36
38
43
45
52
59
66
73
80
87
85
52
78
52
71
52
64
52
57
52
52
45
91
43
45
84
43
45
77
43
45
70
43
45
63
43
45
56
43
45
49
43
45
42
43
45
35
43
45
28
43
45
21
43
45
14
43
45
7
43
45
7
43
38
7
36
38
36
38
36
38
36
38
36
38
36
38
36
38
7
36
7
36
7
36
7
36
7
36
7
36
38
6
7
36
38
6
7
36
38
6
7
36
38
6
7
36
38
6
7
36
38
6
7
36
38
6
7
36
38
6
7
36
38
6
7
36
38
6
7
36
38
6
7
36
38
6
7
36
38
6
7
36
38
5
6
7
38
29
5
6
7
31
5
6
7
31
5
6
7
15
5
6
7
24
5
6
7
8
5
6
7
17
5
6
7
1
5
6
7
1
5
6
7
3
1
5
6
3
1
5
6
3
1
5
6
3
1
5
6
3
1
5
6
3
1
5
6
3
5
1
6
3
5
1
6
3
5
1
6
3
5
1
6
3
5
1
6
3
5
1
6
11
3
5
1
86
3
5
1
4
3
5
1
3
4
5
1
3
4
5
1
3
4
1
5
3
4
1
5
3
4
1
5
3
4
1
5
3
4
1
5
3
4
1
5
3
4
1
5
3
4
1
5
3
4
1
5
621
97 7
97 14
97 21
97 28
97 35
97 42
97 49
97 56
97 63
97 70
97 77
97 84
97 91
0 50
0 57
0 64
0 71
0 78
0 85
92 93
87 95
93 87
92 93
80 95
93 80
92 93
73 95
93 73
92 93
66 95
93 66
92 93
59 95
93 59
92 93
52 95
93 52
85 93
52 95
93 52
78 93
52 95
93 52
71 93
52 95
93 52
64 93
52 95
93 52
57 93
52 95
93 52
52 95
93 52
0 50
45 95
93 45
0 43
43 93
45 95
93 45
91 99
0 43
43 93
45 95
93 45
84 99
0 43
43 93
45 95
93 45
77 99
0 43
43 93
45 95
93 45
70 99
0 43
43 93
45 95
93 45
63 99
0 43
43 93
45 95
93 45
56 99
0 43
43 93
45 95
93 45
49 99
0 43
43 93
45 95
93 45
42 99
0 43
43 93
45 95
93 45
35 99
0 43
43 93
45 95
93 45
28 99
0 43
43 93
45 95
93 45
21 99
0 43
43 93
45 95
93 45
14 99
0 43
43 93
45 95
93 45
7 99
0 43
43 93
45 95
93 45
97 7
7 99
0 43
43 93
38 95
93 38
97 7
7 99
0 36
36 93
38 95
93 38
90 7
96 90
7 99
0 36
36 93
38 95
93 38
83 7
96 83
7 99
0 36
36 93
38 95
93 38
76 7
96 76
7 99
0 36
36 93
38 95
93 38
69 7
96 69
7 99
0 36
36 93
38 95
93 38
62 7
96 62
7 99
0 36
36 93
38 95
93 38
55 7
96 55
7 99
0 36
36 93
38 95
93 38
48 7
96 48
7 99
0 36
36 93
38 95
93 38
41 7
96 41
7 99
0 36
36 93
38 95
93 38
34 7
96 34
7 99
0 36
36 93
38 95
93 38
27 7
96 27
7 99
0 36
36 93
38 95
93 38
20 7
96 20
7 99
0 36
36 93
38 95
93 38
13 7
96 13
7 99
0 36
36 93
38 95
93 38
6 7
96 6
7 99
0 36
36 93
38 95
93 38
6 7
89 6
7 99
0 36
95 89
36 93
38 95
93 38
6 7
82 6
7 99
0 36
95 82
36 93
38 95
93 38
6 7
75 6
7 99
0 36
95 75
36 93
38 95
93 38
6 7
68 6
7 99
0 36
95 68
36 93
38 95
93 38
6 7
61 6
7 99
0 36
95 61
36 93
38 95
93 38
6 7
54 6
7 99
0 36
95 54
36 93
38 95
93 38
6 7
47 6
7 99
0 36
95 47
36 93
38 95
93 38
6 7
40 6
7 99
0 36
95 40
36 93
38 95
93 38
6 7
33 6
7 99
0 36
95 33
36 93
38 95
93 38
6 7
26 6
7 99
0 36
95 26
36 93
38 95
93 38
6 7
19 6
7 99
0 36
95 19
36 93
38 95
93 38
6 7
12 6
7 99
0 36
95 12
36 93
38 95
93 38
6 7
5 6
7 99
0 36
95 5
36 93
38 95
93 38
6 7
5 6
7 99
0 29
95 5
29 93
38 95
93 38
6 7
5 6
7 99
0 29
95 5
29 93
31 95
93 31
6 7
5 6
7 99
0 22
95 5
22 93
31 95
93 31
6 7
5 6
7 99
0 15
95 5
15 93
31 95
93 31
6 7
5 6
7 99
0 15
95 5
15 93
24 95
93 24
6 7
5 6
7 99
0 8
95 5
8 93
24 95
93 24
6 7
5 6
7 99
0 8
95 5
8 93
17 95
93 17
6 7
5 6
7 99
0 1
95 5
1 93
17 95
93 17
6 7
5 6
7 99
0 1
95 5
1 93
10 95
93 10
6 7
5 6
7 99
0 1
95 5
1 93
3 95
93 3
6 7
5 6
7 99
0 1
88 5
1 93
3 88
93 3
6 7
5 6
7 99
0 1
81 5
1 93
3 81
93 3
6 7
5 6
7 99
0 1
74 5
1 93
3 74
93 3
6 7
5 6
7 99
0 1
67 5
1 93
3 67
93 3
6 7
5 6
7 99
0 1
60 5
1 93
3 60
93 3
6 7
5 6
7 99
0 1
53 5
1 93
3 53
93 3
6 7
5 6
7 99
0 1
46 5
1 93
3 46
93 3
6 7
5 6
7 99
0 1
39 5
1 93
3 39
93 3
6 7
5 6
7 99
0 1
32 5
1 93
3 32
93 3
6 7
5 6
7 99
0 1
25 5
1 93
3 25
93 3
6 7
5 6
7 99
0 1
18 5
1 93
3 18
93 3
6 7
5 6
7 99
0 1
11 5
1 93
3 11
93 3
6 7
5 6
7 99
0 1
11 5
1 86
3 11
86 3
6 7
5 6
7 99
0 1
4 5
1 86
3 4
86 3
6 7
5 6
7 99
0 1
4 5
1 79
3 4
79 3
6 7
5 6
7 99
0 1
4 5
1 72
3 4
72 3
6 7
5 6
7 99
0 1
4 5
1 65
3 4
65 3
6 7
5 6
7 99
0 1
4 5
1 58
3 4
58 3
6 7
5 6
7 99
0 1
4 5
1 51
3 4
51 3
6 7
5 6
7 99
0 1
4 5
1 44
3 4
44 3
6 7
5 6
7 99
0 1
4 5
1 37
3 4
37 3
6 7
5 6
7 99
0 1
4 5
1 30
3 4
30 3
6 7
5 6
7 99
0 1
4 5
1 23
3 4
23 3
6 7
5 6
7 99
0 1
4 5
1 16
3 4
16 3
6 7
5 6
7 99
0 1
4 5
1 9
3 4
9 3
6 7
5 6
7 99
0 1
4 5
1 2
3 4
2 3
