221
14
81
29
15
36
88
57
46
80
45
40
94
96
41
75
5
6
53
20
78
2
60
8
39
19
95
47
59
50
10
64
48
67
16
97
11
83
32
1
56
55
17
86
82
91
70
62
9
92
65
79
21
89
44
33
25
74
37
22
12
72
4
24
71
42
23
13
87
77
51
93
68
85
63
49
52
7
73
61
27
69
54
90
30
35
38
58
84
66
3
34
28
43
26
98
31
18
61
3
61
61
61
52
23
87
73
71
23
24
38
72
66
4
24
13
37
52
25
38
42
13
37
93
25
12
13
93
79
13
21
3
13
79
13
79
93
86
93
82
28
70
13
82
13
38
17
86
21
13
70
7
23
71
11
13
52
86
93
13
11
21
13
11
11
64
21
13
48
11
56
82
67
83
55
70
13
50
22
72
83
32
83
59
19
48
11
48
11
83
70
60
20
53
70
60
10
41
10
83
5
32
20
83
5
5
60
11
48
80
57
89
27
53
36
11
27
68
36
53
36
27
341
0 99
0 18
18 99
31 99
0 31
0 98
98 99
26 99
0 26
43 99
0 43
28 99
0 28
34 28
28 99
0 34
3 99
0 3
0 66
66 99
66 84
84 99
0 66
84 58
66 84
58 99
0 66
38 99
0 38
34 35
35 99
0 34
30 99
0 30
38 99
90 38
0 90
54 99
0 54
69 99
0 69
27 99
0 27
61 99
0 61
73 99
0 73
7 73
73 99
0 7
52 99
0 52
49 99
0 49
63 18
18 52
52 99
0 63
85 73
73 99
0 85
68 7
7 73
73 99
0 68
93 52
52 99
0 93
51 61
61 99
0 51
3 61
77 3
0 77
61 99
87 61
61 99
0 87
0 13
61 99
13 61
23 52
52 99
0 23
0 42
42 99
23 71
71 87
87 61
0 23
61 99
24 73
0 24
73 99
23 71
71 4
4 52
52 99
0 23
0 24
24 72
72 99
12 38
38 99
0 12
22 72
66 22
42 66
72 99
0 42
37 99
0 37
74 4
24 74
4 52
0 24
52 99
13 25
25 37
0 13
37 99
33 52
52 99
0 33
44 38
13 25
0 13
25 44
38 99
42 89
0 42
89 99
21 37
13 21
0 13
37 99
93 79
25 93
13 25
0 13
79 99
12 65
65 99
0 12
0 92
92 99
0 13
13 9
9 99
93 79
62 93
13 62
0 13
79 99
70 99
0 70
3 91
21 3
13 21
0 13
91 99
13 82
82 79
0 13
79 99
93 79
86 93
0 86
79 99
93 17
86 93
0 86
17 99
28 55
82 28
13 82
55 70
0 13
70 99
56 38
82 56
13 82
0 13
38 99
1 17
86 1
0 86
17 99
21 32
13 21
0 13
32 99
7 70
0 83
70 99
83 7
23 71
11 99
71 11
0 23
97 52
11 99
13 97
52 11
0 13
93 16
86 93
0 86
16 99
13 67
0 13
67 99
48 11
11 99
21 48
13 21
0 13
11 99
64 11
0 64
11 99
10 64
64 11
0 10
21 50
13 21
0 13
50 99
59 48
82 56
48 11
13 82
11 99
56 59
0 13
47 99
0 47
95 67
0 83
83 95
67 99
13 19
19 55
55 70
0 13
70 99
22 72
72 50
26 22
39 26
0 83
83 39
50 99
8 32
0 83
83 8
32 99
0 60
60 99
59 48
19 2
13 19
2 59
48 11
11 99
0 13
48 11
83 78
0 83
11 99
78 48
20 70
0 20
70 99
60 53
53 99
0 60
6 53
70 6
20 70
53 99
0 20
60 5
5 99
0 60
75 99
0 75
10 41
41 99
0 10
83 96
10 41
96 10
0 83
41 99
32 5
20 94
94 32
5 99
0 20
0 83
83 40
40 99
45 5
0 45
5 99
0 80
60 5
80 60
5 99
46 48
48 11
11 99
0 46
0 80
57 99
80 57
89 57
88 89
0 88
57 99
36 27
0 36
27 53
53 99
15 11
36 27
27 68
0 36
68 15
11 99
0 36
29 53
36 29
53 99
0 81
81 99
36 27
27 14
14 99
0 36
