191
58
41
31
70
3
27
64
45
73
19
85
87
12
8
97
94
96
90
2
39
39
95
2
39
2
90
2
79
76
47
2
79
76
47
7
81
47
79
46
76
39
46
44
97
10
20
34
13
10
94
39
52
34
10
96
35
52
34
79
76
7
12
25
79
76
7
79
8
97
25
7
79
90
47
9
76
79
47
76
7
12
54
79
90
9
87
81
47
46
87
96
19
90
9
73
90
9
87
39
19
34
52
13
82
19
91
45
85
82
44
97
59
60
19
29
25
40
97
59
19
29
9
85
81
47
46
85
64
76
47
48
64
35
19
64
25
2
40
48
13
52
10
64
25
2
40
64
67
13
27
86
87
64
39
5
10
85
64
44
2
10
64
85
8
44
91
19
67
64
86
64
64
39
64
40
7
45
39
23
19
57
25
40
52
70
7
36
95
75
41
41
328
0 98
75 95
25 52
19 57
45 23
40 80
39 74
38 67
91 69
8 83
18 42
44 51
5 87
13 67
15 10
15 11
1 35
85 76
97 59
40 25
60 59
68 45
17 34
84 39
63 71
17 96
54 49
9 78
79 92
4 25
16 35
32 10
20 10
56 63
47 81
21 61
15 2
79 76
55 95
24 65
14 53
14 53
92 39
39 5
14 53
2 51
62 2
92 39
39 5
14 53
95 62
2 51
62 2
92 39
39 5
14 53
2 51
65 90
24 65
90 2
14 53
2 51
65 90
7 79
76 47
90 2
14 53
96 71
24 96
14 53
2 51
14 53
79 76
47 11
0 7
7 79
76 47
14 53
79 76
81 46
0 7
46 44
7 79
76 47
14 53
39 94
92 39
94 77
14 53
46 44
38 97
44 68
97 46
14 53
8 77
38 97
97 8
14 53
14 53
56 63
10 34
22 20
34 13
13 52
39 94
52 78
10 34
94 28
34 13
13 52
92 39
32 10
24 96
96 16
52 78
10 34
34 13
13 52
35 32
79 76
12 17
0 7
7 79
76 12
14 53
12 51
79 76
0 7
7 79
25 14
76 12
14 53
4 25
92 97
8 77
0 7
97 8
7 79
25 14
14 53
79 76
47 11
90 29
65 90
0 7
7 79
76 47
29 9
79 76
33 87
47 11
87 69
0 7
7 79
76 47
9 78
79 76
12 54
71 90
90 29
0 7
7 79
76 12
29 9
81 47
84 85
33 87
47 11
87 69
85 46
46 81
19 1
84 19
14 53
33 87
87 69
73 72
38 73
9 78
96 71
71 90
90 29
19 1
84 19
29 9
9 78
73 56
56 63
71 90
38 73
90 29
29 9
33 87
87 69
39 5
19 1
52 78
84 19
34 13
13 52
45 82
19 91
84 19
82 83
91 45
45 82
84 85
85 44
82 83
44 68
9 78
97 60
19 97
84 19
59 29
29 9
0 40
25 14
14 53
9 78
19 97
84 19
59 29
29 9
81 47
84 85
47 11
85 46
46 81
48 64
64 99
84 85
47 11
48 64
11 48
64 99
76 47
19 1
84 19
32 64
64 99
35 32
25 4
40 25
2 15
51 2
48 64
11 48
64 99
0 40
18 27
52 78
27 13
13 52
10 32
25 4
40 25
2 15
51 2
32 64
64 99
0 40
67 86
18 27
27 13
86 64
64 99
84 39
87 33
64 99
33 64
39 5
15 10
10 32
2 15
84 85
85 44
51 2
32 64
64 99
15 10
10 32
32 64
64 99
44 8
84 85
85 44
19 91
84 19
67 86
86 64
64 99
3 32
32 64
64 99
18 3
84 39
32 64
64 99
64 99
0 40
33 64
70 53
7 70
0 7
39 74
84 39
74 45
23 78
84 19
57 78
40 25
52 78
0 40
31 36
70 31
7 70
0 7
36 99
41 99
18 41
18 58
58 99
95 41
18 75
41 99
41 99
14 41
