90
48
46
24
6
47
34
27
7
22
9
33
25
44
8
3
44
8
3
5
12
33
25
22
32
35
36
25
15
17
8
3
21
7
25
35
22
5
47
34
44
47
35
34
8
6
34
3
21
15
27
10
2
10
8
34
44
27
9
2
27
3
9
10
2
30
9
41
15
27
21
34
44
15
47
9
32
9
35
44
34
48
44
34
19
38
2
30
2
6
19
177
30 2
37 38
0 19
32 38
9 33
37 14
15 21
30 26
27 3
0 9
13 18
39 15
16 3
18 8
35 33
22 1
43 8
22 32
43 29
2 50
14 23
23 44
4 42
40 13
40 13
17 33
40 13
33 25
25 11
17 9
9 41
40 13
44 8
8 3
3 21
40 13
23 44
44 8
8 3
3 21
40 13
31 22
22 5
5 12
40 13
12 32
17 33
40 13
33 25
25 11
40 13
31 22
40 13
35 28
2 50
16 36
36 7
40 13
7 25
25 11
15 27
2 50
17 15
27 10
40 13
20 17
8 3
3 21
21 50
40 13
25 34
16 36
36 7
40 13
34 50
7 25
47 35
39 47
40 13
35 28
5 22
47 5
14 23
23 44
44 34
39 47
40 13
34 50
23 44
44 34
49 6
40 13
34 50
6 19
47 35
25 34
39 47
40 13
34 50
33 25
6 4
44 34
4 42
8 44
49 6
40 13
34 50
3 21
21 50
40 13
15 27
2 50
27 10
40 13
10 2
2 50
24 10
40 13
49 24
18 8
44 34
8 44
40 13
34 50
41 27
10 2
2 50
9 41
27 10
0 9
41 27
9 41
3 21
21 50
10 2
2 50
0 46
46 10
0 9
9 41
41 30
0 9
41 27
27 15
9 41
21 50
14 23
23 44
44 34
34 50
33 35
39 15
15 21
0 9
35 47
47 39
21 50
9 33
33 35
0 9
35 32
2 50
38 2
40 48
48 44
44 34
34 50
19 48
48 44
44 34
34 50
2 50
38 2
0 19
6 30
2 50
19 6
