207
12
73
34
86
60
75
22
72
29
59
13
76
66
62
21
71
56
4
82
81
7
37
89
47
80
51
65
25
52
5
33
28
43
69
6
61
64
44
32
17
14
32
44
32
44
64
84
61
64
63
84
14
92
61
44
63
84
92
16
61
63
84
92
16
61
63
84
95
38
50
43
28
68
38
95
43
28
38
52
42
78
78
23
79
78
5
43
50
5
78
78
28
38
28
27
5
78
5
78
65
78
11
30
78
42
38
61
84
51
95
68
28
27
80
38
78
84
61
78
79
23
80
78
23
65
11
30
45
78
11
23
30
17
65
11
30
56
82
47
56
49
11
56
71
56
17
4
81
4
68
81
37
61
4
56
56
25
11
30
21
56
11
63
71
79
68
81
37
84
61
76
11
56
25
81
79
71
45
21
11
56
5
63
11
76
11
76
13
81
45
61
11
45
81
76
11
16
61
76
11
11
78
17
73
11
17
73
351
17 99
11 78
63 96
79 45
11 55
84 20
11 63
31 99
25 74
61 68
20 81
82 47
97 79
95 68
0 11
96 5
27 1
97 87
24 50
41 24
23 78
26 42
54 95
40 50
67 16
16 18
36 92
20 48
32 20
57 14
70 91
0 94
32 17
96 32
0 94
17 77
44 18
26 44
0 94
0 94
0 94
14 77
44 18
96 32
26 44
0 94
48 26
32 20
44 18
96 32
26 44
0 94
64 19
74 64
0 61
61 84
64 19
74 64
84 63
6 3
19 6
0 61
61 84
64 19
74 64
84 63
57 14
77 69
69 18
0 94
14 77
20 48
48 26
92 20
63 36
0 61
61 84
44 18
26 44
84 63
36 92
20 48
48 26
92 20
63 36
0 61
61 84
85 16
84 63
16 18
36 92
92 20
63 36
0 61
61 84
84 63
24 43
43 95
95 10
38 99
28 38
0 94
96 28
24 43
50 10
43 40
83 33
68 28
33 68
38 99
28 38
0 94
0 94
95 10
5 78
24 43
43 5
52 96
38 99
31 52
28 38
0 94
96 28
48 26
52 48
31 52
0 94
78 99
42 78
0 94
79 23
78 99
5 78
24 43
0 94
78 99
43 5
41 24
0 94
50 10
90 25
5 78
25 5
78 99
90 65
65 78
78 99
38 99
28 38
96 28
97 87
28 27
96 28
97 87
5 78
78 99
51 67
97 51
5 78
67 5
78 99
11 30
90 65
65 78
78 99
97 80
80 42
78 99
42 78
84 47
38 99
0 61
61 84
47 38
27 1
97 51
28 27
51 95
68 28
15 89
97 80
80 15
38 99
89 38
84 37
0 61
61 84
37 78
78 99
23 78
79 23
78 99
80 7
23 78
97 80
7 23
78 99
45 81
0 11
30 90
81 99
11 30
65 45
90 65
0 11
23 78
82 23
11 30
30 82
78 99
4 10
94 4
0 94
65 17
56 99
0 11
30 90
11 30
17 56
90 65
56 99
71 54
74 56
0 71
56 99
0 11
49 56
11 30
30 82
47 49
56 99
71 54
21 56
0 71
54 21
62 17
56 99
94 4
4 62
17 56
0 94
94 4
81 99
4 53
0 94
20 81
68 37
37 67
81 99
0 61
4 66
56 99
94 4
74 56
66 74
0 94
56 99
0 11
30 90
90 25
74 56
11 30
0 94
56 99
0 11
21 56
36 21
63 36
76 99
71 79
79 76
0 71
61 68
20 81
68 37
37 84
81 99
0 61
76 99
0 11
77 76
25 74
0 13
56 99
90 25
74 56
13 90
45 81
71 79
81 99
0 71
96 5
11 63
56 99
0 11
21 56
5 21
0 11
31 99
59 31
11 59
11 55
76 99
55 29
85 76
48 26
0 11
29 48
72 35
76 99
0 13
70 76
13 72
61 22
22 45
45 81
81 99
0 61
11 75
45 81
0 11
75 45
81 99
16 60
11 55
60 85
67 16
76 99
85 76
0 11
86 31
31 99
0 86
61 34
34 99
0 61
73 26
76 99
85 76
0 11
11 73
0 11
78 99
73 17
0 11
11 73
17 99
12 26
0 12
26 73
73 17
