75
57
43
9
14
17
54
21
22
22
11
13
32
35
32
16
19
15
54
19
15
54
19
17
15
18
54
3
12
54
10
51
15
11
3
12
13
18
16
15
11
13
33
32
34
36
37
11
10
3
12
33
12
31
3
3
10
3
12
14
33
3
12
34
50
49
50
49
37
3
50
49
50
49
57
37
164
38 37
1 5
3 5
46 49
50 59
0 1
0 2
34 35
3 2
10 11
34 33
18 16
15 13
0 3
18 19
16 15
31 32
35 32
24 25
4 6
13 11
44 46
28 27
22 23
21 20
0 38
22 21
25 22
0 38
25 22
0 38
0 38
28 27
0 38
11 6
44 46
28 27
0 38
53 13
44 46
28 27
0 38
4 6
44 46
28 27
0 38
0 38
32 46
26 35
0 38
32 46
53 54
54 44
44 46
28 27
0 38
19 16
53 54
54 44
44 46
15 10
0 38
40 19
19 17
17 15
53 54
54 44
44 46
15 10
0 38
19 17
17 15
39 18
53 54
54 44
44 46
15 10
53 54
3 12
54 44
44 46
10 51
13 11
0 3
12 10
11 6
3 12
44 46
10 15
16 15
15 13
13 11
11 6
39 18
44 46
31 32
33 36
36 31
37 34
32 46
0 37
0 3
12 10
11 6
3 12
44 46
12 14
31 32
0 3
33 36
14 33
3 12
36 31
32 46
4 6
0 3
44 46
10 9
9 5
0 3
12 10
3 12
44 46
12 14
33 34
0 3
14 33
35 32
3 12
32 46
42 43
43 44
44 46
0 38
4 6
44 46
4 6
44 46
0 1
4 6
48 49
49 50
44 46
50 59
0 1
4 6
49 50
44 46
57 59
37 57
0 37
46 49
50 59
0 3
49 50
44 46
46 49
50 59
0 1
49 50
44 46
0 38
57 59
37 57
