161
13
34
55
46
43
8
93
31
84
70
4
1
29
14
61
36
81
6
25
41
38
90
3
35
73
98
49
38
73
87
41
62
87
95
68
90
25
62
25
62
38
24
25
56
62
38
73
38
25
62
50
81
77
81
50
25
62
38
25
98
49
62
38
47
49
25
62
38
73
65
81
49
25
62
15
54
21
81
74
65
3
35
78
21
92
35
38
62
73
1
73
54
38
70
63
78
38
68
8
17
84
35
70
54
1
38
31
62
19
82
63
73
38
3
63
4
65
92
81
68
8
95
71
37
1
29
15
52
86
37
1
18
85
1
40
92
62
18
62
15
3
92
90
18
3
4
92
18
52
86
38
40
46
19
13
82
63
61
7
93
15
248
0 42
23 93
23 48
80 19
79 39
38 52
4 39
42 15
85 33
15 99
12 37
12 81
92 3
72 19
70 54
17 68
69 70
74 86
45 49
82 63
49 44
47 67
51 25
27 26
5 77
16 97
60 94
68 95
49 98
10 26
90 42
3 90
10 26
75 35
35 3
38 73
10 26
40 38
73 72
38 73
10 26
40 38
98 51
72 49
73 72
41 87
10 26
58 41
87 71
41 87
56 25
25 62
58 41
62 99
87 71
3 90
56 25
25 62
95 71
62 99
90 68
75 35
35 3
6 24
56 25
25 62
62 99
40 38
67 6
24 56
38 28
10 56
38 73
56 25
25 62
62 99
40 38
73 72
81 64
53 81
40 38
38 28
36 50
25 62
62 99
58 36
50 25
81 64
53 81
77 48
64 61
61 50
25 62
81 64
62 99
53 81
50 25
40 38
38 28
49 98
38 73
25 62
62 99
40 38
98 51
72 49
73 72
27 26
32 47
51 25
38 73
25 62
62 99
40 38
72 49
73 72
65 63
14 65
45 14
81 64
53 81
49 44
51 25
25 62
62 99
53 29
29 15
15 97
54 1
1 99
92 21
21 54
81 74
53 81
3 4
4 65
65 63
75 35
35 3
21 70
70 78
18 92
78 63
92 21
75 35
84 86
35 84
38 73
62 99
40 38
73 31
31 62
93 54
38 73
54 1
40 38
73 93
1 99
70 78
63 99
40 38
78 63
38 28
8 39
53 8
68 8
84 17
8 39
75 35
35 84
69 70
54 1
40 38
1 99
38 28
43 31
62 99
23 43
31 62
82 63
19 82
63 99
38 73
40 38
73 72
3 4
4 65
63 99
65 63
18 92
81 71
95 68
68 8
71 95
8 39
37 1
1 99
53 29
29 15
30 46
52 86
46 52
86 99
55 37
37 1
11 18
1 99
18 55
27 1
40 85
11 40
1 99
92 34
34 62
11 18
62 99
18 92
75 13
62 99
13 62
15 99
92 3
90 42
3 90
11 18
18 92
92 3
3 4
11 18
18 92
52 86
11 40
40 38
86 99
46 60
30 46
13 80
82 63
19 82
63 99
75 13
79 39
93 7
61 79
64 61
7 64
42 15
15 99
