259
68
75
11
12
56
46
92
79
91
7
63
62
10
55
1
16
31
80
52
57
73
41
93
15
83
71
4
48
51
2
39
89
26
97
82
9
74
64
5
69
94
21
36
13
49
37
30
18
60
45
32
87
84
23
95
42
20
58
14
88
17
6
98
59
38
29
24
27
33
76
78
61
72
54
77
50
40
43
47
22
96
67
44
3
25
65
86
34
70
53
8
90
19
28
66
35
85
50
61
61
76
44
27
76
44
34
38
29
27
76
38
38
22
38
27
61
27
34
38
76
38
14
6
34
38
58
84
58
84
17
8
22
78
6
14
32
18
60
98
8
78
22
18
30
32
98
37
18
29
61
84
13
21
59
18
18
45
84
84
37
98
18
30
13
37
18
30
94
21
59
18
82
94
36
85
18
30
32
18
30
84
36
18
30
84
67
84
48
61
84
4
61
48
67
60
51
93
32
97
15
36
48
21
84
22
32
4
48
67
93
51
29
57
98
21
15
48
52
16
16
48
16
29
16
98
22
63
4
83
61
10
62
16
63
29
59
16
79
63
29
16
66
4
61
74
90
46
15
79
63
29
57
98
16
46
66
75
66
46
401
0 99
85 99
0 85
35 99
0 35
0 66
66 99
28 99
0 28
0 19
19 99
90 99
0 90
8 99
0 8
0 53
53 99
0 70
70 99
70 85
85 34
0 70
34 99
53 86
0 53
86 99
53 65
65 90
0 53
90 99
25 90
90 99
0 25
3 65
65 90
0 3
90 99
44 90
0 44
90 99
0 67
67 99
67 96
0 67
96 99
67 22
0 67
22 99
3 47
47 99
0 3
67 43
0 67
43 99
3 65
65 40
40 99
0 3
50 47
47 99
0 50
77 47
50 77
47 99
0 50
54 99
0 54
0 72
72 99
0 61
61 99
61 66
66 78
0 61
78 99
76 99
0 76
50 33
61 50
0 61
33 99
61 27
27 99
0 61
44 27
24 76
61 24
76 44
27 99
0 61
29 27
27 99
0 29
44 27
38 76
76 44
27 99
0 38
44 27
38 34
34 59
59 44
27 99
0 38
98 29
29 27
61 98
27 99
0 61
47 6
76 47
38 76
0 38
6 99
22 17
38 22
0 38
17 99
38 88
88 27
27 99
0 38
61 14
14 27
27 99
0 61
58 99
0 58
38 34
34 20
20 99
0 38
76 42
38 76
42 99
0 38
14 6
6 95
61 14
95 99
0 61
38 34
34 23
23 99
0 38
84 99
58 84
0 58
87 58
84 99
58 84
0 87
32 99
0 32
45 84
84 99
0 45
17 22
8 17
60 78
32 99
22 32
78 8
0 60
14 6
32 99
18 14
6 32
0 18
18 30
30 99
0 18
98 37
8 98
60 78
78 8
37 99
0 60
18 30
32 99
22 32
49 22
30 49
0 18
98 37
29 98
18 30
30 13
13 29
37 99
0 18
36 99
61 36
0 61
21 84
84 99
0 21
21 84
59 21
94 59
13 94
18 30
30 13
84 99
0 18
69 45
45 84
84 99
18 69
0 18
5 99
0 5
84 99
64 84
0 64
98 37
74 98
18 30
30 74
37 99
0 18
13 9
9 37
18 30
30 13
37 99
0 18
21 84
59 21
82 94
94 59
84 99
18 82
0 18
94 85
97 36
82 94
85 97
36 99
18 82
0 18
26 32
18 30
32 99
30 26
0 18
89 84
30 89
18 30
84 99
0 18
39 36
18 30
30 39
36 99
0 18
2 84
84 99
0 2
51 99
0 51
48 67
67 84
84 99
0 48
61 4
4 99
48 61
0 48
71 84
84 99
0 71
83 61
61 4
4 99
0 83
15 99
48 67
67 15
0 48
51 99
93 60
60 51
0 93
41 32
32 99
93 41
0 93
97 36
36 15
15 99
73 97
48 73
0 48
57 21
21 84
84 99
0 57
52 22
32 99
22 32
0 52
67 80
80 4
48 67
4 99
0 48
51 99
93 31
31 51
0 93
57 21
16 99
21 98
98 29
29 16
0 57
1 15
15 99
48 1
0 48
52 55
16 99
55 16
0 52
16 99
10 16
48 10
0 48
16 99
62 16
0 62
16 99
21 98
98 29
29 16
22 21
0 63
63 22
7 83
83 61
61 4
0 63
4 99
63 7
62 91
91 10
16 99
10 16
0 62
16 99
21 98
98 29
59 21
29 16
0 63
63 79
79 59
37 98
92 37
59 92
16 99
98 29
29 16
0 63
63 79
79 59
46 66
61 4
66 61
4 99
0 46
56 90
27 1
46 66
74 27
1 15
66 56
90 74
15 99
0 46
79 12
0 63
63 79
12 99
57 21
16 99
21 98
98 29
29 16
11 57
0 11
46 66
75 99
66 75
0 46
46 66
75 99
0 68
68 46
66 75
