205
84
39
14
64
17
10
86
78
76
60
34
89
75
47
1
31
8
80
28
7
56
3
59
21
95
81
35
70
98
26
33
36
54
44
74
15
57
41
46
45
51
90
91
50
50
50
50
66
63
96
51
69
63
41
73
41
63
46
38
73
51
22
51
48
38
52
50
57
51
52
69
38
48
51
51
18
51
44
45
90
45
54
63
22
15
22
36
22
36
44
90
36
5
15
15
54
33
54
96
15
15
41
74
55
36
70
38
45
70
54
70
41
15
25
41
81
81
22
15
81
67
37
95
82
15
82
95
82
15
95
82
38
21
37
95
15
38
46
73
13
2
73
59
82
95
69
25
95
2
13
73
98
67
73
82
95
82
11
98
67
98
91
67
38
54
8
97
82
95
15
46
73
8
97
91
25
69
95
52
25
69
67
73
34
45
52
67
73
46
15
78
15
73
46
69
25
78
73
96
76
73
67
95
78
73
428
0 99
0 25
46 15
12 72
29 97
91 87
2 9
9 92
85 83
25 69
94 99
0 73
0 6
37 38
82 12
32 4
67 99
23 24
81 41
68 99
30 54
93 83
55 74
49 27
40 96
49 5
36 53
72 97
22 23
63 19
79 45
51 18
52 69
83 92
88 62
24 52
48 61
38 92
68 42
63 13
63 66
58 94
88 85
9 27
12 50
91 6
19 2
32 40
32 40
19 2
24 91
65 4
32 40
19 2
50 93
32 40
19 2
65 4
32 40
12 50
19 2
50 93
32 40
93 90
12 50
90 53
19 2
50 93
32 40
51 53
12 51
19 2
32 40
45 13
93 45
12 50
50 93
32 40
32 40
96 29
32 40
66 96
12 63
51 53
23 46
12 51
32 40
46 69
32 40
41 97
42 41
13 73
32 40
41 97
12 63
73 41
32 40
41 97
42 41
63 13
73 46
13 73
46 38
32 40
12 63
53 57
51 53
57 22
12 51
32 40
22 97
12 51
51 48
32 40
38 92
52 38
65 4
32 40
12 50
50 93
32 40
57 29
53 57
51 53
12 51
32 40
24 52
69 92
65 4
32 40
9 15
15 99
65 4
32 40
74 38
48 74
38 92
12 51
51 48
32 40
83 92
44 83
12 51
51 44
32 40
18 62
12 51
32 40
83 92
54 83
65 54
32 40
83 92
90 44
93 90
45 93
44 83
32 40
79 45
83 92
13 63
19 54
45 13
54 83
32 40
36 22
32 40
22 97
49 36
72 15
15 99
36 22
32 40
49 36
22 23
36 22
32 40
49 36
83 92
90 44
44 83
53 90
32 40
49 36
5 4
9 15
15 99
32 40
9 15
15 99
33 9
40 33
32 40
26 54
83 92
33 26
54 83
40 33
32 40
29 54
83 92
54 83
96 29
32 40
27 9
9 15
15 99
32 40
98 24
15 99
87 98
24 15
70 41
71 70
41 97
74 38
70 36
38 92
36 55
71 70
79 45
83 92
45 93
70 79
71 70
83 92
54 83
32 40
70 41
42 68
71 70
41 42
35 24
15 99
32 35
24 15
32 81
81 97
0 95
95 25
25 37
68 99
32 81
42 68
41 42
22 23
81 22
32 81
15 99
24 15
32 81
97 67
81 97
21 37
82 21
95 82
0 95
37 92
9 15
15 99
68 99
95 82
0 95
82 59
95 82
0 95
15 99
59 15
38 92
21 37
82 21
95 82
0 95
27 9
9 15
15 99
38 92
73 46
46 38
0 73
13 2
73 13
2 94
16 3
82 59
68 99
59 16
3 68
95 82
0 95
0 95
95 25
69 92
0 6
83 92
88 85
0 6
27 9
9 92
0 73
13 2
73 13
67 99
0 73
56 98
73 56
98 67
82 7
95 82
0 95
7 99
28 11
11 98
82 28
67 99
95 82
0 95
98 67
67 99
0 6
6 91
87 98
98 67
88 80
0 6
80 92
38 92
8 38
0 8
97 72
30 54
94 99
8 30
54 29
0 8
62 31
88 62
0 6
68 99
31 68
94 99
82 12
95 82
0 95
0 73
15 99
73 46
1 72
94 99
0 1
47 42
8 47
68 99
42 68
0 8
97 72
75 97
94 99
91 75
0 6
6 91
25 69
69 92
95 89
89 42
68 99
42 68
0 95
69 52
67 99
0 25
25 69
52 34
34 67
0 73
68 99
60 68
73 60
69 52
45 76
34 79
76 67
79 45
67 99
0 25
25 69
52 34
46 15
78 46
73 78
0 73
15 99
46 15
78 46
86 94
73 78
94 99
0 73
15 86
0 25
25 69
69 10
10 99
17 68
40 96
96 17
73 78
0 73
68 99
78 40
0 6
64 99
6 64
14 76
76 67
67 99
0 73
73 14
95 39
39 99
0 95
84 99
93 83
92 84
78 93
73 78
0 73
83 92
