218
34
15
23
90
24
25
75
62
39
86
44
81
28
19
22
14
55
38
70
76
36
37
79
29
10
96
60
67
32
61
33
47
46
98
52
58
80
51
42
66
1
54
73
88
83
3
35
84
6
20
82
4
48
17
74
87
94
49
64
72
89
71
40
92
57
78
69
45
93
18
16
53
9
2
12
7
13
77
59
31
43
21
41
8
11
68
5
27
95
97
30
65
91
56
50
26
63
59
13
53
53
77
53
59
13
26
2
57
95
9
26
2
26
2
57
53
89
9
71
89
64
26
72
89
17
64
89
18
9
72
20
89
4
89
17
35
17
2
35
17
8
35
11
35
69
83
35
17
53
66
66
35
95
73
56
35
83
66
53
20
72
6
98
20
46
6
98
66
48
98
72
32
17
35
67
98
72
32
98
95
32
29
32
60
35
32
46
60
12
60
32
72
98
67
10
98
55
14
60
60
32
60
35
32
44
81
44
81
98
14
98
19
60
98
14
24
96
23
337
0 99
63 99
0 63
26 99
0 26
50 99
0 50
56 99
0 56
91 99
0 91
65 99
0 65
30 99
0 30
97 99
0 97
95 97
97 99
0 95
27 30
30 99
0 27
0 5
5 99
63 97
68 63
0 68
97 99
0 11
11 99
8 30
68 8
30 99
0 68
41 99
0 41
21 97
0 21
97 99
21 43
43 99
0 21
31 99
0 31
59 99
0 59
77 99
0 77
13 99
0 13
0 7
7 99
12 99
0 12
2 77
0 2
77 99
59 13
2 26
26 9
9 59
0 2
13 99
27 13
53 27
0 53
13 99
16 13
2 16
0 2
13 99
59 13
2 18
18 59
0 2
13 99
93 99
0 93
0 45
45 99
53 69
0 53
69 99
78 77
53 78
0 53
77 99
53 57
0 53
57 99
92 59
59 13
0 92
13 99
2 26
26 40
0 2
40 99
53 57
95 71
57 95
0 53
71 99
9 89
2 26
26 9
89 99
0 2
2 72
72 99
0 2
26 64
2 26
64 99
0 2
53 57
57 49
49 99
0 53
9 89
94 9
89 99
0 94
87 71
0 87
71 99
74 89
0 74
89 99
26 64
17 2
2 26
0 17
64 99
48 72
0 48
72 99
17 4
4 89
0 17
89 99
82 64
0 82
64 99
9 89
20 18
18 9
0 20
89 99
6 72
0 6
72 99
84 89
20 84
0 20
89 99
35 17
17 4
4 89
0 35
89 99
35 17
17 2
2 3
0 35
3 99
0 83
83 99
35 17
8 88
17 8
0 35
88 99
35 11
11 73
0 35
73 99
0 35
35 54
54 99
69 1
83 69
0 83
1 99
35 17
0 35
17 66
66 99
53 66
42 53
0 42
66 99
35 51
51 95
95 66
0 35
66 99
35 56
56 80
80 73
0 35
73 99
83 58
0 83
58 99
20 52
52 53
53 66
0 20
66 99
98 72
0 98
72 99
6 46
0 6
46 99
98 20
20 47
0 98
47 99
33 6
6 46
0 33
46 99
61 66
98 61
0 98
66 99
98 72
72 48
0 98
48 32
32 99
67 99
0 67
35 17
60 35
0 60
17 32
32 99
72 96
98 72
96 67
0 98
67 99
10 95
95 32
98 10
0 98
32 99
29 32
32 99
0 29
0 79
79 99
37 32
29 37
32 99
0 29
35 36
60 35
0 60
36 32
32 99
76 12
60 76
12 46
0 60
46 99
60 70
0 60
70 99
72 38
98 72
38 32
0 98
32 99
55 67
0 55
67 99
10 14
98 10
0 98
14 99
55 22
0 55
22 99
60 19
0 60
19 14
14 99
28 32
0 60
60 28
32 99
60 35
0 60
35 81
81 99
0 44
44 32
32 99
0 44
44 86
86 81
81 99
0 44
44 39
39 81
81 99
98 62
0 98
62 99
0 75
75 14
14 99
98 25
25 99
0 98
60 19
24 99
0 60
19 24
98 90
90 99
0 98
0 23
23 14
14 99
96 24
15 96
24 99
0 15
0 23
23 34
34 99
