280
3
46
45
77
16
61
60
21
30
74
32
67
50
15
27
62
49
53
96
6
94
11
89
48
51
83
70
90
39
19
86
38
5
81
35
26
95
68
31
42
43
14
24
93
64
12
88
88
78
10
41
63
75
12
64
63
97
64
97
79
97
88
63
64
71
79
10
78
93
10
10
93
24
97
93
82
34
24
9
93
75
43
34
14
93
82
40
88
78
17
31
24
63
10
87
97
24
87
52
17
7
87
88
78
17
24
59
24
87
52
17
87
17
87
31
17
87
31
17
78
87
17
78
88
87
17
59
87
17
87
17
87
17
47
35
24
35
97
87
63
17
38
17
35
14
17
97
24
26
38
17
86
88
79
98
86
54
17
54
31
40
88
88
7
88
78
75
87
42
17
47
81
75
54
31
36
24
87
42
54
22
88
12
31
42
54
47
5
88
64
83
88
2
93
47
5
9
10
93
2
17
39
17
12
31
42
54
40
17
83
88
64
88
87
42
40
48
93
17
41
17
41
17
94
88
87
42
11
49
17
42
6
49
17
42
49
24
26
87
49
26
88
24
49
17
47
42
53
54
49
88
78
87
49
88
42
74
49
78
17
62
49
22
42
49
41
42
54
17
40
49
42
61
49
41
42
40
45
49
42
576
8 64
40 1
80 93
12 31
22 33
75 36
8 47
42 87
2 80
29 88
0 28
0 40
33 54
44 99
26 24
76 17
23 84
24 25
44 54
4 23
44 88
29 78
13 54
31 13
13 91
29 7
52 69
24 63
17 99
56 66
75 8
9 57
92 22
55 8
9 10
78 10
79 10
8 2
56 71
79 98
97 57
63 64
58 69
58 91
41 55
10 69
59 80
58 92
55 28
25 87
58 25
72 88
88 18
58 25
78 88
88 18
73 78
58 25
12 57
20 12
64 57
20 64
58 92
59 80
58 10
55 28
12 57
63 41
75 12
64 57
91 64
59 80
97 63
8 97
64 57
8 97
64 63
63 97
97 57
88 18
1 79
18 64
98 88
59 80
71 23
59 80
13 93
93 36
10 69
1 79
59 80
10 69
13 93
59 80
93 78
24 92
59 80
29 24
10 69
93 9
13 93
59 80
28 55
8 2
24 92
59 80
29 24
97 57
82 14
14 97
93 82
13 93
59 80
34 43
29 34
43 59
24 92
59 80
29 24
93 9
13 93
1 42
55 8
42 55
8 2
59 80
43 75
8 2
59 80
34 43
29 34
14 56
82 14
93 82
13 93
59 80
65 31
40 59
31 40
88 78
18 88
78 73
87 17
31 18
65 31
9 10
57 9
17 99
63 97
97 57
10 78
73 87
78 73
87 17
29 24
25 87
24 52
17 99
69 58
58 91
87 17
29 24
17 99
7 18
88 78
73 87
18 88
78 73
87 17
65 68
68 66
95 59
24 95
59 80
29 24
26 84
69 26
52 69
25 87
24 52
17 99
87 17
29 24
25 87
17 99
87 17
13 91
25 87
17 99
87 17
65 31
31 13
17 99
73 87
87 17
65 31
17 99
73 87
78 73
87 17
17 99
88 78
73 87
78 73
87 17
59 80
23 59
4 35
25 87
17 99
35 91
87 17
25 87
17 99
81 25
87 17
4 81
17 99
73 87
87 17
65 47
47 5
4 35
35 65
5 80
63 24
4 35
25 87
17 99
97 63
35 97
87 17
17 99
2 38
4 23
38 17
25 38
17 99
4 23
38 17
4 35
17 99
35 97
97 14
14 76
23 84
24 25
84 26
25 38
17 99
4 23
38 17
54 44
44 99
13 54
91 13
86 91
0 86
79 98
98 19
19 72
88 44
44 99
86 79
72 88
0 86
54 44
44 99
86 33
0 86
17 99
39 17
0 39
54 44
44 99
13 54
31 13
40 31
88 44
44 99
18 88
7 29
0 28
88 44
44 99
18 7
55 8
28 55
0 28
8 2
78 29
29 88
8 75
55 8
28 55
0 28
88 44
44 99
90 78
75 90
28 55
0 28
55 42
17 99
87 17
47 65
55 8
28 55
0 28
44 99
36 81
8 75
55 8
28 55
0 28
54 44
44 99
13 54
31 13
81 31
33 54
92 22
42 87
25 24
28 55
0 28
54 44
44 99
55 42
87 25
24 92
18 70
0 28
88 44
44 99
70 88
28 55
0 28
54 44
44 99
55 42
13 54
31 13
42 12
8 47
29 88
5 64
83 29
55 8
47 5
28 55
0 28
88 44
44 99
64 83
2 80
29 88
93 83
83 29
55 8
28 55
0 28
88 44
44 99
8 2
10 51
76 17
8 47
9 10
57 9
55 8
51 76
47 5
5 57
28 55
0 28
17 99
80 93
2 80
76 17
93 48
48 76
55 8
28 55
0 28
17 99
8 2
89 39
17 99
0 89
39 17
12 31
0 40
1 42
54 44
44 99
13 54
31 13
42 12
55 8
8 11
28 55
0 28
17 99
11 17
29 88
83 29
55 8
28 55
0 28
88 44
44 99
64 83
40 1
42 87
94 72
0 40
87 94
1 42
88 44
44 99
72 88
41 6
80 93
55 41
76 17
93 48
48 76
28 55
0 28
6 80
17 99
55 41
76 17
28 55
0 28
41 96
96 76
17 99
28 53
76 17
0 28
17 99
53 76
0 49
42 87
94 72
49 42
87 94
88 44
44 99
72 88
0 49
62 11
42 71
49 42
71 62
17 99
11 17
0 49
41 6
55 41
80 27
49 42
27 17
6 80
42 55
17 99
0 49
24 26
42 87
25 24
49 42
26 15
87 25
15 99
0 49
26 50
24 26
42 87
25 24
49 42
50 29
29 88
88 44
44 99
87 25
0 49
67 76
47 67
76 17
8 47
49 42
55 8
42 55
17 99
33 54
28 53
32 33
53 66
66 32
0 28
54 44
44 99
0 49
74 78
42 87
78 29
49 42
29 88
88 44
44 99
87 74
8 30
0 49
30 88
49 42
55 8
88 44
44 99
42 55
21 76
0 49
74 78
42 87
76 17
49 42
78 21
87 74
17 99
62 60
22 33
0 49
33 54
42 71
49 42
60 22
54 44
44 99
71 62
0 49
41 61
33 54
55 41
61 33
49 42
54 44
44 99
42 55
16 17
0 40
17 99
40 16
0 49
8 77
77 44
49 42
55 8
44 99
42 55
33 45
0 49
41 61
55 41
61 33
49 42
45 99
42 55
40 46
0 40
46 99
0 49
49 42
42 3
3 45
45 99
