239
9
61
39
78
49
87
36
33
59
69
93
11
32
4
71
20
90
62
24
95
91
77
15
76
60
82
43
41
10
40
44
74
64
7
22
66
50
34
14
81
13
63
98
38
53
28
81
53
28
12
2
14
26
12
13
17
2
37
86
81
53
58
28
34
13
17
89
8
47
63
28
38
96
26
34
66
8
47
89
34
66
8
47
89
37
2
89
47
96
22
37
89
37
31
89
55
37
89
26
37
47
89
81
29
53
28
81
79
53
89
28
26
12
98
79
89
47
79
89
89
58
81
86
53
81
89
58
86
89
58
12
8
47
89
58
14
89
53
79
28
38
28
30
30
43
53
30
28
43
17
30
79
89
43
44
34
17
2
76
44
34
56
79
76
60
79
89
44
81
2
28
30
12
30
28
30
30
2
28
44
34
56
2
30
2
64
62
13
95
55
47
20
95
47
12
28
44
34
56
50
40
22
50
62
13
50
62
13
28
14
20
8
28
34
50
44
62
62
2
51
53
28
93
53
28
69
93
50
34
13
62
28
62
51
49
13
62
53
20
438
18 20
73 13
53 19
40 22
95 88
55 64
56 45
2 30
21 12
42 30
28 21
60 76
34 56
44 34
8 14
58 89
47 70
98 67
52 12
79 89
48 37
72 16
31 37
96 22
47 88
85 37
84 92
84 57
94 86
18 2
25 84
19 99
0 65
98 3
52 98
38 63
63 6
28 38
0 65
16 13
58 46
13 54
19 99
0 65
53 81
81 94
28 53
0 28
19 99
94 25
53 81
81 94
28 53
58 46
0 28
19 99
94 25
19 99
0 65
14 12
97 14
12 26
26 80
19 99
2 97
14 12
97 14
12 26
17 34
18 2
16 13
34 37
13 17
19 99
2 97
37 89
53 81
86 58
81 94
28 53
58 46
0 28
19 99
50 13
17 34
34 37
72 50
13 17
19 99
37 89
66 88
8 66
47 8
19 99
0 65
65 47
22 73
38 63
63 22
0 28
19 99
28 38
3 96
26 80
19 99
7 26
96 7
0 65
57 34
66 70
8 66
47 8
89 45
34 37
19 99
0 65
65 47
37 89
92 34
66 70
8 66
47 8
89 45
34 37
19 99
0 65
65 47
37 89
18 2
89 45
19 99
2 97
37 89
19 99
0 65
65 47
85 37
3 96
89 45
22 85
19 99
0 65
37 89
89 45
55 31
19 99
0 65
1 55
37 89
85 37
89 45
19 99
37 89
64 26
3 64
26 80
19 99
0 65
47 88
89 45
19 99
0 65
65 47
37 89
74 80
53 81
81 29
28 53
0 28
19 99
29 74
53 81
89 45
81 94
27 79
28 53
0 28
19 99
26 80
19 99
12 26
79 89
89 45
27 79
52 98
19 99
84 25
79 89
89 45
25 79
19 99
0 65
65 47
94 86
53 81
86 58
89 45
81 94
28 53
0 28
19 99
44 81
58 89
94 86
2 44
18 2
86 58
89 45
81 94
19 99
58 89
52 12
40 46
12 40
89 45
46 58
19 99
58 89
47 8
89 45
19 99
14 58
0 65
65 47
10 25
79 89
89 45
53 10
28 53
25 79
0 28
19 99
38 41
0 28
41 30
30 35
28 38
43 30
42 43
30 35
82 43
43 30
28 53
53 82
0 28
30 35
60 17
52 60
43 30
17 43
30 35
76 79
79 89
89 45
52 76
19 99
2 44
34 17
43 30
17 43
18 2
30 35
1 15
15 80
19 99
0 65
44 34
76 79
56 76
79 89
2 44
18 2
89 45
19 99
76 79
79 89
52 60
89 45
19 99
44 81
81 77
2 44
18 2
19 99
77 45
0 28
19 99
6 91
91 35
0 65
30 35
42 30
12 52
28 21
0 28
30 35
18 95
95 30
30 35
18 2
30 35
24 45
28 21
21 24
0 28
19 99
34 56
44 34
2 44
18 2
19 99
30 42
2 30
18 2
62 99
72 62
1 90
90 35
0 65
13 62
95 55
18 95
62 99
64 13
47 20
20 99
0 65
65 47
88 47
47 20
18 95
20 99
21 12
52 71
12 52
28 21
71 19
0 28
19 99
13 62
56 4
34 56
44 34
4 50
50 13
2 44
18 2
62 99
13 62
21 12
22 96
28 21
50 13
12 40
96 50
62 99
0 28
13 62
50 13
32 50
62 99
28 32
0 28
8 14
11 8
21 11
28 21
14 20
20 99
0 28
65 93
93 19
19 99
0 65
69 50
13 62
44 34
34 69
50 13
2 44
18 2
62 99
59 94
2 59
51 62
94 51
18 2
62 99
53 33
28 53
33 99
0 28
93 36
36 19
65 93
19 99
0 65
28 53
0 28
19 99
69 50
13 62
93 87
45 56
56 34
34 69
87 45
50 13
65 93
62 99
0 65
13 62
28 21
62 99
0 28
65 49
49 35
0 65
78 51
51 62
62 99
65 78
0 65
65 39
0 65
39 99
61 13
13 62
65 49
35 61
49 35
62 99
0 65
53 19
9 53
0 9
19 99
20 99
