259
70
63
88
17
85
90
11
5
79
41
30
29
77
89
31
67
93
7
46
10
65
91
66
39
21
47
59
1
9
35
73
20
19
6
48
25
34
81
82
51
32
27
8
36
57
72
83
71
94
55
4
52
24
92
33
50
12
87
12
64
50
64
74
3
78
50
78
78
22
45
33
78
14
76
14
53
76
56
50
33
78
15
22
12
22
87
45
53
15
95
38
55
94
86
87
52
71
94
95
71
95
56
95
92
33
84
78
15
18
92
71
33
95
22
45
18
87
58
84
95
36
87
45
36
58
15
71
95
38
45
95
45
36
22
58
15
71
86
45
38
84
92
36
64
12
8
87
92
84
55
86
25
94
8
86
12
72
86
38
45
36
58
18
38
87
45
6
36
72
38
45
15
32
87
36
18
58
36
45
25
86
4
12
14
15
53
14
53
24
4
86
14
25
4
86
12
32
12
4
86
9
76
14
47
86
12
4
15
91
83
15
65
27
95
65
94
74
52
66
59
87
98
10
65
95
4
86
59
89
4
86
6
36
14
29
82
14
30
82
14
87
65
65
95
5
18
36
4
86
7
58
17
7
8
21
39
47
33
32
381
42 27
0 68
0 14
4 86
18 60
42 32
38 72
8 94
64 37
86 26
69 75
45 38
69 13
84 92
42 28
94 52
86 55
56 50
14 53
22 75
97 80
75 74
40 78
60 13
12 87
40 12
87 99
64 50
50 69
12 87
40 12
87 99
54 64
64 50
50 69
54 64
3 78
74 3
40 78
78 15
50 33
33 78
64 50
78 15
54 64
97 80
40 78
0 45
78 15
45 22
64 92
92 33
33 78
78 15
54 64
14 24
54 76
76 14
24 26
54 76
76 14
53 15
54 56
50 33
33 78
78 15
40 78
52 40
84 52
78 15
15 99
4 12
22 4
12 87
0 45
87 99
45 22
55 87
0 45
87 99
45 22
22 55
94 53
15 99
58 94
53 15
38 71
71 95
95 26
84 38
94 86
55 87
58 94
87 99
40 71
71 95
95 26
52 40
58 94
40 71
71 95
95 26
54 56
56 83
95 26
83 95
92 33
33 78
42 84
78 15
15 99
72 49
18 72
33 57
84 92
92 33
71 95
57 71
42 84
95 26
36 99
0 45
22 36
45 22
58 18
8 87
0 58
18 8
87 99
27 95
84 27
42 84
95 26
42 28
13 60
36 99
60 36
32 87
45 32
0 45
87 99
69 13
42 28
13 51
36 99
51 36
58 82
0 58
82 15
15 99
38 71
71 95
95 26
0 45
81 95
45 81
95 26
0 45
75 22
42 28
36 99
22 36
34 15
0 58
58 34
15 99
45 38
38 71
71 86
0 45
84 92
92 64
42 84
37 36
36 99
12 8
25 12
8 87
0 25
87 99
84 92
92 48
86 26
55 86
48 55
42 84
86 26
12 8
25 12
94 86
0 25
86 26
45 38
0 45
72 86
58 18
6 36
18 6
36 99
0 58
45 38
19 87
38 19
0 45
87 99
20 80
42 20
6 36
80 6
36 99
38 72
72 73
45 38
73 15
0 45
15 99
32 87
87 99
58 18
36 99
0 58
60 36
45 35
36 99
35 36
0 45
86 26
25 12
12 4
0 25
14 53
15 99
53 15
0 14
14 53
53 9
9 99
4 86
86 26
0 14
24 1
1 4
14 24
59 98
4 86
86 26
25 12
98 25
12 4
0 59
32 47
4 86
47 12
42 32
86 26
12 4
76 21
21 9
0 14
14 76
9 99
4 86
39 47
47 12
58 39
86 26
12 4
0 58
66 99
0 66
0 68
91 15
68 91
15 99
42 28
28 65
65 99
83 91
0 68
91 15
68 10
10 83
15 99
95 65
27 95
65 99
74 52
52 94
46 74
0 14
94 65
53 46
14 53
65 99
28 7
42 28
7 26
66 93
93 26
0 66
59 98
67 87
98 67
0 59
87 99
95 65
0 68
10 31
68 10
31 95
65 99
4 86
86 26
89 4
0 89
4 86
77 40
59 77
40 89
86 26
89 4
0 59
29 6
0 14
14 29
6 36
36 99
82 30
29 82
0 14
14 29
30 99
82 30
41 82
0 14
14 41
30 99
79 87
0 68
68 79
87 99
5 65
0 5
65 99
95 65
11 95
0 11
65 99
18 60
5 18
60 90
90 36
0 5
36 99
4 86
86 26
0 68
85 4
68 85
0 17
7 26
17 7
58 88
88 99
0 58
21 8
28 63
63 21
0 17
8 88
7 28
88 99
17 7
32 88
47 32
33 39
39 47
70 33
0 14
14 70
88 99
