135
22
89
8
56
85
1
92
63
84
6
45
17
81
48
12
72
30
24
64
82
64
82
64
82
93
64
21
82
93
69
64
82
30
28
62
30
72
30
28
62
10
10
75
62
81
73
81
59
48
62
76
81
6
48
59
81
47
90
74
6
81
58
64
45
58
64
6
48
81
97
28
64
97
12
64
97
82
81
64
82
91
28
64
47
46
84
64
91
97
82
63
21
64
47
82
46
93
46
64
21
48
64
97
82
41
19
48
81
97
84
26
64
82
64
97
90
74
64
82
64
64
82
72
46
64
82
8
12
64
82
79
37
85
64
9
235
0 3
0 37
5 12
46 72
36 50
48 41
29 21
46 93
21 98
44 91
39 19
49 96
13 28
97 67
58 15
64 99
58 32
90 74
59 88
55 14
49 10
72 98
62 23
93 69
21 15
50 53
44 42
64 82
13 42
57 64
82 98
13 42
64 82
57 64
82 98
64 82
57 64
82 98
24 13
93 24
70 93
13 42
50 53
64 82
57 64
82 98
53 21
44 42
70 93
69 44
50 53
64 82
53 30
30 4
57 64
82 98
50 53
72 87
53 30
30 4
57 28
28 72
53 30
30 4
33 62
50 53
53 30
30 4
57 28
28 72
62 23
33 62
10 20
75 10
12 75
10 20
57 12
48 29
62 48
33 62
81 7
65 81
18 81
81 7
81 7
47 59
17 73
73 34
59 17
65 81
76 45
62 48
33 62
48 76
45 86
6 19
18 81
81 7
33 6
6 19
88 48
18 81
29 6
81 7
48 29
47 59
46 47
66 90
74 51
6 19
18 81
29 6
81 7
46 58
57 64
64 99
45 70
15 45
57 64
46 58
6 19
18 81
67 48
29 6
81 7
48 29
36 97
97 67
64 99
28 57
57 64
36 97
42 13
97 67
42 44
64 99
82 64
34 12
12 82
36 97
18 81
81 7
64 99
82 64
91 84
46 91
84 82
64 99
63 28
47 63
46 47
28 57
36 46
57 64
97 67
42 44
64 99
82 64
91 84
36 97
84 82
64 99
63 21
82 64
47 63
46 47
36 46
98 82
92 3
36 46
46 92
64 99
93 70
36 46
57 64
97 67
21 98
67 48
64 99
82 64
48 29
98 82
36 97
97 67
41 19
18 81
67 48
19 18
81 7
36 97
64 99
82 64
26 84
1 26
84 82
0 1
64 99
97 85
85 57
57 64
36 97
90 74
66 90
64 99
74 56
82 64
56 82
8 33
64 99
36 8
57 64
64 99
82 64
98 82
72 98
64 99
82 64
36 46
98 82
64 99
36 8
82 64
8 5
12 82
36 50
79 89
50 79
89 99
37 85
64 99
85 57
57 64
22 9
9 7
0 22
