30
1
12
10
4
42
8
19
16
7
5
25
5
5
8
42
42
42
23
5
42
25
8
42
8
42
42
42
19
42
42
88
13 19
6 8
11 15
23 3
13 18
11 18
25 5
15 6
3 2
20 14
17 14
20 13
3 9
6 2
3 9
3 9
3 9
20 14
5 2
3 5
20 14
20 14
6 2
15 25
20 14
5 2
20 14
7 2
14 7
20 16
5 2
16 5
19 2
11 19
20 13
8 2
13 8
42 52
22 42
20 13
8 2
13 8
42 52
22 42
3 2
42 52
22 42
20 13
3 2
42 52
22 42
20 13
3 2
13 23
25 5
42 52
22 42
15 25
5 2
11 15
4 8
15 6
42 52
22 42
6 4
8 2
11 15
15 6
42 52
22 42
8 2
11 10
42 52
22 42
10 2
42 52
22 42
20 13
19 2
42 52
20 12
32 42
12 32
1 3
0 1
42 52
22 42
3 2
