143
38
48
52
20
14
4
59
22
42
10
27
25
25
25
25
25
25
27
25
27
25
10
27
25
42
10
22
42
10
59
22
42
10
4
59
22
42
10
4
59
22
42
14
4
59
22
42
14
4
59
22
42
14
4
59
42
20
14
4
59
52
20
50
14
48
52
50
14
4
48
52
50
14
4
48
52
46
50
14
46
48
52
50
14
46
48
52
50
38
46
48
52
50
38
46
48
52
50
38
46
48
52
29
38
29
46
48
52
38
29
46
48
52
38
29
46
61
48
38
29
46
50
61
38
29
46
50
61
38
29
46
50
61
38
29
46
50
61
38
29
46
50
61
644
1 62
22 23
11 13
1 3
30 31
50 51
61 62
33 35
27 29
28 29
30 29
5 7
45 46
44 46
43 45
18 19
34 36
53 55
54 56
55 56
6 7
8 9
32 34
32 33
15 17
16 17
39 41
35 37
0 2
57 58
57 58
0 2
57 58
35 37
0 2
57 58
39 41
35 37
0 2
57 58
39 41
35 37
0 2
57 58
15 17
39 41
25 26
35 37
0 2
23 25
57 58
15 17
39 41
25 26
35 37
0 2
23 25
57 58
15 17
39 41
25 26
35 37
0 2
23 25
57 58
32 34
15 17
39 41
25 26
35 37
0 2
23 25
57 58
32 34
15 17
39 41
25 26
35 37
0 2
23 25
57 58
6 7
32 34
15 17
25 27
27 28
39 41
35 37
0 2
23 25
57 58
6 7
32 34
15 17
25 27
27 28
39 41
35 37
0 2
23 25
55 56
32 34
8 10
15 17
10 12
25 27
27 28
39 41
35 37
0 2
23 25
55 56
42 44
32 34
8 10
15 17
10 12
25 27
27 28
40 42
35 37
0 2
23 25
22 24
55 56
21 22
42 44
32 34
8 10
15 17
10 12
40 42
35 37
0 2
22 24
55 56
21 22
42 44
32 34
8 10
15 17
10 12
59 60
40 42
57 59
35 37
0 2
22 24
2 4
55 56
21 22
42 44
32 34
8 10
15 17
10 12
59 60
40 42
57 59
4 6
35 37
0 2
22 24
2 4
21 22
42 44
32 34
8 10
15 17
10 12
59 60
40 42
57 59
4 6
35 37
0 2
54 56
14 15
22 24
2 4
12 14
21 22
42 44
32 34
8 10
15 17
10 12
59 60
40 42
57 59
4 6
35 37
0 2
14 15
22 24
2 4
55 56
12 14
21 22
42 44
32 34
8 10
15 17
10 12
59 60
40 42
57 59
4 6
35 37
0 2
53 55
14 15
22 24
2 4
55 56
12 14
21 22
42 44
32 34
8 10
15 17
10 12
59 60
40 42
57 59
4 6
0 2
34 36
53 55
22 24
2 4
18 20
55 56
12 14
42 44
32 34
8 10
10 12
59 60
40 42
57 59
4 6
20 22
14 16
0 2
34 36
54 56
52 54
22 24
2 4
18 20
12 14
42 44
32 34
8 10
10 12
59 60
40 42
57 59
4 6
20 22
50 52
14 16
0 2
34 36
48 50
54 56
52 54
22 24
2 4
18 20
47 48
12 14
42 44
32 34
8 10
10 12
59 60
40 42
57 59
4 6
20 22
50 52
14 16
0 2
34 36
48 50
54 56
52 54
22 24
2 4
47 48
12 14
21 22
42 44
32 34
8 10
10 12
59 60
40 42
57 59
4 6
50 52
14 16
0 2
18 19
34 36
48 50
54 56
52 54
22 24
2 4
47 48
12 14
21 22
32 34
8 10
10 12
59 60
39 41
57 59
4 6
50 52
14 16
0 2
18 19
34 36
48 50
54 56
52 54
46 48
22 24
2 4
12 14
21 22
42 44
32 34
8 10
10 12
59 60
40 42
57 59
4 6
50 52
14 16
0 2
43 45
18 19
34 36
48 50
54 56
52 54
46 48
22 24
2 4
12 14
21 22
32 34
8 10
10 12
59 60
39 41
57 59
4 6
50 52
14 16
0 2
44 46
18 19
38 40
34 36
48 50
36 38
54 56
52 54
46 48
22 24
2 4
12 14
21 22
42 44
32 34
8 10
10 12
59 60
40 42
57 59
4 6
50 52
14 16
0 2
44 46
18 19
38 40
34 36
48 50
36 38
54 56
52 54
46 48
22 24
12 14
21 22
42 44
32 34
59 60
40 42
57 59
50 52
14 16
0 2
5 7
44 46
18 19
38 40
34 36
48 50
36 38
54 56
52 54
46 48
22 24
12 14
21 22
42 44
59 60
40 42
57 59
50 52
14 16
0 2
5 7
44 46
18 19
38 40
34 36
48 50
36 38
54 56
52 54
46 48
22 24
12 14
21 22
42 44
59 60
40 42
57 59
50 52
14 16
0 2
29 31
5 7
44 46
18 19
38 40
34 36
48 50
36 38
54 56
52 54
46 48
22 24
12 14
26 27
21 22
42 44
59 60
40 42
57 59
50 52
14 16
0 2
29 31
27 29
5 7
44 46
18 19
38 40
48 50
36 38
54 56
52 54
46 48
22 24
12 14
26 27
21 22
42 44
59 60
40 42
57 59
50 52
14 16
0 2
29 31
33 35
27 29
5 7
59 61
44 46
18 19
38 40
48 50
36 38
54 56
52 54
46 48
22 24
12 14
26 27
21 22
42 44
40 42
57 59
50 52
14 16
0 2
29 31
61 62
33 35
27 29
5 7
59 61
44 46
51 52
18 19
38 40
48 50
36 38
54 56
52 54
46 48
22 24
12 14
26 27
21 22
42 44
40 42
57 59
14 16
0 2
29 31
50 51
61 62
33 35
27 29
29 30
5 7
59 61
44 46
51 52
18 19
38 40
48 50
36 38
54 56
52 54
46 48
22 24
12 14
26 27
21 22
42 44
40 42
57 59
14 16
0 2
30 31
50 51
61 62
33 35
27 29
29 30
5 7
59 61
44 46
51 52
18 19
38 40
48 50
36 38
54 56
52 54
46 48
22 24
12 14
26 27
21 22
42 44
40 42
57 59
14 16
1 3
30 31
50 51
61 62
33 35
27 29
29 30
5 7
59 61
44 46
51 52
18 19
38 40
48 50
36 38
54 56
52 54
46 48
22 24
26 27
21 22
42 44
15 17
40 42
57 59
11 13
1 3
30 31
50 51
61 62
33 35
27 29
29 30
5 7
59 61
44 46
51 52
18 19
38 40
48 50
36 38
54 56
52 54
46 48
21 22
42 44
15 17
25 27
40 42
57 59
23 25
