217
94
74
77
16
17
33
8
93
81
52
26
76
53
37
30
9
25
20
6
85
47
49
72
46
78
61
66
36
32
82
48
79
31
40
28
86
14
29
24
89
97
98
3
69
50
71
13
73
84
55
92
43
51
96
63
59
75
15
44
42
12
65
91
41
7
11
70
22
87
38
27
57
64
39
68
4
67
19
83
88
90
95
10
56
56
10
56
83
2
56
64
2
83
2
87
64
39
87
41
12
64
42
11
65
91
39
92
55
92
15
13
55
39
87
87
87
55
97
87
59
13
92
96
40
43
69
87
12
79
28
51
92
11
87
82
69
87
86
82
97
87
43
66
61
75
82
97
43
66
72
66
43
86
49
86
72
49
72
20
66
43
25
20
72
19
25
20
72
27
46
72
18
10
20
97
87
53
72
20
97
9
90
20
25
20
78
46
84
72
10
25
20
78
20
78
15
26
12
27
30
72
82
72
20
25
76
46
72
10
72
25
20
75
33
16
72
10
443
0 99
0 23
58 2
83 2
54 56
35 99
23 1
5 10
62 80
60 99
58 23
80 60
80 5
54 5
54 62
56 99
21 56
34 10
10 45
56 99
34 95
95 56
90 45
35 90
56 99
62 56
58 23
54 5
60 99
58 23
80 60
60 99
58 23
10 60
54 5
60 99
58 23
80 60
88 10
60 99
10 60
58 88
35 99
83 34
0 83
83 54
56 99
0 83
0 83
2 99
54 56
19 54
56 99
0 19
67 58
58 2
0 67
2 99
67 4
60 99
0 67
4 60
68 45
0 68
35 99
0 39
39 35
64 39
35 99
0 64
39 35
68 57
0 68
57 99
5 10
27 5
60 99
64 27
0 64
10 60
64 39
39 38
38 56
0 64
56 99
58 2
23 58
2 99
83 2
0 87
87 83
2 99
0 23
23 1
1 22
22 99
0 23
35 99
23 58
58 70
70 35
0 87
35 99
11 35
87 11
0 23
60 99
58 7
23 58
7 60
35 99
41 35
0 41
64 39
91 70
39 91
35 99
70 35
0 64
0 23
23 1
1 65
65 99
0 87
60 99
87 12
12 60
0 23
23 1
42 34
1 42
35 99
44 41
0 23
35 99
23 44
41 35
64 15
15 12
60 99
0 64
12 60
75 11
42 75
0 23
23 1
1 42
35 99
11 35
1 59
0 23
23 1
60 99
59 60
0 23
23 1
1 65
60 99
65 63
63 60
0 23
1 96
23 1
96 99
60 99
0 51
51 60
0 43
43 99
0 23
23 92
35 99
92 35
39 55
0 23
91 39
23 92
92 91
55 99
0 23
84 55
23 1
1 84
55 99
0 23
23 92
92 73
73 99
0 13
13 99
15 64
71 15
64 39
39 55
13 71
0 13
55 99
0 23
1 50
23 1
50 99
87 69
0 87
60 99
69 60
0 87
87 3
3 99
0 23
23 98
98 35
35 99
87 97
0 87
97 55
55 99
87 97
97 89
0 87
89 99
1 59
0 23
24 35
23 1
59 24
35 99
29 35
13 29
0 13
35 99
0 23
23 92
92 14
14 99
0 86
86 99
0 28
28 99
96 40
0 23
1 96
23 1
40 60
60 99
31 40
43 31
40 60
60 99
0 43
79 35
87 69
0 87
69 79
35 99
12 48
79 35
48 79
28 51
51 12
0 28
35 99
11 82
0 23
92 11
82 60
23 92
60 99
87 32
0 87
32 99
36 82
87 69
69 36
82 60
0 87
60 99
86 66
66 99
0 86
87 97
97 61
61 82
82 60
0 87
60 99
78 43
43 66
0 78
66 99
11 75
87 97
82 11
97 61
61 82
46 99
0 87
75 46
72 43
43 66
0 72
66 99
72 43
66 86
43 66
86 49
0 72
49 99
0 23
1 47
23 1
47 99
0 85
86 49
85 86
49 99
72 62
6 49
62 6
0 72
49 99
20 99
0 20
58 25
54 20
72 43
25 54
66 58
20 99
43 66
0 72
75 25
9 11
11 75
54 20
72 43
25 54
19 9
20 99
43 19
0 72
58 25
27 66
54 20
25 54
30 27
66 58
72 30
20 99
0 72
72 10
37 18
10 37
46 99
0 72
18 46
53 54
87 97
54 20
20 99
97 53
0 87
72 10
53 54
54 20
76 97
10 76
20 99
97 53
0 72
75 25
9 11
11 75
90 19
54 20
25 54
19 9
26 90
20 99
0 26
20 99
78 52
52 20
0 78
72 10
84 81
81 46
46 99
0 72
10 84
54 20
25 54
93 25
78 93
20 99
0 78
8 54
54 20
20 99
78 8
0 78
33 99
15 33
12 15
26 27
27 12
0 26
30 17
72 30
17 99
0 72
72 10
10 16
75 25
16 45
11 75
82 11
54 20
25 54
45 82
20 99
0 72
72 10
77 46
10 76
76 77
46 99
0 72
62 74
75 25
11 75
72 62
54 20
25 54
74 11
20 99
0 72
72 10
10 16
16 45
33 99
94 33
45 94
0 72
