248
90
31
35
39
23
7
97
55
21
17
62
79
69
57
88
73
38
22
40
37
34
11
94
28
78
98
33
24
41
74
27
91
18
89
52
19
49
20
92
42
81
61
5
86
53
54
84
10
50
80
14
51
66
59
76
87
70
47
65
93
56
26
16
29
32
60
3
71
2
25
64
44
13
72
4
43
46
67
63
9
83
95
15
58
30
12
48
8
75
64
43
25
45
75
45
71
64
4
32
32
32
64
71
45
93
32
75
65
93
87
75
60
93
65
93
32
45
63
56
16
87
67
36
93
75
43
48
56
87
80
87
32
75
51
45
48
87
67
45
51
45
87
75
54
16
87
42
67
32
75
5
93
45
45
51
45
2
49
93
75
87
67
89
32
75
42
87
25
43
52
75
12
25
56
52
75
50
46
56
52
25
56
52
45
52
51
42
67
87
20
74
46
52
74
86
75
24
12
25
52
78
98
9
25
74
93
75
78
46
52
51
93
87
89
12
25
52
74
93
75
74
75
75
12
25
52
75
28
93
42
5
28
42
25
52
58
45
21
24
75
45
57
21
74
75
93
45
21
380
0 99
45 99
75 99
0 68
8 1
0 8
68 48
48 96
0 68
12 6
0 12
0 30
30 6
58 6
0 58
58 6
96 75
0 58
15 99
0 15
77 95
95 99
0 83
83 99
75 99
77 9
9 75
58 63
0 58
63 99
75 99
96 75
0 67
67 96
75 99
12 46
0 12
46 75
75 99
58 43
96 75
43 96
0 58
0 4
4 99
0 72
72 99
30 13
0 30
13 99
44 96
75 99
0 4
96 75
4 44
64 99
0 64
25 64
64 99
0 25
25 43
43 2
0 25
2 99
0 45
75 99
71 96
0 71
96 75
45 99
3 45
0 3
60 64
71 60
0 71
64 99
0 32
32 99
75 99
68 4
0 32
4 29
32 68
29 75
0 32
32 16
16 99
26 64
0 32
68 26
32 68
64 99
56 45
45 99
71 56
0 71
0 93
93 99
0 93
93 65
65 99
68 47
75 99
0 32
32 68
47 75
0 93
75 99
93 65
65 70
70 75
0 87
87 99
75 99
0 87
87 76
76 75
60 64
0 93
59 60
93 59
64 99
0 93
65 6
75 99
6 66
93 65
66 75
45 99
0 32
77 51
32 77
51 45
56 45
45 99
63 56
14 63
0 14
67 16
0 87
87 67
16 36
36 80
80 99
0 93
75 99
93 50
50 75
67 48
48 10
56 45
0 87
87 67
10 43
45 99
43 56
0 87
84 80
87 84
80 99
0 54
54 99
75 99
32 53
0 32
53 75
45 99
0 86
86 51
51 45
67 48
0 87
87 67
45 99
5 45
48 5
45 99
61 51
0 61
51 45
75 99
0 87
87 81
81 75
42 99
54 42
0 54
67 16
0 87
87 67
42 99
92 42
16 92
77 20
75 99
0 32
20 75
32 77
0 93
45 99
49 5
93 49
5 45
45 99
19 45
0 19
0 52
52 51
45 99
51 45
0 93
49 2
75 99
89 75
2 89
93 49
67 18
0 87
87 67
18 99
32 91
75 99
89 75
0 32
91 89
27 42
0 87
42 99
87 27
74 75
52 25
75 99
0 52
25 43
43 74
41 56
52 25
25 12
56 45
0 52
45 99
12 41
24 75
75 99
0 24
50 33
51 46
46 50
33 56
56 45
0 52
52 51
45 99
52 25
56 45
0 52
25 98
98 56
45 99
0 52
52 51
78 99
51 78
28 42
0 87
87 67
42 99
67 28
46 94
94 20
74 75
51 46
75 99
0 52
52 51
20 74
74 75
86 11
75 99
11 74
0 86
34 85
52 25
25 12
85 24
12 34
24 75
75 99
0 52
98 37
52 25
9 78
37 9
0 52
25 98
78 99
74 75
0 93
75 99
40 74
93 40
51 46
22 78
46 22
0 52
52 51
78 99
0 93
38 99
93 38
87 73
0 87
73 99
12 88
52 25
25 12
88 89
75 99
0 52
89 75
74 75
0 93
57 74
75 99
93 57
74 75
69 74
75 99
0 69
79 75
75 99
0 79
52 25
25 12
12 62
75 99
0 52
62 75
28 42
0 93
17 28
93 17
42 99
28 42
0 21
21 5
5 28
42 99
52 25
25 58
58 55
55 45
0 52
45 99
0 21
85 24
21 97
97 85
24 75
75 99
7 45
45 99
0 7
74 75
0 21
23 57
57 74
75 99
21 23
39 45
0 93
93 39
45 99
0 35
35 99
0 21
31 99
21 31
90 99
0 90
