267
98
52
53
36
4
83
69
59
48
20
92
31
23
40
43
93
54
74
3
75
65
27
19
76
15
11
90
82
64
94
73
14
17
79
67
57
7
38
5
70
72
89
9
58
45
35
33
13
18
78
50
63
30
21
77
61
24
37
81
62
51
8
87
22
47
28
85
88
96
46
42
26
32
71
66
95
41
29
80
97
44
91
34
56
68
86
6
10
2
1
39
16
12
25
84
55
60
12
80
95
42
95
95
80
95
88
95
95
95
41
44
29
95
87
55
29
8
26
95
24
29
24
8
21
24
66
55
55
95
50
95
50
55
95
24
85
26
50
13
24
26
50
24
50
13
18
50
95
24
26
85
50
35
24
50
24
26
21
18
95
9
13
24
50
87
24
50
13
50
95
87
24
50
50
55
87
50
24
57
63
66
50
80
26
24
50
7
24
80
50
50
24
50
38
14
13
7
24
13
24
82
50
73
50
29
13
24
50
24
82
87
24
2
26
19
10
57
19
57
13
50
24
82
19
42
34
75
88
54
75
57
54
97
74
57
74
18
19
2
26
27
10
54
57
87
19
74
76
19
24
74
76
24
19
92
74
57
19
19
19
24
76
23
19
24
24
57
406
0 99
60 12
0 60
60 99
55 99
0 55
0 84
84 99
25 99
0 25
12 99
0 12
12 99
0 60
16 99
0 16
60 39
39 99
0 60
1 99
0 1
2 39
39 99
0 2
0 10
10 99
6 39
39 99
0 6
86 39
10 86
39 99
0 10
68 39
39 99
0 68
0 56
56 99
56 34
0 56
34 99
91 99
0 91
0 44
44 99
97 39
0 97
39 99
97 39
39 80
0 97
80 99
97 10
10 29
0 97
29 99
41 44
0 41
44 99
0 95
95 29
29 99
55 66
0 95
95 55
66 99
0 71
71 99
66 32
55 66
0 95
95 55
32 99
26 10
0 95
10 29
95 26
29 99
34 42
41 44
44 34
0 41
42 99
0 95
46 80
95 46
80 99
49 96
95 49
96 42
0 95
42 99
0 88
88 99
95 49
0 95
49 85
85 99
0 95
95 28
28 80
80 99
95 47
0 95
47 88
88 99
0 95
95 22
22 99
0 87
87 99
0 95
95 8
8 99
41 44
44 51
0 41
51 99
95 62
0 95
62 29
29 99
55 81
81 87
0 95
95 55
87 99
37 29
0 37
29 99
0 24
26 10
10 8
24 26
8 99
95 61
0 95
61 99
0 24
77 29
24 77
29 99
0 24
26 10
10 8
8 21
24 26
21 99
0 24
30 21
24 30
21 99
66 63
55 66
0 95
95 55
63 99
0 95
95 55
55 50
50 99
0 95
78 50
95 78
50 99
95 18
18 55
0 95
55 50
50 99
0 24
26 85
13 50
85 13
24 26
50 99
0 24
26 33
13 50
33 13
24 26
50 99
0 24
35 50
24 35
50 99
18 45
95 18
13 50
0 95
45 13
50 99
0 24
26 85
85 58
58 50
24 26
50 99
0 24
9 35
24 9
35 50
50 99
0 24
26 89
24 26
89 99
95 18
72 21
18 72
0 95
21 99
0 24
70 13
13 50
9 70
24 9
50 99
0 24
87 50
24 5
5 87
50 99
38 13
13 50
95 38
0 95
50 99
0 24
7 87
87 50
24 7
50 99
0 57
57 55
55 50
50 99
0 24
24 67
67 87
87 50
50 99
66 63
63 79
0 57
55 66
79 50
57 55
50 99
0 24
17 80
26 17
80 50
24 26
50 99
0 24
7 14
14 80
80 50
24 7
50 99
73 50
50 99
0 73
0 24
24 94
94 50
50 99
0 24
7 14
14 64
64 38
38 13
13 50
24 7
50 99
0 24
24 82
82 99
0 24
82 90
90 13
13 50
24 82
50 99
29 73
11 29
73 50
0 11
50 99
0 24
15 13
13 50
24 15
50 99
0 24
24 76
76 99
0 24
87 19
24 82
82 87
19 99
2 26
26 10
27 2
10 19
0 27
19 99
0 57
57 65
65 19
19 99
0 57
57 75
75 99
3 13
13 50
0 3
50 99
0 24
74 19
24 82
82 74
19 99
57 54
54 88
42 34
34 75
0 57
88 42
75 99
57 54
93 75
0 57
54 93
75 99
57 54
43 71
71 74
74 19
54 97
97 43
0 57
19 99
0 40
74 19
18 74
40 18
19 99
2 26
26 10
0 23
27 2
10 19
23 27
19 99
57 54
31 87
87 19
0 57
54 31
19 99
0 24
74 19
24 76
92 74
76 92
19 99
0 24
20 74
74 19
24 76
76 20
19 99
57 48
48 92
74 19
92 74
0 57
19 99
59 19
0 59
19 99
69 19
0 69
19 99
0 24
24 76
76 83
83 99
0 23
23 4
4 19
19 99
0 24
24 36
36 99
0 24
24 53
53 99
52 99
0 52
98 99
0 57
57 98
