232
67
12
29
33
11
86
2
97
49
27
8
80
87
21
79
3
91
64
94
5
4
51
23
7
17
92
9
10
32
54
38
95
75
34
45
83
14
50
1
78
42
57
13
39
60
96
55
58
72
76
63
30
22
68
36
56
15
89
66
24
74
93
82
35
46
70
81
44
62
16
90
53
47
43
85
28
48
40
65
19
31
98
84
59
18
61
88
37
77
71
25
26
41
26
19
41
77
16
16
25
16
88
90
16
44
16
81
16
16
41
82
16
74
41
62
16
19
41
15
56
89
40
89
41
19
40
89
41
16
89
16
25
72
72
89
88
89
55
41
74
72
96
89
41
89
40
58
96
89
72
89
76
41
78
40
45
40
34
45
90
78
46
34
45
72
82
14
43
54
82
34
46
34
18
45
45
34
45
28
76
45
72
31
34
45
28
54
9
54
17
46
18
45
5
92
45
5
54
18
64
68
46
45
7
98
64
45
79
21
7
21
96
79
8
79
21
18
64
27
7
49
86
11
49
79
86
80
86
18
55
21
86
375
0 99
20 26
69 99
41 99
69 41
6 26
26 99
25 26
6 25
26 99
71 26
6 71
26 99
77 26
0 77
26 99
26 99
20 37
37 69
69 99
88 99
0 88
41 99
61 41
0 61
18 69
69 99
0 18
59 18
18 69
69 99
0 59
18 69
84 18
0 84
69 99
98 99
0 98
59 31
31 99
0 59
84 18
19 41
41 99
18 19
0 84
65 99
0 65
84 40
40 65
65 99
0 84
84 48
48 98
98 99
0 84
41 99
28 41
0 28
41 99
85 41
0 85
43 98
98 99
0 43
85 47
47 41
41 99
0 85
73 19
53 73
19 41
41 99
0 53
41 99
90 41
0 90
16 25
19 41
41 99
25 19
0 16
16 25
25 77
77 62
0 16
62 99
16 25
25 44
0 16
44 99
37 88
88 98
81 37
16 81
0 16
98 99
16 25
70 90
25 70
41 99
90 41
0 16
16 25
18 46
44 18
25 44
0 16
46 99
16 81
81 35
35 41
41 99
0 16
16 82
82 41
41 99
0 16
93 82
16 93
82 41
41 99
0 16
0 74
74 99
74 24
41 99
24 41
0 74
16 66
66 62
0 16
62 99
0 89
19 41
41 99
89 19
15 99
0 15
15 56
56 99
0 15
36 56
0 89
89 36
56 99
52 68
89 40
40 52
0 89
68 99
22 19
89 22
0 89
19 41
41 99
89 40
40 30
0 89
30 99
16 63
63 41
41 99
0 16
89 76
0 89
76 99
16 25
25 72
72 99
0 16
58 99
0 58
55 72
72 99
0 55
96 69
89 96
69 72
0 89
72 99
88 60
0 89
89 88
60 99
55 39
39 41
41 99
0 55
74 13
13 99
0 74
57 72
72 99
0 57
96 42
42 41
89 96
0 89
41 99
40 78
89 40
0 89
78 99
1 58
0 1
58 99
96 50
50 72
89 96
0 89
72 99
76 14
89 76
0 89
14 99
83 41
0 83
41 99
40 78
45 40
0 45
78 99
45 40
0 45
34 99
40 34
28 34
90 75
40 78
45 40
75 28
78 90
0 45
34 99
45 46
46 95
0 45
95 34
34 99
38 72
0 38
72 99
82 43
43 14
54 82
0 54
14 99
82 32
54 82
32 34
0 54
34 99
10 34
46 18
18 10
45 46
0 45
34 99
0 45
45 9
9 99
28 34
92 76
76 28
45 92
0 45
34 99
0 45
17 99
45 17
7 72
0 7
72 99
28 34
40 23
31 28
23 31
45 40
0 45
34 99
51 9
54 51
0 54
9 99
54 4
4 17
0 54
17 99
18 5
46 18
45 46
0 45
5 99
92 94
94 5
45 92
0 45
5 99
64 99
0 64
91 5
5 99
0 91
0 54
54 3
3 99
79 69
0 79
18 64
64 99
69 18
21 99
46 68
68 21
45 46
0 45
87 98
98 64
7 87
64 99
0 7
80 99
0 45
45 80
79 69
21 99
8 21
0 79
69 8
7 27
21 99
27 21
0 7
69 96
79 69
49 99
0 79
96 49
69 97
97 8
79 69
21 99
8 21
0 79
0 2
2 99
86 18
0 86
18 64
64 99
27 11
11 49
0 86
7 27
49 99
86 7
11 49
79 33
33 11
49 99
0 79
0 86
86 29
29 99
86 18
0 86
12 80
18 12
80 99
67 21
0 86
55 67
21 99
86 55
