210
27
47
17
62
56
41
46
51
9
81
16
57
85
18
59
36
31
88
71
33
42
10
74
40
43
60
54
70
83
94
90
65
7
5
64
67
48
87
91
89
92
23
2
26
25
79
12
8
72
21
66
63
52
14
78
80
86
84
30
22
11
1
55
49
93
35
29
32
69
73
20
15
37
61
68
19
39
3
38
82
28
13
4
24
50
44
6
58
76
53
77
75
45
15
32
39
29
3
29
29
37
69
19
29
37
28
29
82
29
29
28
68
1
29
84
82
82
3
15
63
84
63
15
63
30
63
80
52
84
26
23
26
37
21
26
15
63
48
52
26
32
48
29
26
37
64
48
2
29
87
26
32
91
26
32
48
63
87
48
64
48
5
2
83
48
60
83
2
83
48
26
10
48
54
91
2
10
48
26
63
42
33
59
88
64
48
48
88
83
85
7
16
59
70
67
9
88
16
46
38
64
16
64
16
94
48
85
17
59
54
340
0 95
0 45
45 95
75 95
0 75
77 95
0 77
0 53
53 95
76 95
0 76
0 58
58 95
0 6
6 95
0 44
44 95
0 50
50 95
58 24
24 95
0 58
44 4
0 44
4 95
50 34
34 13
13 95
0 50
28 13
44 28
13 95
0 44
50 34
82 13
34 82
13 95
0 50
82 13
38 82
13 95
0 38
82 13
3 82
13 95
0 3
0 39
39 95
19 95
0 19
39 50
50 68
68 95
0 39
61 13
39 61
13 95
0 39
37 95
0 37
15 13
0 15
13 95
20 95
0 20
39 73
73 95
0 39
19 69
15 19
0 15
69 95
39 32
32 73
73 95
0 39
37 29
29 95
0 37
15 35
35 95
0 15
93 39
39 32
32 73
73 95
0 93
49 3
82 29
3 82
29 95
0 49
55 29
29 95
0 55
37 29
1 37
29 95
0 1
11 69
69 19
19 28
28 29
29 95
0 11
37 29
22 37
29 95
0 22
30 28
28 29
29 95
0 30
13 82
82 29
84 13
0 84
29 95
86 28
28 29
29 95
0 86
80 68
0 80
68 95
78 1
37 29
1 37
29 95
0 78
14 82
82 29
84 14
0 84
29 95
52 3
82 29
3 82
29 95
0 52
15 63
63 95
0 15
84 66
66 32
32 63
63 95
0 84
15 63
21 15
63 95
0 21
30 72
72 63
63 95
0 30
0 8
8 95
80 12
12 63
63 95
0 80
0 79
79 95
52 25
25 95
0 52
26 95
84 26
0 84
2 95
0 2
0 23
23 95
92 26
26 95
0 92
23 89
89 37
37 26
26 95
0 23
91 21
15 26
0 91
21 15
26 95
0 87
87 95
0 48
48 63
63 95
67 32
3 52
32 26
48 3
0 48
52 67
26 95
37 26
29 37
64 29
0 48
48 64
26 95
5 2
29 5
64 29
0 48
48 64
2 95
87 7
0 87
7 95
32 26
65 32
0 65
26 95
90 32
32 26
0 91
91 90
26 95
94 63
0 48
48 94
63 95
87 83
0 87
83 95
0 48
48 70
70 95
0 48
48 64
64 54
54 95
5 2
60 5
0 60
2 95
43 83
0 48
48 43
83 95
60 40
40 83
0 60
83 95
74 2
0 74
2 95
48 10
0 48
10 83
83 95
0 42
42 26
26 95
48 10
0 48
10 33
33 95
0 71
71 95
0 88
54 95
88 54
31 2
91 31
0 91
2 95
48 10
10 36
36 26
0 48
26 95
59 63
0 59
63 95
42 18
0 42
18 95
59 85
85 33
0 59
33 95
0 88
88 57
57 95
16 95
0 48
48 64
64 16
0 48
48 81
81 95
9 83
88 9
0 88
83 95
59 85
7 51
85 7
51 16
16 95
0 59
46 70
0 46
70 95
9 29
29 41
32 67
88 9
41 32
0 88
67 16
16 95
46 38
56 64
38 56
0 46
16 95
64 16
62 64
16 95
64 16
0 62
94 17
17 95
0 48
48 94
59 85
85 47
47 17
17 95
0 59
27 54
0 27
54 95
