235
5
64
28
52
1
61
39
98
4
18
35
37
15
92
44
70
68
34
59
30
8
43
57
78
91
96
85
2
19
22
54
72
74
67
25
41
86
42
84
58
38
73
80
97
21
16
60
71
10
51
53
13
76
90
48
6
83
3
45
11
75
56
55
14
77
62
49
87
87
49
87
87
17
50
93
27
87
27
93
50
56
50
87
40
14
87
27
93
55
75
27
75
27
50
27
56
27
69
55
27
3
55
27
87
40
11
55
87
56
6
17
40
69
56
27
75
50
75
56
45
40
27
87
40
27
49
27
27
40
55
27
69
77
53
27
40
48
50
93
48
40
27
17
40
27
50
93
51
27
40
93
27
93
21
27
27
40
51
42
27
93
27
69
41
27
10
69
41
27
25
27
50
93
21
27
49
27
41
73
73
67
27
42
27
42
67
27
42
41
27
62
19
42
27
69
41
93
41
27
41
69
41
2
8
71
19
19
27
93
55
44
43
3
44
8
77
37
96
67
44
4
18
80
3
49
44
8
27
15
93
52
25
18
44
44
403
9 63
69 26
17 40
65 95
3 49
79 75
55 94
65 23
27 9
66 40
93 99
87 95
50 93
87 66
49 66
95 12
87 88
49 82
89 82
7 20
7 20
7 20
65 49
65 87
7 20
87 88
65 87
95 12
65 49
95 12
65 87
17 62
62 23
87 88
33 17
65 87
77 95
95 12
94 77
89 50
93 12
95 12
14 95
65 14
95 12
0 27
55 29
27 55
95 12
65 87
56 20
0 27
27 56
50 93
89 50
93 99
50 93
7 75
0 27
27 56
75 50
56 81
87 66
65 87
40 99
66 40
14 87
87 66
0 27
40 99
29 14
93 99
12 93
93 99
50 93
0 27
27 55
75 50
94 75
27 9
93 99
50 93
0 27
75 50
56 20
20 11
0 27
27 56
11 26
69 45
45 40
0 27
27 56
56 69
40 99
93 99
0 27
55 3
27 55
3 93
66 40
49 66
0 27
55 3
27 55
40 99
66 40
95 87
87 66
40 99
55 83
83 33
33 11
0 27
11 26
27 55
56 6
66 40
87 66
6 87
0 27
27 56
40 99
6 23
56 6
62 17
23 62
0 27
27 56
40 99
0 27
27 56
56 69
48 7
93 99
50 93
7 75
75 50
0 48
90 75
56 90
93 99
50 93
0 27
27 56
75 50
76 45
45 40
0 27
27 76
40 99
27 9
36 13
0 27
13 99
27 9
65 95
66 40
95 87
87 66
0 27
40 99
66 40
49 66
53 49
27 53
0 27
40 99
0 27
27 51
51 40
40 99
10 69
55 10
69 26
0 27
27 55
53 77
66 40
77 71
71 66
27 53
0 27
40 99
48 7
7 60
93 99
50 93
60 50
0 48
48 7
7 16
66 40
16 66
40 99
0 48
17 40
27 21
0 27
21 17
40 99
93 99
50 93
0 27
27 97
97 50
51 80
80 66
66 40
0 27
27 51
40 99
93 99
0 73
73 93
9 63
27 9
93 99
0 27
63 38
38 93
58 26
0 58
84 26
21 84
27 21
0 27
9 42
27 9
0 27
42 40
40 99
9 42
27 9
51 86
93 99
42 51
0 27
86 93
27 9
36 41
0 27
41 99
25 26
26 69
69 41
27 25
0 27
41 99
67 99
0 67
27 9
10 69
74 10
69 41
9 74
0 27
41 99
25 72
72 50
93 99
50 93
27 25
0 27
21 54
27 21
0 27
54 99
22 49
27 9
9 22
49 41
0 27
41 99
19 99
73 19
0 73
73 2
2 99
0 73
9 42
42 85
27 9
85 67
0 27
67 99
9 42
27 9
42 96
0 27
96 99
9 42
27 9
42 91
91 67
0 27
67 99
9 78
27 9
78 62
62 41
0 27
41 99
9 42
27 9
42 57
57 19
19 99
0 27
43 69
69 41
0 43
41 99
93 99
0 8
8 93
9 63
30 41
27 9
63 30
0 27
41 99
0 59
36 41
59 36
41 99
34 69
69 41
0 34
41 99
8 68
68 2
0 8
2 99
71 19
70 71
19 99
0 70
0 44
44 99
92 31
31 19
0 92
19 99
27 15
15 93
93 99
0 27
0 44
55 37
44 55
37 99
43 35
0 43
35 99
0 44
44 8
82 18
18 99
3 82
8 3
4 77
77 37
0 4
37 99
0 44
67 96
44 67
96 98
98 99
39 82
4 80
89 39
80 89
82 18
18 99
0 4
61 99
0 61
3 49
1 88
88 61
0 44
44 8
49 1
8 3
61 99
0 52
27 15
15 93
52 27
93 99
0 52
28 99
52 25
25 28
0 44
64 18
18 99
44 64
0 44
44 5
5 99
