241
18
50
84
16
66
43
77
8
52
89
32
60
4
74
98
64
7
71
72
63
29
48
85
27
13
40
95
94
58
88
33
83
59
57
73
87
46
65
39
55
41
34
21
75
86
68
23
10
9
56
69
51
61
31
19
37
20
81
82
28
47
70
78
80
54
38
79
17
26
11
93
35
12
53
3
67
90
96
49
36
42
1
76
25
62
15
2
92
24
14
91
22
45
30
97
5
6
6
91
12
90
12
35
3
96
26
12
35
96
79
12
35
79
96
12
3
12
35
96
35
28
79
96
96
35
80
35
25
28
1
79
80
35
45
37
35
96
53
19
9
90
22
19
23
23
28
36
49
86
86
5
86
25
78
20
62
86
49
86
9
22
46
23
28
73
46
35
49
86
46
73
46
54
73
79
88
80
22
88
80
22
95
26
13
40
95
5
95
40
95
21
13
95
28
48
95
88
48
3
17
75
23
95
25
13
95
28
13
46
13
46
7
71
25
95
58
71
81
95
28
17
71
46
49
71
95
74
76
32
40
95
32
8
81
32
89
32
46
8
82
8
382
0 99
5 91
44 6
6 99
0 6
6 99
5 99
0 5
0 97
97 99
30 99
0 30
45 99
0 45
22 99
0 22
91 99
0 91
91 99
0 5
5 91
30 5
14 30
91 99
0 14
24 99
0 24
92 91
91 99
0 92
2 24
0 2
24 99
2 24
15 91
24 15
91 99
0 2
62 22
0 62
22 99
0 25
25 99
76 99
0 76
1 99
0 1
42 99
0 42
25 14
14 36
36 99
0 25
49 99
0 49
62 96
96 42
0 62
42 99
90 22
0 90
22 99
90 67
67 99
0 90
25 3
3 99
0 25
90 53
53 99
0 90
90 12
12 99
0 90
25 3
3 12
35 25
12 99
0 35
35 96
96 93
90 12
93 90
12 99
0 35
90 12
11 90
12 99
0 11
26 12
12 99
0 26
25 3
3 12
35 17
17 25
12 99
0 35
35 96
96 79
79 26
26 12
12 99
0 35
38 12
35 38
12 99
0 35
35 96
96 79
79 54
0 35
54 99
35 80
80 12
12 99
0 35
35 96
96 79
79 78
78 99
0 35
3 12
35 70
70 3
12 99
0 35
47 12
35 47
12 99
0 35
35 96
96 28
28 99
0 35
82 28
0 82
28 99
35 96
96 79
81 28
79 81
28 99
0 35
35 96
96 20
20 99
0 35
35 80
80 37
37 99
0 35
25 28
19 25
28 99
0 19
35 96
96 79
31 1
1 12
79 31
12 99
0 35
35 80
80 61
61 99
0 35
35 96
45 37
96 51
51 45
37 99
0 35
35 96
96 69
69 99
0 35
56 99
0 56
9 99
0 9
19 53
53 10
10 99
0 19
9 22
22 90
90 23
23 99
0 9
68 99
0 68
86 99
0 86
75 23
19 75
23 99
0 19
21 28
28 23
23 99
0 21
36 49
34 36
49 86
86 99
0 34
41 5
86 99
5 86
0 41
86 99
55 25
25 86
0 55
39 20
78 86
62 78
20 62
86 99
0 39
65 49
49 86
86 99
0 65
46 99
9 22
22 46
0 9
46 99
87 46
0 87
73 28
28 23
23 99
0 73
73 35
46 99
35 57
57 46
0 73
59 49
49 86
86 99
0 59
46 99
83 46
0 83
73 33
46 99
33 46
0 73
73 79
79 54
88 99
54 88
0 73
22 88
88 99
80 22
58 80
0 58
94 80
22 88
88 99
80 22
0 94
95 99
0 95
40 95
95 99
0 40
0 13
13 99
26 40
13 27
40 95
95 99
27 26
0 13
85 5
95 99
5 95
0 85
40 95
95 99
48 40
0 48
29 21
21 28
13 29
28 95
95 99
0 13
48 63
95 99
63 95
0 48
48 72
88 99
72 3
3 88
0 48
17 75
75 23
23 95
71 17
95 99
0 71
7 25
25 28
13 7
28 95
95 99
0 13
13 64
64 99
0 13
46 99
13 98
98 46
0 13
46 99
74 46
0 74
71 4
7 25
25 28
4 7
28 95
95 99
0 71
58 60
71 58
60 99
0 71
32 81
81 28
28 95
95 99
0 32
17 49
49 89
46 99
89 46
71 17
0 71
71 52
95 99
52 95
0 71
76 8
8 99
74 76
0 74
32 77
77 40
40 95
95 99
0 32
8 99
32 81
81 43
43 8
0 32
32 66
66 99
0 32
32 16
16 89
46 99
89 46
0 32
8 99
84 8
0 84
50 82
82 8
8 99
0 50
18 99
0 18
