211
95
97
71
67
6
8
61
13
24
88
48
70
5
82
65
96
31
85
43
59
20
50
58
50
50
50
50
12
7
43
86
50
78
79
30
98
85
49
86
20
64
72
77
15
16
17
14
31
20
76
30
31
20
30
49
50
4
25
90
85
49
86
50
50
51
62
63
79
73
78
63
64
73
72
26
20
78
77
73
76
96
50
98
85
49
20
52
50
51
73
59
26
12
98
50
85
49
50
85
49
86
5
26
4
25
50
49
20
19
59
73
26
90
85
50
49
25
5
4
78
88
45
73
90
1
73
14
26
82
20
96
1
82
96
1
62
79
88
63
90
64
82
63
96
1
96
86
50
49
90
50
51
60
88
52
90
89
50
82
20
76
75
96
88
90
89
86
50
88
73
90
89
26
9
1
59
73
90
60
89
24
55
70
98
23
88
73
90
26
9
55
6
5
70
4
55
1
54
70
6
94
5
8
76
94
7
20
67
83
1
84
328
76 94
3 55
91 90
56 55
59 60
73 74
87 88
76 75
52 53
86 87
64 81
79 80
46 47
82 91
1 2
78 45
59 19
26 25
94 93
73 59
19 20
94 96
78 77
64 63
79 62
50 51
89 90
33 22
31 32
15 16
73 78
34 7
63 3
57 58
50 49
0 50
58 17
50 49
0 50
50 49
0 50
76 20
20 47
50 49
0 50
37 59
50 49
59 12
12 11
0 50
43 44
42 43
43 34
7 17
42 43
49 86
85 84
50 49
86 85
0 50
78 79
31 52
30 31
29 30
96 98
91 96
49 86
85 84
98 99
50 49
86 85
0 50
64 65
76 20
77 76
72 64
20 47
65 77
14 15
17 18
16 17
73 14
76 20
30 31
29 30
20 47
56 76
31 32
21 20
30 31
29 30
20 47
82 81
39 82
50 49
49 40
0 50
5 4
25 5
4 3
29 25
90 93
49 86
85 84
50 49
86 85
0 50
51 52
0 50
62 63
73 78
63 3
78 79
26 73
73 72
63 3
72 64
26 73
76 20
73 78
27 26
77 76
20 47
26 73
96 98
49 86
85 84
98 99
50 49
86 85
0 50
50 51
52 19
20 47
51 52
0 50
27 26
26 73
59 12
12 11
70 98
69 70
49 86
85 84
98 99
50 49
86 85
0 50
49 86
85 84
50 49
86 85
0 50
5 4
27 26
25 5
4 3
48 47
50 49
49 48
0 50
19 20
73 59
27 26
20 47
26 73
89 90
88 89
90 93
49 86
85 88
50 49
86 85
0 50
0 24
5 4
25 5
24 25
4 3
89 90
73 78
27 26
88 89
74 88
45 46
90 93
26 73
0 1
13 10
27 26
14 13
26 73
73 14
96 94
1 2
21 20
94 93
81 82
91 96
20 47
0 1
82 91
96 94
1 2
94 93
81 82
91 96
0 1
62 79
1 2
63 62
89 90
88 89
90 93
80 88
3 63
0 1
82 91
96 94
63 64
1 2
94 93
3 63
81 82
91 96
0 1
96 94
94 93
91 96
49 86
50 49
0 50
89 90
50 51
90 93
60 89
61 60
51 61
0 50
89 90
50 51
88 89
74 88
90 93
51 52
0 50
82 91
96 94
1 2
21 20
94 93
20 76
75 82
91 96
0 1
86 87
89 90
88 89
90 93
49 86
50 49
0 50
89 90
27 26
88 89
74 88
90 93
26 73
2 8
1 2
8 9
9 10
0 1
73 59
89 90
27 26
90 93
60 89
26 73
24 23
0 24
55 70
70 98
98 99
23 22
73 74
88 91
27 26
74 88
90 93
26 73
0 6
6 9
9 10
5 4
55 70
0 6
70 98
4 3
6 5
98 99
67 54
1 67
55 70
70 98
54 55
98 99
0 1
94 93
0 6
6 5
71 94
5 71
7 8
8 2
21 20
94 93
20 76
6 7
0 6
83 97
1 67
67 84
84 83
97 99
0 1
95 99
27 95
