193
66
32
53
65
61
60
41
34
38
28
31
27
43
68
64
58
37
62
75
76
23
29
46
57
54
49
50
48
55
40
56
42
81
45
44
93
47
59
10
20
51
18
35
83
89
84
74
86
36
87
85
11
17
80
6
70
2
9
5
7
79
67
14
82
19
78
22
24
92
15
71
73
91
88
26
16
90
97
95
72
8
1
30
13
39
98
4
73
8
26
73
4
26
39
16
30
90
26
39
73
26
16
30
39
73
67
39
73
39
73
26
97
39
73
26
79
30
39
73
26
26
8
73
26
26
95
74
26
74
26
74
26
73
8
35
73
83
8
36
73
35
73
13
86
17
87
74
26
73
8
67
5
10
5
86
20
97
20
89
16
97
93
8
8
90
89
8
10
90
20
97
5
86
67
67
29
29
80
20
26
86
73
75
73
67
73
81
26
17
26
28
53
32
352
0 25
12 25
63 96
63 96
4 12
0 4
12 25
63 96
63 96
77 98
0 25
98 99
21 39
77 98
0 25
98 99
39 63
77 98
0 13
33 39
13 33
98 99
39 63
77 98
0 4
30 39
4 30
98 99
39 63
21 39
77 98
1 21
98 99
39 63
0 1
0 8
21 39
77 98
8 21
98 99
39 63
0 8
21 39
69 72
39 69
8 21
72 99
0 8
21 39
95 99
39 69
69 95
8 21
97 99
0 8
21 39
8 21
63 97
39 63
0 8
90 99
21 39
63 90
8 21
39 63
16 52
0 16
95 99
69 95
0 26
26 52
95 99
69 95
0 26
26 52
88 99
69 88
0 26
26 52
69 91
91 99
0 8
39 73
21 39
73 99
8 21
71 73
0 26
26 52
73 99
52 71
0 8
39 73
8 15
73 99
15 39
69 92
0 26
26 52
92 99
39 73
4 24
24 39
73 99
0 4
39 73
26 22
0 26
73 99
22 39
16 30
0 16
30 78
78 99
90 99
63 90
19 63
0 19
0 26
26 52
82 99
52 82
39 73
73 99
14 39
0 14
0 26
26 52
52 67
67 99
30 79
16 30
0 16
79 99
39 73
73 99
0 7
7 39
0 5
21 67
5 21
67 99
39 73
9 39
73 99
0 9
39 73
73 99
0 2
2 39
97 99
0 26
70 97
26 70
6 39
39 73
73 99
0 6
0 26
52 80
26 52
80 99
30 79
0 17
17 30
79 99
39 73
11 39
73 99
0 11
0 26
85 99
26 52
52 85
87 99
0 26
26 52
52 87
0 8
36 73
73 99
8 36
52 86
0 26
26 52
86 99
74 95
26 74
0 26
95 99
74 84
26 74
0 26
84 99
26 74
89 99
74 89
0 26
83 99
26 74
0 26
74 83
0 8
35 73
73 99
8 35
18 35
35 73
0 18
73 99
0 8
83 99
8 51
51 83
36 73
20 36
0 20
73 99
10 35
0 10
35 73
73 99
59 86
13 59
86 99
0 13
17 47
87 99
0 17
47 87
93 99
26 74
0 26
74 93
0 8
8 44
73 99
44 73
45 67
0 5
5 45
67 99
10 33
0 10
33 81
81 99
0 5
42 86
5 42
86 99
97 99
56 97
20 56
0 20
40 89
20 40
89 99
0 20
97 99
16 55
55 97
0 16
93 99
0 8
48 93
8 48
50 90
0 8
90 99
8 50
8 49
0 8
49 89
89 99
54 90
90 99
10 54
0 10
97 99
57 97
20 57
0 20
5 46
0 5
46 86
86 99
67 99
0 29
29 67
67 99
23 67
0 23
76 99
29 76
0 29
75 99
0 29
29 75
25 62
62 99
0 25
37 80
80 99
0 37
0 20
58 99
20 58
0 26
64 99
26 64
25 68
68 99
0 25
43 86
86 99
0 43
0 27
73 99
27 73
31 75
75 99
0 31
0 28
28 73
73 99
38 67
0 38
67 99
34 73
73 99
0 34
41 81
0 41
81 99
26 60
60 99
0 26
17 61
0 17
61 99
26 65
65 99
0 26
53 99
28 53
0 28
53 99
0 32
32 53
66 99
32 66
0 32
