222
11
6
46
1
47
30
49
19
17
4
32
28
5
2
98
97
95
96
70
79
59
91
75
57
81
89
85
61
80
69
93
62
84
77
64
87
86
73
83
88
21
33
54
42
31
48
35
16
53
45
15
10
18
41
8
9
34
20
22
14
50
40
7
36
24
13
52
27
39
51
12
29
43
38
23
25
37
44
78
68
72
58
56
66
71
76
92
74
67
60
63
90
65
38
43
39
43
52
24
22
22
14
36
20
20
22
20
9
9
22
9
14
15
9
9
20
22
14
20
22
15
45
7
20
22
16
20
18
22
51
35
33
78
76
66
74
78
88
72
83
86
83
83
68
76
83
76
84
83
76
62
68
66
62
83
62
58
72
62
66
83
87
72
62
93
61
69
73
69
62
83
91
83
59
83
95
62
42
98
98
9
21
5
98
21
5
98
9
98
14
21
4
45
98
4
98
14
4
14
98
34
4
43
98
4
19
98
27
43
4
98
10
4
52
7
43
4
98
45
4
15
98
413
3 55
55 94
65 94
55 65
90 94
55 90
63 94
55 63
60 94
55 60
55 67
67 94
67 74
74 94
55 67
92 94
55 92
76 94
55 76
63 76
71 63
76 94
55 71
66 94
55 66
56 94
55 56
58 76
76 94
55 58
72 94
55 72
68 94
55 68
78 94
55 78
44 55
55 94
3 44
55 94
3 37
37 55
25 55
55 94
3 25
3 23
55 94
23 55
38 55
55 94
3 38
3 43
43 55
55 94
3 29
29 55
55 94
3 12
55 94
12 55
51 38
3 51
38 55
55 94
39 43
3 39
43 55
55 94
43 27
39 43
3 39
27 55
55 94
3 52
55 94
52 55
3 13
13 55
55 94
3 24
55 94
24 55
52 36
3 52
36 55
55 94
3 7
7 55
55 94
40 55
3 40
55 94
24 50
3 24
50 55
55 94
3 14
14 55
55 94
22 55
3 22
55 94
20 22
22 55
3 20
55 94
34 22
22 55
3 34
55 94
3 9
9 14
14 55
55 94
20 22
3 9
36 8
9 36
8 20
22 55
55 94
20 22
3 41
22 55
41 20
55 94
20 22
3 9
9 14
14 18
18 20
22 55
55 94
52 10
3 9
10 22
9 52
22 55
55 94
14 26
3 9
26 15
9 14
15 55
55 94
45 15
3 9
9 45
15 55
55 94
20 22
53 20
3 9
9 14
14 53
22 55
55 94
20 22
3 16
16 20
22 55
55 94
45 15
7 45
3 35
35 7
15 55
55 94
20 22
48 20
3 48
22 55
55 94
16 31
31 18
20 22
3 16
18 20
22 55
55 94
35 51
3 35
51 42
42 55
55 94
3 54
54 55
55 94
3 33
33 55
55 94
33 21
3 33
21 55
55 94
55 94
88 78
3 55
78 94
55 88
83 76
3 55
55 83
76 94
73 66
74 78
3 55
66 74
55 73
78 94
3 55
88 86
86 94
55 88
87 72
3 55
83 87
72 94
55 83
3 55
64 86
83 64
86 94
55 83
77 68
83 76
3 55
76 77
68 94
55 83
83 76
3 55
76 84
84 94
55 83
83 76
3 55
62 83
76 84
55 62
84 94
62 93
3 55
55 62
93 68
68 94
83 66
3 55
62 83
55 62
66 69
69 94
80 72
58 80
3 55
62 58
55 62
72 94
83 66
3 55
66 61
62 83
55 62
61 94
87 72
85 87
3 55
55 85
72 94
82 89
62 93
3 55
93 82
55 62
89 94
81 61
3 55
61 94
55 81
57 69
73 57
3 55
69 94
55 73
75 69
3 55
69 94
55 75
83 91
3 55
62 83
55 62
91 94
55 59
59 83
83 91
3 55
91 94
55 59
79 94
59 83
3 55
83 79
3 55
55 70
70 94
3 55
55 96
96 99
55 95
3 55
95 99
55 95
95 62
3 55
62 97
97 99
55 98
3 55
98 99
2 42
55 98
42 55
98 99
0 2
55 98
9 3
3 55
98 99
5 9
0 5
55 98
5 28
21 55
28 21
98 99
0 5
55 98
32 21
5 32
21 55
98 99
0 5
55 98
4 14
9 3
3 55
14 9
0 4
98 99
55 98
4 45
45 17
17 21
21 55
0 4
98 99
55 98
4 14
14 19
0 4
19 55
98 99
26 49
55 98
14 26
4 14
0 4
98 99
49 55
30 3
43 34
55 98
4 43
3 55
34 30
0 4
98 99
47 19
55 98
4 47
0 4
19 55
98 99
27 1
43 27
1 3
55 98
4 43
3 55
0 4
98 99
52 10
7 52
10 46
55 98
4 7
46 55
0 4
98 99
43 6
6 55
55 98
4 43
0 4
98 99
45 15
11 55
15 11
55 98
4 45
0 4
98 99
