218
33
76
35
89
91
34
12
70
55
18
92
85
20
67
83
56
7
25
52
62
42
82
71
10
28
16
31
66
6
40
11
48
72
39
5
21
38
4
17
60
61
22
74
77
51
24
54
47
13
90
94
14
32
59
44
1
23
26
87
46
27
78
75
84
45
53
80
49
79
58
19
63
36
93
81
86
37
41
29
64
43
2
8
30
65
68
88
9
69
15
57
73
50
73
57
41
53
49
78
53
41
53
41
27
53
27
53
19
49
75
59
32
59
37
32
1
29
94
23
23
32
23
24
23
32
23
86
15
13
32
22
29
77
23
59
37
59
84
21
37
84
59
5
46
41
72
23
39
37
72
65
59
37
72
84
36
31
16
36
37
59
72
84
71
9
71
72
72
48
62
62
62
48
71
66
62
58
56
66
56
71
66
67
71
53
27
71
53
71
92
53
59
84
71
67
55
59
84
85
70
55
9
84
37
34
55
9
34
55
70
67
55
56
18
27
53
18
55
344
0 95
50 57
50 73
0 50
50 95
73 95
0 73
57 95
0 57
73 95
0 50
0 50
57 95
15 95
0 15
69 95
0 69
9 15
15 95
0 9
88 95
0 88
0 68
68 95
0 65
65 95
30 95
0 30
65 8
8 95
0 65
2 8
65 2
8 95
0 65
43 8
8 95
0 43
64 8
65 64
8 95
0 65
0 29
29 95
41 95
0 41
37 65
65 41
41 95
0 37
0 86
86 95
81 41
41 95
0 81
93 95
0 93
36 3
3 41
41 95
0 36
86 63
63 95
0 86
19 3
3 41
41 95
0 19
0 58
58 95
0 79
79 95
49 41
41 95
0 49
79 80
0 79
80 95
0 53
53 95
53 45
45 41
0 53
41 95
49 84
84 95
0 49
75 95
0 75
78 95
0 78
53 27
27 78
0 53
78 95
46 41
58 46
53 58
0 53
41 95
87 41
41 95
0 87
26 95
0 26
53 27
23 95
27 23
0 53
53 27
1 95
27 1
0 53
19 44
44 95
0 19
49 59
59 95
0 49
0 32
32 95
14 75
75 59
59 95
0 14
32 86
86 94
94 49
49 59
59 95
0 32
90 65
65 37
37 84
84 59
32 90
59 95
0 32
13 95
0 13
47 29
29 1
1 95
0 47
32 86
86 94
54 23
94 54
23 95
0 32
32 24
24 23
23 95
0 32
51 23
23 95
0 51
77 24
24 23
23 95
0 77
32 86
86 74
74 23
23 95
0 32
15 13
22 15
13 95
0 22
32 61
61 95
0 32
29 60
22 29
60 95
0 22
17 95
0 17
4 23
77 4
23 95
0 77
38 59
59 95
0 38
21 37
37 84
84 59
0 21
59 95
21 37
37 84
84 59
59 5
5 95
0 21
41 46
39 41
46 5
5 95
0 39
0 72
72 95
48 23
72 48
0 72
23 95
39 11
11 95
0 39
72 37
37 65
65 40
40 95
0 72
6 95
0 6
72 37
37 84
84 59
59 66
66 95
0 72
31 95
0 31
36 31
16 36
31 95
0 16
36 28
16 36
28 95
0 16
0 10
10 95
72 37
37 84
84 59
71 95
59 71
0 72
71 95
82 71
0 82
72 9
71 95
9 42
42 71
0 72
62 95
72 48
48 62
0 72
62 95
0 52
52 62
25 62
62 95
0 25
7 48
62 95
48 62
0 7
56 66
71 95
66 71
0 56
56 66
66 58
58 83
83 62
62 95
0 56
56 66
66 67
67 71
71 95
0 56
67 71
71 95
20 67
0 20
27 53
53 71
71 95
85 27
0 85
92 53
53 71
71 95
0 92
53 18
18 95
92 53
0 92
55 84
0 55
84 59
71 95
59 71
55 84
66 67
67 70
70 95
0 55
84 59
59 66
70 95
85 12
12 70
0 85
55 84
37 72
72 9
9 34
0 55
84 37
34 95
9 34
0 55
91 9
34 95
55 91
0 55
89 34
34 95
55 89
55 35
56 66
66 67
67 70
70 95
0 55
35 56
53 18
18 95
76 27
27 53
0 76
33 18
18 95
0 55
55 33
