202
54
38
8
30
98
27
14
40
41
24
66
59
46
39
3
21
42
52
97
79
6
70
2
4
95
31
34
72
91
61
51
94
13
10
69
86
15
49
56
76
64
29
33
85
81
37
19
74
92
22
9
71
53
28
60
55
50
80
25
77
5
1
44
20
7
47
83
26
16
90
32
23
63
93
18
73
58
62
78
36
65
89
45
35
67
84
11
75
82
48
96
43
43
82
82
58
82
82
47
82
78
44
82
80
82
45
9
73
65
9
73
92
26
81
37
81
33
63
44
82
15
77
90
56
37
37
83
37
89
56
94
1
82
94
10
37
1
56
81
23
65
56
94
37
56
94
83
94
1
80
94
36
58
56
81
70
94
58
2
6
56
97
94
82
1
6
34
75
21
9
21
94
34
97
2
51
42
97
94
97
83
94
21
89
66
83
94
3
21
97
21
34
94
21
43
94
21
21
24
75
21
21
323
0 99
17 12
17 57
17 87
68 87
17 43
43 99
17 96
96 99
12 43
43 99
48 99
17 48
82 99
17 82
82 99
75 82
0 75
87 82
11 87
82 99
0 11
84 99
0 84
67 82
82 99
0 67
35 99
0 35
0 45
45 99
89 82
82 99
0 89
65 88
0 65
36 99
0 36
35 78
78 99
0 35
0 62
62 99
58 99
0 58
73 82
82 99
0 73
18 99
0 18
93 78
78 99
0 93
63 99
0 63
23 35
65 23
35 78
78 99
0 65
65 23
23 32
32 99
0 65
90 82
82 99
0 90
16 99
0 16
26 99
0 26
83 99
0 83
47 82
82 99
0 47
58 7
7 99
0 58
20 82
82 99
0 20
0 44
44 99
1 82
82 99
0 1
47 82
5 47
82 99
0 5
77 78
78 99
0 77
0 25
25 99
80 82
44 80
82 99
0 44
80 82
50 80
82 99
0 50
0 55
55 99
60 99
0 60
45 28
28 99
0 45
53 99
0 53
71 99
0 71
9 99
0 9
73 9
65 22
22 73
9 99
0 65
92 99
0 92
74 99
0 74
73 9
19 73
9 99
0 19
37 99
0 37
81 99
0 81
85 92
92 99
0 85
33 99
0 33
26 57
29 26
57 81
81 99
0 29
68 37
64 68
37 99
0 64
76 81
81 99
0 76
33 56
56 99
0 33
44 63
63 49
49 99
0 44
15 82
0 15
82 99
15 86
86 99
0 15
69 90
77 12
90 77
56 99
12 56
0 69
10 37
37 99
0 10
68 37
13 68
37 99
0 13
94 83
89 37
0 94
83 89
37 99
82 51
1 82
94 1
0 94
56 99
51 56
61 10
1 61
94 1
10 37
0 94
37 99
91 81
81 56
56 99
0 91
23 35
35 72
65 23
94 65
72 56
0 94
56 99
34 99
0 34
31 37
37 99
0 31
94 83
95 56
12 95
0 94
83 12
56 99
94 1
1 4
0 94
4 99
2 99
0 2
58 70
82 80
36 58
1 82
80 36
94 1
0 94
70 99
6 81
81 56
56 99
0 6
58 70
79 58
94 79
0 94
70 99
2 97
97 99
0 2
52 56
6 52
56 99
0 6
42 97
1 82
82 42
94 1
97 99
0 94
21 99
34 21
6 34
0 6
75 21
21 99
0 3
3 75
39 9
1 39
21 99
9 34
34 21
94 1
0 94
2 97
46 2
97 99
0 46
94 59
42 97
51 82
59 51
82 42
97 99
0 94
94 83
66 97
83 66
97 99
0 94
21 99
24 89
0 24
89 21
94 83
66 41
83 66
41 99
0 94
21 99
3 40
40 21
0 3
14 97
97 99
0 14
21 99
27 34
34 21
0 27
98 21
21 99
94 98
0 94
21 99
94 30
43 21
30 43
0 94
21 99
8 21
0 8
75 21
38 75
21 99
24 38
0 24
0 54
21 99
54 21
