241
74
20
13
30
66
44
2
89
33
6
5
61
90
86
67
35
91
63
18
26
28
87
43
70
39
34
93
22
68
58
23
98
53
8
17
29
88
50
79
19
54
71
37
96
85
52
24
41
12
75
10
51
49
92
97
92
16
92
92
92
14
92
92
12
49
92
12
31
92
14
97
62
92
36
51
92
97
73
51
10
76
24
97
51
73
51
12
75
85
73
24
92
97
51
47
46
97
92
47
31
96
64
46
92
47
31
92
47
96
46
31
10
79
24
47
88
79
14
47
37
92
47
46
31
46
92
47
31
92
64
47
8
84
78
7
46
78
8
84
88
77
65
47
58
10
65
46
68
24
46
65
22
64
14
92
31
58
64
10
16
68
78
46
23
52
97
94
64
92
78
16
64
31
92
94
64
92
94
47
97
52
94
47
23
97
52
94
78
84
19
52
94
36
26
19
65
78
84
52
63
94
78
47
91
52
94
26
8
65
63
78
84
7
26
19
94
47
26
94
35
47
26
94
52
58
65
91
67
94
52
44
61
94
91
94
52
30
30
31
5
30
362
56 84
94 99
16 31
56 57
78 99
92 64
83 37
14 25
32 69
40 31
31 80
47 92
45 25
75 12
42 73
11 76
40 73
57 62
31 55
69 38
16 64
72 25
9 48
11 92
92 97
45 49
11 92
92 15
49 48
57 16
11 92
92 15
51 1
81 51
11 92
92 15
31 10
10 25
97 14
11 92
14 31
92 97
69 75
11 92
75 48
92 15
69 12
12 48
11 92
92 15
49 12
38 49
12 48
11 92
92 15
12 48
55 12
97 14
11 92
14 31
92 97
62 80
11 92
92 15
41 36
83 41
36 48
51 1
97 24
11 92
24 51
92 97
51 1
81 51
73 45
10 25
76 10
52 97
51 1
11 52
97 24
24 51
42 85
85 9
9 48
51 1
81 51
73 45
85 82
12 48
42 85
82 75
42 73
73 45
51 1
97 24
24 51
0 47
92 97
46 96
96 25
0 46
47 92
97 37
37 1
0 47
92 97
71 1
32 71
56 54
54 1
96 64
46 96
64 31
0 46
15 19
47 92
19 80
0 47
92 15
31 80
47 92
92 11
0 47
25 79
79 1
46 96
96 25
0 46
31 80
69 10
10 31
56 50
50 80
88 24
24 79
79 1
47 88
0 47
88 14
25 79
79 1
47 88
0 47
47 92
37 1
92 83
0 47
46 29
29 1
0 46
31 80
17 31
46 17
0 46
8 1
56 8
47 92
92 53
53 1
0 47
31 80
47 92
64 31
0 47
84 78
8 84
56 8
98 72
78 99
9 7
46 98
0 46
78 99
84 78
57 8
8 84
32 23
23 99
88 77
58 65
77 58
47 88
0 47
38 69
65 99
68 38
10 58
46 68
58 65
69 10
0 46
65 99
24 22
68 24
46 68
22 65
0 46
92 64
14 25
93 14
65 99
64 93
47 92
25 22
22 65
0 47
92 64
65 99
64 16
10 58
47 92
58 65
31 10
0 47
68 38
38 34
78 99
46 68
34 78
0 46
52 94
32 23
97 52
23 97
92 64
7 78
64 16
78 99
16 39
47 92
39 7
0 47
16 31
94 99
92 64
55 70
64 16
31 55
47 92
70 94
0 47
94 99
92 64
43 9
47 92
64 43
9 94
0 47
94 99
52 94
97 52
47 87
87 97
0 47
94 99
52 94
28 23
97 52
47 28
23 97
0 47
78 99
84 78
94 99
26 19
19 36
52 94
36 52
0 26
26 19
65 99
19 18
18 65
0 26
78 99
63 84
84 78
0 63
94 99
32 91
91 52
52 94
63 32
0 63
47 35
78 99
35 78
0 47
94 99
91 52
52 94
67 91
0 67
86 65
65 99
26 8
8 86
0 26
84 56
90 7
7 78
78 99
56 90
63 84
0 63
94 99
26 19
61 94
80 61
19 80
0 26
5 99
47 5
0 47
94 99
26 6
6 94
0 26
33 99
47 35
35 33
0 47
94 99
52 94
89 52
26 89
0 26
65 99
2 58
58 65
0 2
42 67
94 99
91 52
52 94
44 42
67 91
0 44
94 99
61 94
44 66
66 61
0 44
94 99
0 30
32 91
91 52
52 94
30 32
0 30
30 59
13 99
59 13
31 20
0 30
20 99
30 31
0 30
5 99
74 5
30 74
