79
2
3
77
1
42
4
24
55
52
72
37
73
18
74
20
78
17
71
31
49
25
43
53
19
14
15
39
66
66
28
66
43
64
70
64
15
13
66
64
49
13
48
43
26
27
32
13
71
58
71
26
37
32
78
74
64
72
52
28
26
24
27
27
26
52
52
26
46
55
52
55
52
78
77
52
31
3
77
33
148
0 79
31 52
78 79
0 34
46 57
0 26
0 64
74 68
26 68
0 30
58 71
71 76
69 76
21 45
26 27
0 48
0 66
54 64
0 29
39 6
0 33
0 60
0 35
40 35
0 8
0 21
16 21
0 69
0 15
70 69
70 67
70 69
15 70
0 69
14 10
0 14
44 39
19 66
0 19
66 51
53 66
66 51
0 53
28 43
0 28
43 62
25 66
51 43
0 25
66 51
43 62
49 64
64 13
0 49
70 67
0 15
13 62
64 13
15 70
66 49
13 62
49 64
64 13
48 43
43 62
32 26
27 62
0 32
13 62
31 13
0 31
71 62
0 71
17 62
0 17
78 45
0 78
0 21
0 20
20 76
0 69
0 71
0 74
74 76
18 47
0 18
71 76
0 58
73 75
0 73
0 37
37 75
37 32
0 37
32 26
78 72
0 78
72 50
0 74
52 50
9 52
0 60
64 72
72 50
55 52
52 50
28 55
0 28
0 24
24 7
27 24
26 27
24 7
4 62
27 4
0 26
26 27
59 52
52 50
59 52
52 50
42 59
0 42
0 26
26 1
1 79
55 52
57 55
0 46
52 50
55 52
52 50
34 55
77 79
0 77
0 78
3 36
36 77
77 79
0 3
52 50
0 31
33 3
3 36
36 77
0 2
2 33
77 79
