221
24
68
63
89
83
12
37
66
20
13
34
35
65
98
7
9
80
26
46
1
53
87
29
15
86
10
45
96
73
2
62
60
31
33
54
70
17
82
3
18
41
77
84
79
25
21
72
32
61
67
48
93
5
91
85
76
75
8
38
39
57
43
69
50
22
81
36
42
52
19
16
78
14
94
6
64
55
90
97
23
4
11
95
74
59
88
58
56
44
30
28
92
51
49
47
40
71
47
49
88
4
16
78
78
81
58
42
16
78
69
78
50
81
69
78
78
81
81
78
69
81
69
81
85
97
81
57
8
78
58
32
72
32
57
50
81
43
41
25
55
25
3
38
3
74
54
95
25
91
3
38
69
41
3
62
41
95
2
62
8
62
45
62
90
59
25
16
86
62
38
45
62
59
41
62
45
58
38
45
3
59
62
45
87
41
58
45
15
62
45
2
86
25
38
45
59
65
36
45
80
65
35
46
34
65
53
45
76
65
45
20
66
65
45
92
80
82
65
86
35
45
350
0 99
92 49
92 47
0 71
71 99
0 40
40 99
47 99
0 47
49 99
0 49
51 99
0 51
0 92
92 99
0 92
47 99
92 28
0 92
28 99
0 92
49 99
30 28
0 30
28 99
0 44
44 99
44 56
0 44
56 99
44 58
0 44
58 99
92 49
49 88
88 99
0 92
44 59
59 99
0 44
44 74
74 99
0 44
95 74
0 95
74 99
0 11
11 99
49 74
4 49
0 4
74 99
23 88
88 99
0 23
97 99
0 97
0 90
90 99
11 55
55 88
88 99
0 11
0 64
64 99
6 99
0 6
94 88
64 94
88 99
0 64
64 14
14 99
0 64
11 78
78 99
0 11
16 88
0 16
88 99
19 88
0 19
88 99
16 4
4 52
0 16
52 99
42 78
78 99
0 42
0 36
36 99
0 81
81 78
78 99
81 22
0 81
22 99
42 78
81 50
50 74
74 58
58 42
0 81
78 99
69 78
16 69
0 16
78 99
69 78
43 69
0 43
78 99
57 99
0 57
81 50
50 39
39 78
0 81
78 99
69 78
38 69
0 38
78 99
8 78
0 8
78 99
81 75
0 81
75 99
76 78
81 76
0 81
78 99
0 85
85 99
91 69
69 78
81 91
0 81
78 99
5 69
69 78
81 5
0 81
78 99
97 93
85 97
0 85
93 99
81 48
0 81
48 99
0 67
67 99
61 57
0 61
57 99
32 8
8 78
0 32
78 99
58 72
32 58
0 32
72 99
21 72
0 21
72 99
32 25
25 99
0 32
79 57
0 79
57 99
50 84
81 50
0 81
84 99
0 77
77 99
0 41
41 99
43 18
18 99
0 43
3 41
0 3
41 99
82 99
0 82
55 25
17 55
0 17
25 99
3 38
70 25
38 70
0 3
25 99
3 54
0 3
54 99
74 54
95 74
33 95
0 33
54 99
31 25
0 31
25 99
3 38
91 60
69 91
38 69
0 3
60 99
3 41
41 62
62 99
0 3
2 95
95 41
41 62
0 2
62 99
73 8
8 62
0 2
2 73
62 99
96 62
62 99
0 96
0 45
45 99
10 90
45 59
0 45
90 62
59 10
62 99
86 25
0 86
25 99
15 62
16 15
86 16
0 86
62 99
45 59
0 45
29 62
59 38
38 29
62 99
45 87
58 41
0 45
87 58
41 62
62 99
38 3
45 59
0 45
59 38
3 53
53 99
0 45
45 1
62 99
1 62
0 46
46 99
41 26
45 87
58 41
0 45
87 58
26 99
15 62
0 80
80 15
62 99
0 45
45 9
9 99
2 7
0 2
7 99
25 98
86 25
0 86
98 99
45 59
0 45
65 99
59 38
38 65
35 36
45 35
0 45
65 99
36 65
34 65
65 99
0 80
80 34
46 13
45 35
13 34
34 65
0 45
35 46
65 99
45 20
0 45
20 53
53 99
66 65
0 45
76 66
65 99
45 76
66 65
20 37
45 20
48 66
0 45
37 48
65 99
82 12
80 92
92 82
12 99
0 80
86 83
83 65
65 99
0 86
0 89
89 99
63 99
0 63
68 99
45 35
0 45
35 68
0 24
24 99
