126
75
25
24
19
32
22
15
48
1
6
36
46
21
63
28
10
40
17
17
17
40
20
40
28
40
59
63
28
40
55
59
63
28
55
59
17
28
40
46
28
20
40
46
28
46
21
3
20
40
46
20
40
46
20
40
46
61
63
20
40
20
40
46
6
41
3
6
41
16
6
10
41
6
41
2
20
40
46
6
16
41
6
41
3
6
10
41
5
36
46
20
40
46
10
6
41
6
3
41
6
41
20
40
46
36
46
17
46
21
6
41
4
46
23
21
46
16
46
46
61
63
23
46
15
32
4
270
0 99
0 91
0 23
0 21
0 6
0 17
0 18
0 20
0 12
0 3
0 10
0 14
0 9
0 5
0 7
0 16
0 13
0 2
0 4
0 8
31 33
39 47
38 53
43 61
49 47
14 20
26 20
38 44
56 64
18 17
17 34
13 17
17 34
18 17
17 34
34 40
40 44
10 20
20 40
14 10
40 44
14 28
28 34
34 40
40 44
14 28
67 63
28 34
34 40
40 44
63 59
59 55
14 28
67 63
28 34
34 40
40 44
63 59
59 55
56 64
14 28
67 63
55 51
28 34
63 59
59 55
18 17
17 21
21 31
14 28
46 39
40 42
42 46
28 34
34 40
14 28
20 40
46 39
28 26
40 42
42 46
14 28
46 39
28 30
30 36
36 42
42 46
3 6
6 31
31 21
21 42
46 39
7 3
42 46
20 40
46 39
40 42
42 46
14 20
20 40
46 53
40 42
42 46
61 63
63 49
49 47
14 20
20 40
46 39
40 42
42 46
49 47
14 20
20 40
40 38
14 20
20 40
46 39
40 42
42 46
33 41
41 37
49 47
3 6
6 31
7 3
31 33
33 41
41 37
49 47
8 16
12 6
6 31
16 12
31 33
33 41
41 37
49 47
6 31
10 6
4 10
31 33
33 41
41 37
49 47
6 31
2 6
39 47
26 20
20 40
46 39
40 42
42 46
31 33
33 41
41 37
49 47
12 6
6 31
16 12
31 33
33 41
41 37
49 47
3 6
6 31
7 3
31 33
33 41
41 37
49 47
5 10
6 31
10 6
39 47
18 36
46 39
36 42
42 46
39 47
14 20
20 40
46 39
40 42
42 46
31 33
33 41
41 37
49 47
6 31
10 6
31 33
33 41
41 37
49 47
3 6
6 31
31 33
33 41
41 37
49 47
12 6
6 31
39 47
20 40
46 39
40 42
42 46
39 47
18 36
46 39
36 42
42 46
39 47
17 21
21 42
46 39
42 46
31 33
33 41
41 37
49 47
6 31
0 4
39 47
4 1
1 23
23 46
46 39
39 47
21 42
46 39
42 46
0 16
16 48
48 53
39 47
53 46
46 39
0 15
15 38
38 53
39 47
53 46
46 39
0 22
61 63
63 49
49 47
22 61
39 47
23 46
46 39
0 15
15 38
39 47
38 32
32 39
0 19
19 91
0 24
39 47
24 32
32 39
0 18
18 25
25 51
0 4
4 75
75 99
