231
25
2
73
94
89
10
49
5
43
36
27
22
23
37
42
85
55
83
82
59
41
38
6
24
29
74
57
16
46
69
32
72
18
7
70
62
84
65
47
90
91
45
51
4
33
39
76
8
67
81
15
66
79
71
87
61
30
95
1
54
50
68
77
92
53
63
78
52
86
21
88
56
34
80
17
20
12
3
35
40
31
75
64
26
9
44
60
13
14
48
58
19
28
93
14
40
64
86
86
21
78
77
80
92
52
14
52
31
86
92
50
80
86
14
92
92
14
92
30
50
66
30
71
66
92
30
9
92
92
68
15
80
66
79
14
92
39
71
92
30
88
77
76
78
91
8
50
30
91
88
30
13
47
8
79
14
92
30
76
91
92
30
90
76
66
92
76
66
86
92
71
14
92
71
92
75
92
62
92
30
76
92
14
92
76
90
92
76
92
17
46
92
14
24
92
59
14
92
59
76
92
53
59
30
14
92
55
76
92
30
42
83
59
83
55
46
92
50
30
92
30
55
14
92
10
55
30
94
50
30
10
366
0 96
14 19
0 93
93 96
28 96
0 28
19 96
0 19
0 58
58 96
0 48
48 96
0 14
14 96
19 96
0 14
13 96
0 13
58 60
60 96
0 58
28 60
44 28
0 44
60 96
14 19
44 9
9 14
0 44
19 96
26 13
0 26
13 96
26 64
64 96
0 26
75 96
0 75
75 31
31 96
0 75
31 40
75 31
40 96
0 75
9 14
14 40
40 96
35 9
0 35
26 3
3 96
0 26
26 12
12 3
3 96
0 26
13 20
26 13
20 3
3 96
0 26
26 17
17 96
0 26
0 80
80 96
80 34
34 96
0 80
56 3
80 56
3 96
0 80
26 88
88 20
20 3
3 96
0 26
21 96
0 21
0 86
86 96
31 40
40 96
52 31
0 52
78 96
0 78
63 40
40 96
0 63
64 53
86 64
53 96
0 86
92 96
86 21
21 92
0 86
78 77
77 96
0 78
86 80
80 68
68 77
77 96
0 86
92 96
50 92
0 50
92 96
14 92
52 54
54 14
0 52
92 96
1 31
52 1
31 92
0 52
92 96
86 95
95 92
0 86
50 30
30 96
0 50
86 80
80 61
61 96
0 86
92 96
87 14
14 92
0 87
92 96
71 92
0 71
92 96
14 92
79 14
0 79
50 30
30 96
66 50
0 66
15 30
30 96
66 15
0 66
71 81
81 96
0 71
92 96
66 67
67 92
0 66
30 96
8 9
9 30
0 8
92 96
76 92
0 76
92 96
39 92
0 39
86 80
80 68
33 15
66 86
15 30
30 96
68 33
0 66
92 96
4 79
14 92
79 14
0 4
71 51
51 39
92 96
39 92
0 71
45 96
0 45
91 88
30 96
88 30
0 91
91 88
78 77
90 76
92 96
77 90
76 92
88 78
0 91
8 47
50 30
30 96
47 50
0 8
91 88
88 26
13 65
30 96
26 13
65 30
0 91
84 79
92 96
8 47
47 84
14 92
79 14
0 8
92 96
62 92
0 62
30 96
70 30
0 70
92 96
76 92
91 7
7 76
0 91
30 96
18 30
0 18
66 72
90 76
92 96
76 92
72 90
0 66
86 32
92 96
66 86
32 76
76 92
0 66
69 14
92 96
71 69
14 92
0 71
71 46
92 96
46 92
0 71
92 96
16 75
75 92
0 16
57 62
92 96
62 92
0 57
30 96
74 30
0 74
29 76
92 96
76 92
0 29
92 96
14 92
24 14
0 24
90 76
92 96
76 92
6 90
0 6
92 96
76 92
38 76
0 38
17 46
92 96
41 17
46 92
0 41
92 96
59 24
14 92
24 14
0 59
59 82
92 96
14 92
82 14
0 59
83 96
0 59
59 83
92 96
76 92
55 76
0 55
59 53
30 96
53 85
85 30
0 59
92 96
42 14
14 92
0 42
55 37
92 96
76 92
37 76
0 55
23 30
42 23
30 96
0 42
83 96
59 22
22 83
0 59
55 27
83 96
27 83
0 55
92 96
36 46
46 92
0 36
50 30
30 96
43 50
0 43
5 92
92 96
0 5
30 96
49 30
0 49
55 10
10 96
0 55
89 14
92 96
14 92
0 89
0 94
55 10
10 96
94 55
30 96
73 30
0 73
0 94
2 50
94 2
50 30
30 96
10 96
25 10
0 25
