175
18
73
82
66
32
51
49
59
69
37
11
87
55
93
46
38
12
84
80
43
6
41
71
62
4
47
33
17
8
81
60
89
53
29
28
35
79
24
65
58
48
52
61
15
31
54
86
26
64
57
22
25
40
63
91
21
90
14
1
19
78
2
76
27
36
36
92
36
36
27
36
92
92
39
92
36
36
19
68
19
27
78
14
39
14
63
39
14
39
14
14
1
14
2
14
14
19
14
22
1
2
14
39
86
31
31
78
31
19
78
39
35
78
92
78
89
78
29
8
61
78
79
68
78
79
68
29
78
40
89
62
29
29
71
62
54
2
71
89
62
78
62
29
71
62
54
62
78
62
85
84
6
85
84
12
62
29
62
29
62
29
29
29
78
79
93
51
52
84
51
79
29
65
51
79
345
74 14
2 75
44 14
0 77
75 67
36 7
75 56
0 16
50 5
83 5
56 67
23 92
9 45
0 9
77 16
77 16
0 9
36 5
77 36
0 9
36 5
77 36
36 5
77 36
92 50
83 27
0 9
27 36
36 5
83 27
0 9
27 36
36 5
23 92
92 76
76 70
56 67
0 9
56 67
23 92
92 50
39 2
0 39
2 70
50 5
78 50
92 78
56 67
23 92
56 67
19 36
56 67
0 19
36 5
0 16
56 67
19 36
56 67
0 19
0 16
1 68
0 1
68 67
13 14
14 72
19 90
90 27
0 19
27 83
83 14
14 72
56 75
75 67
9 21
21 56
0 9
75 67
91 30
0 91
77 78
50 5
5 83
78 50
83 14
14 72
39 63
63 13
13 14
0 39
14 72
39 63
0 39
14 72
63 44
40 13
39 40
13 14
0 39
14 72
14 72
0 25
25 14
1 22
22 45
44 14
0 1
14 72
0 77
75 67
88 2
0 16
57 13
16 57
13 14
14 72
0 16
14 72
19 64
0 19
64 14
14 72
1 22
22 45
45 26
44 14
26 44
0 1
14 72
86 42
0 86
75 54
54 74
74 14
2 75
0 77
88 2
14 72
31 72
39 31
0 39
0 15
15 72
61 56
86 70
56 31
70 61
31 72
0 86
52 30
0 77
30 31
77 78
31 72
78 52
77 48
75 56
0 77
56 31
31 72
48 75
58 72
0 58
19 65
0 19
65 72
24 72
23 24
78 79
0 77
77 78
79 34
39 35
35 34
0 39
0 28
28 34
29 83
5 35
0 29
83 5
35 34
92 53
0 77
77 78
78 92
53 34
78 89
0 77
77 78
89 34
89 60
78 89
0 77
77 78
60 34
5 81
29 83
0 29
83 5
81 34
9 8
0 9
8 94
0 16
16 17
17 8
8 94
79 68
61 33
68 61
78 79
0 77
33 34
77 78
79 68
47 34
78 79
0 77
68 47
77 78
29 83
0 29
5 4
83 5
4 94
13 62
78 89
0 77
89 40
40 13
77 78
62 94
13 62
71 13
62 94
0 71
29 83
41 34
0 29
83 41
29 83
0 29
83 6
6 94
54 71
75 54
13 62
2 75
43 2
71 13
0 43
62 94
80 71
89 80
13 62
78 89
0 77
71 13
77 78
62 94
0 84
84 94
29 83
13 62
0 29
83 12
12 13
62 94
54 71
38 54
13 62
71 13
0 38
62 94
13 62
46 13
0 46
62 94
0 77
78 93
77 78
93 94
84 85
85 55
13 62
0 84
55 13
62 94
84 85
85 87
87 6
0 84
6 94
29 83
13 62
11 13
0 29
12 11
83 12
62 94
29 83
13 62
0 29
83 37
37 13
62 94
0 29
69 62
29 69
62 94
29 83
0 29
83 59
59 94
29 83
0 29
83 49
49 94
78 79
0 77
79 51
77 78
51 94
32 93
0 32
93 94
52 51
84 66
0 84
66 52
51 94
82 65
29 83
65 79
0 29
83 82
79 51
51 94
77 73
73 79
0 77
79 51
51 94
0 18
18 94
