55
1
47
7
65
26
37
50
48
32
16
48
16
15
5
48
16
5
48
62
16
49
5
48
62
16
55
49
5
48
12
21
26
21
49
5
48
62
16
26
65
20
21
43
4
58
30
49
62
48
61
53
1
49
62
48
85
53 70
26 20
36 51
49 18
15 33
25 34
32 33
6 32
16 48
48 5
0 16
16 48
48 5
0 16
25 34
5 15
16 48
48 5
0 16
49 50
50 18
5 62
16 48
62 49
48 5
0 16
5 62
16 48
62 49
48 5
0 16
69 37
37 55
55 70
49 18
5 62
16 48
62 49
48 5
0 16
41 12
21 26
26 41
12 56
6 21
65 70
11 65
21 26
26 41
6 21
49 18
5 62
16 48
62 49
48 5
0 16
65 70
21 26
20 65
6 21
7 8
8 28
43 7
17 4
4 58
46 47
47 28
58 30
61 1
36 51
48 61
1 62
49 18
16 48
62 49
0 16
61 1
36 51
63 53
48 61
1 62
49 18
16 48
62 49
0 16
