198
65
4
67
32
18
6
57
48
30
51
73
77
44
71
25
12
13
8
85
93
98
82
17
54
42
46
20
50
41
66
95
19
22
24
70
76
3
86
97
49
58
63
9
90
74
7
69
53
68
47
47
47
47
10
1
47
68
68
1
47
1
1
47
91
1
1
28
1
38
5
75
16
1
28
90
21
1
5
1
28
21
5
40
1
28
40
1
47
16
1
7
1
40
28
5
1
59
1
86
16
1
86
59
1
1
75
1
10
91
9
63
28
1
19
90
91
91
19
16
53
19
84
72
22
1
10
38
28
22
58
64
38
47
68
22
10
1
7
10
59
1
59
1
1
56
19
38
68
38
68
38
47
56
22
1
46
38
22
1
98
84
98
78
8
98
56
98
78
1
56
28
71
34
98
78
77
34
71
35
56
44
78
33
77
34
71
49
77
49
78
98
71
1
41
48
77
49
67
394
2 68
19 52
10 87
79 10
38 47
60 38
43 99
62 84
91 90
28 34
96 59
40 81
21 81
81 5
28 40
45 28
88 14
33 78
0 1
14 78
14 11
94 10
72 83
61 15
2 47
11 88
26 81
89 83
47 81
33 47
89 83
89 83
89 83
11 88
47 33
89 83
2 47
11 88
47 33
2 47
11 88
47 33
72 83
1 79
10 1
68 23
2 47
47 81
37 68
89 83
68 23
37 68
89 83
64 31
89 83
68 23
1 79
37 68
89 83
64 31
2 47
47 33
89 83
14 78
64 31
0 1
1 79
89 83
0 1
62 53
53 5
1 79
89 83
47 69
72 83
2 47
69 91
0 1
87 7
1 79
7 89
89 83
88 14
15 61
0 1
14 74
72 83
1 79
74 15
0 1
28 38
38 5
1 79
89 83
5 27
90 23
89 83
75 90
0 1
9 16
81 9
1 79
89 83
45 28
0 1
21 90
1 79
90 23
89 83
0 1
1 79
89 83
5 27
81 5
28 40
45 28
40 21
0 1
1 79
89 83
5 27
28 40
45 28
0 1
63 23
1 79
89 83
40 63
47 58
2 47
58 27
89 83
16 27
0 1
49 16
1 79
45 49
89 83
97 55
55 7
29 97
0 1
1 79
7 89
89 83
81 5
28 40
45 28
0 1
1 79
89 83
5 27
0 1
59 61
72 83
86 59
1 79
45 86
3 16
86 3
16 27
0 1
1 79
89 83
45 86
2 76
76 89
89 83
0 1
86 96
59 61
72 83
1 79
45 86
0 1
70 23
1 79
45 70
89 83
72 83
94 75
75 24
24 72
0 1
1 10
22 43
10 22
19 91
72 83
60 19
91 80
95 80
72 83
60 95
34 9
9 63
45 28
0 1
63 23
1 79
89 83
19 91
60 19
90 23
89 83
91 66
19 91
66 16
16 27
60 19
89 83
19 53
53 62
72 83
60 19
84 72
0 1
1 10
22 43
10 22
28 34
43 99
38 28
34 22
22 43
60 38
24 68
47 58
43 99
58 64
64 24
68 15
43 99
0 1
1 79
22 43
10 22
96 59
79 10
43 99
61 15
0 1
87 7
7 96
59 61
1 79
79 41
43 99
61 15
0 1
59 61
41 59
1 79
43 99
0 1
50 15
1 79
79 50
56 20
20 83
0 56
38 19
60 38
43 99
52 68
68 15
60 38
46 23
38 46
43 99
61 15
38 47
60 38
43 99
47 2
68 15
43 99
56 42
42 43
0 56
43 99
0 1
1 54
54 22
22 43
60 38
17 22
38 46
43 99
94 17
46 94
22 43
60 82
43 99
61 15
82 61
43 99
61 15
0 98
98 80
43 99
0 1
93 15
1 93
62 84
84 85
43 99
0 98
85 43
98 62
98 78
0 98
78 8
8 99
13 8
0 98
98 13
8 99
56 12
12 99
0 56
78 33
98 78
43 99
0 98
33 25
25 15
43 99
0 1
71 43
1 71
56 44
43 99
44 43
0 56
28 34
43 99
77 28
71 43
34 71
0 77
78 73
98 78
43 99
0 98
73 15
35 51
77 35
51 34
43 99
71 43
34 71
0 77
78 33
56 44
33 30
98 78
43 99
30 56
0 98
44 43
48 34
49 48
77 49
43 99
71 43
34 71
0 77
0 57
57 99
77 49
49 6
0 77
6 99
98 78
0 98
78 18
18 99
1 32
43 99
0 1
71 43
32 71
0 67
67 99
49 48
48 41
41 4
4 99
77 49
0 77
67 65
65 99
0 67
