81
8
4
17
20
47
3
34
32
18
54
25
25
25
31
25
25
25
25
25
25
25
25
25
25
25
25
25
25
40
18
18
25
18
25
18
32
18
34
54
32
18
38
7
9
34
54
32
32
18
32
18
32
18
32
18
18
3
18
54
27
47
53
54
27
3
61
31
45
61
31
18
20
48
47
53
20
48
53
20
4
53
237
37 64
48 64
0 6
18 62
0 2
61 31
14 1
21 60
14 42
5 11
39 10
39 11
30 7
51 7
19 45
25 19
40 23
5 14
1 39
44 12
42 41
42 10
2 35
45 21
60 35
57 21
60 59
62 6
31 49
63 6
49 63
33 25
25 23
33 25
25 23
49 63
33 25
25 23
63 6
62 31
49 63
33 25
25 23
33 25
25 23
62 6
33 25
25 23
62 6
33 25
25 23
62 6
33 25
25 23
62 6
33 25
25 23
62 6
33 25
25 23
2 35
62 6
33 25
25 23
2 35
62 6
33 25
25 23
42 41
2 35
62 6
33 25
25 23
42 41
2 35
62 6
33 25
25 23
42 41
2 35
54 55
1 54
62 6
33 25
25 23
42 41
2 35
62 6
33 25
25 23
5 14
18 46
60 18
42 41
62 6
33 25
25 23
5 14
22 40
18 46
60 18
42 41
62 6
5 14
18 46
60 18
42 41
62 6
33 25
25 19
5 14
18 46
60 18
42 41
62 6
33 25
32 57
5 14
18 46
60 18
42 41
33 32
62 6
32 57
5 14
18 46
34 41
60 18
13 34
33 32
62 6
52 51
54 52
32 57
18 46
34 41
60 18
7 38
38 34
33 32
1 54
62 6
9 30
32 57
18 46
34 41
60 18
54 9
7 38
38 34
33 32
1 54
62 6
32 57
18 46
1 39
60 18
42 41
33 32
62 6
32 57
18 46
1 39
60 18
33 32
62 6
11 39
39 10
32 57
18 46
60 18
33 32
62 6
32 57
5 14
18 46
60 18
42 41
33 32
62 6
5 3
3 2
18 46
60 18
62 6
45 21
5 3
18 46
60 18
3 45
62 6
53 47
47 37
54 27
1 54
53 47
47 37
27 53
5 14
54 27
1 54
5 3
45 61
3 45
31 62
62 6
61 31
45 61
2 45
31 62
62 6
0 2
60 18
62 6
0 20
20 37
63 17
0 20
17 26
20 37
47 53
37 47
16 48
0 20
53 16
20 37
48 64
16 48
0 4
4 53
53 16
0 20
20 37
8 64
0 4
53 8
4 53
