189
13
33
26
14
63
56
89
94
54
46
19
68
86
82
39
59
24
84
83
53
92
42
32
90
36
78
91
44
10
31
81
80
21
45
22
34
67
37
25
69
11
61
65
8
35
71
72
88
3
62
7
28
29
6
77
17
50
70
58
66
41
64
93
79
76
74
85
73
4
9
75
9
60
15
49
75
73
75
9
76
75
73
85
73
74
73
38
74
38
85
79
4
64
15
41
79
64
4
64
57
9
49
64
9
49
17
9
64
15
38
17
9
64
9
28
15
23
9
28
64
71
4
57
3
61
64
11
15
11
61
20
72
25
64
11
4
61
20
49
20
61
4
45
11
4
61
20
4
61
4
57
11
28
32
37
36
61
91
32
58
42
44
84
61
20
42
32
32
74
36
61
32
58
78
32
24
82
32
42
54
32
32
54
86
14
26
47
26
14
344
49 48
4 52
52 96
18 40
1 55
30 38
51 87
43 74
73 43
95 76
23 75
9 49
52 15
60 27
5 43
18 87
18 75
51 9
9 2
75 87
51 9
9 2
51 9
9 2
18 87
23 60
4 20
5 4
51 73
73 52
51 73
18 87
15 18
73 52
51 9
49 20
75 87
2 85
85 87
51 73
73 55
74 87
95 74
76 75
9 76
75 87
51 9
76 75
75 87
79 18
73 79
51 73
18 87
2 85
85 87
51 73
73 43
74 87
51 73
51 87
38 51
93 74
30 38
74 87
38 93
2 85
85 87
1 55
79 18
2 79
30 64
64 40
15 52
57 4
30 64
4 15
64 57
30 41
41 48
66 96
1 66
1 58
58 96
41 70
70 48
30 41
79 50
30 64
50 96
64 79
52 96
57 4
30 64
64 57
9 49
30 64
64 9
17 9
49 48
55 17
1 55
9 49
17 9
55 17
77 48
9 77
1 55
52 96
15 52
64 6
30 64
6 15
38 29
30 38
29 48
9 28
17 9
4 52
55 17
52 96
1 55
28 4
7 48
64 7
30 64
9 28
4 52
52 96
62 9
28 4
30 62
3 96
30 3
52 96
15 52
88 15
0 88
52 96
55 72
1 55
72 52
52 96
1 71
71 52
23 17
9 28
35 23
64 35
17 9
4 52
52 96
28 4
30 64
8 96
30 8
52 96
65 71
30 65
71 52
0 61
61 96
4 52
52 96
57 4
11 57
0 11
69 3
61 69
0 61
3 96
64 25
52 96
30 64
25 52
52 96
11 37
15 52
37 15
0 11
67 48
11 67
0 11
20 34
61 20
52 96
34 72
72 52
0 61
64 25
22 64
52 96
30 22
25 52
11 45
52 96
45 52
0 11
4 52
52 96
21 4
30 21
80 49
61 20
49 48
20 80
0 61
61 20
4 52
52 96
81 4
20 81
0 61
11 45
4 52
45 31
52 96
31 4
0 11
20 10
61 20
4 52
52 96
10 4
0 61
30 44
44 48
61 91
52 96
91 52
0 61
30 78
78 57
4 52
52 96
57 4
52 96
36 52
0 36
52 96
90 52
30 90
32 96
11 32
0 11
42 52
1 42
52 96
28 58
37 92
32 96
36 37
58 32
92 28
0 36
52 96
53 52
0 53
83 75
75 58
91 83
32 96
58 32
61 91
0 61
95 42
42 52
84 95
52 96
30 84
44 24
24 52
30 44
52 96
95 42
42 52
20 59
84 95
61 20
59 84
52 96
0 61
30 39
27 32
32 96
39 27
32 96
82 32
0 82
36 74
74 43
43 86
86 96
0 36
61 68
32 96
68 58
58 32
0 61
78 19
30 78
19 27
27 32
32 96
46 24
24 52
52 96
0 46
32 96
0 54
82 32
54 82
42 52
1 42
94 1
52 96
0 94
54 89
32 96
0 54
89 32
56 27
27 32
32 96
0 56
51 63
63 87
87 86
54 51
86 96
0 54
0 14
14 52
52 96
26 96
0 14
14 26
26 96
33 47
47 26
0 33
26 96
14 13
0 14
13 26
