181
93
62
33
47
11
56
49
87
6
88
61
81
51
48
28
96
1
90
4
12
92
95
16
57
26
24
85
24
85
76
20
26
5
76
19
16
19
5
67
19
86
55
19
83
55
67
55
26
55
92
78
55
26
16
5
83
67
98
55
2
89
89
55
96
83
55
67
92
58
45
64
26
26
58
92
45
26
1
98
55
22
86
86
5
16
83
67
65
51
64
22
23
71
65
26
5
16
83
67
43
92
45
26
4
89
43
26
61
59
22
59
22
2
89
26
41
55
26
22
95
88
19
55
10
85
26
22
55
26
95
88
7
10
11
12
7
90
55
41
7
1
65
55
6
55
80
56
26
83
67
55
12
7
55
83
67
79
92
26
37
12
7
78
55
26
41
26
6
70
79
37
62
11
79
20
58
79
62
79
89
37
327
0 35
20 45
70 99
53 99
44 78
79 99
54 36
35 50
80 46
14 55
65 1
12 7
30 29
35 8
15 95
22 77
7 55
26 32
2 34
22 59
42 89
43 77
71 23
51 64
41 65
5 40
86 94
38 94
45 58
53 41
89 2
35 3
46 66
98 25
54 19
29 55
40 86
15 19
0 67
15 76
9 42
24 3
84 42
44 85
85 24
24 3
0 26
26 44
44 85
85 24
57 76
20 57
0 26
26 44
84 20
76 19
83 16
16 5
5 19
74 95
95 17
19 39
76 19
83 16
19 39
16 5
5 19
67 83
19 39
9 42
86 82
9 42
55 13
0 67
29 55
19 39
55 13
67 83
44 92
29 55
92 39
0 26
26 44
55 13
29 55
9 42
55 13
9 42
46 66
36 12
98 25
12 78
44 92
29 55
92 39
0 26
26 44
55 13
78 98
0 67
83 16
16 5
5 4
4 64
67 83
9 42
42 90
90 41
7 1
98 25
1 98
29 55
9 42
55 13
2 41
35 89
89 96
29 55
96 91
55 13
35 89
9 42
28 96
54 28
0 67
29 55
83 54
96 91
55 13
67 83
44 92
92 45
64 50
0 26
58 64
26 44
46 66
0 26
26 44
45 58
58 48
44 92
92 45
0 26
26 44
48 32
98 25
1 98
29 55
22 51
51 1
55 13
72 22
35 3
40 86
46 66
86 94
40 86
0 67
46 66
83 16
16 5
67 83
53 41
9 42
65 77
22 51
64 50
72 22
41 65
23 41
0 26
26 44
44 71
65 77
0 67
5 81
83 16
16 5
81 34
67 83
44 92
92 45
0 26
26 44
45 43
43 77
9 42
4 43
89 4
46 66
52 61
0 26
26 44
61 46
46 66
61 46
59 61
72 22
22 59
88 34
59 88
72 22
6 73
72 6
9 42
42 87
87 30
42 89
89 2
9 42
0 26
41 53
26 32
0 26
55 13
32 41
72 22
19 15
95 88
7 55
54 19
88 10
0 67
83 54
10 7
55 13
67 83
46 66
85 49
49 66
0 26
26 44
44 85
22 77
29 55
55 13
72 22
26 32
0 26
32 56
56 66
95 88
7 55
88 10
11 95
26 11
0 26
10 7
55 13
7 55
11 90
90 82
26 11
82 12
0 26
55 13
7 55
41 65
1 7
26 32
0 26
55 13
32 41
47 66
9 47
6 73
55 13
72 6
56 80
26 32
46 66
0 26
32 56
54 33
0 67
83 54
33 13
67 83
14 55
55 13
12 7
7 55
36 12
0 67
83 54
55 13
67 83
44 92
0 26
26 44
92 37
12 7
7 55
78 12
0 26
26 44
55 13
41 53
26 32
0 26
32 41
6 70
72 6
79 99
37 79
42 62
62 37
9 42
79 99
90 20
37 79
62 37
45 58
11 90
58 62
26 11
0 26
79 99
72 93
93 79
79 99
37 79
42 62
62 37
89 42
35 89
