28
11
1
27
26
20
21
24
25
10
10
10
10
25
4
10
10
10
21
10
21
10
10
21
10
10
21
10
10
77
3 21
0 3
17 4
0 13
60 63
22 17
8 28
14 28
8 28
9 10
10 46
22 17
8 28
9 10
10 46
22 17
8 28
60 63
9 10
10 46
8 28
22 25
25 9
0 13
60 63
9 10
10 46
17 22
4 25
25 9
0 13
60 63
9 10
10 46
60 63
2 24
10 46
24 10
0 13
60 63
21 10
7 21
10 46
20 28
28 21
0 13
60 63
21 10
10 46
13 20
60 63
21 10
8 21
10 46
5 26
0 13
60 63
10 46
26 10
27 21
60 63
21 10
10 46
0 27
5 1
0 13
1 10
60 63
10 46
0 3
60 63
21 10
10 46
0 11
60 63
11 10
10 46
