180
18
17
68
55
84
29
63
36
72
6
33
13
71
73
77
38
44
24
67
86
53
61
26
70
80
87
43
85
62
21
51
16
66
59
19
78
12
96
74
23
49
3
41
2
40
35
69
4
8
27
20
93
95
57
10
48
31
15
42
9
88
39
90
64
7
76
58
11
50
25
5
56
54
45
22
75
82
65
94
34
92
28
30
98
1
46
89
81
60
52
37
37
11
11
81
37
76
11
92
76
64
76
11
76
76
65
57
11
94
20
10
11
20
34
20
76
20
11
37
20
75
20
37
15
20
76
37
65
57
11
20
11
11
20
12
20
75
98
12
49
98
12
98
20
12
20
43
70
21
53
52
12
11
69
20
76
43
75
61
70
16
61
21
1
13
7
33
56
12
6
76
73
6
1
40
6
29
6
26
13
287
0 99
0 32
0 79
0 83
0 79
79 52
52 99
83 60
60 99
0 83
0 32
32 81
81 99
0 89
89 99
0 46
46 99
89 1
1 99
0 89
98 47
0 98
0 30
30 99
0 28
28 99
0 92
92 99
34 99
0 34
94 99
0 94
65 99
0 65
82 99
0 82
75 99
0 75
22 34
28 22
34 99
0 28
45 99
0 45
75 99
54 75
0 54
56 99
0 56
5 99
0 5
25 99
0 25
37 50
0 37
50 99
11 99
0 37
37 11
11 99
58 11
0 58
76 99
0 76
81 11
11 99
7 81
0 7
37 64
0 37
64 99
76 99
90 76
0 90
39 11
11 99
0 39
0 88
88 99
0 9
9 99
42 99
0 42
92 15
15 76
76 99
0 92
64 31
31 76
76 99
37 64
0 37
48 99
0 48
11 99
10 11
0 10
76 99
0 57
57 76
76 99
95 76
0 95
57 65
65 93
93 11
11 99
0 57
0 20
11 99
20 11
0 20
94 27
79 94
27 99
20 79
8 10
11 99
10 11
0 8
4 34
0 20
34 99
20 4
0 20
76 99
69 76
20 69
0 20
35 11
37 35
11 99
20 37
40 75
0 20
75 99
20 40
0 20
37 2
20 37
2 99
0 20
37 41
15 76
41 15
76 99
20 37
65 3
57 65
3 11
11 99
0 57
0 49
49 99
0 23
23 99
0 20
74 11
11 99
20 74
96 11
11 99
0 96
12 99
0 12
78 99
0 78
0 20
12 99
19 12
20 19
0 20
20 59
59 75
75 99
66 98
98 12
12 99
0 66
49 16
16 99
0 49
51 99
0 51
0 21
21 99
62 98
98 12
12 99
0 62
0 20
85 98
98 12
12 99
20 85
43 99
0 43
87 99
0 87
0 20
80 43
43 99
20 80
70 99
0 70
0 26
70 99
26 70
21 61
61 99
0 21
0 53
53 99
86 12
52 86
0 53
12 99
53 52
67 11
11 99
0 67
20 24
24 69
0 20
76 99
69 76
44 43
43 99
0 44
38 75
0 38
75 99
77 99
0 77
73 61
0 73
61 99
0 71
70 99
71 70
0 13
13 16
16 99
83 21
33 83
0 33
21 61
61 99
6 99
0 13
1 6
13 1
83 7
72 12
7 56
33 83
56 72
0 33
12 99
76 6
6 99
36 76
0 36
63 1
73 63
6 99
1 6
0 73
97 40
29 97
0 29
6 99
40 6
0 84
84 99
29 55
0 29
6 99
55 6
68 99
26 68
0 26
13 17
0 13
17 99
0 18
18 99
