254
21
6
38
80
95
52
31
4
8
48
36
79
73
25
17
11
62
14
64
97
5
85
12
27
3
22
2
19
9
86
84
61
39
66
47
75
81
26
16
10
78
20
72
1
82
28
76
15
93
98
7
35
96
49
59
23
63
53
92
71
69
68
37
77
51
44
24
30
43
70
13
89
56
50
33
74
45
94
54
46
87
67
34
88
60
41
65
32
42
40
57
55
18
90
29
91
58
91
55
13
56
60
43
29
70
13
60
55
60
65
60
30
51
34
51
65
40
55
90
92
45
34
51
71
40
23
96
89
96
35
7
23
37
69
56
98
34
57
51
35
96
57
35
82
69
49
96
90
96
93
35
37
94
57
35
78
93
35
37
7
16
35
71
40
35
57
94
35
16
93
35
7
26
35
35
93
35
39
61
61
96
61
24
98
61
54
24
35
93
22
35
93
37
2
78
27
98
50
2
27
50
35
84
39
43
22
22
3
22
37
61
62
64
22
3
22
34
17
3
22
51
17
15
27
34
79
91
17
34
17
15
60
55
79
17
91
34
17
22
22
17
3
22
3
22
45
53
32
95
17
22
72
17
6
402
0 99
55 90
55 91
58 99
0 58
91 99
0 91
29 99
0 29
90 99
0 90
18 99
0 18
0 55
55 99
91 99
0 55
0 57
57 99
90 99
0 55
40 91
91 99
0 40
42 99
0 42
32 99
0 32
55 65
65 99
0 55
41 65
65 99
0 41
55 60
60 99
0 55
55 60
88 55
60 99
0 88
41 65
88 34
34 41
65 99
0 88
67 32
32 99
0 67
87 60
60 99
0 87
42 40
40 65
46 42
65 99
0 46
54 58
58 60
60 99
0 54
94 58
58 60
60 99
0 94
94 45
0 94
45 99
41 65
74 34
34 41
0 74
65 99
74 33
0 74
33 99
74 50
0 74
50 99
56 60
34 88
74 34
88 56
0 74
60 99
74 89
0 74
89 99
55 60
13 55
0 13
60 99
13 70
0 13
70 99
56 60
43 56
0 43
60 99
43 29
29 30
0 43
30 99
24 70
0 24
70 99
13 44
44 60
0 13
60 99
55 60
51 55
0 51
60 99
77 65
0 77
65 99
37 60
0 37
60 99
51 83
83 68
68 30
0 51
30 99
51 34
34 69
69 65
0 51
65 99
71 40
40 65
0 71
65 99
92 90
55 60
90 55
0 92
60 99
45 53
92 45
53 89
0 92
89 99
74 63
51 34
34 74
0 51
63 99
23 99
0 23
40 59
71 40
59 23
0 71
23 99
0 49
49 99
0 96
96 99
0 35
35 99
7 23
37 7
96 37
0 96
23 99
96 89
89 98
0 96
98 99
93 37
7 23
37 7
35 93
0 35
23 99
15 56
34 15
96 69
56 98
69 34
0 96
98 99
51 76
57 51
35 57
0 35
76 99
96 28
0 96
28 99
35 57
57 82
0 35
82 99
49 1
1 82
96 69
69 49
0 96
82 99
90 72
96 90
0 96
72 99
93 37
35 93
0 35
37 20
20 99
57 94
35 57
0 35
94 78
78 99
10 78
78 99
0 10
93 37
7 16
37 7
35 93
0 35
16 99
26 16
35 26
0 35
16 99
71 40
35 71
40 81
0 35
81 99
57 94
94 75
35 57
0 35
75 99
47 7
93 47
7 16
35 93
0 35
16 99
26 66
35 26
0 35
66 99
0 35
35 39
39 99
35 93
0 35
61 99
93 61
84 39
0 84
39 99
86 61
61 99
0 86
96 9
9 61
61 99
0 96
19 24
24 61
61 99
0 19
98 54
54 24
2 98
24 61
61 99
0 2
22 99
35 93
0 35
93 22
93 37
22 99
3 22
37 3
35 93
0 35
2 27
0 2
27 99
12 78
0 12
78 99
98 85
50 27
2 98
85 50
0 2
27 99
5 50
50 27
35 5
0 35
27 99
39 43
84 39
22 99
0 97
97 84
43 22
22 99
64 22
0 64
14 37
22 99
3 22
37 3
0 14
0 62
62 61
61 99
22 99
11 64
0 62
64 22
62 11
0 17
17 34
22 99
3 22
34 3
0 17
25 3
51 76
17 34
76 25
34 51
22 99
3 22
0 17
73 27
15 73
17 34
34 15
27 99
79 99
0 79
0 17
36 91
17 34
51 36
91 79
34 51
79 99
0 17
15 56
55 48
56 60
17 34
34 15
60 55
48 99
0 17
34 8
17 34
91 79
79 99
8 91
0 17
4 22
22 99
17 4
31 22
22 99
0 31
0 17
52 3
17 52
22 99
3 22
0 95
95 3
22 99
3 22
80 32
0 95
95 80
45 4
4 22
32 53
53 45
22 99
0 17
38 22
17 38
22 99
6 99
0 6
0 17
21 72
72 6
17 21
6 99
