141
37
3
8
58
10
98
1
97
18
84
11
59
42
87
48
73
26
5
40
77
5
77
40
5
77
49
76
26
26
26
26
54
48
54
26
72
48
82
48
26
54
73
26
94
73
90
96
73
26
78
26
68
87
26
68
26
26
64
26
30
14
40
26
49
92
87
75
76
12
60
53
87
90
18
26
84
26
64
11
68
91
87
48
75
82
91
56
87
55
87
48
75
73
97
84
30
55
15
87
72
91
97
84
30
64
36
91
68
78
91
98
59
78
87
15
9
41
8
46
15
38
98
42
53
3
5
97
94
96
52
8
16
15
15
38
8
76
15
16
94
97
269
94 99
76 50
86 99
96 52
53 25
50 99
6 46
23 36
29 97
30 84
29 20
70 56
88 82
0 91
26 4
66 83
60 12
92 49
30 14
87 9
27 28
94 96
95 74
27 62
90 53
93 88
47 49
62 23
7 4
0 15
28 40
40 51
81 67
5 53
77 5
66 77
5 53
77 5
66 77
0 15
28 40
40 51
81 67
7 4
0 15
5 53
26 66
77 5
66 77
29 26
49 76
26 66
76 45
29 26
73 95
20 73
26 66
29 26
26 66
29 26
54 48
7 4
48 65
26 66
29 26
62 54
54 48
23 62
0 15
48 65
62 54
87 72
26 66
72 68
29 26
56 87
82 48
63 42
0 15
48 65
42 19
19 82
54 48
48 65
26 66
29 26
62 54
73 95
20 73
26 66
29 26
95 74
73 95
20 73
96 71
90 94
0 15
61 90
95 74
73 95
28 73
26 66
29 26
22 59
7 4
59 78
78 68
26 66
68 25
29 26
38 99
26 66
29 26
56 87
11 68
26 66
93 11
68 25
29 26
7 4
44 84
84 64
38 99
26 66
64 9
29 26
38 99
26 66
18 9
29 26
83 18
95 74
26 30
14 40
40 51
29 26
90 53
87 9
75 87
53 92
49 76
0 15
38 99
76 45
45 75
61 90
90 53
87 9
12 56
0 15
53 60
38 99
61 90
56 87
38 99
26 66
18 9
29 26
83 18
44 84
84 64
38 99
64 9
29 26
11 68
88 93
93 11
68 25
91 23
87 9
75 87
82 48
0 91
38 99
48 75
91 23
87 9
0 15
38 99
56 87
87 9
75 87
15 55
55 97
54 48
0 15
38 99
97 54
48 75
95 74
73 95
20 73
97 30
15 55
55 97
0 15
84 64
38 99
64 9
87 9
1 72
0 91
23 1
72 87
38 99
91 23
30 84
97 30
84 64
38 99
64 9
0 91
38 99
91 23
36 9
0 98
78 68
98 78
68 25
0 91
91 10
10 85
59 58
0 98
58 46
78 59
38 99
98 78
87 9
15 8
0 15
8 87
38 99
9 38
0 3
38 99
3 41
41 46
8 35
15 8
46 38
0 15
38 99
0 98
42 43
98 19
19 42
0 3
3 5
5 53
29 97
97 94
94 96
52 99
8 16
15 8
0 15
16 45
15 37
0 15
38 99
37 38
50 99
8 16
16 76
15 8
0 15
29 97
97 94
