38
3
4
7
46
49
6
20
39
5
40
15
5
31
10
21
12
20
14
40
12
49
6
18
46
49
14
20
49
14
20
7
5
18
49
18
20
46
49
73
20 18
2 5
0 2
14 17
14 37
29 10
17 42
32 40
15 5
5 31
19 15
40 9
31 39
39 32
32 40
15 5
5 31
19 15
40 9
10 13
19 20
21 12
20 21
12 9
19 20
20 14
37 40
40 9
19 6
6 12
12 9
45 49
49 51
47 46
46 49
49 51
19 6
6 47
6 7
8 18
18 46
46 49
49 51
7 8
19 6
45 49
19 20
49 51
20 14
14 17
45 49
19 20
49 51
20 14
0 2
8 18
18 46
5 7
46 49
49 51
7 8
0 2
4 17
45 49
49 51
2 4
0 2
18 46
19 20
46 49
49 51
0 3
3 51
