233
10
24
25
86
4
77
19
55
81
79
53
67
72
82
70
42
49
36
22
84
97
78
58
74
96
40
32
62
61
39
92
68
71
30
7
5
48
50
23
15
59
20
28
21
76
33
91
31
65
95
45
29
83
85
9
94
41
52
87
13
3
98
69
89
51
34
88
66
60
47
16
38
11
43
54
63
37
46
44
6
8
56
18
27
57
14
1
73
2
14
73
27
11
14
2
2
37
14
37
88
11
26
51
37
51
37
89
11
34
66
11
66
52
11
87
6
89
34
41
66
87
6
6
87
98
89
26
2
14
14
2
29
89
14
31
29
21
14
91
59
51
23
18
29
94
23
89
11
18
29
48
85
51
23
20
48
23
48
23
59
14
23
45
91
23
14
23
45
62
23
45
63
7
18
29
29
23
91
94
23
11
91
62
45
23
1
34
62
45
78
66
78
45
29
23
59
36
14
14
70
78
88
14
14
70
78
14
74
5
11
53
62
45
73
62
78
45
46
62
45
14
78
14
74
11
78
74
11
74
62
45
55
95
375
0 14
73 90
12 26
2 99
73 64
35 1
1 90
26 14
14 64
12 73
80 57
57 90
17 2
26 14
2 99
14 17
17 2
12 73
12 27
27 99
80 18
18 99
0 56
56 99
8 99
0 8
2 99
0 6
6 2
44 18
0 44
18 99
17 27
14 17
27 99
2 99
0 46
46 2
0 14
14 37
37 99
0 14
26 63
14 26
63 99
0 14
17 54
14 17
54 99
43 57
57 54
0 14
14 43
54 99
26 12
0 14
12 11
14 26
11 99
2 99
0 38
38 2
0 14
14 16
16 99
0 14
17 47
47 11
14 17
11 99
60 2
2 99
0 60
66 2
2 99
0 66
0 14
37 88
14 37
88 99
34 99
0 34
51 37
0 14
37 88
14 51
88 99
89 26
26 12
0 89
12 11
11 99
37 69
51 37
0 14
69 2
2 99
14 51
88 98
51 37
98 2
0 14
37 88
2 99
14 51
89 26
38 3
26 38
3 11
0 89
11 99
13 34
0 13
34 99
66 87
87 99
0 66
52 11
0 52
11 99
66 41
41 99
0 66
94 11
52 94
0 52
11 99
9 6
6 87
0 9
87 99
89 26
26 12
12 85
85 34
0 89
34 99
83 66
66 41
0 14
14 83
41 99
6 87
0 29
29 6
87 99
6 87
0 45
45 6
87 99
89 26
26 95
95 98
98 2
0 89
2 99
0 14
14 65
65 99
0 14
14 31
31 2
2 99
0 91
91 99
0 29
29 33
33 99
0 89
76 99
89 76
0 14
14 31
31 21
21 99
0 29
29 28
28 99
20 35
35 21
0 20
21 99
59 99
0 59
0 14
14 15
15 99
23 99
91 23
0 91
75 59
59 99
50 75
0 50
18 51
48 23
23 99
0 29
29 18
51 48
89 5
5 11
94 91
11 94
23 99
91 23
0 89
18 7
0 29
29 18
7 99
51 30
30 12
18 51
85 48
12 85
48 23
23 99
0 29
29 18
71 48
20 35
48 23
23 99
0 20
35 71
68 48
48 23
23 99
0 68
14 92
0 14
59 99
92 59
23 99
0 45
45 39
39 91
91 23
23 99
0 14
14 61
61 23
45 62
62 64
23 99
0 45
64 23
45 62
52 63
32 23
62 52
23 99
0 45
63 32
18 7
7 40
0 29
29 18
40 99
96 91
29 96
23 99
0 29
91 23
74 11
94 91
11 94
23 99
0 74
91 23
45 62
64 58
62 64
58 1
23 99
0 45
1 23
45 62
62 64
78 99
34 78
0 45
64 34
97 66
66 17
78 99
17 78
0 97
78 99
45 84
0 45
17 78
84 17
22 23
23 99
0 29
29 22
36 59
59 99
0 36
36 49
49 99
0 36
14 42
0 14
42 99
14 70
0 14
70 99
82 78
14 70
70 88
78 99
0 14
88 82
14 72
0 14
72 99
67 17
14 70
78 99
70 67
17 78
0 14
74 11
53 99
11 5
0 74
5 53
45 62
53 99
62 64
79 53
0 45
64 79
45 62
62 64
64 73
81 78
78 99
73 81
0 45
45 62
55 99
62 46
0 45
46 55
14 19
0 14
19 99
14 77
78 99
77 78
0 14
74 11
11 4
4 99
0 74
74 11
86 78
78 99
11 86
0 74
74 25
25 99
0 74
45 62
62 24
24 99
0 45
10 95
55 99
95 55
0 10
