238
93
50
48
2
13
36
84
19
64
41
26
95
70
90
86
44
40
73
51
82
24
7
88
69
16
68
63
97
59
15
17
94
62
54
71
45
20
96
92
83
57
77
49
87
66
53
81
14
9
67
22
3
29
61
61
42
31
91
30
47
91
31
9
91
31
30
3
25
3
56
61
29
30
3
61
39
3
56
27
33
53
39
27
33
3
56
14
27
33
67
9
66
31
33
30
29
61
66
47
87
92
18
67
20
29
61
20
57
20
66
20
56
77
20
96
92
4
18
96
18
4
85
96
11
11
20
37
72
5
77
20
35
9
39
37
4
96
98
20
98
96
4
85
9
53
39
22
4
85
5
33
72
87
5
37
5
42
4
85
87
72
5
20
66
20
66
31
42
4
85
37
72
5
85
4
31
91
17
14
37
42
20
87
69
4
92
4
5
4
17
69
4
42
72
5
72
5
7
92
85
4
72
20
5
4
73
31
3
37
4
42
85
69
51
44
4
70
4
37
4
72
5
41
4
31
51
44
31
33
4
7
64
70
37
50
64
70
37
394
92 85
0 31
87 65
72 87
79 33
98 78
98 65
39 9
72 77
11 32
96 28
18 78
4 99
76 89
56 89
79 29
35 67
0 37
0 5
1 35
31 33
14 27
39 53
1 39
61 29
25 39
80 8
85 42
10 1
23 99
61 43
23 99
34 61
61 43
23 99
32 29
29 21
34 61
23 99
23 99
31 91
42 31
91 28
10 1
46 30
23 99
30 3
3 35
22 21
23 99
55 22
10 67
23 99
67 47
47 11
55 9
23 99
9 31
31 91
91 28
55 9
9 31
31 91
91 28
80 8
14 30
30 3
3 35
58 14
80 8
56 3
61 43
39 56
34 61
3 35
80 8
29 30
34 61
30 3
3 35
80 8
55 81
81 35
80 8
56 3
10 1
39 56
3 35
1 53
10 1
23 99
27 33
53 27
33 23
1 39
10 1
23 99
27 33
53 27
33 23
80 8
56 3
0 66
66 56
3 35
23 99
27 33
33 23
58 14
0 66
23 99
9 31
66 67
67 9
33 23
61 29
80 8
30 87
29 30
87 80
34 61
80 8
10 49
49 52
77 28
80 8
58 77
47 57
80 8
57 35
66 47
0 66
58 83
80 8
87 80
83 87
80 8
10 1
1 35
80 8
10 92
92 8
96 18
0 96
92 8
18 92
80 8
10 20
20 99
0 37
89 20
67 89
20 99
0 5
29 61
43 20
61 43
20 99
57 45
0 5
45 20
79 57
20 99
89 20
0 66
66 56
20 99
0 37
89 20
37 77
77 76
20 99
96 18
0 96
92 4
18 92
4 99
96 18
85 4
0 96
78 85
80 8
0 96
0 37
71 52
80 8
11 71
37 11
0 37
43 20
37 11
20 99
76 89
0 5
5 72
89 20
77 76
20 99
1 39
0 37
35 1
4 99
37 35
9 4
96 98
43 20
0 96
20 99
96 98
4 99
85 4
0 96
78 85
53 39
39 9
22 53
4 99
54 22
0 54
9 4
4 99
85 4
0 62
62 85
0 5
5 79
23 99
33 23
0 5
5 72
80 8
87 80
0 37
37 94
23 99
94 23
17 42
0 5
42 85
4 99
85 4
5 17
72 87
0 5
5 72
43 20
20 99
66 15
15 20
0 66
20 99
66 59
0 66
59 8
42 85
4 99
85 4
31 42
0 37
97 8
37 97
0 5
72 63
5 72
4 99
63 85
85 4
91 68
0 31
31 91
68 99
16 14
17 42
0 37
14 17
42 85
4 99
37 16
85 4
0 69
89 20
69 89
20 99
69 87
0 69
4 99
87 88
88 4
0 7
4 99
7 92
92 4
0 5
4 99
5 24
24 4
69 32
32 82
17 42
82 17
0 69
42 85
4 99
85 4
0 5
5 72
72 51
51 99
0 5
73 8
5 72
72 73
0 7
4 99
7 92
85 4
72 40
40 20
0 5
5 72
20 99
0 44
44 23
23 99
4 99
0 86
86 4
0 31
3 73
90 3
31 90
73 8
70 42
0 37
37 70
42 85
4 99
85 4
95 51
69 32
0 69
32 95
51 99
0 26
26 99
0 44
41 4
4 99
44 41
70 52
52 64
0 37
37 70
4 99
64 4
0 5
72 19
19 4
5 72
4 99
0 31
84 41
31 84
41 4
4 99
36 51
44 36
0 44
51 99
79 13
13 8
0 31
33 79
31 33
7 58
58 2
2 4
0 7
4 99
0 48
48 99
70 52
52 64
64 50
50 99
0 37
37 70
93 70
70 52
52 64
64 50
50 99
0 37
37 93
