171
65
61
69
2
38
57
78
29
31
32
44
36
40
7
58
18
32
25
4
7
4
32
7
52
58
33
4
43
41
4
45
75
33
4
19
45
75
33
4
19
33
45
75
4
19
58
4
32
7
19
33
75
4
44
56
4
68
4
70
53
31
68
4
53
31
4
53
44
68
31
4
53
4
78
4
78
74
4
18
4
25
70
4
19
4
73
57
8
1
23
38
2
48
57
2
48
38
21
45
8
54
4
38
58
7
52
48
2
57
53
67
23
38
25
32
4
7
73
58
8
38
52
61
52
32
38
19
2
56
4
48
73
58
57
8
57
78
57
42
78
57
8
49
57
33
57
2
36
57
40
78
2
23
38
73
58
8
61
30
32
7
44
48
73
58
8
50
8
49
78
35
303
0 35
5 34
0 50
47 44
47 30
47 9
23 71
3 26
6 36
62 33
49 8
6 42
78 80
12 6
14 58
19 56
58 73
17 48
7 80
21 45
59 39
48 14
1 73
72 19
27 70
18 66
46 74
46 37
68 44
76 54
71 56
24 19
55 58
33 79
77 26
45 76
41 16
33 43
4 27
18 14
40 36
34 49
8 80
48 44
34 15
44 6
34 15
34 15
8 80
36 8
75 40
32 79
7 32
58 7
52 58
25 18
5 4
32 79
7 32
58 7
4 25
52 58
5 4
32 79
66 52
7 32
58 7
52 58
4 27
5 4
75 33
43 80
34 41
4 27
5 4
33 43
4 27
5 4
55 45
76 19
75 33
43 80
45 76
33 43
4 27
19 75
5 4
55 45
76 19
75 33
43 80
77 26
45 76
4 27
19 75
5 4
55 45
76 19
75 33
77 26
4 27
5 4
32 79
7 32
58 7
33 79
4 27
19 75
5 4
75 33
48 44
4 27
44 6
5 4
56 68
68 48
8 80
4 27
31 70
53 31
5 4
17 53
70 28
68 29
8 80
29 28
4 27
31 68
53 31
5 4
17 53
49 34
8 80
4 27
31 49
53 31
5 4
17 53
4 27
31 68
53 31
44 6
5 4
17 53
4 27
5 4
78 16
17 78
76 54
8 80
4 27
78 26
5 4
17 78
4 27
78 26
5 4
74 79
17 78
76 54
8 80
25 18
5 4
4 25
8 80
4 27
5 4
70 28
76 54
8 80
4 27
5 4
19 76
8 80
0 57
57 12
8 80
73 8
0 57
57 62
49 1
38 23
23 6
0 38
2 80
71 2
38 59
0 38
2 80
71 2
39 48
0 57
57 62
48 14
2 80
71 2
39 48
38 59
0 38
76 54
8 80
45 76
4 27
27 21
5 4
54 8
38 52
58 7
52 58
0 38
48 14
2 80
71 2
0 57
57 53
53 17
69 67
23 69
38 23
67 79
0 38
25 61
61 32
7 80
5 4
32 7
4 25
8 80
73 8
38 52
52 58
0 38
52 65
65 61
61 32
7 80
38 52
32 7
0 38
72 19
56 71
2 80
71 2
4 27
5 4
17 48
48 14
58 73
8 80
73 8
0 57
57 53
53 17
0 57
57 12
0 57
16 78
57 62
42 46
78 80
12 6
0 57
26 78
57 12
8 80
0 57
57 62
62 49
33 79
0 57
57 62
12 6
36 40
2 80
40 2
0 57
57 12
78 80
26 78
2 80
71 2
38 23
0 38
58 73
55 58
8 80
73 8
30 61
61 32
7 80
32 7
14 58
48 14
58 73
44 48
8 80
73 8
50 80
49 8
34 49
8 80
78 80
35 78
