124
54
5
15
16
2
57
9
22
3
25
37
36
42
66
61
23
41
14
51
1
58
60
17
10
24
50
62
53
26
35
94
47
19
31
4
8
13
12
49
33
78
77
78
67
56
87
77
97
64
7
81
86
64
49
56
84
77
77
48
33
87
56
33
94
56
67
81
84
50
59
53
33
56
24
33
87
73
24
8
73
24
73
59
51
24
73
67
71
31
56
86
58
87
33
56
36
58
36
58
87
33
10
59
25
87
33
36
10
59
10
59
36
11
56
2
36
27
22
67
79
2
36
10
59
173
0 98
64 21
0 21
0 67
77 21
0 78
78 21
0 77
67 78
78 21
0 56
33 87
87 30
56 33
77 21
30 77
0 49
49 21
12 21
0 12
97 13
0 97
13 21
0 64
0 81
7 8
81 7
8 21
0 86
86 4
64 21
4 64
0 56
56 31
31 49
49 21
84 19
77 21
0 84
19 77
77 21
0 47
47 77
94 21
0 94
48 94
0 56
33 87
56 33
87 35
94 21
35 48
26 21
0 26
0 56
33 53
56 33
53 94
94 21
0 67
67 62
62 98
0 81
81 50
50 98
84 24
0 84
24 98
59 10
0 59
10 50
50 98
0 17
17 98
0 56
53 60
33 53
56 33
60 98
87 58
73 24
0 56
33 87
56 33
58 73
24 98
8 73
73 24
0 1
1 8
24 98
73 24
0 59
51 73
59 51
24 98
73 24
67 14
0 67
14 51
51 73
24 98
71 41
0 71
41 98
31 23
0 56
56 31
23 98
0 86
86 61
61 98
0 66
66 98
0 42
42 98
87 58
0 56
33 87
56 33
58 36
36 98
37 58
0 37
58 36
36 98
87 58
25 33
33 87
0 25
58 36
36 98
59 10
0 59
10 3
3 98
25 33
33 87
0 25
87 22
22 98
59 10
10 9
0 59
9 36
36 98
59 10
10 57
0 59
57 98
2 36
0 56
11 2
56 11
36 98
2 36
27 2
0 16
16 27
36 98
67 15
15 79
79 22
0 67
22 98
59 10
10 5
2 36
5 2
0 59
36 98
0 54
54 98
