228
62
66
34
27
68
17
22
19
26
11
44
80
64
48
6
4
92
93
39
47
32
1
2
54
91
94
75
35
51
16
18
3
14
23
77
57
28
81
55
97
42
79
95
98
25
38
86
33
20
12
52
67
37
8
70
60
89
31
74
10
74
82
89
89
43
89
9
29
70
89
43
89
70
37
43
37
43
76
67
37
67
36
37
30
43
45
46
89
70
8
37
36
8
89
8
43
89
67
49
50
43
30
89
12
8
8
89
74
76
37
89
43
43
30
89
8
43
89
86
8
89
53
89
72
76
67
74
8
89
10
25
76
95
50
30
98
89
98
10
89
63
89
71
7
95
71
71
89
76
29
45
76
95
36
37
76
81
57
71
30
57
37
76
37
76
77
37
76
89
14
7
50
14
30
18
10
29
76
14
7
71
57
71
72
71
14
30
2
82
7
30
14
14
76
73
14
14
76
73
14
94
14
46
48
8
71
44
14
26
75
2
44
91
71
38
2
14
7
71
17
55
64
60
17
22
17
14
71
373
89 7
13 67
90 21
89 15
43 84
76 99
88 74
78 15
41 84
36 61
71 99
96 46
56 30
76 65
24 87
29 65
45 96
61 10
13 74
24 13
58 96
61 15
61 15
24 13
74 7
10 59
82 31
74 7
31 74
78 82
0 89
89 41
90 60
60 59
0 89
89 41
0 89
89 43
70 59
43 70
8 87
0 89
9 8
89 73
59 29
0 89
89 43
70 59
43 70
0 89
43 37
89 43
37 46
37 70
70 24
0 89
43 37
89 43
67 21
37 76
0 89
43 37
89 43
76 67
67 21
65 67
37 76
0 89
43 37
89 43
36 52
67 21
52 67
0 89
73 36
89 73
30 99
0 89
43 37
89 43
37 56
45 96
0 89
46 21
89 41
41 45
24 87
37 70
87 8
70 24
8 71
0 89
43 37
89 43
71 99
8 71
61 8
0 89
73 36
89 73
71 99
43 50
87 8
8 71
50 12
12 87
0 89
89 43
49 20
20 67
43 50
67 21
50 49
0 89
89 43
56 30
30 99
0 89
89 41
71 99
87 8
15 12
8 71
12 87
71 99
87 8
8 71
0 89
89 33
33 87
71 99
74 7
37 76
0 89
43 37
89 43
56 30
30 99
0 89
89 43
71 99
43 86
86 8
8 71
0 89
89 43
71 99
53 86
86 8
8 71
0 89
15 78
89 15
0 89
71 99
88 38
38 72
72 71
76 99
65 76
25 65
0 25
88 74
74 13
67 21
89 15
98 10
15 98
10 61
71 99
8 71
61 8
0 89
95 25
76 99
65 76
0 95
25 65
95 50
79 30
30 99
50 79
0 95
89 15
15 98
98 42
0 89
42 99
89 15
98 10
97 63
15 98
71 99
10 97
0 89
63 71
71 99
0 89
7 71
71 99
95 55
0 95
55 71
71 99
81 71
0 81
89 28
29 65
76 99
65 76
28 59
59 29
0 89
57 45
76 99
0 57
45 76
77 37
95 36
36 77
76 99
37 76
0 95
23 81
57 23
71 99
81 71
0 57
0 14
30 99
14 30
3 37
57 3
76 99
37 76
0 57
0 18
76 99
37 76
18 37
77 37
76 99
16 77
0 16
37 76
7 89
0 14
14 7
89 51
51 99
50 35
0 14
35 30
14 50
30 99
75 29
29 65
10 61
61 75
0 18
76 99
18 10
65 76
90 21
94 90
0 14
14 7
7 94
71 99
91 71
0 91
57 54
71 99
54 71
0 57
71 99
0 2
2 72
72 71
14 1
0 14
1 30
30 99
90 21
32 90
82 32
0 2
2 82
47 30
0 14
14 7
7 47
30 99
39 76
0 14
76 99
14 73
73 39
90 21
93 90
0 14
14 93
73 92
0 14
76 99
14 73
92 76
0 14
14 4
4 99
0 6
6 99
90 21
94 90
84 94
0 48
48 41
41 84
0 64
64 99
0 80
80 99
96 46
44 99
0 14
46 44
14 96
11 8
0 48
71 99
48 11
8 71
44 99
26 44
0 14
14 26
61 26
2 19
19 75
44 99
75 61
26 44
0 2
22 91
71 99
0 22
91 71
17 99
2 38
0 2
38 17
7 68
68 71
71 99
0 14
14 7
55 27
27 60
17 99
60 17
0 64
64 55
17 99
34 17
22 34
0 22
14 66
66 17
17 99
0 14
62 71
0 62
71 99
