227
42
15
22
45
61
18
58
62
96
95
93
86
48
28
52
50
46
67
78
67
17
78
67
17
78
67
17
78
67
17
50
67
64
4
46
67
46
67
78
27
46
34
67
66
50
80
50
67
50
67
50
67
68
28
27
46
5
67
52
86
67
16
71
67
52
86
16
80
77
20
95
30
52
32
96
86
16
80
77
11
50
16
71
53
95
52
53
34
78
95
17
86
16
17
43
95
56
91
28
34
41
78
95
35
86
16
41
35
41
20
95
52
95
91
28
56
62
86
58
16
53
20
41
17
86
16
20
30
41
86
16
46
58
34
27
95
68
95
39
46
58
34
27
86
16
39
58
34
78
95
30
43
86
16
34
48
95
5
18
16
71
79
52
18
48
95
27
34
95
80
86
18
6
16
93
18
58
25
95
22
41
18
95
86
18
73
16
16
86
18
73
77
78
80
18
73
15
16
9
93
35
22
6
25
54
18
95
15
30
43
16
18
42
53
39
53
42
42
43
18
56
6
18
66
73
68
11
404
87 68
6 66
18 56
55 99
19 99
84 8
81 47
53 83
36 24
6 25
35 9
77 78
73 65
76 41
6 80
13 27
79 52
43 30
39 26
51 55
10 39
13 68
60 46
30 92
20 17
62 85
41 20
35 94
37 41
36 43
17 69
63 72
90 12
74 53
30 20
16 83
68 70
11 50
82 21
87 11
19 66
78 34
44 75
64 89
33 31
71 75
78 7
23 70
67 97
32 67
23 70
67 97
82 17
17 78
32 67
23 70
78 7
67 97
82 17
17 78
32 67
23 70
71 75
46 65
78 7
67 97
82 17
17 78
59 46
32 67
78 7
21 50
67 97
50 12
82 17
17 78
32 67
21 50
67 97
50 12
32 67
33 31
44 4
46 65
67 97
4 64
59 46
32 67
33 31
46 65
67 97
59 46
32 67
27 46
46 65
67 97
82 17
17 78
34 27
32 67
80 77
40 50
66 80
50 12
21 50
67 97
50 12
32 67
3 52
52 2
23 70
21 50
67 97
50 12
32 67
38 28
28 91
87 11
67 97
50 12
32 67
49 68
38 28
28 91
14 48
27 46
46 65
5 27
67 97
48 5
32 67
1 86
86 92
3 52
52 2
1 86
14 93
86 92
93 94
67 97
32 67
87 11
11 71
67 97
71 16
32 67
3 52
2 95
52 2
95 99
67 96
16 83
80 77
86 16
96 80
77 86
32 67
3 52
2 95
20 3
32 30
52 2
74 32
95 99
31 33
16 83
33 96
80 77
86 16
96 80
77 86
74 53
50 11
16 83
11 71
12 50
71 16
53 31
74 53
62 38
3 52
53 62
2 95
52 2
95 99
78 34
34 95
82 17
17 78
95 99
63 72
16 83
92 86
86 16
82 17
54 95
43 56
28 9
91 28
95 99
78 34
34 95
7 78
41 35
35 44
95 99
37 41
16 83
1 86
86 16
41 35
37 41
3 52
2 95
20 3
52 2
95 99
56 91
81 58
54 95
28 9
91 28
95 99
58 56
74 53
16 83
1 86
58 10
86 16
81 58
53 62
17 69
41 20
37 41
16 83
92 86
86 16
41 20
37 41
16 83
20 30
92 86
86 16
58 10
34 95
46 27
81 58
27 34
95 99
68 70
2 95
95 99
70 23
60 46
39 60
58 10
34 95
46 27
81 58
27 34
95 99
16 83
92 86
86 16
10 39
78 34
58 10
34 95
81 58
7 78
95 99
30 92
36 43
16 83
92 86
86 16
34 95
0 18
14 48
18 97
5 34
48 5
95 99
63 61
72 63
16 83
0 18
18 73
61 71
71 16
48 79
0 18
14 48
18 97
2 95
52 2
95 99
34 95
27 34
95 99
16 83
0 18
80 77
18 73
86 16
73 6
77 86
57 45
45 47
93 57
14 93
0 18
18 97
22 54
58 25
25 22
81 58
54 95
95 99
22 54
37 22
41 37
0 18
18 97
54 95
95 99
16 83
92 86
0 18
18 73
86 16
1 15
15 16
73 65
16 83
86 1
92 86
0 18
18 73
6 80
78 34
34 95
0 18
80 77
18 73
73 6
95 99
94 35
9 15
15 16
16 83
14 93
0 18
18 97
93 94
22 54
25 22
0 18
18 73
73 6
54 95
95 99
42 23
2 95
0 42
95 99
30 43
92 30
15 16
24 15
43 36
73 65
16 83
0 18
18 73
42 90
0 42
31 53
26 39
53 83
39 10
74 53
31 33
42 90
0 42
90 12
42 90
0 42
51 55
43 36
55 99
0 18
56 43
19 99
66 19
0 18
18 73
73 6
84 8
68 13
51 55
55 99
11 87
8 11
