87
3
27
34
32
13
12
52
37
36
25
26
56
21
20
24
44
2
7
42
15
41
48
15
7
41
57
15
38
42
33
23
8
44
35
44
33
56
47
44
33
20
44
43
33
21
47
20
47
22
35
44
47
30
36
30
47
51
42
47
56
47
8
30
22
47
52
47
15
33
30
47
42
22
30
47
22
15
13
30
23
47
6
27
22
38
19
22
155
38 22
45 23
29 59
14 42
31 59
14 10
19 22
56 9
42 30
29 22
30 47
20 43
44 40
47 59
17 19
33 11
38 6
15 31
14 57
11 15
18 48
29 6
31 49
42 58
29 6
6 42
15 7
38 15
7 41
48 40
15 7
41 19
7 41
31 49
57 28
11 15
31 49
42 58
6 42
33 38
45 33
8 2
2 50
11 44
44 58
23 24
24 49
8 23
45 8
20 35
17 20
44 58
35 44
11 44
44 58
45 33
14 21
21 40
17 56
56 58
17 19
19 26
26 40
17 56
56 46
9 47
33 11
11 44
45 33
44 40
17 20
43 44
11 25
33 11
25 5
45 33
47 59
14 21
21 30
30 47
47 59
35 16
20 35
17 20
22 30
44 40
14 36
36 44
30 47
47 59
19 37
17 19
37 30
36 51
30 47
14 36
47 59
6 42
47 59
52 47
14 52
47 59
17 56
9 47
12 59
8 12
45 8
30 47
47 59
17 19
22 30
10 52
47 59
52 47
15 31
11 15
33 11
45 33
42 30
30 47
47 59
19 22
22 29
17 19
13 30
30 47
47 59
45 13
29 59
19 22
22 29
17 19
32 17
0 32
31 59
15 31
11 15
34 11
0 34
27 59
0 27
13 30
23 13
30 47
47 59
29 59
27 6
22 29
6 38
0 27
29 59
19 22
22 29
3 19
0 3
