157
87
33
78
50
92
3
61
39
64
52
46
11
70
83
5
17
9
18
60
38
25
69
36
16
21
21
21
73
98
75
16
75
65
68
16
68
75
65
24
25
98
25
24
98
47
63
60
8
63
98
9
16
8
17
17
98
83
75
16
17
98
59
60
63
38
14
46
17
98
23
37
10
86
53
9
51
8
73
72
98
14
46
16
17
98
52
53
51
46
75
64
98
98
64
63
98
39
17
98
38
61
39
10
51
86
3
72
51
3
51
12
3
10
52
9
51
10
3
50
51
86
9
10
3
8
24
3
78
10
5
3
83
24
3
34
83
24
78
10
9
8
3
50
73
86
13
75
66
46
78
46
68
46
13
66
75
3
260
67 99
46 68
75 74
73 74
8 7
85 84
10 4
24 74
85 86
10 9
72 51
43 61
40 17
63 97
27 77
66 67
14 15
72 73
2 23
1 85
13 14
67 75
24 20
97 98
29 68
22 23
77 73
22 21
20 95
20 21
21 91
21 20
20 95
22 21
21 20
20 95
73 98
98 99
15 16
16 75
75 76
42 36
36 37
15 16
16 75
75 76
69 68
65 29
68 67
31 65
29 69
15 16
16 75
75 76
65 29
68 67
31 65
48 25
25 24
24 23
48 25
25 89
98 99
97 98
48 25
25 24
20 95
98 99
48 47
47 38
38 37
30 60
60 63
63 62
31 18
18 10
30 60
71 8
8 9
60 63
9 30
63 62
17 98
98 99
82 17
4 5
71 8
8 9
16 17
5 16
9 4
17 98
98 99
71 83
83 82
17 98
98 99
82 17
83 20
75 76
71 83
70 16
16 17
71 70
17 98
98 99
11 10
2 11
46 59
1 46
60 63
63 62
59 60
14 38
46 13
38 37
1 46
17 98
98 99
82 17
23 37
37 10
86 51
10 86
52 51
53 52
71 8
8 9
51 99
9 53
71 72
73 98
98 99
13 14
46 13
1 46
15 16
16 17
17 98
98 99
31 64
52 51
53 52
1 85
51 99
64 53
67 75
46 13
1 46
75 76
31 64
64 27
97 98
1 85
98 99
97 98
1 39
98 99
39 77
61 62
2 61
31 64
97 98
64 63
1 85
98 99
39 40
1 39
17 98
98 99
38 43
39 38
1 39
61 62
0 3
86 51
3 10
51 99
10 86
0 3
91 92
92 74
3 95
0 3
51 99
71 72
3 2
12 50
0 3
11 12
50 51
10 11
3 10
51 99
52 51
53 52
0 3
3 10
51 99
9 53
86 50
1 85
50 51
51 99
10 9
0 3
78 99
9 8
8 78
3 10
20 24
0 3
3 95
95 20
5 6
4 5
7 78
0 3
78 99
3 10
34 33
24 74
20 24
84 83
33 84
0 3
83 20
3 34
24 74
20 24
84 83
1 85
83 20
10 9
7 78
0 3
78 99
9 8
3 10
85 86
86 50
50 73
1 85
66 67
67 75
46 13
1 46
29 78
68 29
1 46
78 99
66 67
13 66
46 13
1 46
67 99
75 67
0 3
3 87
87 75
