124
75
97
91
4
53
80
84
42
87
24
31
57
69
34
49
66
95
65
34
13
34
34
95
34
95
12
13
95
10
9
12
13
10
49
9
95
66
23
10
9
49
60
57
30
41
57
30
23
95
66
10
9
57
59
58
23
49
65
66
10
57
58
57
41
59
59
57
60
59
57
60
19
81
82
83
24
23
10
9
41
41
83
47
49
84
57
85
86
81
41
31
47
42
41
49
47
50
53
55
56
41
4
3
91
24
41
53
4
74
73
2
10
41
10
97
2
13
11
97
13
13
87
97
2
227
0 99
87 13
10 11
2 10
74 4
91 24
1 2
54 55
50 49
25 45
86 57
47 46
24 23
52 81
19 20
56 89
59 60
17 16
49 65
18 59
23 21
27 26
41 40
30 71
67 23
48 14
13 12
72 78
95 96
96 37
13 33
29 95
52 17
66 65
94 66
65 64
95 94
49 62
52 17
17 49
35 34
52 17
34 26
33 34
52 17
34 26
14 13
35 34
71 69
52 17
34 26
69 16
33 34
52 17
34 26
96 37
29 95
33 34
34 26
95 96
29 95
95 96
96 37
33 13
29 95
21 9
10 89
9 10
12 22
13 12
21 9
49 48
10 89
9 10
52 17
17 49
12 22
14 13
66 67
29 95
21 9
10 89
9 10
23 22
94 66
95 94
49 62
61 60
57 56
52 17
60 57
17 49
73 57
57 56
29 30
0 41
30 31
31 35
57 56
29 30
58 57
67 23
66 67
29 95
21 9
10 89
9 10
94 66
95 94
59 58
57 56
52 17
58 57
23 21
67 23
66 67
21 9
65 66
10 89
9 10
52 17
17 49
35 58
57 56
52 17
58 57
25 24
24 72
41 40
73 57
57 56
0 41
18 59
59 87
52 17
87 88
18 59
57 56
52 17
60 57
59 60
18 59
57 56
52 17
60 57
52 17
18 19
81 82
83 88
25 24
23 21
41 40
21 9
10 89
9 10
0 41
42 43
41 42
0 41
84 83
51 84
83 88
48 47
49 48
52 17
17 49
84 85
56 89
51 84
85 86
57 56
52 81
81 80
80 90
41 40
0 41
31 93
47 46
48 47
53 31
1 53
42 43
41 42
43 4
4 98
0 41
47 46
48 47
49 48
51 50
56 89
53 54
1 53
41 91
91 90
0 41
3 4
2 3
4 98
25 45
24 25
41 91
0 41
53 73
73 74
1 53
4 98
1 2
10 89
41 97
97 98
0 41
2 10
1 2
12 13
11 12
13 97
97 98
75 33
33 13
1 75
13 97
97 98
2 87
1 2
13 97
97 98
