269
46
68
89
12
53
91
62
57
43
20
38
74
64
83
50
97
90
98
34
21
32
26
42
59
78
85
25
79
95
81
28
8
56
52
88
96
33
7
11
60
9
47
31
13
45
29
92
16
54
82
94
55
27
87
48
71
61
15
77
49
67
86
72
19
24
44
75
35
93
30
6
36
10
23
40
51
18
66
37
3
73
84
70
80
58
17
4
65
41
22
1
39
14
63
76
2
5
6
73
93
73
6
75
6
75
41
24
24
18
3
93
35
93
75
77
75
24
48
73
87
71
27
86
65
27
87
2
24
87
2
75
87
80
16
3
18
87
2
87
80
87
80
41
45
87
80
35
45
87
24
73
87
9
6
87
24
45
27
87
2
45
87
2
45
82
87
2
45
2
87
24
45
27
9
22
52
2
87
24
9
52
65
52
8
27
2
87
51
76
95
9
87
51
25
76
8
85
95
87
56
9
22
42
96
16
8
59
85
87
8
52
87
8
85
87
8
21
52
85
87
8
75
42
22
8
59
85
87
95
83
6
85
87
64
5
83
52
74
64
5
52
83
52
59
83
95
38
51
64
25
42
83
22
38
7
64
51
26
38
42
96
92
63
87
83
52
43
68
25
417
0 99
5 99
0 5
0 2
2 99
0 76
76 99
63 99
0 63
14 99
0 14
76 39
39 99
0 76
1 39
39 99
0 1
22 99
0 22
41 39
39 99
0 41
65 99
0 65
0 4
4 99
17 14
14 65
65 99
0 17
0 58
58 99
80 39
0 80
39 99
80 70
70 99
0 80
58 84
0 58
84 99
73 99
0 73
80 41
2 3
41 2
3 99
0 80
37 70
0 37
70 99
66 99
0 66
58 84
84 18
18 3
0 58
3 99
0 51
51 99
40 1
1 73
0 40
73 99
23 65
0 23
65 99
10 70
0 10
70 99
36 73
10 36
0 10
73 99
0 6
6 99
6 30
0 6
30 99
93 69
69 73
0 93
73 99
93 35
35 73
0 93
73 99
6 75
0 6
75 99
0 44
44 99
6 75
24 6
0 24
75 99
19 75
0 19
75 99
24 2
2 41
41 72
0 24
72 99
69 86
24 69
0 24
86 99
24 2
2 3
3 18
18 67
0 24
67 99
93 49
0 93
49 99
35 77
93 35
0 93
77 99
15 75
0 15
75 99
61 77
0 61
77 99
0 71
71 99
48 75
0 48
75 99
24 48
2 24
48 75
0 87
87 2
75 99
0 87
87 73
73 27
27 99
71 55
55 27
0 71
27 99
65 27
94 65
2 24
86 94
0 87
69 86
24 69
87 2
27 99
0 87
2 82
87 2
82 27
27 99
24 48
2 24
48 75
75 54
0 87
87 2
54 99
0 87
80 16
87 80
16 99
92 16
0 92
16 99
18 29
2 3
3 18
0 87
87 2
29 99
0 87
87 80
80 45
45 99
80 13
0 87
87 80
13 99
31 70
80 41
0 87
41 31
70 45
87 80
45 99
24 48
47 70
35 47
2 24
0 87
70 45
87 2
48 35
45 99
0 87
87 73
73 9
9 99
24 48
6 60
75 6
2 24
48 75
0 87
87 2
60 9
9 99
0 11
11 99
24 7
2 24
0 87
7 27
87 2
27 45
45 99
0 87
2 33
87 2
33 45
45 99
82 96
96 45
0 87
2 82
87 2
45 99
24 48
2 24
75 88
48 75
88 45
0 87
87 2
45 99
0 52
27 45
52 27
45 99
56 9
22 56
0 52
52 22
9 99
2 24
0 87
87 2
8 99
24 8
0 52
28 9
52 28
9 99
27 65
65 81
0 52
52 27
81 8
8 99
0 95
95 99
2 79
0 87
87 2
79 99
51 76
0 25
25 51
76 95
95 99
87 85
0 87
85 9
9 99
51 76
0 25
76 78
25 51
8 99
78 8
59 95
87 85
85 59
0 87
95 99
42 22
56 9
0 42
22 56
9 99
42 26
26 96
0 42
96 16
16 8
8 99
59 32
87 85
85 59
0 87
32 8
8 99
52 21
0 52
21 99
87 34
0 87
34 8
8 99
85 98
87 85
0 87
98 8
8 99
52 21
21 90
0 52
90 99
97 8
85 75
75 97
87 85
0 87
8 99
42 22
50 8
22 50
0 42
8 99
95 83
59 95
87 85
85 59
0 87
83 99
85 75
64 83
6 64
75 6
87 85
0 87
83 99
74 5
64 83
52 74
5 64
0 52
83 99
74 5
64 38
52 74
5 64
0 52
38 99
52 20
0 52
20 83
83 99
43 59
95 83
59 95
83 99
0 43
51 76
0 25
76 57
6 64
64 38
57 6
25 51
38 99
42 22
62 83
0 42
22 62
83 99
24 7
91 2
7 64
0 25
51 91
64 38
2 24
25 51
38 99
42 26
26 96
96 53
0 42
53 38
38 99
92 83
63 92
87 12
12 63
0 87
83 99
52 89
89 99
0 52
68 99
43 68
0 43
68 99
0 25
46 68
25 46
