230
3
17
53
62
7
19
31
49
28
12
61
39
30
21
20
27
21
20
27
39
21
20
27
52
39
21
20
27
52
39
21
20
27
21
20
27
61
21
20
27
12
61
35
30
12
21
61
27
56
12
61
55
28
12
61
27
54
49
48
12
61
54
49
48
12
30
61
12
61
54
32
12
32
61
54
32
39
12
61
54
12
61
54
26
19
12
61
54
52
32
7
39
12
7
19
12
55
62
49
7
56
19
62
49
7
56
19
32
62
7
39
19
53
32
62
7
53
10
32
62
39
12
19
53
32
62
19
53
20
32
62
19
53
26
20
32
30
62
49
56
55
53
32
62
39
28
21
62
49
7
62
49
56
55
17
31
39
53
62
62
49
56
55
56
62
55
17
31
39
10
52
3
17
31
10
52
9
16
2
53
7
56
28
21
62
56
7
28
21
62
52
53
60
7
28
48
7
55
28
21
48
7
55
28
21
9
48
16
7
55
9
56
16
7
30
60
9
16
7
30
60
52
9
17
38
48
7
55
28
21
489
35 42
38 45
59 60
51 58
8 9
44 43
48 55
53 60
56 63
0 7
2 9
37 44
57 56
43 50
38 39
15 22
14 21
16 23
26 25
13 20
13 12
10 11
19 18
40 41
26 27
52 59
32 39
25 32
30 37
48 47
29 28
36 35
57 64
45 52
65 66
21 20
23 30
30 29
27 34
22 21
20 27
21 20
40 39
39 46
27 34
22 21
20 27
21 20
40 39
39 46
27 34
22 21
20 27
65 66
21 20
52 51
40 39
39 46
27 34
22 21
20 27
45 52
65 66
21 20
52 51
40 39
39 46
27 34
22 21
20 27
21 20
27 34
61 68
54 61
22 21
20 27
12 11
21 20
5 12
27 34
61 68
54 61
22 21
20 27
12 11
5 12
23 30
61 68
54 61
30 29
35 34
12 11
21 28
28 27
5 12
27 34
61 68
54 61
22 21
49 56
12 11
42 49
56 55
5 12
23 30
61 68
54 61
55 54
30 29
12 11
28 27
47 54
5 12
23 30
27 34
61 68
54 61
30 29
49 48
12 11
42 49
47 54
5 12
23 30
61 68
54 61
30 29
48 47
49 48
12 11
42 49
47 54
5 12
23 30
61 68
54 61
24 31
12 11
47 54
5 12
61 68
54 61
31 32
12 11
32 33
47 54
5 12
61 68
54 61
25 32
12 11
39 40
47 54
5 12
61 68
54 61
12 19
47 54
5 12
19 26
61 68
54 61
26 33
8 7
12 19
47 54
5 12
7 6
19 26
61 68
54 61
26 33
45 52
32 39
25 32
12 11
8 7
5 12
39 46
7 6
55 62
62 69
8 7
12 19
47 54
5 12
7 6
19 26
54 55
26 33
55 62
49 56
62 69
42 49
56 55
8 7
12 19
5 12
7 6
19 26
27 34
55 62
49 56
62 69
42 49
56 55
8 7
12 19
5 12
7 6
19 26
26 33
32 39
55 62
25 32
12 11
62 69
53 54
46 53
8 7
5 12
39 46
7 6
54 55
32 39
55 62
25 32
62 69
53 54
46 53
8 7
12 19
5 12
39 46
7 6
54 55
32 39
55 62
25 32
62 69
53 54
9 10
46 53
39 46
54 55
19 18
7 14
32 39
55 62
25 32
62 69
53 54
46 53
8 7
12 19
39 46
54 55
19 18
7 14
20 19
32 39
55 62
25 32
62 69
53 54
46 53
8 7
39 46
54 55
13 20
7 14
20 19
32 39
55 62
25 32
62 69
53 54
46 53
8 7
39 46
19 26
54 55
30 37
55 62
49 56
62 69
42 49
56 55
23 30
16 17
17 18
32 39
55 62
25 32
62 69
53 54
46 53
39 46
54 55
28 29
7 14
55 62
49 56
62 69
21 28
42 49
56 55
8 7
55 62
49 56
62 69
42 49
56 55
16 17
24 31
31 38
55 62
17 24
62 69
53 54
46 53
39 46
54 55
15 22
55 62
49 56
62 69
56 55
50 49
43 50
15 22
55 62
62 69
56 55
38 39
24 31
2 3
31 38
55 62
17 24
62 69
3 10
53 54
46 53
10 17
39 46
54 55
30 37
31 30
52 53
45 52
24 31
2 3
55 62
17 24
62 69
3 10
53 54
10 17
54 55
16 23
37 44
30 37
52 53
45 52
55 62
62 69
53 54
9 16
23 30
1 2
54 55
57 56
43 50
14 21
28 29
7 14
55 62
62 69
21 28
56 55
0 7
57 56
43 50
14 21
28 29
7 14
62 69
21 28
63 62
37 44
0 7
52 53
14 21
28 29
45 52
7 14
60 61
62 69
21 28
61 62
0 7
14 21
7 14
55 62
62 69
21 28
28 27
27 34
41 48
37 44
48 55
0 7
43 50
14 21
28 29
7 14
55 62
49 48
62 69
21 28
50 49
16 23
44 43
37 44
48 55
30 37
0 7
43 50
55 62
49 48
62 69
9 16
7 8
23 30
50 49
8 9
64 57
16 23
44 43
37 44
56 63
30 37
0 7
57 56
43 50
62 69
9 16
7 8
63 62
23 30
51 58
8 9
16 23
44 43
37 44
30 37
0 7
43 50
60 61
62 69
9 16
7 8
23 30
61 62
59 60
52 59
8 9
0 7
16 17
45 52
24 31
31 38
17 24
60 61
62 69
9 16
7 8
61 62
48 55
0 7
14 21
7 14
55 62
49 48
62 69
21 28
42 49
28 35
