192
4
42
43
66
28
23
18
9
33
68
85
50
24
35
73
52
67
16
78
27
6
40
25
53
71
48
84
74
10
1
20
87
2
75
15
17
31
13
7
62
60
81
65
65
65
81
65
7
81
65
7
41
81
65
31
69
65
80
77
81
37
14
81
8
15
69
61
11
65
11
65
88
11
65
80
77
80
32
88
65
2
69
2
80
2
14
77
1
2
60
19
2
55
1
69
2
88
61
65
61
65
2
7
88
32
65
13
31
71
88
1
80
2
32
88
65
25
13
53
65
71
88
65
1
2
62
84
25
13
31
71
80
88
25
8
25
2
65
71
10
80
88
65
60
67
19
80
1
19
2
80
69
19
2
80
88
80
11
65
10
80
65
37
16
31
69
10
13
25
88
65
60
19
65
80
69
19
65
37
65
19
80
9
69
65
37
37
65
25
66
25
80
316
0 89
37 65
19 49
60 3
10 71
76 1
0 80
86 7
86 76
69 49
82 19
69 21
39 22
82 80
88 65
82 11
86 61
39 80
49 41
3 70
26 64
83 32
65 89
32 65
65 89
32 65
81 49
83 32
65 89
32 65
86 81
51 60
60 57
81 49
86 81
3 62
62 70
7 32
29 7
65 89
32 65
7 32
72 7
81 49
65 89
32 65
86 81
13 57
5 13
7 32
72 7
81 49
65 89
32 65
41 72
86 81
29 31
31 38
3 17
17 31
31 38
15 22
65 89
69 15
32 65
80 77
77 38
37 75
75 38
81 37
86 81
2 56
14 2
5 14
81 8
87 38
86 81
8 87
15 20
82 69
69 15
20 38
61 11
83 32
65 89
11 83
32 65
83 32
65 89
11 83
32 65
82 11
83 32
32 88
65 89
11 83
80 77
77 38
88 65
82 80
80 39
32 88
65 89
22 32
54 2
2 56
82 69
82 80
2 56
1 2
80 1
10 14
2 56
82 10
14 2
74 77
86 74
77 38
86 84
36 1
84 36
2 56
1 2
19 60
60 55
2 56
55 2
49 1
2 56
82 69
1 2
86 48
48 38
88 65
86 61
71 88
65 89
61 71
86 61
61 53
65 89
53 65
2 56
76 2
88 65
7 32
32 88
65 89
0 25
13 29
88 65
25 13
31 71
71 88
29 31
65 89
2 56
1 2
80 1
88 65
40 32
0 40
32 88
65 89
6 53
0 25
13 29
25 13
29 6
65 89
53 65
88 65
71 88
27 71
65 89
0 27
86 76
2 56
1 2
58 78
62 58
84 62
0 25
25 13
13 84
78 56
16 31
0 80
88 65
80 82
31 71
71 88
82 16
65 89
8 67
0 25
25 8
67 56
0 25
52 2
2 56
25 52
0 73
65 89
73 65
0 80
88 65
80 82
71 88
82 10
65 89
35 56
0 35
3 67
82 19
0 80
19 60
80 82
67 56
82 19
0 80
49 1
80 82
2 56
1 2
19 49
82 19
0 80
49 69
24 54
69 24
80 82
54 2
2 56
0 80
11 50
50 88
88 65
80 82
82 11
65 89
0 80
80 82
10 37
82 10
65 89
19 49
37 65
16 31
82 19
0 80
31 85
49 69
85 10
69 16
80 82
10 37
65 89
0 25
13 68
68 88
88 65
25 13
65 89
82 19
0 80
60 33
19 60
80 82
33 65
65 89
19 49
37 65
69 21
82 19
0 80
21 9
49 69
80 82
9 37
65 89
19 49
82 19
0 80
49 18
80 82
18 65
65 89
19 49
37 65
69 21
82 19
9 72
0 80
72 23
23 37
21 9
49 69
80 82
65 89
37 65
0 28
28 37
65 89
0 66
66 89
43 66
0 25
25 43
66 89
0 25
25 42
42 89
0 80
4 89
80 4
