241
40
30
11
80
8
77
48
79
24
74
46
53
76
68
35
95
19
7
66
10
59
73
85
86
52
2
23
49
90
54
51
92
55
3
56
27
36
21
32
38
78
33
12
71
43
15
62
4
31
37
84
87
83
91
67
41
44
29
81
18
1
13
50
26
45
9
75
6
94
88
65
28
17
39
22
60
57
64
34
16
70
93
72
69
89
20
96
5
58
61
47
42
14
25
63
47
6
28
6
28
39
28
64
6
61
39
13
61
50
6
75
60
6
1
50
6
67
39
29
9
41
87
41
83
44
6
67
9
6
39
29
41
83
64
41
31
6
41
44
31
6
20
39
1
14
33
6
31
78
6
9
14
78
87
89
14
33
20
57
43
6
41
4
78
9
6
56
78
36
21
78
78
36
6
50
78
36
57
22
33
63
6
20
90
54
6
78
36
78
36
41
2
43
58
87
86
36
58
86
41
2
43
18
52
86
36
85
86
36
29
83
36
36
66
66
13
68
66
86
10
86
53
66
83
22
53
5
53
5
53
26
66
23
77
2
17
7
65
30
28
66
374
0 97
47 42
0 63
63 97
0 25
25 97
14 97
0 14
42 97
0 42
0 47
47 97
0 47
42 97
0 61
61 97
58 97
0 58
5 97
0 5
96 97
0 96
20 97
0 20
89 97
0 89
69 97
0 69
72 89
5 72
89 97
0 5
93 69
69 97
0 93
72 89
70 72
89 97
0 70
70 16
16 97
0 70
34 97
0 34
34 20
20 64
64 97
0 34
34 25
57 64
25 57
64 97
0 34
57 64
60 57
64 97
0 60
22 57
57 64
64 97
0 22
60 39
39 97
0 60
57 64
17 57
64 97
0 17
28 97
0 28
65 34
17 65
34 20
20 39
39 97
0 17
88 39
39 97
0 88
94 39
39 97
0 94
6 97
0 6
75 22
28 75
60 6
22 60
6 97
0 28
9 6
6 97
0 9
28 45
45 39
39 97
0 28
26 57
57 64
28 26
64 97
0 28
50 6
6 97
0 50
13 61
61 39
39 97
0 13
61 1
13 61
1 97
0 13
50 6
18 50
6 97
0 18
75 22
81 75
60 6
22 60
6 97
0 81
29 6
6 97
0 29
44 1
0 44
1 97
0 41
41 97
50 6
67 50
6 97
0 67
91 39
67 91
0 67
39 97
29 83
83 97
0 29
58 87
41 58
9 6
87 9
6 97
0 41
58 87
87 89
41 58
89 84
84 83
0 41
83 97
37 83
83 97
0 37
31 6
44 31
6 97
0 44
4 9
9 6
67 4
6 97
0 67
62 39
0 62
39 97
41 15
29 83
15 29
0 41
83 97
41 43
43 64
0 41
64 97
31 6
41 71
71 31
6 97
0 41
12 44
31 6
44 31
6 97
0 12
20 39
33 20
0 33
39 97
78 14
14 1
0 78
1 97
33 38
31 6
0 33
38 31
6 97
78 14
14 32
32 9
9 6
0 78
6 97
89 87
78 14
14 89
0 78
87 21
21 97
20 57
33 20
57 36
0 33
36 97
41 43
43 27
27 6
6 97
0 41
56 4
4 9
78 56
9 6
0 78
6 97
56 3
78 56
3 36
0 78
36 97
55 21
78 55
0 78
21 97
92 36
0 78
78 92
36 97
51 50
50 6
0 51
6 97
54 22
22 57
78 54
57 36
0 78
36 97
20 63
63 90
90 6
33 20
0 33
6 97
54 22
22 49
90 6
78 54
49 90
0 78
6 97
0 23
23 36
36 97
0 2
2 97
52 36
78 52
0 78
36 97
41 43
43 2
86 58
58 41
0 86
2 97
58 87
85 36
86 58
87 85
0 86
36 97
41 43
43 2
86 73
73 41
0 86
2 97
86 18
18 59
59 52
52 36
0 86
36 97
85 36
86 10
10 85
0 86
36 97
66 83
83 29
29 36
0 66
36 97
0 7
7 36
36 97
0 19
19 97
0 95
95 97
0 66
66 35
35 97
0 66
13 68
66 13
68 97
76 68
0 66
66 76
68 97
0 86
86 53
53 97
86 10
10 46
0 86
46 97
74 53
0 74
53 97
66 83
83 22
22 24
0 66
24 97
5 53
79 5
0 79
53 97
5 53
48 5
0 48
53 97
77 26
0 77
26 53
53 97
66 8
0 66
8 97
80 97
23 80
0 23
0 77
77 2
2 11
11 97
65 30
0 7
17 65
30 97
7 17
66 40
40 28
28 30
30 97
0 66
