241
45
89
62
72
67
76
27
57
28
58
7
41
8
87
56
66
33
14
21
9
15
44
94
74
64
32
59
98
65
71
61
49
3
70
79
48
73
68
37
85
25
38
83
88
1
55
11
54
19
91
81
92
31
80
35
20
6
69
12
13
78
84
36
10
2
90
22
97
42
4
47
96
30
51
40
82
17
43
46
63
5
16
53
29
50
75
86
18
26
23
77
26
93
16
77
82
4
75
40
40
42
16
16
97
16
16
97
97
97
80
35
10
20
80
35
31
80
4
22
80
75
22
80
31
80
35
4
22
80
75
81
80
35
96
80
35
18
31
80
35
1
35
50
81
80
1
22
80
35
80
35
25
22
50
80
22
80
35
75
25
80
22
80
35
79
22
80
35
22
80
80
48
61
80
22
48
25
73
65
48
61
22
80
35
49
22
80
48
80
79
35
59
65
48
98
25
80
48
74
79
80
48
16
74
84
80
80
35
25
80
59
25
25
33
25
65
48
74
80
48
22
80
48
48
41
80
48
98
25
9
57
98
48
25
41
80
48
76
57
98
5
388
0 99
52 39
95 39
0 60
0 52
24 52
24 95
0 52
0 77
77 39
0 23
23 39
26 39
0 26
0 18
18 99
26 52
0 26
0 86
86 99
34 75
77 34
0 77
75 99
50 52
52 39
77 50
0 77
0 23
23 29
29 99
53 99
0 53
0 16
16 99
16 52
52 39
39 5
0 16
5 99
77 63
0 77
63 99
16 52
52 39
39 5
95 46
5 95
0 16
46 99
16 43
0 16
43 99
34 17
16 34
0 16
17 99
16 82
0 16
82 99
77 40
0 77
40 99
16 51
51 82
0 16
82 99
16 52
52 30
0 16
30 99
16 52
52 39
39 96
0 16
96 99
0 47
47 99
93 4
16 93
0 16
4 99
77 42
42 99
0 77
97 95
95 82
0 97
82 99
16 52
75 4
22 75
52 22
0 16
4 99
90 40
0 90
40 99
2 40
0 2
40 99
0 10
10 99
16 52
60 42
36 60
52 36
0 16
42 99
16 52
52 84
0 16
84 99
97 95
95 78
0 97
78 99
16 13
0 16
13 99
16 52
39 12
52 39
12 99
0 16
97 95
95 69
0 97
69 99
97 95
95 6
0 97
6 99
95 20
97 95
0 97
20 99
0 35
35 99
80 99
0 80
0 35
80 99
31 80
35 31
92 20
20 10
10 22
80 99
22 80
0 92
0 35
80 99
81 80
35 81
80 99
91 31
31 80
0 91
0 35
4 75
19 4
75 22
80 99
22 80
35 19
80 99
22 80
54 22
0 54
39 31
0 35
80 99
11 39
31 80
35 11
4 75
75 22
55 4
80 99
22 80
0 55
0 35
80 99
1 81
81 80
35 1
88 96
0 35
80 99
96 80
35 88
0 35
83 31
18 83
80 99
31 80
35 18
0 35
1 38
35 1
38 99
50 81
80 99
0 25
25 50
81 80
1 85
85 75
0 35
75 22
80 99
22 80
35 1
0 35
80 99
37 80
35 37
68 22
50 68
80 99
0 25
22 80
25 50
73 99
0 73
0 48
48 99
0 35
79 75
75 22
80 99
22 80
35 79
80 99
25 70
0 25
70 80
0 35
3 22
80 99
22 80
35 3
0 35
49 22
79 49
80 99
22 80
35 79
61 22
80 99
22 80
0 61
0 48
80 99
71 80
48 71
0 48
65 95
61 22
95 61
80 99
22 80
48 65
25 98
98 73
0 25
73 99
0 48
48 65
59 99
65 59
0 35
32 61
61 22
80 99
22 80
35 32
0 48
49 22
64 49
80 99
22 80
48 64
0 35
79 74
74 80
80 99
35 79
0 48
95 94
65 95
94 59
48 65
59 99
98 44
25 98
0 25
44 99
0 48
80 99
15 80
48 15
0 48
48 9
79 74
9 79
74 80
80 99
0 35
16 52
52 84
84 74
35 21
21 16
74 80
80 99
0 35
80 99
14 80
35 14
25 33
80 99
0 25
33 80
25 66
66 59
0 25
59 99
25 56
0 25
56 99
33 87
25 33
0 25
87 99
0 48
65 8
48 65
8 99
0 48
48 41
74 80
41 74
80 99
0 48
7 22
48 7
80 99
22 80
0 48
48 58
58 99
0 48
48 41
28 80
41 28
80 99
98 57
57 99
25 98
0 25
0 48
48 9
98 57
27 98
57 99
9 27
25 76
76 99
0 25
0 48
48 41
67 80
41 67
80 99
72 76
76 99
0 72
0 62
5 98
62 5
98 57
57 99
89 99
0 89
0 45
45 99
