186
53
32
31
20
40
27
61
29
52
34
75
74
12
15
65
16
45
25
60
45
58
41
16
67
12
44
12
9
45
23
57
4
74
60
12
34
57
43
52
41
23
21
68
52
4
67
16
69
43
52
1
21
68
15
6
16
4
67
16
45
23
67
34
16
18
47
23
45
74
67
27
12
34
50
75
24
9
50
27
21
24
8
76
34
57
8
33
76
34
57
47
23
45
65
18
40
47
23
29
72
68
6
75
9
6
20
75
26
9
6
61
26
68
6
34
46
57
18
40
47
76
32
20
50
34
26
32
9
3
46
6
4
47
32
34
23
68
6
34
57
31
32
34
21
52
39
47
34
46
35
46
3
9
6
31
32
51
34
21
51
34
57
19
6
48
34
19
57
53
44
48
6
4
45
47
34
19
43
3
9
6
43
46
3
9
6
281
43 46
0 43
79 45
48 66
19 79
51 79
51 32
46 3
46 39
81 31
73 57
49 68
45 4
3 9
50 7
55 34
70 64
26 70
54 28
72 29
23 65
35 47
33 8
37 8
74 67
63 7
4 47
69 43
67 4
41 43
60 79
66 44
24 16
58 2
62 25
10 28
23 45
81 63
65 76
5 65
5 15
15 16
16 67
45 35
23 45
45 35
25 60
13 12
12 2
41 58
23 41
67 78
16 67
74 56
12 74
13 12
13 12
12 66
44 36
75 9
10 28
82 75
9 6
57 34
23 45
34 83
54 23
45 35
63 81
79 57
52 55
4 52
10 4
74 56
78 60
12 74
57 34
34 83
13 12
79 57
21 52
43 3
52 55
54 23
23 41
1 21
30 29
29 68
68 6
24 16
52 55
4 52
16 67
37 69
21 52
43 3
52 55
3 1
1 21
61 68
15 61
24 16
6 83
16 15
68 6
67 4
24 16
16 67
23 45
54 23
45 35
67 27
24 16
34 83
27 34
16 67
40 18
23 45
18 47
54 23
47 55
45 40
12 74
67 27
34 83
13 12
27 34
20 82
50 20
75 9
24 50
82 75
72 24
6 83
9 6
21 27
31 21
24 50
34 83
72 24
50 31
27 34
57 34
34 83
8 76
76 79
79 57
57 34
34 83
8 76
54 33
76 79
79 57
23 45
54 23
45 35
47 55
40 18
65 40
18 47
54 23
47 55
29 68
6 83
54 72
68 6
75 9
82 75
6 83
9 6
70 20
20 82
75 9
82 75
6 83
9 6
59 26
26 70
61 68
64 61
6 83
59 26
68 6
32 81
57 34
34 83
46 32
71 46
79 57
40 18
32 76
34 83
76 40
46 32
18 47
71 46
47 55
26 70
55 34
70 20
20 50
34 83
59 26
32 81
46 32
6 83
9 6
71 46
81 3
4 47
55 34
23 45
34 83
46 32
71 46
32 23
47 55
6 83
68 6
57 34
34 83
55 34
31 21
32 81
21 52
34 83
46 32
52 55
71 46
55 34
35 47
39 35
34 83
71 46
47 55
3 9
6 83
9 6
71 46
81 31
55 34
31 21
32 81
21 52
34 83
52 55
19 51
57 34
34 83
22 19
19 51
79 57
53 6
48 53
6 83
22 48
57 34
34 83
22 19
79 57
66 44
44 53
53 6
6 83
22 48
45 4
4 47
19 79
55 34
34 83
22 19
47 55
3 9
43 3
6 83
9 6
46 3
0 43
3 9
6 83
9 6
