240
19
37
31
41
86
60
82
80
61
18
62
36
68
47
49
12
56
71
27
88
77
70
13
79
52
91
4
16
78
30
95
35
63
3
48
32
87
57
64
93
45
46
28
75
26
44
73
21
34
69
5
2
39
85
6
9
1
74
23
94
20
65
10
38
72
25
55
24
53
11
8
89
17
66
59
51
42
43
81
22
67
14
33
90
29
92
50
7
40
76
54
83
15
84
24
66
24
84
33
38
84
7
38
24
94
72
94
83
1
94
20
24
6
89
1
6
94
94
94
39
94
94
40
17
21
81
74
21
94
44
17
81
21
73
94
40
21
55
40
21
93
8
64
64
28
75
1
87
28
87
1
11
87
64
83
87
39
32
87
39
28
87
39
7
34
87
39
34
59
87
39
64
87
66
1
87
87
81
39
93
8
16
16
87
66
1
52
87
95
87
39
91
77
52
87
64
13
71
4
87
87
35
39
4
87
15
56
43
16
87
56
35
87
39
15
56
43
22
62
35
17
87
18
18
61
47
17
87
39
87
39
18
74
86
26
86
21
18
61
17
380
0 96
84 96
0 84
15 96
0 15
0 83
83 96
0 54
54 96
0 76
76 96
0 40
40 96
0 7
7 96
0 50
50 96
76 92
0 76
92 96
0 29
29 96
90 7
50 90
0 50
7 96
84 33
40 84
0 40
33 96
14 96
0 14
50 67
0 50
67 96
0 22
22 96
0 81
81 96
43 22
0 43
22 96
42 33
0 42
33 96
51 81
0 51
81 96
59 92
92 33
0 59
33 96
66 33
0 66
33 96
51 81
81 17
0 51
17 96
51 89
89 96
0 51
92 8
33 92
66 33
0 66
8 96
33 84
58 11
84 58
66 33
0 66
11 96
66 53
0 66
53 96
33 24
66 33
0 66
24 96
55 81
66 55
81 51
51 24
0 66
24 96
25 24
0 25
24 96
0 72
72 96
84 33
33 24
38 84
0 38
24 96
92 59
84 33
33 92
59 10
38 84
0 38
10 96
92 59
7 65
84 33
59 7
33 92
38 84
0 38
65 96
20 24
0 20
24 96
0 94
94 96
23 72
94 23
0 94
72 96
0 74
74 96
94 83
83 1
0 94
1 96
94 9
9 1
0 94
1 96
20 24
24 6
0 20
6 96
23 84
85 89
84 85
89 29
94 23
29 6
0 94
6 96
39 1
0 39
1 96
2 24
24 6
94 2
0 94
6 96
94 5
0 94
5 96
94 69
0 94
69 96
39 34
0 39
34 96
94 21
0 94
21 96
94 73
0 94
73 96
44 17
17 81
81 40
40 21
0 44
21 96
74 26
26 21
0 74
21 96
94 75
0 94
75 96
44 17
17 81
81 28
0 44
28 96
73 46
46 21
94 73
0 94
21 96
40 21
45 40
0 45
21 96
55 40
40 21
93 55
0 93
21 96
64 96
0 64
8 57
93 8
57 64
0 93
64 96
0 87
87 64
64 96
0 32
32 96
1 66
66 48
48 75
75 28
0 87
87 1
28 96
3 28
1 3
0 87
87 1
28 96
63 58
58 11
11 64
0 87
87 63
64 96
39 35
87 39
0 87
83 32
35 83
32 96
87 39
0 87
39 95
95 96
30 28
87 39
0 87
39 30
28 96
39 34
87 39
7 78
34 7
0 87
78 96
39 34
87 39
0 87
34 59
59 16
16 96
0 87
87 4
4 64
64 96
1 66
0 87
87 1
66 91
91 96
87 39
81 52
0 87
39 81
52 96
93 8
8 79
0 93
79 96
13 16
0 13
16 96
1 66
66 70
0 87
87 1
70 16
16 96
77 52
0 87
87 77
52 96
95 88
87 39
0 87
39 95
88 96
27 91
0 27
91 96
52 64
77 52
64 71
0 87
87 77
71 96
13 56
0 13
56 96
4 12
0 87
87 4
12 71
71 96
39 35
87 39
35 49
0 87
49 96
4 47
0 87
87 4
47 96
43 15
15 56
68 43
0 68
56 96
36 16
0 87
87 36
16 96
39 35
35 62
87 39
62 56
0 87
56 96
0 18
22 43
43 15
15 56
18 22
56 96
39 35
35 62
17 61
87 39
0 87
62 17
61 96
0 18
18 80
80 96
0 18
47 17
17 61
18 94
69 82
82 47
94 69
61 96
87 39
39 60
0 87
60 96
86 96
87 39
0 87
39 86
0 18
41 26
26 74
74 86
86 96
18 41
21 86
86 96
31 21
0 31
0 18
37 17
17 61
61 96
18 37
0 19
19 96
