27
63
62
51
45
50
35
40
40
35
12
13
14
15
16
12
13
14
15
16
11
12
13
14
15
1
10
21
90
0 11
0 21
0 1
52 61
32 33
42 43
53 61
53 54
43 44
54 61
55 61
56 61
56 57
46 47
57 61
37 38
47 48
58 61
58 59
48 49
59 61
59 61
59 61
58 61
58 61
37 38
39 40
40 68
57 61
57 61
34 35
35 36
37 38
39 40
40 68
34 35
35 36
46 47
47 48
48 49
49 50
50 68
54 61
54 61
53 61
53 61
32 33
34 45
45 54
54 61
11 12
12 13
13 14
14 15
15 16
16 17
17 18
18 19
19 20
20 68
1 11
12 13
13 14
14 15
15 16
16 17
17 18
18 19
19 20
20 68
22 12
11 12
12 13
13 14
14 15
15 16
16 17
17 18
18 19
19 20
20 68
0 51
51 61
0 1
1 62
62 10
10 68
0 21
21 63
63 30
