219
62
12
70
66
91
7
79
22
85
21
10
83
17
34
87
68
50
86
64
71
44
20
16
39
92
54
19
8
65
89
94
93
45
60
26
6
36
56
96
76
37
95
4
35
48
25
82
81
69
47
67
32
80
72
55
78
75
31
18
3
74
1
2
57
28
41
43
53
58
11
77
46
5
90
24
61
27
30
42
49
88
13
63
29
15
40
38
51
59
73
14
9
33
23
84
88
53
24
30
30
30
88
88
57
30
2
41
1
1
14
18
14
18
18
1
74
1
88
18
55
78
1
18
41
78
1
30
61
18
1
88
18
67
78
1
1
47
18
78
25
95
72
24
88
1
88
41
95
30
24
56
18
4
88
18
37
78
95
1
18
96
1
6
4
45
37
37
60
95
60
88
92
45
37
18
57
26
60
45
37
16
76
16
96
1
16
26
16
16
60
45
37
16
87
26
26
16
87
68
16
68
90
44
68
56
50
16
68
60
83
26
91
45
37
83
66
26
91
91
358
0 97
84 97
0 84
0 23
23 97
33 97
0 33
9 97
0 9
14 97
0 14
73 97
0 73
59 97
0 59
0 51
51 97
38 97
0 38
40 38
0 40
38 97
15 97
0 15
40 29
15 97
29 15
0 40
63 15
15 97
0 63
13 97
0 13
0 88
88 97
49 15
15 97
0 49
42 97
0 42
42 30
30 97
0 42
27 97
0 27
61 30
30 97
0 61
88 24
24 30
30 97
0 88
90 30
88 24
24 90
30 97
0 88
52 5
5 15
88 52
15 97
0 88
46 63
63 30
88 46
30 97
0 88
77 15
15 97
0 77
88 11
11 15
15 97
0 88
58 97
0 58
88 53
53 97
0 88
43 53
53 97
0 43
41 30
24 41
88 24
30 97
0 88
28 30
30 97
0 28
57 30
88 57
30 97
0 88
88 2
2 97
0 88
57 30
1 97
88 57
30 1
0 88
74 2
2 97
0 74
41 30
3 41
1 97
30 1
0 3
1 97
0 18
18 1
53 31
14 53
31 15
1 97
15 1
18 14
0 18
14 75
75 15
1 97
15 1
18 14
0 18
18 78
1 97
78 30
30 1
0 18
55 1
1 97
74 55
0 74
88 72
72 97
0 88
18 80
0 18
80 97
2 32
32 55
18 78
55 1
1 97
78 2
0 18
67 15
1 97
15 1
18 67
0 18
78 47
41 30
18 78
47 41
1 97
30 1
0 18
69 30
88 69
1 97
30 1
0 88
61 81
18 61
81 97
0 18
88 82
1 97
82 1
0 88
67 15
25 67
78 25
18 78
1 97
15 1
0 18
1 97
48 1
0 48
78 47
18 78
47 35
35 97
0 18
4 97
0 4
95 97
0 95
24 25
67 15
95 24
25 67
72 37
37 97
15 72
0 95
76 97
88 76
0 88
88 96
96 1
1 97
0 88
41 30
30 28
28 56
95 24
24 41
56 97
0 95
36 56
56 97
0 36
6 4
18 6
4 97
0 18
26 97
0 26
60 97
88 60
0 88
78 45
45 37
37 97
18 78
0 18
95 93
93 1
1 97
0 95
18 94
94 97
0 18
89 96
96 1
1 97
0 89
65 6
6 4
4 97
0 65
45 37
37 97
8 45
0 8
37 97
19 37
0 19
54 60
60 97
95 54
0 95
60 97
88 60
92 88
0 92
18 39
39 45
45 37
92 18
37 97
0 92
26 97
57 26
0 16
16 57
60 97
20 60
0 20
45 37
44 45
37 97
0 44
71 76
76 97
0 16
16 71
64 96
96 1
16 64
1 97
0 16
52 86
16 52
26 97
86 26
0 16
16 50
0 16
50 97
68 97
0 68
16 87
60 97
87 60
0 16
34 45
45 37
37 97
0 34
87 17
16 87
26 97
17 26
0 16
83 26
26 97
0 83
16 87
10 68
87 10
68 97
0 16
21 68
68 97
16 21
0 16
85 44
44 90
90 68
68 97
0 85
16 50
50 22
22 56
56 68
68 97
0 16
0 79
79 97
7 60
60 97
0 7
0 91
91 97
83 26
91 66
0 91
26 97
66 83
70 45
45 37
37 97
0 70
12 83
83 26
91 66
66 12
0 91
26 97
0 91
62 97
91 62
