5
72
69
86
16
5
99
56 22
44 99
0 96
0 20
0 23
59 99
54 31
0 49
9 39
80 43
39 99
89 30
80 48
98 52
94 82
65 10
24 50
33 62
33 35
41 99
0 11
58 50
33 10
32 43
59 30
85 9
50 99
62 10
59 12
0 99
98 87
65 7
12 30
0 80
0 74
10 99
35 99
48 99
45 88
81 99
96 56
45 66
40 52
6 8
98 92
19 18
98 32
0 98
8 99
0 94
90 67
56 52
89 25
15 20
30 99
85 47
0 89
33 90
0 25
0 33
14 99
0 78
0 43
1 87
0 6
52 99
6 66
54 67
0 1
51 67
38 11
6 77
13 38
81 57
79 99
57 99
28 99
78 99
53 64
0 40
0 6
0 54
83 57
70 67
0 45
84 99
66 99
57 47
0 36
0 13
22 44
4 47
39 34
54 47
0 22
0 50
0 81
84 67
11 95
