5
33
20
76
17
81
100
0 99
0 78
0 72
0 26
0 23
0 85
0 28
0 87
0 43
0 13
0 86
0 98
0 52
0 82
0 48
0 37
0 51
0 64
0 24
0 29
0 32
0 41
0 9
0 67
0 39
0 6
0 25
0 92
0 12
0 68
0 7
0 94
0 4
0 19
0 58
0 89
0 38
0 75
0 22
0 91
0 44
0 11
0 77
0 71
0 55
0 83
0 31
0 14
0 16
0 40
57 74
57 16
57 82
57 86
57 98
57 36
57 32
57 8
57 91
57 55
57 41
57 3
57 68
57 58
57 52
57 62
57 65
57 72
57 21
57 71
57 93
57 99
57 75
57 12
57 94
57 2
57 7
57 97
57 28
57 49
57 48
57 66
57 37
57 4
57 5
57 45
57 80
57 22
57 77
57 95
57 31
57 87
57 46
57 69
57 23
57 44
57 51
57 24
84 55
84 10
