216
16
35
60
95
79
62
21
38
33
70
74
5
23
98
12
48
57
61
14
8
81
31
66
69
29
17
4
63
19
55
92
78
46
10
37
53
87
28
13
65
58
88
93
59
41
42
80
1
68
39
96
47
44
36
64
43
9
22
2
49
85
51
91
97
20
32
82
94
83
40
72
54
75
7
56
6
3
15
90
11
30
50
67
89
77
26
25
76
18
73
86
34
45
24
52
84
27
52
84
7
72
77
75
75
89
11
11
20
94
40
7
7
89
51
40
94
89
2
94
9
9
89
2
9
84
54
9
9
9
68
2
52
3
44
68
9
96
96
97
51
80
67
80
39
58
39
68
68
53
58
36
68
37
97
37
53
52
78
72
53
78
37
97
96
68
63
53
72
78
37
37
97
86
63
66
53
52
66
31
53
72
66
37
97
96
69
14
37
97
61
82
53
53
14
66
14
37
22
48
53
53
5
37
73
38
21
38
51
38
33
5
52
79
14
38
72
356
0 99
84 45
52 24
27 99
0 27
0 84
84 99
52 99
0 52
24 99
0 24
24 99
0 52
45 99
0 45
34 99
0 34
45 99
0 84
86 24
0 86
24 99
73 99
0 73
18 99
0 18
86 76
0 86
76 99
86 76
76 25
25 99
0 86
76 25
26 76
25 99
0 26
86 77
77 99
0 86
0 89
89 99
67 18
89 67
0 89
18 99
89 50
50 18
0 89
18 99
50 30
30 24
89 50
0 89
24 99
11 99
0 11
89 90
0 89
90 99
89 15
15 11
0 89
11 99
50 3
89 50
0 89
3 99
0 6
6 99
56 11
89 56
0 89
11 99
89 7
7 15
15 11
0 89
11 99
75 11
0 75
11 99
89 7
7 15
15 54
54 77
0 89
77 99
89 7
7 72
0 89
72 99
89 7
7 15
15 40
40 72
0 89
72 99
75 83
83 77
0 75
77 99
75 94
0 75
94 99
89 82
0 89
82 99
32 11
0 32
11 99
20 11
0 20
11 99
20 97
0 20
97 99
91 94
0 91
94 99
89 7
7 15
15 40
40 51
0 89
51 99
89 7
7 85
0 89
85 99
15 40
49 15
40 51
0 49
51 99
2 94
0 2
94 99
0 22
22 99
89 9
9 99
0 89
94 43
2 94
43 99
0 2
64 9
9 99
0 64
89 36
36 9
9 99
0 89
44 9
2 44
9 99
0 2
54 84
44 9
84 44
47 54
9 99
0 47
96 9
9 99
0 96
39 9
0 39
9 99
68 9
0 68
9 99
2 52
52 1
68 2
0 68
1 99
0 80
80 99
44 9
68 42
3 44
42 3
0 68
9 99
96 41
41 99
0 96
96 97
97 59
59 99
0 96
80 67
67 51
51 93
93 99
0 80
80 88
0 80
88 99
0 58
58 99
39 65
65 99
0 39
58 13
13 99
0 58
39 28
28 99
0 39
68 87
0 68
87 99
53 99
68 53
0 68
37 99
0 37
58 36
36 10
53 99
10 53
0 58
97 37
46 97
68 46
37 99
0 68
37 99
78 37
0 78
92 52
53 99
52 53
0 92
78 55
72 53
55 72
53 99
0 78
19 96
96 97
97 37
78 19
37 99
0 78
68 63
63 99
0 68
4 63
0 4
63 99
17 72
72 53
53 99
0 17
29 37
78 29
37 99
0 78
97 37
69 97
37 99
0 69
86 63
66 86
0 66
63 99
31 52
66 31
53 99
0 66
52 53
31 81
81 72
66 31
72 53
53 99
0 66
8 96
96 97
97 37
66 8
0 66
37 99
69 14
14 99
0 69
97 37
37 14
61 97
14 99
0 61
57 53
82 57
61 82
53 99
0 61
48 53
53 99
0 48
12 14
14 99
0 12
98 99
0 98
66 23
0 66
23 99
37 14
0 5
5 37
14 99
74 22
48 53
22 48
0 74
53 99
70 53
53 99
0 70
33 99
0 33
37 38
38 99
0 5
5 37
73 38
21 73
38 99
0 21
62 38
21 62
38 99
0 21
79 51
51 38
38 99
0 79
95 33
33 99
0 95
5 52
52 60
0 5
60 99
35 14
79 35
0 79
14 99
0 16
72 38
16 72
38 99
