43
65
61
69
2
38
57
78
29
31
32
44
36
40
7
58
18
25
4
52
33
43
41
45
75
19
56
68
70
53
74
73
8
1
23
48
21
54
67
42
49
30
50
35
105
0 35
5 34
0 50
47 44
47 30
47 9
23 71
3 26
6 36
62 33
49 8
6 42
78 80
12 6
14 58
19 56
58 73
17 48
7 80
21 45
59 39
48 14
1 73
72 19
27 70
18 66
46 74
46 37
68 44
76 54
71 56
24 19
55 58
33 79
77 26
45 76
41 16
33 43
4 27
18 14
40 36
34 49
8 80
48 44
34 15
44 6
36 8
75 40
32 79
7 32
58 7
52 58
25 18
5 4
66 52
4 25
75 33
43 80
34 41
55 45
76 19
19 75
56 68
68 48
31 70
53 31
17 53
70 28
68 29
29 28
31 68
31 49
78 16
17 78
78 26
74 79
0 57
57 12
73 8
57 62
49 1
38 23
23 6
0 38
2 80
71 2
38 59
39 48
27 21
54 8
38 52
57 53
69 67
23 69
67 79
25 61
61 32
52 65
65 61
42 46
62 49
40 2
30 61
50 80
35 78
