5
11
64
40
74
27
100
0 89
24 5
76 5
18 96
0 55
0 5
0 78
26 15
18 46
18 29
26 58
26 94
38 58
26 56
82 78
79 69
26 29
33 61
0 26
18 34
0 82
7 50
72 85
28 78
18 37
72 59
46 6
86 9
15 44
72 47
18 72
10 58
28 31
25 29
28 58
93 8
52 50
63 42
7 25
83 72
18 88
18 80
18 52
6 32
17 69
83 88
93 28
2 58
60 94
83 51
50 86
15 10
65 10
0 93
76 33
39 37
15 46
1 14
39 25
15 43
75 43
61 96
63 65
61 90
7 82
76 21
83 15
50 51
75 72
19 58
18 63
50 53
66 32
50 68
95 32
47 38
14 9
0 75
72 21
0 18
39 94
76 36
91 59
85 20
76 2
85 5
16 81
47 21
55 78
61 86
3 38
90 5
10 96
16 1
12 86
47 57
57 12
86 32
32 96
0 47
