5
69
78
71
62
60
100
0 81
94 99
37 51
5 99
46 39
39 81
34 99
68 53
22 26
0 22
82 84
46 6
90 33
0 17
52 20
64 3
27 31
83 82
83 43
96 33
90 64
75 99
0 27
35 38
0 75
0 83
41 99
31 44
33 99
7 16
80 50
0 90
0 63
65 49
76 33
73 37
81 99
7 73
32 79
38 99
28 76
79 9
9 99
56 49
32 80
54 99
19 73
51 99
32 25
32 35
21 55
32 84
0 32
53 99
7 17
0 65
0 7
85 99
0 5
35 99
26 73
49 99
28 61
18 77
19 80
19 86
57 84
82 70
84 99
73 99
82 59
70 99
15 86
86 99
0 28
29 88
12 88
88 99
89 42
66 99
0 42
54 61
76 99
0 19
61 99
75 72
0 82
0 89
94 22
0 88
92 75
79 92
35 37
79 23
0 53
91 57
0 79
35 72
58 27
42 99
