5
74
38
8
32
43
86
49 75
26 75
87 54
12 73
48 54
21 4
0 46
6 11
40 98
88 13
10 39
13 77
10 79
11 98
55 61
0 49
83 78
70 77
6 2
29 58
26 30
6 37
2 77
76 18
51 82
47 1
82 77
35 42
73 61
86 75
47 76
47 67
80 95
86 1
63 96
87 90
23 34
30 63
62 25
17 94
47 69
88 53
46 50
71 61
47 23
57 58
85 78
3 95
54 99
44 1
22 84
11 31
93 57
34 66
56 57
85 64
95 13
12 41
34 89
27 12
46 27
40 69
3 64
65 3
9 91
40 70
73 5
25 85
79 22
66 81
93 82
72 19
45 79
70 41
35 37
62 92
21 79
50 85
46 25
65 76
45 44
44 94
55 93
68 65
35 59
43 11
