5
38
26
55
80
98
100
27 26
17 99
27 83
96 32
0 20
0 99
88 99
0 96
0 37
32 59
85 94
28 76
59 99
19 9
72 99
0 17
53 99
0 1
2 23
0 19
91 99
85 99
94 99
0 44
77 99
9 99
50 56
27 56
12 63
56 99
0 85
0 29
22 14
5 99
73 3
60 99
3 99
91 36
29 43
0 87
36 43
43 99
91 27
10 90
0 2
57 94
77 1
2 99
68 95
95 45
29 99
45 99
1 99
34 99
49 40
0 22
0 82
89 61
84 10
91 17
66 53
13 48
40 99
84 68
84 43
86 52
77 61
43 61
52 61
19 64
34 12
81 29
41 12
64 99
62 17
20 61
0 91
61 99
0 84
0 34
64 48
0 57
12 73
12 54
12 28
48 99
7 73
28 99
12 7
79 73
0 12
8 73
39 99
15 99
49 76
76 41
0 7
8 22
24 96
32 99
