5
50
1
13
89
11
99
0 12
58 98
27 55
41 18
0 79
8 98
27 20
84 8
84 71
35 98
55 98
87 86
3 71
71 98
21 69
12 98
87 48
73 95
0 19
82 98
54 68
27 14
84 5
87 64
79 37
37 98
55 30
52 8
79 26
0 87
0 73
28 31
20 5
49 70
70 98
0 27
90 10
0 84
88 98
0 82
97 76
10 98
0 97
40 37
15 69
69 30
0 90
69 68
0 40
16 41
0 29
0 96
12 53
68 98
15 34
15 59
16 21
30 98
8 26
15 58
0 38
33 98
46 44
91 42
5 98
42 98
0 15
79 98
61 6
65 43
0 48
21 17
0 57
0 16
0 33
21 12
52 26
45 49
21 7
80 72
6 98
62 83
83 26
0 28
86 98
85 33
9 88
43 98
49 26
30 76
52 37
30 88
94 86
94 51
0 92
31 86
0 56
21 42
0 21
