5
5
64
28
52
1
100
61 99
39 82
0 44
4 77
51 35
43 35
27 15
0 59
92 31
70 35
4 90
18 99
41 30
9 63
92 41
70 47
0 92
42 85
55 37
39 84
6 84
70 57
4 80
85 98
0 4
68 57
71 19
67 96
71 37
3 49
73 35
15 93
27 9
70 85
68 74
70 81
56 35
8 68
34 69
0 39
0 8
37 99
61 88
43 69
57 98
77 98
35 99
9 98
96 98
93 99
61 10
22 49
3 12
0 43
57 19
17 39
57 54
70 71
0 70
10 69
13 19
73 2
19 99
34 55
17 40
19 98
27 39
68 2
21 54
68 16
62 41
94 22
91 67
61 58
73 16
34 4
48 7
61 30
9 42
9 78
0 61
57 66
25 79
67 99
25 81
25 26
57 42
25 78
47 98
57 87
62 78
29 98
91 42
0 34
73 30
98 99
30 98
0 73
62 54
34 62
