5
80
60
38
92
95
100
0 48
21 8
21 37
32 79
32 19
32 36
32 7
32 50
65 57
65 17
65 84
65 51
65 91
65 88
65 78
68 42
68 87
68 46
6 74
6 30
6 37
57 9
57 5
57 17
57 28
57 84
57 20
57 96
57 35
57 53
57 10
57 15
63 34
63 51
84 26
84 45
84 7
16 69
83 58
16 79
83 48
83 88
16 98
91 28
91 58
17 23
17 76
4 22
4 26
4 2
4 40
4 51
4 61
8 51
8 77
8 98
74 48
74 41
74 28
98 53
61 81
31 30
31 53
44 30
44 66
44 93
9 72
9 48
9 93
9 3
9 62
79 81
79 3
47 25
47 19
87 1
87 26
87 69
87 86
55 5
55 56
11 39
11 1
11 85
86 58
86 82
86 88
15 50
54 35
77 43
77 35
77 7
77 40
24 69
82 41
82 64
82 1
90 36
90 58
90 46
