97
60
71
92
36
68
37
66
6
13
11
59
45
38
28
9
98
82
1
84
23
86
83
14
19
54
80
33
5
55
93
75
91
32
61
97
39
4
53
15
57
85
48
20
72
22
69
24
44
78
8
10
29
94
81
89
31
21
49
34
43
77
87
25
73
51
2
58
64
74
16
90
3
35
79
56
88
76
17
50
41
47
70
12
96
40
18
7
27
26
30
67
65
62
42
95
52
63
213
0 99
0 63
63 99
52 99
0 52
95 99
0 95
0 42
42 99
0 62
62 99
0 65
65 99
0 67
67 99
0 30
30 99
26 99
0 26
0 27
27 99
7 99
0 7
18 26
0 18
40 99
0 40
0 96
96 40
0 12
12 40
12 70
70 99
12 47
47 26
41 26
0 41
41 50
50 40
0 17
17 99
0 76
76 99
50 88
88 7
17 56
56 7
96 79
79 99
12 35
35 7
41 67
67 3
3 99
41 90
90 79
16 40
50 16
76 74
74 40
96 64
64 99
58 35
0 58
2 96
0 2
51 96
0 51
73 7
76 73
0 25
25 99
74 87
87 99
77 64
0 77
51 43
43 87
51 34
34 40
0 49
49 99
49 67
67 21
21 43
31 40
76 31
67 89
89 40
81 31
0 81
0 94
94 99
29 31
49 29
10 87
56 10
49 56
94 50
8 87
41 8
94 46
46 78
78 99
44 40
67 44
49 24
24 99
94 69
69 99
94 22
22 99
72 87
0 72
0 20
20 99
20 48
48 99
85 99
20 85
0 57
57 40
47 48
57 88
88 15
15 47
53 85
20 53
57 26
94 95
4 85
95 4
26 94
31 39
39 53
97 47
57 97
42 61
61 53
57 42
57 32
32 85
91 22
57 91
75 22
0 75
93 4
57 93
0 55
55 85
0 5
5 85
55 72
25 33
72 25
33 99
0 80
80 85
94 54
80 94
54 99
80 35
35 19
19 99
80 14
14 94
14 83
83 85
0 86
86 99
32 23
23 99
84 33
80 84
10 1
1 99
82 99
35 82
0 98
98 82
9 99
0 9
28 85
0 28
48 38
35 48
38 99
28 70
45 38
70 45
26 59
59 99
28 11
11 45
28 41
50 13
13 99
6 13
0 6
66 38
14 66
37 50
0 37
68 13
0 68
36 99
98 36
92 99
41 92
71 13
0 71
71 60
60 92
