5
75
94
21
76
96
100
28 99
0 6
0 92
3 34
0 20
42 99
58 99
0 3
69 39
61 47
91 47
68 99
0 44
16 23
14 79
65 47
37 4
39 57
61 20
82 32
14 61
14 69
57 99
85 23
0 22
0 88
14 37
34 99
0 10
8 23
0 14
31 99
16 67
15 5
47 99
2 23
0 99
38 11
11 99
0 39
18 99
15 32
59 99
2 67
49 77
18 97
49 69
84 99
0 49
23 99
66 99
18 53
61 99
0 16
41 67
67 99
0 2
0 80
44 25
25 99
5 38
17 81
9 79
2 59
43 26
79 99
62 99
80 99
32 63
6 54
9 4
32 89
19 38
28 54
5 13
89 60
54 99
82 72
46 99
0 13
39 71
79 20
92 99
72 99
34 32
98 45
85 35
45 99
18 11
71 63
63 38
43 32
20 38
57 38
49 38
30 13
38 99
0 15
43 50
43 37
