5
45
89
98
76
67
100
0 99
0 62
0 48
0 35
0 25
0 72
0 21
0 27
0 55
0 65
0 61
0 14
0 73
0 94
0 41
0 91
0 70
0 54
0 15
0 97
0 92
0 16
0 2
0 57
0 23
0 81
0 80
0 10
0 71
0 77
0 90
0 79
0 3
0 47
0 12
0 49
0 38
0 37
0 13
0 88
0 50
0 59
0 84
0 30
0 63
0 53
0 43
0 60
0 83
0 56
0 36
0 17
0 66
0 26
0 46
0 28
0 69
0 52
0 68
0 1
0 86
0 4
0 40
0 82
0 5
0 87
0 78
0 24
0 74
0 18
0 93
0 33
7 22
7 27
7 91
7 65
7 25
7 2
7 49
7 53
7 48
7 12
7 63
7 20
7 88
7 97
7 3
7 99
7 16
7 61
7 79
7 33
7 40
7 56
7 70
7 19
7 31
7 1
7 71
7 34
