93
64
11
3
41
61
55
83
74
57
62
31
63
70
52
13
79
16
85
44
14
25
58
76
22
72
77
78
21
42
68
28
6
45
66
53
20
17
67
51
69
43
73
71
32
88
24
59
35
54
89
33
12
82
92
37
19
87
47
39
93
26
27
38
9
94
90
46
48
50
5
8
18
23
15
10
40
49
91
56
34
81
7
4
86
2
75
80
29
84
65
60
36
30
208
0 95
30 95
0 30
0 36
36 95
60 95
0 60
65 95
0 65
0 84
84 95
84 29
29 95
80 95
0 80
75 95
0 75
84 2
2 80
0 86
86 95
4 65
0 4
7 80
0 7
81 65
84 81
34 80
84 34
56 80
0 56
91 86
0 91
0 49
49 65
0 40
40 95
86 10
10 95
15 40
0 15
49 23
23 95
49 18
18 95
8 80
0 8
5 7
7 10
0 5
0 50
50 10
48 80
0 48
48 46
46 80
90 40
0 90
40 94
94 95
0 9
9 95
0 38
38 95
40 27
27 38
26 75
75 38
0 26
90 18
18 4
4 93
93 95
0 39
39 26
39 47
47 95
9 87
87 94
90 19
19 95
0 37
37 95
19 92
92 95
37 82
82 95
8 12
12 92
75 8
39 33
33 92
89 38
0 89
54 92
47 29
29 54
75 35
35 95
35 59
59 95
24 75
0 24
24 84
84 88
88 95
33 32
32 95
37 71
71 95
90 73
73 95
43 75
39 43
69 88
0 69
1 51
24 1
51 95
43 67
67 95
49 17
17 95
39 20
20 95
53 17
0 53
35 65
65 66
66 95
75 45
45 95
43 6
6 66
39 15
15 28
28 95
26 68
68 95
42 33
33 68
39 42
20 21
21 95
39 78
78 95
24 2
2 77
77 95
35 72
72 30
30 77
22 33
0 22
22 71
71 76
76 95
58 77
0 58
33 25
25 95
22 46
46 14
14 95
68 44
44 95
68 85
85 95
65 16
16 95
47 79
43 47
79 95
0 13
13 95
20 52
52 95
24 70
70 95
44 81
81 52
63 68
0 63
31 95
0 31
62 95
0 62
22 57
57 95
39 74
74 31
83 88
0 83
91 31
88 91
7 55
83 7
55 31
75 61
61 95
41 75
83 41
7 3
3 95
7 11
11 95
83 64
64 61
