5
14
58
87
69
12
86
54 50
84 99
37 88
0 65
57 69
39 22
79 99
27 56
1 22
95 99
75 24
83 73
15 96
0 51
0 45
88 24
36 19
28 83
54 51
23 81
85 3
37 28
6 59
67 47
48 88
46 40
75 9
39 34
71 80
6 93
17 52
29 82
76 31
83 32
86 61
10 9
84 16
60 66
78 7
34 81
66 73
21 59
45 42
78 26
38 72
35 95
38 79
72 49
30 96
7 31
31 49
60 64
86 74
70 40
55 27
26 60
55 11
91 76
36 64
82 8
77 67
25 68
13 94
20 2
92 41
52 98
15 94
6 89
4 57
95 72
90 43
30 97
77 2
74 94
50 92
11 65
47 4
48 44
15 52
68 63
20 93
29 44
17 91
90 42
90 53
12 17
