5
98
49
77
83
96
100
0 51
0 99
0 88
0 75
0 46
0 33
0 52
0 18
0 54
0 40
0 48
0 12
0 80
0 59
0 70
0 89
0 39
0 5
0 23
0 53
0 82
0 69
0 60
0 25
0 61
0 67
0 43
0 66
0 87
0 15
0 9
0 21
0 72
0 3
0 35
0 26
0 41
0 17
0 56
0 37
0 93
0 1
0 86
0 95
0 91
0 47
0 27
0 32
0 10
0 58
0 31
0 30
28 61
28 12
28 16
28 5
28 54
28 65
28 93
28 70
28 50
28 3
28 21
28 53
28 41
28 14
28 33
28 37
28 34
28 82
28 44
28 40
28 87
28 42
28 79
28 75
95 60
95 40
95 31
95 23
95 65
95 67
95 44
95 9
95 63
95 73
95 79
95 55
95 43
95 27
95 26
95 81
95 68
95 94
95 61
95 56
95 14
95 64
95 72
95 62
