97
64
20
13
35
94
90
25
39
36
34
26
12
51
46
70
75
1
85
48
15
72
69
23
29
33
88
9
49
44
79
92
21
71
61
55
59
98
87
37
41
97
63
89
91
11
19
47
27
65
14
68
45
32
73
43
7
57
56
52
28
62
17
77
93
18
24
76
4
10
50
96
40
81
8
5
82
22
42
53
86
38
6
74
83
54
78
31
60
58
67
80
95
30
84
3
16
66
225
0 99
0 66
66 99
0 16
16 99
3 99
0 3
0 84
84 99
30 99
0 30
0 95
95 99
80 3
0 80
67 3
0 67
80 58
58 99
0 60
60 99
0 31
31 99
0 78
78 99
54 99
0 54
80 83
83 99
78 74
74 99
78 6
6 99
38 99
0 38
0 86
86 99
53 38
95 53
86 95
74 67
67 42
42 99
74 22
22 99
2 38
82 2
0 82
5 83
83 22
0 5
8 83
31 8
86 31
81 38
0 81
81 40
40 99
96 81
86 96
50 99
0 50
50 10
10 99
38 10
4 81
86 4
76 50
0 76
24 99
0 24
76 18
18 53
93 10
24 93
77 99
0 77
16 77
30 16
17 30
0 17
62 77
0 62
28 53
0 28
52 53
24 52
56 10
28 56
57 50
76 57
7 99
0 7
43 77
0 43
76 73
73 77
4 32
32 99
24 45
45 99
67 45
68 74
0 68
54 93
56 45
14 54
68 14
65 38
0 65
27 99
0 27
80 27
68 47
47 80
68 19
19 24
68 11
11 32
16 27
68 91
91 16
7 89
19 7
89 80
63 42
42 24
0 63
97 66
68 97
66 27
19 41
41 45
68 37
37 58
58 27
87 67
11 87
98 84
84 27
41 98
59 30
0 59
55 58
63 55
61 45
0 61
71 22
22 84
0 71
21 30
63 21
92 3
3 45
0 92
79 45
0 79
44 16
0 44
49 30
0 49
49 43
37 9
43 68
9 27
88 77
43 88
2 33
49 2
33 99
29 99
0 29
23 24
0 23
23 69
69 33
72 45
0 72
15 99
0 15
48 16
23 50
50 48
72 85
85 45
1 49
42 48
0 1
49 63
0 75
75 16
33 70
70 27
75 33
63 46
46 16
51 99
0 51
12 48
1 12
1 26
61 42
26 61
34 48
1 34
75 76
76 36
36 99
0 39
39 16
0 25
25 99
49 90
90 48
94 34
75 94
68 35
35 99
25 11
90 13
13 36
0 20
20 99
64 27
11 64
