5
34
48
84
44
15
100
0 63
0 64
0 85
0 23
0 6
0 35
0 2
0 46
0 26
0 10
0 41
0 3
0 79
0 65
0 76
0 52
0 8
0 40
0 16
0 60
0 49
0 56
0 43
0 5
0 62
0 20
0 81
24 83
24 50
24 2
24 47
24 21
24 85
24 8
24 9
24 33
24 25
24 29
24 78
24 11
24 12
24 75
24 79
24 13
24 81
24 54
24 68
24 45
24 4
24 31
24 72
24 5
24 46
24 27
24 16
24 77
24 7
24 56
24 20
24 23
39 61
39 9
39 19
39 70
39 66
39 86
39 26
39 85
39 80
39 56
39 31
39 88
39 1
39 79
39 41
39 60
39 4
39 59
76 4
76 16
76 49
76 7
76 63
76 42
76 51
76 80
76 88
76 69
76 62
76 57
76 8
76 66
76 77
76 60
76 86
76 45
76 47
76 33
76 74
76 82
