204
1
6
80
93
42
31
50
67
25
70
91
36
75
58
64
90
63
66
65
82
51
16
24
74
28
57
10
68
88
72
2
9
23
34
87
73
8
53
49
38
26
81
35
71
83
21
15
79
84
86
89
95
19
55
18
62
61
43
98
52
40
12
48
5
22
92
20
33
56
29
39
85
41
30
54
94
97
4
45
32
69
59
11
47
3
46
60
3
32
69
85
85
11
85
85
5
48
52
61
32
62
61
20
43
62
92
55
79
30
15
48
3
61
19
32
15
89
15
30
15
30
45
22
38
85
15
5
53
38
62
89
52
18
72
62
87
72
20
72
19
20
72
38
62
72
62
72
18
62
79
72
62
71
72
55
62
72
20
24
72
62
49
61
72
20
72
38
8
66
72
11
18
72
62
60
22
45
18
62
62
72
72
62
55
72
2
56
58
62
71
72
75
72
72
18
62
72
60
50
62
55
72
67
42
419
69 76
44 96
3 7
76 27
0 44
13 44
96 77
60 37
0 17
78 76
60 46
46 77
14 60
0 3
3 77
0 17
0 17
47 7
17 47
0 11
11 7
0 59
59 27
0 69
69 27
0 17
0 44
32 60
60 37
76 27
77 32
0 44
44 13
14 45
45 27
0 3
0 44
32 60
60 37
76 27
96 77
77 32
3 4
0 3
4 27
3 97
76 27
97 76
0 3
76 27
94 76
0 94
0 54
54 27
76 27
0 69
30 76
76 27
0 30
44 96
0 44
76 27
96 41
41 76
0 17
17 85
85 99
54 47
47 39
0 54
39 99
17 29
0 17
29 85
85 99
44 96
0 44
77 56
96 77
56 99
0 44
33 85
44 33
85 99
11 20
0 11
20 99
0 92
92 99
22 85
0 44
44 13
13 22
85 99
0 44
44 5
5 99
44 96
0 44
96 48
48 27
0 12
12 99
40 85
0 44
44 40
85 99
0 44
5 52
44 5
52 99
0 98
98 99
48 78
44 96
0 44
96 48
78 43
43 99
37 52
0 61
61 37
52 99
17 62
0 17
62 99
18 62
60 18
32 60
61 32
0 61
62 99
0 44
55 62
44 55
62 99
19 20
32 19
61 32
0 61
20 99
0 44
95 43
44 13
13 95
43 99
76 62
0 44
89 76
44 89
62 99
92 86
0 92
86 99
55 84
0 44
44 55
84 99
17 79
0 17
79 99
17 79
30 15
79 30
0 17
15 99
21 3
48 78
78 21
44 96
0 44
96 48
3 15
15 99
19 83
32 19
61 32
0 61
83 99
0 71
71 99
0 44
13 35
44 13
35 99
89 81
0 44
81 15
44 89
15 99
17 26
30 15
26 30
0 17
15 99
44 96
0 44
30 15
38 30
96 38
15 99
0 44
44 13
13 49
49 99
22 45
38 85
44 96
45 53
85 22
0 44
96 38
53 99
0 44
44 8
8 15
15 99
5 73
0 44
44 5
73 99
0 87
87 99
0 44
44 13
13 34
34 99
23 53
17 23
0 17
53 99
44 96
0 44
38 9
96 38
9 99
13 2
0 44
44 13
2 99
62 72
76 62
0 44
72 99
89 76
44 89
88 52
62 72
18 62
48 78
52 18
44 96
0 44
78 88
72 99
96 48
87 68
20 72
68 20
72 99
0 87
19 20
10 19
20 72
0 44
72 99
13 10
44 13
62 72
76 62
44 96
57 76
0 44
38 57
72 99
96 38
62 72
13 28
0 44
72 99
44 13
28 62
62 72
18 62
79 74
17 79
74 18
72 99
0 17
62 72
24 62
72 99
0 71
71 24
62 72
13 16
16 55
0 44
55 62
72 99
44 13
51 20
44 96
20 72
0 44
72 99
96 51
49 24
62 72
24 62
0 44
82 49
72 99
44 82
61 65
20 72
65 20
72 99
0 61
38 66
44 96
0 44
66 72
72 99
96 38
11 66
8 63
63 11
0 44
44 8
66 72
72 99
62 72
18 62
60 18
44 96
0 44
96 90
90 60
72 99
22 45
62 72
18 62
64 22
45 74
74 18
72 99
0 64
62 72
76 62
58 76
13 58
0 44
72 99
44 13
44 96
75 72
0 44
72 99
96 75
36 55
62 72
0 44
55 62
72 99
44 36
56 2
91 56
2 13
62 72
76 62
58 76
13 58
0 44
44 91
72 99
71 70
72 99
70 72
0 71
0 44
44 25
25 99
67 75
75 72
0 44
44 67
72 99
96 50
44 96
0 44
72 99
50 72
62 72
18 62
60 18
31 60
72 99
0 31
96 50
50 42
44 96
0 44
42 99
93 55
62 72
44 93
0 44
55 62
72 99
67 80
80 99
0 44
44 67
6 99
0 6
1 42
0 1
42 99
