5
57
6
39
33
13
93
82 99
0 48
16 10
60 62
0 56
16 63
0 27
0 60
0 5
62 99
70 75
98 85
22 85
7 75
69 38
38 85
85 99
69 17
42 99
0 16
16 14
61 84
95 84
29 56
0 70
98 35
16 22
16 32
16 73
16 92
61 81
38 36
69 73
14 99
75 99
10 99
30 99
0 61
69 7
43 99
0 16
0 98
36 99
52 63
69 38
11 63
26 99
0 78
89 84
92 35
31 84
0 23
0 52
0 95
0 29
69 29
0 22
0 28
0 92
8 56
42 35
56 99
35 99
80 84
0 42
63 99
84 99
93 99
0 69
69 90
7 99
22 99
0 43
76 28
0 86
17 99
0 75
64 24
69 64
0 69
50 99
18 29
18 90
96 80
0 46
11 53
93 61
20 67
55 24
5 24
67 99
93 4
24 99
