5
9
21
10
60
22
100
2 99
32 85
0 84
0 13
76 71
0 79
0 26
23 99
24 69
56 34
0 76
74 38
18 99
69 99
34 99
43 99
36 99
44 31
0 74
5 55
0 91
67 99
0 1
25 99
71 7
43 97
0 71
91 99
0 78
0 44
0 43
0 48
0 55
26 92
0 91
0 52
0 99
34 5
0 53
36 20
98 12
81 83
87 99
72 51
28 97
29 99
96 11
25 33
6 5
25 55
0 34
96 58
0 96
0 72
25 41
42 16
79 4
98 62
74 16
0 25
68 97
98 2
0 98
0 2
0 7
57 12
0 18
55 20
0 30
0 11
7 92
70 92
20 99
4 99
14 64
0 14
35 92
0 17
61 27
92 99
46 59
45 51
93 26
61 2
4 51
0 33
50 81
83 99
87 52
0 35
5 99
7 53
70 84
53 86
41 26
50 72
68 78
26 12
95 99
65 84
