5
24
77
25
14
55
100
0 10
0 74
4 99
62 64
86 78
65 44
81 78
59 75
53 99
45 84
17 78
20 70
36 49
0 45
59 99
29 22
82 78
91 72
12 30
18 51
49 99
70 99
83 72
29 96
18 7
0 36
70 48
50 78
72 99
43 40
88 91
0 36
0 89
43 57
0 97
78 99
18 60
23 99
20 35
20 42
20 83
10 40
17 67
67 19
81 75
97 66
28 82
40 99
0 20
0 29
62 45
50 99
36 59
0 50
0 62
91 96
96 42
19 99
0 68
0 96
94 4
0 52
91 17
91 94
13 15
44 61
3 47
9 6
0 91
0 66
0 71
42 99
15 99
9 28
38 48
48 99
11 76
0 86
76 99
0 13
10 7
69 28
53 79
0 38
0 84
21 99
7 99
81 33
92 2
88 98
0 9
33 99
28 99
0 44
2 99
63 39
87 99
46 62
59 19
74 11
