27
62
72
97
2
68
98
79
57
25
54
55
56
96
95
91
92
1
88
89
71
73
67
82
90
36
65
66
74
19 20
73 23
30 31
36 37
0 1
65 15
25 75
64 65
62 63
90 91
81 82
36 86
10 11
56 57
17 67
59 60
89 90
88 38
82 83
67 68
27 28
71 21
87 88
55 5
54 4
43 44
41 91
95 45
95 96
53 54
76 77
84 85
24 25
8 9
42 92
13 14
7 57
33 34
79 80
78 79
57 58
98 99
48 98
25 26
18 68
68 69
54 55
56 6
55 56
96 46
94 95
91 92
92 93
2 3
1 2
51 1
89 39
88 89
97 98
96 97
70 71
29 79
71 72
72 73
73 74
66 67
32 82
90 40
62 12
61 62
35 36
65 66
72 22
2 52
