5
42
76
68
71
77
100
0 18
0 52
0 43
0 23
0 33
0 13
0 8
0 10
0 54
0 28
0 46
0 2
0 25
0 98
0 50
0 39
0 21
0 64
0 47
0 95
0 6
0 97
0 69
0 58
0 86
0 73
0 67
0 80
0 7
0 5
0 56
0 65
0 89
0 38
0 17
0 85
0 78
0 66
0 99
0 36
0 83
0 90
0 94
0 24
0 4
0 60
0 82
0 81
0 16
0 37
0 45
0 29
0 59
0 49
0 74
0 15
0 62
0 35
0 31
0 20
0 92
0 40
0 3
0 22
0 61
0 55
0 26
0 72
0 87
0 51
0 9
0 70
0 44
0 32
0 48
0 30
0 27
0 19
0 91
0 93
0 41
0 79
0 11
0 53
0 1
0 12
0 84
0 63
0 57
0 96
0 88
0 75
0 14
34 80
34 59
34 87
34 41
34 26
34 97
34 9
