5
87
84
70
9
77
100
0 91
0 12
0 33
20 58
24 54
29 91
46 91
74 91
42 91
2 34
34 91
79 30
62 6
13 91
0 79
26 25
44 22
19 25
25 91
89 52
82 91
60 76
43 56
25 88
62 24
73 18
45 78
20 66
54 88
0 44
16 88
7 91
18 91
0 89
26 8
83 91
19 66
38 27
28 3
42 88
0 42
88 91
26 21
29 47
3 27
39 27
6 45
59 2
0 26
23 76
76 91
2 25
29 53
47 91
67 36
0 20
61 91
0 71
0 43
0 27
32 52
0 67
0 80
42 2
74 17
21 60
74 67
61 31
8 43
27 91
0 74
85 91
45 25
21 62
90 14
37 91
80 91
30 60
45 82
76 22
21 18
56 91
0 21
85 60
14 91
78 12
46 66
76 35
52 91
79 91
78 46
49 46
0 45
46 40
58 12
40 91
58 42
0 29
23 60
36 60
