5
68
75
11
12
56
100
46 66
15 99
16 99
7 83
83 61
21 84
15 36
92 37
46 21
80 4
0 63
96 41
97 36
62 85
52 55
51 99
42 89
15 43
1 27
3 65
32 99
98 37
62 91
59 21
96 5
91 10
69 45
57 21
22 21
93 31
61 4
98 2
0 46
57 89
4 99
71 84
85 94
9 37
52 86
55 73
48 67
93 65
36 99
89 84
62 64
2 84
85 97
57 67
80 67
57 24
73 97
52 58
1 15
25 37
24 43
32 97
47 77
55 7
9 67
62 42
57 64
1 91
69 74
84 99
17 8
40 7
48 1
48 10
52 3
48 73
29 98
52 22
13 83
24 7
1 23
83 72
52 17
16 10
57 28
93 24
66 61
13 92
9 23
19 7
33 23
62 9
62 16
57 23
61 5
60 78
30 39
55 40
98 8
6 95
28 5
52 28
5 99
0 52
47 6
62 47
