5
20
76
38
18
53
100
63 99
33 88
0 99
35 99
0 33
92 84
26 78
42 75
1 99
79 98
0 80
0 69
46 74
46 33
9 93
34 85
70 99
23 90
0 87
0 94
98 41
0 65
0 92
0 46
7 74
12 78
0 34
78 99
41 99
88 99
58 74
22 74
0 12
43 26
48 74
1 75
11 99
24 58
1 32
40 43
58 99
95 32
0 40
1 84
0 82
26 74
16 10
52 74
74 99
79 75
0 1
10 99
28 25
44 93
0 42
28 29
25 99
0 62
30 99
83 49
49 99
85 56
68 96
96 99
93 99
48 82
87 82
42 99
44 99
67 28
50 55
95 89
3 99
79 69
79 51
79 16
89 99
30 88
9 94
0 55
97 55
62 85
0 16
61 99
0 79
95 67
31 88
28 99
97 82
81 99
44 73
77 55
94 16
48 56
31 64
0 95
44 90
61 64
82 99
49 55
