20
22
31
11
47
7
41
26
38
17
27
52
8
3
46
34
49
19
33
44
2
89
39 42
36 38
12 15
17 18
42 44
43 44
12 14
33 35
34 35
9 12
4 6
40 42
21 24
0 2
0 3
13 16
1 2
1 3
4 2
46 49
37 40
37 38
15 18
20 23
30 33
14 16
25 27
18 21
48 50
51 52
34 36
32 33
16 19
36 39
28 29
10 13
30 32
23 25
35 37
43 45
13 15
18 19
19 21
49 50
48 49
32 34
34 37
43 46
46 48
4 3
3 6
6 8
8 10
49 52
52 53
27 30
24 27
14 17
17 20
33 36
38 40
35 38
23 26
26 29
44 45
39 41
41 44
7 10
4 7
44 46
47 50
44 47
5 7
3 5
2 5
10 11
11 14
31 34
29 31
30 31
22 25
19 22
45 47
11 12
8 11
7 9
38 41
41 43
38 39
