5
22
39
28
15
56
100
59 28
13 71
10 71
5 71
4 71
0 60
20 12
0 20
0 47
24 26
0 1
0 17
4 23
70 49
40 45
68 71
54 49
0 49
17 58
0 40
0 16
68 64
0 68
64 71
0 26
58 3
49 23
23 26
4 18
26 71
0 68
66 29
17 55
42 27
0 66
0 46
45 71
67 71
30 44
65 29
47 71
0 67
50 19
65 25
29 71
0 30
44 63
25 55
44 25
0 50
55 71
60 46
58 71
2 71
46 71
0 14
54 71
54 3
10 42
4 17
0 36
65 44
0 53
19 42
48 71
65 16
50 54
50 58
0 23
9 24
0 9
3 42
42 71
0 19
0 7
0 4
60 71
70 71
7 71
36 19
65 14
65 50
65 12
4 34
65 34
32 30
0 62
31 44
65 47
65 30
61 19
2 51
2 1
2 21
4 51
12 34
19 71
25 27
2 20
51 44
