5
25
62
49
58
66
100
0 56
0 41
0 20
0 36
0 33
0 23
0 29
24 5
24 67
24 53
24 2
24 63
24 12
24 38
24 23
24 61
24 54
4 59
4 14
4 46
4 78
4 69
4 63
4 45
4 18
4 38
4 11
4 33
4 6
4 21
35 3
35 75
35 26
35 14
35 63
35 36
35 59
7 56
7 23
7 44
7 75
7 16
7 39
7 8
7 30
7 10
65 64
65 77
65 46
65 53
65 55
65 11
65 81
65 18
65 78
65 41
65 70
65 19
65 68
65 30
65 63
65 29
69 34
69 78
69 6
69 12
69 23
69 57
69 37
69 31
69 75
69 52
69 9
69 80
42 18
42 37
42 40
42 32
42 22
42 10
42 72
42 33
42 80
42 55
28 46
28 13
28 54
28 44
28 20
28 75
28 8
28 5
28 2
28 21
28 52
28 36
28 63
70 44
70 31
70 67
