5
49
83
53
66
38
100
16 95
0 10
35 28
55 45
70 65
92 57
4 80
30 95
12 19
37 31
35 60
0 36
42 31
85 21
36 95
76 95
74 95
92 48
0 92
24 81
0 87
47 59
42 39
5 59
69 56
2 72
59 95
55 10
89 9
55 15
0 90
0 95
31 95
0 57
10 82
0 12
55 40
4 45
0 4
0 45
73 95
69 77
0 11
74 48
0 13
0 55
1 95
64 82
82 95
0 78
70 44
19 58
0 50
0 24
60 84
78 60
84 95
85 71
0 6
1 93
75 68
74 85
75 85
45 71
6 20
74 1
0 74
58 44
34 57
89 5
93 76
0 71
0 56
22 46
22 77
20 95
37 92
52 2
80 85
29 88
0 34
0 93
65 69
75 52
71 95
75 80
0 65
0 22
92 95
0 5
0 75
73 77
80 56
33 78
80 81
59 44
23 56
0 51
56 95
0 89
