5
87
3
6
8
84
100
0 24
74 39
0 14
90 25
0 19
0 12
39 94
53 29
1 38
82 1
38 94
29 94
0 47
74 94
67 77
7 62
0 67
34 92
32 65
34 1
36 9
83 25
55 90
91 9
12 72
0 55
58 41
0 42
73 94
82 42
0 32
29 1
17 41
41 94
17 89
17 13
0 43
82 21
39 25
70 94
81 11
52 42
0 90
93 63
52 9
0 77
0 82
0 71
4 62
21 13
89 9
21 25
29 13
0 29
9 94
0 63
0 81
26 83
93 1
92 62
93 17
25 94
66 71
49 69
17 91
91 69
0 60
23 86
17 20
47 20
0 93
61 62
26 25
91 15
17 94
66 69
0 26
14 19
66 31
13 94
0 91
0 17
23 37
0 23
72 62
66 36
62 94
4 69
4 71
61 45
1 94
86 15
80 18
42 24
80 54
0 66
69 94
92 45
16 86
0 79
