5
65
62
96
87
75
100
84 14
37 9
0 13
84 93
51 91
79 99
51 77
14 99
70 99
89 81
20 12
57 99
5 9
3 68
9 99
56 48
97 20
48 81
69 99
66 69
69 99
0 84
58 99
78 22
81 99
0 37
77 99
51 3
94 13
77 16
64 43
71 60
5 60
13 99
43 99
86 99
83 99
0 51
0 77
0 46
46 99
44 99
31 10
56 39
11 99
92 39
32 54
0 55
16 10
10 99
31 28
0 31
42 99
54 99
92 23
63 73
92 32
93 1
0 2
92 40
36 99
21 99
3 53
92 83
76 78
52 66
40 99
33 50
68 69
16 64
64 99
41 2
92 93
3 33
95 26
14 25
19 73
0 63
2 26
56 61
0 67
58 53
3 55
80 70
59 84
60 91
26 99
0 68
94 73
91 84
53 99
0 92
40 1
16 1
23 94
78 94
0 3
94 55
0 60
95 80
