5
13
35
57
44
14
100
0 16
0 2
0 36
0 21
0 9
0 22
50 40
50 11
50 59
50 15
50 4
50 49
50 2
50 17
50 46
50 5
50 58
50 28
50 42
50 26
50 3
50 56
50 6
50 38
50 41
50 7
50 48
50 45
50 30
50 16
50 33
50 27
50 25
50 39
50 23
50 20
50 55
50 32
50 43
50 18
50 29
50 12
50 1
50 51
50 54
50 21
50 10
50 31
50 36
50 34
50 37
50 19
50 24
50 47
50 52
50 9
50 53
50 22
8 59
8 40
8 15
8 11
8 5
8 25
8 32
8 21
8 19
8 56
8 17
8 48
8 49
8 18
8 38
8 45
8 4
8 2
8 6
8 26
8 36
8 42
8 30
8 55
8 28
8 7
8 46
8 51
8 53
8 52
8 58
8 20
8 54
8 47
8 27
8 22
8 24
8 39
8 43
8 23
8 3
8 12
