5
57
75
64
76
6
99
0 52
0 69
0 92
0 70
0 9
34 99
0 66
0 1
7 16
7 88
3 99
0 48
8 99
4 99
52 99
0 21
22 99
59 99
89 99
26 35
0 26
0 39
0 7
41 35
33 87
56 86
56 87
0 56
0 95
0 54
0 33
49 38
0 81
49 35
25 99
0 61
0 80
86 88
96 16
35 99
0 49
49 18
49 31
0 99
36 99
49 84
0 15
19 54
0 20
30 47
0 45
15 99
73 38
96 11
0 98
49 20
65 99
49 74
16 99
49 44
31 88
50 88
88 99
0 49
0 62
0 96
55 99
72 92
0 72
13 99
38 99
0 47
36 47
51 11
11 99
0 23
94 54
47 99
59 54
0 73
86 29
0 19
0 32
0 94
36 74
0 51
86 23
0 86
22 84
22 95
27 92
31 97
84 99
36 12
0 36
71 28
71 37
71 81
54 99
