87
66
32
53
65
61
60
41
34
38
28
31
27
43
68
64
58
37
62
75
76
23
29
46
57
54
49
50
48
55
40
56
42
81
45
44
93
47
59
10
20
51
18
35
83
89
84
74
86
36
87
85
11
17
80
6
70
2
9
5
7
79
67
14
82
19
78
22
24
92
15
71
73
91
88
26
16
90
97
95
72
8
1
30
13
39
98
4
182
0 25
12 25
63 96
4 12
0 4
77 98
98 99
21 39
39 63
0 13
33 39
13 33
30 39
4 30
1 21
0 1
0 8
8 21
69 72
39 69
72 99
95 99
69 95
97 99
63 97
90 99
63 90
16 52
0 16
0 26
26 52
88 99
69 88
69 91
91 99
39 73
73 99
71 73
52 71
8 15
15 39
69 92
92 99
4 24
24 39
26 22
22 39
16 30
30 78
78 99
19 63
0 19
82 99
52 82
14 39
0 14
52 67
67 99
30 79
79 99
0 7
7 39
0 5
21 67
5 21
9 39
0 9
0 2
2 39
70 97
26 70
6 39
0 6
52 80
80 99
0 17
17 30
11 39
0 11
85 99
52 85
87 99
52 87
36 73
8 36
52 86
86 99
74 95
26 74
74 84
84 99
89 99
74 89
83 99
74 83
35 73
8 35
18 35
0 18
8 51
51 83
20 36
0 20
10 35
0 10
59 86
13 59
17 47
47 87
93 99
74 93
8 44
44 73
45 67
5 45
10 33
33 81
81 99
42 86
5 42
56 97
20 56
40 89
20 40
16 55
55 97
48 93
8 48
50 90
8 50
8 49
49 89
54 90
10 54
57 97
20 57
5 46
46 86
0 29
29 67
23 67
0 23
76 99
29 76
75 99
29 75
25 62
62 99
37 80
0 37
58 99
20 58
64 99
26 64
25 68
68 99
43 86
0 43
0 27
27 73
31 75
0 31
0 28
28 73
38 67
0 38
34 73
0 34
41 81
0 41
26 60
60 99
17 61
61 99
26 65
65 99
53 99
28 53
0 32
32 53
66 99
32 66
