5
48
67
4
45
29
100
69 79
0 25
41 62
0 2
69 60
73 36
13 32
58 62
15 75
73 71
43 55
76 5
18 10
7 19
30 62
12 31
6 60
54 42
55 79
37 16
16 25
30 6
59 58
76 6
0 51
73 12
38 1
2 17
0 73
68 7
68 18
22 20
27 65
60 36
37 23
36 79
21 79
42 5
22 71
3 18
5 47
24 57
7 3
47 79
21 31
63 57
44 20
6 25
44 25
21 25
53 3
17 19
3 20
44 28
22 10
66 5
17 35
1 64
64 28
43 65
16 27
2 65
43 61
77 52
10 61
77 60
65 12
30 7
37 22
73 2
59 44
8 19
19 3
42 43
54 39
32 63
42 8
55 49
9 3
77 63
75 43
58 78
19 77
17 8
63 59
5 64
17 22
74 34
59 7
10 24
32 5
77 59
43 59
32 70
16 59
53 58
53 63
43 35
18 64
21 58
