90
64
17
83
85
98
56
28
77
52
92
89
10
51
26
42
79
67
53
25
8
5
45
72
29
47
86
31
44
12
9
55
76
39
84
14
7
87
90
73
27
19
4
13
58
59
60
34
33
95
6
96
24
74
20
15
1
91
69
32
63
66
68
50
93
11
37
57
21
38
43
30
71
75
18
46
36
81
23
70
40
88
54
61
35
49
97
62
22
48
80
213
0 99
0 82
0 80
65 78
0 94
0 2
78 94
0 3
0 65
16 3
0 16
48 2
0 48
0 22
22 94
0 62
62 80
97 80
0 97
49 94
41 49
2 35
35 94
2 61
61 94
65 54
54 94
80 94
0 88
88 82
40 82
41 40
0 70
70 82
0 23
23 82
81 82
80 81
36 97
97 81
0 36
0 46
46 82
97 18
18 99
0 75
75 40
71 82
0 71
65 30
30 99
43 18
23 43
75 23
75 49
49 38
38 99
0 21
21 99
2 57
57 99
21 37
37 99
75 11
11 99
93 11
0 93
50 82
65 50
68 11
23 68
75 66
66 99
0 63
63 99
2 32
32 99
23 69
69 11
0 91
91 99
71 1
1 99
75 15
15 99
2 20
20 99
36 71
0 74
74 36
24 57
57 71
74 24
91 69
96 1
69 96
80 6
6 71
3 95
95 1
18 33
6 97
33 1
69 88
88 34
34 3
60 1
80 60
20 59
59 1
88 58
50 33
58 50
69 13
13 99
15 4
4 95
19 1
75 19
27 96
74 27
80 73
73 99
75 46
46 90
90 99
87 19
75 87
88 7
7 1
46 14
14 99
48 84
75 48
84 99
39 43
43 84
0 39
82 76
87 82
76 99
2 55
55 99
74 9
9 99
0 12
12 99
48 44
44 99
31 99
1 31
12 1
19 65
65 86
86 99
75 47
47 99
0 29
29 86
72 86
0 72
75 45
45 86
46 5
5 99
91 8
8 86
74 25
25 5
53 99
0 53
67 99
47 67
0 79
79 67
42 37
37 72
0 42
70 46
46 26
79 70
26 99
79 20
51 47
20 51
10 44
79 10
89 55
0 89
2 86
66 72
55 92
92 66
10 52
52 86
0 77
77 72
28 67
74 28
56 28
0 56
98 72
22 98
77 22
20 85
85 11
11 28
83 72
79 83
0 17
17 67
64 28
0 64
