5
55
43
95
35
59
100
22 99
34 99
34 9
0 62
76 7
45 90
65 90
0 84
0 77
0 51
9 99
84 99
0 31
74 7
71 99
52 90
0 16
5 40
0 5
0 30
0 26
87 99
45 3
57 99
90 99
0 45
0 74
7 99
0 60
0 76
0 36
0 34
15 99
8 99
10 76
0 54
92 17
20 99
32 99
0 65
96 19
73 69
52 19
74 18
40 99
0 10
74 99
23 92
67 99
33 99
54 69
81 99
21 99
3 99
0 87
79 80
69 99
60 99
15 19
72 16
19 99
6 18
93 6
18 99
82 63
0 79
0 23
82 94
57 16
32 51
0 24
82 16
0 57
0 93
72 51
63 99
17 99
51 99
72 64
52 77
0 80
44 63
0 39
97 24
0 52
44 16
34 24
34 94
0 72
0 82
0 63
21 63
48 99
0 12
49 16
88 24
63 94
94 99
25 16
2 24
