5
22
23
78
9
13
100
25 84
31 25
26 31
11 84
0 14
57 21
73 7
0 73
0 29
0 62
0 36
76 8
18 75
18 53
79 7
36 84
0 18
15 84
12 36
12 65
2 51
10 45
72 4
2 27
62 17
71 84
51 31
0 16
0 40
0 12
1 84
0 35
0 10
81 17
8 7
0 79
0 34
24 17
0 80
54 48
21 48
53 17
52 80
0 24
68 17
0 8
63 68
21 84
19 68
43 84
27 54
15 83
0 56
80 83
11 21
5 60
42 61
61 84
64 31
59 74
68 48
31 84
0 33
55 38
59 63
56 7
59 27
0 59
55 64
64 84
75 84
20 84
53 48
53 57
54 38
0 53
0 64
66 3
55 1
0 42
0 55
11 8
33 5
51 65
51 49
40 5
48 84
65 33
0 4
0 74
19 6
60 84
0 11
51 68
51 39
24 84
83 84
76 84
51 12
24 41
