5
32
70
58
61
20
100
0 95
88 99
0 16
0 84
4 69
16 83
49 88
81 99
73 14
33 12
53 25
0 49
47 99
72 91
0 7
55 83
0 55
25 99
62 99
75 91
0 87
0 77
0 67
35 60
57 44
57 6
53 6
21 17
93 82
69 99
0 76
29 10
14 71
83 99
42 12
28 10
41 2
31 78
50 44
75 14
71 82
29 65
92 66
19 60
0 21
0 75
94 48
0 29
0 31
12 99
0 22
10 99
52 65
0 46
74 45
63 10
86 99
27 48
0 1
0 19
52 63
86 11
0 54
30 10
82 99
74 1
17 99
0 86
68 13
68 55
50 11
16 99
17 95
11 99
50 29
3 9
48 99
69 42
42 14
45 99
74 86
85 56
74 75
37 83
68 66
50 35
92 29
0 52
0 74
8 55
0 18
42 77
43 86
14 60
39 94
0 42
13 99
45 13
91 83
26 60
