5
15
1
90
38
19
99
0 17
0 14
38 89
66 95
53 7
0 94
33 34
60 29
42 50
68 95
65 37
43 61
89 95
7 95
85 72
41 53
0 60
33 22
41 22
0 33
24 45
37 95
31 21
0 41
82 65
82 63
2 70
71 34
85 49
94 62
73 47
34 62
0 82
45 95
62 95
61 95
10 83
0 66
83 61
0 64
0 6
16 61
0 45
58 77
65 95
18 61
17 61
36 62
44 64
0 36
18 44
0 95
94 95
8 26
64 95
34 64
71 93
11 40
70 62
51 56
17 2
60 66
35 95
0 10
34 74
0 78
62 61
56 29
11 87
0 11
61 95
0 75
0 34
75 95
17 95
53 70
67 95
29 95
24 33
0 24
51 60
23 2
33 95
88 24
23 56
0 49
74 25
46 2
74 45
50 56
27 56
41 95
79 95
18 34
34 95
0 88
0 51
74 4
92 69
