5
28
77
56
51
33
100
0 1
10 11
10 20
1 11
2 12
2 3
11 21
11 12
20 21
30 21
30 31
40 50
40 31
41 42
41 50
41 32
31 32
31 22
21 22
12 13
12 22
3 13
4 5
4 13
14 5
14 24
14 15
14 13
23 24
23 32
23 22
42 52
43 53
43 34
43 44
52 62
52 61
53 63
53 62
53 54
44 34
44 35
44 45
54 64
54 55
54 63
45 46
45 36
45 35
55 46
55 65
64 74
64 73
64 65
63 73
63 62
72 81
72 82
72 73
72 62
71 80
71 81
71 62
71 70
61 70
80 81
90 91
81 82
91 92
82 83
82 92
73 74
83 84
83 92
83 93
74 84
74 75
65 75
66 67
66 76
66 57
75 76
75 85
84 85
84 94
94 95
85 86
85 76
95 96
86 96
86 87
67 68
67 57
58 59
58 68
58 49
58 48
57 48
47 48
47 38
