5
40
30
11
80
8
90
77 26
5 53
77 57
66 83
77 78
0 77
74 22
54 22
0 79
48 5
74 53
86 10
0 86
76 68
0 7
0 66
83 22
75 22
0 48
95 73
19 13
46 97
24 97
0 95
0 19
68 97
51 19
75 28
82 53
26 53
52 36
44 59
74 50
59 19
73 28
0 2
46 6
85 36
0 23
44 2
43 2
52 29
56 85
57 35
44 86
73 86
18 86
10 28
72 2
74 23
46 35
78 14
65 34
20 63
33 38
53 97
51 50
31 6
46 19
92 36
51 21
55 21
46 10
44 31
52 43
56 3
26 35
79 5
51 31
79 31
37 13
56 4
90 6
44 12
81 65
56 22
29 36
5 35
92 85
90 85
43 27
12 3
57 36
5 36
0 74
85 21
13 2
33 20
68 13
61 13
