5
80
4
61
47
53
100
31 30
29 82
39 38
38 82
74 54
31 50
10 48
21 34
70 30
66 41
70 69
37 10
69 17
22 75
23 44
32 12
74 82
77 12
0 82
71 64
2 12
37 49
71 50
74 72
45 56
12 13
27 41
62 13
36 21
40 1
22 64
13 82
74 56
37 31
71 1
23 30
10 66
30 56
78 77
78 9
71 6
62 10
48 79
60 42
78 23
71 24
44 82
40 19
54 23
74 60
1 72
0 78
0 37
26 16
23 82
23 79
36 24
76 59
1 7
52 58
23 24
21 28
71 67
54 17
31 16
74 10
23 17
48 69
21 18
36 1
31 81
51 7
33 6
21 10
52 41
17 24
54 55
48 62
66 56
52 42
56 82
36 63
64 24
76 21
74 73
71 54
31 32
31 63
33 27
58 79
72 82
52 20
59 60
51 14
59 11
11 25
31 59
25 24
24 82
0 31
