5
5
23
97
96
18
100
38 95
6 17
24 92
1 17
42 36
0 49
0 42
57 22
26 24
73 58
74 55
66 92
61 92
76 83
56 2
40 99
59 66
32 77
22 99
34 3
56 53
95 58
69 60
93 63
70 1
0 69
53 83
81 52
34 88
95 92
15 99
70 80
70 42
33 63
78 58
74 32
90 77
21 92
74 34
0 74
14 99
53 58
31 66
68 27
53 66
41 58
70 90
8 79
63 58
48 66
81 20
8 28
92 58
73 62
66 99
83 99
70 25
38 36
57 44
70 81
27 99
60 62
93 34
50 79
8 56
47 25
77 30
66 3
57 93
1 31
15 58
58 99
9 42
2 99
13 36
13 24
76 45
7 91
3 99
13 95
53 1
17 99
72 94
15 41
48 61
13 7
16 36
61 41
77 1
8 47
73 43
92 99
70 55
0 99
53 38
38 81
81 41
41 99
0 53
45 41
