5
62
70
91
79
22
100
26 97
0 7
44 90
0 16
85 44
45 37
0 68
7 60
83 26
85 26
34 45
0 83
72 37
60 97
0 85
76 97
68 97
50 97
0 44
94 97
12 83
0 50
93 1
73 6
19 37
92 77
4 97
89 96
12 53
39 44
96 1
0 34
0 66
20 71
26 37
18 39
32 55
37 97
0 20
0 8
42 71
32 2
65 6
0 92
0 95
36 56
56 97
1 97
19 96
45 44
24 25
78 47
8 35
6 10
78 25
0 65
10 97
81 97
86 52
41 24
44 97
0 19
89 86
60 54
36 80
75 54
0 89
36 17
0 88
80 47
0 18
39 24
80 93
93 95
0 97
26 17
80 97
0 80
0 39
0 48
83 38
74 2
58 87
43 54
0 36
4 17
83 53
0 74
87 17
44 2
0 26
77 7
54 97
3 41
0 43
0 4
47 35
69 72
67 15
35 97
