95
21
87
80
74
45
52
62
63
40
76
83
17
94
18
23
86
26
55
97
4
92
22
36
7
34
2
60
31
35
20
84
85
42
78
67
51
91
82
12
70
3
49
88
72
81
50
54
43
56
8
66
64
58
19
27
73
11
38
46
9
59
37
47
28
57
98
25
93
32
53
95
48
33
29
68
24
44
79
41
16
14
13
1
65
61
71
30
90
5
96
39
6
69
15
10
214
0 99
15 69
89 15
15 75
10 15
15 99
69 99
10 69
6 75
0 6
6 15
39 69
0 39
96 69
0 96
0 5
5 89
90 69
0 90
0 30
30 99
71 99
30 71
61 99
0 61
65 99
0 65
1 61
0 1
13 39
39 71
0 13
0 14
14 99
5 16
16 99
14 41
41 99
79 65
14 79
44 71
30 44
24 14
16 24
96 79
30 68
68 96
29 15
75 65
30 29
33 75
0 33
48 71
0 48
95 65
0 95
33 53
53 61
5 32
32 99
93 48
0 93
30 25
25 99
30 98
98 75
30 57
57 99
41 25
33 28
28 41
98 29
29 47
47 61
37 57
5 37
59 96
0 59
9 5
30 9
46 57
0 46
98 38
38 99
11 65
30 11
98 73
73 65
27 79
0 27
0 19
19 99
19 77
77 58
58 38
64 93
48 38
0 64
19 66
66 71
8 75
75 38
0 8
56 57
0 56
43 65
0 43
0 54
54 99
64 50
50 99
81 38
0 81
0 72
72 99
88 54
81 88
0 49
49 99
41 3
72 14
3 99
70 3
72 70
12 3
72 12
72 82
82 99
77 91
91 99
54 51
49 54
51 99
93 67
67 99
49 78
78 99
42 91
12 42
98 51
56 98
85 56
0 85
84 98
0 84
20 30
0 20
35 99
49 35
30 31
31 35
60 54
0 60
72 2
2 99
34 78
60 34
85 7
7 35
36 71
71 35
0 36
22 99
72 1
1 22
66 92
92 99
15 22
2 4
4 15
66 69
69 97
97 22
55 99
72 55
26 22
2 26
81 86
86 22
20 23
23 97
18 99
0 18
2 94
94 22
39 22
17 39
60 17
85 83
83 99
18 76
76 99
23 40
40 22
72 63
97 83
63 97
72 62
62 99
52 71
10 76
92 10
0 52
45 10
0 45
74 76
0 74
80 56
98 76
0 80
0 87
87 99
0 21
21 76
