5
47
78
49
81
73
100
0 36
0 62
0 56
0 11
0 1
0 60
0 15
0 57
0 63
0 68
0 4
0 91
0 75
0 6
0 45
0 93
0 48
0 58
0 40
0 80
0 30
31 41
31 36
31 21
31 94
31 42
31 85
31 65
31 14
31 63
31 66
31 1
31 8
31 13
31 20
31 16
31 50
31 25
31 48
31 53
31 12
77 50
77 48
77 90
77 52
77 14
77 56
77 1
77 82
77 5
77 44
77 12
77 10
77 55
77 46
77 15
77 25
77 18
77 3
77 45
77 57
77 29
77 38
77 26
77 72
79 39
79 72
79 25
79 34
79 52
79 60
79 54
79 23
79 26
79 16
79 45
79 61
79 19
79 65
79 86
79 33
79 37
79 42
79 32
79 10
59 44
59 8
59 16
59 55
59 27
59 62
59 18
59 12
59 24
59 64
59 11
59 52
26 51
26 2
26 29
