5
54
43
30
41
59
100
75 99
79 99
98 60
58 71
75 94
20 99
0 34
45 99
65 4
78 70
39 99
48 11
0 96
87 99
57 12
75 85
0 75
70 7
62 42
70 93
44 18
17 4
26 89
72 71
20 89
87 40
0 70
0 17
10 89
79 10
49 18
74 65
10 99
4 99
68 71
0 48
52 85
25 32
0 26
0 68
83 99
25 99
6 99
94 12
42 71
94 34
0 87
82 19
5 65
4 32
21 97
91 33
0 82
0 94
0 99
0 10
57 33
20 7
73 99
71 65
18 7
17 88
18 16
0 4
34 99
17 46
96 99
0 22
0 63
24 99
89 99
17 62
0 57
9 53
53 99
0 92
0 42
0 27
12 73
55 99
51 99
73 5
8 42
42 99
0 55
0 8
0 1
86 94
47 60
0 32
5 99
90 99
38 35
25 96
21 99
86 6
0 50
0 86
65 7
12 65
