5
19
7
45
40
46
100
70 89
43 67
50 83
67 70
0 43
16 37
16 3
83 89
66 37
76 17
25 20
82 89
10 58
71 44
72 44
0 88
52 18
69 73
59 64
0 67
71 14
37 44
48 71
80 57
41 73
85 82
26 36
11 38
57 65
3 83
2 49
72 27
72 11
88 42
63 66
83 49
50 18
55 33
6 24
18 57
72 6
72 31
80 69
86 49
43 54
9 63
35 53
8 14
72 88
84 33
79 1
4 57
15 23
42 57
87 36
38 21
84 22
79 33
80 20
85 57
53 1
53 18
14 57
23 36
80 8
6 25
53 52
4 63
60 68
70 62
87 29
87 16
30 12
10 13
68 63
52 16
54 76
53 50
17 51
53 17
30 9
16 67
88 76
47 75
10 34
27 39
69 77
30 71
74 28
21 39
78 39
51 2
39 77
11 75
74 5
70 75
13 26
18 33
71 83
11 66
