40
2
1
12
16
59
48
11
70
60
54
31
18
21
24
39
40
38
61
7
30
29
47
46
10
58
57
69
72
71
73
3
68
65
66
64
53
67
52
63
62
79
0 8
6 7
65 9
63 7
18 17
53 54
4 72
66 65
64 8
67 68
6 4
4 3
71 72
58 10
36 47
7 9
8 9
6 5
61 41
34 33
3 38
15 17
40 39
28 50
28 5
23 24
24 3
21 3
22 21
39 38
21 44
41 40
38 37
18 37
19 18
21 19
31 32
46 31
54 14
55 54
60 43
61 60
62 61
29 30
31 7
30 31
28 29
47 46
10 9
57 58
56 57
6 70
69 68
70 69
72 73
70 71
73 74
11 3
4 11
3 71
48 47
0 48
68 9
60 59
59 58
65 64
67 66
11 52
52 53
53 18
15 67
3 16
16 15
12 66
11 12
0 1
1 9
2 74
0 2
