5
91
71
62
83
86
83
63 68
64 69
57 62
0 5
7 12
61 66
33 38
22 24
65 70
16 18
72 70
68 70
48 50
89 94
67 72
49 54
51 56
43 45
51 53
38 43
11 13
45 50
81 83
73 75
14 19
53 58
16 21
32 37
10 8
32 30
8 13
27 32
5 10
94 99
46 48
95 97
42 47
68 73
24 29
82 87
78 80
80 85
57 55
56 58
49 47
29 34
31 36
18 23
35 37
45 47
2 4
55 60
56 61
79 84
36 41
40 42
39 41
39 44
54 59
22 27
44 46
12 17
74 79
9 14
20 25
7 9
15 17
19 21
33 35
77 82
3 1
72 77
15 20
28 30
63 65
6 11
87 92
90 92
95 93
28 23
21 23
26 31
86 88
