5
60
69
48
92
61
100
0 19
0 58
0 2
0 88
0 98
0 7
0 93
0 15
0 18
0 12
0 1
0 23
0 22
0 20
0 62
0 99
0 47
0 67
0 30
0 63
0 71
0 84
0 34
0 39
0 38
0 57
0 9
0 26
0 6
0 31
0 95
0 33
0 37
0 14
0 72
0 5
0 25
0 44
0 27
0 4
0 94
75 90
75 55
75 7
75 87
75 89
75 29
75 72
75 18
75 21
75 63
75 93
75 53
75 28
75 9
75 25
75 88
75 96
75 30
75 1
75 35
75 74
75 81
75 59
75 17
75 52
75 76
75 70
75 42
75 95
75 37
75 11
75 32
75 45
75 99
75 3
75 12
75 71
75 56
75 62
75 86
75 47
75 44
75 43
75 68
75 51
14 80
14 17
14 82
14 45
14 30
14 70
14 13
14 27
14 2
14 98
14 15
14 78
14 4
14 56
