5
54
21
97
41
58
100
0 14
0 94
0 24
0 6
0 3
0 46
0 8
0 27
0 2
0 31
0 42
0 34
0 91
0 99
0 69
0 15
0 13
0 59
0 39
0 4
0 52
0 51
0 10
0 72
0 85
0 29
0 79
0 64
0 33
0 44
0 49
0 19
0 55
0 60
0 76
0 25
0 81
0 77
0 71
0 65
0 50
0 37
0 9
0 70
0 56
0 98
0 1
0 30
0 22
0 5
0 74
0 53
0 92
0 26
0 90
0 63
0 35
0 11
0 20
0 36
0 62
0 86
0 66
0 45
0 40
0 73
0 75
0 17
0 47
0 93
0 83
0 89
0 84
0 16
0 18
67 73
67 43
67 74
67 2
67 4
67 7
67 91
67 42
67 3
67 68
67 90
67 82
67 52
67 94
67 88
67 29
67 36
67 15
67 83
67 12
67 46
67 60
67 26
67 28
67 16
