5
37
14
63
13
30
98
42 74
51 74
21 47
12 28
6 8
48 73
6 7
0 12
0 74
0 24
0 46
34 47
66 32
57 74
20 74
0 49
25 74
0 66
73 74
0 6
0 4
67 49
67 72
16 22
71 24
46 61
9 39
0 9
20 47
16 48
33 2
0 64
0 33
41 18
61 18
0 28
0 67
48 39
16 2
0 20
64 66
1 51
0 16
58 68
52 58
32 74
48 51
60 43
48 45
52 71
0 58
9 74
0 42
48 42
0 1
39 74
15 42
0 52
0 48
0 27
10 45
8 74
70 33
2 34
0 70
2 35
66 74
10 2
0 32
0 10
0 22
0 38
18 74
24 74
0 72
35 34
0 73
49 74
0 56
0 65
0 34
50 74
15 70
48 74
0 15
51 25
62 74
0 59
43 74
43 34
62 34
45 41
64 74
0 43
45 25
51 42
62 64
62 2
