5
75
25
24
19
38
100
0 99
0 91
0 16
0 23
0 20
0 22
0 13
0 14
0 8
0 10
0 6
0 15
0 17
0 21
0 12
0 4
0 2
0 3
0 5
0 7
0 9
0 11
0 18
1 16
1 23
1 20
1 22
1 13
1 14
1 8
1 10
1 6
1 15
1 17
1 21
1 12
1 11
1 7
1 18
1 9
1 4
1 5
1 3
2 4
6 34
6 31
6 12
6 10
7 14
11 22
15 30
15 14
15 8
15 18
15 9
54 48
54 22
50 56
50 46
44 22
44 42
44 40
48 40
48 16
48 53
48 42
48 56
56 64
60 67
53 46
53 49
53 32
53 57
61 63
61 43
61 32
22 16
22 26
22 28
18 36
18 17
18 12
18 9
14 20
14 28
10 20
10 16
10 4
13 26
17 34
21 42
31 33
31 35
46 39
42 40
36 40
36 32
36 30
34 32
34 40
