92
85
16
98
45
57
44
28
63
7
72
32
11
92
91
51
81
59
50
65
4
22
17
5
33
95
14
88
76
30
46
68
37
84
75
42
13
6
9
66
36
24
19
60
18
40
86
15
52
94
89
96
67
21
49
27
70
34
54
29
41
26
58
64
87
77
61
38
80
74
47
71
48
20
73
10
56
62
93
31
69
55
25
53
12
23
35
39
79
83
78
43
2
199
43 2
78 35
83 53
90 78
35 79
97 83
43 1
8 99
79 8
43 79
39 99
83 39
35 1
90 35
82 23
23 79
90 12
12 3
79 53
53 8
78 3
43 83
23 43
2 53
43 25
25 99
82 55
55 99
90 69
69 39
31 3
23 31
23 93
93 3
62 39
82 62
55 78
78 56
56 99
10 99
82 10
23 73
73 99
82 20
20 39
48 73
82 48
82 71
71 99
47 31
0 47
74 39
82 74
80 99
0 80
38 99
31 38
61 38
0 61
77 35
0 77
87 3
61 87
61 64
64 56
61 58
58 56
82 26
26 31
41 35
0 41
29 56
31 29
82 54
54 78
34 56
0 34
41 70
70 56
47 27
27 56
49 64
0 49
21 10
0 21
67 58
0 67
49 96
96 10
89 3
0 89
94 38
82 94
67 52
52 38
89 15
15 78
86 99
0 86
0 40
40 99
18 38
0 18
60 99
0 60
19 38
0 19
24 35
0 24
19 36
36 10
66 56
0 66
9 56
0 9
19 6
6 99
13 73
0 13
42 56
0 42
75 2
2 10
0 75
84 10
0 84
37 43
43 62
62 60
0 37
37 68
68 94
46 94
0 46
30 38
0 30
37 76
76 38
88 38
0 88
14 6
0 14
0 95
95 99
10 33
33 99
95 10
5 60
0 5
95 17
17 60
22 62
0 22
4 94
0 4
22 65
65 99
0 50
50 99
22 59
59 33
4 81
81 60
0 51
51 67
55 33
67 55
51 91
91 93
93 60
51 80
80 92
92 38
11 94
0 11
0 32
32 99
0 72
87 33
72 87
7 33
0 7
51 63
63 33
67 28
28 99
72 44
44 99
0 57
57 99
57 3
3 45
45 99
98 99
72 98
51 16
16 99
57 85
85 99
