5
68
24
63
89
82
100
24 99
0 86
45 20
65 99
0 2
80 12
9 99
45 87
15 62
45 35
46 99
98 99
2 7
74 20
0 45
74 54
0 46
80 92
12 99
80 14
96 62
3 53
61 90
0 80
41 26
17 10
0 3
33 34
0 17
20 53
62 99
79 34
33 64
26 99
0 35
95 34
33 2
0 33
54 53
32 8
53 99
7 99
75 1
31 25
60 99
0 20
31 99
21 15
25 99
54 99
18 99
0 96
0 34
46 13
41 99
11 1
37 20
0 77
66 65
50 84
31 21
0 79
13 99
85 84
1 99
15 99
32 58
45 99
0 41
14 84
50 46
84 99
21 9
0 21
66 48
31 66
56 20
75 21
61 66
20 99
5 87
87 99
77 99
28 93
0 61
0 67
0 31
81 48
97 93
0 81
32 12
78 99
0 72
32 72
0 85
72 99
78 42
0 29
32 69
0 43
