5
28
1
24
80
47
100
36 98
52 98
98 81
16 50
60 30
70 41
0 18
16 64
35 29
71 3
0 16
71 94
63 88
12 63
76 73
66 49
98 88
71 2
12 23
96 35
81 99
31 83
82 18
66 59
82 91
95 51
75 83
70 82
46 85
66 2
95 85
9 83
20 59
51 83
0 71
72 2
95 83
17 45
23 74
5 99
34 59
83 99
92 15
0 53
25 15
45 4
14 79
61 68
60 84
14 13
50 79
98 22
20 14
18 15
43 61
6 78
63 35
61 3
78 18
43 72
20 44
32 79
95 38
13 10
45 77
61 49
26 97
70 17
50 84
25 50
25 97
98 60
76 71
18 10
0 41
61 45
0 61
77 4
68 4
31 44
94 36
25 31
23 50
95 77
93 27
95 39
43 20
67 62
6 97
25 93
62 35
34 78
97 10
0 70
12 44
76 12
44 4
43 76
0 43
4 99
