33
3
17
53
62
7
19
31
49
28
12
61
39
30
21
20
27
52
35
56
55
54
48
32
26
10
9
16
38
2
37
63
60
64
91
35 42
38 45
59 60
51 58
8 9
44 43
48 55
53 60
56 63
0 7
2 9
37 44
57 56
43 50
38 39
15 22
14 21
16 23
26 25
13 20
13 12
10 11
19 18
40 41
26 27
52 59
32 39
25 32
30 37
48 47
29 28
36 35
57 64
45 52
65 66
21 20
23 30
30 29
27 34
22 21
20 27
40 39
39 46
52 51
61 68
54 61
12 11
5 12
35 34
21 28
28 27
49 56
42 49
56 55
55 54
47 54
49 48
24 31
31 32
32 33
12 19
19 26
26 33
8 7
7 6
55 62
62 69
53 54
46 53
9 10
16 9
15 16
7 14
20 19
16 17
17 18
31 38
17 24
50 49
2 3
3 10
10 17
1 2
31 30
52 53
63 62
60 61
36 37
61 62
41 48
28 35
