5
87
10
22
6
32
90
15 98
0 78
36 60
61 98
16 91
24 91
76 81
0 21
0 36
0 26
15 67
16 59
23 8
16 78
31 82
0 16
3 25
40 98
70 24
31 57
82 51
31 83
72 51
81 51
15 71
2 4
23 31
2 56
45 98
48 67
72 92
96 82
67 98
70 17
0 15
14 16
23 3
5 21
0 23
4 82
50 38
84 54
74 34
45 91
0 70
90 60
35 18
35 27
90 38
82 38
5 98
79 43
42 92
64 67
89 92
24 37
80 53
64 43
69 92
91 98
24 92
44 55
65 43
40 97
69 30
8 98
79 19
60 68
64 53
5 11
91 92
83 30
56 4
36 43
71 43
40 44
30 38
30 68
39 11
65 62
9 43
33 4
90 1
33 72
24 68
45 68
18 76
46 44
56 73
48 54
