5
77
22
39
24
60
100
0 49
0 37
0 25
0 31
0 16
0 86
62 94
85 45
49 67
54 84
0 42
0 7
78 94
53 86
67 94
51 94
0 15
15 94
50 18
0 54
0 57
0 78
7 94
0 45
0 79
0 47
0 51
0 19
1 86
64 73
76 11
73 94
13 59
0 64
0 36
0 1
0 85
59 87
0 17
45 94
14 23
0 68
40 41
87 41
70 8
88 8
0 93
63 41
12 94
87 11
0 70
0 81
0 35
74 10
0 69
66 18
0 55
17 62
14 94
81 94
92 88
16 35
62 18
47 81
6 33
0 74
28 25
0 92
0 50
90 54
71 65
0 14
0 66
28 5
11 94
85 25
84 18
0 90
71 42
44 62
50 25
30 48
56 61
28 85
0 41
0 28
0 71
0 75
3 30
0 82
41 94
48 94
12 8
0 46
53 18
73 44
0 3
17 43
18 94
23 33
