5
46
68
52
87
26
100
91 2
0 25
42 22
0 42
95 83
43 59
74 5
24 7
17 89
83 99
43 74
83 64
7 64
38 99
89 99
48 75
0 48
0 43
0 95
0 92
24 48
89 99
0 24
0 71
50 8
97 8
90 99
0 15
13 85
0 11
77 59
0 12
20 43
74 56
8 99
35 47
20 79
0 93
20 12
83 9
90 21
61 81
19 75
90 45
83 92
56 9
77 35
2 79
31 70
32 59
0 90
0 74
83 93
55 71
47 43
78 76
19 55
76 95
6 75
75 85
44 12
20 71
20 76
98 99
78 24
44 11
61 77
0 20
9 99
95 99
44 43
0 44
0 78
70 45
40 79
19 81
0 45
0 64
88 45
0 61
0 19
45 99
57 76
0 6
0 23
57 29
59 99
6 60
76 21
57 6
10 34
0 88
97 23
57 99
23 79
80 13
91 51
82 24
91 63
59 79
