5
73
30
26
61
69
100
83 88
15 18
39 23
0 39
6 35
18 67
6 16
67 88
6 43
52 58
58 88
44 4
83 4
24 36
46 84
0 44
24 86
78 34
23 2
34 4
8 46
22 36
37 12
18 12
21 12
42 9
2 4
42 72
54 84
0 42
5 84
25 70
45 40
41 7
0 24
65 77
82 40
40 12
75 12
15 28
7 70
12 4
2 36
8 35
37 70
65 5
70 84
74 36
23 79
60 18
36 84
39 76
76 28
60 34
60 63
0 8
2 79
0 7
71 45
32 34
29 19
29 83
52 46
81 24
57 20
14 37
12 14
77 80
77 22
29 48
9 63
2 16
77 2
77 29
20 29
46 76
81 25
25 63
53 34
83 76
64 10
10 59
82 59
17 45
52 5
9 58
45 62
41 82
55 59
5 70
52 83
20 41
20 52
62 59
56 46
5 67
66 11
56 3
35 67
6 44
