35
1
5
7
8
10
9
59
56
55
38
51
47
40
18
21
22
19
20
23
17
14
15
12
35
49
54
41
48
45
36
2
57
58
52
6
95
0 2
0 3
0 6
6 3
2 29
2 28
52 53
40 36
54 60
47 33
2 3
40 46
42 47
32 36
39 43
49 54
39 42
37 42
29 35
29 30
29 28
27 30
27 28
29 26
19 20
24 28
29 27
25 26
27 26
26 30
25 28
25 24
32 37
25 23
23 26
20 17
17 14
12 30
23 20
14 12
23 19
19 15
15 12
22 26
25 22
25 21
21 22
18 30
19 18
27 23
20 24
35 32
35 40
40 42
40 39
44 49
54 50
43 47
47 50
51 53
40 41
52 48
48 51
41 45
45 52
38 43
39 38
36 39
46 47
4 2
49 55
55 57
57 58
58 60
33 38
38 44
49 56
56 58
59 60
57 59
56 57
46 52
9 13
6 9
10 12
6 10
4 6
0 8
8 6
0 7
7 3
0 5
5 2
0 1
1 29
