190
60
77
69
70
16
85
7
75
83
27
62
22
78
32
33
86
42
18
87
38
68
6
61
80
37
17
82
71
84
1
88
66
51
15
43
28
12
67
31
23
47
64
59
19
40
35
52
39
45
13
10
53
29
76
44
56
50
72
2
8
24
65
30
14
14
9
14
11
30
2
11
30
24
72
9
50
56
79
3
56
3
2
44
72
9
50
44
24
76
72
56
3
44
79
30
24
50
44
13
65
30
24
3
19
8
79
19
79
24
19
44
11
19
79
47
19
3
8
13
79
79
5
28
79
5
28
52
12
79
28
5
28
79
12
1
5
28
47
71
12
71
12
79
12
51
37
12
82
43
5
28
79
87
79
61
37
12
51
61
12
18
28
28
78
28
29
67
78
5
29
78
28
80
79
33
12
62
64
78
37
7
33
29
12
37
28
37
12
33
7
362
0 4
26 41
54 89
57 20
3 58
3 56
0 79
50 9
49 48
24 30
49 36
11 73
0 63
9 11
74 41
14 36
73 14
30 5
9 30
14 36
73 14
14 36
73 14
14 36
74 9
73 14
14 36
73 14
65 14
0 63
14 36
58 65
0 63
14 36
63 11
73 14
24 55
0 24
41 8
8 57
74 41
58 2
0 63
2 57
9 11
11 2
30 9
0 24
2 57
24 30
30 72
0 24
72 48
50 57
0 50
49 48
56 49
63 56
0 63
9 72
0 50
72 48
49 48
26 56
56 49
21 3
49 48
56 49
44 89
0 63
63 44
21 3
58 2
2 44
44 89
50 9
72 76
9 72
76 44
44 89
0 50
20 44
50 57
44 89
0 50
24 29
0 24
29 81
53 48
63 53
0 63
10 9
72 76
24 10
9 72
76 44
44 89
0 24
3 56
56 73
21 3
0 79
79 34
34 13
13 44
44 89
30 45
45 20
24 30
20 44
44 89
0 24
50 39
39 44
44 89
0 50
65 52
54 89
0 79
13 65
79 34
34 13
52 54
30 35
24 30
35 81
0 24
40 89
0 40
21 3
19 89
3 19
8 19
0 79
19 89
79 34
41 8
19 89
4 19
54 89
0 79
59 54
79 59
24 64
64 89
0 24
0 4
19 89
4 47
47 44
44 19
0 4
20 23
54 89
23 54
26 41
41 31
0 79
11 19
31 11
19 89
79 34
0 4
58 67
3 58
8 19
67 8
19 89
47 3
4 47
12 54
54 89
0 79
13 12
79 34
34 13
28 89
21 28
0 79
79 43
43 89
5 28
28 89
0 79
15 5
79 15
0 4
5 28
28 89
51 5
4 51
66 52
12 54
54 89
52 12
0 79
79 34
34 66
0 4
54 89
88 54
4 88
0 4
28 89
1 28
4 1
5 28
28 89
79 84
0 79
84 5
12 54
54 89
71 12
0 71
0 4
5 28
28 89
1 82
82 5
4 1
0 4
47 63
63 17
12 54
17 71
54 89
71 12
4 47
0 4
36 71
12 54
54 89
4 37
71 12
37 36
54 89
0 79
80 54
79 80
0 4
61 12
12 54
51 61
54 89
4 51
54 89
6 54
0 6
0 4
12 54
68 12
54 89
36 68
4 37
37 36
5 28
28 89
43 38
82 5
0 79
38 82
79 43
34 87
0 79
87 89
79 34
54 89
0 18
18 54
42 41
0 79
41 87
87 89
79 42
0 4
61 12
12 54
51 61
54 89
37 86
4 37
86 51
0 4
54 89
4 33
33 54
61 12
12 54
32 61
54 89
18 32
0 18
28 89
0 78
78 28
0 4
28 89
22 28
4 22
28 89
0 78
78 62
62 28
58 27
78 29
67 58
0 78
29 67
27 89
5 28
28 89
78 29
0 78
29 83
83 5
79 75
75 80
54 89
0 79
80 54
0 4
33 7
12 54
7 12
54 89
4 33
62 64
64 85
0 78
54 89
78 62
85 54
0 4
37 16
54 89
4 37
16 54
78 29
70 33
33 7
12 54
7 12
0 78
29 70
54 89
0 4
28 89
69 28
4 37
37 69
0 4
77 54
54 89
37 77
4 37
0 60
60 33
33 7
12 54
7 12
54 89
