48
42
15
22
45
61
18
58
62
96
95
93
86
48
28
52
50
46
67
78
17
64
4
27
34
66
80
68
5
16
71
77
20
30
32
53
11
43
56
91
9
41
35
54
39
79
6
73
25
125
87 68
6 66
18 56
55 99
19 99
84 8
81 47
53 83
36 24
6 25
35 9
77 78
73 65
76 41
6 80
13 27
79 52
43 30
39 26
51 55
10 39
13 68
60 46
30 92
20 17
62 85
41 20
35 94
37 41
36 43
17 69
63 72
90 12
74 53
30 20
16 83
68 70
11 50
82 21
87 11
19 66
78 34
44 75
64 89
33 31
71 75
78 7
23 70
67 97
32 67
82 17
17 78
46 65
59 46
21 50
50 12
44 4
4 64
27 46
34 27
80 77
40 50
66 80
3 52
52 2
38 28
28 91
49 68
14 48
5 27
48 5
1 86
86 92
14 93
93 94
11 71
71 16
2 95
95 99
67 96
86 16
96 80
77 86
20 3
32 30
74 32
33 96
53 31
62 38
53 62
34 95
9 54
54 95
43 56
28 9
41 35
35 44
56 91
81 58
58 56
58 10
39 60
0 18
18 97
5 34
63 61
18 73
61 71
48 79
73 6
57 45
45 47
93 57
22 54
58 25
25 22
37 22
1 15
15 16
9 15
42 23
0 42
24 15
42 90
8 11
