5
41
58
7
56
59
96
33 93
34 75
45 48
28 77
35 51
34 19
45 51
48 93
86 13
28 26
50 70
0 28
53 61
62 70
70 93
62 89
29 51
90 93
61 89
78 93
0 87
22 65
15 92
75 47
6 10
15 86
33 47
25 47
18 12
33 51
50 63
15 45
42 19
51 89
62 38
68 90
63 65
85 4
24 57
0 15
25 90
66 19
24 29
44 57
6 24
62 6
47 93
0 62
18 6
17 42
70 5
73 64
18 23
25 9
0 18
89 93
4 93
53 6
43 39
76 20
70 92
72 63
63 20
34 28
71 21
9 3
4 42
50 28
48 83
46 3
88 54
35 81
39 42
0 70
1 12
16 15
54 12
0 48
69 9
88 27
19 82
61 72
49 1
79 15
73 74
50 77
28 20
50 74
90 3
37 62
33 72
50 53
69 71
3 93
74 3
0 74
