5
27
47
17
62
56
100
9 29
46 70
59 85
32 67
9 83
0 48
34 50
74 64
59 52
88 9
34 90
74 84
12 82
21 85
34 75
0 88
16 95
42 18
59 63
31 2
0 71
0 42
74 2
41 32
59 89
60 40
59 43
68 33
46 38
5 2
41 29
0 59
60 5
41 3
49 3
31 53
87 83
39 32
23 89
31 79
23 85
91 31
90 32
85 33
6 5
0 91
23 14
87 36
32 26
33 95
60 88
78 57
39 93
1 81
0 46
60 23
87 7
74 18
14 70
65 50
3 48
0 41
74 24
14 82
0 60
81 95
5 54
61 54
0 87
33 57
31 13
82 36
54 95
0 7
92 26
65 32
33 70
10 36
82 25
82 13
0 23
86 71
0 65
31 70
8 43
36 26
37 26
69 25
92 72
0 74
31 23
61 18
79 90
40 83
13 70
79 13
70 95
0 79
92 40
83 95
