5
47
60
5
54
27
100
0 27
0 72
0 6
0 32
40 99
0 9
67 52
15 41
26 99
49 52
97 11
86 41
45 61
0 67
84 34
52 99
97 45
0 24
36 39
62 61
97 94
92 34
80 92
0 44
0 20
0 84
82 6
79 65
29 3
3 6
97 82
33 70
56 34
29 99
34 99
97 68
41 99
0 29
0 43
97 3
90 99
57 39
50 16
73 20
97 73
44 70
63 39
0 97
0 36
39 99
0 59
0 75
74 89
0 77
19 99
0 78
71 16
42 16
71 57
77 50
74 10
16 99
19 59
46 36
58 59
0 71
19 98
74 19
30 8
0 25
0 12
50 10
75 73
84 72
0 95
10 99
0 74
26 63
0 26
0 73
53 44
53 77
59 99
0 70
25 40
14 90
0 53
48 7
88 99
0 88
0 91
0 86
48 22
0 48
93 82
72 40
63 99
0 89
0 17
95 99
