5
61
17
77
74
71
100
0 73
0 52
0 22
0 96
0 54
0 53
0 9
0 50
0 68
0 93
0 81
0 76
0 27
0 59
0 41
0 85
0 49
0 87
0 98
0 89
0 39
0 6
0 2
0 23
0 99
0 79
0 95
0 3
0 82
0 37
0 83
0 24
0 20
0 35
0 88
0 11
0 84
0 69
0 47
0 45
0 16
0 1
0 91
0 57
0 10
60 75
60 87
60 59
60 44
60 43
60 14
60 4
60 22
60 98
60 67
60 3
60 27
60 86
60 2
60 46
60 21
60 84
60 63
60 82
60 37
60 33
60 85
60 92
60 78
60 57
60 16
60 51
60 79
60 66
60 42
60 50
60 49
60 15
60 40
60 9
60 70
60 26
60 91
60 95
60 35
60 23
60 55
60 93
60 64
58 50
58 76
58 26
58 18
58 29
58 2
58 48
58 49
58 28
58 70
58 82
