5
98
17
49
65
66
100
0 54
0 43
0 35
0 26
0 10
0 89
0 53
0 67
0 80
0 64
0 57
0 85
0 12
0 23
0 34
14 50
14 48
14 24
14 35
14 93
14 73
14 78
14 57
14 45
14 26
14 36
14 83
14 56
14 19
33 48
33 5
33 24
33 36
33 28
33 23
33 71
33 11
33 20
33 78
33 97
33 93
33 90
33 31
33 30
33 38
33 64
33 56
33 75
33 53
33 15
33 46
33 79
33 63
33 72
76 5
76 75
76 83
76 10
76 21
76 64
76 46
76 53
76 60
76 13
76 3
76 58
76 82
76 39
76 28
76 96
23 88
23 37
23 1
23 7
23 39
23 93
23 43
23 42
23 95
23 40
23 82
23 71
23 72
23 90
23 53
23 97
63 67
63 92
63 60
63 28
63 99
63 54
63 69
63 97
63 44
63 61
74 5
74 81
74 50
74 99
