78
81
35
74
12
52
13
36
54
9
79
65
91
11
47
38
73
23
61
46
44
18
83
60
25
51
3
15
86
43
42
24
63
41
89
75
4
56
17
49
34
58
67
16
32
59
88
77
64
78
8
7
45
85
22
33
21
53
57
40
70
62
82
29
87
20
90
14
27
80
66
2
92
26
68
55
37
31
76
180
0 93
39 26
5 26
0 48
71 55
37 84
1 93
69 19
10 6
37 50
69 37
55 37
69 55
68 1
69 68
26 93
69 26
69 92
92 93
2 93
10 2
71 66
37 26
66 37
80 10
0 80
27 92
71 27
14 68
0 14
0 90
90 2
48 80
37 20
48 55
20 93
87 20
71 87
29 68
71 29
71 82
82 68
31 62
80 31
62 93
48 70
70 93
40 10
0 40
76 57
57 93
55 53
53 93
21 62
0 76
76 21
33 1
48 33
22 2
0 22
82 85
85 53
45 2
55 45
7 45
76 7
8 39
39 45
48 8
48 78
78 1
62 7
64 62
0 64
77 22
71 77
88 1
76 88
59 5
78 40
40 59
32 93
76 32
16 53
76 16
67 2
48 67
58 53
48 58
76 34
34 2
49 5
76 49
67 17
17 45
78 56
56 93
40 4
4 93
75 62
76 75
89 93
67 89
41 93
48 41
56 63
63 1
76 24
24 2
84 56
8 84
42 8
0 42
43 1
0 43
24 86
86 93
76 15
15 2
55 4
48 3
3 55
76 51
51 93
80 25
15 80
25 89
51 60
60 25
78 83
83 84
78 18
18 93
78 44
44 89
68 56
0 46
46 68
51 61
61 45
23 1
0 23
27 43
73 27
48 73
55 38
38 89
46 47
47 38
0 11
11 67
91 23
3 91
65 93
11 65
46 79
79 18
11 9
9 5
5 23
0 54
54 2
70 60
60 36
11 70
36 41
54 13
13 56
49 52
67 49
52 89
12 8
8 52
54 12
54 74
74 41
54 35
35 41
9 81
81 93
