5
40
13
16
83
4
100
74 49
0 32
54 80
98 99
87 99
59 99
0 59
0 30
42 52
43 76
52 85
88 99
27 58
33 77
80 85
45 85
10 51
73 69
0 43
54 73
51 85
98 57
38 36
0 74
0 54
84 69
48 69
0 10
0 63
30 72
71 3
29 71
37 57
59 69
0 64
6 61
77 69
96 69
29 90
0 29
80 58
33 7
36 69
74 46
51 46
6 80
44 55
6 33
27 97
84 22
10 42
97 46
6 44
50 46
41 48
45 22
66 2
56 22
48 60
2 39
50 42
6 90
32 93
84 97
63 28
5 39
6 32
39 22
97 22
58 79
19 22
84 66
63 70
6 87
84 58
63 75
76 66
67 79
36 72
6 63
54 53
3 9
6 84
38 27
48 76
68 10
75 23
68 14
31 72
67 56
70 33
79 60
56 66
68 64
92 87
68 93
92 68
71 60
73 33
92 48
