97
14
81
29
15
36
88
57
46
80
45
40
94
96
41
75
5
6
53
20
78
2
60
8
39
19
95
47
59
50
10
64
48
67
16
97
11
83
32
1
56
55
17
86
82
91
70
62
9
92
65
79
21
89
44
33
25
74
37
22
12
72
4
24
71
42
23
13
87
77
51
93
68
85
63
49
52
7
73
61
27
69
54
90
30
35
38
58
84
66
3
34
28
43
26
98
31
18
209
0 99
0 18
18 99
31 99
0 31
0 98
98 99
26 99
0 26
43 99
0 43
28 99
0 28
34 28
0 34
3 99
0 3
0 66
66 99
66 84
84 99
84 58
58 99
38 99
0 38
34 35
35 99
30 99
0 30
90 38
0 90
54 99
0 54
69 99
0 69
27 99
0 27
61 99
0 61
73 99
0 73
7 73
0 7
52 99
0 52
49 99
0 49
63 18
18 52
0 63
85 73
0 85
68 7
0 68
93 52
0 93
51 61
0 51
3 61
77 3
0 77
87 61
0 87
0 13
13 61
23 52
0 23
0 42
42 99
23 71
71 87
24 73
0 24
71 4
4 52
24 72
72 99
12 38
0 12
22 72
66 22
42 66
37 99
0 37
74 4
24 74
13 25
25 37
33 52
0 33
44 38
25 44
42 89
89 99
21 37
13 21
93 79
25 93
79 99
12 65
65 99
0 92
92 99
13 9
9 99
62 93
13 62
70 99
0 70
3 91
21 3
91 99
13 82
82 79
86 93
0 86
93 17
17 99
28 55
82 28
55 70
56 38
82 56
1 17
86 1
21 32
32 99
7 70
0 83
83 7
11 99
71 11
97 52
13 97
52 11
93 16
16 99
13 67
67 99
48 11
21 48
64 11
0 64
10 64
0 10
21 50
50 99
59 48
56 59
47 99
0 47
95 67
83 95
13 19
19 55
72 50
26 22
39 26
83 39
8 32
83 8
0 60
60 99
19 2
2 59
83 78
78 48
20 70
0 20
60 53
53 99
6 53
70 6
60 5
5 99
75 99
0 75
10 41
41 99
83 96
96 10
32 5
20 94
94 32
83 40
40 99
45 5
0 45
0 80
80 60
46 48
0 46
57 99
80 57
89 57
88 89
0 88
36 27
0 36
27 53
15 11
27 68
68 15
29 53
36 29
0 81
81 99
27 14
14 99
