5
66
81
35
96
12
100
11 20
23 99
20 99
0 82
11 51
77 99
53 99
36 99
63 99
1 8
59 99
11 10
14 8
1 28
88 64
1 19
0 28
16 37
16 79
19 74
0 72
45 80
11 24
33 54
28 95
83 16
37 95
95 99
93 76
69 89
58 89
6 99
11 33
86 87
67 55
76 99
87 60
78 55
89 99
60 99
21 16
83 45
0 11
40 99
0 14
32 92
33 61
46 59
9 99
47 99
92 99
30 67
0 88
36 45
46 51
71 99
30 23
30 84
84 19
51 99
69 31
0 83
42 52
0 1
21 99
84 15
48 17
25 22
57 97
52 99
84 2
26 37
46 91
21 67
48 5
78 84
61 91
16 49
58 10
0 69
0 21
0 74
62 45
5 99
44 55
37 99
62 44
65 90
61 92
22 99
65 57
0 20
49 91
43 9
43 91
0 62
0 97
55 45
45 99
91 99
