97
63
34
17
71
42
52
39
49
70
91
16
62
87
2
15
40
58
80
33
3
75
60
44
46
66
85
56
13
29
74
19
55
51
21
53
78
47
27
28
86
76
43
35
22
95
41
32
5
57
90
8
18
89
30
83
37
81
54
4
64
9
73
92
79
93
68
14
6
67
84
77
1
72
23
12
20
69
82
98
45
48
96
88
61
10
25
65
31
94
7
26
11
97
50
24
36
59
220
0 99
36 59
59 99
0 59
0 36
36 99
0 24
24 99
0 50
50 99
50 97
97 99
11 99
0 11
26 99
0 26
7 26
0 7
94 99
0 94
31 94
0 31
65 99
0 65
25 99
0 25
10 99
0 10
61 99
0 61
88 99
0 88
96 61
0 96
48 25
97 36
36 61
25 97
0 48
45 26
26 38
38 61
0 45
45 25
98 10
25 98
82 99
0 82
69 99
0 69
20 98
0 20
0 12
12 99
23 99
0 23
72 23
0 72
38 97
97 23
1 38
0 1
77 12
12 25
0 77
84 23
0 84
0 67
67 99
96 23
6 61
0 6
14 38
0 14
68 23
6 68
93 23
14 93
79 97
77 79
92 97
14 92
73 23
14 73
9 88
0 9
14 64
64 97
4 23
0 4
54 96
0 54
81 45
14 81
45 72
81 7
37 97
7 37
45 83
83 72
45 59
30 23
59 30
89 69
14 89
18 97
45 18
8 10
14 8
81 90
90 23
67 57
57 23
5 4
0 5
36 4
32 36
9 32
88 41
41 93
95 45
67 95
25 5
95 22
22 5
22 45
45 35
35 79
43 99
0 43
95 76
76 25
86 5
83 86
9 28
28 4
76 27
27 99
47 93
88 47
78 4
14 78
14 53
53 23
21 97
14 21
51 4
95 51
41 55
55 99
19 23
38 19
14 74
74 43
43 55
76 29
29 99
13 4
0 13
56 55
9 56
85 99
0 85
9 66
66 99
95 46
46 99
13 44
44 46
60 99
0 60
9 75
75 99
12 22
3 12
0 3
48 21
21 81
3 25
83 33
33 99
79 80
80 60
77 58
58 99
40 3
0 40
21 15
15 60
40 2
2 58
87 60
0 87
62 58
0 62
16 11
11 15
0 16
94 60
0 91
91 94
0 70
70 94
49 99
91 49
39 99
0 39
0 52
52 99
42 39
0 42
71 58
70 71
17 58
0 17
0 34
34 99
63 99
34 69
69 63
