5
83
60
39
82
14
100
78 84
0 7
75 84
81 85
37 44
47 52
10 12
5 13
38 44
4 2
0 4
0 2
26 30
51 54
63 67
0 5
8 15
64 69
84 91
70 78
0 6
23 30
0 3
19 25
0 1
0 9
87 91
84 85
30 38
24 32
18 26
38 45
44 51
26 32
49 56
42 46
8 1
72 80
8 16
64 71
48 53
46 45
52 53
79 88
25 32
71 79
41 46
37 43
91 98
45 54
91 93
76 77
19 28
41 47
8 17
34 40
40 47
6 13
6 11
41 43
33 36
8 4
12 17
3 9
8 2
8 10
72 79
8 6
10 18
3 10
75 77
33 41
90 93
8 11
67 74
92 99
31 28
22 20
53 51
8 9
94 99
38 40
72 78
37 46
85 89
87 89
98 99
19 21
17 25
80 89
67 76
5 12
84 87
47 51
5 9
70 75
72 75
98 96
7 10
66 68
