5
34
78
7
45
1
100
0 17
0 43
0 30
0 33
0 44
0 21
0 54
0 49
0 63
0 69
0 15
0 76
0 19
0 31
0 12
0 75
0 66
0 77
0 72
0 58
0 11
0 32
0 53
0 68
0 51
0 5
0 4
0 22
0 38
0 73
0 29
0 55
0 74
0 6
0 2
0 20
0 46
0 48
0 36
0 9
0 42
0 23
0 59
0 13
0 65
0 64
0 35
0 10
0 39
0 27
0 62
0 3
0 70
0 14
0 16
0 56
0 24
0 40
0 25
52 33
52 51
52 36
52 24
52 19
52 17
52 39
52 48
52 75
52 25
52 69
52 6
52 28
52 61
52 35
52 80
52 57
52 18
52 23
52 13
52 10
52 55
52 29
52 74
52 53
52 70
52 8
52 3
52 56
52 58
52 77
52 21
52 66
52 72
52 42
52 68
52 76
52 60
52 32
52 62
52 20
