5
76
92
20
52
34
97
33 18
0 55
0 85
0 56
7 47
88 18
7 48
70 95
25 62
0 72
10 85
16 85
83 62
24 42
18 95
4 23
71 95
0 10
62 95
0 7
0 39
28 95
16 36
16 10
0 31
6 83
74 57
6 95
16 74
25 75
0 6
0 21
0 95
0 16
77 83
83 95
58 66
38 59
0 82
0 38
0 22
0 77
67 66
0 33
0 25
0 40
18 80
32 31
0 32
53 71
0 53
57 66
56 66
0 35
56 95
0 47
89 95
17 95
66 95
35 1
31 95
17 10
0 51
55 33
0 35
0 13
27 53
14 75
0 79
0 14
17 66
36 80
0 87
0 5
68 40
53 18
0 26
0 49
7 95
5 95
19 44
46 41
15 93
0 75
11 95
29 60
24 23
0 58
29 47
82 21
0 36
68 13
83 58
53 83
24 69
39 10
0 29
