55
56
3
38
33
13
21
49
52
55
4
2
40
18
51
26
50
44
34
31
6
10
7
16
29
28
47
5
32
8
37
9
14
57
41
36
48
45
22
30
15
11
27
54
39
17
12
42
43
19
35
23
53
24
25
58
122
0 59
58 25
1 53
46 1
0 20
0 58
58 1
46 25
25 59
0 24
24 59
58 53
53 59
46 23
23 59
58 35
35 59
19 23
25 19
43 59
0 43
19 42
42 59
20 23
12 20
0 12
0 17
17 59
17 39
39 59
0 54
54 59
0 27
27 59
58 11
11 59
0 15
15 59
30 59
0 30
22 30
0 22
45 59
0 45
48 59
0 48
36 11
11 48
0 36
45 41
41 59
11 57
57 59
14 41
0 14
14 58
9 59
25 9
37 59
0 37
41 8
8 59
32 58
0 32
5 59
32 5
47 8
0 47
28 58
0 28
29 14
0 29
16 59
0 16
7 5
32 7
10 58
28 10
6 14
0 6
31 41
10 31
34 10
0 34
44 59
0 44
50 45
0 50
0 26
26 59
51 5
26 51
19 6
58 44
26 18
18 19
0 40
40 59
2 58
0 2
40 46
46 36
36 4
4 59
55 10
46 55
26 52
52 44
49 59
0 49
21 58
0 21
0 13
13 49
33 59
0 33
13 38
38 41
3 58
0 3
0 56
56 59
