5
17
10
40
21
51
100
0 44
0 15
0 47
0 8
0 5
0 11
0 9
0 46
0 45
0 36
0 19
0 23
0 18
0 35
0 42
0 24
0 20
0 41
0 14
0 48
0 33
0 13
0 22
0 25
0 34
0 12
0 43
0 16
0 39
0 7
49 43
49 1
49 52
49 48
49 4
49 33
49 22
49 23
49 27
49 16
49 29
49 11
49 24
49 41
49 26
49 50
49 47
49 6
49 12
49 45
49 2
49 30
49 44
49 20
49 34
49 54
49 9
49 32
49 42
49 3
49 53
49 8
49 38
49 37
35 25
35 33
35 8
35 54
35 52
35 34
35 2
35 23
35 48
35 1
35 26
35 15
35 9
35 14
35 38
35 50
35 20
35 27
35 42
35 31
35 7
35 39
35 22
35 4
35 19
35 53
35 36
35 18
35 29
35 13
35 41
35 12
35 37
35 32
3 26
3 11
