64
7
32
57
82
23
5
73
55
48
30
98
80
4
29
54
79
96
95
94
93
92
91
90
89
88
87
86
85
71
70
69
68
67
66
65
64
63
62
61
60
46
45
44
43
42
41
40
39
38
37
36
35
21
20
19
18
17
16
15
14
13
12
11
10
132
0 1
10 25
11 25
12 25
13 25
14 25
15 25
16 25
17 25
18 25
19 25
20 25
21 25
25 26
35 49
36 49
37 49
38 49
39 49
40 49
41 49
42 49
43 49
44 49
45 49
46 49
50 51
60 75
61 75
62 75
63 75
64 75
65 75
66 75
67 75
68 75
69 75
70 75
71 75
75 76
85 99
86 99
87 99
88 99
89 99
90 99
91 99
92 99
93 99
94 99
95 99
96 99
3 4
4 9
28 29
29 34
53 54
54 59
78 79
79 84
84 96
84 95
84 94
84 93
84 92
84 91
84 90
84 89
84 88
84 87
84 86
84 85
59 71
59 70
59 69
59 68
59 67
59 66
59 65
59 64
59 63
59 62
59 61
59 60
34 46
34 45
34 44
34 43
34 42
34 41
34 40
34 39
34 38
34 37
34 36
34 35
9 21
9 20
9 19
9 18
9 17
9 16
9 15
9 14
9 13
9 12
9 11
9 10
78 80
80 84
75 98
98 99
28 30
30 34
25 48
48 49
53 55
55 59
50 73
73 75
3 5
5 9
0 23
23 25
75 82
82 99
50 57
57 75
25 32
32 49
0 7
7 25
