5
16
29
63
23
17
100
0 71
0 21
39 36
0 36
36 99
65 48
50 85
0 82
27 76
9 46
0 27
85 99
0 57
0 91
0 65
0 94
81 8
33 76
67 26
57 11
11 99
25 99
0 81
1 99
0 14
0 47
10 62
22 8
0 39
50 99
92 90
0 80
52 45
92 3
93 99
96 75
35 15
75 99
54 99
96 52
0 9
70 87
0 58
10 64
0 92
45 9
96 36
33 8
33 50
0 72
96 48
33 56
62 50
47 40
22 88
33 9
64 99
45 47
18 99
87 9
95 79
9 99
13 99
19 43
91 66
28 31
96 92
20 89
0 87
77 99
36 43
89 21
10 24
6 13
24 99
0 10
54 15
43 31
41 99
71 19
21 31
33 32
12 24
71 76
59 99
0 45
92 31
71 4
0 96
53 76
22 87
31 99
33 62
0 33
4 99
3 55
3 67
3 99
67 6
4 27
