5
40
14
27
42
95
100
10 2
95 53
24 53
95 59
49 99
2 99
4 16
32 94
16 35
10 1
73 35
26 87
28 33
0 85
53 71
87 35
55 97
94 5
55 51
67 31
58 71
26 49
55 26
13 93
48 55
0 32
68 45
4 89
48 73
0 4
3 47
54 93
60 19
94 76
78 31
48 22
70 31
88 91
34 5
80 54
53 49
63 91
58 13
72 78
1 87
45 33
26 8
48 68
6 11
71 93
67 8
76 31
91 31
5 93
77 39
19 93
81 39
44 37
72 17
50 29
21 49
45 31
6 90
72 6
64 75
91 9
7 49
67 66
83 28
64 43
43 75
13 44
39 49
67 22
90 58
36 10
66 29
26 70
72 13
65 1
91 25
28 45
23 88
12 81
76 16
46 76
80 97
68 1
46 65
74 10
79 57
96 57
51 62
38 7
36 92
59 89
58 60
22 62
59 74
68 73
