94
85
67
57
76
49
66
86
55
72
7
89
27
80
64
83
71
30
58
87
13
45
92
25
32
54
50
44
14
41
8
79
51
43
88
90
35
59
62
2
29
12
95
56
53
26
70
33
94
74
23
16
93
65
39
60
78
17
34
73
48
82
24
28
75
11
63
21
84
47
81
69
22
42
10
52
1
20
5
37
77
19
38
9
40
4
31
36
18
6
61
3
68
46
15
211
0 96
61 15
15 96
0 15
46 96
0 46
0 68
68 96
0 3
3 96
0 61
61 96
6 96
0 6
0 18
18 96
36 6
0 36
36 31
31 96
18 61
61 4
4 96
18 40
40 96
9 96
0 9
38 96
0 38
19 96
0 19
77 96
0 77
37 77
0 37
19 77
5 19
0 5
20 96
0 20
5 1
1 19
5 52
52 77
52 10
10 77
42 77
52 42
22 42
0 22
0 69
69 96
81 37
0 81
47 96
19 47
69 19
69 84
84 47
52 21
21 47
69 63
63 21
0 11
11 47
75 18
18 19
0 75
28 19
0 28
24 47
0 24
82 20
20 84
0 82
0 48
48 47
73 21
0 73
34 96
48 34
17 47
73 17
78 19
73 78
60 84
0 60
39 24
82 39
73 61
65 17
61 65
93 65
0 93
11 16
16 17
60 23
23 34
74 47
73 74
48 94
94 74
82 33
33 96
70 75
75 17
0 70
70 26
21 74
26 21
69 53
82 69
53 74
56 81
81 74
75 56
9 21
95 9
0 95
95 12
12 74
26 91
91 29
29 96
95 2
2 29
0 62
62 81
59 94
62 59
37 35
35 47
63 90
90 47
62 63
88 75
62 88
43 35
59 43
88 51
51 47
79 17
75 79
88 8
8 81
41 47
59 41
75 14
14 96
44 34
62 44
0 50
50 96
35 54
54 96
50 35
50 32
32 47
0 25
25 35
62 92
9 54
92 9
0 45
45 96
25 38
38 13
13 37
87 47
62 87
38 58
58 47
45 30
30 48
48 79
71 40
62 71
40 54
45 83
83 79
64 35
62 64
80 35
25 80
40 27
27 96
89 96
45 89
7 96
62 7
72 24
24 54
62 72
55 7
94 55
86 55
0 86
66 96
0 66
0 49
49 96
76 42
42 7
66 76
49 23
23 57
57 96
67 7
49 67
85 47
0 85
