5
32
30
20
33
45
95
31 43
0 8
0 6
2 22
44 10
2 16
0 2
44 16
12 35
10 29
23 1
3 21
18 41
8 19
0 31
4 46
14 21
19 50
37 43
0 44
37 6
15 6
41 21
46 1
18 42
0 50
42 13
8 22
19 24
18 46
36 9
12 3
25 6
0 12
1 16
18 23
14 27
19 17
36 38
1 25
21 50
38 50
29 50
14 28
43 50
36 6
35 6
24 7
19 28
24 5
19 2
19 34
11 23
0 36
41 36
39 6
7 6
0 18
5 46
9 46
6 50
2 17
41 27
39 48
13 17
46 50
17 50
38 25
19 18
44 48
14 1
1 48
2 13
0 37
24 49
19 23
1 24
11 3
0 19
1 5
11 5
13 25
27 25
0 39
28 36
2 39
4 37
41 9
35 28
17 37
15 37
0 41
1 8
38 15
11 38
