5
50
48
93
4
8
100
0 44
0 31
0 26
0 69
0 37
0 5
0 7
0 86
0 66
0 62
0 13
0 96
0 54
0 12
34 54
34 70
34 58
34 16
34 73
34 19
34 24
34 68
34 10
34 61
45 57
45 97
45 7
45 20
45 41
45 42
45 10
45 38
45 55
45 11
45 60
45 78
45 19
54 38
54 22
54 75
54 88
54 55
54 9
54 16
54 53
54 96
57 3
57 84
57 35
57 86
57 47
57 55
57 6
57 53
57 13
57 79
11 32
11 94
11 71
11 37
11 90
47 97
47 17
47 66
47 67
47 44
47 68
69 32
69 87
69 95
69 33
69 89
69 36
69 53
69 1
69 64
69 81
92 85
92 7
92 74
92 26
92 10
92 65
18 78
18 62
18 17
18 96
18 97
18 41
18 71
35 68
35 1
35 67
35 71
35 37
35 3
35 81
80 2
80 90
80 52
