71
74
20
13
30
66
44
2
89
33
6
5
61
90
86
67
35
91
63
18
26
28
87
43
70
39
34
93
22
68
58
23
98
53
8
17
29
88
50
79
19
54
71
37
96
85
52
24
41
12
75
10
51
49
92
97
16
14
31
62
36
73
76
47
46
64
84
78
7
77
65
94
172
56 84
94 99
16 31
56 57
78 99
92 64
83 37
14 25
32 69
40 31
31 80
47 92
45 25
75 12
42 73
11 76
40 73
57 62
31 55
69 38
16 64
72 25
9 48
11 92
92 97
45 49
92 15
49 48
57 16
51 1
81 51
31 10
10 25
97 14
14 31
69 75
75 48
69 12
12 48
49 12
38 49
55 12
62 80
41 36
83 41
36 48
97 24
24 51
73 45
76 10
52 97
11 52
42 85
85 9
85 82
82 75
0 47
46 96
96 25
0 46
97 37
37 1
71 1
32 71
56 54
54 1
96 64
64 31
15 19
19 80
25 79
79 1
69 10
56 50
50 80
88 24
24 79
47 88
88 14
92 83
46 29
29 1
17 31
46 17
8 1
56 8
92 53
53 1
84 78
8 84
98 72
9 7
46 98
57 8
32 23
23 99
88 77
58 65
77 58
65 99
68 38
10 58
46 68
24 22
68 24
22 65
93 14
64 93
25 22
38 34
34 78
52 94
23 97
7 78
16 39
39 7
55 70
70 94
43 9
64 43
9 94
47 87
87 97
28 23
47 28
26 19
19 36
36 52
0 26
19 18
18 65
63 84
0 63
32 91
91 52
63 32
47 35
35 78
67 91
0 67
86 65
26 8
8 86
90 7
56 90
61 94
80 61
5 99
47 5
26 6
6 94
33 99
35 33
89 52
26 89
2 58
0 2
42 67
44 42
0 44
44 66
66 61
0 30
30 32
30 59
13 99
59 13
31 20
20 99
30 31
74 5
30 74
