5
35
61
13
93
77
100
0 52
0 94
83 60
44 94
90 85
25 94
0 33
83 33
39 94
20 89
0 25
85 94
34 59
0 70
72 92
0 14
0 42
54 40
5 94
83 22
72 69
56 21
33 62
38 89
56 12
0 43
0 56
89 94
0 83
0 34
76 65
32 43
12 94
76 47
72 54
50 47
72 79
0 76
84 94
47 94
87 94
39 31
80 52
17 43
0 72
0 39
80 26
20 51
0 80
0 49
79 37
0 69
0 48
0 21
79 65
79 20
0 66
41 81
40 84
66 52
70 31
40 21
17 45
16 26
0 79
36 32
90 68
0 17
0 31
8 94
36 53
89 67
8 92
43 62
40 9
0 8
0 40
69 68
65 94
0 36
0 11
78 85
21 26
0 9
86 67
0 38
37 10
62 94
37 7
88 23
0 81
55 50
21 1
82 11
0 55
28 78
45 81
65 31
0 57
11 91
