50
34
55
31
70
7
56
3
15
93
32
24
13
59
6
37
91
25
64
41
84
90
78
71
8
11
45
39
95
16
89
96
9
77
1
33
62
67
26
86
65
42
48
14
82
18
68
38
10
2
52
111
93 51
30 56
23 50
51 83
52 97
83 2
5 2
93 98
91 10
27 69
91 76
98 72
47 61
59 16
4 89
39 72
89 54
57 18
90 42
77 45
85 65
12 25
86 21
53 26
54 83
67 39
33 62
1 92
82 79
1 60
77 72
96 22
16 89
90 60
8 11
84 69
40 68
97 17
87 25
25 44
91 64
41 91
87 41
64 5
4 84
37 90
78 69
71 37
90 78
35 71
8 6
6 11
54 8
11 40
27 59
59 98
45 21
13 45
23 13
12 24
24 82
39 13
95 39
60 95
62 16
24 9
89 17
9 96
74 95
35 77
24 33
33 1
32 45
68 32
62 40
40 67
26 32
33 53
63 86
94 93
93 30
65 81
42 48
48 14
14 82
18 4
0 15
15 66
66 68
3 38
15 22
74 3
38 83
3 59
15 41
10 98
2 43
56 21
36 56
51 7
7 43
0 52
89 7
70 59
0 70
0 31
31 2
55 99
47 55
0 34
34 47
