232
16
76
78
20
18
55
80
26
66
15
31
35
39
68
3
65
37
93
50
13
74
8
51
45
10
44
85
11
19
89
82
12
75
77
71
28
30
58
53
67
25
33
7
79
62
17
9
88
91
49
42
36
52
32
1
73
43
54
40
94
87
38
56
69
48
60
81
46
2
4
27
83
83
63
81
60
86
48
60
83
60
63
60
63
60
60
63
60
86
60
38
21
38
60
34
40
40
43
38
60
46
94
52
52
46
52
60
52
42
63
83
52
60
52
46
88
60
42
4
62
60
62
60
42
7
62
73
25
81
42
81
25
67
62
63
42
4
25
60
6
79
42
25
62
25
60
86
33
34
60
89
7
67
60
60
25
82
60
25
21
11
85
10
89
25
42
75
25
77
85
17
60
77
51
17
85
67
11
27
33
60
25
77
8
93
50
60
42
25
65
60
94
50
65
33
34
60
35
4
28
60
39
35
34
31
60
25
35
60
23
26
35
3
42
35
55
52
35
28
82
37
20
52
50
35
4
18
55
35
26
23
94
361
63 52
47 34
63 92
83 92
90 47
29 63
57 22
90 24
63 83
83 5
63 83
83 5
29 27
83 5
27 83
57 22
22 4
4 64
29 27
2 5
27 2
63 83
83 5
57 46
46 5
81 59
57 46
46 81
0 60
60 90
72 81
81 59
48 92
29 48
0 60
86 69
60 90
22 86
69 34
0 60
60 90
14 48
48 92
0 60
60 90
63 83
90 63
0 60
60 90
90 63
0 60
60 90
22 56
56 61
63 92
92 38
0 60
60 90
38 95
90 63
0 60
60 90
22 87
87 61
86 94
0 60
60 90
94 61
22 86
57 40
38 95
40 38
21 38
90 47
54 21
0 60
60 90
47 54
38 95
90 47
0 60
60 90
34 61
40 43
43 61
57 40
40 43
73 40
43 61
0 73
57 1
1 38
38 95
32 61
0 60
60 32
46 52
52 95
57 46
94 86
90 36
86 52
36 94
0 60
52 95
60 90
46 52
52 95
0 42
42 46
0 60
60 49
52 95
49 52
29 63
52 95
0 42
42 29
63 52
83 92
91 83
92 63
52 95
0 91
0 60
88 95
60 88
9 46
46 52
52 95
0 9
17 88
90 17
0 60
60 90
88 95
57 62
62 95
4 79
42 24
24 4
0 42
79 95
7 61
60 7
61 62
0 60
62 95
33 62
60 33
0 60
62 95
25 95
29 25
0 42
42 29
7 61
67 7
61 62
62 95
0 67
53 73
25 95
73 81
81 25
0 53
58 81
25 95
42 58
81 25
0 42
63 62
30 63
67 30
62 95
0 67
4 28
42 24
24 4
0 42
28 95
71 6
25 95
60 71
0 60
6 25
77 79
24 77
42 24
0 42
79 95
57 75
25 95
75 25
12 62
62 95
0 12
25 95
82 86
86 25
0 60
60 82
33 34
34 89
60 33
0 60
89 95
7 19
19 90
90 89
67 7
0 67
89 95
11 95
0 60
60 11
25 95
85 25
0 60
60 85
21 82
25 95
44 21
60 44
82 86
86 25
0 60
11 95
10 92
92 11
0 10
10 45
45 90
25 95
90 89
89 85
85 25
0 10
42 51
25 95
51 75
75 25
0 42
8 77
77 17
25 95
17 85
60 8
85 25
0 60
74 77
51 74
42 51
77 17
25 95
17 85
85 25
0 42
67 13
13 27
11 95
27 11
0 67
33 50
50 95
60 33
0 60
25 95
93 25
0 93
77 8
33 50
79 77
37 33
93 79
8 37
50 95
0 93
60 65
65 95
0 60
42 3
25 95
3 25
0 42
94 68
65 94
60 65
68 95
0 60
34 33
33 50
65 39
39 34
60 65
50 95
0 60
35 95
60 35
0 60
60 31
4 28
28 35
35 95
31 4
0 60
39 34
15 39
35 95
34 35
0 15
60 31
31 66
25 95
66 25
0 60
23 35
26 23
60 26
35 95
0 60
23 35
80 42
26 23
42 3
35 95
3 26
0 80
55 95
0 55
55 18
18 35
35 95
0 55
0 20
20 52
28 35
35 95
52 82
82 28
63 62
33 50
52 63
78 37
37 33
0 20
20 52
62 78
50 95
4 55
55 18
18 35
0 76
35 95
76 4
23 35
16 94
94 26
26 23
35 95
0 16
