5
96
95
98
87
89
100
0 3
0 2
0 1
92 97
4 19
4 92
19 97
4 16
65 97
4 65
10 97
4 67
4 69
30 85
4 68
44 65
30 92
4 44
74 97
4 59
4 30
4 94
4 61
19 92
4 40
72 12
4 72
4 19
24 65
60 97
65 97
51 48
51 49
4 76
4 91
4 51
92 97
15 90
56 49
81 97
15 71
61 64
56 53
15 61
52 75
74 64
15 55
15 52
81 29
84 64
64 97
15 40
56 50
56 46
53 97
50 97
15 56
15 33
15 50
3 97
81 22
15 74
15 92
81 25
15 81
13 90
85 97
67 97
15 80
30 18
15 72
90 97
30 54
13 67
71 49
68 29
15 30
85 18
91 49
13 80
86 48
13 75
13 92
13 85
13 65
13 91
56 54
35 97
94 25
48 97
86 54
86 42
94 78
93 97
22 31
45 29
86 17
86 2
13 56
54 97
