5
12
29
33
11
86
100
86 55
86 67
0 2
0 79
0 7
54 2
97 8
80 99
49 99
67 21
21 99
54 3
91 5
54 4
64 99
92 94
46 18
45 85
0 45
0 99
0 89
91 59
94 5
93 2
31 5
5 99
51 9
77 2
34 99
10 34
54 56
69 96
3 99
17 99
28 34
91 90
67 99
54 97
34 2
32 6
51 92
43 14
82 32
0 54
38 53
38 72
0 91
6 2
41 99
19 10
26 17
38 62
77 17
9 99
0 38
18 59
0 1
10 99
53 59
64 72
97 69
87 57
57 52
0 55
88 60
74 13
0 57
60 99
76 14
32 99
59 2
87 7
83 30
0 83
0 87
2 99
0 58
0 75
72 99
14 99
98 87
88 37
0 64
0 74
16 1
0 16
15 56
15 99
17 13
0 68
40 78
0 15
4 23
0 4
17 42
0 17
67 56
0 13
53 30
66 62
