5
85
19
5
86
92
100
0 99
19 99
92 23
86 33
87 99
87 31
98 4
1 81
0 42
57 99
55 37
89 99
0 1
55 52
55 89
84 71
53 99
44 99
71 99
55 58
50 31
0 55
84 30
2 99
0 87
90 99
50 23
96 42
23 99
0 84
0 96
37 31
0 43
4 99
31 99
38 99
58 99
98 48
0 17
66 30
0 10
39 41
39 17
23 10
0 98
62 35
50 52
0 26
47 74
67 99
10 99
0 50
38 33
17 99
41 33
48 30
62 90
0 49
38 30
72 48
47 80
0 13
28 88
0 62
20 33
52 99
70 40
33 99
0 41
81 74
89 30
64 74
68 71
18 23
30 99
74 99
37 99
54 99
77 41
0 81
45 41
70 6
76 51
64 88
28 76
53 41
60 94
70 17
41 99
7 88
88 99
87 43
0 20
34 43
0 46
72 55
28 83
45 51
44 51
50 43
