5
89
26
38
93
13
99
0 17
0 66
0 81
30 15
30 8
30 2
30 7
46 74
46 58
10 45
10 66
40 20
63 12
63 56
29 88
29 9
3 94
71 39
71 95
70 62
70 27
83 62
83 12
47 59
57 77
57 41
57 64
25 21
24 37
24 50
4 72
4 19
4 34
78 62
78 80
78 66
20 44
20 90
20 84
79 43
76 64
31 22
31 69
31 88
7 61
7 9
58 49
58 91
69 43
69 68
72 62
72 67
72 97
72 33
72 80
72 11
9 5
92 11
81 64
48 85
42 36
42 67
98 36
98 5
98 43
34 56
49 33
16 60
11 84
11 51
11 64
88 82
88 60
88 68
88 5
88 67
88 19
85 90
85 56
68 82
53 35
53 52
53 62
39 90
66 15
91 37
52 23
52 82
18 60
18 28
19 94
75 23
75 43
51 96
32 73
62 96
23 44
23 60
97 99
