165
50
13
66
76
61
97
16
20
71
19
28
44
53
52
31
1
35
53
63
64
26
65
65
44
95
18
46
55
18
72
26
46
18
65
46
44
1
19
18
53
46
41
83
19
18
46
19
46
18
62
19
53
22
62
20
29
19
88
71
82
46
18
19
30
74
44
22
39
55
72
26
82
71
60
46
18
39
19
53
22
62
19
77
30
22
29
82
71
60
19
88
19
46
18
63
77
76
21
19
89
69
87
2
55
93
72
23
77
87
76
21
86
41
61
83
70
54
71
88
21
52
86
18
19
2
53
90
72
74
68
19
30
22
62
13
16
25
18
19
69
87
86
64
2
83
90
23
54
86
25
13
16
18
2
76
87
86
2
69
86
66
87
78
19
89
280
89 99
86 78
40 76
48 25
83 23
64 69
62 33
72 74
52 71
41 70
0 86
55 93
21 77
88 63
29 75
84 39
60 82
15 39
90 79
83 41
1 7
55 26
46 18
3 6
67 64
1 80
35 52
11 43
92 53
53 59
11 43
11 43
31 78
52 31
92 53
73 63
53 59
35 1
11 43
63 35
11 43
26 12
64 26
37 65
11 43
65 44
44 96
11 43
28 65
95 28
11 43
65 44
44 96
91 95
18 2
11 43
58 46
64 67
46 18
34 72
18 2
72 55
58 46
26 64
0 19
46 18
19 62
18 2
65 37
44 65
58 46
96 44
80 1
0 19
46 18
53 92
19 62
18 2
22 53
58 46
0 19
46 18
41 85
19 89
24 83
18 2
58 46
9 71
71 46
0 19
46 18
19 62
18 2
62 22
36 20
20 51
0 19
53 92
19 62
22 53
62 22
36 20
16 10
29 16
20 51
0 19
88 29
19 89
21 88
60 97
97 82
9 71
71 46
46 18
82 42
18 2
11 43
0 19
44 74
19 62
74 68
22 30
96 44
62 22
39 94
90 79
55 26
34 72
72 55
26 12
9 71
71 46
46 18
82 42
18 2
11 43
75 60
90 79
56 61
61 54
11 43
39 94
90 79
0 19
53 92
19 62
22 53
62 22
76 87
0 19
30 77
45 76
19 62
77 38
22 30
62 22
60 82
9 71
71 46
0 19
88 29
46 18
19 89
82 42
21 88
18 2
75 60
0 19
46 18
19 89
21 88
18 2
63 73
58 46
76 87
0 19
19 89
45 76
77 38
47 21
89 47
69 87
66 69
4 66
87 2
2 99
11 43
90 79
34 72
72 55
93 23
21 77
76 87
45 76
77 38
47 21
87 2
86 27
2 99
0 86
83 41
95 61
90 79
24 83
54 90
70 28
61 54
86 27
28 95
88 63
0 86
71 46
35 52
46 18
21 88
47 21
18 2
86 27
2 99
63 35
81 13
13 18
0 19
53 92
19 62
18 2
2 99
22 53
62 22
90 79
34 72
68 90
74 68
30 50
50 98
0 19
19 62
22 30
62 22
25 16
81 13
16 10
13 18
33 25
0 19
19 62
18 2
2 99
0 86
69 87
67 64
87 2
86 27
2 99
0 86
90 79
23 54
24 83
54 90
86 27
25 16
81 13
16 10
13 18
18 2
2 99
0 86
76 87
87 2
86 27
2 99
31 66
0 86
69 87
66 69
87 2
2 99
78 31
0 19
19 89
