71
5
21
7
55
69
70
27
39
3
54
58
71
13
9
20
59
33
62
68
1
15
8
40
47
43
41
44
23
17
2
63
25
37
36
14
49
52
50
32
56
10
24
31
53
35
48
19
4
64
51
60
46
67
28
12
66
57
11
45
61
65
29
38
72
16
18
34
26
42
22
30
167
0 73
34 22
42 6
42 26
6 22
6 30
30 73
0 30
22 73
0 22
0 42
42 73
26 73
0 26
34 73
0 34
18 73
0 18
16 73
0 16
22 16
42 72
72 73
0 38
38 73
0 29
29 73
65 73
0 65
61 26
26 18
0 61
45 73
0 45
26 11
11 73
42 57
61 30
57 73
66 11
61 66
61 12
12 16
66 28
28 73
61 67
67 73
61 46
46 73
42 67
60 6
0 60
51 26
0 51
64 45
0 64
4 30
0 4
19 42
0 19
48 42
0 48
0 35
35 73
53 11
66 19
0 53
31 67
0 31
18 19
24 18
0 24
66 26
51 10
24 28
10 67
56 18
0 56
0 32
32 67
0 50
50 73
52 67
0 52
61 49
56 61
49 73
0 14
14 67
36 67
14 36
37 49
32 37
72 25
25 49
14 72
14 4
4 63
63 73
31 2
4 31
2 67
14 17
17 67
72 57
57 23
23 73
44 67
72 44
41 67
14 41
56 43
14 56
43 73
17 47
47 73
14 40
40 73
57 8
8 73
0 15
15 73
31 1
1 73
42 68
68 73
47 10
10 62
62 73
4 33
33 10
4 59
59 73
57 20
20 73
17 9
9 73
57 13
13 73
15 71
71 73
57 58
58 73
14 54
54 6
30 58
42 43
43 49
3 58
49 3
0 39
67 3
39 67
27 49
17 27
54 70
70 43
14 69
69 73
55 68
0 55
33 7
7 73
69 21
21 73
14 5
5 73
