5
18
17
68
55
84
100
0 99
0 29
0 73
0 36
0 33
0 13
0 71
0 20
0 77
0 53
0 26
0 38
0 44
0 67
0 21
0 70
0 87
0 43
0 63
0 8
0 62
0 61
0 66
0 23
0 51
0 57
0 49
0 19
0 80
0 95
0 16
0 37
0 78
0 74
0 88
0 12
0 96
0 30
0 10
0 9
0 32
0 56
0 7
0 45
0 72
0 41
0 48
0 90
0 93
0 86
0 40
0 42
0 92
0 28
0 54
0 50
0 65
0 46
0 39
0 58
0 89
0 22
0 94
0 24
0 76
0 82
0 5
0 2
0 11
0 25
0 27
0 3
0 59
0 98
0 83
0 91
0 31
0 79
0 75
0 35
0 85
0 34
4 34
4 23
4 93
4 19
4 10
4 86
4 69
4 15
4 54
4 3
4 57
4 35
4 95
4 6
4 9
4 81
4 85
4 11
