92
49
69
27
26
42
73
28
25
43
78
17
44
92
80
89
68
12
9
76
35
72
38
22
11
47
29
52
86
55
91
81
37
13
66
95
65
14
62
54
56
53
97
51
3
96
36
20
75
1
74
71
63
2
40
24
82
8
98
18
70
93
58
45
5
60
87
61
90
15
23
41
31
7
67
34
83
6
39
10
32
85
46
77
4
79
16
64
33
30
94
88
57
214
0 99
19 57
21 94
48 21
19 50
19 59
84 88
88 99
94 50
48 94
57 99
30 50
0 30
33 99
48 33
64 57
0 64
0 16
16 33
79 59
59 33
0 79
4 33
79 4
48 77
77 99
21 46
79 21
46 99
85 33
64 85
16 94
94 32
32 33
16 10
10 99
21 39
39 50
21 6
6 99
48 83
83 99
34 6
79 34
67 33
0 67
79 7
7 99
31 10
21 31
41 33
0 41
41 23
23 99
48 15
15 99
79 90
90 99
79 61
61 99
87 23
85 87
15 85
0 60
60 99
21 5
5 99
45 90
0 45
21 58
58 99
21 93
93 99
70 21
0 70
45 18
18 99
98 18
0 98
8 18
15 8
82 99
0 82
24 50
50 82
0 24
40 41
23 50
48 40
2 99
0 2
63 64
64 82
79 63
48 71
71 24
74 82
0 74
1 24
0 1
75 24
48 75
20 23
48 20
36 75
48 36
79 96
96 99
0 3
3 99
51 99
0 51
41 97
97 99
71 53
53 97
56 19
19 40
0 56
3 54
54 82
19 62
62 53
14 82
56 21
21 14
65 99
0 65
0 95
95 99
56 66
66 50
13 20
20 54
0 13
48 37
37 99
81 51
0 81
95 91
91 99
37 55
55 99
81 86
86 99
52 97
0 52
29 99
0 29
47 59
31 29
59 31
0 47
36 11
59 54
54 24
11 99
22 36
84 22
47 84
81 15
15 38
38 99
54 72
72 15
35 38
75 35
59 76
76 15
9 24
0 9
39 12
59 39
12 99
58 68
76 58
68 99
0 89
89 99
71 80
89 71
80 38
19 92
92 38
80 19
44 99
0 44
17 75
0 17
47 78
78 99
84 92
43 84
17 43
24 25
25 99
35 28
28 99
54 73
73 99
51 93
17 61
61 51
93 42
42 99
26 99
0 26
24 27
27 26
69 21
0 69
21 26
49 26
0 49
