5
1
64
73
21
40
86
10 12
7 8
2 4
12 99
26 28
26 27
49 51
53 54
31 33
30 32
43 44
36 38
34 35
66 68
18 19
16 17
50 52
57 58
79 81
76 78
79 80
87 89
84 86
88 90
80 81
91 93
92 94
93 95
85 87
69 71
67 68
82 83
61 63
23 25
29 31
34 36
59 60
91 92
14 16
41 43
44 46
44 45
97 99
96 98
18 20
26 25
95 97
5 7
6 8
3 4
45 47
74 75
11 13
14 15
59 61
54 56
82 84
60 62
48 50
48 49
32 33
15 17
51 53
52 53
22 24
76 77
83 85
9 11
9 8
29 30
55 56
59 58
77 78
69 70
94 96
5 6
65 67
86 88
89 90
46 47
12 13
27 28
35 37
37 39
70 72
40 41
