5
1
6
2
30
11
100
0 4
0 5
3 55
98 99
33 21
33 55
46 55
19 55
97 99
3 35
55 95
21 55
55 62
93 95
16 31
55 59
95 99
96 99
26 49
55 70
54 55
44 47
51 42
73 97
42 55
98 84
20 22
49 55
55 98
15 55
47 10
96 80
81 97
97 94
55 83
73 66
55 73
87 91
70 94
88 79
3 16
55 75
81 75
79 94
22 55
81 61
55 85
9 14
9 36
35 55
33 19
36 50
33 51
48 23
31 18
3 48
55 96
81 63
80 72
88 78
50 55
43 27
26 14
52 40
3 9
55 61
40 55
97 80
88 86
3 54
41 16
81 84
55 88
3 34
64 86
41 19
41 35
24 18
91 94
81 56
14 55
3 33
34 55
3 7
9 48
41 9
24 7
12 7
52 7
69 94
37 7
37 38
41 55
15 45
55 94
8 36
10 52
14 4
34 43
52 28
