88
43
41
23
29
30
49
28
3
73
5
69
85
53
60
56
83
50
2
26
71
79
65
36
59
87
12
4
21
7
61
15
89
81
51
68
64
77
37
48
19
11
40
39
84
24
14
8
45
46
66
52
27
72
34
16
22
62
76
18
38
78
13
82
20
47
33
25
57
80
10
75
1
35
70
86
63
58
9
17
44
32
55
42
74
54
6
67
31
192
0 90
31 90
0 31
67 90
0 67
6 90
0 6
54 90
0 54
74 90
0 74
42 6
0 42
55 90
0 55
32 6
0 32
0 44
44 90
0 17
17 90
32 9
9 90
58 54
0 58
58 63
63 90
86 63
17 86
70 90
0 70
0 35
35 90
58 1
1 90
75 90
17 75
10 90
0 10
17 80
80 90
57 75
80 57
25 57
0 25
17 33
33 75
25 1
1 47
47 57
20 75
0 20
25 82
82 90
58 13
13 75
1 78
78 90
38 54
54 20
0 38
0 18
18 90
42 78
76 42
0 76
17 62
62 75
1 22
22 75
18 25
80 16
18 80
16 75
34 78
0 34
18 72
72 75
18 27
27 90
54 52
52 90
66 17
0 66
66 46
46 22
45 75
0 45
46 8
8 52
18 14
14 90
24 75
66 24
46 84
84 90
39 90
0 39
40 75
0 40
67 11
66 67
40 66
11 90
19 22
0 19
19 48
48 67
37 11
0 37
48 77
77 84
48 64
64 90
68 11
19 68
22 51
51 90
81 74
74 51
22 81
89 51
19 89
15 51
48 15
61 51
0 61
0 7
17 51
7 17
21 39
0 21
4 81
19 4
7 12
12 81
7 87
63 51
87 63
19 59
59 90
0 36
36 52
65 58
0 65
58 64
79 22
36 79
71 9
9 59
65 71
26 21
36 26
21 2
2 90
12 50
50 74
83 51
36 83
56 61
0 56
60 90
0 60
36 53
53 12
85 74
0 85
69 59
0 69
5 15
21 5
73 50
53 73
12 3
3 90
56 25
25 28
28 90
36 49
49 51
0 30
30 36
29 51
0 29
0 23
23 59
23 24
9 41
24 9
41 28
43 90
65 43
