84
31
97
42
19
9
72
15
95
11
22
43
8
35
67
89
74
96
54
40
88
56
51
55
65
80
46
33
24
59
18
94
62
28
1
7
85
57
98
71
76
49
30
48
32
13
38
5
75
29
17
23
2
27
20
47
25
58
66
91
14
84
36
86
26
87
16
52
41
70
6
53
90
44
50
61
12
37
21
10
4
45
92
39
64
184
68 39
3 63
78 4
64 45
60 4
63 21
78 60
68 10
79 60
10 3
4 21
21 99
37 99
45 37
12 45
64 12
78 61
61 63
60 50
50 69
78 44
44 99
90 34
83 90
53 99
10 53
6 92
83 6
92 99
39 21
83 70
70 92
41 53
70 41
52 21
70 52
39 16
16 99
87 53
6 87
26 53
83 26
6 86
86 99
36 99
70 36
84 99
92 84
63 84
14 63
83 14
68 91
91 63
70 66
66 84
58 99
83 58
4 36
10 25
25 4
83 47
47 99
10 20
20 84
10 27
27 99
2 58
83 2
23 4
0 23
23 6
6 17
17 99
29 36
0 29
75 25
6 47
47 75
5 4
0 5
38 10
23 38
13 36
23 13
12 86
86 45
0 32
64 36
32 12
48 99
38 48
30 10
5 30
49 99
0 49
76 63
64 76
45 71
71 99
12 98
98 27
57 49
64 26
53 57
85 49
64 85
63 7
7 27
64 1
1 99
26 28
28 99
98 61
61 62
62 99
94 99
0 94
18 4
0 18
59 53
45 59
24 1
32 24
33 99
78 33
1 78
5 83
83 46
46 57
80 52
52 49
32 80
12 65
65 78
55 78
5 55
51 99
0 51
56 27
86 56
34 24
88 34
0 88
40 37
37 84
0 40
40 77
77 54
54 78
39 7
96 39
77 96
74 78
0 74
89 68
77 89
89 67
67 99
40 35
35 56
8 33
0 8
43 49
77 43
22 56
0 22
11 99
0 11
95 11
0 95
0 15
15 33
0 72
72 33
0 9
9 99
19 11
15 19
9 42
42 19
97 33
0 97
15 31
31 19
