5
34
15
23
90
24
90
0 99
98 25
60 19
0 75
98 62
0 44
76 12
55 62
60 35
60 70
31 40
28 32
72 38
55 22
35 81
98 20
25 99
79 86
10 14
30 29
92 59
55 67
55 5
60 76
29 14
18 81
92 85
71 81
84 75
10 39
35 17
72 96
0 55
35 75
59 81
37 32
35 62
60 52
35 11
98 9
28 92
10 8
0 79
0 60
29 37
42 22
29 32
35 36
10 95
33 6
29 86
85 81
6 77
41 75
67 99
98 72
71 95
33 77
76 2
51 82
44 39
44 86
35 56
76 49
35 51
97 62
6 11
84 77
29 78
3 14
42 80
10 4
61 66
33 44
6 93
42 93
42 11
17 2
86 81
33 47
6 46
20 18
21 36
10 31
10 41
64 26
61 64
84 89
97 80
70 39
