5
87
1
33
10
20
100
3 2
3 4
3 34
95 91
95 94
97 77
97 63
98 99
98 73
17 16
17 40
17 18
82 85
82 83
81 48
80 79
7 78
7 8
6 5
6 69
4 70
4 5
4 9
56 39
56 9
56 57
55 54
55 45
18 31
92 29
92 74
92 91
70 16
70 69
70 49
70 71
23 24
23 38
23 2
23 37
23 22
60 61
60 63
60 59
60 30
44 43
46 13
46 68
46 47
59 58
69 29
69 68
61 66
61 43
61 62
2 71
12 50
13 66
14 15
14 38
14 47
48 25
48 47
50 73
50 51
50 86
50 16
36 35
36 42
38 43
39 77
39 40
39 5
83 84
83 71
83 8
31 64
31 65
31 85
30 29
9 8
53 52
64 27
64 65
64 28
64 63
40 78
22 15
89 67
25 24
27 77
27 66
29 78
29 68
67 99
75 74
76 77
74 99
73 72
78 99
