5
97
14
40
10
3
100
23 99
54 66
34 41
51 9
23 30
0 51
55 76
92 59
68 76
72 80
94 44
45 72
16 89
55 27
74 76
33 41
55 79
0 45
31 46
62 81
41 99
35 99
26 48
64 99
23 81
59 39
71 46
46 76
59 75
31 23
16 70
16 28
57 42
11 67
82 87
50 22
21 75
46 93
94 31
11 12
94 29
81 75
11 54
75 99
57 93
5 63
55 15
34 78
15 20
47 90
78 98
39 99
92 19
36 98
76 99
50 90
44 20
53 79
24 66
79 88
74 53
21 32
16 83
41 96
75 20
19 20
56 20
74 11
12 73
94 47
38 90
27 88
63 20
60 96
74 25
34 79
17 98
0 94
44 27
1 4
74 92
57 35
6 91
4 83
78 55
53 24
16 8
70 68
96 90
34 8
5 31
93 76
49 13
16 45
74 5
5 47
0 74
20 99
47 20
0 16
