5
24
43
16
47
34
100
0 35
11 65
42 59
0 9
50 83
50 94
94 66
59 87
50 20
94 11
49 87
0 61
25 4
80 99
6 99
57 49
94 18
66 99
0 94
0 50
11 12
20 99
0 57
0 46
87 99
0 96
75 53
28 68
0 74
0 75
28 99
46 99
0 41
55 82
30 68
0 81
88 99
57 77
14 4
33 27
70 99
28 55
17 49
0 28
97 99
95 57
15 85
61 78
22 26
51 5
78 42
40 9
0 76
72 44
49 99
86 67
67 69
66 70
95 78
59 98
78 69
81 74
66 83
86 35
92 99
40 11
65 42
0 91
78 68
61 23
3 60
36 84
4 44
0 95
72 56
29 3
53 84
11 42
29 84
97 84
68 42
15 40
44 23
51 86
8 58
65 93
29 21
94 19
51 25
0 15
51 62
0 51
29 38
72 23
39 38
5 26
27 10
72 29
84 42
23 42
