5
62
66
17
71
61
100
0 14
0 2
0 22
0 48
0 16
0 64
0 80
0 95
0 6
0 18
0 89
0 93
0 57
0 25
0 88
0 91
0 4
0 1
0 23
81 47
81 23
81 72
81 5
81 1
81 31
81 94
81 48
81 29
81 59
81 63
64 19
64 99
64 93
64 84
64 55
64 39
64 6
64 46
64 87
64 75
64 30
64 9
8 11
8 87
8 86
8 27
8 39
8 9
8 52
8 59
8 42
97 53
97 10
97 63
97 22
97 90
97 48
97 88
97 7
97 40
97 86
97 75
97 20
97 24
97 80
16 26
16 34
16 74
16 10
16 13
16 77
16 88
16 5
16 1
16 92
16 53
16 32
16 7
16 39
16 59
23 43
23 57
23 68
23 79
23 99
23 28
23 93
23 85
23 27
23 34
5 4
5 34
5 53
5 19
5 35
5 15
5 79
38 2
38 88
38 11
