5
6
60
29
72
68
100
0 37
0 21
0 90
0 76
61 37
61 14
61 41
61 12
46 10
46 94
46 53
46 65
46 67
46 96
46 44
46 91
46 13
46 38
46 95
70 5
70 76
70 9
47 25
47 54
47 15
47 48
47 38
26 66
26 33
26 15
26 43
26 36
26 67
75 2
75 69
75 90
51 56
51 18
51 2
51 78
51 15
51 89
80 97
80 19
63 64
63 37
63 84
63 2
63 91
63 14
63 73
63 30
63 15
36 74
36 43
36 41
54 42
54 62
54 48
54 19
54 92
54 49
54 89
73 50
73 92
73 45
98 85
98 90
98 17
98 38
4 89
4 71
4 49
4 33
4 18
17 37
17 22
17 16
2 42
2 82
2 23
2 44
2 49
2 7
20 8
20 94
20 33
20 31
20 88
55 96
55 67
55 81
55 35
55 50
91 40
91 5
91 35
21 89
21 15
21 95
