88
16
34
20
17
14
11
67
84
69
61
68
66
63
64
65
15
42
12
39
44
18
13
70
89
82
81
47
83
87
85
86
49
48
50
45
43
46
32
35
38
40
36
31
33
58
23
21
3
90
54
2
53
92
60
9
72
6
73
55
8
25
30
93
22
29
26
78
80
75
71
79
10
5
7
28
56
52
57
59
97
96
27
77
74
91
98
95
1
196
0 1
95 99
88 98
91 99
62 74
77 88
19 27
96 99
88 97
59 62
41 57
41 52
41 56
28 37
7 19
5 19
0 10
79 88
62 71
62 75
80 88
78 88
19 26
19 29
22 37
93 99
30 37
25 37
0 8
55 62
73 88
0 6
62 72
72 88
6 19
0 9
9 19
41 60
60 62
88 92
92 99
53 62
41 53
62 73
41 55
8 19
0 2
2 19
54 62
41 54
19 25
19 30
88 93
88 90
90 99
19 22
29 37
26 37
62 78
62 80
75 88
71 88
62 79
10 19
0 5
0 7
0 3
3 19
21 37
19 21
19 28
19 23
23 37
56 62
52 62
57 62
41 58
58 62
41 59
97 99
88 96
27 37
62 77
74 88
88 91
98 99
88 95
1 19
23 33
33 41
25 31
31 41
29 36
36 41
27 40
40 41
23 38
38 41
27 35
35 41
27 32
32 41
36 46
46 55
33 43
43 58
31 45
32 25
45 59
37 50
43 37
50 58
48 54
40 48
38 49
49 59
86 90
74 86
71 85
85 95
74 87
87 91
75 83
83 91
47 55
32 47
74 81
81 91
82 96
71 82
89 91
74 89
47 35
70 78
78 83
35 49
59 70
13 22
37 49
6 13
18 27
8 18
32 44
44 38
27 39
39 23
12 28
28 38
1 12
42 56
39 42
56 70
8 15
15 28
65 77
55 65
79 70
39 48
64 79
54 64
54 63
63 75
80 83
66 80
56 66
68 78
54 68
72 87
87 80
61 72
54 61
86 79
76 86
69 76
54 69
84 93
76 84
56 67
67 72
11 27
1 11
55 69
30 32
14 30
8 14
17 28
28 39
1 17
26 36
36 42
20 26
1 20
28 34
34 42
1 16
16 26
