5
11
91
47
76
66
100
29 2
0 96
2 99
0 99
0 29
7 75
46 61
70 99
32 75
23 99
46 84
10 99
95 9
9 4
75 99
0 49
20 95
8 49
44 69
63 99
54 69
79 99
8 54
41 99
0 8
13 97
0 4
21 35
65 95
13 64
38 48
21 4
0 20
94 48
60 73
9 95
88 83
87 52
22 54
74 72
0 74
0 87
23 72
0 45
95 98
19 71
0 54
4 98
2 12
46 16
78 33
0 65
80 67
33 98
2 48
48 98
50 94
57 62
97 98
0 92
0 19
0 57
0 3
27 98
86 71
25 71
86 2
39 74
62 50
25 85
56 61
86 39
71 98
86 84
35 82
86 4
68 20
86 37
84 65
86 49
10 98
25 81
86 84
86 62
30 16
15 16
46 90
86 44
15 46
20 98
49 16
82 98
68 27
23 37
83 17
15 68
44 28
15 17
41 10
15 54
