97
21
6
38
80
95
52
31
4
8
48
36
79
73
25
17
11
62
14
64
97
5
85
12
27
3
22
2
19
9
86
84
61
39
66
47
75
81
26
16
10
78
20
72
1
82
28
76
15
93
98
7
35
96
49
59
23
63
53
92
71
69
68
37
77
51
44
24
30
43
70
13
89
56
50
33
74
45
94
54
46
87
67
34
88
60
41
65
32
42
40
57
55
18
90
29
91
58
225
0 99
55 90
55 91
58 99
0 58
91 99
0 91
29 99
0 29
90 99
0 90
18 99
0 18
0 55
55 99
0 57
57 99
40 91
0 40
42 99
0 42
32 99
0 32
55 65
65 99
41 65
0 41
55 60
60 99
88 55
0 88
88 34
34 41
67 32
0 67
87 60
0 87
42 40
40 65
46 42
0 46
54 58
58 60
0 54
94 58
0 94
94 45
45 99
74 34
0 74
74 33
33 99
74 50
50 99
56 60
88 56
74 89
89 99
13 55
0 13
13 70
70 99
43 56
0 43
43 29
29 30
30 99
24 70
0 24
13 44
44 60
51 55
0 51
77 65
0 77
37 60
0 37
51 83
83 68
68 30
51 34
34 69
69 65
71 40
0 71
92 90
0 92
45 53
92 45
53 89
74 63
63 99
23 99
0 23
40 59
59 23
0 49
49 99
0 96
96 99
0 35
35 99
7 23
37 7
96 37
96 89
89 98
98 99
93 37
35 93
15 56
34 15
96 69
56 98
51 76
57 51
35 57
76 99
96 28
28 99
57 82
82 99
49 1
1 82
69 49
90 72
96 90
72 99
37 20
20 99
57 94
94 78
78 99
10 78
0 10
7 16
16 99
26 16
35 26
35 71
40 81
81 99
94 75
75 99
47 7
93 47
26 66
66 99
35 39
39 99
61 99
93 61
84 39
0 84
86 61
0 86
96 9
9 61
19 24
24 61
0 19
98 54
54 24
2 98
0 2
22 99
93 22
3 22
37 3
2 27
27 99
12 78
0 12
98 85
50 27
85 50
5 50
35 5
39 43
0 97
97 84
43 22
64 22
0 64
14 37
0 14
0 62
62 61
11 64
62 11
0 17
17 34
34 3
25 3
76 25
73 27
15 73
79 99
0 79
36 91
51 36
91 79
55 48
48 99
34 8
8 91
4 22
17 4
31 22
0 31
52 3
17 52
0 95
95 3
80 32
95 80
45 4
32 53
38 22
17 38
6 99
0 6
21 72
72 6
17 21
