35
8
4
6
16
9
17
12
24
70
44
49
39
76
20
63
26
33
45
90
43
79
85
81
41
87
67
14
89
95
48
98
54
77
51
50
85
0 1
50 1
25 21
28 30
28 77
0 7
54 7
98 7
0 48
0 95
42 40
89 40
11 12
11 10
28 25
19 23
29 21
67 21
32 34
40 41
87 41
32 81
38 36
85 36
22 32
22 79
38 43
38 90
23 33
22 11
26 20
76 20
39 22
31 1
31 21
40 49
49 23
2 39
22 76
20 63
63 11
22 26
33 30
35 45
45 25
90 13
5 35
43 13
79 30
44 34
42 44
46 44
28 85
81 31
41 31
38 87
29 67
27 19
28 70
70 25
24 29
23 14
14 24
19 12
12 18
32 89
95 46
48 46
0 98
0 54
77 29
17 21
25 17
2 9
9 18
16 21
9 16
7 6
6 3
2 4
4 51
51 3
2 50
7 8
8 99
