5
84
14
39
64
17
100
0 99
95 39
73 14
69 10
73 78
67 99
76 68
86 94
0 73
2 10
95 89
25 69
25 75
91 86
6 91
0 8
0 1
94 99
12 10
4 10
25 37
28 10
88 62
12 72
0 6
4 86
82 12
7 99
0 71
59 61
0 95
11 3
82 7
97 31
75 97
85 83
42 68
3 68
28 11
93 83
82 28
59 33
37 38
85 1
72 97
59 50
82 59
1 72
38 92
89 9
21 37
82 1
2 9
96 40
60 68
82 21
68 99
78 46
31 9
34 10
92 99
7 35
29 97
13 86
97 99
76 53
46 15
86 15
63 19
13 45
24 15
5 49
72 15
9 15
1 59
2 47
8 47
66 8
63 66
3 16
81 41
30 40
42 47
27 49
56 89
60 74
5 47
54 34
22 23
16 59
54 26
81 22
13 73
81 32
2 19
13 2
62 34
12 35
34 74
78 40
