5
69
26
65
28
80
100
0 99
20 99
54 99
37 68
96 99
18 91
38 10
75 90
30 68
79 1
68 99
55 75
57 99
54 77
57 39
52 99
38 99
98 81
79 36
11 86
84 99
83 3
55 83
18 63
63 59
76 59
81 90
98 74
51 81
18 13
13 99
0 55
30 88
4 93
83 11
11 90
0 18
63 77
0 63
90 99
14 88
77 99
63 92
73 19
91 95
0 76
92 99
54 29
2 99
64 11
38 39
0 38
92 66
62 45
82 50
66 99
33 79
25 52
48 99
0 87
67 70
87 99
10 59
0 41
41 99
0 83
78 31
71 86
78 73
67 31
0 25
24 14
42 99
31 99
0 17
49 59
0 78
0 49
57 89
23 7
0 60
0 62
7 99
92 83
47 25
17 99
25 22
40 89
68 10
0 68
27 19
22 89
19 99
52 50
47 94
7 34
57 98
76 99
89 99
0 47
