5
95
22
60
42
31
97
0 51
9 96
57 40
75 5
13 50
9 41
39 62
11 96
73 70
41 4
87 67
11 62
13 10
70 89
46 48
34 55
28 96
14 78
46 77
40 96
12 19
74 19
69 5
12 80
40 4
92 76
90 47
92 23
13 65
10 96
41 15
71 64
36 15
87 51
12 24
62 96
64 15
89 96
70 56
57 74
82 20
16 65
85 15
28 4
32 78
82 86
30 4
59 25
0 57
13 20
92 65
82 65
75 2
13 69
81 76
19 56
61 55
3 93
39 33
15 96
56 96
75 72
0 13
71 65
41 93
87 37
62 4
92 9
7 80
87 91
75 63
78 4
87 64
70 30
0 75
46 13
61 64
82 1
83 40
71 69
39 64
67 30
18 55
14 79
61 51
92 72
46 67
81 50
0 92
46 3
63 65
61 21
0 46
39 83
83 17
17 20
0 39
