98
1
2
3
4
98
96
6
7
8
9
94
12
14
91
89
87
17
11
13
16
18
21
24
10
15
25
85
92
28
29
82
84
80
77
34
5
35
19
22
23
26
32
33
36
41
42
30
43
48
49
20
37
50
51
75
73
56
27
44
57
58
71
78
31
63
64
65
68
70
69
62
67
61
60
72
74
55
59
54
66
53
52
47
46
45
40
39
38
76
79
81
83
86
88
90
93
95
97
201
70 99
0 70
68 99
0 68
65 99
0 65
64 99
0 64
63 99
0 63
0 31
31 99
68 69
69 70
70 78
78 99
70 71
71 99
66 67
67 68
58 62
62 66
0 58
65 67
57 61
61 65
0 57
44 61
0 44
0 27
27 61
56 60
60 67
0 56
71 72
72 73
73 99
73 74
74 75
75 99
51 55
55 59
59 67
0 51
66 68
50 54
54 58
0 50
37 54
0 37
0 20
20 54
49 53
53 57
61 68
0 49
48 52
52 56
60 68
0 48
43 47
47 51
59 68
0 43
30 47
0 30
42 46
46 50
0 42
41 45
45 49
0 41
64 67
36 40
40 44
44 48
60 64
0 36
33 40
0 33
32 40
0 32
26 40
0 26
23 40
0 23
22 40
0 22
0 19
19 40
35 39
39 43
0 35
0 5
5 39
34 38
38 42
0 34
75 76
76 77
77 99
77 78
78 79
79 80
80 99
80 81
81 84
84 99
81 82
82 99
29 31
31 33
65 68
33 37
37 41
0 29
28 30
30 32
32 36
0 28
82 83
83 84
92 99
84 92
84 85
85 99
33 34
25 27
27 29
0 25
15 27
0 15
0 10
10 27
24 26
26 28
30 34
0 24
21 23
23 25
0 21
18 20
20 22
22 24
0 18
16 20
0 16
13 20
0 13
11 20
0 11
17 19
19 21
0 17
85 86
86 87
87 99
87 88
88 89
89 99
89 90
90 91
91 99
14 15
15 16
16 18
0 14
12 13
13 14
15 17
0 12
91 92
92 93
93 94
94 99
9 10
10 11
11 12
0 9
8 10
0 8
7 10
0 7
6 10
0 6
94 95
95 96
96 99
96 97
97 98
98 99
4 5
8 9
5 8
0 4
3 5
0 3
0 2
2 5
0 1
1 5
