5
73
82
32
83
69
100
18 94
51 94
0 18
59 94
22 49
84 85
88 37
93 94
46 7
1 70
13 62
6 94
42 33
33 61
38 54
68 61
0 84
14 49
49 94
16 66
16 84
78 79
0 77
47 34
22 1
55 85
34 94
0 46
1 62
8 94
0 43
28 87
62 94
79 68
12 11
87 94
0 16
5 4
23 47
29 57
89 60
19 80
4 94
75 2
11 94
1 66
0 29
19 65
86 42
47 94
15 66
20 66
41 34
0 86
0 19
42 66
66 84
78 84
13 11
28 11
0 28
0 71
91 11
11 84
41 68
9 8
40 13
7 37
0 1
80 71
39 35
13 84
2 47
0 80
47 68
68 84
61 28
0 91
0 15
0 23
60 61
25 22
45 22
46 91
61 28
0 38
63 12
0 39
12 53
40 89
17 46
0 87
0 53
0 89
4 18
12 85
24 41
89 27
36 37
25 79
