5
4
19
25
23
5
83
0 2
0 99
1 99
0 98
96 97
94 96
20 93
49 47
7 9
94 95
20 29
90 92
54 56
9 56
97 99
48 47
16 15
35 87
45 93
12 6
12 11
7 82
91 93
85 86
73 75
15 13
82 89
18 16
13 38
67 65
71 69
83 84
36 38
53 71
56 90
50 76
15 14
38 85
44 42
16 14
78 80
82 81
79 80
87 91
29 78
89 91
75 77
49 48
76 77
81 83
53 51
54 52
38 75
66 68
73 74
41 42
39 37
31 33
57 24
68 70
86 88
62 42
67 69
30 29
31 32
63 64
65 66
29 28
63 65
46 44
60 62
61 62
35 33
34 32
71 72
58 59
74 76
8 10
9 10
11 10
27 28
13 12
3 5
