5
3
27
11
32
52
97
38 22
23 13
10 14
0 45
47 59
20 13
29 59
43 28
14 42
31 59
20 43
34 43
34 48
34 36
5 13
34 20
13 59
34 10
12 59
48 25
48 40
40 5
16 35
18 16
26 6
12 55
50 25
26 4
37 6
56 9
6 25
46 9
17 20
40 44
56 17
50 20
51 36
17 55
49 36
8 20
37 44
13 30
57 14
14 36
36 35
9 55
10 26
12 44
46 56
23 45
36 44
44 35
2 8
31 15
49 37
45 33
26 19
15 38
49 24
42 6
50 49
2 50
57 28
22 29
2 26
19 6
29 6
21 56
21 41
53 56
44 58
24 12
37 19
40 58
43 21
24 4
19 41
53 58
30 42
7 41
8 12
8 13
17 19
13 1
30 1
19 58
12 53
21 29
37 28
22 19
31 49
37 29
45 14
29 31
15 12
21 30
10 52
