5
15
3
37
29
6
100
53 99
83 41
0 83
26 5
0 52
50 99
0 91
25 52
59 99
70 64
53 5
14 7
90 99
38 99
0 76
4 99
54 7
7 99
0 26
71 62
62 99
38 64
0 58
0 53
44 52
0 25
36 31
27 52
52 99
36 27
36 96
36 49
64 96
76 43
67 5
40 2
41 35
21 18
68 97
18 4
36 18
88 92
20 16
91 4
43 96
21 67
75 36
59 56
21 45
73 92
16 96
75 88
55 38
30 13
9 44
44 13
46 13
59 95
21 54
66 56
21 41
13 96
95 2
17 33
21 32
74 7
87 48
20 56
17 78
59 24
77 2
79 91
60 51
19 55
10 56
63 54
79 45
9 4
46 80
38 91
9 79
65 2
17 86
5 43
46 5
17 46
85 22
54 56
85 18
49 91
51 2
17 9
97 43
17 84
43 2
61 86
41 55
95 86
85 39
4 41
