51
58
41
31
70
3
27
64
45
73
19
85
87
12
8
97
94
96
90
2
39
95
79
76
47
7
81
46
44
10
20
34
13
52
35
25
9
54
82
91
59
60
29
40
48
67
86
5
23
57
36
75
125
0 98
75 95
25 52
19 57
45 23
40 80
39 74
38 67
91 69
8 83
18 42
44 51
5 87
13 67
15 10
15 11
1 35
85 76
97 59
40 25
60 59
68 45
17 34
84 39
63 71
17 96
54 49
9 78
79 92
4 25
16 35
32 10
20 10
56 63
47 81
21 61
15 2
79 76
55 95
24 65
14 53
92 39
39 5
2 51
62 2
95 62
65 90
90 2
0 7
7 79
76 47
96 71
24 96
47 11
81 46
46 44
44 68
39 94
94 77
38 97
97 46
8 77
97 8
10 34
22 20
34 13
13 52
52 78
94 28
96 16
35 32
12 17
76 12
12 51
25 14
92 97
90 29
29 9
33 87
87 69
12 54
71 90
84 85
85 46
19 1
84 19
73 72
38 73
73 56
45 82
19 91
82 83
91 45
85 44
97 60
19 97
59 29
0 40
48 64
11 48
64 99
32 64
18 27
27 13
67 86
86 64
33 64
44 8
3 32
18 3
70 53
7 70
74 45
23 78
57 78
31 36
70 31
36 99
41 99
18 41
18 58
58 99
95 41
18 75
14 41
