5
98
52
53
36
4
100
0 23
0 24
0 69
19 99
3 83
3 13
57 54
83 99
59 19
57 48
75 99
50 99
11 63
11 69
70 99
63 99
90 76
18 72
15 13
76 99
0 40
29 99
0 57
2 26
87 99
20 99
29 77
0 59
58 21
23 82
41 89
21 99
29 73
65 82
95 18
27 31
62 85
27 2
0 27
11 29
90 82
89 99
20 51
27 23
71 74
0 95
0 11
0 73
73 51
0 3
51 99
82 99
7 99
71 8
80 99
7 14
43 97
61 99
86 69
7 43
8 99
68 81
34 42
41 79
0 7
45 18
5 99
86 14
73 47
39 81
0 37
79 69
71 43
19 69
88 99
76 92
19 74
38 92
0 18
31 18
72 33
19 10
22 99
41 70
0 71
0 76
80 17
72 91
0 72
19 42
69 99
0 88
42 99
44 99
91 99
32 99
18 99
38 13
77 45
33 26
