75
86
57
69
28
9
60
56
95
20
54
17
32
24
80
49
74
82
63
78
73
75
92
36
64
55
59
66
50
31
51
71
90
13
81
45
35
94
91
62
42
89
14
83
52
85
67
61
76
16
87
84
38
44
5
93
8
98
12
2
7
46
48
10
58
19
40
79
22
3
15
88
77
34
39
25
178
3 93
12 26
96 99
34 27
46 10
26 10
41 30
11 88
15 58
46 2
27 7
79 4
11 46
79 19
79 8
19 97
19 46
1 97
33 53
23 26
70 29
48 99
6 26
46 21
77 46
77 7
7 99
30 48
2 10
10 58
58 99
23 2
37 12
12 11
98 6
3 98
12 43
8 1
72 8
97 2
29 19
41 93
93 46
40 5
12 40
5 2
44 6
70 44
22 79
3 22
0 3
38 21
44 38
84 77
12 84
93 27
11 15
88 77
43 87
87 58
37 16
16 7
76 21
43 76
61 10
41 61
76 46
72 34
44 67
67 10
30 85
85 10
41 52
52 99
98 39
39 96
22 83
83 48
44 14
14 58
12 89
89 7
22 42
42 58
62 15
46 62
91 39
26 91
3 94
94 58
35 48
70 35
25 45
94 25
45 39
81 7
3 81
13 34
16 13
93 65
90 48
37 90
71 39
93 71
37 51
51 58
31 34
51 43
87 31
50 96
10 50
3 66
66 46
76 59
59 99
55 4
79 59
51 55
55 15
15 64
64 99
3 36
36 83
83 77
77 59
92 96
0 92
75 11
0 75
73 19
0 73
78 50
73 21
21 78
48 63
21 83
63 96
82 78
0 82
84 74
97 84
74 99
82 85
49 96
85 49
37 80
80 78
24 97
37 24
97 32
32 96
55 17
17 63
37 54
54 63
23 63
19 20
20 23
95 5
5 74
0 95
56 99
0 56
60 50
0 60
9 56
37 9
60 28
28 97
53 83
69 53
77 9
0 69
57 19
0 57
72 74
86 72
0 86
