5
70
32
12
72
16
97
33 99
56 99
0 29
14 22
26 94
26 99
0 14
93 79
26 50
83 10
35 80
11 69
26 86
0 26
93 40
41 99
37 47
8 99
90 99
29 33
93 14
0 93
0 66
53 81
0 36
0 61
86 99
9 99
0 53
0 17
68 1
68 50
0 13
0 60
18 68
18 5
7 48
39 27
18 98
18 58
18 38
95 1
40 64
10 47
48 49
88 23
0 84
37 63
95 47
80 99
44 37
0 18
62 78
10 74
31 3
0 57
0 48
95 41
47 99
0 46
95 62
0 76
14 54
45 74
9 46
61 45
9 81
69 99
0 99
0 95
30 94
87 4
9 53
0 9
3 84
0 20
0 91
0 3
54 99
15 99
80 22
0 59
55 59
55 10
0 47
3 29
0 86
22 99
64 99
33 66
2 74
74 99
0 24
13 99
15 21
80 36
36 23
