5
65
91
40
57
19
100
0 10
0 4
0 69
0 84
0 95
0 20
0 45
0 79
0 46
0 17
0 75
0 23
0 28
0 51
0 71
0 16
0 6
0 82
0 68
0 15
47 30
47 36
47 28
47 88
47 63
47 48
47 82
47 1
47 72
47 62
47 56
47 16
47 2
47 27
47 97
47 80
47 69
47 78
47 38
47 6
47 53
47 58
47 17
47 51
47 4
47 8
47 7
73 86
73 70
73 71
73 75
73 48
73 69
73 63
73 56
73 74
73 17
73 46
73 29
73 24
73 53
73 1
73 25
73 20
73 84
73 64
10 87
10 44
10 14
10 4
10 21
10 53
10 20
10 72
10 55
10 92
10 3
10 93
10 27
10 2
10 38
10 96
10 95
10 69
10 39
10 17
10 76
10 29
10 80
10 46
10 49
10 85
10 82
10 36
45 26
45 97
45 90
45 14
45 7
45 63
