5
82
9
21
66
37
100
46 99
0 33
59 99
12 42
15 64
67 99
0 97
92 57
12 46
22 62
57 33
53 77
50 56
14 61
52 49
36 76
0 12
81 87
3 5
32 76
76 64
39 19
47 17
59 35
90 79
72 69
83 2
84 79
75 2
71 43
69 58
16 19
53 81
89 33
79 38
62 60
11 95
53 72
95 2
71 63
90 3
81 51
90 32
58 2
65 7
65 93
22 68
5 36
15 50
34 24
18 50
97 83
30 17
8 83
92 56
83 24
43 40
1 43
95 49
26 44
91 93
52 41
1 7
16 94
58 38
63 31
92 73
52 27
18 23
47 84
1 92
55 26
65 1
40 87
35 98
31 94
78 34
23 43
95 41
18 86
39 45
24 17
25 57
67 68
98 41
27 13
47 25
54 87
88 72
13 3
39 47
6 98
46 11
22 67
45 35
55 84
55 48
32 10
75 45
85 68
