64
3
6
14
8
17
16
7
5
18
19
2
12
15
21
9
4
13
10
33
40
57
24
73
23
28
86
31
27
1
29
71
35
43
61
37
39
63
26
69
77
48
42
95
79
96
11
30
92
41
89
97
98
60
56
54
90
65
62
87
94
25
46
93
38
133
94 32
0 45
0 22
0 69
73 56
87 60
0 26
0 25
34 56
62 71
65 34
42 34
54 34
67 85
66 48
36 49
41 90
66 36
50 96
79 42
42 95
95 76
68 79
48 34
36 48
77 96
50 77
11 44
20 11
96 22
69 22
49 69
0 72
26 30
92 26
0 41
63 48
0 63
11 39
39 34
92 37
72 92
37 77
84 61
61 89
89 22
0 67
43 34
63 43
97 69
35 68
41 35
68 97
71 96
0 98
98 71
0 29
29 25
1 60
60 56
35 95
56 22
42 1
66 27
27 22
90 54
0 31
31 25
86 22
29 86
28 29
0 28
0 23
23 43
0 65
28 62
41 73
73 89
0 24
24 86
57 86
24 57
87 40
24 87
40 56
23 33
33 22
10 97
0 10
26 57
13 34
0 13
10 4
4 54
0 9
9 32
21 99
0 21
25 94
49 21
45 15
15 49
12 25
26 12
46 2
0 46
2 94
26 19
19 68
19 18
18 32
5 93
93 21
45 5
7 21
19 7
30 27
27 38
19 30
16 99
38 16
0 17
17 99
81 16
19 8
8 81
0 14
14 94
0 6
6 23
23 8
15 3
3 99
