68
65
62
3
17
24
25
34
53
41
33
55
35
13
32
19
78
20
10
51
47
26
1
29
14
72
21
28
37
61
64
44
68
8
59
39
43
22
27
63
74
2
23
66
69
60
30
56
50
71
11
4
75
40
7
77
52
73
16
36
76
15
57
46
9
42
58
12
31
148
4 79
57 58
77 11
46 7
18 16
67 5
15 57
76 5
67 42
36 67
0 36
16 5
67 16
73 42
0 73
42 76
0 15
31 16
57 31
57 70
73 52
52 79
73 77
77 6
7 79
36 7
40 16
73 40
18 7
77 46
75 46
31 75
4 54
9 4
38 11
11 79
36 71
71 79
50 16
9 50
0 9
42 71
56 42
73 56
57 30
30 79
60 58
58 11
0 60
0 69
69 54
66 79
0 66
23 12
12 4
69 23
2 7
11 2
46 4
57 74
74 12
63 30
30 45
58 63
45 4
27 79
0 27
11 22
22 46
43 30
0 43
39 76
9 39
76 4
59 46
15 59
60 8
8 79
68 4
77 68
44 4
0 44
64 30
0 64
61 12
15 61
37 4
0 37
28 79
61 22
11 70
70 28
21 12
58 21
72 12
0 72
14 79
0 14
64 29
29 11
72 1
1 4
26 68
0 26
57 47
47 4
51 58
0 51
51 10
10 68
0 20
20 14
10 78
20 69
78 11
31 51
69 31
19 18
20 19
32 4
69 32
13 21
0 13
35 12
0 35
18 55
55 28
69 33
33 70
31 41
41 14
53 70
20 53
34 79
35 34
25 4
60 25
24 79
11 24
13 11
17 32
69 17
69 3
3 4
62 11
13 62
65 79
20 65
