97
84
94
25
83
40
66
22
13
3
29
24
28
70
89
96
46
76
16
31
2
6
82
21
68
64
60
18
91
53
15
88
78
41
61
93
98
1
27
74
59
39
92
5
30
55
47
79
86
87
23
51
85
20
69
36
11
45
63
57
75
26
4
38
42
43
7
32
72
19
73
81
50
10
77
71
65
58
56
35
9
12
62
97
44
80
52
14
48
90
67
34
54
8
37
33
17
95
217
0 99
37 49
0 95
95 99
0 17
17 99
33 99
0 33
0 37
37 99
8 99
0 8
0 54
54 99
0 34
34 99
0 67
67 99
0 90
90 99
48 90
0 48
0 14
14 99
52 37
37 90
0 52
0 80
80 99
0 44
44 99
0 97
97 99
97 62
62 99
97 12
12 99
9 12
0 9
0 35
35 99
56 12
0 56
9 58
58 99
90 56
0 65
65 90
12 71
71 99
0 77
77 99
0 10
10 99
50 99
65 50
10 81
81 99
48 9
65 48
9 73
73 99
65 19
19 99
90 72
72 99
90 32
32 50
77 49
49 7
7 99
43 72
0 43
42 73
9 42
9 38
38 7
90 4
4 99
90 14
14 26
26 99
75 7
10 75
62 57
57 99
65 62
63 33
48 63
33 57
45 7
65 45
11 38
48 11
65 36
36 99
69 4
0 69
77 20
20 57
85 57
0 85
51 26
0 51
23 57
0 23
77 87
87 57
23 86
86 99
79 57
65 79
23 11
11 47
47 99
45 55
55 99
0 30
30 99
5 55
69 5
30 69
62 92
30 62
92 55
65 39
39 99
65 59
59 99
74 57
0 74
27 74
0 27
30 1
1 5
65 98
98 59
93 99
0 93
0 61
61 93
7 93
61 41
41 75
0 78
78 99
0 88
88 7
77 93
61 15
15 77
78 53
53 93
65 91
91 87
18 87
78 18
78 60
60 93
64 90
90 47
0 64
47 87
0 68
68 11
11 93
65 21
21 87
0 82
82 87
64 6
6 21
2 7
0 2
31 2
0 31
16 87
63 16
68 63
0 76
76 17
17 93
46 78
0 46
46 23
96 17
38 96
68 89
89 87
89 70
70 7
38 28
28 99
24 77
70 24
88 29
29 93
89 88
78 3
3 93
13 49
49 29
0 13
11 22
22 93
66 13
46 66
46 40
40 99
0 83
83 11
25 99
23 25
94 99
0 94
83 84
84 99
