5
35
22
17
38
49
100
0 59
0 26
40 10
40 54
15 20
8 51
0 40
25 32
29 10
29 58
23 1
29 36
56 16
25 56
57 5
44 57
33 20
44 23
25 11
44 54
37 30
56 43
37 7
16 57
56 2
25 29
37 24
34 52
56 18
30 10
44 37
21 52
47 6
5 45
51 26
31 45
58 42
46 41
56 54
14 6
33 13
33 58
33 1
23 31
54 47
43 10
58 36
52 59
7 10
33 5
7 28
45 36
54 23
19 58
10 59
48 42
26 20
34 45
32 41
32 19
13 31
50 53
7 8
53 57
34 16
27 41
57 36
11 45
50 21
55 9
45 21
19 48
18 6
8 43
45 52
30 2
52 36
42 36
5 13
13 43
11 47
47 5
23 41
24 41
16 55
16 23
48 43
31 57
16 15
58 57
13 28
15 23
24 28
15 8
15 58
58 23
2 23
12 58
2 40
30 49
