5
57
36
32
8
41
100
0 80
0 17
0 19
0 70
0 34
0 40
0 20
0 63
0 37
0 73
0 88
0 49
0 46
0 89
0 72
0 65
0 9
0 56
0 4
0 47
0 31
0 11
0 90
0 2
0 27
0 91
0 13
0 54
0 62
0 22
0 42
0 85
0 50
0 35
0 79
0 71
0 23
0 44
0 81
0 48
0 86
0 28
0 69
0 67
0 76
0 84
0 5
0 53
0 87
0 45
0 38
0 55
0 12
0 43
0 75
0 61
0 26
0 39
0 3
0 60
0 21
0 83
0 18
0 66
0 33
0 77
0 59
0 68
0 25
0 24
0 52
0 51
0 14
0 1
0 15
0 74
0 78
0 7
0 16
0 29
0 10
0 64
0 6
0 30
0 82
58 25
58 3
58 13
58 71
58 11
58 54
58 52
58 49
58 78
58 15
58 14
58 44
58 88
58 87
58 45
