96
1
3
4
6
8
9
10
11
15
17
18
19
20
21
22
23
26
27
30
31
32
34
35
37
39
40
42
44
45
46
47
49
50
51
52
55
56
60
61
62
63
64
66
68
70
71
73
75
76
78
80
81
82
83
84
85
86
87
89
90
91
92
93
94
95
97
98
24
25
38
48
2
5
7
14
12
13
28
16
53
29
33
36
41
43
59
65
69
88
96
54
57
79
77
72
67
195
0 99
58 99
67 99
72 99
77 99
79 99
0 74
0 57
57 99
0 54
54 99
0 79
0 77
0 72
0 67
0 96
96 58
0 88
88 58
0 69
69 58
0 65
65 58
0 59
59 58
0 43
43 58
0 41
41 58
0 36
36 58
0 33
33 58
0 29
29 58
29 53
53 99
29 16
16 99
0 28
28 16
0 13
13 16
0 12
12 16
12 14
14 99
0 7
7 14
0 5
5 14
0 2
2 53
2 48
48 99
2 38
38 99
2 25
25 99
2 24
24 99
0 98
98 99
0 97
97 99
0 95
95 99
0 94
94 99
0 93
93 99
0 92
92 99
0 91
91 99
0 90
90 99
0 89
89 99
0 87
87 99
0 86
86 99
0 85
85 99
0 84
84 99
0 83
83 99
0 82
82 99
0 81
81 99
0 80
80 99
0 78
78 99
0 76
76 99
0 75
75 99
0 73
73 99
0 71
71 99
0 70
70 99
0 68
68 99
0 66
66 99
0 64
64 99
0 63
63 99
0 62
62 99
0 61
61 99
0 60
60 99
0 56
56 99
0 55
55 99
0 52
52 99
0 51
51 99
0 50
50 99
0 49
49 99
0 47
47 99
0 46
46 99
0 45
45 99
0 44
44 99
0 42
42 99
0 40
40 99
0 39
39 99
0 37
37 99
0 35
35 99
0 34
34 99
0 32
32 99
0 31
31 99
0 30
30 99
0 27
27 99
0 26
26 99
0 23
23 99
0 22
22 99
0 21
21 99
0 20
20 99
0 19
19 99
0 18
18 99
0 17
17 99
0 15
15 99
0 11
11 99
0 10
10 99
0 9
9 99
0 8
8 99
0 6
6 99
0 4
4 99
0 3
3 99
0 1
1 99
