70
60
33
95
80
8
50
94
9
81
7
97
29
27
10
5
6
19
44
3
41
88
21
75
71
24
82
57
36
54
46
72
16
66
18
64
65
12
30
63
40
31
48
70
74
35
89
45
43
17
26
69
52
90
13
61
20
32
2
51
68
28
49
53
91
84
34
67
39
98
62
167
22 79
86 53
2 67
42 68
25 4
42 92
28 67
85 93
85 56
38 1
55 15
37 11
4 58
87 58
0 77
49 77
49 73
0 73
49 78
85 83
83 93
56 93
92 68
68 51
51 86
2 28
86 2
28 83
0 49
86 32
32 53
53 91
91 99
91 20
20 99
61 93
85 61
13 11
47 13
13 37
15 13
90 13
76 90
52 1
13 52
90 69
69 13
55 26
26 34
17 84
76 17
84 34
34 25
67 39
39 99
43 67
83 43
45 93
96 45
89 83
96 89
89 35
35 67
51 23
23 32
74 68
42 74
17 70
70 34
48 84
76 48
17 31
31 34
98 22
78 40
40 98
0 63
63 98
30 98
0 30
12 67
51 12
65 28
51 65
42 64
64 23
4 18
18 32
76 66
66 87
63 76
16 4
48 16
72 79
98 72
46 99
91 46
98 54
54 23
36 92
0 36
68 64
64 57
57 53
18 82
82 91
24 4
48 24
76 71
71 87
0 75
75 96
21 98
79 57
0 21
42 88
88 57
62 99
2 41
65 2
41 62
36 3
3 68
44 58
98 44
67 41
19 67
23 19
19 28
6 99
28 6
18 38
5 99
11 5
10 37
34 10
37 5
27 34
17 27
59 19
29 59
96 29
4 97
97 11
7 19
51 7
58 81
81 53
9 58
21 9
53 94
94 46
81 1
50 20
1 50
21 8
8 44
22 80
32 94
80 32
63 95
95 91
0 33
33 77
77 95
60 32
58 60
