5
21
9
31
72
58
100
0 36
0 68
0 91
38 96
27 62
24 66
3 64
37 79
91 51
30 25
46 62
37 65
5 65
0 27
16 54
0 84
0 13
17 96
0 4
23 48
66 96
23 52
47 18
36 73
14 65
43 54
37 28
23 14
0 37
15 52
85 75
71 73
65 96
0 23
76 70
79 28
69 96
18 96
78 26
69 11
66 62
86 28
0 76
77 14
29 85
88 28
75 28
14 43
28 96
34 85
30 27
57 92
50 96
85 96
0 69
57 93
19 96
79 70
6 96
77 5
0 79
84 96
11 96
67 56
60 8
24 96
65 54
54 96
8 96
3 96
30 35
0 57
87 25
49 96
41 55
67 30
87 46
87 96
55 35
94 30
80 53
44 46
80 47
70 35
14 7
34 29
35 96
0 44
81 96
59 39
47 96
46 96
94 89
84 91
95 60
91 16
80 96
89 57
57 96
94 81
