5
21
8
10
26
79
99
2 98
49 24
71 98
47 98
0 49
77 22
96 60
0 88
69 9
67 60
3 98
29 98
22 98
97 98
78 66
23 12
66 60
81 98
0 18
61 12
47 60
59 98
60 98
0 6
0 57
69 75
88 80
12 98
73 92
0 29
39 98
38 92
17 98
51 23
0 69
0 14
89 23
0 72
46 72
25 57
46 74
0 27
61 62
82 98
23 57
53 98
38 14
0 75
89 84
7 33
3 57
56 95
74 32
74 62
86 11
89 75
92 98
70 57
91 84
0 91
0 68
84 63
4 57
52 31
31 98
50 63
63 98
61 85
4 98
15 57
45 98
44 17
86 17
57 98
95 11
70 50
0 13
18 11
19 98
61 76
13 98
86 42
81 7
44 31
9 54
28 11
52 36
70 7
70 52
54 98
56 44
70 58
0 70
4 1
36 98
56 37
48 14
83 19
0 4
