5
25
2
73
94
89
100
55 10
30 96
5 92
30 92
10 96
92 96
55 27
83 96
49 61
0 59
5 39
26 74
55 37
46 71
53 59
5 82
15 33
36 59
0 36
29 76
78 77
22 45
90 77
43 53
42 59
82 59
80 68
29 84
35 81
41 45
80 61
49 30
42 14
22 77
43 75
35 62
42 8
10 33
22 33
22 21
22 59
50 30
69 14
80 86
10 47
71 51
55 54
90 76
43 50
29 87
74 61
68 62
57 62
49 29
6 34
69 27
69 71
33 45
58 68
58 20
55 76
14 62
17 26
0 43
9 61
78 61
4 62
60 47
8 47
45 96
5 69
38 76
24 59
62 96
49 11
0 49
32 61
83 27
60 53
38 40
18 40
5 90
31 61
41 17
91 88
26 88
84 47
46 36
38 26
84 79
71 81
83 10
88 27
47 81
5 14
14 40
0 5
40 96
81 96
0 47
