97
9
86
82
15
80
20
96
14
36
57
25
5
7
70
64
4
76
29
43
21
71
23
18
85
39
63
13
37
42
69
89
79
61
35
27
16
40
6
33
94
41
65
93
58
83
53
59
98
50
2
56
31
49
68
3
62
60
52
92
67
88
78
55
24
72
12
73
74
22
28
8
34
46
44
75
81
11
47
84
10
26
54
66
32
95
97
90
51
38
30
17
1
48
87
19
91
45
218
0 99
77 91
0 45
45 99
91 99
0 91
19 99
0 19
87 99
0 87
48 99
0 48
1 99
0 1
17 99
0 17
30 48
0 30
38 99
0 38
51 99
0 51
90 48
0 90
91 97
97 1
90 91
95 99
0 95
90 32
32 99
1 66
66 99
54 99
0 54
26 54
91 26
10 54
0 10
30 84
84 32
47 54
0 47
11 99
0 11
81 99
0 81
75 11
0 75
90 44
44 17
17 11
46 1
0 46
34 99
0 34
8 34
0 8
28 34
0 28
22 99
0 22
30 22
74 30
0 74
73 22
0 73
12 22
0 12
72 73
0 72
24 73
0 24
55 22
0 55
78 54
0 78
91 22
78 88
88 34
34 90
67 90
0 67
92 99
0 92
52 73
24 52
60 99
0 60
67 62
62 22
19 3
92 19
3 99
68 55
0 68
49 72
72 3
0 49
31 30
0 31
56 22
92 56
2 55
0 2
50 97
0 50
98 56
0 98
31 59
59 62
53 99
0 53
83 48
48 1
0 83
58 91
0 58
93 99
0 93
65 50
0 65
41 97
31 41
65 66
66 94
94 91
33 11
11 56
0 33
6 22
58 6
40 6
58 40
16 68
0 16
27 84
0 27
35 91
0 35
58 61
61 99
79 99
0 79
89 32
12 56
32 12
0 89
0 69
69 93
42 91
0 42
37 68
0 37
69 13
13 67
63 68
69 63
0 39
39 3
58 85
85 22
39 58
18 2
0 18
23 73
73 6
0 23
71 79
0 71
71 21
21 99
43 21
0 43
0 29
29 22
76 99
71 60
60 53
53 76
29 21
21 4
4 76
22 64
64 99
61 70
18 61
70 76
65 61
7 65
12 7
29 12
5 97
41 70
39 5
39 75
75 25
25 99
57 92
39 57
36 25
91 36
14 36
0 14
96 41
39 96
20 36
39 20
79 80
80 99
15 25
39 15
21 82
82 76
29 86
86 99
39 9
9 41
