5
44
54
1
32
73
100
2 15
76 78
39 20
45 38
0 21
48 50
47 67
76 77
61 67
14 21
76 6
15 79
36 11
64 79
14 36
76 30
0 76
47 38
25 67
47 60
40 69
26 67
40 13
61 31
25 78
25 49
28 79
45 24
67 79
16 58
14 45
69 8
0 59
0 14
2 13
70 13
27 13
34 48
34 13
39 48
56 5
61 43
16 45
2 5
39 58
12 48
0 16
17 4
15 20
61 55
0 61
7 5
0 40
11 50
77 29
60 38
43 47
17 20
19 38
52 58
17 72
58 79
2 21
11 26
11 2
65 55
77 12
18 13
60 56
11 29
75 5
34 31
19 71
0 17
34 74
68 26
68 12
33 2
33 29
15 43
22 24
33 46
55 5
28 50
70 34
64 2
64 20
64 28
31 62
55 26
8 79
39 10
3 57
33 25
68 19
15 68
0 15
19 59
59 79
18 2
