5
49
2
23
53
37
100
0 5
0 13
0 19
0 14
0 35
0 87
0 36
0 11
0 33
0 69
0 68
0 74
0 52
0 51
0 71
0 67
0 44
0 59
0 39
0 90
0 93
0 8
0 42
0 82
0 40
0 24
0 1
0 48
0 17
0 58
0 15
0 86
0 56
0 18
0 75
0 41
0 57
0 30
0 32
0 64
0 81
0 16
0 9
0 83
0 60
0 66
0 22
0 72
0 63
0 76
0 50
0 91
0 54
0 25
0 27
0 12
0 78
0 21
0 7
0 6
0 20
0 3
0 79
0 77
0 28
0 70
0 80
0 89
0 88
0 47
0 73
0 4
0 85
0 61
0 34
0 92
0 62
0 26
0 84
0 29
0 43
0 31
0 10
0 38
0 45
0 65
0 46
55 87
55 44
55 20
55 6
55 81
55 32
55 72
55 24
55 86
55 13
55 79
55 9
55 83
