34
24
22
54
55
91
96
33
48
40
42
39
46
28
52
77
81
88
67
87
51
41
32
45
47
69
95
93
59
26
23
53
44
27
11
87
0 11
44 49
52 53
72 73
54 56
26 30
0 1
79 78
71 70
69 70
77 78
97 98
97 96
92 93
69 68
50 51
31 35
76 83
87 88
66 80
82 83
85 78
2 30
2 9
2 7
3 6
72 70
76 75
67 75
67 66
68 65
76 67
67 64
88 89
82 88
80 81
81 86
86 87
77 85
76 77
52 51
50 52
51 61
28 36
31 28
41 46
46 58
30 32
32 41
37 39
39 45
45 61
42 47
47 58
32 42
40 52
36 40
47 69
48 47
35 48
30 33
33 42
95 96
96 98
94 95
93 95
91 93
90 91
48 59
59 71
55 56
45 55
40 45
74 79
45 54
54 63
10 26
23 28
10 22
22 23
23 24
24 36
53 61
35 44
27 31
22 27
11 22
