5
25
30
2
57
48
100
0 31
0 51
0 76
0 12
0 92
0 84
0 4
0 90
0 53
0 78
0 52
0 80
0 41
0 49
0 45
0 13
0 1
0 59
0 21
0 18
0 11
0 23
0 82
0 15
0 79
0 67
0 37
0 8
0 69
0 3
0 10
0 38
0 28
0 17
0 7
6 43
6 78
6 14
6 28
6 82
6 50
6 63
6 80
6 7
6 56
6 72
6 86
6 13
6 52
6 67
6 19
6 89
6 69
6 9
6 10
6 77
6 65
6 51
6 58
6 18
6 49
6 1
6 68
6 39
6 54
6 40
6 61
6 29
6 8
6 53
6 24
38 87
38 7
38 28
38 74
38 8
38 50
38 43
38 29
38 68
38 49
38 4
38 1
38 21
38 72
38 69
38 81
38 13
38 46
38 18
38 32
38 56
38 19
38 24
38 22
38 16
38 63
38 88
38 52
38 33
