5
37
19
17
31
11
99
66 3
3 97
4 68
68 97
0 16
36 61
20 76
30 97
0 25
0 42
81 97
26 80
64 97
0 14
92 97
63 97
0 52
52 97
38 66
75 28
12 97
33 57
0 28
21 66
79 97
55 97
0 8
56 80
30 49
44 50
10 49
73 8
0 45
8 80
49 97
41 5
5 97
0 38
57 83
0 87
65 71
70 97
10 97
92 42
95 39
93 79
42 80
10 33
75 33
75 73
54 80
0 54
80 97
14 97
83 97
51 47
64 84
84 97
41 69
51 65
39 97
51 15
56 97
53 97
47 97
41 65
78 16
16 97
59 44
48 97
0 59
0 10
12 3
0 75
49 60
51 26
0 64
57 8
22 35
43 68
0 51
69 86
3 71
39 71
50 29
7 65
0 27
9 77
7 60
26 44
22 74
73 29
0 93
29 71
53 71
0 20
20 77
30 62
95 70
