5
48
37
30
76
77
97
0 35
0 32
0 90
22 38
50 93
34 93
0 41
29 93
46 58
72 70
89 93
0 10
46 26
0 46
52 44
44 93
15 20
18 83
81 23
32 85
15 56
43 64
38 47
15 78
75 87
0 79
72 55
87 13
19 53
12 47
83 93
0 82
0 57
69 10
68 34
0 45
0 72
0 68
13 93
69 40
16 90
36 10
47 93
0 54
53 55
6 93
28 90
0 69
16 36
83 90
0 53
66 80
0 78
28 56
0 6
25 29
0 14
16 25
90 93
0 88
0 8
52 11
11 93
80 93
54 93
50 67
16 28
67 93
55 93
18 42
31 8
16 2
23 61
16 42
60 61
0 16
52 66
62 44
20 40
91 75
10 34
52 17
11 36
0 52
54 61
8 93
6 5
88 93
40 2
0 65
23 34
22 72
17 35
49 89
5 93
71 93
40 35
