42
84
78
41
64
46
73
27
60
57
33
23
32
25
63
10
83
66
53
17
45
50
14
40
79
61
6
36
1
65
74
26
49
30
16
24
12
54
28
87
68
9
59
92
30 69
14 12
88 46
0 62
68 16
18 28
10 63
70 26
53 12
55 13
66 30
74 6
48 87
45 34
6 11
72 35
44 79
29 11
58 14
7 47
55 50
69 24
20 17
7 45
61 71
11 61
19 53
53 69
45 69
17 45
66 75
70 66
50 62
67 83
83 86
20 10
10 55
14 40
40 72
58 63
63 42
43 25
25 72
79 61
36 6
25 36
32 71
53 32
23 1
20 23
1 61
9 33
25 9
33 85
57 85
52 57
65 32
72 65
38 74
60 26
49 1
18 60
30 33
16 32
60 17
26 27
27 32
30 24
12 89
26 49
73 71
49 73
63 73
17 46
54 89
46 54
88 64
64 61
28 48
87 49
60 68
62 64
0 41
41 39
41 40
41 9
59 78
78 54
41 38
38 59
84 12
0 84
