5
2
47
75
30
84
98
20 95
20 41
56 95
0 94
92 95
32 81
94 9
12 81
45 40
0 42
32 18
62 79
0 28
49 58
32 95
45 90
45 89
22 95
0 32
68 10
0 41
0 45
48 95
0 43
0 16
6 26
18 95
9 95
48 77
51 19
79 95
74 95
12 62
17 19
0 6
77 95
0 23
85 37
19 95
12 42
25 78
37 95
20 62
26 44
0 12
26 62
62 95
26 40
83 65
91 50
52 41
25 44
66 88
26 63
48 44
68 53
0 26
0 36
48 72
66 50
50 95
13 95
65 63
58 95
53 44
66 60
25 91
25 72
24 44
63 95
82 42
31 1
42 95
65 44
44 95
72 95
35 31
48 78
35 15
48 59
53 59
61 95
81 22
35 70
81 71
71 15
25 49
7 60
25 32
0 13
15 95
31 95
81 79
51 59
59 95
4 95
81 38
82 39
