5
54
5
15
16
57
100
54 98
0 98
0 56
59 10
25 33
0 42
25 98
0 37
2 36
0 67
10 9
0 66
0 25
9 36
3 98
61 98
22 98
51 75
36 98
71 42
42 98
17 9
71 41
0 9
1 56
0 59
8 73
83 53
61 9
47 23
8 41
0 41
72 41
49 9
0 86
17 48
0 26
0 81
9 98
13 35
66 98
1 49
23 98
41 98
0 17
65 14
24 98
0 97
87 58
58 37
37 98
0 60
50 98
61 92
60 98
49 17
21 98
22 62
62 98
0 39
80 35
0 10
92 17
35 17
22 17
51 88
4 43
0 1
72 13
14 17
47 14
0 13
3 17
88 17
13 17
22 44
19 17
84 19
70 6
65 27
31 23
4 93
0 71
44 17
13 6
38 30
87 30
84 24
22 79
0 52
0 72
91 50
60 81
52 13
43 17
37 91
0 4
96 63
6 17
73 24
