37
4
6
8
22
23
24
16
15
13
30
32
29
38
39
10
40
12
47
48
45
11
1
27
28
26
36
34
33
43
42
41
19
18
17
49
50
51
84
51 53
0 1
50 53
0 2
49 53
7 9
17 21
18 21
19 21
37 41
41 46
37 42
42 46
37 43
43 46
31 33
33 37
31 34
34 37
31 36
36 37
21 26
26 31
21 28
28 31
21 27
27 31
14 19
14 18
14 17
1 5
7 1
7 11
11 14
43 45
45 52
42 48
48 52
41 47
47 52
7 12
12 14
36 40
40 42
42 47
7 10
10 14
34 39
39 44
44 48
36 38
38 41
28 29
29 36
27 32
32 33
33 39
28 30
30 34
12 13
13 17
12 15
15 18
10 16
16 17
17 24
24 28
17 23
23 28
17 22
22 27
3 8
8 9
9 16
3 6
6 10
48 49
2 6
0 4
4 6
44 47
47 50
1 6
48 51
