94
77
27
89
39
14
4
53
20
2
70
57
61
25
16
12
33
44
58
84
60
9
75
19
43
81
36
41
95
29
1
24
37
15
34
6
3
69
74
55
94
28
64
67
22
90
72
76
47
88
91
86
30
51
92
35
48
7
73
71
46
5
21
62
10
78
85
31
32
38
82
17
93
42
23
49
18
56
68
79
8
54
63
87
26
83
45
80
50
13
66
11
40
65
52
211
0 96
0 52
52 96
65 96
0 65
40 96
0 40
11 96
0 11
0 66
66 96
0 13
13 96
0 50
50 96
50 59
59 80
80 96
0 45
45 96
0 83
83 96
26 80
0 26
87 83
0 87
63 80
0 63
0 54
54 96
0 8
8 96
8 79
79 96
0 68
68 96
63 56
56 96
0 18
18 96
49 68
0 49
0 23
23 96
0 42
42 96
18 93
93 96
18 17
17 96
0 82
82 96
0 38
38 17
50 52
82 50
32 23
52 32
82 31
31 96
85 68
0 85
78 23
50 78
10 78
38 10
62 23
0 62
68 21
21 56
85 5
5 96
85 8
8 46
46 96
38 71
71 96
0 73
73 96
8 7
7 96
0 48
48 96
35 7
0 35
8 49
49 92
92 96
62 51
51 96
0 30
30 96
38 86
86 96
91 92
0 91
88 92
38 88
71 47
47 96
0 76
76 96
72 86
85 72
0 90
90 96
82 22
22 30
0 67
67 96
90 40
40 64
64 96
0 28
28 92
0 94
94 96
55 42
42 40
0 55
71 88
88 74
83 64
74 83
94 71
94 69
69 96
62 3
94 62
3 64
0 6
6 69
94 34
34 96
6 15
15 96
94 37
37 96
6 92
11 80
92 11
80 24
24 96
85 1
1 96
92 29
29 96
0 95
95 96
15 41
41 29
0 36
36 37
34 81
81 96
88 35
35 43
43 96
6 19
19 35
75 85
94 75
9 43
88 9
60 43
34 60
6 84
84 43
71 58
58 96
62 44
44 58
6 48
40 33
48 42
33 96
6 12
12 35
16 71
92 16
6 25
25 71
61 24
34 61
88 57
57 96
15 70
32 58
70 32
2 61
6 2
94 18
18 20
20 96
6 38
38 53
53 96
68 4
51 53
84 68
4 51
14 38
0 14
0 39
39 33
89 96
6 89
0 27
27 96
92 77
77 96
