5
70
69
87
28
54
100
0 11
0 29
0 79
0 63
0 44
0 83
0 64
0 39
0 61
0 75
0 56
0 55
0 30
0 62
0 5
0 59
0 76
0 65
0 49
0 3
0 43
0 90
0 19
0 35
0 74
0 73
0 23
0 4
0 2
0 78
0 12
0 21
0 42
0 53
0 45
0 57
0 36
0 80
0 17
0 24
0 77
0 66
0 38
0 13
0 34
0 85
0 68
0 25
0 32
0 82
0 20
0 26
0 67
0 51
0 18
0 31
0 46
0 9
0 6
0 81
0 14
0 47
0 58
0 86
0 84
89 9
89 4
89 86
89 23
89 80
89 83
89 55
89 12
89 41
89 49
89 7
89 51
89 32
89 90
89 56
89 59
89 82
89 34
89 71
89 67
89 48
89 35
89 57
89 24
89 10
89 14
89 61
89 21
89 68
89 25
89 64
89 88
89 42
89 75
89 36
