5
60
89
55
50
75
100
14 99
49 99
11 99
26 64
44 99
90 84
31 25
26 49
0 14
0 68
24 54
0 41
0 26
0 31
0 4
0 70
29 22
54 85
0 5
46 74
87 18
7 99
6 61
45 30
13 73
30 84
15 38
46 70
0 45
0 13
0 7
35 99
4 99
93 99
86 99
38 51
48 64
46 91
0 63
94 99
0 87
20 92
72 86
23 83
46 78
79 70
16 80
67 77
77 99
73 9
9 99
80 99
49 33
30 72
2 87
2 29
42 99
48 96
73 21
82 34
70 99
0 46
85 4
0 48
39 28
34 87
56 26
97 69
0 39
78 92
0 85
28 41
87 99
92 99
0 80
19 64
22 16
88 99
80 78
0 19
97 59
73 53
0 97
56 24
31 99
64 99
85 10
42 74
53 74
48 23
79 32
17 29
78 99
26 14
74 99
59 99
73 6
0 56
67 99
72 38
