5
39
38
62
20
29
100
0 1
2 3
2 1
4 5
4 6
4 3
1 3
1 5
1 7
6 5
6 7
6 8
6 9
10 11
10 9
10 7
10 8
5 8
5 7
9 8
9 11
7 8
11 12
11 14
11 13
12 13
12 14
12 16
12 15
17 19
17 16
17 18
17 15
13 18
13 16
13 15
13 14
19 16
19 22
19 18
19 23
19 21
15 16
15 14
18 22
18 16
21 22
21 23
24 26
24 28
24 25
24 23
24 22
27 28
27 25
27 26
23 25
23 22
23 28
26 28
26 31
30 35
30 36
30 32
30 28
30 33
30 34
31 32
31 33
28 32
33 35
33 32
33 34
36 37
36 40
36 41
35 37
35 41
40 42
40 41
37 41
42 41
43 45
43 44
43 46
43 41
47 48
47 46
45 50
45 46
45 48
45 49
45 44
46 49
46 48
46 52
46 50
51 52
51 50
51 53
