5
24
51
16
21
68
100
80 6
90 23
36 61
0 26
52 97
61 97
1 49
84 5
28 69
7 49
75 41
15 85
35 49
5 50
14 85
5 77
74 40
41 85
19 50
5 85
73 43
92 22
7 70
28 67
84 23
10 71
84 35
10 67
3 85
2 49
39 50
73 2
7 80
5 60
61 29
86 45
85 97
6 50
10 58
6 60
22 50
8 57
78 45
56 45
90 30
7 64
61 41
14 70
45 76
76 97
7 91
44 49
33 49
20 86
79 42
1 84
89 15
56 2
42 91
60 97
83 47
20 95
1 74
25 69
50 97
28 83
29 49
7 74
94 40
71 38
75 47
53 12
62 47
46 70
3 91
29 69
77 97
40 53
73 27
3 67
96 2
5 90
52 8
57 43
81 37
3 66
85 48
78 39
23 70
62 2
0 1
82 43
94 17
28 61
56 33
7 56
33 69
69 97
0 7
39 49
