5
59
65
38
71
63
100
0 99
0 48
94 99
0 27
0 9
0 12
0 60
41 99
3 99
31 99
0 98
16 99
0 67
23 99
0 91
0 19
0 15
80 99
73 99
0 14
0 86
18 99
0 33
0 44
0 82
0 85
0 40
0 45
39 99
32 99
0 64
21 99
90 99
0 68
6 99
0 20
0 66
8 99
34 99
49 99
96 99
1 99
46 99
51 99
61 99
89 99
77 52
54 37
36 83
0 36
77 25
37 99
2 15
55 25
0 2
57 28
16 25
47 25
0 77
41 98
72 52
94 87
50 28
22 67
72 93
22 60
55 93
41 25
22 24
35 87
0 54
25 99
94 4
26 87
22 79
81 15
55 52
87 99
57 33
55 86
28 99
57 9
0 22
80 88
0 47
16 93
52 99
26 75
55 97
16 27
80 75
57 12
72 85
72 48
50 24
0 50
24 99
0 72
48 99
85 99
