5
53
83
30
62
5
85
0 99
40 41
38 39
40 42
83 85
35 37
36 37
45 47
12 14
0 2
96 98
37 39
7 9
73 75
22 24
64 66
56 57
1 3
94 96
59 61
14 16
19 21
80 82
80 81
94 93
27 29
74 76
35 36
92 94
43 45
71 72
48 50
77 79
46 47
8 10
13 15
75 76
20 22
9 11
15 17
95 97
88 90
88 89
18 20
18 19
26 28
12 13
6 8
32 34
2 4
31 33
77 78
63 65
68 70
85 87
41 43
72 74
71 73
50 52
23 25
24 26
56 58
59 60
78 79
86 87
44 46
49 51
16 17
69 70
67 69
21 23
65 66
25 27
91 93
42 44
84 86
57 58
91 92
89 90
10 11
54 55
67 68
48 49
33 34
4 5
