50
25
4
2
7
19
16
23
36
3
18
17
24
48
27
24
17
26
24
26
27
44
27
27
3
27
21
24
36
43
36
23
17
23
17
21
17
24
18
17
18
17
24
17
40
17
18
17
17
24
17
106
20 40
6 8
24 17
0 1
17 52
43 11
5 11
21 10
9 10
15 26
11 26
9 28
5 27
22 8
27 6
14 48
48 10
5 24
24 8
17 13
5 24
24 8
28 17
17 13
28 17
5 24
24 11
26 10
5 27
27 6
26 10
6 18
5 27
18 44
9 10
27 6
5 27
3 30
9 10
27 3
5 27
3 21
27 3
36 13
11 36
5 24
24 11
36 13
11 36
0 23
9 10
23 9
9 43
36 13
11 36
0 23
23 9
10 17
0 23
9 10
23 9
21 10
17 52
10 17
20 21
0 1
17 52
22 8
8 24
6 16
0 1
20 18
18 6
17 52
16 10
10 17
24 17
0 1
20 18
18 6
17 52
8 24
17 52
19 17
0 19
40 10
0 1
17 52
10 17
14 7
18 14
0 1
20 18
7 17
17 52
24 17
2 24
0 1
1 2
17 52
4 17
17 52
0 4
1 25
25 13
0 1
