5
43
90
29
18
59
100
0 7
25 82
69 30
79 41
0 56
17 41
1 97
7 97
82 97
61 2
17 83
23 88
38 78
0 79
17 23
17 13
85 84
0 68
71 35
51 97
17 54
88 97
12 40
93 37
31 97
0 38
69 58
40 97
85 14
8 87
0 17
74 62
0 27
66 42
74 58
28 3
0 5
23 87
34 60
92 3
0 62
3 97
0 92
74 86
87 42
13 48
67 60
0 46
23 32
0 74
0 36
48 97
58 48
42 97
25 40
0 89
13 40
21 97
23 7
73 70
33 48
0 13
24 97
16 53
0 31
40 48
94 26
36 75
0 16
75 76
0 24
96 3
0 96
69 93
51 76
60 76
0 91
60 9
0 69
10 97
66 5
0 94
88 65
87 48
9 48
0 19
68 76
93 14
0 26
41 44
70 33
41 25
27 21
0 93
48 97
0 53
95 61
65 76
0 95
11 13
