5
20
39
9
28
59
100
19 99
35 61
0 65
88 61
18 32
69 50
73 13
18 93
61 13
78 51
13 62
2 44
72 62
95 88
18 95
21 49
72 61
60 76
19 53
2 30
71 22
52 60
18 52
33 99
56 34
2 93
62 99
41 5
73 5
22 40
19 35
77 81
41 71
87 93
97 41
15 49
14 15
97 16
65 49
87 45
6 91
81 90
90 35
49 35
77 37
24 91
91 35
97 14
42 30
76 43
95 30
4 74
43 30
77 16
3 96
3 72
38 41
71 42
12 21
63 40
73 41
6 3
78 41
56 4
78 82
16 41
6 56
11 8
78 70
63 90
77 29
47 8
63 95
36 29
47 70
87 8
14 8
6 77
78 84
88 66
36 17
65 93
66 8
64 3
6 65
44 34
63 64
37 69
34 69
50 75
63 22
86 69
71 86
98 3
71 52
60 85
94 51
71 67
56 76
91 62
