5
90
31
35
45
57
100
0 21
0 93
0 52
0 79
0 69
0 7
0 87
0 32
0 86
0 61
0 24
0 23
0 54
0 19
0 14
0 71
0 84
0 99
0 59
0 88
0 20
0 22
0 4
0 77
0 25
0 72
0 91
0 58
0 37
0 30
0 47
0 17
0 98
0 33
0 3
0 65
0 49
0 67
0 34
0 12
0 39
0 50
0 83
0 27
0 81
0 97
0 64
0 26
0 70
0 92
0 60
0 74
0 38
0 2
0 55
0 68
0 40
0 89
0 11
0 18
0 46
0 94
0 80
0 13
0 16
0 8
0 36
0 41
15 79
15 54
15 53
15 2
15 47
15 55
15 26
15 38
15 94
15 59
15 91
15 88
15 81
15 22
15 16
15 41
15 44
15 20
15 56
15 17
15 67
15 51
15 39
15 37
15 83
15 86
15 95
15 14
15 23
15 60
15 92
15 46
