60
81
79
37
35
36
28
26
89
16
59
93
90
67
83
94
91
80
71
76
74
31
30
96
98
95
70
38
88
85
29
32
66
78
75
41
65
61
60
18
17
25
39
40
24
87
44
45
1
46
2
47
3
4
23
55
56
54
12
13
11
127
0 11
43 54
21 23
0 1
43 44
76 69
71 73
84 87
24 27
34 40
34 39
93 96
91 96
83 84
73 78
66 82
90 97
94 95
21 25
7 3
50 46
68 66
65 71
69 80
70 73
41 43
94 98
68 75
68 82
27 32
27 29
84 85
88 92
38 43
68 69
68 70
92 95
92 98
96 99
82 77
92 96
98 99
95 99
70 82
34 38
84 88
85 92
29 34
32 34
30 34
27 30
31 34
27 31
70 74
74 84
78 84
76 66
66 78
68 76
70 71
71 84
70 80
80 84
86 91
91 97
85 94
94 96
75 80
34 41
80 83
83 78
73 83
75 65
82 67
67 78
85 90
90 98
85 93
93 95
43 59
59 60
60 61
61 64
0 16
16 17
17 18
18 21
25 27
88 89
93 88
89 96
26 32
25 26
25 28
28 33
90 86
39 43
40 43
21 24
87 93
82 65
44 45
45 46
1 2
2 3
46 47
47 64
3 4
4 21
23 28
54 55
55 56
56 57
11 12
12 13
13 14
28 29
36 41
29 36
35 40
29 35
33 37
37 41
79 83
67 79
81 83
67 81
