5
86
87
88
89
90
100
0 99
81 99
0 82
0 83
0 84
85 99
71 99
0 72
0 73
0 74
0 75
0 76
77 72
0 77
72 99
0 78
79 73
79 74
74 99
0 79
0 80
0 81
85 1
82 99
0 85
71 36
0 71
32 83
84 99
0 34
38 73
38 75
0 11
83 99
47 73
75 99
56 73
73 99
0 35
50 99
20 99
0 10
43 99
8 99
0 32
0 67
0 47
0 38
58 99
22 99
0 56
0 65
6 99
0 16
66 99
0 66
0 1
14 99
46 99
0 19
0 31
0 37
0 42
26 99
0 69
17 99
0 45
15 99
0 7
0 18
0 30
41 99
36 99
70 99
55 99
0 29
2 99
0 57
0 60
0 49
0 12
59 99
51 99
0 53
0 9
0 17
0 62
0 33
0 36
48 99
0 4
0 39
0 54
14 37
0 43
0 27
14 31
50 37
0 24
50 31
