5
8
51
61
62
37
100
0 78
92 47
22 99
1 98
47 99
0 44
21 87
71 99
69 48
74 57
0 79
97 6
0 28
48 99
0 49
0 39
6 99
0 87
90 81
90 27
80 96
90 24
57 99
90 9
90 80
0 99
82 89
71 76
0 12
0 90
50 13
63 94
50 32
75 39
0 50
54 25
0 63
81 9
0 81
67 25
25 87
92 44
0 71
59 58
66 64
9 99
42 96
86 3
0 59
87 99
3 99
55 72
66 99
35 89
89 99
86 45
55 54
16 99
70 88
88 99
42 93
26 99
0 86
75 99
60 1
79 67
0 42
58 67
0 38
66 4
0 17
28 1
98 40
66 28
73 99
3 16
52 1
14 99
38 99
55 64
1 99
0 55
31 30
23 96
69 14
3 69
0 73
98 82
78 64
64 99
29 72
98 96
98 17
23 29
3 95
30 99
82 99
98 7
40 99
28 99
