5
23
84
72
18
59
100
0 75
0 4
0 49
61 14
71 98
60 98
0 21
0 91
0 7
0 22
0 61
29 98
6 98
92 98
60 15
14 98
27 4
96 98
9 98
0 60
3 90
71 74
0 17
0 31
5 98
4 98
90 98
48 98
85 98
0 43
14 91
0 58
1 7
71 97
65 98
94 50
0 28
0 25
0 56
0 89
79 98
10 15
0 33
0 3
0 42
79 36
68 98
35 98
0 15
0 95
10 98
38 98
94 87
30 27
0 76
0 26
30 28
0 92
0 90
77 98
81 27
56 98
0 82
50 98
83 98
0 96
74 98
78 75
70 62
10 32
2 15
54 98
91 98
0 48
0 53
55 27
8 98
63 98
0 27
73 46
0 30
77 7
15 98
94 98
54 82
0 87
32 21
9 93
96 33
14 93
0 79
0 34
0 81
62 52
46 98
0 44
6 25
62 61
0 45
36 27
