5
7
85
57
93
89
91
0 36
0 37
0 22
0 1
3 20
92 46
92 50
92 14
92 77
25 15
67 8
67 42
67 48
36 8
36 46
36 50
66 90
39 33
19 6
19 56
19 22
19 41
18 81
18 22
18 14
45 76
45 15
45 55
45 31
45 78
55 84
55 14
65 81
31 22
96 34
96 49
1 5
1 26
1 63
1 22
1 4
2 38
2 30
88 48
88 59
87 72
87 50
84 82
84 91
50 98
50 34
50 53
22 81
22 41
22 40
51 74
20 80
10 6
10 75
49 44
13 5
13 28
13 42
53 40
53 21
53 30
56 82
56 35
56 76
56 60
42 44
48 29
62 63
62 23
33 8
6 29
6 4
44 91
8 5
11 17
98 82
98 72
21 63
21 15
29 32
4 16
58 46
80 75
63 47
72 73
17 73
