5
35
31
32
3
66
100
30 40
38 29
30 24
42 61
4 45
42 33
58 49
25 75
37 59
1 18
0 46
72 73
61 73
5 79
49 79
38 15
0 16
30 48
7 24
23 57
30 25
45 26
24 79
12 29
4 46
44 6
41 79
28 69
47 26
8 79
4 28
4 17
26 79
0 2
14 65
74 29
47 29
51 46
13 27
38 16
24 46
71 79
0 30
15 52
28 52
28 58
0 1
45 73
29 79
19 58
39 46
18 65
7 45
0 7
24 70
4 1
18 75
4 55
44 61
24 43
65 57
36 9
0 4
24 65
70 45
27 48
42 13
24 77
6 47
58 79
76 16
54 36
33 47
17 46
27 33
0 12
24 59
78 61
60 73
9 57
57 79
18 72
48 2
62 77
74 52
61 69
0 42
45 69
33 43
48 34
18 60
27 52
56 23
18 55
18 6
6 73
73 65
0 18
65 79
55 65
