96
31
55
38
89
32
30
11
10
2
64
73
54
85
43
22
4
47
16
86
9
6
34
61
88
21
14
75
53
40
76
17
66
13
97
74
45
46
42
29
51
95
49
1
23
44
81
80
87
3
5
36
8
83
59
79
39
20
82
69
50
94
57
67
78
25
98
37
56
15
19
35
7
28
52
27
71
68
70
48
96
12
24
41
33
62
26
90
91
63
65
84
58
77
18
60
72
206
0 99
0 72
60 99
0 18
0 77
58 24
58 63
84 91
0 93
0 65
65 93
0 63
63 99
91 99
0 91
90 99
0 90
0 84
0 58
0 26
26 99
0 62
62 99
33 99
0 33
41 99
0 41
0 24
24 99
0 12
12 99
58 96
96 99
48 99
0 48
77 99
0 70
70 99
0 68
68 70
71 99
0 71
0 27
27 70
52 99
0 52
0 28
28 99
0 7
7 99
18 99
0 60
0 35
35 99
19 52
0 19
27 15
15 99
56 99
0 56
0 37
37 99
98 99
0 98
26 25
25 99
78 98
0 78
19 67
67 60
72 99
57 99
0 57
94 60
0 94
0 50
50 99
72 69
69 60
0 82
82 99
20 37
72 20
0 39
39 99
79 98
0 79
0 59
59 99
83 59
0 83
8 59
0 8
36 99
19 36
5 60
37 5
0 3
3 99
87 99
0 87
0 80
80 99
8 81
81 99
33 83
3 44
44 33
0 23
23 25
0 1
1 99
0 49
49 99
80 95
95 25
49 51
51 99
23 56
29 99
56 29
42 99
0 42
0 46
46 99
45 99
51 45
74 12
12 29
72 74
37 97
97 29
27 46
0 13
13 27
0 66
66 99
17 51
13 17
58 46
76 58
72 76
72 40
40 25
53 71
0 53
76 75
75 99
14 60
0 14
0 21
21 99
72 88
88 46
59 61
61 99
21 33
40 34
34 99
6 25
0 6
9 35
35 61
72 9
13 86
86 99
6 16
16 99
52 47
47 29
21 52
0 4
4 99
46 22
22 29
0 43
43 86
0 85
85 4
53 54
54 99
4 73
73 86
53 84
84 64
64 86
2 51
54 2
0 10
10 99
11 45
72 11
58 30
21 24
30 99
32 99
85 32
76 89
89 99
59 38
38 99
85 59
55 99
0 55
88 31
31 99
