70
3
46
45
77
16
61
60
21
30
74
32
67
50
15
27
62
49
53
96
6
94
11
89
48
51
83
70
90
39
19
86
38
5
81
35
26
95
68
31
42
43
14
24
93
64
12
88
78
10
41
63
75
97
79
98
71
82
34
9
40
17
87
52
7
59
54
47
36
22
2
186
8 64
40 1
80 93
12 31
22 33
75 36
8 47
42 87
2 80
29 88
0 28
0 40
33 54
44 99
26 24
76 17
23 84
24 25
44 54
4 23
44 88
29 78
13 54
31 13
13 91
29 7
52 69
24 63
17 99
56 66
75 8
9 57
92 22
55 8
9 10
78 10
79 10
8 2
56 71
79 98
97 57
63 64
58 69
58 91
41 55
10 69
59 80
58 92
55 28
25 87
58 25
72 88
88 18
78 88
73 78
12 57
20 12
64 57
20 64
58 10
63 41
75 12
91 64
97 63
8 97
1 79
18 64
98 88
71 23
13 93
93 36
93 78
24 92
29 24
93 9
82 14
14 97
93 82
34 43
29 34
43 59
1 42
42 55
43 75
14 56
65 31
40 59
31 40
87 17
31 18
73 87
24 52
7 18
65 68
68 66
95 59
24 95
26 84
69 26
23 59
4 35
35 91
81 25
4 81
54 73
65 47
47 5
35 65
5 80
35 97
2 38
38 17
25 38
14 76
86 91
0 86
98 19
19 72
86 79
86 33
39 17
0 39
90 78
75 90
36 81
81 31
18 70
70 88
42 12
5 64
83 29
64 83
93 83
10 51
51 76
5 57
93 48
48 76
89 39
0 89
8 11
11 17
94 72
87 94
41 6
6 80
41 96
96 76
28 53
53 76
0 49
49 42
62 11
42 71
71 62
80 27
27 17
26 15
15 99
26 50
50 29
67 76
47 67
32 33
53 66
66 32
74 78
87 74
8 30
30 88
21 76
78 21
62 60
60 22
41 61
61 33
16 17
40 16
8 77
77 44
33 45
45 99
40 46
46 99
42 3
3 45
