5
30
86
79
11
87
100
0 57
0 7
0 34
0 46
0 9
0 8
0 35
0 33
0 17
0 43
0 25
0 28
0 95
0 29
0 44
0 97
0 81
0 52
0 53
0 5
0 85
0 19
0 65
0 62
0 80
0 1
0 69
0 23
0 83
0 6
0 89
0 37
0 64
0 42
0 49
0 18
0 32
0 71
0 77
0 12
0 98
0 47
0 54
0 76
0 73
0 59
0 36
0 48
0 21
0 66
0 96
0 45
0 58
0 84
0 88
0 3
0 27
0 40
0 56
0 60
0 82
0 50
0 91
0 72
0 13
15 92
15 25
15 18
15 39
15 69
15 90
15 41
15 47
15 44
15 1
15 46
15 97
15 48
15 66
15 5
15 2
15 55
15 59
15 56
15 51
15 10
15 52
15 6
15 49
15 72
15 37
15 91
15 94
15 45
15 27
15 81
15 7
15 50
15 24
15 34
