5
21
77
78
4
22
89
0 92
76 11
52 99
18 25
7 88
67 15
97 88
0 76
0 46
84 50
32 24
30 71
64 32
70 7
73 99
64 5
76 17
0 30
86 98
50 99
82 25
58 10
87 81
87 58
72 49
49 63
28 40
95 15
87 80
61 90
66 94
15 40
62 3
8 96
61 69
39 60
68 52
39 26
33 75
3 38
47 39
17 38
93 45
59 53
62 19
93 13
20 62
89 60
83 93
96 38
49 23
12 98
97 11
12 19
97 45
97 79
92 17
11 23
9 51
17 18
50 98
12 31
24 93
42 81
55 95
90 28
96 57
73 62
55 54
97 92
90 54
28 73
86 75
62 16
75 94
95 80
8 37
50 55
45 98
16 94
17 24
11 31
43 35
10 86
14 16
57 40
95 40
10 56
0 22
