5
42
43
61
28
8
100
0 70
0 32
0 20
0 23
0 38
0 49
0 65
0 47
0 26
0 46
0 66
0 57
0 17
0 11
0 58
0 53
0 22
0 9
0 21
0 54
0 7
0 60
0 48
0 25
0 14
0 68
0 3
0 37
0 62
0 67
0 40
0 34
0 1
55 35
55 64
55 69
55 51
55 46
55 32
55 3
55 2
55 7
55 21
55 70
55 6
55 23
55 38
55 34
55 47
55 66
55 16
55 1
55 65
55 13
55 14
55 25
55 33
55 5
55 45
55 37
55 15
55 36
55 12
55 62
55 30
55 50
55 41
53 7
53 17
53 9
53 27
53 44
53 69
53 26
53 66
53 67
53 54
53 38
53 3
53 23
53 1
53 64
53 68
53 37
53 70
53 39
53 4
53 24
53 11
53 2
53 15
53 41
53 31
53 19
53 25
53 60
53 46
53 40
53 36
53 56
