5
22
10
61
21
72
100
62 84
0 83
84 95
0 27
0 46
25 69
25 88
58 80
58 77
0 67
52 67
70 95
58 13
58 8
47 75
0 53
0 2
88 91
27 95
9 95
57 53
86 7
69 91
8 87
64 42
52 85
13 85
91 95
67 95
47 52
57 90
75 42
57 13
44 95
12 95
47 62
53 80
40 64
16 42
53 95
42 80
25 95
56 95
0 80
47 26
0 25
80 95
0 47
70 41
0 58
0 95
33 15
88 95
82 95
57 56
9 15
94 5
51 40
74 5
69 5
45 95
51 5
5 95
82 17
57 82
66 95
74 95
74 15
78 81
15 93
0 82
81 95
51 14
24 14
14 95
90 42
93 95
86 17
86 71
52 95
0 86
57 7
49 95
57 28
0 57
51 33
51 19
17 95
0 51
48 95
40 95
90 18
18 95
0 78
0 28
82 18
44 28
7 95
16 95
0 74
