69
65
4
67
32
18
6
57
48
30
51
73
77
44
71
25
12
13
8
85
93
98
82
17
54
42
46
20
50
41
66
95
19
22
24
70
76
3
86
97
49
58
63
9
90
74
7
69
53
68
47
10
1
91
28
38
5
75
16
21
40
59
84
72
64
56
78
34
35
33
162
2 68
19 52
10 87
79 10
38 47
60 38
43 99
62 84
91 90
28 34
96 59
40 81
21 81
81 5
28 40
45 28
88 14
33 78
0 1
14 78
14 11
94 10
72 83
61 15
2 47
11 88
26 81
89 83
47 81
33 47
1 79
10 1
68 23
37 68
64 31
62 53
53 5
47 69
69 91
87 7
7 89
14 74
74 15
28 38
38 5
5 27
90 23
75 90
9 16
81 9
21 90
40 21
63 23
40 63
47 58
58 27
16 27
49 16
45 49
97 55
55 7
29 97
59 61
86 59
45 86
3 16
86 3
2 76
76 89
86 96
70 23
45 70
94 75
75 24
24 72
22 43
10 22
19 91
60 19
91 80
95 80
60 95
34 9
9 63
91 66
66 16
19 53
84 72
34 22
24 68
58 64
64 24
68 15
7 96
79 41
41 59
50 15
79 50
56 20
20 83
0 56
38 19
52 68
46 23
38 46
56 42
42 43
1 54
54 22
17 22
94 17
46 94
60 82
82 61
0 98
98 80
93 15
1 93
84 85
85 43
98 62
98 78
78 8
8 99
13 8
98 13
56 12
12 99
33 25
25 15
71 43
1 71
56 44
44 43
77 28
34 71
0 77
78 73
73 15
35 51
77 35
51 34
33 30
30 56
48 34
49 48
77 49
0 57
57 99
49 6
6 99
78 18
18 99
1 32
32 71
0 67
67 99
48 41
41 4
4 99
67 65
65 99
