49
37
3
8
58
10
98
1
97
18
84
11
59
42
87
48
73
26
5
40
77
49
76
54
72
82
94
90
96
78
68
64
30
14
92
75
12
60
53
56
91
55
15
36
9
41
46
38
52
16
108
94 99
76 50
86 99
96 52
53 25
50 99
6 46
23 36
29 97
30 84
29 20
70 56
88 82
0 91
26 4
66 83
60 12
92 49
30 14
87 9
27 28
94 96
95 74
27 62
90 53
93 88
47 49
62 23
7 4
0 15
28 40
40 51
81 67
5 53
77 5
66 77
26 66
29 26
49 76
76 45
73 95
20 73
54 48
48 65
62 54
87 72
72 68
56 87
82 48
63 42
42 19
19 82
96 71
90 94
61 90
28 73
22 59
59 78
78 68
68 25
38 99
11 68
93 11
44 84
84 64
64 9
18 9
83 18
26 30
14 40
75 87
53 92
45 75
12 56
53 60
91 23
48 75
15 55
55 97
97 54
97 30
1 72
23 1
36 9
0 98
98 78
91 10
10 85
59 58
58 46
15 8
8 87
9 38
0 3
3 41
41 46
8 35
46 38
42 43
98 19
3 5
97 94
52 99
8 16
16 45
15 37
37 38
16 76
