46
22
52
28
77
74
68
11
89
45
76
84
82
57
97
66
30
46
29
85
61
90
63
24
43
70
40
36
23
19
58
83
60
42
44
51
65
33
59
17
41
20
35
75
50
88
53
81
53 6
75 56
19 35
49 20
4 9
41 17
52 59
6 2
0 46
45 29
51 73
6 82
16 57
42 5
1 4
83 3
27 6
58 86
49 19
10 23
2 40
10 24
27 63
46 30
5 26
84 82
16 9
45 26
76 45
6 84
82 57
57 80
47 89
89 97
66 56
97 66
11 47
3 11
61 29
30 34
29 46
36 85
68 90
85 68
90 99
63 48
70 89
24 43
88 70
3 2
40 36
74 90
3 74
23 32
37 36
19 5
12 61
4 58
73 77
77 57
28 38
29 28
60 83
44 42
15 44
6 51
52 89
65 52
0 65
1 22
22 19
22 33
33 26
59 2
5 41
17 16
20 35
35 99
50 75
88 50
0 53
