5
38
28
33
46
20
100
14 49
32 12
7 49
29 41
41 49
18 16
22 49
23 12
40 9
17 1
10 9
3 31
2 14
13 6
2 19
17 32
25 6
0 36
16 49
43 19
17 27
14 42
2 43
31 6
4 19
14 19
22 30
2 48
12 9
13 23
47 42
17 13
44 39
17 3
19 42
5 7
0 17
7 6
1 42
22 45
37 24
44 37
9 49
7 31
26 36
14 23
0 2
30 31
37 45
15 5
19 31
14 5
31 42
44 8
40 10
39 5
35 6
6 49
34 45
42 49
54 55
50 53
51 52
8 49
40 2
0 40
7 27
0 11
27 49
44 31
22 25
15 40
32 2
14 15
37 31
0 49
18 11
23 31
22 17
41 48
48 4
0 44
34 24
26 39
30 24
32 24
24 40
12 11
22 41
24 11
10 41
0 26
47 18
31 49
0 14
14 11
11 49
0 31
7 47
18 15
