77
58
27
32
28
89
39
52
6
38
29
45
23
37
73
14
34
63
87
35
55
31
2
77
33
64
88
53
43
1
13
86
46
10
80
11
25
20
91
50
57
18
17
60
92
3
49
82
74
68
36
72
65
56
15
54
47
75
9
59
24
8
70
26
79
67
42
84
51
78
48
16
71
76
40
19
83
69
171
19 93
16 84
90 21
69 85
0 41
7 5
4 85
62 12
16 4
76 16
48 85
0 48
78 85
48 78
51 85
7 51
84 62
30 84
7 42
42 83
42 4
78 67
67 66
7 79
79 62
26 62
71 26
0 71
70 62
71 70
81 8
8 12
22 24
24 12
59 24
42 59
79 85
85 9
9 93
51 75
75 93
47 75
0 47
5 54
54 93
15 19
76 15
70 76
56 21
21 15
79 56
65 93
0 65
72 76
71 72
5 36
36 19
68 21
71 68
74 68
71 74
82 93
22 82
40 56
49 84
84 40
71 49
3 22
0 3
92 82
71 92
60 62
62 3
41 60
49 17
17 93
18 70
0 18
57 82
0 57
50 22
49 50
59 91
18 24
91 82
20 92
71 20
59 25
25 19
11 93
0 11
70 80
80 93
10 83
83 15
0 10
71 46
46 93
46 62
62 86
86 11
21 11
13 40
71 13
1 19
41 1
7 43
43 93
18 67
67 53
53 93
88 1
7 88
64 1
71 64
33 11
56 33
46 77
77 11
2 40
71 2
41 31
8 56
31 8
55 30
71 55
30 82
35 84
16 88
0 35
71 87
87 30
63 69
69 43
87 63
78 34
34 33
87 78
14 21
31 14
73 21
0 73
31 37
37 15
23 53
71 23
0 45
45 33
41 29
29 82
41 38
38 14
45 48
48 6
6 73
52 15
0 52
39 93
23 39
45 89
89 2
2 39
28 22
0 28
22 23
41 32
32 93
41 27
27 93
0 58
58 82
