5
2
3
77
1
42
100
0 79
31 52
78 79
0 34
46 57
4 62
0 26
0 24
55 52
0 64
0 58
52 50
46 58
74 68
78 72
20 24
60 72
0 15
18 4
37 32
70 72
71 58
4 27
0 32
0 66
54 64
49 64
30 68
70 4
17 4
61 65
27 24
31 13
4 64
27 26
17 62
71 62
0 48
21 45
78 45
25 66
52 59
0 25
0 74
71 76
69 76
55 57
48 43
28 43
51 43
0 20
14 25
53 39
39 25
31 15
74 76
5 20
18 47
47 76
49 66
30 4
53 66
19 66
29 65
15 25
65 4
34 51
23 4
0 73
53 22
4 51
75 73
70 67
44 67
0 16
21 16
48 73
0 37
19 63
30 75
0 33
41 63
53 33
44 39
35 40
6 39
54 67
38 37
14 10
6 10
60 9
4 73
4 47
4 63
4 22
72 50
0 60
49 65
0 14
17 38
