5
16
33
75
8
17
100
0 99
0 57
0 38
0 61
0 95
0 67
0 98
0 11
0 31
0 80
0 28
0 23
0 36
0 70
0 18
0 25
0 84
0 79
0 43
0 83
0 40
0 35
0 59
0 82
0 81
0 22
0 60
0 66
0 15
0 47
0 58
0 76
0 53
0 1
0 55
0 37
0 3
0 42
0 51
0 45
0 65
0 13
0 73
0 41
0 9
0 69
0 86
0 52
0 6
72 96
72 83
72 11
72 18
72 45
72 55
72 48
72 86
72 51
72 40
72 7
72 69
72 21
72 76
72 14
72 73
72 2
72 15
72 22
72 30
72 67
72 77
72 88
72 9
72 95
72 54
72 49
72 20
72 65
72 27
72 97
72 6
72 3
72 4
72 13
72 5
72 52
72 84
72 42
72 19
72 24
72 91
72 50
72 26
72 58
72 61
32 30
32 70
32 54
32 38
32 42
