75
63
31
13
95
47
8
92
68
18
59
86
40
61
19
16
66
36
58
54
85
60
43
4
42
89
56
29
90
1
83
30
46
15
23
26
35
24
91
72
55
7
27
44
80
67
96
81
82
34
5
14
65
77
3
97
39
33
17
88
64
22
48
28
2
32
37
78
41
57
12
21
51
87
79
25
184
2 74
14 50
88 76
49 98
64 48
53 99
84 51
37 9
21 99
5 6
0 88
87 97
41 69
97 33
51 12
78 10
78 69
84 52
70 25
20 74
94 41
6 32
98 25
73 11
32 53
2 37
37 75
10 2
28 21
11 28
48 21
50 78
78 48
41 28
21 57
57 22
22 52
70 64
64 37
88 2
73 88
11 17
17 9
10 22
33 84
50 33
73 39
39 52
12 99
21 51
97 37
94 97
41 87
3 12
69 3
50 77
77 99
65 75
69 65
14 93
0 14
93 5
5 51
98 5
2 98
34 51
14 34
6 77
17 57
82 48
2 82
88 49
49 64
64 62
14 81
81 99
3 21
49 96
96 3
67 28
82 67
80 5
94 80
98 81
44 12
94 44
27 28
0 27
76 27
50 27
79 27
74 79
94 7
7 27
55 71
94 55
76 72
72 53
91 17
0 91
24 17
0 24
74 35
35 62
26 71
0 26
94 23
23 71
49 15
15 28
46 99
0 46
14 30
30 99
14 83
83 99
1 3
91 1
98 90
90 53
29 98
74 29
76 56
56 99
14 89
89 62
88 42
42 99
77 56
0 4
4 77
43 62
5 43
60 71
77 60
76 85
85 53
88 54
54 62
58 27
4 73
79 54
73 58
36 25
79 36
25 90
66 21
60 66
16 53
88 16
19 90
0 19
61 70
76 61
70 16
27 40
40 66
85 87
87 86
86 99
59 99
73 59
18 78
58 18
78 66
68 85
36 68
2 92
92 99
4 8
8 59
47 92
76 47
41 85
95 41
0 95
8 11
13 86
11 13
44 92
73 31
31 44
63 59
27 63
