219
35
74
1
16
79
4
37
91
73
86
43
84
83
20
66
23
50
39
85
32
59
34
36
54
61
18
42
71
44
70
52
55
41
67
68
21
10
11
5
75
82
14
26
77
56
40
69
88
28
60
6
12
22
62
7
13
46
51
89
2
25
87
90
81
38
80
24
47
63
53
78
8
48
49
30
72
64
65
9
58
33
17
3
27
45
29
76
57
15
31
81
72
38
30
8
76
2
64
72
46
9
46
49
2
7
81
22
22
9
60
3
80
6
56
57
77
88
78
22
88
77
9
22
77
40
46
80
77
38
57
53
47
82
77
62
77
26
10
62
77
77
33
28
67
77
40
62
46
62
68
77
57
68
77
57
68
60
33
22
77
61
77
6
60
6
52
62
54
61
40
77
59
63
54
58
77
6
45
71
68
59
34
77
61
76
72
6
77
61
23
59
34
58
59
34
23
77
76
73
13
91
83
70
27
4
49
77
4
83
16
4
56
4
80
88
91
4
80
91
351
0 92
0 31
31 92
0 15
15 92
57 92
0 57
0 76
76 92
0 29
29 92
0 45
45 92
29 27
27 57
0 29
57 92
0 3
3 92
0 17
17 92
0 33
33 92
0 58
58 92
0 9
9 92
0 65
65 92
76 17
64 76
0 64
17 92
0 72
72 92
64 30
30 17
0 64
17 92
65 19
19 49
0 65
49 92
0 48
48 92
8 19
19 49
0 8
49 92
65 78
78 49
0 65
49 92
8 17
53 3
17 53
3 49
0 8
49 92
8 63
0 8
63 49
49 92
47 49
64 47
0 64
49 92
24 49
0 24
49 92
0 80
80 92
8 17
17 30
30 38
0 8
38 92
81 92
0 81
72 90
90 9
9 81
0 72
81 92
38 87
8 17
17 30
30 38
0 8
87 92
8 17
17 76
76 25
0 8
25 92
2 92
0 2
89 2
64 89
0 64
2 92
51 92
0 51
46 92
72 46
0 72
9 46
46 92
0 13
13 9
7 46
46 92
0 7
62 49
0 62
49 92
22 2
0 22
2 92
7 12
12 92
0 7
0 6
6 92
60 92
22 81
81 60
0 22
28 92
0 28
22 88
88 9
9 46
46 92
0 22
60 92
69 60
0 69
80 40
40 46
3 80
6 3
0 6
46 92
6 56
0 6
56 92
77 92
56 57
57 77
6 56
0 6
22 88
78 26
77 92
26 57
88 78
57 77
0 22
22 88
77 92
88 9
29 14
9 29
14 77
0 22
77 92
82 77
0 82
80 40
40 46
75 80
46 92
0 75
5 38
77 92
38 57
57 77
0 5
53 82
22 47
47 11
77 92
11 53
82 77
0 22
62 10
77 92
0 62
10 77
62 10
10 21
21 78
78 26
77 92
26 57
57 77
0 62
77 92
68 33
0 68
33 77
67 28
0 67
28 92
41 92
0 41
67 55
77 92
55 77
0 67
40 46
52 40
62 52
0 62
46 92
62 70
0 62
70 92
77 92
68 44
44 57
57 77
0 68
71 92
0 71
77 92
68 42
42 57
57 77
0 68
33 18
18 60
68 33
60 92
0 68
61 77
77 92
22 61
0 22
61 77
77 92
54 61
6 54
0 6
6 36
36 60
60 92
0 6
52 34
62 52
34 92
0 62
40 46
46 54
61 77
77 92
54 61
0 59
59 40
59 58
46 54
61 77
58 63
77 92
63 32
32 46
54 61
0 59
6 85
77 92
85 77
0 6
68 39
45 71
39 45
71 92
0 68
50 34
59 50
0 59
34 92
61 77
23 76
72 61
77 92
0 23
76 72
6 66
66 92
0 6
61 77
77 92
0 20
20 61
83 92
0 23
23 83
59 58
84 34
58 84
0 59
34 92
43 34
59 43
0 59
34 92
86 77
23 76
77 92
0 23
76 86
73 92
0 73
91 92
73 91
0 73
37 13
91 92
13 91
0 37
4 27
0 4
27 70
83 92
70 83
4 49
0 4
49 79
77 92
79 77
4 16
0 4
83 92
16 83
4 16
16 56
56 1
0 4
1 92
4 88
80 91
91 92
0 4
88 74
74 80
35 80
80 91
91 92
0 4
4 35
