5
38
82
44
25
66
100
42 94
83 11
0 42
0 36
0 56
0 76
17 99
4 32
8 3
71 40
96 71
0 15
96 98
0 96
11 99
17 13
77 90
17 63
59 90
16 21
45 94
6 99
0 74
73 72
49 10
83 37
18 40
0 63
0 17
10 99
39 73
0 39
0 77
90 99
0 18
0 40
28 21
84 99
0 95
73 75
98 99
94 99
79 99
73 74
87 99
0 87
0 24
73 99
86 35
86 74
65 24
86 73
18 71
47 83
60 55
0 86
65 99
9 74
0 65
55 99
0 99
0 19
68 75
48 68
88 71
6 31
62 21
92 28
0 73
62 35
0 92
93 87
87 79
0 30
0 60
9 99
58 49
20 75
36 4
9 95
36 64
0 20
0 62
93 87
93 32
9 28
75 99
53 83
80 15
48 84
0 9
21 99
0 43
0 48
0 98
91 98
93 70
53 34
1 43
43 71
