38
77
47
72
25
59
52
66
19
92
1
90
28
62
71
65
89
83
81
48
2
5
43
69
31
82
61
13
86
79
51
68
64
76
96
7
50
91
33
85
83 70
61 86
27 94
6 55
15 33
0 27
28 73
44 73
61 4
19 84
37 9
58 7
88 79
6 68
21 13
53 79
54 67
61 21
54 63
36 82
9 4
31 62
27 12
65 28
71 94
53 48
83 81
89 85
29 30
69 23
60 23
60 24
71 24
49 67
62 28
28 12
63 62
65 71
60 65
56 89
78 83
81 44
2 88
48 2
35 90
90 5
11 1
1 2
92 36
84 92
43 19
19 63
69 43
31 69
29 31
84 66
66 49
83 52
52 75
50 59
59 70
82 66
52 36
52 61
86 59
25 51
1 13
13 25
51 86
79 55
90 96
96 51
68 64
76 90
25 58
7 50
91 70
97 72
72 91
73 50
78 47
47 51
33 99
77 59
0 77
