5
11
91
66
57
83
100
16 99
95 36
0 58
27 43
8 71
9 36
0 43
85 71
94 16
44 4
96 25
58 23
71 99
23 99
0 99
74 76
89 26
32 26
58 80
0 95
60 25
49 25
0 44
27 92
25 99
73 99
70 99
40 38
63 55
65 62
38 99
77 4
74 99
32 33
0 32
63 62
62 99
34 69
70 35
96 99
0 70
2 99
35 99
8 30
75 97
0 27
59 87
90 86
24 51
0 8
40 92
0 40
33 30
37 54
97 99
87 99
37 48
85 36
0 33
51 99
17 99
73 89
94 58
46 99
86 20
37 61
18 73
22 76
79 99
18 36
30 44
73 65
76 99
17 80
37 18
94 95
0 59
0 79
89 99
0 37
87 95
28 72
80 36
43 61
36 99
6 95
97 19
3 99
0 72
0 6
14 65
68 99
0 46
53 61
42 96
58 95
48 99
72 95
0 14
80 99
