5
66
20
9
6
13
92
21 65
61 5
0 40
0 32
16 71
16 67
16 25
16 47
47 60
8 48
28 74
73 74
17 44
15 74
16 55
17 2
38 54
38 46
65 46
69 71
0 7
67 43
38 58
46 74
69 52
60 43
58 74
0 38
58 44
43 74
0 11
48 74
58 71
40 36
64 17
4 26
46 26
69 64
48 19
32 14
48 32
61 54
46 36
26 44
69 40
1 42
58 53
68 45
4 15
61 14
5 12
44 74
1 17
45 54
48 30
68 33
36 71
62 11
21 32
41 29
62 52
60 2
41 10
28 71
58 11
46 55
33 74
46 29
68 19
15 71
2 52
4 11
69 22
68 31
48 68
53 32
4 39
54 74
58 2
35 52
21 17
21 38
69 5
53 42
71 74
45 65
49 30
46 17
51 30
36 42
31 65
58 59
