5
77
83
32
56
75
100
25 90
0 66
49 44
0 85
90 99
27 15
94 73
70 99
29 42
1 87
5 43
93 88
27 61
53 82
2 66
2 3
0 49
81 89
1 18
79 3
46 10
16 15
0 29
79 69
0 58
55 47
53 22
31 27
88 55
96 6
1 17
60 10
97 38
31 81
76 44
23 95
15 6
0 5
71 55
94 74
50 82
55 99
53 60
88 24
16 82
78 85
79 86
12 41
22 82
34 24
97 76
22 41
16 66
53 23
45 98
61 67
53 51
66 47
90 54
30 64
24 99
57 95
6 99
28 73
61 2
16 58
53 84
47 99
45 21
52 74
36 89
92 45
97 22
82 99
0 99
33 25
0 31
2 58
88 48
10 62
14 42
42 58
62 69
28 48
18 67
74 58
97 79
34 38
71 58
21 58
27 68
69 99
58 99
7 66
76 66
0 76
66 99
97 7
0 97
76 58
