5
82
57
20
36
83
100
0 99
67 99
0 50
32 72
22 99
61 99
24 12
54 88
2 38
70 14
90 76
47 72
0 2
97 11
10 35
0 22
0 24
72 99
27 33
47 37
37 99
0 47
4 93
77 32
38 26
27 4
77 84
0 15
70 34
3 99
92 99
35 99
69 99
4 41
41 74
0 27
74 99
0 77
0 44
60 54
39 54
85 24
4 28
23 95
33 7
67 40
40 24
33 24
95 99
39 31
28 76
12 99
0 87
92 43
41 64
71 11
34 99
79 23
12 43
42 99
79 14
77 99
24 99
0 68
30 44
43 99
54 44
50 99
85 51
62 49
9 65
0 79
44 99
76 77
41 90
75 99
49 99
26 99
85 53
79 71
38 53
0 92
85 71
85 99
98 99
0 41
32 45
96 13
85 13
0 85
0 53
0 66
8 65
93 45
63 13
8 53
72 16
0 72
0 46
12 78
