43
54
61
71
18
15
73
28
79
40
52
3
42
76
70
48
23
19
56
84
53
36
12
87
21
62
6
74
20
8
4
10
11
37
51
25
29
7
50
78
30
49
34
81
95
0 53
64 44
11 54
76 16
50 81
1 48
13 88
4 34
81 30
78 62
8 2
50 7
36 55
51 67
87 37
72 67
84 11
41 1
12 32
56 77
27 22
12 60
0 64
75 45
36 53
53 86
12 36
8 87
87 12
84 69
21 84
63 21
56 65
6 62
62 56
0 6
20 19
19 16
39 23
23 10
48 72
74 48
20 74
17 70
70 83
20 76
76 49
41 20
81 14
42 68
41 42
42 53
3 5
86 3
82 3
0 8
38 70
52 4
31 52
4 10
10 75
11 2
40 75
6 40
37 48
76 37
56 79
79 55
40 51
74 28
28 57
29 88
28 25
25 73
73 29
7 28
78 50
15 80
19 15
18 80
33 18
19 33
60 71
71 66
61 12
31 78
78 61
67 71
54 30
77 54
30 88
49 81
34 71
51 13
16 18
