63
95
97
71
67
6
8
61
13
24
88
48
70
5
82
65
96
31
85
43
59
20
50
58
12
7
86
78
79
30
98
49
64
72
77
15
16
17
14
76
4
25
90
51
62
63
73
26
52
19
45
1
80
81
60
89
75
94
9
55
23
54
83
84
121
76 94
3 55
91 90
56 55
59 60
73 74
87 88
76 75
52 53
86 87
64 81
79 80
46 47
82 91
1 2
78 45
59 19
26 25
94 93
73 59
19 20
94 96
78 77
64 63
79 62
50 51
89 90
33 22
31 32
15 16
73 78
34 7
63 3
57 58
50 49
0 50
58 17
76 20
20 47
37 59
59 12
12 11
43 44
42 43
43 34
7 17
49 86
85 84
86 85
78 79
31 52
30 31
29 30
96 98
91 96
98 99
64 65
77 76
72 64
65 77
14 15
17 18
16 17
73 14
56 76
21 20
82 81
39 82
49 40
5 4
25 5
4 3
29 25
90 93
51 52
62 63
26 73
73 72
27 26
52 19
70 98
69 70
48 47
49 48
88 89
85 88
0 24
24 25
74 88
45 46
0 1
13 10
14 13
80 88
60 89
61 60
51 61
75 82
2 8
8 9
9 10
24 23
55 70
23 22
88 91
0 6
6 9
6 5
67 54
1 67
54 55
71 94
5 71
7 8
6 7
83 97
67 84
84 83
97 99
95 99
27 95
