5
38
30
4
7
6
100
0 29
0 24
0 9
0 3
0 39
0 49
0 59
0 89
0 2
0 5
0 19
0 79
0 69
25 32
25 44
25 28
25 14
25 34
25 64
25 24
25 84
25 2
25 54
94 15
94 20
94 40
35 44
35 46
35 16
35 8
35 54
35 36
35 26
35 22
35 86
35 2
35 96
35 56
35 66
76 8
76 12
76 31
39 10
39 40
39 26
39 20
39 12
62 41
62 28
62 15
62 2
26 43
26 20
26 8
26 18
26 45
26 12
26 31
26 41
26 68
26 70
26 93
26 95
26 91
26 17
26 67
26 37
87 14
87 28
87 2
87 40
16 10
16 60
16 85
16 18
16 28
16 32
16 21
16 2
16 34
16 19
16 57
16 71
16 37
16 82
16 1
16 3
16 53
78 24
78 8
78 45
78 37
3 12
3 28
3 24
3 20
3 8
50 2
5 36
5 14
