5
23
34
1
28
86
83
0 42
23 93
80 19
79 39
38 52
4 39
42 15
11 75
85 33
71 29
18 55
11 18
72 19
2 29
15 99
69 70
31 62
31 78
82 63
54 70
93 7
95 68
73 31
55 44
96 59
17 68
49 44
93 87
21 70
98 51
80 13
73 72
49 45
94 14
3 4
60 46
81 71
68 8
72 60
96 74
43 32
92 3
8 39
35 75
63 99
16 97
84 66
65 25
51 25
79 61
27 26
94 10
60 94
90 42
25 62
35 84
39 99
22 66
13 62
8 66
14 45
67 47
55 5
20 5
55 37
61 64
30 46
56 10
27 67
88 14
81 64
53 29
55 36
25 50
81 58
81 12
13 95
26 91
51 44
6 8
58 36
87 36
86 99
