5
12
76
34
11
22
100
17 99
11 78
0 86
0 13
0 71
79 45
0 61
94 29
31 99
4 66
0 97
20 81
73 17
62 17
78 99
1 56
10 1
27 1
41 75
86 38
82 47
1 99
25 74
33 21
94 4
94 31
24 43
35 75
60 38
56 99
70 45
24 50
45 81
41 24
50 40
39 89
60 16
85 8
41 60
43 81
78 38
49 81
89 38
68 28
57 47
86 9
85 26
83 33
57 82
96 28
47 38
96 5
27 28
37 68
14 51
60 85
95 68
75 45
89 17
90 65
17 65
80 7
78 65
48 86
57 14
86 65
6 3
15 89
52 98
66 6
9 91
18 3
60 14
19 65
42 26
73 10
10 62
57 80
96 63
60 50
57 96
60 97
51 97
87 62
95 10
51 67
26 62
23 72
66 67
40 35
82 73
95 54
2 62
58 62
36 92
10 4
60 9
18 16
95 43
84 20
