270
63
17
68
43
33
53
59
95
38
19
80
34
62
48
11
6
21
84
93
97
14
23
18
76
15
90
72
46
75
25
56
10
89
42
12
50
64
71
3
13
55
60
7
8
37
74
57
22
49
81
52
96
36
31
5
54
88
83
69
26
28
2
58
29
40
92
45
41
98
44
94
86
70
73
4
67
51
65
61
47
24
85
9
39
27
35
1
66
78
32
87
16
79
20
30
16
20
61
65
39
41
65
41
92
40
94
1
2
1
28
40
16
40
40
2
30
24
2
45
31
45
31
92
41
45
39
52
31
36
54
2
28
2
1
57
2
2
31
1
54
2
31
74
2
7
73
2
1
31
39
2
45
2
1
98
60
35
65
3
36
31
45
3
31
39
45
7
71
41
3
31
58
89
31
29
35
12
60
65
98
3
31
39
31
29
60
73
3
7
64
3
31
45
71
73
60
3
72
73
60
3
75
90
40
3
18
22
90
40
18
72
73
94
61
7
45
31
70
12
8
31
50
3
8
31
45
93
31
21
84
12
3
7
45
31
93
56
11
29
34
75
45
93
19
25
75
6
19
25
6
41
19
75
3
34
19
20
19
75
98
6
6
64
75
19
45
43
16
78
43
411
0 99
30 20
16 79
0 30
30 82
0 20
20 99
79 99
0 79
16 82
0 16
0 87
87 99
0 16
79 99
32 99
0 32
78 99
0 78
30 66
66 78
0 30
78 99
0 30
20 99
0 1
1 82
0 35
35 99
27 35
0 27
35 99
39 35
0 39
35 99
30 9
0 30
9 99
85 82
0 85
30 24
0 30
24 99
85 47
0 85
47 99
61 32
0 61
32 99
65 35
0 65
35 99
51 82
0 51
51 67
0 51
67 99
51 4
0 51
4 99
0 73
73 99
70 73
0 70
73 99
0 86
86 99
0 94
94 99
44 82
61 44
0 61
65 98
0 65
98 99
0 41
41 99
45 39
39 41
0 45
41 99
65 92
92 99
0 65
40 41
0 40
41 99
29 92
40 29
92 99
0 40
58 99
0 58
1 2
2 99
94 1
0 94
1 2
28 1
2 99
0 28
26 28
1 2
28 1
2 99
40 26
0 40
40 16
16 69
0 40
69 99
1 2
2 99
40 83
83 1
0 40
88 24
1 2
24 30
2 99
30 1
0 88
2 99
54 2
0 54
0 5
5 99
0 31
31 99
0 36
36 99
31 45
45 91
91 96
0 31
96 99
31 45
45 91
0 31
52 99
91 52
31 45
45 39
81 92
39 41
41 81
92 58
0 31
58 99
49 52
0 31
52 99
31 49
36 22
22 54
2 99
54 2
0 36
1 2
28 1
57 28
2 99
0 57
57 74
2 99
74 2
0 57
1 2
37 1
2 99
31 37
0 31
31 8
8 54
2 99
54 2
0 31
7 74
2 99
74 2
0 7
60 73
7 60
1 2
2 99
73 1
0 7
31 45
45 39
55 2
2 99
39 55
0 31
1 2
13 1
2 99
0 13
35 65
7 60
3 99
60 35
65 98
98 3
0 7
3 99
71 3
36 71
0 36
31 45
45 64
0 31
64 99
31 45
3 99
45 39
39 50
50 3
0 31
12 99
0 7
7 12
41 42
31 45
3 99
45 39
39 41
42 71
71 3
0 31
89 58
58 99
0 89
89 10
10 99
0 89
29 56
31 29
0 31
56 99
35 65
7 60
65 25
60 35
25 12
12 99
0 7
39 75
31 45
3 99
75 98
45 39
0 31
98 3
29 46
31 29
46 99
0 31
73 72
60 73
7 60
3 99
0 7
72 3
31 45
45 64
3 99
90 3
64 90
0 31
60 73
7 60
3 99
15 71
73 15
71 3
0 7
73 72
72 76
60 73
7 60
3 99
0 7
76 3
40 18
39 75
18 90
31 45
3 99
45 39
75 40
90 3
0 31
40 18
18 90
3 99
36 22
22 23
23 40
90 3
0 36
73 72
60 73
18 90
72 94
7 60
3 99
94 14
14 18
90 3
0 7
61 97
7 61
97 99
0 7
45 93
31 45
0 31
93 99
84 12
70 84
31 8
8 70
12 99
0 31
3 99
21 50
50 3
0 21
31 8
6 99
8 6
0 31
45 93
31 45
11 99
93 11
0 31
84 12
48 84
21 48
12 99
0 21
7 62
3 99
62 3
0 7
45 93
31 45
93 34
34 99
0 31
29 56
11 99
80 29
0 80
56 11
45 93
0 19
75 39
19 75
39 45
93 34
34 99
40 38
38 25
0 19
19 75
25 6
6 99
75 40
0 19
95 25
25 6
6 99
19 95
0 19
75 39
3 99
59 3
19 75
39 41
41 59
0 19
20 34
53 20
19 53
34 99
0 19
33 6
98 33
19 75
75 98
6 99
0 43
6 99
43 6
0 19
68 99
75 39
64 68
45 64
19 75
39 45
0 43
17 99
16 17
43 16
0 43
63 99
78 63
43 78
