5
23
50
82
3
10
93
0 60
0 52
36 15
36 69
7 58
36 67
41 46
12 75
41 12
13 80
53 42
1 31
8 7
42 78
58 78
37 11
26 51
16 52
16 31
32 31
0 41
5 71
51 93
72 11
12 30
40 30
80 93
5 59
39 93
16 79
0 8
90 53
0 36
4 85
56 17
58 18
21 93
16 56
40 76
58 27
73 2
0 16
79 93
67 33
58 68
67 17
67 37
73 93
55 78
60 74
65 46
20 67
60 18
30 31
78 93
49 85
74 18
60 9
63 48
67 85
63 85
22 7
76 18
74 17
49 54
77 85
58 69
31 93
74 37
13 88
17 18
58 49
58 16
47 85
58 51
44 86
60 44
65 44
19 62
63 86
14 81
17 81
52 93
2 27
0 20
70 38
5 38
22 13
40 21
38 68
90 13
61 44
47 62
