49
2
22
29
92
70
59
61
63
56
46
42
66
31
21
30
76
35
73
68
77
58
20
33
27
32
86
1
98
74
75
4
84
47
52
55
89
43
50
51
38
93
57
19
6
97
90
18
69
94
115
76 94
3 69
6 7
0 1
0 76
16 4
82 44
8 37
93 43
0 20
80 24
3 81
39 38
33 38
32 45
51 99
25 45
54 50
21 40
42 89
3 1
77 55
9 27
10 7
4 1
75 65
20 17
74 18
5 20
98 87
87 65
18 82
13 86
31 32
68 66
16 17
73 57
33 39
23 24
77 20
82 57
18 15
4 11
73 68
35 7
24 53
76 1
21 8
78 8
17 24
39 40
23 21
31 8
5 12
30 31
12 30
54 76
66 65
67 66
23 35
12 73
68 78
71 66
58 77
20 1
27 33
32 23
86 1
1 39
54 98
10 74
5 4
4 75
42 47
84 42
3 84
47 34
42 20
42 46
46 18
56 68
84 56
42 9
55 52
52 34
63 74
84 63
89 40
62 61
61 45
43 44
45 43
50 45
25 51
11 59
59 73
42 70
70 24
38 99
81 27
57 93
92 4
55 92
29 19
19 18
6 29
17 22
22 97
97 90
17 6
7 18
69 44
0 2
2 18
94 82
