5
72
4
54
52
62
100
15 82
0 38
0 79
18 82
25 37
43 74
32 36
19 37
21 8
12 37
55 74
81 71
81 32
36 60
77 19
74 37
0 21
0 15
0 13
12 55
0 29
0 7
0 10
22 23
39 37
39 73
48 15
34 48
17 37
22 67
43 17
34 22
12 32
37 82
1 11
0 43
60 82
1 67
0 12
39 15
55 19
35 82
8 49
6 7
8 23
16 70
11 15
73 82
48 7
0 34
14 82
55 22
64 7
47 26
3 7
30 51
0 1
18 70
44 36
56 24
48 76
30 31
11 19
70 82
26 82
0 55
47 42
36 56
44 30
0 74
8 51
0 8
17 82
66 71
25 51
31 43
64 82
47 20
47 41
23 82
59 58
47 7
47 64
47 10
79 14
47 79
47 57
21 40
43 2
40 71
47 15
77 82
53 82
2 82
63 82
71 82
63 48
68 53
48 42
42 82
