93
26
46
13
78
21
57
53
27
36
44
20
28
81
18
49
43
38
32
87
91
23
84
17
22
66
86
29
5
40
79
9
45
59
2
52
33
8
7
72
89
51
62
80
50
6
68
61
34
31
76
67
41
64
65
15
16
56
19
85
92
10
47
42
63
24
75
4
77
60
69
73
3
14
48
25
82
93
39
54
58
37
88
12
94
11
55
71
1
35
83
70
90
74
210
0 95
1 35
70 35
0 74
74 95
90 95
0 90
0 70
70 95
83 95
0 83
35 95
0 35
1 95
0 1
71 95
0 71
55 1
0 55
11 95
0 11
94 95
0 94
12 71
0 12
88 35
0 88
37 95
0 37
58 55
0 58
54 37
0 54
39 37
0 39
39 74
74 93
93 95
0 82
82 95
0 25
25 95
39 48
48 95
0 14
14 95
0 3
3 95
73 3
0 73
0 69
69 95
35 82
69 88
82 60
60 95
69 77
77 95
4 95
0 4
69 75
75 95
24 82
0 24
75 63
63 95
42 93
93 60
0 42
0 47
47 95
10 95
0 10
92 60
47 92
85 60
69 85
19 95
0 19
63 56
56 90
90 10
88 16
16 10
47 88
0 15
15 95
30 65
65 56
15 30
15 64
64 95
41 19
0 41
0 67
67 95
14 10
76 14
0 76
31 41
0 31
34 41
15 34
61 19
67 47
47 61
68 95
0 68
67 6
6 95
58 50
76 58
50 61
67 55
55 80
80 95
47 62
62 95
58 51
51 19
15 89
89 95
47 72
72 80
47 7
7 62
8 80
67 8
0 33
33 19
33 52
52 55
2 89
33 2
33 35
35 59
59 95
35 45
45 95
25 9
35 25
9 95
90 45
82 79
79 90
72 45
40 72
0 40
67 5
5 95
0 29
29 67
40 86
86 95
60 66
66 95
29 22
22 95
82 17
17 95
35 84
84 95
23 95
33 23
91 56
72 17
0 91
87 72
61 87
91 61
79 32
91 79
32 23
38 72
24 38
29 24
33 43
43 23
91 49
49 95
29 18
18 47
47 23
81 45
0 81
28 95
29 28
29 20
20 60
44 95
47 44
79 36
36 95
52 27
27 95
33 53
53 36
57 23
0 57
21 52
0 21
78 95
41 78
81 41
0 13
13 61
46 41
0 46
0 26
26 95
