49
53
32
31
20
40
27
61
29
52
34
75
74
12
15
65
16
45
25
60
58
41
67
44
9
23
57
4
43
21
1
68
69
3
6
18
47
50
24
72
8
76
33
26
46
39
35
51
19
48
111
43 46
0 43
79 45
48 66
19 79
51 79
51 32
46 3
46 39
81 31
73 57
49 68
45 4
3 9
50 7
55 34
70 64
26 70
54 28
72 29
23 65
35 47
33 8
37 8
74 67
63 7
4 47
69 43
67 4
41 43
60 79
66 44
24 16
58 2
62 25
10 28
23 45
81 63
65 76
5 65
5 15
15 16
16 67
45 35
25 60
13 12
12 2
41 58
23 41
67 78
74 56
12 74
12 66
44 36
75 9
82 75
9 6
57 34
34 83
54 23
79 57
52 55
4 52
10 4
78 60
21 52
43 3
1 21
30 29
29 68
68 6
37 69
3 1
61 68
15 61
6 83
67 27
27 34
40 18
18 47
47 55
45 40
20 82
50 20
24 50
72 24
54 72
21 27
31 21
50 31
8 76
76 79
54 33
65 40
70 20
59 26
64 61
32 81
46 32
71 46
32 76
76 40
81 3
32 23
39 35
22 19
19 51
53 6
48 53
22 48
44 53
