5
73
82
7
35
89
100
5 98
0 21
92 98
64 98
69 98
83 98
0 3
0 61
50 18
28 34
90 74
43 75
18 98
90 98
41 6
17 51
29 98
61 98
49 79
90 49
0 90
46 98
0 28
16 29
2 98
32 86
59 98
47 98
0 17
0 11
20 11
6 98
0 43
91 79
40 37
0 40
62 20
10 20
62 57
53 11
62 59
69 30
77 49
93 98
41 22
13 98
47 42
76 98
0 62
0 47
31 68
0 10
14 98
79 98
57 42
69 33
44 16
49 91
0 9
86 12
55 95
78 11
21 95
49 32
30 50
45 31
57 50
56 32
44 36
53 76
11 98
10 77
22 33
84 19
33 98
0 98
49 42
84 70
18 95
0 45
69 53
95 98
49 13
32 98
0 44
0 78
50 98
80 54
97 66
74 60
10 85
12 32
86 53
24 80
0 86
32 98
65 98
17 98
60 98
49 78
