5
97
85
2
13
23
100
0 36
0 5
0 52
0 98
0 32
0 11
0 54
0 29
0 93
0 81
0 8
0 63
0 38
0 95
0 59
0 27
0 75
0 35
0 51
0 84
0 9
0 78
0 31
0 58
0 56
0 10
0 49
0 26
0 25
0 65
0 42
0 19
0 48
0 68
0 34
0 88
0 37
0 7
0 90
0 20
0 3
0 87
0 92
0 21
0 43
0 66
0 44
0 62
0 57
0 79
0 33
0 64
0 74
0 67
0 53
0 96
0 60
0 40
0 61
0 99
0 39
0 41
0 80
0 45
0 55
0 73
0 22
0 91
0 47
0 30
0 1
0 82
0 72
0 18
0 24
0 6
0 16
0 50
0 76
0 12
0 28
0 86
0 15
0 89
0 83
0 77
0 4
0 94
0 14
0 71
0 69
0 17
0 46
70 64
70 17
70 44
70 40
70 48
70 61
70 16
