19
98
88
9
31
65
22
2
83
70
15
57
86
20
80
72
42
44
77
17
97
0 99
1 99
48 49
48 50
77 79
77 78
25 26
44 45
44 46
37 38
37 39
12 14
17 18
25 27
17 19
42 43
40 41
54 56
54 55
28 30
28 29
7 9
7 8
75 76
75 77
60 62
3 5
61 62
12 13
92 93
92 94
95 97
95 96
34 36
51 53
51 52
26 27
34 35
38 39
42 44
40 42
66 68
23 24
73 74
60 61
52 53
45 47
46 47
93 94
35 36
89 91
32 33
10 11
90 91
67 69
63 64
4 6
5 6
58 59
49 50
72 74
71 72
78 80
80 82
18 20
20 21
86 87
84 86
55 57
57 59
15 16
13 15
70 72
69 70
83 85
81 83
0 2
2 4
68 70
22 24
20 22
42 41
44 43
65 67
63 65
31 33
29 31
31 32
9 11
8 9
88 90
86 88
2 3
77 76
15 17
0 98
98 99
