5
92
89
49
94
46
100
0 56
0 19
10 32
79 38
38 98
73 26
70 36
26 56
0 82
95 37
42 47
0 10
76 72
0 90
47 98
53 24
0 79
23 26
40 36
26 98
3 98
0 53
0 57
23 31
86 32
70 87
80 70
87 98
0 80
68 36
32 98
69 4
56 98
75 98
69 63
0 69
0 50
22 58
58 98
55 64
69 31
84 28
0 34
87 15
23 84
69 95
23 69
0 28
30 21
84 85
52 63
6 21
73 72
23 73
0 58
64 40
45 98
0 13
40 98
16 98
15 98
75 63
85 63
0 23
48 78
24 42
21 63
0 88
93 64
9 77
68 63
63 98
65 48
48 82
0 70
0 9
75 56
96 2
62 78
82 98
30 24
35 98
0 65
0 25
80 85
0 75
33 67
54 24
0 39
2 98
20 58
88 98
2 78
54 88
54 42
0 26
42 98
0 86
0 54
4 24
