5
93
62
33
47
11
100
0 35
20 45
70 99
53 99
44 78
79 99
54 36
35 50
80 46
14 55
65 1
12 7
26 32
30 29
85 49
35 8
15 95
22 77
7 55
54 19
6 68
2 34
42 89
15 19
9 42
91 49
73 34
78 49
44 92
88 10
22 59
51 15
95 88
49 66
6 92
85 87
80 56
46 66
0 67
6 73
2 87
40 5
15 76
74 31
42 87
51 64
88 34
52 61
57 76
71 23
43 77
54 28
4 81
1 7
41 65
28 76
81 34
86 94
10 56
98 25
35 3
19 56
22 51
53 41
38 94
0 26
96 48
68 48
37 79
89 2
4 27
50 69
89 96
27 48
35 74
28 96
74 95
64 50
5 81
28 82
68 96
58 48
4 43
78 12
6 70
94 61
58 45
63 57
44 84
29 55
39 92
36 12
60 97
98 1
21 59
94 21
89 4
98 94
59 61
61 56
