5
42
77
9
64
67
100
89 71
8 88
24 99
73 1
70 40
27 28
71 40
66 1
20 12
26 57
17 28
21 52
60 40
20 38
26 54
65 28
33 70
66 46
84 53
0 16
32 88
21 8
5 32
34 32
92 13
0 21
78 45
89 16
0 5
73 20
46 27
7 37
26 7
45 70
73 33
28 40
34 16
40 99
33 37
0 66
90 75
97 19
72 53
97 27
23 37
87 6
97 37
3 56
76 45
52 27
49 53
0 46
80 68
25 94
36 74
45 7
32 86
33 6
33 39
2 62
20 78
58 75
84 20
75 13
56 54
86 78
80 62
34 25
23 62
33 2
23 39
96 38
0 34
17 6
0 76
12 46
30 52
7 27
0 33
81 68
71 18
84 32
36 2
85 38
80 71
80 74
88 49
0 73
95 61
3 72
44 68
84 3
39 68
80 56
60 10
80 60
13 99
10 13
0 80
56 78
