133
63
62
3
58
56
52
4
9
10
15
33
31
44
55
27
21
27
54
27
27
54
54
27
59
27
60
27
27
17
21
27
37
27
43
48
42
27
42
27
42
42
42
27
42
33
42
40
44
27
28
48
31
40
44
27
32
31
40
44
27
36
31
40
35
44
27
33
37
42
33
31
37
35
27
33
31
37
35
28
31
35
28
43
27
33
35
31
37
28
35
43
31
28
27
8
8
10
5
1
5
1
5
1
1
1
55
59
4
55
59
4
55
59
4
54
55
59
4
60
4
55
59
4
4
8
58
4
58
58
58
54
58
59
327
61 65
61 59
61 54
0 61
4 8
61 55
60 65
61 53
55 59
1 61
1 2
5 6
5 61
2 61
6 61
6 10
7 61
7 8
11 61
12 61
8 61
43 47
35 33
39 43
24 28
35 34
33 37
46 50
31 35
31 32
27 28
45 49
29 30
22 26
42 46
38 37
20 24
17 21
19 18
61 57
59 65
51 50
61 49
54 53
21 25
38 42
38 42
22 21
27 26
38 42
23 27
27 26
38 42
23 27
50 54
27 26
38 42
23 27
54 53
27 26
38 42
23 27
50 54
54 53
55 54
27 26
51 55
38 42
23 27
27 26
38 42
61 60
23 27
60 59
27 26
38 42
23 27
61 57
27 26
38 42
23 27
21 25
18 17
19 18
61 57
38 42
61 57
27 26
38 42
23 27
20 24
37 41
61 57
27 26
23 27
43 44
20 24
61 57
44 48
27 26
48 47
42 43
38 42
23 27
20 24
61 57
27 26
38 42
23 27
42 46
20 24
61 57
38 42
42 46
20 24
61 57
38 42
42 46
20 24
31 30
27 31
61 57
38 42
23 27
29 33
33 34
42 46
20 24
61 57
38 42
29 33
33 34
42 46
49 61
20 24
61 57
38 42
20 24
36 40
40 44
61 57
44 48
48 47
28 32
23 27
20 24
27 31
36 40
40 44
61 57
44 48
32 36
48 47
23 27
35 36
20 24
27 31
36 40
40 44
61 57
44 48
48 47
23 27
31 35
44 43
35 36
42 46
20 24
27 31
36 40
40 44
61 57
43 42
23 27
46 50
37 38
29 33
42 46
20 24
61 57
38 42
33 37
46 50
31 35
37 38
34 33
42 46
20 24
27 31
61 57
38 42
23 27
35 34
33 37
46 50
31 35
28 27
37 38
34 33
42 46
20 24
27 31
61 57
38 42
24 28
46 50
31 35
28 27
42 46
20 24
27 31
61 57
35 39
43 42
24 28
33 37
46 50
31 35
28 27
37 38
42 46
20 24
27 31
61 57
38 42
39 43
24 28
31 35
28 27
20 24
27 31
61 57
35 39
61 57
12 8
61 57
15 16
12 61
61 57
11 15
11 10
61 57
10 61
61 57
8 61
61 57
61 57
11 61
10 11
61 57
61 57
61 57
9 61
5 9
61 57
1 5
0 1
61 57
1 5
0 1
6 61
61 57
1 5
0 1
2 61
61 57
0 1
61 57
0 1
0 4
61 57
4 61
59 65
0 4
4 61
51 55
52 51
55 59
59 65
61 52
0 4
4 61
51 55
55 59
59 65
0 4
53 54
4 61
54 55
55 59
59 65
61 56
0 4
56 55
4 61
0 4
4 61
61 60
55 59
59 65
0 4
4 61
61 58
0 4
58 65
4 61
8 61
61 58
0 4
58 65
0 3
3 61
61 58
58 65
61 58
58 65
54 58
0 61
58 65
62 58
0 62
58 65
0 61
59 65
0 61
0 63
63 65
