5
63
39
28
81
17
100
81 65
31 99
83 66
84 83
41 83
65 99
58 99
71 80
0 99
12 13
24 45
89 80
93 88
71 30
30 65
15 45
0 30
80 99
41 99
1 99
24 38
75 98
45 99
8 46
46 99
0 89
48 99
67 99
0 41
38 99
89 99
12 93
40 55
55 99
0 84
33 9
88 95
12 64
3 99
0 67
78 42
64 99
95 99
69 99
32 79
0 83
55 54
68 19
25 83
32 9
44 99
0 68
9 99
83 54
54 99
53 99
30 2
92 99
29 87
6 34
0 12
33 62
76 20
86 87
96 87
30 20
68 99
21 50
32 78
0 33
21 69
34 15
43 74
61 15
20 19
96 67
65 19
69 82
50 99
19 99
87 99
11 15
32 88
15 99
0 8
0 13
62 34
0 32
24 31
84 99
33 99
62 52
0 76
20 35
78 99
35 99
5 8
29 52
22 66
49 21
