5
47
70
17
85
90
100
88 99
65 99
79 87
82 30
0 68
31 62
14 29
44 7
5 18
36 99
4 86
63 28
59 77
5 37
67 87
93 26
58 39
26 99
8 21
30 99
9 99
15 99
7 99
0 66
94 52
74 52
89 87
88 8
8 87
0 14
5 16
93 66
59 98
88 32
66 99
35 87
72 38
59 87
19 87
42 32
11 43
43 46
8 12
0 5
82 87
0 89
76 21
58 88
95 65
45 32
11 95
11 35
0 25
28 7
46 87
86 55
25 12
11 5
30 96
89 55
42 28
55 87
30 62
0 42
18 89
82 29
22 29
33 57
24 1
0 58
96 32
73 72
57 62
63 87
32 87
77 40
0 11
0 59
38 19
45 77
82 41
40 89
45 10
31 12
89 4
45 35
4 12
45 38
45 19
45 81
77 12
5 19
41 44
37 19
57 40
20 80
76 83
19 12
16 12
71 40
