5
49
76
60
50
29
100
0 99
2 99
68 99
0 85
81 96
17 58
9 14
0 9
52 81
56 58
63 74
43 19
69 96
90 83
13 1
33 83
38 21
48 21
58 74
21 19
0 22
7 73
7 57
0 31
0 69
4 1
10 59
5 19
93 59
4 83
19 99
52 14
4 30
0 7
48 41
52 23
10 85
40 62
10 16
10 18
2 30
0 52
47 41
10 36
94 84
41 99
91 74
96 59
1 59
74 99
61 85
24 89
3 69
41 44
77 99
74 59
94 57
94 38
93 83
44 59
94 7
3 28
82 73
85 59
66 28
18 90
59 99
95 34
91 68
3 80
71 90
0 91
65 34
13 7
94 95
80 34
61 87
93 22
87 31
26 53
26 12
17 31
3 57
79 62
0 10
26 57
93 51
34 69
93 18
11 62
94 91
0 94
81 62
41 57
32 12
12 69
93 32
0 93
69 99
57 99
