5
44
33
20
31
10
100
10 51
38 51
35 51
7 51
8 18
18 51
42 16
0 30
19 21
45 5
21 12
0 12
0 42
0 29
23 12
16 51
6 5
7 1
39 51
7 9
15 43
19 9
19 18
23 9
22 28
0 13
0 22
25 51
50 6
4 28
28 17
1 15
29 51
21 51
22 32
17 32
49 51
11 40
0 50
37 7
48 21
48 29
19 29
32 51
45 28
37 50
0 40
7 5
7 23
4 21
37 38
0 37
50 51
15 49
23 40
0 45
35 49
35 5
0 23
38 22
0 6
3 49
15 46
5 51
29 40
17 49
40 51
24 18
7 38
1 51
0 38
43 28
35 15
29 22
28 51
13 51
0 7
0 35
3 51
46 42
0 24
2 22
22 51
3 9
29 34
42 51
43 9
50 8
22 9
16 37
0 16
0 41
4 37
0 5
46 41
32 21
0 49
46 9
0 3
0 46
