97
18
50
84
16
66
43
77
8
52
89
32
60
4
74
98
64
7
71
72
63
29
48
85
27
13
40
95
94
58
88
33
83
59
57
73
87
46
65
39
55
41
34
21
75
86
68
23
10
9
56
69
51
61
31
19
37
20
81
82
28
47
70
78
80
54
38
79
17
26
11
93
35
12
53
3
67
90
96
49
36
42
1
76
25
62
15
2
92
24
14
91
22
45
30
97
5
6
228
0 99
5 91
44 6
6 99
0 6
5 99
0 5
0 97
97 99
30 99
0 30
45 99
0 45
22 99
0 22
91 99
0 91
30 5
14 30
0 14
24 99
0 24
92 91
0 92
2 24
0 2
15 91
24 15
62 22
0 62
0 25
25 99
76 99
0 76
1 99
0 1
42 99
0 42
25 14
14 36
36 99
49 99
0 49
62 96
96 42
90 22
0 90
90 67
67 99
25 3
3 99
90 53
53 99
90 12
12 99
3 12
35 25
0 35
35 96
96 93
93 90
11 90
0 11
26 12
0 26
35 17
17 25
96 79
79 26
38 12
35 38
79 54
54 99
35 80
80 12
79 78
78 99
35 70
70 3
47 12
35 47
96 28
28 99
82 28
0 82
81 28
79 81
96 20
20 99
80 37
37 99
25 28
19 25
0 19
31 1
1 12
79 31
80 61
61 99
45 37
96 51
51 45
96 69
69 99
56 99
0 56
9 99
0 9
19 53
53 10
10 99
9 22
90 23
23 99
68 99
0 68
86 99
0 86
75 23
19 75
21 28
28 23
0 21
36 49
34 36
49 86
0 34
41 5
5 86
0 41
55 25
25 86
0 55
39 20
78 86
62 78
20 62
0 39
65 49
0 65
46 99
22 46
87 46
0 87
73 28
0 73
73 35
35 57
57 46
59 49
0 59
83 46
0 83
73 33
33 46
73 79
88 99
54 88
22 88
80 22
58 80
0 58
94 80
0 94
95 99
0 95
40 95
0 40
0 13
13 99
26 40
13 27
27 26
85 5
5 95
0 85
48 40
0 48
29 21
13 29
28 95
48 63
63 95
48 72
72 3
3 88
17 75
23 95
71 17
0 71
7 25
13 7
13 64
64 99
13 98
98 46
74 46
0 74
71 4
4 7
58 60
71 58
60 99
32 81
0 32
17 49
49 89
89 46
71 52
52 95
76 8
8 99
74 76
32 77
77 40
81 43
43 8
32 66
66 99
32 16
16 89
84 8
0 84
50 82
82 8
0 50
18 99
0 18
