79
13
33
26
14
63
56
89
94
54
46
19
68
86
82
39
59
24
84
83
53
92
42
32
90
36
78
91
44
10
31
81
80
21
45
22
34
67
37
25
69
11
61
65
8
35
71
72
88
3
62
7
28
29
6
77
17
50
70
58
66
41
64
93
79
76
74
85
73
4
9
75
60
15
49
38
57
23
20
47
181
49 48
4 52
52 96
18 40
1 55
30 38
51 87
43 74
73 43
95 76
23 75
9 49
52 15
60 27
5 43
18 87
18 75
51 9
9 2
75 87
23 60
4 20
5 4
51 73
73 52
15 18
49 20
2 85
85 87
73 55
74 87
95 74
76 75
9 76
79 18
73 79
38 51
93 74
38 93
2 79
30 64
64 40
57 4
4 15
64 57
30 41
41 48
66 96
1 66
1 58
58 96
41 70
70 48
79 50
50 96
64 79
64 9
17 9
55 17
77 48
9 77
64 6
6 15
38 29
29 48
9 28
28 4
7 48
64 7
62 9
30 62
3 96
30 3
88 15
0 88
55 72
72 52
1 71
71 52
23 17
35 23
64 35
8 96
30 8
65 71
30 65
0 61
61 96
11 57
0 11
69 3
61 69
64 25
25 52
11 37
37 15
67 48
11 67
20 34
61 20
34 72
22 64
30 22
11 45
45 52
21 4
30 21
80 49
20 80
81 4
20 81
45 31
31 4
20 10
10 4
30 44
44 48
61 91
91 52
30 78
78 57
36 52
0 36
90 52
30 90
32 96
11 32
42 52
1 42
28 58
37 92
36 37
58 32
92 28
53 52
0 53
83 75
75 58
91 83
95 42
84 95
30 84
44 24
24 52
20 59
59 84
30 39
27 32
39 27
82 32
0 82
36 74
43 86
86 96
61 68
68 58
78 19
19 27
46 24
0 46
0 54
54 82
94 1
0 94
54 89
89 32
56 27
0 56
51 63
63 87
87 86
54 51
0 14
14 52
26 96
14 26
33 47
47 26
0 33
14 13
13 26
