5
4
25
82
43
28
100
0 89
0 66
0 80
0 40
0 86
0 85
0 73
0 27
0 78
35 72
35 68
35 56
35 44
35 45
35 41
35 39
35 29
83 27
83 6
83 60
83 78
83 12
83 32
83 11
47 78
47 76
47 62
63 26
63 68
63 49
48 52
48 86
48 5
48 36
48 8
48 74
48 44
48 81
38 56
38 31
38 87
38 75
38 57
38 53
38 20
38 77
46 9
85 31
85 10
85 36
85 69
85 11
85 71
85 33
85 1
85 77
55 60
55 71
55 16
55 2
55 78
51 42
51 60
51 1
51 26
51 19
51 54
59 19
59 87
1 76
1 49
1 36
1 68
1 2
1 18
1 78
80 39
77 6
77 31
77 74
77 10
18 65
18 36
18 49
18 52
18 9
18 73
18 68
18 69
70 3
70 62
70 15
70 57
22 15
22 39
22 67
22 36
22 68
32 7
32 40
