90
2
9
16
23
30
37
44
51
58
65
72
79
4
86
11
18
25
32
39
46
53
60
67
74
81
88
3
10
1
17
8
24
15
22
31
29
5
12
19
26
33
40
47
54
61
68
75
82
89
6
13
20
27
34
41
48
55
62
69
76
83
90
36
38
43
45
52
59
66
73
80
87
85
78
71
64
57
91
84
77
70
63
56
49
42
35
28
21
14
7
182
97 7
97 14
97 21
97 28
97 35
97 42
97 49
97 56
97 63
97 70
97 77
97 84
97 91
0 50
0 57
0 64
0 71
0 78
0 85
92 93
87 95
93 87
80 95
93 80
73 95
93 73
66 95
93 66
59 95
93 59
52 95
93 52
85 93
78 93
71 93
64 93
57 93
45 95
93 45
0 43
43 93
91 99
84 99
77 99
70 99
63 99
56 99
49 99
42 99
35 99
28 99
21 99
14 99
7 99
38 95
93 38
0 36
36 93
90 7
96 90
83 7
96 83
76 7
96 76
69 7
96 69
62 7
96 62
55 7
96 55
48 7
96 48
41 7
96 41
34 7
96 34
27 7
96 27
20 7
96 20
13 7
96 13
6 7
96 6
89 6
95 89
82 6
95 82
75 6
95 75
68 6
95 68
61 6
95 61
54 6
95 54
47 6
95 47
40 6
95 40
33 6
95 33
26 6
95 26
19 6
95 19
12 6
95 12
5 6
95 5
0 29
29 93
31 95
93 31
0 22
22 93
0 15
15 93
24 95
93 24
0 8
8 93
17 95
93 17
0 1
1 93
10 95
93 10
3 95
93 3
88 5
3 88
81 5
3 81
74 5
3 74
67 5
3 67
60 5
3 60
53 5
3 53
46 5
3 46
39 5
3 39
32 5
3 32
25 5
3 25
18 5
3 18
11 5
3 11
1 86
86 3
4 5
3 4
1 79
79 3
1 72
72 3
1 65
65 3
1 58
58 3
1 51
51 3
1 44
44 3
1 37
37 3
1 30
30 3
1 23
23 3
1 16
16 3
1 9
9 3
1 2
2 3
