5
22
56
50
79
58
100
42 99
80 99
85 99
71 99
12 78
78 99
0 87
33 28
4 1
30 7
2 99
37 94
25 99
0 96
12 31
45 7
1 99
41 99
38 99
18 49
33 38
13 67
0 12
57 9
37 97
25 10
4 55
61 9
37 4
45 43
12 55
0 33
67 99
80 54
87 72
72 65
0 40
20 49
0 36
29 26
51 57
1 5
34 7
7 49
48 26
55 36
35 23
45 5
97 99
37 1
21 5
29 71
49 99
59 20
51 80
5 99
37 95
0 45
0 37
72 89
44 4
10 77
83 23
0 10
23 99
94 36
36 99
75 99
87 99
61 99
13 99
0 66
76 99
66 99
44 90
53 3
93 99
55 14
90 99
55 52
0 29
84 52
0 72
51 47
8 43
95 25
32 57
87 57
30 77
55 8
86 8
43 99
46 89
31 15
94 41
92 99
28 6
30 95
57 99
24 77
