93
30
31
15
49
50
15
15
15
16
15
16
15
16
15
14
15
15
15
5
15
5
1
5
15
1
49
5
47
50
15
33
49
5
47
31
33
49
5
47
49
5
47
50
15
5
47
15
25
46
5
47
15
25
27
5
47
15
25
27
15
5
47
25
27
5
47
25
27
14
5
47
25
27
14
25
5
47
14
46
25
5
47
27
30
25
5
47
27
30
25
47
27
14
317
2 3
3 10
24 25
9 10
13 14
15 19
18 19
26 27
27 25
35 37
36 32
47 41
5 1
4 1
5 4
9 6
15 20
14 18
34 40
8 7
16 20
28 26
21 22
43 53
49 48
0 4
45 41
28 29
22 24
3 9
3 9
3 9
28 29
3 9
45 41
28 29
3 9
51 50
50 49
0 4
45 41
28 29
3 9
0 4
28 29
3 9
13 15
15 18
43 53
0 4
28 29
3 9
22 24
13 15
15 18
43 53
0 4
3 9
13 15
15 18
43 53
0 4
3 9
28 26
13 15
43 53
0 4
15 16
3 9
16 20
28 26
13 15
43 53
0 4
15 16
8 7
16 20
28 26
13 15
43 53
0 4
15 16
34 40
8 7
28 26
15 14
13 15
43 53
0 4
34 40
8 7
28 26
13 15
43 53
0 4
15 20
34 40
28 26
13 15
43 53
0 4
3 9
9 6
15 20
34 40
28 26
0 5
13 15
43 53
3 9
5 4
9 6
15 20
34 40
8 7
28 26
0 5
13 15
43 53
1 8
9 6
15 20
34 40
8 7
28 26
0 5
13 15
43 53
1 8
5 1
9 6
15 20
49 48
34 40
8 7
51 50
28 26
50 49
46 47
0 5
13 15
1 8
47 41
5 1
9 6
15 20
31 38
49 48
32 33
33 31
8 7
51 50
28 26
50 49
46 47
0 5
13 15
1 8
47 41
5 1
9 6
15 20
31 38
49 48
32 33
33 31
8 7
51 50
28 26
50 49
46 47
0 5
13 15
1 8
36 32
47 41
5 1
9 6
15 20
49 48
8 7
51 50
28 26
50 49
46 47
0 5
13 15
1 8
47 41
5 1
9 6
15 20
8 7
28 26
46 47
0 5
13 15
25 46
1 8
27 25
47 41
5 1
9 6
15 20
8 7
28 26
46 47
0 5
13 15
25 46
1 8
26 27
27 25
47 41
5 1
9 6
14 18
8 7
28 26
15 14
46 47
0 5
13 15
25 46
1 8
26 27
27 25
47 41
5 1
9 6
8 7
28 26
46 47
0 5
13 15
25 46
1 8
18 19
26 27
27 25
47 41
5 1
9 6
14 18
8 7
28 26
46 47
0 5
25 46
1 8
13 14
18 19
26 27
27 25
47 41
5 1
14 18
8 7
28 26
46 47
0 5
25 46
1 8
9 10
13 14
18 19
21 22
47 41
5 1
14 18
8 7
22 24
46 47
0 5
25 46
1 8
22 30
9 10
13 14
18 19
21 22
26 27
27 25
47 41
5 1
14 18
30 26
8 7
46 47
0 5
25 46
1 8
22 30
13 14
18 19
21 22
26 27
27 25
47 41
5 4
14 18
30 26
46 47
0 5
25 46
3 10
22 30
13 14
18 19
21 22
26 27
27 25
47 41
14 18
30 26
46 47
25 46
