97
11
97
26
64
12
57
82
89
36
3
68
56
33
4
85
69
58
17
54
1
14
67
61
63
51
31
23
66
79
90
37
88
7
81
38
6
73
50
47
71
74
25
94
19
8
48
16
93
29
65
83
10
49
77
92
75
18
20
34
76
60
24
53
35
96
91
87
59
95
40
44
46
84
62
9
72
43
55
98
27
78
28
39
5
15
30
13
41
42
2
70
52
32
45
21
80
22
222
0 99
0 22
22 99
80 99
0 80
21 99
0 21
45 99
0 45
0 32
32 99
52 99
0 52
70 99
0 70
0 2
2 99
0 42
42 99
0 41
41 99
86 13
41 86
13 99
0 30
30 99
41 15
15 99
5 99
0 5
0 39
39 99
0 28
28 99
0 78
78 99
78 13
13 27
27 99
78 52
52 98
98 99
28 55
55 99
55 43
43 99
86 72
72 99
28 9
9 99
13 62
62 72
84 9
0 84
43 46
46 99
0 44
44 99
40 72
0 40
52 95
95 99
13 59
59 99
28 87
87 99
91 9
0 91
96 72
40 96
35 99
0 35
78 53
53 99
41 35
24 41
0 24
60 99
0 60
0 76
76 99
34 28
55 60
0 34
20 53
0 20
18 60
76 18
76 75
75 60
0 92
92 99
20 77
77 53
55 49
77 55
49 99
10 60
20 10
92 83
83 99
30 83
65 30
0 65
53 29
29 99
93 60
0 93
0 16
16 99
18 21
48 99
21 48
16 40
40 8
8 99
16 80
80 19
19 34
34 8
80 94
94 48
25 48
0 25
16 74
74 48
72 71
16 72
71 99
80 47
47 8
0 50
50 99
50 73
73 92
92 48
6 40
50 6
29 38
38 71
50 53
81 18
0 81
16 7
7 48
88 21
0 88
88 37
37 8
73 90
90 99
50 55
87 79
55 87
79 48
55 66
66 71
81 23
23 99
87 31
31 71
88 51
51 99
55 63
63 99
61 35
41 63
0 61
67 63
0 67
14 8
0 14
0 1
1 75
75 50
54 63
1 54
75 17
17 90
90 63
5 58
75 5
58 99
1 69
69 73
67 85
85 99
4 48
1 4
1 76
33 58
76 33
56 66
76 56
66 58
1 68
68 99
87 3
3 48
73 87
36 4
1 36
0 89
89 70
70 4
76 82
82 99
57 5
1 57
68 25
25 12
12 99
50 64
64 99
0 26
26 92
92 64
97 47
26 97
47 58
1 11
11 58
