5
10
87
91
3
47
84
0 99
97 98
1 75
74 4
91 24
2 3
13 14
23 24
0 41
1 53
54 55
50 49
51 75
25 45
80 90
52 81
86 57
71 70
57 56
51 84
75 20
76 43
69 70
29 97
53 84
4 98
55 56
89 90
19 20
27 26
29 95
89 56
33 38
96 97
97 41
96 37
59 80
25 40
4 43
17 16
49 65
52 53
35 36
31 93
51 52
68 67
14 48
53 73
95 94
59 60
54 53
15 16
96 17
29 52
84 85
22 23
21 23
73 57
62 63
71 30
67 66
59 18
75 52
69 16
35 58
69 68
49 48
71 69
34 35
72 78
75 33
24 25
33 32
82 81
82 12
26 84
38 42
79 80
12 11
8 7
5 80
5 6
84 83
48 47
