5
88
69
65
32
72
99
0 41
0 63
30 29
54 15
38 70
0 22
27 80
0 38
0 30
0 1
83 93
47 86
34 95
84 98
56 98
14 81
80 89
0 54
0 6
63 4
33 17
18 82
39 86
0 84
86 98
27 98
81 98
0 23
33 66
78 48
67 63
60 74
74 98
33 42
80 98
7 43
36 98
0 26
33 18
0 7
0 56
1 98
54 98
0 16
82 89
82 50
50 98
67 79
33 67
0 40
33 45
47 18
33 89
40 98
51 26
80 18
82 40
25 18
25 89
30 98
0 33
16 98
25 93
0 98
80 19
0 9
0 36
39 14
0 80
18 98
0 29
90 89
87 34
78 64
35 13
26 98
60 45
60 66
0 5
86 89
60 68
0 87
0 25
0 60
16 13
57 98
79 18
90 91
48 40
27 19
79 40
0 90
84 34
27 48
67 83
97 24
27 38
13 98
74 67
