94
19
37
31
41
86
60
82
80
61
18
62
36
68
47
49
12
56
71
27
88
77
70
13
79
52
91
4
16
78
30
95
35
63
3
48
32
87
57
64
93
45
46
28
75
26
44
73
21
34
69
5
2
39
85
6
9
1
74
23
94
20
65
10
38
72
25
55
24
53
11
8
89
17
66
59
51
42
43
81
22
67
14
33
90
29
92
50
7
40
76
54
83
15
84
219
0 96
84 96
0 84
15 96
0 15
0 83
83 96
0 54
54 96
0 76
76 96
0 40
40 96
0 7
7 96
0 50
50 96
76 92
92 96
0 29
29 96
90 7
50 90
84 33
40 84
33 96
14 96
0 14
50 67
67 96
0 22
22 96
0 81
81 96
43 22
0 43
42 33
0 42
51 81
0 51
59 92
92 33
0 59
66 33
0 66
81 17
17 96
51 89
89 96
92 8
8 96
58 11
84 58
11 96
66 53
53 96
33 24
24 96
55 81
66 55
51 24
25 24
0 25
0 72
72 96
38 84
0 38
59 10
10 96
7 65
59 7
65 96
20 24
0 20
0 94
94 96
23 72
94 23
0 74
74 96
94 83
83 1
1 96
94 9
9 1
24 6
6 96
23 84
85 89
84 85
89 29
29 6
39 1
0 39
2 24
94 2
94 5
5 96
94 69
69 96
39 34
34 96
94 21
21 96
94 73
73 96
44 17
81 40
40 21
0 44
74 26
26 21
94 75
75 96
81 28
28 96
73 46
46 21
45 40
0 45
55 40
93 55
0 93
64 96
0 64
8 57
93 8
57 64
0 87
87 64
0 32
32 96
1 66
66 48
48 75
75 28
87 1
3 28
1 3
63 58
11 64
87 63
39 35
87 39
83 32
35 83
39 95
95 96
30 28
39 30
7 78
34 7
78 96
34 59
59 16
16 96
87 4
4 64
66 91
91 96
81 52
39 81
52 96
8 79
79 96
13 16
0 13
66 70
70 16
77 52
87 77
95 88
88 96
27 91
0 27
52 64
64 71
71 96
13 56
56 96
4 12
12 71
35 49
49 96
4 47
47 96
43 15
15 56
68 43
0 68
36 16
87 36
35 62
62 56
0 18
18 22
17 61
62 17
61 96
18 80
80 96
47 17
18 94
69 82
82 47
39 60
60 96
86 96
39 86
41 26
74 86
18 41
21 86
31 21
0 31
37 17
18 37
0 19
19 96
