51
6
68
4
91
56
78
65
85
10
48
7
46
51
73
89
16
5
17
55
64
63
20
8
15
69
92
59
81
57
44
43
45
53
29
86
93
3
87
94
58
24
60
37
98
26
72
11
47
66
35
41
105
38 35
62 99
33 11
0 89
71 64
37 17
66 11
85 60
20 8
72 5
48 18
26 37
5 86
88 36
32 38
49 8
75 24
49 87
57 18
61 3
86 62
67 29
43 83
38 44
52 21
66 12
90 82
50 92
30 63
64 70
17 28
98 5
0 32
21 62
5 42
75 17
82 16
55 22
16 55
34 84
82 64
63 20
89 1
8 89
73 25
57 15
15 73
69 89
92 69
51 81
59 51
45 59
81 57
82 92
94 57
62 73
80 51
44 42
45 43
46 81
45 46
39 53
53 45
29 33
5 7
7 88
39 86
48 93
98 48
93 18
7 61
3 84
87 94
67 10
10 96
58 20
10 58
85 18
20 85
24 60
60 13
10 55
8 75
37 98
27 26
65 9
26 65
55 78
78 60
26 56
56 24
67 72
11 99
32 91
47 66
91 47
82 66
4 40
69 4
35 88
41 68
68 11
27 41
6 99
69 6
