5
65
14
58
26
61
99
0 2
68 9
44 49
0 19
13 94
80 94
68 72
82 72
70 16
66 74
0 44
8 29
63 43
16 94
91 94
62 25
42 24
20 33
22 94
0 8
48 67
48 79
9 94
66 59
59 56
56 94
0 93
62 75
0 68
18 23
4 94
0 62
20 55
0 40
23 35
66 94
52 94
66 59
71 53
9 53
0 66
53 94
0 82
76 2
76 8
75 94
17 94
45 94
93 94
79 57
48 72
0 59
57 94
0 85
89 72
28 94
48 68
27 94
0 48
79 24
79 91
80 33
15 94
79 4
60 42
0 79
6 4
76 5
13 1
76 54
0 81
21 59
5 94
90 42
60 54
12 94
76 60
76 13
0 5
27 2
49 94
47 94
49 70
70 77
10 66
0 20
20 94
0 76
77 94
90 55
15 16
67 94
0 69
28 1
86 94
17 35
68 94
60 94
52 69
