5
48
95
81
60
84
100
69 99
42 70
76 78
0 1
58 27
0 18
58 21
0 89
87 78
58 72
35 99
7 43
0 7
0 31
0 19
26 78
0 94
23 72
67 88
25 11
0 58
88 78
78 99
56 24
0 40
11 99
12 99
23 44
24 99
67 58
6 65
23 67
63 97
80 40
65 91
62 40
72 99
0 55
38 71
94 8
50 79
40 99
57 73
33 93
96 99
61 16
94 33
73 91
71 91
33 99
0 17
0 11
94 41
0 38
0 27
40 93
54 91
16 91
93 99
23 57
27 96
52 99
91 99
87 27
0 23
83 73
6 57
92 85
67 56
67 27
85 99
0 67
0 45
36 99
0 92
44 40
0 82
0 69
76 35
77 99
13 66
52 29
30 99
52 79
0 52
15 14
4 18
12 73
35 73
0 4
77 58
0 15
0 54
74 79
74 41
0 57
0 74
13 34
86 8
30 73
