47
58
49
33
23
18
84
1
48
27
55
69
98
39
16
89
26
2
52
75
57
13
92
60
90
28
25
36
15
45
53
88
12
85
20
31
5
76
77
4
70
61
6
3
67
66
37
94
100
37 22
29 99
6 12
89 12
73 10
37 35
86 89
54 90
79 52
1 45
48 61
5 93
82 13
88 77
12 57
30 17
2 91
20 52
24 12
28 35
50 60
81 89
79 13
85 99
52 56
94 79
22 99
59 99
52 17
71 52
31 2
2 68
75 26
26 64
4 89
38 4
89 57
57 99
30 75
13 40
16 92
68 16
92 17
60 90
25 28
5 25
42 76
39 36
36 85
75 39
15 98
98 53
45 15
88 45
53 85
54 96
96 88
12 59
69 26
7 69
46 85
94 31
31 20
55 64
20 55
25 27
27 10
55 24
4 39
77 4
13 48
48 27
93 70
76 5
70 4
61 39
54 1
1 6
6 3
3 46
84 64
37 84
28 84
45 28
90 78
41 18
18 67
35 98
66 23
23 46
37 66
33 57
13 33
20 49
49 10
1 74
94 37
42 94
0 58
58 64
