97
87
1
79
53
9
65
80
72
95
52
30
93
44
89
26
60
36
14
70
41
82
7
76
24
15
64
97
12
90
8
34
25
49
91
96
75
10
85
83
94
58
21
66
92
56
40
51
61
19
48
29
55
69
20
54
84
28
38
16
81
3
33
45
57
6
23
67
5
68
62
37
78
31
98
11
59
43
86
4
77
22
88
46
17
2
27
74
32
71
50
18
39
73
35
42
63
13
209
0 99
0 13
13 99
63 99
0 63
0 42
42 99
0 35
35 99
73 99
0 73
39 73
0 39
18 99
0 18
0 50
50 99
0 71
71 99
50 32
32 99
13 74
50 13
74 99
0 27
27 99
74 2
2 99
17 99
0 17
0 46
46 99
88 32
27 88
22 17
0 22
77 2
0 77
27 4
4 99
46 86
86 99
0 43
43 99
32 59
59 99
27 11
11 99
98 99
0 98
31 59
88 31
78 99
43 78
50 37
37 99
62 78
86 62
43 68
68 78
11 5
5 78
86 67
67 99
23 99
0 23
6 99
0 6
57 6
0 57
45 99
0 45
17 45
33 17
0 33
3 78
0 3
81 17
0 81
16 74
74 6
0 16
38 86
86 13
0 38
28 74
3 28
3 84
84 6
3 54
54 45
0 20
20 78
3 69
69 99
54 55
55 6
29 17
33 29
48 84
0 48
19 2
0 19
61 59
31 81
20 61
84 51
51 55
33 40
40 45
56 45
0 56
92 99
56 92
66 17
0 66
20 21
21 55
66 58
58 99
21 94
94 55
20 83
83 6
85 81
0 85
0 10
10 45
66 75
75 92
61 96
96 45
20 91
91 92
49 78
0 49
20 25
25 16
16 55
34 6
0 34
8 83
0 8
0 90
90 99
51 34
0 12
12 51
97 40
12 97
64 99
90 64
15 16
12 15
24 88
32 34
0 24
54 34
46 54
76 46
0 76
7 6
76 7
82 6
0 82
76 41
41 74
70 92
0 70
41 14
14 92
16 36
36 99
74 60
60 34
90 68
68 26
26 60
89 45
12 89
44 99
15 44
76 93
93 55
0 30
30 34
34 52
52 99
95 99
76 95
72 88
0 72
0 80
80 54
30 35
35 65
65 52
90 9
9 92
0 53
53 92
18 95
79 18
0 79
53 93
93 1
1 52
80 87
87 52
