92
57
6
19
32
4
53
85
84
78
21
23
65
68
58
41
46
80
36
35
18
79
1
37
8
52
73
64
3
71
91
70
93
14
45
61
31
81
67
28
44
90
48
29
17
51
26
77
2
27
83
62
76
7
30
47
87
5
42
92
24
56
40
74
39
88
69
33
38
75
72
60
11
55
63
12
10
34
82
43
86
22
89
13
16
50
66
20
9
49
15
59
54
200
0 94
0 54
54 94
59 94
0 59
0 15
15 94
0 49
49 94
0 9
9 94
20 94
0 20
15 66
66 94
50 66
0 50
0 16
16 94
0 13
13 94
0 89
89 94
22 94
0 22
0 86
86 94
89 43
43 94
0 82
82 94
0 34
34 94
10 22
34 10
49 12
34 49
12 94
0 63
63 94
63 55
55 94
0 11
11 94
60 94
0 60
34 72
72 94
63 75
75 94
11 38
38 94
82 33
33 94
34 89
69 33
89 69
0 88
88 94
88 86
86 10
10 39
39 33
74 33
34 74
40 33
0 40
34 56
56 94
34 24
24 94
88 92
92 94
42 10
33 24
0 42
34 5
5 94
0 87
87 94
0 47
47 94
34 30
30 94
7 10
10 30
0 7
76 92
0 76
47 62
62 30
83 86
88 34
0 83
27 33
83 27
88 2
2 50
50 30
77 63
63 24
0 77
26 34
83 26
51 94
63 51
17 34
77 17
63 29
29 17
86 48
48 38
38 30
90 34
83 90
86 44
44 51
0 28
28 44
75 67
83 75
67 94
81 27
28 81
31 34
0 31
31 61
61 51
77 45
45 30
14 83
0 14
31 93
93 94
0 70
70 61
91 33
0 91
71 62
0 71
3 50
14 3
14 64
64 30
73 67
28 73
52 67
0 52
8 34
14 8
70 37
37 11
1 67
70 1
79 94
0 79
18 22
70 18
22 67
35 49
37 35
49 30
36 79
0 36
64 80
80 67
0 46
46 94
28 41
41 94
37 58
58 51
64 68
68 30
0 65
65 94
0 23
23 94
37 21
21 30
78 30
0 78
84 94
21 84
85 51
0 85
70 53
53 65
4 25
0 4
25 79
32 26
70 32
26 84
53 19
19 94
0 6
6 94
0 57
57 94
