75
43
38
23
48
26
16
30
14
35
40
42
21
6
44
3
31
17
39
19
24
9
27
12
46
29
18
34
15
4
37
41
28
11
5
36
2
22
1
13
8
33
25
32
7
47
20
10
20
32
9
46
2
39
9
37
31
17
2
21
21
31
31
9
14
7
31
1
22
24
40
31
14
1
11
14
160
0 49
32 45
20 47
10 49
0 10
20 49
0 20
47 49
0 47
47 49
0 20
7 49
0 7
0 32
32 49
25 49
0 25
33 49
0 33
45 25
25 49
0 32
8 49
0 8
13 49
0 13
0 1
1 49
22 49
0 22
2 13
13 49
0 2
36 49
0 36
0 5
5 49
1 11
11 49
0 1
5 28
28 49
0 5
41 49
0 41
41 37
37 49
0 41
41 37
11 41
4 11
37 49
0 4
41 37
15 41
37 49
0 15
15 34
33 37
34 33
37 49
0 15
18 49
0 18
29 37
15 29
37 49
0 15
22 28
15 22
28 46
46 49
0 15
12 29
29 37
37 49
0 12
27 49
0 27
41 37
9 41
37 49
0 9
24 49
9 24
0 9
19 46
46 49
0 19
39 49
0 39
2 17
39 2
17 49
0 39
9 31
31 49
0 9
3 37
37 49
0 3
31 49
44 31
0 44
13 2
6 13
2 17
17 49
0 6
21 49
0 21
21 49
42 21
0 42
0 40
21 49
40 21
0 35
31 49
35 31
0 14
31 49
14 31
14 30
9 31
0 14
31 49
30 9
14 16
0 14
7 31
16 7
31 49
15 26
29 12
30 1
14 30
1 29
0 14
12 22
26 49
22 15
48 24
40 48
0 40
24 49
23 31
14 23
0 14
31 49
30 1
29 11
14 30
1 29
38 49
0 14
11 38
0 14
43 49
14 43
