54
25
3
5
23
37
24
30
33
14
31
39
43
7
9
21
35
1
20
34
6
28
27
32
12
26
42
18
4
11
4
4
29
4
22
10
12
20
21
12
12
22
22
12
32
42
14
39
36
20
39
23
37
20
3
140
0 44
10 15
40 41
4 41
19 29
22 44
13 8
13 41
19 16
17 22
11 38
10 11
19 16
4 19
19 16
0 4
4 13
0 4
17 22
4 19
0 4
22 44
4 19
0 4
29 22
22 44
0 4
40 18
18 44
22 44
16 22
0 10
22 44
42 22
0 42
11 26
22 44
26 22
10 11
0 10
4 12
29 11
12 29
11 26
22 44
26 22
0 4
4 32
32 17
22 44
17 22
0 4
22 44
27 22
0 27
40 28
22 44
28 22
6 32
32 17
22 44
17 22
0 6
22 44
34 22
0 34
20 18
18 26
22 44
26 22
0 20
27 1
1 44
0 27
19 35
35 26
20 19
22 44
26 22
0 20
10 21
20 12
12 10
21 22
22 44
0 20
10 21
20 12
9 22
21 9
12 10
22 44
0 20
20 12
12 7
7 22
22 44
0 20
0 43
43 44
39 17
22 44
17 22
0 39
13 32
20 12
12 13
32 31
31 44
0 20
0 14
14 44
42 33
14 42
33 44
0 14
30 44
0 30
36 24
39 36
24 44
0 39
20 37
37 44
0 20
39 23
23 44
0 39
17 23
5 17
0 5
23 44
8 20
3 8
20 37
0 3
37 44
0 3
3 25
25 44
