79
22
31
2
43
28
37
25
21
40
7
36
11
8
27
42
1
26
47
48
30
13
38
45
20
33
41
19
44
39
5
23
14
3
16
32
29
34
18
10
12
15
6
9
46
4
24
17
41
24
30
41
30
41
47
41
41
47
27
39
5
20
11
8
39
24
45
48
11
47
25
47
42
25
34
47
8
47
28
47
159
0 49
0 17
17 49
24 49
0 24
0 4
4 49
46 49
0 46
9 49
0 9
6 49
0 6
6 15
15 49
0 6
0 12
12 49
10 15
15 49
0 10
18 49
0 18
0 34
34 49
0 29
29 49
0 32
32 49
32 16
16 18
0 32
18 49
0 3
3 49
3 14
0 3
14 49
0 23
23 49
5 14
0 5
14 49
5 39
0 5
39 49
5 17
9 44
17 9
0 5
44 49
5 17
17 19
0 5
19 49
5 17
0 5
41 49
17 41
5 33
0 5
33 49
19 20
5 17
17 19
20 41
0 5
41 49
0 45
45 49
17 38
5 17
0 5
38 49
45 13
0 45
13 41
41 49
45 24
0 45
24 30
30 41
41 49
0 48
30 41
48 30
41 49
0 47
30 41
47 30
41 49
0 47
26 41
47 26
41 49
0 1
1 49
42 41
0 42
41 49
0 47
47 27
27 49
0 47
47 27
39 8
27 39
8 49
5 11
11 49
0 5
42 36
20 11
36 20
0 42
11 49
0 7
39 8
7 39
8 49
24 40
40 5
5 11
45 24
0 45
11 49
21 11
0 48
48 21
11 49
0 47
47 25
25 49
0 47
25 37
37 11
47 25
11 49
42 28
28 49
0 42
0 47
43 34
26 43
25 26
47 25
34 28
28 49
0 47
2 49
47 2
0 47
31 8
47 31
8 49
0 47
22 28
47 22
28 49
