66
6
4
13
18
31
38
29
43
19
1
23
11
3
16
34
36
17
12
21
24
37
15
27
8
2
41
7
5
39
22
9
10
25
9
30
37
30
26
30
34
26
37
30
34
37
11
37
34
26
22
1
1
30
23
30
1
34
1
34
34
26
34
15
13
31
34
161
0 46
0 14
20 46
30 46
33 46
33 40
35 40
33 45
40 28
40 28
33 45
40 28
40 28
25 46
20 25
10 46
20 10
20 9
9 26
26 10
10 46
22 10
20 22
10 46
20 9
9 26
26 30
30 46
39 30
0 39
30 46
35 30
42 5
5 28
30 46
42 7
35 30
7 35
41 28
42 41
2 26
30 46
42 2
26 30
30 46
8 26
26 30
0 8
22 40
30 46
40 35
0 27
27 22
35 30
30 46
42 15
15 30
30 46
37 30
0 37
2 26
24 2
27 24
30 46
0 27
26 30
0 14
30 46
14 21
37 30
21 37
12 37
30 46
37 30
0 12
0 14
14 17
17 46
30 46
37 30
0 36
36 37
0 34
34 26
30 46
26 30
0 34
34 26
30 46
26 16
16 30
30 46
37 30
0 3
3 37
0 34
11 37
30 46
37 30
34 11
14 23
11 37
0 14
30 46
37 30
23 11
0 34
35 1
34 26
30 46
1 30
26 35
0 34
26 2
2 19
34 26
19 40
40 22
22 1
30 46
1 30
0 43
30 46
1 30
43 1
14 23
0 14
23 29
30 46
29 30
0 34
26 2
2 38
34 26
30 46
1 30
38 1
0 34
35 1
34 31
30 46
1 30
31 35
0 34
34 26
26 18
18 46
0 34
13 46
34 13
0 34
26 2
15 13
4 15
34 26
2 4
13 46
0 34
31 6
34 31
6 46
