49
5
19
40
8
9
40
40
26
40
20
26
40
20
26
19
48
20
19
26
25
48
19
26
48
13
19
13
48
19
13
48
47
13
48
5
13
9
5
13
9
5
13
9
5
13
9
5
42
13
223
42 43
2 3
11 12
42 17
8 9
46 47
12 13
38 13
47 48
25 26
48 49
45 20
1 26
35 36
9 10
31 32
28 29
7 8
8 33
28 29
28 29
31 32
39 40
40 15
28 29
34 9
31 32
39 40
40 15
28 29
31 32
39 40
40 15
28 29
35 36
31 32
39 40
40 15
26 27
28 29
1 26
35 36
31 32
39 40
40 15
26 27
20 21
28 29
1 26
35 36
18 19
31 32
39 40
19 20
40 15
26 27
20 21
28 29
1 26
35 36
18 19
31 32
23 48
39 40
19 20
40 15
26 27
20 21
28 29
48 49
35 36
18 19
31 32
23 48
0 25
39 40
19 20
40 15
26 27
20 21
28 29
25 26
48 49
35 36
18 19
31 32
0 25
39 40
19 20
40 15
26 27
20 21
28 29
47 48
25 26
48 49
35 36
18 19
31 32
13 14
0 25
19 20
26 27
20 21
28 29
47 48
25 26
48 49
35 36
18 19
31 32
13 14
0 25
19 20
26 27
20 21
28 29
12 13
47 48
25 26
19 44
48 49
35 36
18 19
31 32
13 14
0 25
26 27
28 29
5 6
46 47
12 13
47 48
25 26
19 44
4 5
48 49
35 36
18 19
31 32
13 14
0 25
26 27
5 6
46 47
12 13
47 48
25 26
19 44
4 5
9 10
48 49
18 19
13 14
0 25
7 8
26 27
13 38
8 9
5 6
46 47
12 13
47 48
25 26
19 44
4 5
9 10
48 49
18 19
0 25
39 40
7 8
40 41
26 27
42 17
13 38
8 9
5 6
46 47
12 13
47 48
25 26
19 44
4 5
9 10
48 49
18 19
0 25
39 40
7 8
40 41
26 27
11 12
42 17
13 38
8 9
5 6
46 47
12 13
47 48
19 44
4 5
9 10
48 49
18 19
39 40
7 8
40 41
2 3
11 12
13 38
8 9
5 6
46 47
12 13
47 48
4 5
9 10
48 49
41 42
39 40
7 8
40 41
