78
48
10
45
28
35
41
32
24
38
1
2
38
25
1
38
1
2
25
38
38
1
38
1
2
32
38
1
38
1
8
7
41
47
38
41
46
40
2
32
16
28
28
2
9
8
7
38
39
2
32
16
28
18
19
28
16
28
17
28
2
28
2
28
6
7
9
10
9
6
46
38
45
10
9
6
46
38
45
149
3 22
2 5
0 1
6 9
6 7
4 28
43 49
15 16
19 18
21 32
38 39
9 8
30 18
31 16
40 46
41 47
32 31
37 29
14 31
25 26
1 38
38 37
3 2
2 1
1 38
38 37
13 25
3 2
2 1
1 38
38 37
3 2
2 1
24 25
23 24
14 31
1 38
38 37
25 13
3 2
2 1
32 33
1 38
38 37
37 32
3 2
2 1
1 38
38 37
3 2
2 1
1 38
38 37
37 32
3 2
2 1
38 41
1 38
41 42
3 2
2 1
35 8
36 35
7 49
8 7
47 46
38 41
1 38
3 2
2 1
41 40
46 39
38 41
1 38
3 2
2 1
2 28
3 2
28 42
32 31
29 37
2 28
16 17
37 32
3 2
28 29
2 28
3 2
28 29
5 9
7 49
8 7
1 38
39 18
3 2
2 1
31 16
32 31
2 28
16 17
28 20
3 2
20 19
2 28
18 17
28 20
3 2
28 27
2 28
17 49
16 17
3 2
2 28
45 49
42 45
3 2
28 42
2 28
3 2
28 42
43 49
28 42
5 6
7 49
9 10
10 49
5 9
9 10
10 49
5 6
38 39
39 46
1 38
46 45
45 49
6 9
0 1
9 10
10 49
5 6
1 2
0 1
38 39
46 48
48 49
39 46
1 38
22 45
45 49
