58
42
3
26
14
9
23
22
36
33
43
43
25
20
33
25
38
33
25
35
33
25
36
20
38
13
45
36
20
17
5
33
25
15
36
5
5
21
33
45
17
4
45
18
14
38
33
45
17
14
23
33
47
45
27
47
31
26
47
99
47 26
12 27
0 47
33 46
46 45
21 5
6 15
5 49
8 20
36 16
35 1
41 20
16 43
40 30
40 30
43 1
11 33
16 43
40 30
43 1
33 25
11 33
25 29
40 30
20 17
33 25
38 36
36 6
34 38
22 32
15 22
11 33
25 29
33 25
11 33
25 29
15 35
33 25
41 20
38 36
20 17
34 38
23 13
45 17
46 23
13 45
36 16
38 36
20 17
34 38
11 33
25 29
33 25
5 49
38 36
15 5
36 6
34 38
5 49
11 33
25 29
29 21
33 25
17 49
45 17
4 9
9 39
46 45
11 4
17 49
45 17
14 18
18 1
12 14
38 26
14 38
12 14
26 49
46 45
17 49
11 33
45 17
3 23
14 3
5 49
12 14
23 5
33 46
46 45
17 49
47 33
45 17
27 1
0 47
47 42
42 31
31 49
0 47
26 49
