44
32
16
19
36
21
17
6
3
15
9
34
27
22
42
4
14
18
24
8
41
30
10
30
26
5
20
37
22
26
42
20
20
34
20
42
3
42
9
9
9
17
19
33
15
86
2 34
37 38
0 26
31 40
2 37
35 10
10 5
30 29
35 30
41 35
31 41
30 29
35 30
30 29
35 30
13 8
2 37
10 5
8 10
2 37
37 24
30 29
24 30
37 24
30 29
26 37
24 30
18 5
2 18
14 30
2 14
30 29
4 29
2 4
0 42
5 20
20 12
42 5
38 22
22 12
0 26
38 22
22 12
26 37
42 27
0 42
20 12
27 20
34 29
0 34
9 20
20 12
0 9
34 29
0 15
15 20
20 12
42 3
3 12
0 42
10 6
3 10
42 3
0 42
6 43
9 17
17 43
0 9
21 12
2 21
9 36
36 43
0 9
9 19
19 43
0 9
28 17
9 19
17 9
16 40
0 16
19 43
32 43
0 15
15 33
33 32
