85
43
30
20
1
41
4
35
15
46
25
27
36
3
37
31
33
26
16
7
44
19
47
42
18
11
9
10
48
6
45
12
14
22
28
29
17
23
24
2
21
5
39
38
13
34
32
40
13
42
10
47
10
7
47
44
42
23
44
16
33
44
39
44
10
3
31
18
16
44
13
33
36
44
15
13
32
36
19
36
41
47
44
33
17
15
170
0 49
32 13
0 40
40 49
0 32
32 49
34 49
0 34
13 49
0 13
13 49
0 32
0 38
38 49
39 13
13 49
0 39
5 49
0 5
38 21
21 49
0 38
2 49
0 2
24 49
0 24
21 24
23 21
24 49
0 23
17 24
24 49
0 17
29 49
0 29
28 24
24 49
0 28
22 24
24 49
0 22
28 14
14 24
24 49
0 28
12 49
0 12
45 49
0 45
6 22
22 24
24 49
0 6
48 49
0 48
10 49
0 10
9 12
12 49
0 9
11 45
45 49
0 11
18 13
13 10
10 49
0 18
42 10
10 49
0 42
14 10
47 14
10 49
0 47
14 10
28 14
19 28
0 19
10 49
0 44
42 10
44 42
10 49
14 10
7 47
47 14
0 7
10 49
47 38
7 47
38 16
0 7
16 49
26 24
42 26
0 44
44 42
24 49
0 44
44 33
23 10
33 23
10 49
0 31
31 49
0 44
33 37
37 48
44 33
48 16
16 49
0 44
39 3
44 39
3 49
0 44
14 10
44 36
36 14
10 49
27 3
0 27
3 49
18 7
0 31
7 47
47 25
31 18
25 49
0 44
46 16
44 33
33 46
16 49
0 44
44 33
13 15
15 49
33 13
0 44
44 36
36 35
35 49
13 15
0 4
15 49
4 13
0 44
44 36
32 41
41 49
36 32
19 1
0 44
44 36
36 19
1 49
0 20
41 49
20 47
47 41
0 44
44 33
33 30
30 49
17 13
43 17
0 43
13 15
15 49
