81
36
37
8
11
47
21
38
7
43
17
10
48
39
6
45
28
30
42
25
34
16
14
1
9
44
23
33
29
24
18
35
2
26
13
3
15
41
20
32
12
40
5
46
27
4
22
19
19
9
16
9
19
34
9
14
1
30
9
9
44
9
6
9
44
6
1
6
39
6
9
10
43
48
6
43
3
9
6
9
21
6
177
0 49
22 19
19 49
0 19
0 22
22 49
0 4
4 49
22 27
0 22
27 49
22 46
0 22
46 49
0 22
19 49
5 46
0 5
46 49
0 40
40 49
0 12
12 49
32 40
0 32
40 49
20 49
0 20
41 40
40 46
46 20
0 41
20 49
41 15
0 41
15 49
5 3
3 49
0 5
0 41
41 13
13 49
0 26
26 49
0 2
2 49
19 22
35 19
22 2
0 35
2 49
5 3
18 5
35 18
0 35
3 49
35 24
0 35
24 49
5 3
35 41
29 5
41 29
0 35
3 49
33 13
0 33
13 49
5 3
23 31
31 5
0 23
3 49
35 24
0 35
24 44
44 49
0 9
9 20
20 49
0 1
1 49
0 1
1 14
14 49
9 16
0 9
16 49
9 16
0 9
16 34
34 49
0 9
19 25
9 31
31 19
25 49
31 42
0 9
9 31
42 34
34 49
0 1
1 14
14 30
30 49
35 28
0 9
28 30
9 35
30 49
0 9
9 31
31 45
45 49
9 6
0 9
6 44
44 49
9 6
0 9
6 39
39 49
48 44
9 6
0 9
6 48
44 49
0 1
1 10
10 49
9 6
39 17
0 9
6 39
17 49
9 6
18 5
5 43
6 27
0 9
27 18
43 49
10 7
0 1
1 10
7 43
43 49
9 6
0 9
6 48
48 38
38 49
9 6
3 5
6 21
21 3
5 43
0 9
43 49
47 49
0 47
0 11
11 49
0 9
9 8
8 49
39 37
9 6
0 9
37 49
6 39
9 6
21 36
6 21
0 9
36 49
