79
46
38
16
22
42
21
6
14
12
37
28
8
35
18
4
40
25
23
39
30
41
34
13
44
48
45
11
32
27
19
2
17
31
15
1
9
26
7
24
36
47
5
3
29
10
20
43
10
32
13
48
27
15
17
32
23
30
32
32
18
4
32
29
4
48
17
4
35
4
8
12
8
4
35
31
4
42
16
29
156
20 10
43 49
0 43
0 20
20 49
10 49
0 10
29 49
0 29
10 49
0 20
0 3
3 49
0 5
5 49
0 47
47 49
0 36
36 49
0 24
24 49
7 49
0 7
0 26
26 49
9 49
0 9
26 1
0 26
1 49
15 9
0 15
9 49
31 1
0 31
1 49
29 9
17 29
0 17
9 49
26 2
2 29
29 9
0 26
9 49
19 7
0 19
7 49
27 29
29 9
0 27
9 49
32 29
29 9
0 32
9 49
0 32
32 11
11 49
0 45
45 49
0 48
48 7
7 49
48 44
0 48
44 49
47 13
32 31
31 47
13 49
0 32
48 34
0 48
13 49
34 13
48 41
41 13
0 48
13 49
32 30
30 13
13 49
0 32
0 48
48 39
39 49
27 15
15 23
23 49
0 27
32 17
17 25
0 32
25 49
40 23
23 49
0 40
32 30
30 4
4 49
0 32
32 18
0 32
18 49
35 4
18 35
32 18
4 49
0 32
29 8
32 29
8 49
0 32
48 28
28 4
4 49
0 48
17 37
37 4
32 17
4 49
0 32
0 12
12 49
35 4
14 35
4 49
0 14
0 12
6 8
12 6
8 49
0 21
8 49
21 8
0 42
42 49
42 22
35 4
22 35
0 42
4 49
0 16
16 1
1 31
35 4
31 35
4 49
42 38
38 49
0 42
0 16
46 49
29 46
16 29
