62
5
6
3
13
37
7
32
27
19
15
44
26
38
46
46
15
46
38
27
38
27
12
23
1
27
12
27
14
38
27
44
14
42
4
19
32
42
38
27
38
27
38
19
26
38
42
4
7
3
6
3
19
3
42
19
3
13
19
3
26
42
13
122
0 42
26 43
16 17
44 42
34 10
45 27
19 16
21 40
14 21
1 24
12 23
17 1
18 46
16 26
41 43
10 11
44 18
40 44
10 11
26 38
10 11
46 30
15 46
24 15
15 18
46 30
24 15
10 19
19 46
46 30
38 43
9 27
27 38
38 43
9 27
27 38
38 43
23 1
4 12
9 27
27 38
12 23
38 43
23 1
4 12
9 27
27 38
38 43
4 14
20 27
27 38
44 18
14 21
18 27
38 43
4 14
40 44
27 38
16 26
42 32
38 43
32 48
4 42
34 4
26 38
16 26
42 32
38 43
4 42
34 4
26 38
32 19
22 7
38 43
7 38
38 43
29 37
9 27
27 38
37 9
38 43
27 38
10 19
19 16
16 26
38 43
26 38
13 49
42 13
4 42
34 4
0 3
3 41
41 43
6 43
11 6
7 11
3 7
0 3
5 11
6 43
11 6
3 5
0 3
19 46
3 19
18 44
46 18
13 49
42 13
0 3
19 16
3 19
13 49
17 13
0 3
19 16
3 19
16 26
0 3
13 49
42 13
