79
39
9
11
1
18
15
16
19
34
28
32
10
22
4
3
12
44
31
42
14
5
43
24
37
6
40
23
13
29
8
7
46
20
41
36
30
27
26
2
21
17
45
25
33
35
43
7
23
7
23
8
2
43
43
8
31
43
37
3
10
4
24
43
7
4
43
28
21
7
43
19
3
34
7
43
8
1
7
8
159
0 47
0 35
35 47
33 47
0 33
0 25
25 47
45 47
0 45
17 47
0 17
21 47
0 21
2 47
25 2
0 25
26 47
0 26
33 26
27 33
26 47
0 27
30 47
0 30
36 30
30 47
27 36
0 27
41 2
2 47
0 41
20 47
0 20
46 47
0 46
7 47
0 7
8 47
0 8
8 47
29 8
0 29
0 13
13 47
8 47
0 23
23 8
8 47
40 8
23 40
0 23
2 8
41 2
8 47
6 41
0 6
2 8
8 47
37 2
0 37
24 47
23 24
0 23
0 43
24 47
43 24
13 5
8 47
5 40
40 8
0 13
8 47
14 8
0 14
7 47
27 42
0 43
42 7
43 27
7 47
0 43
31 7
43 31
7 47
44 7
23 44
0 23
23 12
8 47
12 8
0 23
2 8
8 47
3 2
0 43
43 3
8 47
0 43
43 4
4 8
7 47
22 31
43 22
0 43
31 7
4 10
37 3
2 8
10 37
8 47
3 2
0 43
43 4
4 10
10 32
0 43
32 47
43 4
28 24
43 28
0 43
24 47
7 47
34 7
0 34
19 47
4 19
0 43
43 4
24 21
21 16
28 24
16 47
43 28
0 43
43 15
7 47
0 43
15 7
18 3
3 19
19 47
43 18
0 43
1 34
7 47
34 7
0 1
43 11
8 47
11 8
0 43
1 9
9 7
7 47
0 1
8 47
39 8
0 39
