48
7
11
23
6
36
4
32
13
14
15
25
26
21
12
34
9
38
37
19
27
16
17
10
35
18
33
5
5
18
33
27
24
19
37
26
35
19
3
27
15
14
3
19
35
19
23
35
3
118
0 3
5 20
0 1
19 35
18 24
16 29
30 1
2 22
18 28
24 1
29 5
22 20
5 24
29 5
5 24
0 33
33 2
22 20
0 18
22 20
18 22
30 35
35 22
22 20
0 18
22 20
0 33
33 2
22 20
8 10
10 20
8 17
17 39
0 16
16 31
30 27
27 39
0 19
19 22
22 20
0 37
37 20
29 27
0 16
27 39
0 18
24 17
17 39
0 38
38 39
0 19
35 30
30 27
27 39
19 28
28 9
0 19
9 27
27 39
19 35
35 34
0 19
34 27
27 39
19 28
9 2
28 9
0 19
2 12
12 31
37 5
0 37
0 1
1 21
21 39
0 26
26 39
19 35
0 19
35 25
25 39
3 26
26 39
19 35
0 19
35 15
15 39
0 3
3 14
14 39
0 13
13 39
27 15
0 3
3 32
32 27
15 39
0 3
14 4
3 14
4 39
0 36
36 39
19 6
0 19
6 39
23 39
19 35
0 19
35 23
3 11
23 39
0 3
11 35
35 23
0 3
3 7
7 39
