83
40
17
31
33
11
8
36
35
2
1
30
4
39
13
32
28
6
22
15
10
47
34
44
3
45
46
9
25
24
23
14
5
12
41
19
48
38
7
29
37
43
27
16
18
42
26
20
16
34
48
3
48
47
19
27
34
3
48
44
3
48
3
5
48
45
19
4
28
28
13
37
45
46
4
26
13
3
1
33
8
3
8
33
178
0 49
21 16
20 49
0 20
26 49
0 26
42 49
0 42
0 18
18 49
16 49
0 16
16 49
18 27
27 49
0 18
43 49
0 43
37 27
27 49
0 37
29 49
0 29
7 49
37 7
0 37
38 49
0 38
48 49
0 48
48 49
19 48
0 19
48 49
41 26
26 48
0 41
12 16
48 49
16 48
0 12
48 49
5 48
12 5
0 12
48 49
12 14
14 48
0 12
23 5
48 49
12 14
14 23
5 48
0 12
24 49
0 24
24 25
25 49
0 24
9 19
19 25
25 49
0 9
9 46
46 49
0 9
9 45
48 49
45 48
0 9
48 49
3 48
0 3
48 49
12 24
44 29
29 12
3 48
24 3
0 44
48 49
3 48
0 34
34 3
9 45
47 9
48 49
0 47
45 48
48 49
34 10
0 34
10 48
48 49
3 48
15 3
0 15
9 19
47 9
22 49
19 22
0 47
27 6
34 27
6 49
0 34
48 49
0 28
3 48
24 3
28 24
32 3
48 49
3 48
44 32
0 44
0 13
48 49
3 48
13 3
39 5
48 49
28 39
0 28
5 48
19 9
9 45
0 13
45 4
4 49
13 19
28 30
4 49
0 28
30 4
1 49
0 28
28 1
0 13
13 37
48 49
2 48
37 2
46 9
9 45
0 35
45 4
35 46
4 49
26 4
0 13
36 26
13 37
37 36
4 49
3 8
8 49
0 13
13 3
11 49
0 11
0 33
33 49
31 1
29 31
33 29
0 33
1 49
0 17
3 8
8 49
17 3
3 8
8 49
40 3
0 33
33 40
