123
47
48
24
45
4
1
34
38
35
39
41
25
40
43
5
23
7
28
44
13
23
13
5
17
23
5
17
43
17
30
9
43
40
17
3
25
40
43
14
40
7
9
25
40
9
25
2
40
25
17
40
40
28
9
41
23
36
23
14
40
23
7
40
36
43
41
36
35
43
23
22
41
14
4
2
14
22
40
23
23
28
14
34
9
7
31
23
25
31
44
7
40
9
4
41
31
25
45
31
36
41
31
27
4
24
41
31
27
4
24
9
27
41
31
40
7
44
9
34
30
27
41
31
239
0 3
9 34
0 40
46 27
9 4
19 24
5 44
25 45
31 41
40 7
31 37
9 32
28 23
16 22
14 10
35 36
36 43
22 23
33 28
42 17
10 2
6 25
10 33
3 37
32 30
3 17
20 29
15 28
20 29
28 8
44 49
7 44
15 7
20 29
13 23
23 49
20 29
29 13
26 5
13 23
23 49
20 29
29 13
5 42
26 5
13 23
23 49
20 29
29 13
17 6
5 42
3 17
43 8
26 5
20 43
17 6
5 42
3 17
43 8
30 3
20 43
17 6
9 40
40 16
43 8
0 9
20 43
9 40
3 17
17 25
40 16
0 9
25 23
23 49
9 40
37 25
40 16
0 9
25 23
23 49
42 3
41 46
14 41
43 8
12 14
20 43
9 40
44 49
40 16
7 44
0 9
15 7
9 40
40 16
0 9
25 23
23 49
6 25
9 40
2 6
40 16
0 9
25 23
23 49
9 40
17 25
40 16
0 9
25 23
23 49
10 33
9 40
40 16
0 9
28 8
39 21
26 39
41 36
14 41
12 14
23 49
36 22
35 13
13 23
12 14
14 35
23 49
9 40
40 38
0 9
13 23
38 13
23 49
34 7
9 40
44 49
40 16
7 44
0 9
16 34
41 36
14 41
43 8
12 14
36 43
43 8
12 14
14 35
22 23
26 1
1 22
23 49
4 8
41 4
14 41
12 14
2 4
10 2
4 8
12 14
22 23
9 40
40 16
0 9
23 49
33 28
14 10
10 33
12 14
23 49
32 34
34 7
44 49
7 44
0 9
0 31
37 25
25 23
23 49
0 31
44 49
45 44
31 45
9 40
44 49
7 44
0 9
4 8
0 31
41 4
31 37
0 31
37 25
44 49
45 44
31 41
0 31
41 36
44 49
36 5
24 27
27 49
12 24
31 41
4 19
24 27
0 31
27 49
41 4
48 27
0 31
27 49
31 48
19 24
4 19
24 27
27 49
0 9
31 41
0 31
27 49
41 46
40 7
44 49
7 44
34 30
30 48
0 40
48 27
27 49
40 9
37 31
3 37
46 27
31 41
27 49
41 46
12 47
47 49
