69
19
11
21
18
9
14
10
24
23
24
14
23
33
23
33
23
43
13
28
15
24
24
14
29
24
8
14
11
28
33
30
20
26
16
6
10
11
12
5
19
23
48
9
19
16
9
19
16
11
9
12
9
16
21
6
11
10
9
11
8
8
11
12
8
11
3
4
12
19
145
4 5
0 1
7 8
9 8
7 6
41 40
11 12
0 2
7 9
0 48
17 19
5 6
20 26
28 30
42 40
25 28
43 38
32 34
37 27
33 23
29 24
44 46
15 10
10 16
15 24
14 23
24 14
23 49
14 23
24 14
23 49
30 33
23 49
33 23
30 33
23 49
44 46
37 27
13 43
28 38
13 9
9 15
5 13
15 24
14 23
24 14
23 49
29 24
25 18
14 23
24 14
18 29
23 49
25 21
29 24
21 29
14 23
24 14
23 49
11 8
17 11
8 14
14 23
23 49
17 11
11 22
25 28
33 23
30 33
23 49
42 40
25 21
16 20
26 22
21 16
10 11
42 40
6 10
11 22
19 23
12 19
5 12
35 5
23 49
19 23
23 49
46 44
34 32
42 40
48 46
17 19
21 17
19 23
16 21
9 16
23 49
17 19
21 17
19 23
16 21
2 9
9 16
23 49
0 2
19 23
16 11
12 19
2 9
9 16
23 49
0 2
16 21
2 9
9 16
21 41
10 11
11 12
6 10
19 23
12 19
23 49
11 12
0 2
8 11
19 23
12 19
2 9
23 49
11 12
8 11
19 23
12 19
23 49
11 12
8 11
19 23
3 8
12 19
23 49
0 2
2 4
19 23
12 19
5 12
23 49
