47
31
20
5
22
37
11
21
30
12
7
35
13
15
28
23
33
33
29
26
15
28
26
29
34
26
33
29
4
30
13
29
4
7
29
30
29
33
4
11
36
33
26
11
36
4
36
36
108
17 39
0 36
7 8
3 4
16 39
30 14
27 26
28 8
27 15
26 33
0 29
19 3
33 4
2 33
33 4
2 33
19 23
33 4
2 33
23 9
33 4
2 33
29 36
0 29
24 28
28 34
29 36
28 26
0 29
24 28
33 4
29 36
19 3
26 33
3 15
33 4
15 26
26 33
33 4
15 26
0 29
24 28
29 36
13 32
19 23
23 13
26 33
33 4
0 29
35 33
33 4
29 35
29 7
0 29
7 34
34 4
17 12
26 33
12 26
33 4
0 29
4 39
29 30
30 4
14 13
13 32
0 29
29 30
19 3
19 3
4 39
29 7
0 29
30 14
14 21
0 29
29 30
21 39
11 33
0 11
33 4
4 39
11 33
36 11
33 4
4 39
0 36
11 33
16 39
33 26
37 16
36 11
26 37
0 36
22 3
3 4
4 39
36 22
16 39
5 16
0 5
0 36
24 20
20 39
36 24
0 36
31 39
36 31
