49
31
43
40
13
38
14
28
35
15
11
5
33
29
37
34
27
10
12
1
2
9
23
18
41
39
9
8
24
16
8
39
1
41
39
39
29
16
39
33
33
39
33
16
33
34
33
14
38
33
108
26 39
25 21
42 3
8 32
16 18
22 24
8 3
42 22
39 44
41 7
19 7
39 18
18 26
23 4
30 23
23 41
30 23
23 9
9 32
30 23
3 39
16 9
9 32
39 44
6 8
3 39
42 22
24 36
8 2
39 44
6 8
2 39
42 22
39 44
22 16
18 39
6 8
39 44
3 39
39 44
42 1
1 39
6 12
12 36
0 10
10 26
21 1
39 44
1 39
39 44
0 27
27 39
0 34
34 17
41 37
0 34
34 41
37 39
39 44
29 26
0 29
29 26
39 44
0 29
0 33
16 18
33 16
39 44
18 39
33 20
0 33
20 5
5 44
26 39
33 20
0 33
11 26
20 11
39 44
33 20
0 33
15 17
20 15
35 17
0 35
0 33
33 16
16 28
28 44
0 34
34 14
14 44
33 20
0 33
20 38
38 44
0 13
13 44
40 14
0 40
14 44
43 38
0 43
38 44
33 20
0 33
20 31
31 44
