80
36
34
32
42
21
12
24
13
27
15
48
26
28
37
6
1
40
20
3
41
14
35
23
22
46
10
25
38
2
33
39
44
7
11
30
17
9
4
8
19
18
29
16
47
45
43
31
47
14
41
7
22
45
7
14
22
2
7
7
14
22
41
28
7
6
14
7
14
41
13
7
14
13
12
13
37
42
13
34
13
172
0 49
0 31
31 49
0 43
43 49
45 49
0 45
0 47
47 49
0 16
16 49
0 29
29 49
29 18
0 29
18 49
0 19
19 45
45 49
18 8
31 18
0 19
19 31
8 49
29 4
0 29
4 49
0 9
9 49
19 43
43 17
0 19
17 49
47 30
0 47
30 49
0 19
19 11
11 49
19 7
0 19
7 49
19 7
7 44
0 19
44 49
0 19
19 39
39 49
19 7
7 33
0 19
33 49
2 39
19 2
0 19
39 49
19 7
8 38
44 8
7 44
0 19
38 49
9 25
0 9
25 49
0 10
10 25
25 49
0 46
46 49
0 22
47 25
22 47
25 49
22 23
0 22
23 25
25 49
0 35
35 49
0 14
14 49
0 14
14 47
47 41
41 49
0 14
7 19
14 7
19 3
3 41
41 49
22 45
45 20
0 22
20 49
0 14
7 19
14 7
19 40
40 49
0 22
22 1
1 49
0 14
7 19
14 7
19 2
2 6
6 49
19 37
0 14
7 19
14 7
37 49
28 41
22 28
0 22
41 49
4 28
0 14
26 4
28 41
7 26
14 7
41 49
0 14
14 48
48 6
6 49
15 49
0 15
0 14
27 49
7 19
14 7
19 27
0 13
13 41
41 49
0 13
13 24
24 49
0 14
14 7
12 49
7 12
0 13
13 21
12 49
21 12
37 19
42 37
0 13
13 41
41 42
12 49
19 12
42 37
0 13
13 41
41 42
37 32
32 49
34 49
0 34
0 13
20 34
36 20
13 36
34 49
