76
38
5
4
37
11
44
26
33
22
19
16
16
21
17
19
19
21
21
19
26
39
44
39
46
44
26
11
35
33
11
35
37
11
4
11
15
15
44
27
5
15
27
5
44
4
37
25
4
44
24
4
37
11
4
11
27
4
37
25
27
4
25
27
15
37
25
27
37
27
39
37
46
39
37
27
5
215
45 47
39 41
7 12
37 39
15 20
23 25
27 32
16 21
19 24
20 25
12 17
27 29
13 15
35 40
41 46
34 36
14 16
16 18
14 16
16 18
21 23
34 36
14 19
19 21
34 36
14 19
17 22
19 17
22 24
28 33
21 23
33 31
14 19
19 21
14 19
21 26
26 31
19 21
34 39
39 44
36 34
14 19
44 49
21 26
26 31
19 21
34 39
11 13
39 44
9 11
44 49
22 24
20 22
46 44
14 19
44 49
21 26
26 31
19 21
11 13
9 11
28 33
33 35
37 42
35 37
11 13
9 11
28 33
33 35
6 11
4 6
37 42
35 37
2 4
11 13
28 33
33 35
6 11
4 6
34 39
2 4
11 13
15 17
39 44
17 22
44 49
22 24
34 39
15 17
39 44
10 15
0 5
17 22
44 49
5 10
22 24
22 27
34 39
15 17
39 44
10 15
0 5
17 22
44 49
5 10
27 29
22 27
34 39
39 44
0 5
17 22
44 49
5 10
6 11
4 6
32 37
37 42
25 30
2 4
11 13
4 9
34 39
2 4
24 29
39 44
14 19
44 49
26 28
6 11
4 6
37 42
35 37
2 4
11 16
28 33
33 35
21 26
16 21
33 38
26 28
6 11
4 6
38 40
2 4
11 16
28 33
21 26
20 25
6 11
4 6
32 37
37 42
25 27
2 4
11 13
27 32
16 21
6 11
4 6
32 37
37 42
25 27
2 4
11 16
21 23
27 32
20 25
32 37
37 42
25 27
10 15
0 5
5 10
15 20
27 32
20 25
32 37
25 27
39 44
10 15
0 5
44 49
5 10
37 39
12 17
27 32
32 37
5 7
22 27
39 44
0 5
17 22
44 49
7 12
37 39
41 46
12 17
27 32
32 37
5 7
46 44
22 27
0 5
17 22
44 49
7 12
12 17
27 32
35 40
32 37
5 7
37 35
22 27
0 5
17 22
