44
38
30
9
19
29
6
3
12
40
17
7
35
14
10
15
41
20
18
1
22
33
24
22
33
2
15
18
41
8
10
20
8
41
2
41
10
2
41
15
18
10
1
12
19
107
13 15
25 21
4 13
2 41
8 20
28 31
28 10
15 18
23 44
32 21
34 42
36 27
34 25
24 42
2 24
2 33
33 43
36 27
13 22
22 27
13 22
22 39
33 1
2 33
1 27
2 33
33 43
32 21
18 31
28 18
20 44
28 20
13 41
41 44
32 21
15 39
16 15
2 10
10 21
4 2
18 42
41 44
42 41
16 15
23 44
8 14
4 8
14 23
10 21
32 21
4 8
20 44
41 44
4 2
35 44
16 35
13 41
41 44
34 25
4 13
10 34
13 10
23 44
16 7
7 23
2 41
17 2
4 17
41 44
15 18
25 21
34 25
4 13
18 42
42 34
25 21
4 13
13 40
40 25
23 44
4 12
12 23
25 21
34 25
16 3
3 28
28 10
10 34
6 21
16 6
23 44
0 29
29 23
19 44
0 19
25 21
9 25
0 9
12 30
5 1
1 12
29 5
30 44
0 29
38 19
0 38
19 44
