80
2
8
14
20
26
32
38
3
9
4
10
16
22
28
34
40
5
11
17
23
29
35
41
15
21
27
1
33
37
31
25
19
13
42
36
30
24
18
12
6
6
15
6
15
6
15
6
15
5
6
5
6
5
15
5
15
15
5
15
5
15
5
4
5
4
5
3
4
3
1
1
3
1
3
1
3
1
3
1
3
244
6 49
12 49
18 49
24 49
30 49
36 49
42 49
39 46
0 7
0 13
0 19
0 25
0 31
0 37
44 45
43 44
43 44
44 45
37 44
44 45
31 44
44 45
25 44
44 45
19 44
44 45
13 44
44 45
0 7
33 46
0 7
44 33
33 46
0 1
44 33
1 44
27 46
0 1
44 27
1 44
21 46
0 1
44 21
1 44
15 46
0 1
44 15
1 44
47 42
15 46
0 1
44 15
1 44
47 36
15 46
0 1
44 15
1 44
47 30
15 46
0 1
44 15
1 44
47 24
15 46
0 1
44 15
1 44
47 18
15 46
0 1
44 15
1 44
47 12
15 46
0 1
44 15
1 44
47 6
15 46
0 1
44 15
1 44
6 49
41 6
46 41
15 46
0 1
44 15
1 44
6 49
35 6
46 35
15 46
0 1
44 15
1 44
6 49
29 6
46 29
15 46
0 1
44 15
1 44
6 49
23 6
46 23
15 46
0 1
44 15
1 44
6 49
17 6
46 17
15 46
0 1
44 15
1 44
6 49
11 6
46 11
15 46
0 1
44 15
1 44
6 49
5 6
46 5
15 46
0 1
44 15
1 44
6 49
5 6
40 5
15 40
0 1
44 15
1 44
6 49
5 6
34 5
15 34
0 1
44 15
1 44
6 49
5 6
28 5
15 28
0 1
44 15
1 44
6 49
5 6
22 5
15 22
0 1
44 15
1 44
6 49
5 6
16 5
15 16
0 1
44 15
1 44
6 49
5 6
10 5
15 10
0 1
44 15
1 44
6 49
5 6
4 5
15 4
0 1
44 15
1 44
6 49
5 6
4 5
9 4
0 1
44 9
1 44
6 49
5 6
4 5
3 4
0 1
44 3
1 44
6 49
5 6
4 5
3 4
0 1
38 3
1 38
6 49
5 6
4 5
3 4
0 1
32 3
1 32
6 49
5 6
4 5
3 4
0 1
26 3
1 26
6 49
5 6
4 5
3 4
0 1
20 3
1 20
6 49
5 6
4 5
3 4
0 1
14 3
1 14
6 49
5 6
4 5
3 4
0 1
8 3
1 8
6 49
5 6
4 5
3 4
0 1
2 3
1 2
