41
15
12
22
30
22
29
31
1
5
11
31
17
2
10
31
2
10
31
25
11
31
17
5
11
31
31
5
11
25
29
2
10
21
25
29
1
5
30
29
3
10
90
0 10
3 26
29 26
28 30
25 21
20 26
29 25
13 8
9 19
27 24
26 33
5 7
11 32
25 8
13 31
27 31
6 2
18 14
12 1
17 31
30 22
12 22
15 29
20 10
16 15
25 12
22 29
25 30
22 29
31 23
1 5
30 22
22 12
17 31
11 17
5 11
25 30
31 23
17 31
31 23
26 17
2 10
10 28
10 20
6 2
31 23
2 10
31 23
18 25
13 31
31 17
17 11
13 31
31 17
17 11
11 5
18 14
26 33
31 27
13 31
32 11
5 7
11 5
9 19
25 8
28 29
26 33
10 20
6 2
2 10
29 25
9 19
21 18
26 33
18 14
28 29
12 1
9 19
1 5
30 22
22 12
5 7
9 19
26 33
28 29
6 3
26 33
20 26
26 33
10 20
