48
25
28
12
9
5
17
3
32
2
36
16
6
34
1
23
19
37
31
24
21
30
38
11
33
33
33
30
30
30
24
15
15
38
23
11
24
6
32
19
17
1
17
5
17
5
17
5
3
130
0 39
14 15
11 26
0 7
13 7
18 22
0 4
35 8
14 4
0 14
22 8
20 10
20 33
35 18
33 10
14 33
35 11
11 7
14 38
38 8
35 30
30 7
22 30
30 7
33 22
21 8
20 21
20 33
33 22
35 30
30 7
0 14
30 7
4 30
0 14
30 7
4 30
22 8
0 4
0 24
24 7
0 24
24 13
0 24
31 7
24 31
15 35
24 15
0 24
35 11
0 4
30 37
4 30
37 39
11 26
15 35
0 14
35 11
35 19
19 26
14 15
15 35
0 14
0 4
23 39
4 23
1 26
0 1
34 21
23 39
0 34
21 23
14 6
0 14
6 39
4 16
29 33
0 4
16 29
23 39
33 23
36 38
4 36
0 4
23 39
38 23
0 2
2 39
0 32
11 26
32 11
24 3
0 24
3 39
0 32
17 39
8 17
6 8
15 6
32 15
0 32
5 17
26 19
19 5
17 39
11 26
32 11
2 9
9 1
17 39
0 2
1 17
0 32
30 19
5 17
19 5
17 39
12 30
32 12
30 19
5 17
19 5
28 30
17 39
0 28
0 25
5 17
17 39
25 3
3 5
