36
5
7
2
28
22
33
18
20
4
17
25
24
29
3
29
29
24
19
25
24
24
33
22
22
33
28
28
22
22
28
22
7
10
10
28
16
95
16 35
10 13
0 10
30 22
26 22
33 13
33 11
15 29
21 11
24 34
14 11
27 19
0 32
34 15
21 1
3 9
15 3
29 13
14 29
29 13
14 29
1 32
32 24
24 31
21 1
21 1
29 13
14 29
32 24
24 31
25 14
29 13
0 25
14 29
19 11
24 17
0 32
32 24
17 29
29 13
4 29
29 13
0 4
25 14
0 25
0 32
20 29
8 20
29 13
18 6
0 32
32 1
1 18
34 18
18 6
0 32
32 24
24 34
34 15
0 32
32 24
29 13
33 6
0 33
21 22
22 35
11 21
21 22
0 33
22 35
0 28
28 22
22 35
0 33
28 30
0 28
30 2
2 35
0 7
7 35
28 26
0 28
22 35
28 30
0 28
22 35
5 22
32 5
0 32
22 35
10 7
7 35
0 10
0 28
28 16
