87
1
47
18
11
27
4
22
42
33
24
31
14
6
25
39
29
10
28
7
43
15
7
28
26
15
28
15
15
43
15
7
36
19
21
45
7
45
19
7
15
19
10
29
19
29
21
30
39
39
25
46
41
10
38
16
24
38
25
41
45
25
24
39
41
41
19
29
21
19
24
43
4
22
41
11
31
11
42
43
43
29
21
29
43
4
29
41
171
4 21
44 21
43 9
2 43
19 24
29 49
20 45
20 38
0 2
23 12
41 49
46 44
23 30
19 9
40 32
44 9
26 19
7 45
21 19
16 36
43 44
13 15
35 15
26 15
13 7
38 3
5 43
43 30
38 3
46 7
7 8
28 15
15 44
5 28
38 3
7 8
28 26
15 44
5 28
28 35
15 44
5 28
38 3
15 44
5 43
13 15
7 13
36 7
15 44
0 16
38 10
10 8
38 3
19 2
45 21
16 36
21 19
36 7
19 2
45 21
0 16
16 36
15 26
13 15
7 13
36 7
19 2
0 16
29 17
23 29
38 10
10 8
29 40
23 29
21 19
29 21
23 29
38 39
39 49
25 9
0 25
39 49
30 39
6 17
17 39
39 49
0 6
44 9
25 46
0 25
38 41
14 10
41 49
10 38
0 14
38 41
48 31
31 23
23 12
24 49
16 24
0 16
24 49
34 24
25 20
41 49
38 41
0 25
25 20
45 24
24 49
0 25
33 39
0 2
2 33
39 49
41 49
42 41
48 42
41 49
0 22
22 41
0 4
4 49
19 21
0 2
21 29
2 19
0 2
24 49
2 19
0 2
27 49
2 27
43 4
0 2
4 49
11 41
22 11
41 49
0 22
23 11
18 48
48 31
11 41
31 23
41 49
0 18
42 11
2 43
11 41
0 2
9 42
41 49
29 49
2 43
43 44
0 2
21 29
29 49
2 47
0 2
47 29
29 49
2 43
43 4
0 2
21 29
1 41
0 1
41 49
