61
47
46
13
33
21
44
43
28
17
38
31
8
4
9
45
16
39
37
10
40
7
1
18
32
29
15
11
25
12
14
24
23
6
20
25
25
6
23
25
24
3
3
7
10
37
25
16
3
4
3
3
4
8
17
4
17
3
3
17
17
17
147
3 48
0 36
25 34
23 35
6 24
2 20
41 6
20 26
34 6
22 23
23 34
22 23
6 42
23 34
24 19
30 24
24 19
27 20
26 24
14 19
27 14
27 20
12 48
20 12
25 20
22 25
12 48
20 12
11 35
0 11
25 2
6 34
34 12
22 25
12 48
25 2
22 25
12 48
20 12
41 6
25 2
24 12
22 25
12 48
22 23
34 12
22 25
12 48
24 12
30 24
12 48
27 15
15 19
0 36
23 29
29 48
36 23
0 36
5 32
32 19
0 36
30 3
18 48
0 18
1 48
0 1
0 36
36 7
7 12
12 48
22 40
40 48
10 48
0 10
3 48
0 36
37 3
36 37
7 39
0 36
39 10
36 7
10 48
3 48
2 25
0 16
16 2
37 3
25 37
2 45
0 16
16 2
45 48
3 48
0 9
9 3
36 4
0 36
4 48
4 8
3 48
36 4
0 36
8 3
3 48
0 31
31 3
0 38
38 48
4 8
3 48
0 17
17 4
8 3
0 36
36 28
28 48
43 8
4 43
3 48
0 17
17 4
8 3
43 8
8 12
4 43
12 44
3 48
0 17
17 4
44 3
21 3
3 48
0 17
30 21
17 30
0 33
33 48
0 13
13 48
30 46
0 17
17 30
46 48
47 48
0 17
17 47
