78
2
36
8
17
28
39
30
44
46
12
9
27
20
14
16
26
40
25
41
6
29
33
19
11
22
15
7
24
5
13
18
1
4
32
34
42
45
21
43
23
37
38
10
35
38
10
7
15
7
4
26
4
18
21
15
1
20
1
27
33
19
1
20
1
1
19
15
1
15
1
20
1
1
42
39
1
27
33
171
0 47
38 37
0 3
31 47
35 47
0 35
0 10
10 47
3 38
0 3
38 47
37 47
0 37
3 38
0 3
37 47
0 23
23 47
0 43
43 47
43 21
21 37
0 43
37 47
45 37
0 45
37 47
0 42
42 47
42 43
43 34
0 42
34 47
42 38
38 32
0 42
32 47
0 4
4 47
42 45
1 47
0 42
45 1
1 47
0 42
42 18
18 1
4 3
3 13
0 4
13 47
42 38
38 5
1 47
0 42
5 1
0 24
24 47
7 47
0 7
0 15
15 47
22 1
1 47
0 22
1 47
11 1
0 11
24 35
35 19
19 1
1 47
0 24
0 33
33 47
23 29
29 19
19 1
1 47
0 42
42 23
0 15
6 19
19 1
1 47
15 6
42 41
1 47
0 42
41 1
25 10
10 7
33 25
0 33
7 47
0 15
40 7
15 40
7 47
4 26
0 4
26 47
4 26
26 16
16 47
0 4
14 18
0 15
21 14
18 19
19 1
1 47
15 21
0 15
3 20
20 1
1 47
15 3
27 3
33 27
3 20
0 33
20 1
1 47
33 27
27 9
0 33
1 47
9 1
33 12
12 19
19 1
0 33
1 47
33 46
46 20
0 33
20 1
1 47
44 19
19 1
1 47
0 44
0 15
15 30
19 1
30 19
1 47
0 15
39 1
1 47
15 39
0 15
28 20
15 28
20 1
1 47
42 17
17 1
1 47
0 42
8 39
0 8
39 1
1 47
33 27
36 47
0 33
27 36
0 2
2 47
