71
3
11
12
37
28
17
21
15
7
40
26
5
8
38
32
34
35
36
9
48
42
39
19
44
4
24
45
16
10
27
1
18
20
30
46
25
23
41
14
33
47
2
31
6
22
13
29
6
42
48
39
46
42
34
46
46
38
46
19
5
26
5
46
15
5
6
26
5
5
15
15
151
0 49
6 43
0 29
29 49
0 13
13 49
0 22
22 49
0 6
6 49
0 31
31 49
0 2
2 49
43 22
0 6
22 49
6 47
0 6
47 49
31 33
0 31
33 49
31 14
14 47
0 31
47 49
31 41
41 47
0 31
47 49
2 23
0 2
23 49
0 25
25 49
0 46
46 49
2 30
46 43
43 2
0 46
30 49
13 20
0 46
46 13
20 49
0 46
46 18
18 49
0 1
1 49
27 18
46 27
0 46
18 49
46 10
10 1
0 46
1 49
46 10
16 30
10 16
0 46
30 49
43 45
46 43
0 46
45 49
0 24
24 49
22 4
46 22
0 46
4 49
0 44
44 49
46 19
0 46
19 49
46 39
0 46
39 49
0 42
42 49
42 48
0 42
48 49
9 48
46 39
39 9
0 46
48 49
46 36
0 46
36 49
42 35
35 49
0 42
34 49
0 34
32 34
46 32
0 46
34 49
46 38
0 46
38 49
0 8
8 49
5 46
0 5
46 38
38 49
0 26
26 49
5 46
19 40
46 19
0 5
40 49
26 7
0 26
7 49
5 46
15 49
0 5
46 15
21 15
15 49
0 5
5 21
26 17
6 15
15 49
0 26
17 6
5 28
28 49
0 5
5 37
37 49
0 5
12 15
15 49
0 12
11 15
15 49
0 11
3 49
0 3
