72
36
13
32
26
30
47
14
24
22
25
28
19
41
44
40
23
10
27
1
11
37
4
20
45
43
39
2
17
29
8
15
6
5
18
48
7
46
21
3
12
42
35
38
31
34
9
33
31
20
20
42
27
31
20
31
20
2
41
19
2
44
6
20
27
20
14
15
22
27
6
27
27
156
0 49
31 42
0 33
33 49
0 9
9 49
0 34
34 49
0 31
31 49
0 38
38 49
0 35
35 49
42 49
0 42
42 49
0 31
12 49
0 12
0 3
3 49
21 12
0 21
12 49
3 46
0 3
46 12
12 49
7 42
0 7
42 49
48 12
38 48
0 38
12 49
34 12
18 34
0 18
12 49
0 5
5 49
34 12
18 34
5 6
6 18
0 5
12 49
31 42
0 15
16 31
15 16
42 49
34 12
0 15
8 34
15 8
12 49
0 29
29 49
17 12
0 17
12 49
0 2
2 49
35 39
0 15
15 35
39 49
0 43
43 49
34 12
29 45
45 34
0 29
12 49
20 42
0 20
42 49
35 4
0 15
15 35
4 49
20 42
42 37
0 20
37 49
0 11
11 49
20 1
0 20
1 49
0 27
27 49
20 42
42 10
0 20
10 49
0 27
27 23
23 49
0 40
40 49
20 42
42 31
31 44
0 20
44 49
20 42
42 31
31 41
0 20
41 49
2 19
19 31
31 41
0 2
41 49
2 19
0 2
19 28
28 49
25 44
0 27
27 6
6 25
44 49
20 16
16 22
22 49
0 20
0 27
27 24
24 49
20 14
0 20
14 49
47 14
0 47
14 49
15 30
30 49
0 15
26 22
0 27
27 26
22 49
0 32
32 49
13 49
0 27
27 6
6 13
36 49
0 27
27 36
