65
1
23
13
32
21
40
11
24
39
15
20
36
3
27
18
28
17
34
42
26
38
33
8
37
19
35
14
41
22
2
30
16
31
7
29
43
9
25
10
5
6
12
19
35
34
38
18
27
31
35
27
34
15
39
39
15
11
38
40
11
21
42
21
38
27
140
0 44
0 12
12 44
0 6
6 44
5 44
0 5
0 10
10 44
25 44
0 25
0 9
9 44
43 44
0 43
29 4
4 43
0 29
43 44
0 7
7 44
7 12
12 31
0 7
31 44
0 16
16 44
0 30
30 44
30 2
0 30
2 44
22 12
12 30
30 2
0 22
2 44
0 41
41 44
0 14
14 44
0 35
35 44
35 19
0 35
19 44
0 37
37 44
22 12
12 8
0 22
8 44
0 33
33 44
0 38
38 44
37 26
26 44
0 37
0 38
31 42
42 44
38 31
33 34
0 33
34 44
14 5
17 19
19 42
5 17
42 44
0 14
14 5
17 19
28 14
19 42
5 17
0 28
42 44
18 35
35 19
19 42
0 18
42 44
27 34
0 27
34 44
0 38
38 3
3 44
18 35
0 27
27 18
35 36
36 44
18 35
31 20
35 31
0 27
27 18
20 44
27 34
0 27
34 15
15 44
0 39
39 15
15 44
0 39
24 44
39 24
15 11
0 39
11 44
39 15
0 38
40 11
11 44
38 40
11 21
0 38
40 11
21 44
38 40
27 32
19 42
42 21
32 19
21 44
0 27
38 13
13 14
0 38
21 44
14 21
23 44
27 23
0 27
1 44
0 1
