77
41
27
10
15
25
42
19
13
6
28
33
12
30
32
20
8
37
7
40
14
2
24
26
34
47
22
45
1
48
9
11
39
21
16
38
4
17
29
36
31
5
23
35
44
46
43
3
44
46
47
2
36
7
38
7
20
7
32
12
35
26
8
28
43
44
28
30
7
28
43
28
28
25
42
28
28
43
170
0 49
46 35
46 44
0 3
3 49
0 43
43 49
0 46
46 49
44 49
0 44
44 49
0 46
35 49
0 35
0 23
23 49
35 49
0 46
0 5
5 49
5 31
0 5
31 49
0 36
36 49
5 29
29 35
0 5
35 49
36 17
17 49
0 36
3 17
4 3
0 4
17 49
0 38
38 49
0 16
16 49
46 21
38 46
0 38
21 49
0 39
39 17
17 49
3 17
38 11
11 3
0 38
17 49
0 9
9 49
48 9
0 48
9 49
1 17
0 1
17 49
45 1
1 17
0 45
17 49
22 46
35 9
46 35
0 22
9 49
39 47
0 39
47 49
38 34
34 9
0 38
9 49
38 26
0 38
26 49
1 24
45 1
0 45
24 49
48 44
44 2
0 48
2 49
47 14
39 47
14 2
0 39
2 49
0 40
40 49
7 49
0 7
7 49
36 7
37 36
0 37
38 8
7 49
8 7
0 38
0 20
20 49
32 49
20 32
0 20
7 49
0 30
30 7
32 49
0 12
12 32
33 35
35 20
32 49
12 33
0 12
20 32
38 8
7 49
28 26
0 28
26 38
8 7
32 49
6 32
43 16
28 43
0 28
16 6
32 49
13 44
26 13
28 26
0 28
44 32
19 7
7 49
30 19
0 30
42 49
0 42
32 49
43 16
28 43
0 28
25 32
16 25
15 49
0 28
28 15
10 49
25 10
43 16
28 43
0 28
16 25
23 42
27 23
28 27
0 28
42 49
41 49
43 41
28 43
0 28
