74
13
42
29
27
38
11
45
12
24
18
44
26
9
4
6
2
1
30
31
41
22
35
43
32
19
47
37
8
39
7
5
14
23
34
21
20
25
10
3
28
40
33
16
46
36
15
15
32
19
35
32
30
23
32
37
19
14
6
46
4
32
44
32
6
2
24
6
37
32
37
37
38
6
27
164
0 48
15 36
0 15
15 48
36 48
0 36
0 46
46 48
0 16
16 48
0 33
33 48
0 15
36 48
40 48
0 40
0 28
28 48
3 48
0 3
10 48
0 10
25 48
0 25
20 25
0 20
25 48
21 48
0 21
34 25
20 34
0 20
25 48
20 23
0 20
23 48
0 14
14 48
20 5
0 20
5 48
0 7
7 48
7 39
0 7
39 48
8 39
0 8
39 48
37 48
0 7
7 37
37 48
47 37
7 47
0 7
19 10
7 19
37 48
0 7
10 37
19 10
0 32
37 48
32 19
10 37
0 32
19 7
7 43
32 19
43 48
0 32
32 35
35 39
39 48
0 32
37 48
32 22
22 37
19 10
0 32
10 41
37 48
32 19
41 37
7 14
0 32
19 7
14 31
37 48
31 37
32 19
0 32
39 30
32 35
35 39
37 48
30 37
1 23
0 32
23 30
37 48
32 1
30 37
0 32
32 2
37 48
2 37
7 14
14 6
0 32
19 7
6 48
32 19
6 48
0 4
4 6
0 9
9 48
26 46
46 6
39 26
6 48
4 39
0 4
32 44
0 32
44 48
32 44
0 32
6 48
44 18
18 6
24 6
6 48
0 24
12 24
24 6
0 32
32 2
6 48
2 12
6 48
45 6
0 45
0 32
32 11
11 37
37 48
38 48
0 38
0 27
27 37
37 48
0 29
29 37
37 48
38 48
0 42
42 38
27 13
0 27
13 6
6 48
