76
26
29
13
14
17
21
24
35
7
42
28
19
41
39
33
1
37
3
8
6
31
32
25
11
44
47
18
25
11
47
32
2
32
32
12
2
32
2
12
32
2
18
32
1
36
32
39
39
11
39
33
6
38
11
39
9
39
9
27
38
11
37
19
27
38
32
27
38
27
38
17
11
21
38
21
27
145
30 5
0 27
11 9
4 11
0 43
36 32
2 18
2 12
2 40
47 45
11 20
23 34
4 18
5 20
47 18
22 47
15 44
47 18
44 47
16 11
11 45
44 16
15 44
18 10
23 25
25 20
34 25
25 20
16 11
44 16
15 44
15 44
44 47
12 32
32 48
23 31
46 32
31 46
32 48
4 32
32 48
6 5
46 32
2 6
32 48
8 30
2 8
46 32
32 48
0 2
3 12
12 32
15 3
32 48
37 10
2 37
0 2
1 5
46 32
0 1
32 48
33 10
15 33
12 32
32 48
0 2
18 4
4 32
32 48
0 2
1 36
0 1
32 48
15 39
39 48
39 48
22 39
0 43
4 41
41 39
39 48
0 43
33 39
11 33
39 48
0 43
19 38
43 6
6 19
38 48
4 11
0 43
9 39
39 48
9 39
39 48
27 9
0 28
28 38
38 48
42 37
11 9
43 42
0 43
9 39
37 11
39 48
0 27
5 19
19 38
27 30
38 48
0 27
27 7
7 32
32 48
35 48
0 35
0 24
24 38
38 48
0 27
27 21
21 38
38 48
0 17
17 48
9 11
17 14
0 17
14 9
11 35
35 48
0 27
27 21
21 38
38 13
13 48
29 48
0 27
27 21
21 29
43 26
0 43
26 48
