54
7
14
17
38
21
5
27
12
15
19
9
1
33
41
18
43
37
39
25
23
40
3
30
13
42
13
24
13
30
30
3
25
3
26
18
3
26
40
3
37
3
40
36
19
19
30
1
3
33
3
19
36
17
19
115
32 30
0 34
25 24
35 32
28 30
31 22
16 10
24 10
28 13
4 42
31 10
16 13
13 32
42 22
13 32
28 13
16 24
13 16
29 30
30 31
31 10
28 13
13 16
29 30
30 31
3 2
28 3
31 22
30 31
40 42
0 40
42 22
35 23
23 22
10 3
3 2
31 22
35 25
25 31
39 2
0 40
40 39
0 37
37 42
42 22
35 43
43 44
24 10
10 3
3 2
35 25
35 26
18 3
3 2
26 18
35 26
18 3
3 2
26 18
41 22
40 41
0 40
33 3
0 37
3 2
37 33
0 1
1 2
9 3
0 34
32 9
35 32
3 2
40 36
36 19
19 44
0 40
15 19
19 44
0 15
0 34
35 32
30 19
19 44
12 3
1 12
3 2
0 1
27 11
0 34
11 33
33 3
3 2
34 27
0 5
5 2
0 34
21 22
34 21
0 34
34 38
38 44
34 17
0 34
17 36
36 19
19 44
34 17
0 34
17 14
14 19
19 44
0 34
7 44
34 7
