64
41
3
6
19
4
23
12
27
43
25
36
31
14
48
11
7
10
32
14
29
10
14
33
16
10
29
31
1
2
18
43
22
25
31
43
25
22
43
14
43
8
43
2
24
24
25
43
7
23
1
4
25
18
22
4
32
29
2
2
32
4
25
41
32
112
29 25
32 29
18 46
1 23
37 7
1 14
15 22
21 25
18 22
14 44
29 46
17 32
10 35
11 44
7 11
40 10
38 48
48 9
32 16
14 9
8 14
10 35
14 10
35 29
8 14
8 14
1 31
31 33
33 16
16 13
29 46
36 10
10 35
35 29
1 36
1 31
31 25
25 13
0 1
2 49
43 2
47 43
2 49
8 43
43 2
21 18
22 8
25 13
27 28
31 27
2 49
1 31
43 2
28 43
0 1
21 25
25 15
2 49
8 43
43 2
22 8
2 49
8 43
43 2
14 8
0 1
12 47
2 49
43 2
0 12
47 43
39 23
23 24
24 46
0 4
24 46
4 24
25 37
21 25
2 49
43 2
7 43
4 1
23 24
0 4
24 46
15 22
21 25
22 18
25 15
19 46
0 19
29 46
4 32
0 4
39 6
2 49
6 2
3 2
2 49
0 3
32 41
4 32
41 49
0 4
37 7
25 37
7 41
32 29
4 32
41 49
0 4
