50
13
10
33
21
1
6
35
23
42
25
12
15
31
40
34
11
16
36
7
5
38
22
28
18
29
17
20
27
39
32
4
30
32
4
8
39
39
8
40
14
40
4
12
15
22
1
6
35
35
20
113
43 39
0 19
8 44
4 44
30 32
8 30
30 43
9 4
4 41
32 44
9 32
8 30
32 44
9 39
39 44
9 4
4 44
27 4
26 27
26 8
14 39
39 44
0 20
20 44
0 19
39 44
26 17
4 44
17 4
0 19
4 44
29 4
19 29
18 44
0 18
28 44
0 28
0 19
37 22
22 44
0 19
8 44
38 8
19 38
8 44
5 8
0 5
8 44
0 7
7 8
7 36
0 7
36 44
36 16
7 36
0 7
16 44
11 28
0 19
37 11
28 44
34 44
0 34
0 19
40 44
37 40
0 19
31 8
8 44
19 31
15 14
14 40
40 44
0 15
0 19
19 12
12 26
26 40
40 44
25 4
0 19
4 44
19 25
0 19
19 12
12 26
26 42
42 44
15 22
22 23
23 44
0 15
0 35
35 44
6 44
0 6
1 44
0 1
21 1
0 21
1 44
33 41
6 44
41 6
0 33
35 10
0 35
10 44
13 6
6 44
35 20
20 13
0 35
