56
20
4
22
32
29
13
9
38
8
42
23
27
15
7
12
31
6
16
3
43
11
39
17
5
25
19
34
37
28
26
36
21
30
10
21
18
10
21
3
21
17
31
7
33
18
31
17
12
17
9
12
9
43
32
43
32
141
0 45
2 21
10 45
18 45
40 45
44 45
24 14
1 10
24 1
30 45
40 30
24 1
2 45
10 2
24 1
1 21
21 45
24 1
36 45
24 36
26 30
30 45
24 26
2 45
28 10
41 28
10 2
21 40
41 28
28 21
40 45
21 40
37 21
41 28
28 37
34 36
36 45
0 34
34 18
0 34
28 10
41 28
40 45
19 21
21 40
41 19
40 45
25 40
41 25
10 45
41 5
5 10
0 17
2 45
17 2
40 45
21 40
0 17
17 2
18 45
39 18
41 39
11 45
0 11
0 17
43 45
17 43
40 45
3 21
21 40
0 17
17 3
16 21
40 45
21 40
0 16
41 6
6 44
44 45
40 45
31 3
3 21
21 40
0 31
40 45
17 12
0 17
12 40
40 45
7 40
31 7
0 31
33 15
40 45
7 40
15 7
0 33
27 45
0 27
23 14
18 45
14 18
0 23
31 35
35 42
40 45
42 40
0 31
17 8
8 44
0 17
44 45
38 44
44 45
0 38
12 9
9 40
40 45
17 12
0 17
12 9
13 12
9 40
40 45
0 13
29 9
9 40
40 45
0 29
32 43
0 32
43 45
32 43
0 32
43 22
22 45
0 4
4 45
0 32
32 20
20 45
