40
1
6
8
21
31
27
30
30
30
27
30
11
30
31
31
21
19
9
7
21
19
23
9
20
6
9
20
23
21
2
5
6
2
5
6
3
4
1
3
4
100
11 10
0 13
13 2
24 23
13 20
25 23
19 17
28 23
29 31
30 33
15 11
24 25
26 27
30 10
29 30
25 29
28 29
30 22
32 30
27 28
25 27
28 29
30 22
25 29
29 30
25 29
30 10
27 28
29 30
28 29
30 10
29 30
25 29
30 31
31 33
24 25
29 30
25 29
11 22
24 25
29 30
25 29
31 33
24 25
25 29
29 31
26 27
31 33
27 28
21 10
17 21
21 10
18 19
17 21
7 8
9 10
8 9
4 7
23 21
24 25
19 17
21 10
18 19
9 10
12 6
6 9
20 18
9 10
12 6
6 9
13 20
20 18
23 21
19 17
21 10
18 19
2 4
4 5
5 6
9 10
6 9
13 2
2 4
4 5
5 6
9 10
6 9
0 1
1 3
3 4
4 5
5 6
9 10
6 9
0 1
1 3
3 4
4 5
5 6
6 11
