49
38
39
13
24
15
20
37
18
33
32
32
14
32
5
37
32
10
48
15
10
42
20
32
42
20
32
23
48
42
37
32
42
24
24
32
13
32
42
24
42
5
21
42
38
34
5
21
32
39
101
36 49
0 22
42 34
5 21
0 45
32 25
41 12
48 23
12 46
42 1
44 48
5 1
16 46
25 41
40 33
33 4
18 17
0 32
32 18
37 17
32 37
0 32
20 14
32 20
14 30
0 32
37 17
32 37
22 5
0 32
7 15
10 44
15 10
48 29
7 15
10 44
15 10
20 40
46 42
16 46
32 20
0 32
42 1
20 40
46 42
32 20
0 32
23 2
44 48
12 46
42 1
20 40
46 42
32 20
0 32
37 17
26 24
32 37
24 31
0 32
12 46
42 1
1 24
46 42
25 41
24 31
41 13
25 41
13 43
47 24
32 39
39 36
24 31
0 32
41 13
25 41
13 43
0 32
42 1
1 24
46 42
24 31
0 45
42 1
1 5
46 42
21 31
0 45
46 16
16 38
38 3
0 45
46 42
34 38
38 3
5 21
21 31
22 5
32 39
39 36
0 32
