77
14
7
28
40
33
29
35
43
36
18
25
41
22
20
6
12
1
8
44
30
11
31
16
27
48
37
13
19
26
4
21
3
10
32
45
23
2
46
9
15
34
24
39
47
5
17
38
37
37
37
8
37
6
8
44
6
31
37
6
11
37
18
6
8
41
25
6
8
35
41
18
29
41
36
40
18
6
174
0 49
0 38
38 49
17 49
0 17
5 49
0 5
0 47
47 49
47 39
39 49
0 47
0 24
24 49
24 5
5 34
0 24
34 49
47 34
24 15
15 47
0 24
34 49
0 24
24 9
9 49
46 5
24 46
5 34
0 24
34 49
2 49
0 2
24 23
0 24
23 49
46 45
24 46
45 9
0 24
9 49
24 32
32 39
0 24
39 49
10 23
24 10
0 24
23 49
10 23
3 24
24 10
0 3
23 49
21 9
3 24
24 21
0 3
9 49
0 4
4 49
26 49
0 26
17 23
23 10
19 17
10 26
0 19
26 49
45 13
19 45
0 19
13 49
19 17
37 49
0 19
17 37
34 48
47 34
2 47
19 2
48 49
0 19
27 37
37 49
0 27
16 37
37 49
0 16
17 23
23 10
31 37
19 17
10 31
37 49
0 19
11 37
37 49
0 11
30 49
0 30
44 37
37 49
0 44
0 8
37 49
8 37
0 1
1 49
12 37
37 49
0 12
0 6
6 8
37 49
8 37
0 6
8 20
6 8
20 49
22 44
0 6
44 37
6 22
37 49
0 41
31 37
41 31
37 49
25 49
0 6
11 25
6 11
0 18
18 37
37 49
0 18
36 49
18 36
0 6
8 43
6 8
43 49
41 35
25 49
0 41
35 34
34 25
0 6
8 29
6 8
29 49
41 35
25 49
0 41
34 33
35 34
33 25
40 29
0 18
29 49
18 40
0 41
41 28
28 36
36 49
7 49
40 29
0 18
29 7
18 40
0 6
14 49
6 14
