19
10
5
3
7
14
19
18
26
14
6
6
18
19
19
7
6
25
19
15
106
20 12
13 19
0 20
9 4
1 9
1 2
19 11
17 12
17 11
18 11
8 6
15 11
11 31
20 11
20 16
13 16
17 14
26 16
15 12
9 12
8 2
1 4
6 2
17 4
6 4
8 4
1 8
1 6
15 6
17 13
17 13
1 8
1 6
1 6
1 8
1 8
18 12
1 18
19 12
1 19
19 14
14 16
1 19
6 15
1 6
1 6
6 26
14 16
17 13
20 11
6 15
11 31
1 6
15 11
6 15
11 31
1 8
11 31
1 18
11 31
12 15
15 11
11 31
11 31
1 19
19 11
11 31
2 19
15 11
7 6
6 15
1 7
11 31
1 3
15 11
6 15
3 6
11 31
9 7
15 11
7 6
6 15
11 31
1 9
15 11
6 15
4 6
11 31
1 5
5 25
15 11
25 15
11 31
9 10
1 9
11 31
10 11
11 31
20 11
0 20
19 11
11 31
0 20
12 15
15 11
11 31
