28
8
21
7
10
26
22
27
29
19
25
9
25
29
9
19
6
22
29
27
6
22
9
29
27
22
7
22
29
85
9 15
6 13
6 12
24 31
4 11
34 35
14 13
17 16
17 16
14 13
17 16
34 35
14 13
17 16
4 11
34 35
14 13
17 16
24 31
2 9
34 35
14 13
9 16
25 32
2 9
34 35
14 13
9 16
18 25
25 32
34 35
18 25
6 12
12 19
25 32
34 35
19 25
23 29
29 35
2 9
9 16
6 12
27 34
20 27
34 35
29 35
2 9
16 22
22 29
9 16
6 12
12 19
26 33
34 35
19 26
0 6
10 16
3 10
29 35
16 22
22 29
27 34
20 27
34 35
0 6
29 35
15 22
2 9
22 29
0 7
27 34
7 14
20 27
34 35
20 21
0 7
21 22
29 35
7 14
22 29
29 35
1 8
15 22
8 15
22 29
