64
6
39
12
10
33
45
31
1
2
13
19
23
40
29
14
43
36
8
41
25
42
16
4
15
9
22
38
32
3
37
35
47
20
44
30
26
27
7
26
26
20
9
18
35
42
15
46
36
42
32
46
40
32
14
32
43
2
2
21
43
36
33
43
45
138
24 20
7 24
0 17
26 27
48 24
11 7
7 34
27 34
28 27
26 34
28 26
0 30
30 46
27 34
28 26
44 24
0 44
26 7
28 26
20 46
11 20
0 17
47 46
17 47
11 35
35 49
30 37
37 46
0 30
3 34
28 3
32 24
0 32
32 24
20 46
0 32
28 38
38 46
11 22
22 49
0 17
17 9
9 49
11 22
15 46
22 15
4 49
0 4
38 16
28 38
16 49
37 26
26 27
38 37
27 42
28 38
42 49
25 18
18 9
0 17
17 25
9 49
41 49
0 41
35 42
8 21
21 35
25 8
0 17
17 25
42 49
36 15
15 46
0 17
46 49
17 36
36 43
0 17
17 36
43 49
32 14
14 42
0 32
42 49
17 29
0 17
29 49
40 46
46 49
0 40
40 23
0 40
23 49
32 14
14 19
19 49
0 32
0 13
13 49
32 2
2 49
0 32
0 1
1 49
43 36
24 43
36 2
31 24
0 31
2 49
45 30
21 2
30 21
0 45
2 49
33 24
43 36
24 43
36 2
45 33
0 45
2 49
33 24
43 36
24 43
21 10
36 2
2 21
45 33
0 45
10 49
0 12
12 49
45 39
39 49
0 45
0 6
6 49
