39
24
14
13
30
3
32
10
1
26
5
6
18
25
15
21
31
11
19
9
29
23
16
20
27
2
33
7
12
8
17
22
28
15
32
18
10
18
14
30
92
0 34
0 28
28 34
22 34
0 22
17 34
0 17
0 8
8 34
12 34
0 12
7 34
0 7
33 34
0 33
2 34
0 2
27 34
0 27
0 20
20 34
16 34
0 16
23 16
16 34
0 23
23 29
29 34
0 23
9 34
0 9
0 19
19 34
11 27
19 11
27 34
0 19
31 34
0 31
21 34
0 21
0 15
15 21
21 34
0 25
25 27
27 34
0 18
18 27
27 34
0 18
18 20
6 21
20 6
21 34
5 31
0 5
31 34
18 8
26 31
0 18
8 26
31 34
25 1
0 25
1 34
0 18
10 34
18 7
7 10
0 18
18 20
32 34
20 32
15 3
3 34
0 15
30 34
0 30
0 18
32 34
13 32
18 13
0 18
14 10
10 34
18 14
30 34
0 18
14 24
24 30
18 14
