67
43
41
4
15
46
23
21
31
24
6
40
36
5
13
25
29
12
33
2
7
22
32
47
8
38
30
34
9
20
44
39
18
26
27
48
28
1
45
35
3
16
37
11
19
27
48
1
28
22
22
13
20
29
22
13
27
6
12
40
13
20
32
6
6
27
31
39
143
0 49
10 49
10 19
0 10
19 49
0 10
10 11
11 49
0 10
0 10
17 37
37 42
16 49
0 16
3 42
0 3
35 42
0 35
0 45
45 49
1 42
17 1
28 49
0 28
1 42
48 1
17 48
27 49
0 27
27 49
26 27
0 26
17 18
18 49
1 42
39 1
0 39
1 42
44 1
39 44
0 39
26 20
20 49
0 26
27 49
9 27
0 9
39 34
0 39
34 49
30 28
28 49
0 30
38 49
0 38
8 27
27 49
0 8
8 27
27 49
47 8
0 47
8 27
32 26
38 32
26 8
27 49
0 38
38 22
22 49
0 38
0 7
7 49
2 27
27 49
0 2
1 33
33 22
48 1
2 48
22 49
0 2
12 28
0 12
28 49
29 14
14 22
22 49
0 29
14 22
25 14
22 49
0 25
0 13
13 49
5 20
0 13
20 49
13 5
29 14
12 36
14 22
36 29
22 49
0 12
0 13
13 40
40 27
27 49
6 49
0 6
12 24
24 6
6 49
0 12
40 31
0 13
13 40
31 49
21 20
0 21
20 49
26 32
23 26
13 23
32 6
0 13
6 49
0 46
46 49
15 6
0 15
6 49
0 4
4 27
27 49
41 49
0 41
31 39
39 41
43 31
0 43
41 49
