51
16
42
20
38
39
11
27
21
37
5
24
14
29
8
28
19
9
19
7
17
8
7
28
19
19
17
24
19
12
5
26
30
31
30
31
30
31
5
35
28
21
30
18
21
11
11
1
11
30
20
11
98
13 30
28 35
0 41
30 44
24 12
6 40
22 3
19 15
43 40
15 13
34 23
9 23
19 34
2 19
31 9
2 31
2 28
28 41
19 34
2 19
8 7
2 8
7 17
17 40
29 36
8 7
7 29
2 8
28 15
2 28
15 13
2 19
14 17
19 14
2 19
17 40
43 40
2 24
24 25
2 24
24 25
5 40
19 5
2 19
12 1
1 26
26 5
2 24
5 40
37 40
32 37
2 31
6 40
0 21
30 44
31 30
21 10
10 31
0 41
23 27
30 44
31 30
27 31
35 5
0 41
30 44
5 30
41 28
0 21
15 13
30 44
18 15
21 18
0 21
11 44
33 11
21 33
0 41
41 39
11 44
39 33
33 11
38 1
23 38
1 11
0 41
11 44
20 11
11 44
0 20
30 44
0 42
42 30
16 4
20 11
0 16
11 44
4 20
