62
35
14
19
37
42
22
33
38
28
43
40
36
3
12
23
39
44
45
21
25
17
41
9
26
7
24
31
34
6
11
5
13
10
29
20
4
8
16
32
2
27
30
15
18
18
30
17
25
34
17
9
3
12
3
9
12
3
3
38
25
33
14
133
0 46
15 30
1 18
18 46
0 18
0 15
15 46
30 46
0 30
18 46
30 46
0 15
0 27
27 46
2 46
0 2
0 32
32 46
15 16
16 46
0 15
1 8
8 46
15 4
4 46
0 15
20 4
4 46
0 20
29 16
20 29
16 46
0 20
10 1
1 8
8 46
0 10
20 15
15 13
13 46
0 20
5 46
0 5
11 46
0 11
11 6
6 46
0 11
34 46
0 34
11 31
31 46
0 11
24 31
31 46
0 24
7 34
34 46
0 7
26 34
34 46
0 26
9 46
0 9
41 46
0 41
31 11
11 6
6 17
9 27
27 31
17 46
0 9
25 46
0 25
21 17
17 46
0 21
45 46
0 45
44 17
17 46
0 44
26 34
25 46
34 25
39 26
0 39
23 46
0 23
17 46
12 17
0 12
9 3
3 46
0 9
36 46
0 36
12 30
9 3
3 46
40 9
30 40
0 12
9 3
3 46
0 43
43 9
3 46
12 28
28 3
0 12
3 46
38 3
0 38
33 46
0 33
22 25
25 46
38 22
0 38
33 42
42 46
0 33
37 46
0 37
19 46
0 19
0 14
14 46
14 35
35 46
0 14
