60
25
45
9
38
20
4
15
26
46
41
23
30
39
32
1
6
2
13
17
42
3
36
10
7
48
11
5
12
18
14
18
48
3
31
14
3
17
14
3
3
7
22
6
2
14
6
3
6
30
12
2
1
39
6
15
7
4
15
15
46
127
7 33
14 31
48 43
22 24
14 28
18 47
35 12
12 27
22 12
44 18
47 22
12 27
5 14
33 5
40 11
18 47
44 18
11 19
47 40
5 14
33 5
18 47
44 18
47 22
44 48
48 21
7 21
44 7
7 21
43 7
44 48
48 33
33 10
10 21
44 48
18 47
44 18
47 36
36 49
48 33
3 49
33 3
44 48
3 49
42 31
44 42
31 3
44 17
17 28
44 17
28 14
3 49
17 28
31 3
44 13
13 49
14 31
2 14
3 49
31 3
0 2
0 6
3 49
6 27
27 3
24 7
22 24
0 6
3 49
6 22
33 3
14 31
2 14
1 2
3 49
31 3
0 1
0 32
32 49
6 39
0 6
39 33
3 49
33 3
0 6
6 30
30 49
23 49
0 23
12 41
30 12
0 6
6 30
41 49
46 49
0 46
2 26
1 2
26 3
3 49
0 1
0 15
15 49
4 49
6 39
0 6
39 4
7 33
24 7
33 20
0 15
20 3
15 24
3 49
40 38
0 15
4 49
15 40
38 4
15 9
0 15
9 49
45 46
0 45
46 49
0 25
25 49
