69
11
19
31
5
5
31
5
31
31
3
5
31
3
5
31
21
19
17
31
19
17
11
19
17
11
19
17
11
19
17
11
19
17
11
19
17
11
19
17
11
17
19
11
17
31
11
17
31
11
17
31
11
21
17
21
11
17
21
11
17
21
11
17
21
11
17
21
11
17
330
0 2
1 37
28 30
8 10
8 9
1 3
21 22
21 20
23 22
34 35
30 31
16 17
13 15
24 26
25 26
34 36
35 37
12 14
15 17
27 29
2 3
6 7
14 16
32 33
24 25
27 28
27 28
24 25
27 28
32 33
5 7
24 25
4 5
27 28
31 33
5 7
29 31
24 25
4 5
27 28
31 33
5 7
29 31
24 25
4 5
27 28
14 16
31 33
29 31
24 25
27 28
14 16
31 33
5 7
29 31
3 5
24 25
27 28
2 3
14 16
31 33
5 7
29 31
3 5
24 25
19 21
18 19
27 29
2 3
14 16
31 33
5 7
21 23
29 31
3 5
19 21
17 19
27 29
2 3
31 33
5 7
21 23
29 31
3 5
15 17
19 21
17 19
27 29
2 3
9 11
11 13
31 33
5 7
21 23
29 31
3 5
15 17
11 12
19 21
17 19
27 29
2 3
9 11
31 33
5 7
21 23
29 31
3 5
12 14
15 17
11 12
19 21
17 19
27 29
2 3
9 11
31 33
5 7
21 23
29 31
3 5
12 14
15 17
11 12
19 21
17 19
27 29
2 3
9 11
5 7
21 23
3 5
34 36
12 14
15 17
11 12
19 21
17 19
27 29
2 3
9 11
5 7
21 23
3 5
34 36
12 14
15 17
11 12
19 21
17 19
27 29
2 3
9 11
5 7
21 23
3 5
24 26
34 36
12 14
15 17
11 12
19 21
17 19
27 29
2 3
9 11
5 7
21 23
3 5
24 26
34 36
12 14
11 12
19 21
17 19
27 29
2 3
14 16
9 11
5 7
21 23
3 5
16 17
24 26
34 36
12 14
11 12
31 32
19 21
17 19
27 29
2 3
14 16
9 11
5 7
21 23
3 5
30 31
16 17
24 26
35 37
12 14
11 12
31 32
19 21
17 19
27 29
2 3
14 16
9 11
5 7
21 23
3 5
34 35
30 31
16 17
24 26
35 37
12 14
11 12
31 32
19 21
17 19
27 29
2 3
14 16
9 11
5 7
21 23
3 5
34 35
30 31
16 17
24 26
35 37
12 14
11 12
31 32
19 21
17 19
27 29
2 3
14 16
9 11
5 7
3 5
34 35
30 31
16 17
24 26
35 37
12 14
11 12
31 32
19 21
17 19
27 29
2 3
14 16
9 11
5 7
3 5
21 22
34 35
30 31
16 17
24 26
35 37
12 14
11 12
31 32
19 21
17 19
27 29
14 16
9 11
5 7
3 5
1 3
21 22
34 35
30 31
16 17
24 26
35 37
12 14
11 12
31 32
19 21
17 19
27 29
14 16
9 11
5 7
3 5
1 3
21 22
34 35
30 31
16 17
24 26
10 11
35 37
12 14
11 12
31 32
19 21
17 19
27 29
14 16
5 7
3 5
8 10
1 3
21 22
34 35
30 31
16 17
24 26
10 11
35 37
12 14
11 12
31 32
19 21
17 19
14 16
5 7
3 5
1 37
