60
21
28
31
26
35
24
27
15
18
42
34
33
19
17
23
12
10
29
37
1
20
7
14
22
48
46
41
45
44
8
13
11
36
2
9
3
38
40
40
1
8
40
48
29
40
37
8
48
11
13
20
34
37
13
40
19
12
12
12
35
141
25 47
39 49
40 49
25 40
30 38
38 49
30 38
3 16
38 49
0 3
9 16
30 38
38 49
0 9
0 2
30 38
38 49
2 16
40 49
36 40
0 2
32 36
2 16
40 49
36 40
11 16
0 11
32 36
40 49
36 40
0 13
13 16
32 36
0 8
40 49
36 40
8 16
32 36
0 8
8 16
32 44
44 49
0 8
8 16
45 49
32 45
0 8
32 41
8 16
41 49
0 8
46 49
32 46
8 16
48 49
0 8
32 48
8 16
13 22
0 13
22 38
38 49
48 49
32 48
14 32
0 14
40 49
7 25
0 7
25 40
48 49
32 48
20 32
0 20
40 49
0 1
1 25
25 40
0 1
1 16
16 37
37 49
0 8
40 49
29 40
8 29
48 49
32 48
10 32
0 10
40 49
0 12
12 29
29 40
0 8
8 23
23 37
37 49
17 32
48 49
32 48
0 17
19 39
39 49
0 19
33 49
0 11
11 33
0 13
34 49
13 34
20 42
42 49
0 20
18 34
34 49
0 18
0 15
37 49
15 37
13 27
0 13
27 49
40 49
24 40
0 24
35 49
19 35
0 19
12 26
0 12
26 49
0 12
12 31
31 49
28 49
0 12
12 28
35 49
0 21
21 35
