74
40
28
44
7
34
47
8
3
45
37
36
38
17
46
26
32
33
4
12
27
24
41
42
39
2
25
35
1
31
11
5
14
16
13
20
23
19
21
30
43
29
15
10
9
6
22
5
39
14
4
21
33
4
42
1
12
12
33
33
4
13
4
37
41
38
33
47
15
37
34
23
8
38
41
151
0 48
22 48
0 22
6 48
0 6
9 48
0 9
10 48
0 10
15 48
0 15
29 48
0 29
43 29
29 48
0 43
30 48
0 30
21 29
29 48
0 21
29 48
19 29
0 19
23 30
19 23
0 19
30 48
20 48
0 20
13 48
0 13
19 16
16 48
0 19
14 48
0 14
0 5
5 48
0 11
11 48
0 31
31 14
14 48
30 23
31 9
9 18
18 30
23 1
1 48
0 31
35 13
13 48
0 35
25 29
0 25
29 48
18 43
43 35
2 18
35 13
0 2
13 48
39 48
0 39
25 42
0 25
42 48
0 41
41 14
14 48
29 24
25 29
0 25
24 48
29 27
25 29
0 25
27 48
12 5
5 39
0 12
39 48
0 4
4 48
14 33
4 14
0 4
33 48
32 21
21 33
0 32
33 48
4 26
26 42
0 4
42 48
12 18
46 1
18 46
0 12
1 48
12 18
18 17
17 33
0 12
33 48
38 33
0 38
33 48
4 36
0 4
36 48
13 37
4 13
0 4
37 48
45 37
37 48
0 45
41 3
0 41
3 48
8 48
0 8
47 48
38 33
0 38
33 47
34 15
15 47
47 48
4 34
0 4
7 37
0 7
37 48
44 30
34 15
15 47
47 48
30 23
23 34
0 44
38 28
28 8
8 48
0 38
41 40
40 48
0 41
