74
22
4
9
14
5
21
27
11
10
31
42
30
8
24
40
37
20
3
18
38
33
2
25
46
45
6
46
46
33
2
33
2
18
33
43
6
19
12
37
19
15
19
15
20
39
46
40
46
24
40
46
25
24
40
18
12
20
6
40
2
33
12
42
39
18
30
39
40
11
18
11
38
42
27
226
28 23
29 36
15 19
15 37
0 1
13 44
29 13
44 47
23 32
48 49
0 7
6 1
0 6
0 7
48 49
0 7
45 48
44 45
23 32
48 49
0 7
23 32
0 7
44 47
0 7
44 47
46 28
0 46
44 47
46 28
0 46
13 44
44 47
46 28
1 46
0 1
13 44
46 25
44 47
25 32
1 46
0 1
46 7
13 44
2 32
7 2
44 47
1 46
33 35
44 33
0 1
46 7
13 44
2 32
7 2
26 49
1 46
44 33
0 1
33 38
46 7
13 44
38 26
2 32
7 2
26 49
1 46
18 26
44 33
0 1
46 7
13 44
2 32
7 2
33 18
26 49
1 46
18 26
44 33
0 1
46 7
3 32
13 44
7 3
33 18
26 49
1 46
19 43
20 48
43 20
6 12
0 6
48 49
37 19
12 37
19 43
20 48
43 20
6 12
0 6
48 49
37 19
19 43
20 48
17 15
43 20
48 49
19 43
20 48
17 15
43 20
48 49
0 1
40 39
29 40
39 49
46 23
1 46
0 1
24 49
29 40
40 24
46 23
1 46
36 40
0 1
24 49
40 24
46 23
1 46
29 36
36 40
25 28
0 1
24 49
46 25
40 24
1 46
18 26
12 8
8 33
33 18
6 12
26 49
0 6
30 20
20 48
6 30
0 6
48 49
42 40
0 1
46 7
24 49
7 2
2 42
40 24
1 46
18 26
31 33
12 31
33 18
6 12
26 49
0 6
10 49
42 40
39 10
0 1
40 39
46 7
7 2
2 42
1 46
18 26
38 18
11 45
30 11
45 38
6 30
26 49
0 6
40 27
27 39
10 49
42 40
39 10
0 1
46 7
7 2
2 42
1 46
18 26
38 18
35 38
11 21
21 35
30 11
6 30
26 49
0 6
18 26
38 18
5 38
30 11
11 5
6 30
26 49
0 6
14 48
17 14
48 49
9 47
0 9
40 27
27 39
4 42
10 49
42 40
39 10
47 4
9 47
0 9
0 22
22 48
48 49
