80
21
5
46
26
37
11
23
2
27
44
30
20
14
32
29
17
28
6
9
35
42
19
39
36
13
45
41
24
47
22
43
25
15
31
1
34
3
40
38
12
4
10
16
7
33
18
48
18
19
42
45
10
33
28
9
45
10
14
28
29
33
30
29
39
30
39
30
44
28
6
23
9
30
9
39
9
32
46
32
6
158
0 49
8 18
48 49
0 48
18 49
0 18
18 49
33 49
0 33
7 49
0 7
16 49
0 16
10 48
0 10
48 49
0 4
4 49
12 49
0 12
38 16
16 49
0 38
10 40
0 10
40 49
0 3
3 16
16 49
0 34
34 49
0 1
1 49
8 16
31 8
0 31
16 49
15 33
0 15
33 49
25 1
0 25
1 49
31 4
4 43
0 31
43 49
22 16
0 22
16 49
0 47
47 49
24 49
0 24
41 24
0 41
24 49
45 24
15 45
0 15
24 49
33 13
15 33
0 15
13 49
0 36
36 49
47 39
0 47
39 49
0 19
19 49
0 42
42 49
0 35
35 49
0 9
9 19
19 49
42 6
0 42
6 49
28 49
0 28
10 28
9 17
45 10
0 9
17 45
28 49
29 33
33 28
0 29
28 49
0 9
32 49
9 32
14 45
10 28
45 10
0 14
28 49
20 28
14 20
0 14
28 49
30 29
29 33
0 9
9 30
33 28
28 49
30 29
44 28
0 9
29 44
9 30
28 49
30 39
0 9
9 30
39 27
27 49
30 39
0 9
9 30
39 2
2 49
44 28
0 23
23 44
28 49
11 42
42 6
0 23
23 11
6 49
0 9
9 30
30 37
37 49
30 39
39 26
0 9
9 30
26 49
30 46
46 32
0 9
9 30
32 49
5 46
46 32
0 5
32 49
21 6
0 21
6 49
