66
37
7
40
14
12
32
17
27
29
3
13
26
28
30
34
24
11
42
25
31
10
33
19
16
21
43
39
15
36
38
22
9
18
6
35
8
4
23
1
41
5
2
41
11
24
42
41
42
6
11
24
19
24
11
24
24
42
24
19
17
42
42
24
42
6
13
148
0 44
5 1
0 2
2 44
5 44
0 5
0 41
41 44
1 44
0 1
41 5
1 44
0 41
0 23
23 44
4 44
0 4
8 4
4 44
0 8
0 35
35 44
0 6
6 44
18 44
0 18
0 9
9 44
9 22
22 44
0 9
38 22
41 38
6 41
22 44
0 6
5 38
38 22
6 36
36 5
22 44
0 6
9 15
38 22
15 38
22 44
0 9
38 22
9 39
39 38
22 44
0 9
38 22
43 38
0 43
22 44
0 21
21 44
16 44
0 16
19 44
39 19
43 39
0 43
33 44
0 33
10 44
43 10
0 43
31 5
5 16
43 31
0 43
16 44
5 38
39 25
31 5
38 39
43 31
25 44
0 43
42 44
6 42
0 6
42 44
0 11
11 42
42 44
0 24
24 42
11 4
24 11
4 34
0 24
34 44
42 44
30 41
41 42
0 30
42 44
28 6
6 42
0 28
11 4
4 26
24 11
26 44
0 24
13 44
0 13
24 3
3 19
19 44
0 24
11 4
4 29
24 11
29 44
0 24
24 20
20 27
27 44
0 24
42 44
17 42
24 17
0 24
32 19
19 44
0 32
42 44
17 42
33 17
12 33
0 12
24 14
42 44
14 42
0 24
42 44
40 6
6 42
0 40
7 44
0 7
37 13
13 44
0 37
