48
30
21
27
40
8
35
36
18
37
16
32
25
10
7
1
13
1
7
31
12
3
26
31
20
4
3
26
4
10
22
18
7
4
11
32
4
4
11
3
11
4
20
18
3
11
1
30
7
94
7 41
32 23
11 41
7 18
0 3
2 14
5 39
20 17
31 14
38 29
17 9
29 6
19 24
28 13
0 15
1 29
38 2
5 1
0 15
13 6
7 13
4 7
13 6
10 13
7 10
4 7
13 6
0 15
0 15
7 1
1 25
25 39
4 7
29 6
12 31
17 12
4 32
3 26
32 3
26 23
31 14
12 31
4 20
0 4
17 12
0 15
3 26
26 23
0 4
4 16
16 34
15 37
0 15
37 34
18 41
38 18
10 36
22 10
16 22
0 4
4 16
36 41
18 41
0 4
4 7
0 15
2 11
0 4
4 32
35 34
4 35
0 4
11 41
3 8
0 3
8 11
40 11
29 40
38 29
11 41
20 27
4 20
27 41
0 4
3 21
21 18
0 3
18 41
11 41
0 30
30 11
30 1
1 7
0 30
