50
1
15
10
35
13
39
4
41
18
43
29
36
32
38
11
8
27
23
19
3
17
6
28
33
24
25
7
14
16
9
5
37
26
12
42
30
42
33
12
19
9
23
32
29
5
38
26
41
32
27
102
21 30
42 44
31 42
0 12
12 40
26 40
21 26
34 37
37 44
22 5
5 44
12 9
0 12
9 5
5 44
20 16
16 42
42 44
21 14
42 44
14 42
42 44
0 7
7 42
0 25
25 5
5 44
0 24
24 2
30 37
37 44
33 5
0 33
5 44
25 28
0 25
28 44
0 6
6 44
21 30
30 37
37 17
17 2
3 28
0 3
28 44
19 44
21 19
21 23
23 22
22 19
19 44
0 27
27 2
8 44
0 8
21 11
11 42
42 44
0 38
38 44
33 32
32 44
0 33
36 44
12 36
0 12
29 9
9 22
0 29
22 19
19 44
21 23
23 43
43 32
32 44
18 5
5 32
0 29
29 18
32 44
38 26
26 41
41 44
0 38
4 41
41 44
0 4
0 39
39 44
0 13
13 44
0 35
32 44
35 32
27 10
0 27
10 44
15 44
0 15
0 1
1 44
