26
16
17
10
18
27
8
28
6
14
29
13
12
3
5
7
3
23
24
25
6
6
27
10
27
10
27
110
19 22
30 31
21 26
25 26
24 26
23 26
0 1
15 20
9 2
7 2
0 7
5 2
0 5
0 3
3 2
19 12
12 20
0 3
3 2
19 13
13 20
0 3
3 2
0 3
3 2
15 20
0 1
15 20
30 23
0 1
15 20
30 24
0 1
15 20
30 25
0 1
15 20
21 29
29 31
4 14
0 1
14 20
21 29
29 31
6 13
0 1
13 20
1 6
21 29
29 31
6 13
0 1
13 20
1 6
6 13
0 1
13 20
1 6
28 31
6 13
0 1
13 20
21 28
1 6
28 31
1 8
0 1
8 12
12 20
21 28
21 27
27 31
1 8
0 1
8 12
12 20
22 27
27 31
1 8
12 19
0 1
8 12
18 23
12 18
23 27
27 31
1 8
0 1
8 12
1 10
18 23
11 18
23 27
27 31
0 1
10 11
1 10
11 17
17 24
24 27
27 31
0 1
10 11
11 16
1 10
25 27
27 31
16 25
0 1
10 11
