68
3
17
4
4
4
29
24
4
29
21
24
29
21
24
21
13
11
10
21
11
15
39
38
33
21
21
13
24
13
21
43
24
29
17
15
24
13
21
24
13
21
17
15
4
17
15
8
17
15
10
15
11
17
15
4
17
15
8
17
15
24
15
4
21
4
4
4
4
161
0 1
1 4
21 20
0 2
23 22
9 8
17 19
7 5
15 6
17 8
4 44
2 19
22 24
14 12
2 1
42 43
24 13
23 6
33 38
10 11
11 9
4 5
21 19
29 26
25 26
16 12
4 20
18 6
18 6
37 4
4 20
18 6
37 4
16 12
4 20
18 6
37 4
4 20
16 24
24 29
37 4
29 26
4 20
16 24
24 29
13 21
37 4
21 19
29 26
16 24
24 29
13 21
37 4
21 19
13 21
9 13
23 11
4 5
11 9
21 19
16 10
13 21
9 13
37 4
0 15
15 17
17 39
39 1
21 19
38 6
13 21
0 15
14 33
9 13
15 17
17 14
21 19
13 21
9 13
4 5
21 19
16 24
13 21
0 15
15 17
17 4
24 13
21 19
26 29
43 26
29 24
13 21
17 7
0 15
15 17
0 15
15 17
17 2
24 13
12 16
21 19
16 24
13 21
0 15
15 17
17 14
24 13
21 19
13 21
0 15
15 17
17 14
0 15
15 17
17 2
0 15
15 17
17 4
2 19
8 2
0 15
15 17
11 10
4 44
9 11
5 4
10 16
0 15
4 44
5 4
17 7
0 15
15 17
0 15
15 17
17 19
15 6
8 17
0 15
22 24
15 6
6 23
4 44
5 4
24 16
0 15
2 19
4 44
0 2
19 21
2 19
20 4
4 44
0 2
2 1
3 4
4 44
0 2
2 3
1 4
4 44
