77
11
22
2
45
44
31
26
34
10
12
35
21
13
32
43
25
8
30
14
7
33
15
27
17
6
16
20
3
40
39
24
46
4
41
5
38
42
19
29
36
37
23
1
18
18
28
37
1
20
30
27
14
14
14
27
43
14
30
14
32
21
35
32
14
14
32
41
10
14
16
32
30
14
31
14
15
14
158
0 47
28 1
28 9
0 28
18 9
0 18
18 47
0 18
0 1
1 47
23 47
0 23
28 47
0 37
37 47
9 37
0 28
37 47
0 28
1 47
0 36
36 47
0 29
29 47
28 19
0 28
19 47
0 42
42 47
0 38
38 47
38 5
0 38
5 47
41 47
0 41
36 4
4 47
0 36
0 46
46 47
24 47
0 24
39 24
24 47
0 39
40 47
0 40
0 3
3 47
20 24
0 20
24 47
3 16
0 3
16 47
24 39
39 6
20 24
0 20
6 47
17 40
0 17
40 47
27 6
6 47
0 27
15 47
28 15
20 28
0 20
33 15
40 5
38 33
5 38
17 40
15 47
0 17
7 6
0 7
6 47
0 14
6 47
14 6
20 30
30 47
0 20
8 30
30 47
0 8
27 25
0 14
25 47
14 27
0 14
14 43
43 47
27 32
0 14
32 47
14 27
0 14
14 13
13 43
43 47
21 30
0 14
14 21
30 47
21 35
35 27
27 32
0 14
32 47
14 21
43 35
12 43
35 27
27 32
0 14
32 47
14 12
0 14
14 10
10 47
0 14
34 47
14 34
26 27
41 26
27 32
0 14
32 47
14 41
10 31
0 14
31 47
14 10
26 27
16 26
27 32
0 44
44 16
32 47
14 45
45 30
0 14
30 47
2 31
31 47
0 2
14 22
0 14
22 47
14 11
11 15
0 14
15 47
