26
10
21
23
38
27
28
28
27
38
34
38
28
38
28
38
28
23
23
23
23
1
3
9
1
3
8
75
0 49
6 8
7 9
11 25
16 22
18 15
11 18
12 18
13 17
13 15
26 40
29 28
31 28
26 32
33 34
26 33
31 32
29 32
26 27
28 32
27 28
28 38
26 27
38 39
27 28
26 33
35 38
38 39
34 35
28 38
38 39
32 28
26 32
32 31
28 38
38 39
26 32
28 38
32 29
38 39
26 40
26 40
26 40
23 24
13 23
26 40
22 23
23 24
26 40
11 18
22 23
23 24
18 21
21 22
26 40
11 18
22 23
23 24
26 40
18 15
11 18
22 23
23 24
26 40
26 40
0 1
1 3
3 5
9 49
0 1
1 3
3 5
8 49
0 10
10 49
