61
5
35
8
33
27
11
42
12
6
2
22
23
37
46
15
43
16
17
32
30
45
19
34
21
13
44
4
25
18
26
20
36
28
40
28
48
26
34
28
47
28
47
47
34
32
47
28
17
44
44
17
47
47
6
6
17
11
47
37
6
11
148
0 49
7 10
47 28
39 49
0 47
48 29
28 9
41 40
14 38
31 38
0 3
28 3
1 28
0 3
31 38
36 31
39 36
0 3
0 3
31 38
40 31
20 36
48 20
31 38
36 31
3 26
26 36
31 38
36 31
0 3
14 38
3 28
0 3
1 48
18 31
31 38
0 18
3 25
25 10
0 3
18 24
4 38
24 4
0 18
0 44
44 38
26 25
47 26
25 10
26 13
0 47
13 10
47 26
21 10
44 28
0 44
28 21
34 10
0 34
34 39
0 34
0 47
28 9
39 49
47 28
0 47
9 19
28 9
19 10
39 49
1 45
45 39
0 47
47 7
47 28
0 47
30 10
28 30
0 47
47 32
32 49
34 17
17 49
0 34
0 47
39 49
47 32
16 39
32 16
47 28
0 47
48 17
43 48
28 43
17 49
44 15
0 44
15 49
44 46
0 44
46 49
39 49
0 37
37 39
47 23
0 47
23 17
17 49
47 22
0 47
39 49
22 39
2 49
0 2
0 6
6 49
6 38
38 12
0 6
12 49
42 49
0 42
10 11
7 10
11 49
0 6
6 7
27 17
0 27
17 49
10 11
7 10
47 33
11 49
0 47
33 7
38 37
6 38
37 8
0 6
8 49
35 49
0 35
10 11
5 7
7 10
0 5
11 49
