44
48
16
26
29
27
2
28
44
28
30
30
43
38
30
28
43
38
30
38
30
43
38
28
27
38
20
13
38
20
33
13
26
45
16
26
45
38
43
19
3
29
3
43
38
101
18 29
18 19
1 15
37 7
5 33
20 38
8 21
6 43
30 12
23 24
24 12
30 41
10 43
17 31
30 13
8 5
11 32
22 15
22 34
36 32
37 35
36 32
36 32
22 15
23 44
44 21
22 15
28 47
4 28
28 47
4 28
47 30
30 13
47 30
17 31
43 38
17 31
47 30
28 14
4 28
10 43
2 10
38 49
17 31
6 2
43 38
38 49
17 31
30 13
13 27
47 30
27 38
24 12
17 31
47 30
38 49
17 31
43 38
29 3
28 29
4 28
38 49
46 27
27 38
8 21
13 20
38 49
27 13
46 27
20 38
33 27
13 20
38 49
17 31
27 13
17 31
26 3
31 26
16 17
45 16
1 45
17 31
26 3
31 26
32 11
16 35
45 16
1 45
7 26
26 3
10 43
38 49
43 38
19 3
3 49
29 3
3 49
48 43
38 49
0 48
43 38
