82
8
2
40
20
14
22
7
33
45
37
15
41
21
6
24
5
16
1
17
39
11
31
10
13
29
25
46
12
43
48
19
3
18
27
28
9
44
42
4
26
30
47
32
34
36
35
23
35
32
12
25
12
29
12
17
12
48
42
12
27
29
39
24
10
39
17
35
48
24
24
12
48
24
48
24
48
12
29
48
24
24
12
171
0 49
32 34
35 36
0 23
23 49
0 35
35 49
36 49
0 36
36 49
0 35
34 49
0 34
0 32
32 49
34 49
0 32
47 49
0 47
30 32
32 34
0 30
34 49
26 49
0 26
4 26
30 4
26 49
0 30
42 49
0 42
30 44
0 30
44 49
9 49
0 9
28 9
9 49
0 28
30 44
44 27
27 49
0 30
18 47
44 27
47 44
27 49
0 18
18 3
3 26
0 18
26 49
19 49
0 19
48 49
0 48
18 47
47 43
43 49
0 18
48 12
12 49
0 48
12 49
46 12
0 46
25 49
0 25
48 12
12 49
0 29
42 48
29 42
12 49
0 13
13 12
29 10
12 49
0 29
10 12
12 49
0 29
31 12
29 31
12 49
0 29
11 12
29 11
12 49
39 12
0 39
12 49
25 17
17 12
0 25
12 49
1 12
0 29
29 1
12 49
17 12
16 17
0 16
48 12
12 49
0 5
5 42
42 48
12 49
0 24
24 12
6 27
29 6
0 29
27 49
21 39
24 9
9 21
12 49
0 24
39 12
24 10
41 39
12 49
10 41
0 24
39 12
15 35
12 49
35 17
17 12
0 15
24 37
48 12
12 49
0 24
37 48
12 49
45 12
24 45
0 24
48 12
33 48
12 49
24 33
0 24
48 12
24 7
12 49
7 48
0 24
48 12
22 48
12 49
0 22
29 14
0 29
14 49
24 20
48 12
12 49
20 48
0 24
40 49
24 40
0 24
2 12
12 49
0 2
8 49
0 8
