48
10
9
19
7
23
21
14
30
33
41
31
47
43
47
43
44
41
44
31
41
44
32
38
41
39
33
39
34
30
42
14
30
42
20
33
31
38
23
31
23
31
38
21
23
19
21
19
21
116
0 8
18 17
17 12
27 32
26 31
44 49
37 38
36 35
40 46
47 49
40 43
43 47
47 49
40 43
43 47
36 31
31 38
39 42
37 41
41 44
39 42
37 41
41 44
44 49
38 41
31 38
41 44
44 49
38 41
32 38
41 44
28 33
33 39
39 42
28 33
33 39
39 42
17 12
16 30
30 34
34 42
29 30
14 15
13 14
17 12
30 34
34 42
29 30
14 15
13 14
17 12
42 49
30 34
34 42
21 20
22 21
20 28
28 33
42 49
33 39
39 42
23 26
26 31
44 49
22 23
38 41
31 38
41 44
0 7
23 26
26 31
44 49
22 23
38 41
7 22
31 38
41 44
23 26
26 31
44 49
22 23
38 41
31 38
41 44
0 8
19 21
17 19
21 23
23 26
26 31
44 49
38 41
31 38
41 44
0 9
9 11
19 21
17 19
21 23
23 26
26 31
44 49
38 41
31 38
41 44
0 10
19 21
17 19
21 23
23 26
26 31
10 17
44 49
38 41
31 38
41 44
