46
12
14
22
33
34
2
8
23
27
28
10
37
19
32
30
9
1
31
6
29
4
24
15
15
24
4
18
18
4
37
11
29
32
13
37
28
27
4
2
4
29
11
23
29
31
14
110
11 39
5 21
21 26
1 18
18 26
36 38
0 25
7 21
17 38
15 13
0 15
15 16
0 24
24 36
0 15
24 35
0 24
17 38
24 35
4 24
0 4
17 38
4 7
0 4
29 38
0 29
6 38
0 6
31 38
0 31
0 25
1 20
0 1
7 21
21 18
4 7
0 4
18 26
0 1
7 21
4 7
0 4
29 11
11 9
9 39
0 29
0 25
30 20
25 30
5 32
32 20
19 20
0 19
31 37
37 39
0 31
26 37
21 26
37 39
5 10
10 39
0 25
25 28
28 39
29 11
0 29
4 27
11 39
27 13
13 32
32 11
0 4
18 1
28 37
23 29
26 18
1 23
11 39
29 11
37 26
0 25
25 28
4 27
27 8
8 39
0 4
2 39
0 2
4 34
34 2
2 39
0 4
11 39
29 11
33 29
0 25
25 33
18 1
23 29
1 23
22 18
11 39
29 11
0 22
0 14
14 39
12 39
31 12
14 31
0 14
