47
20
30
8
45
1
33
43
13
44
27
6
7
24
19
38
32
41
5
37
18
23
47
9
36
4
35
15
40
31
16
11
14
3
10
28
12
48
29
46
39
22
17
34
42
26
2
21
95
0 49
21 49
0 21
0 2
2 49
0 26
26 49
0 42
42 49
34 49
0 34
0 17
17 49
22 49
0 22
0 39
39 49
46 49
0 46
0 29
29 49
0 48
48 49
12 49
0 12
28 49
0 28
10 49
0 10
0 3
3 49
0 14
14 49
0 11
11 49
0 16
16 49
31 49
0 31
40 49
0 40
15 49
0 15
0 35
35 49
4 49
0 4
36 49
0 36
9 49
0 9
47 49
0 47
0 23
23 49
0 18
18 49
0 37
37 49
0 5
5 49
0 41
41 49
0 32
32 49
38 49
0 38
0 19
19 49
24 49
0 24
0 7
7 49
6 49
0 6
27 49
0 27
0 44
44 49
13 49
0 13
43 49
0 43
0 33
33 49
0 1
1 49
45 49
0 45
8 49
0 8
0 30
30 49
20 49
0 20
