65
30
46
4
31
32
20
36
35
44
14
18
33
48
40
35
40
36
35
40
36
36
9
32
21
23
32
36
32
36
20
20
27
2
33
27
20
36
27
45
27
2
32
33
27
9
2
9
2
33
36
47
27
48
2
15
36
29
4
27
30
31
9
4
27
33
137
22 33
31 5
41 30
15 36
25 48
47 1
12 9
29 9
45 36
27 25
33 49
0 27
13 10
0 12
17 24
24 38
39 21
28 38
23 34
48 6
18 39
34 1
22 44
14 47
44 14
34 1
33 18
2 33
34 1
2 48
34 1
35 40
2 35
40 3
36 5
1 36
34 1
35 40
2 35
40 3
36 5
1 36
34 1
35 40
20 5
10 20
2 35
40 3
36 5
1 36
36 5
1 36
26 32
32 38
9 31
2 9
31 16
32 17
23 34
21 23
36 5
1 36
34 1
26 32
32 24
36 5
1 36
26 32
32 17
24 38
36 5
1 36
26 32
20 5
10 20
20 5
10 20
27 16
2 33
13 2
0 27
20 5
10 20
27 25
0 27
36 5
34 45
0 27
33 49
27 4
35 2
4 35
2 33
32 17
46 26
33 49
0 46
39 18
26 32
18 33
27 25
0 27
33 49
2 33
9 2
33 49
0 12
2 33
9 2
0 12
12 47
36 5
1 36
30 49
13 30
27 25
0 27
33 49
48 2
2 33
27 25
25 29
29 15
0 27
36 5
0 27
27 4
4 41
30 49
12 9
0 12
9 31
0 27
33 49
27 4
44 22
4 44
