77
36
40
41
44
25
31
46
13
16
43
48
20
37
10
39
14
7
23
1
30
21
29
28
4
35
34
9
15
18
26
24
11
8
42
22
33
45
12
17
3
38
2
32
19
27
6
47
6
6
27
21
35
30
30
6
30
6
1
35
10
10
30
1
7
30
7
6
13
2
46
8
46
16
7
17
13
40
166
0 49
27 19
27 6
6 47
47 49
0 47
6 49
0 6
0 27
27 49
47 49
0 6
19 49
0 19
6 47
0 27
47 49
0 32
32 49
19 49
0 27
2 49
0 2
38 49
0 38
0 3
3 49
27 6
17 2
6 17
3 27
2 49
0 3
12 49
0 12
45 49
0 45
3 33
33 49
0 3
22 49
0 22
42 49
0 42
3 8
8 49
0 3
0 11
11 49
24 49
0 24
26 42
0 26
42 49
18 42
42 49
0 18
15 24
0 15
24 49
15 26
26 9
0 15
9 49
15 26
47 34
26 6
6 47
0 15
34 49
15 26
26 6
6 35
35 49
0 15
4 49
0 4
15 28
28 49
0 15
15 29
9 28
29 9
28 49
0 15
21 49
0 21
0 30
30 21
21 49
21 35
35 1
1 49
0 30
30 21
23 49
6 27
26 6
27 23
30 26
0 30
7 49
26 6
6 7
30 26
0 30
14 49
0 14
39 35
35 1
1 49
0 39
10 49
0 10
37 10
10 49
0 37
20 10
30 20
10 49
0 30
48 1
1 49
0 48
43 49
0 43
7 49
30 16
16 7
0 30
0 13
7 49
13 6
6 7
13 2
46 49
0 13
43 46
2 43
13 2
46 49
31 8
0 13
8 3
43 46
2 31
3 43
46 49
25 46
0 25
44 16
7 49
16 7
0 44
13 2
46 49
41 46
0 13
48 41
2 17
17 48
40 49
0 40
0 36
40 49
36 40
