35
29
3
23
11
13
4
22
14
27
15
28
26
8
25
12
16
31
32
1
9
2
20
5
24
17
19
30
19
4
12
12
22
12
4
4
106
0 33
18 10
7 10
6 21
30 7
0 30
7 10
19 10
0 19
0 17
17 10
19 18
0 19
30 24
0 30
24 33
5 33
0 5
0 20
20 33
2 33
0 2
9 33
30 9
0 30
9 33
0 1
1 9
32 2
2 9
9 33
0 1
1 32
1 18
18 31
31 33
0 1
18 20
16 9
20 16
1 18
9 33
0 1
12 2
2 9
9 33
0 12
25 33
0 25
8 9
18 8
1 18
9 33
0 1
8 9
26 8
9 33
0 26
1 28
28 33
0 1
15 28
0 15
28 33
1 28
27 1
0 27
28 33
14 33
0 14
0 22
22 31
31 33
9 8
18 4
31 9
0 22
8 18
4 33
22 31
12 4
2 12
32 2
6 32
13 6
4 33
0 13
12 4
4 33
11 12
0 11
12 4
2 12
23 2
0 22
22 15
4 33
15 23
12 4
0 22
22 3
4 33
3 12
29 4
4 33
0 29
