66
39
24
36
34
20
21
43
19
37
27
12
40
33
2
13
1
29
5
32
11
10
28
41
18
9
8
31
42
26
14
22
35
6
4
30
3
23
25
17
38
16
7
41
1
13
16
22
13
41
17
1
28
27
5
1
32
1
43
27
11
37
12
7
20
36
16
156
0 44
0 7
7 44
0 16
16 44
38 44
0 38
17 44
0 17
25 44
0 25
23 38
38 44
0 23
3 17
0 3
17 44
30 44
0 30
3 4
4 44
0 3
6 44
0 6
35 44
0 35
22 44
0 22
14 22
3 14
22 44
0 3
26 44
0 26
17 26
26 44
42 17
0 42
26 44
31 26
0 31
26 44
8 26
0 8
9 3
3 8
26 44
8 26
0 9
0 18
18 44
7 14
14 41
17 26
41 17
9 7
26 44
0 9
0 28
28 44
17 26
10 17
28 10
26 44
0 28
11 26
26 44
0 11
32 44
0 32
5 44
0 5
32 44
29 32
0 29
0 1
5 44
1 18
18 5
14 41
17 26
41 17
13 8
0 1
1 13
8 14
26 44
16 32
4 16
0 1
2 4
1 13
32 44
13 2
33 44
0 33
13 8
40 22
8 40
0 1
1 13
22 44
7 14
14 41
17 26
41 17
35 7
12 35
1 12
0 1
26 44
0 1
27 44
1 27
1 37
0 1
37 28
28 27
27 44
19 15
0 1
5 44
1 19
15 5
0 1
43 32
1 43
32 44
21 27
0 1
43 21
1 43
27 44
37 11
1 37
0 1
20 44
11 20
7 14
34 44
35 7
12 35
14 25
1 12
0 1
25 34
36 44
0 36
24 20
20 44
0 24
1 39
39 16
36 44
16 36
0 1
