79
24
44
1
6
10
47
34
35
20
48
31
16
4
28
42
26
21
38
15
27
40
33
22
39
46
30
45
12
36
41
8
25
18
17
29
23
3
5
43
7
9
19
32
2
11
37
13
37
32
33
45
39
22
15
18
12
38
22
4
39
19
37
31
19
4
22
31
37
4
39
22
4
22
4
4
10
6
38
44
177
0 49
2 32
37 14
0 13
13 49
0 37
37 49
0 11
11 49
0 37
0 2
2 49
0 32
32 49
0 19
19 49
0 2
32 49
0 9
9 49
0 7
7 49
2 32
43 2
0 43
32 49
43 5
0 43
5 49
2 3
43 2
0 43
3 49
23 3
0 23
3 49
2 3
29 32
32 2
23 29
0 23
3 49
2 3
23 17
17 2
0 23
3 49
18 32
2 3
32 2
0 18
3 49
0 25
25 49
23 8
0 23
8 49
0 41
41 49
18 36
0 18
36 49
0 12
12 49
0 45
45 49
30 49
0 30
41 46
0 41
46 49
45 39
0 45
39 49
3 39
2 3
22 2
0 22
39 49
39 43
3 39
2 3
22 2
43 33
0 22
33 49
22 40
0 22
40 49
45 27
27 33
33 49
0 45
3 39
2 3
22 2
15 49
39 15
0 22
32 18
22 2
2 32
18 38
38 15
15 49
0 22
0 21
21 49
12 18
18 38
38 15
0 26
26 12
15 49
0 42
42 49
0 28
28 49
22 4
4 49
0 22
16 39
39 4
4 49
0 16
3 39
0 31
39 4
31 37
19 3
37 19
4 49
0 31
19 48
48 40
40 4
31 37
37 19
4 49
2 22
22 4
20 2
4 49
0 20
0 31
37 14
35 4
14 35
31 37
4 49
34 39
39 4
0 34
4 49
47 22
22 4
4 49
0 47
0 10
2 22
22 4
10 2
4 49
0 6
6 4
4 49
0 10
1 49
10 1
16 44
38 16
44 49
0 6
6 38
0 24
44 49
24 44
