56
20
25
18
29
37
47
14
9
24
44
30
16
43
27
6
5
15
11
17
33
35
4
12
12
12
46
7
4
4
22
4
15
22
4
4
10
4
2
4
4
30
4
7
22
4
30
5
24
44
47
24
47
2
24
2
37
134
7 4
2 31
42 45
34 40
39 42
40 7
21 36
19 1
21 41
46 13
36 8
41 8
45 8
1 26
1 45
46 12
12 36
0 46
1 45
46 12
12 41
0 46
46 12
12 36
0 46
0 46
0 28
41 8
45 8
1 45
36 8
0 28
0 28
7 8
4 48
0 28
22 4
4 48
22 4
4 48
10 4
34 35
35 10
4 48
10 4
46 33
33 10
0 46
39 17
4 48
22 4
17 22
38 11
4 48
0 28
31 4
11 31
0 28
38 15
15 48
39 42
45 15
15 48
4 48
5 22
22 4
23 5
6 3
0 6
4 48
10 4
27 10
0 27
4 48
0 28
43 4
28 43
4 48
31 4
0 2
4 48
0 16
16 4
30 48
39 30
44 21
38 44
41 30
30 48
21 41
0 28
40 7
34 40
4 48
0 24
24 22
4 48
22 4
34 9
30 48
9 30
24 5
0 24
5 14
14 48
47 48
0 47
40 37
37 48
34 40
29 44
44 21
47 48
28 29
41 47
21 41
0 28
18 41
47 48
41 47
0 24
24 18
31 37
22 25
2 31
37 48
25 2
0 24
24 22
20 2
31 37
2 31
37 48
0 20
