41
9
28
36
45
46
15
40
33
39
39
39
40
39
15
47
43
46
15
43
47
15
43
47
45
43
30
36
28
11
9
28
11
9
28
11
24
9
11
5
24
36
145
0 4
19 23
18 19
17 19
44 47
41 43
35 41
34 40
39 34
39 33
35 39
33 41
40 41
35 39
39 40
35 39
39 34
40 41
35 39
15 16
13 15
35 41
15 16
46 47
13 15
42 46
35 41
47 49
43 46
15 16
46 47
13 15
35 41
47 49
41 43
15 16
43 44
13 15
35 41
47 49
41 43
43 45
45 47
15 16
13 15
35 41
47 49
36 41
35 36
41 43
43 45
45 47
15 16
13 15
47 49
19 28
28 29
29 30
30 32
36 41
35 36
41 43
43 45
45 47
15 16
13 15
47 49
0 9
19 28
9 10
28 29
10 11
29 30
11 13
30 32
36 41
35 36
41 43
43 45
45 47
15 16
13 15
47 49
0 9
19 28
9 10
28 29
10 11
29 30
11 13
30 32
36 41
35 36
41 43
43 45
45 47
47 49
0 9
19 28
9 10
28 29
10 11
29 30
11 13
30 32
36 41
35 36
41 43
43 45
45 47
15 18
13 15
47 49
23 24
24 25
25 26
18 19
0 9
9 10
10 11
11 13
36 41
35 36
41 43
43 45
45 47
15 18
13 15
47 49
19 23
4 5
23 24
5 6
24 25
6 7
25 26
18 19
36 41
35 36
41 43
43 45
45 47
15 18
13 15
47 49
