65
47
1
48
19
16
7
18
9
42
34
6
11
26
46
21
41
35
3
2
39
14
27
12
10
31
37
29
15
23
25
38
4
36
43
20
32
5
28
40
22
40
5
22
23
27
31
23
22
23
22
22
35
22
35
21
46
22
22
41
11
46
22
46
19
7
160
0 49
22 49
0 17
28 40
22 44
13 17
45 24
45 24
40 24
22 40
0 22
28 24
0 28
5 49
13 5
40 24
0 28
13 32
32 5
5 49
45 5
5 49
0 17
33 32
32 20
20 49
43 49
0 43
0 17
45 5
33 36
36 45
5 49
0 17
33 4
4 24
0 17
17 38
38 49
25 4
4 24
0 25
0 22
25 4
23 22
22 49
4 23
0 25
38 30
15 24
0 17
30 15
17 38
0 17
29 49
17 38
38 29
0 17
17 37
37 49
0 17
17 31
31 37
37 49
38 30
0 17
30 10
22 49
10 22
17 38
0 17
22 49
17 12
12 22
0 27
27 49
10 14
27 30
30 10
14 22
22 49
0 27
30 39
39 23
27 30
23 22
22 49
0 27
2 23
0 17
31 2
23 22
17 31
22 49
0 17
17 3
22 49
3 22
35 23
23 22
22 49
0 35
0 17
17 41
22 49
41 22
35 21
21 22
22 49
0 35
17 46
35 21
0 17
46 35
21 22
22 49
17 46
0 17
26 44
46 26
44 22
22 49
0 11
11 49
6 22
22 49
0 6
41 30
30 34
0 17
34 49
17 41
11 42
0 11
42 49
17 46
0 17
46 9
9 49
18 22
0 18
22 49
0 7
7 49
17 16
0 17
16 49
19 49
0 17
17 19
17 46
46 48
48 19
19 49
0 17
1 49
0 1
47 49
7 47
0 7
