62
39
16
14
9
26
1
35
4
34
2
24
20
41
37
15
23
8
10
12
40
3
25
29
19
33
21
13
38
28
30
17
42
18
11
43
5
36
7
6
22
32
27
27
7
36
23
27
8
38
21
18
34
40
35
23
35
40
35
26
35
27
35
132
0 44
36 6
7 36
31 27
27 44
0 27
27 44
32 44
0 32
22 44
0 22
6 44
0 6
0 7
7 44
0 36
36 44
0 7
36 44
7 36
0 7
6 44
5 44
0 5
0 43
43 44
0 11
11 44
0 18
18 44
0 42
42 44
42 27
27 17
0 42
17 44
0 30
30 44
22 28
42 22
28 44
0 42
38 44
0 38
13 44
0 13
18 21
21 44
0 18
13 44
33 13
0 33
0 19
19 44
29 38
38 44
0 29
25 43
43 13
13 44
0 25
7 38
3 7
38 44
0 3
3 40
40 44
0 3
33 12
12 13
13 44
0 33
7 38
0 10
38 44
10 7
8 44
30 8
0 30
3 23
23 44
0 3
15 44
0 15
37 44
0 37
3 23
0 41
41 27
23 44
27 3
0 20
20 44
8 44
24 8
0 24
2 38
0 2
38 44
0 34
34 44
0 4
4 18
18 21
21 44
0 35
35 34
34 44
0 35
35 1
1 40
40 44
0 35
26 3
35 26
3 23
23 44
0 35
9 40
35 9
40 44
0 14
14 44
0 35
26 16
16 14
35 26
14 44
0 35
27 39
39 44
35 27
