75
45
40
24
2
28
47
26
12
19
36
8
7
27
10
42
14
39
15
29
11
6
21
34
35
43
17
38
41
22
30
33
16
25
32
46
9
37
5
23
44
48
18
1
3
20
13
31
13
18
16
6
31
22
33
33
14
33
27
14
21
14
8
8
14
33
12
41
9
10
35
2
12
23
40
12
169
0 49
31 18
4 18
0 31
31 49
0 13
13 49
0 20
20 49
0 3
3 49
0 1
1 49
18 49
0 18
13 4
0 13
18 49
18 49
0 31
48 49
0 48
0 44
44 49
23 49
0 23
0 5
5 49
0 37
37 49
0 9
9 49
0 46
46 49
9 32
32 49
0 9
0 25
25 49
16 23
0 16
23 49
0 33
33 49
0 33
33 30
30 49
0 33
33 22
22 49
41 37
0 33
33 41
37 32
32 49
38 37
0 33
33 38
37 32
32 49
4 31
31 17
22 4
0 33
17 32
33 22
32 49
46 43
41 46
0 33
33 41
43 49
48 9
35 48
0 33
33 35
9 32
32 49
0 34
34 32
32 49
35 48
48 21
0 33
21 32
33 35
32 49
0 33
35 6
33 35
6 49
16 11
0 16
11 49
29 6
0 29
6 49
0 15
15 49
4 31
31 17
17 39
22 4
0 33
33 22
39 49
33 14
0 33
14 49
0 33
33 42
42 49
0 10
10 49
14 27
33 14
0 33
27 49
0 7
7 49
14 27
33 14
27 8
0 33
8 49
14 21
33 14
21 36
0 33
36 49
19 8
0 19
8 49
12 8
0 12
8 49
14 26
33 14
0 33
26 49
0 47
47 49
12 41
41 28
28 49
0 12
9 2
0 10
2 49
10 9
48 9
24 35
35 48
9 2
0 10
10 24
2 49
31 4
4 23
23 2
0 40
12 31
2 49
40 12
12 41
0 40
45 49
41 45
40 12
