80
46
28
37
20
9
16
17
38
21
19
48
31
23
7
27
41
34
11
22
15
12
24
30
33
42
29
39
8
3
40
5
47
36
18
10
14
26
25
13
6
4
45
44
43
2
32
35
13
40
12
40
12
11
12
42
40
12
12
42
12
34
12
12
42
40
7
21
12
21
24
21
7
21
40
23
12
20
21
21
16
165
0 49
0 35
35 49
0 32
32 49
0 2
2 49
0 43
43 49
0 44
44 49
45 49
0 45
4 45
0 4
45 49
6 49
0 6
0 13
13 49
25 13
0 25
13 49
26 6
6 49
0 26
14 6
4 14
0 4
6 49
4 10
0 4
10 49
18 45
4 18
0 4
45 49
4 14
14 36
36 49
0 4
47 36
36 49
0 47
47 5
0 47
5 49
0 40
40 6
6 49
3 6
40 3
0 40
6 49
5 47
3 5
47 8
40 3
0 40
8 49
0 39
39 49
8 29
39 8
29 49
0 39
42 49
0 42
3 33
40 3
0 40
33 49
40 30
0 40
30 49
24 49
0 24
12 49
42 12
0 42
12 49
40 15
13 12
15 13
0 40
12 49
22 12
0 22
40 11
0 40
11 49
12 49
40 11
34 12
11 34
0 40
12 49
41 42
42 12
0 41
27 49
0 27
12 49
40 11
7 12
11 7
0 40
12 49
23 42
42 12
0 23
12 49
31 12
0 31
12 49
34 12
48 34
0 48
12 49
19 42
42 12
0 19
12 49
0 21
40 11
7 12
11 7
21 40
12 49
0 21
21 38
6 34
34 12
38 6
0 21
21 17
17 24
24 49
12 49
0 21
21 16
7 12
16 7
12 49
11 9
0 21
40 11
9 12
21 40
12 49
20 12
23 20
0 23
12 49
20 12
0 21
21 37
37 20
28 49
0 28
12 49
0 21
21 16
46 12
16 46
