44
22
39
34
8
38
31
30
18
36
21
24
4
37
23
1
35
33
14
11
26
6
19
3
27
16
16
9
19
27
11
4
4
11
4
36
11
4
9
27
4
4
12
8
4
119
16 15
12 40
20 9
20 16
29 40
10 40
29 10
29 7
29 15
17 15
29 28
29 25
17 25
29 16
16 40
15 27
29 15
27 40
29 10
20 3
3 40
16 40
10 40
9 10
19 27
27 40
0 19
20 9
6 20
10 40
0 6
9 10
27 12
19 27
0 19
12 40
27 12
26 27
0 26
12 40
6 20
20 16
27 12
15 27
0 6
32 11
11 40
10 40
14 10
0 14
32 33
33 40
29 11
35 29
11 40
0 35
32 1
1 33
33 40
29 11
23 29
32 23
11 40
17 11
37 17
1 37
32 1
11 40
12 40
0 4
4 12
4 7
29 11
7 24
24 29
0 4
11 40
10 40
21 10
0 4
4 21
36 11
4 36
0 4
11 40
18 36
36 11
20 18
4 20
0 4
11 40
0 30
30 40
31 40
4 20
20 9
0 4
9 31
4 7
7 38
38 27
12 40
27 12
0 4
4 7
8 12
12 40
7 8
0 4
34 40
0 34
4 7
8 12
7 39
12 40
39 8
0 4
22 40
0 22
