72
30
26
25
4
1
33
7
38
24
32
40
21
19
16
44
5
15
8
23
18
39
28
20
6
31
13
42
45
22
43
36
34
41
29
2
3
35
11
9
37
12
17
27
10
10
37
41
34
31
15
18
12
45
11
31
43
31
43
22
32
32
38
32
33
39
38
39
32
25
39
1
44
170
0 46
10 14
0 10
10 46
0 10
27 46
0 27
17 46
0 17
12 46
0 12
37 46
0 37
0 9
9 46
0 11
11 46
10 35
0 11
11 10
35 46
3 46
0 3
11 2
0 11
2 46
11 29
0 11
29 46
41 46
0 41
34 12
12 41
41 46
0 34
41 46
36 41
0 36
12 41
10 35
43 10
41 46
35 12
0 43
22 46
0 22
10 35
35 45
43 10
45 46
0 43
37 41
42 37
41 46
11 42
0 11
37 41
41 46
13 37
43 13
0 43
43 31
37 41
41 46
27 37
31 27
0 43
11 29
29 6
6 22
22 46
0 11
43 31
20 45
31 20
45 46
0 43
28 22
11 28
22 46
0 11
28 22
22 46
39 28
0 39
36 18
18 12
12 41
41 46
0 36
23 41
41 46
0 39
39 23
43 8
12 41
8 12
41 46
0 43
37 41
15 37
41 46
0 15
43 31
31 5
34 12
12 41
5 34
41 46
0 43
15 44
44 46
0 15
18 12
43 16
12 41
16 18
41 46
0 43
19 45
45 46
0 19
21 46
11 21
0 11
43 31
31 40
40 46
0 43
43 31
32 46
31 32
0 43
24 22
0 24
22 46
0 38
38 46
32 46
7 32
0 7
33 32
32 46
0 38
38 33
33 32
1 33
32 46
0 38
38 1
39 4
38 39
0 38
4 46
25 32
39 25
32 46
38 39
0 38
26 39
25 32
39 25
32 46
0 26
0 30
33 32
30 44
44 1
1 33
32 46
