67
36
15
27
47
31
46
20
34
41
30
17
33
19
16
7
14
45
11
22
43
2
6
5
4
44
9
10
26
29
12
38
1
18
32
18
21
42
32
9
32
18
43
10
11
43
11
43
23
21
23
14
11
11
33
16
4
26
16
16
2
16
23
33
16
2
33
33
158
0 49
39 48
0 23
48 32
0 42
8 21
18 21
32 49
28 49
24 49
35 32
0 18
28 49
18 28
1 32
0 3
32 49
3 1
1 32
21 1
0 18
32 49
38 49
48 38
12 24
18 12
0 18
24 49
1 32
21 1
32 49
38 49
42 38
29 28
0 29
28 49
26 1
1 32
0 26
32 49
10 24
0 10
24 49
32 49
9 37
8 21
21 9
9 37
8 21
21 9
23 8
44 1
1 32
0 44
32 49
0 23
8 21
21 9
9 4
23 8
4 32
32 49
48 32
42 39
0 42
32 49
5 49
0 5
6 49
0 6
2 32
0 2
32 49
18 43
43 49
0 18
0 22
22 49
11 43
10 11
43 49
0 10
11 43
6 11
0 23
45 6
23 45
43 49
11 43
14 11
0 14
43 49
0 7
7 49
0 23
23 16
16 49
0 19
19 49
0 23
8 21
33 49
21 33
23 8
17 14
33 49
11 33
14 11
0 17
8 30
0 23
30 11
33 49
11 33
23 8
41 21
4 41
0 23
23 16
33 49
16 4
21 33
26 34
2 26
16 2
0 23
34 21
23 16
33 49
21 33
16 2
0 23
20 11
23 16
33 49
11 33
2 20
0 23
23 16
16 46
46 49
31 28
33 49
28 33
0 31
0 47
47 49
16 2
0 23
23 16
27 49
2 27
33 49
0 15
15 33
33 49
36 33
0 36
