39
25
31
17
12
34
26
16
3
37
13
28
10
22
9
35
21
36
2
18
27
11
29
4
15
38
14
8
19
30
32
6
23
5
20
24
26
26
26
31
75
33 1
33 24
24 1
20 1
33 20
33 5
5 1
23 1
33 23
6 1
33 6
33 32
32 1
30 1
33 30
33 19
19 1
33 8
8 1
14 1
33 14
33 38
38 1
33 15
15 1
4 1
33 4
33 29
29 1
11 1
33 11
27 1
33 27
33 18
18 1
2 1
33 2
33 36
36 1
33 21
21 1
33 35
35 1
33 9
9 1
22 1
33 22
33 10
10 1
33 28
28 1
13 1
33 13
33 37
37 1
33 3
3 1
16 1
33 16
33 26
26 39
33 34
34 39
12 26
0 12
26 39
17 26
0 17
26 39
0 31
31 26
26 39
0 31
25 39
31 25
