43
3
33
43
8
20
40
1
41
41
22
1
41
37
11
13
37
11
13
41
41
37
11
6
37
14
6
17
14
14
1
20
21
14
1
6
1
11
21
22
21
22
21
22
97
22 44
0 2
31 21
21 22
11 1
23 21
31 14
17 6
6 14
29 9
39 2
41 12
15 38
37 6
42 38
34 19
10 42
24 22
12 2
41 24
12 2
29 41
41 24
22 12
12 2
29 41
1 19
10 1
42 1
1 19
41 34
29 41
10 42
42 38
6 11
11 13
31 37
37 6
6 11
13 15
11 13
31 37
12 2
29 41
41 12
9 41
12 2
40 19
37 6
6 11
13 15
15 40
11 13
31 37
37 6
14 1
31 37
1 19
6 14
31 17
14 1
1 19
14 1
1 19
20 12
31 20
12 2
20 8
39 2
8 24
31 20
21 12
12 2
31 14
1 43
39 2
14 1
43 39
14 6
31 14
6 11
1 43
39 2
43 39
33 2
23 33
22 24
23 21
39 2
31 3
39 2
3 39
21 22
22 24
39 2
31 21
21 22
