38
12
31
6
21
25
2
4
35
8
13
16
3
32
28
17
1
34
22
7
29
30
19
14
5
5
30
14
14
35
14
7
35
35
22
35
21
6
6
109
0 36
23 10
23 18
15 14
14 36
5 9
27 26
20 10
5 33
20 14
27 20
9 36
26 9
26 9
9 36
26 9
27 20
9 36
14 10
20 19
27 20
19 18
9 36
26 9
24 5
27 20
9 36
30 19
24 30
19 18
9 36
26 9
9 36
24 5
24 30
30 14
30 29
14 36
29 14
24 30
7 36
23 7
14 36
22 36
23 22
10 20
14 36
20 14
34 36
0 34
30 22
22 36
1 30
0 1
17 14
14 36
23 17
23 28
15 14
28 26
26 27
14 36
32 34
34 36
0 32
3 14
32 3
14 36
0 32
16 14
14 36
0 16
13 22
22 36
0 13
30 22
8 30
22 36
0 8
0 35
35 36
35 9
9 4
0 35
4 14
14 36
7 2
0 35
35 7
2 36
25 22
0 35
35 25
22 36
0 35
35 21
21 36
20 21
6 20
0 6
21 36
6 33
0 6
33 31
31 36
12 36
6 20
0 6
20 12
