66
13
9
11
34
1
8
22
41
29
17
10
12
36
21
16
30
18
28
23
15
47
26
5
26
40
42
47
43
43
39
42
44
5
28
23
43
15
47
40
5
28
38
43
28
44
47
43
47
43
14
18
36
28
14
26
17
42
44
15
17
17
44
10
34
11
10
116
0 49
28 14
6 28
35 40
43 47
35 3
19 5
6 48
6 19
5 24
6 19
26 5
5 24
43 26
26 35
43 26
47 32
42 47
40 15
15 14
0 42
42 40
0 43
47 32
43 23
0 43
39 14
23 39
0 42
42 28
28 44
5 28
18 5
44 49
25 18
28 44
24 30
43 23
23 24
30 32
0 43
3 35
47 3
43 47
40 15
0 43
15 14
6 16
16 5
5 28
44 49
28 44
21 38
43 21
38 14
0 43
44 49
28 44
43 47
47 36
44 49
0 43
36 44
47 3
12 7
3 12
43 47
0 43
10 14
14 49
0 10
17 18
0 17
18 36
44 49
36 44
6 28
14 49
26 29
18 26
17 18
0 17
29 37
41 49
0 41
42 22
22 44
44 49
0 42
8 37
25 8
17 15
15 1
0 17
1 49
34 44
0 17
17 34
44 49
0 11
11 23
10 1
1 34
34 44
23 10
44 49
0 11
9 10
11 23
23 9
10 1
1 34
34 44
44 49
0 13
13 49
