32
38
22
15
13
43
7
10
37
10
37
10
24
20
34
7
1
28
26
26
10
45
26
29
15
28
10
10
45
7
20
18
26
86
26 18
20 7
32 25
45 49
3 6
28 15
0 3
46 39
35 40
25 8
26 17
1 7
20 6
46 47
23 3
17 32
44 42
44 42
10 37
41 10
17 32
37 4
44 42
10 37
41 10
37 4
44 42
23 3
44 42
24 7
7 32
10 37
41 10
44 42
37 24
23 3
34 20
41 34
44 42
7 32
41 28
44 42
28 1
17 32
30 26
44 42
44 42
21 43
43 40
26 17
13 44
17 13
30 26
44 42
41 10
10 45
26 15
30 26
15 39
30 22
22 29
29 39
47 46
46 39
3 23
15 39
41 28
41 10
10 38
38 49
0 3
47 46
46 39
41 10
10 45
0 3
46 39
32 25
3 6
6 20
0 3
46 39
7 32
0 3
17 26
18 49
