68
42
10
12
4
18
23
20
37
47
36
17
41
39
5
40
31
35
38
16
29
1
9
24
45
3
2
32
46
19
13
21
22
7
27
28
6
26
48
30
27
9
3
1
30
33
28
3
1
30
1
3
33
39
30
35
30
36
3
33
36
30
33
17
23
30
33
20
33
145
33 49
0 30
34 25
15 43
48 25
14 49
25 43
14 49
34 48
14 49
14 49
26 14
34 26
44 6
6 43
14 49
14 49
14 49
30 43
0 28
28 11
0 30
27 14
14 49
30 27
28 7
0 28
7 14
14 49
22 11
0 22
0 30
27 33
30 27
21 14
34 21
14 49
44 13
13 49
33 49
7 19
28 7
0 28
19 33
46 13
34 46
13 49
0 30
32 11
30 32
0 2
2 49
2 3
3 49
0 2
45 14
14 49
0 45
28 24
0 28
24 49
9 2
0 30
30 9
2 3
3 49
0 30
30 1
1 49
29 3
0 30
9 29
30 9
3 49
33 49
0 30
1 16
30 1
16 33
33 49
38 33
0 38
28 35
0 28
35 49
0 31
3 49
31 3
1 40
33 49
0 30
30 1
40 33
5 3
1 5
0 30
30 1
3 49
33 49
39 33
0 39
33 49
41 39
0 30
30 41
39 33
0 17
17 49
30 36
36 35
0 30
35 49
30 36
47 3
36 47
0 30
3 49
33 49
37 33
0 37
30 36
20 33
33 49
0 30
36 20
33 49
17 23
23 33
0 17
18 23
33 49
30 18
23 33
0 30
33 49
4 33
0 4
20 33
33 49
12 20
0 12
0 10
10 49
0 42
42 49
