56
28
5
19
12
18
27
2
10
23
15
6
16
16
25
27
27
25
18
18
15
10
16
27
19
10
27
19
10
27
19
5
19
28
5
12
28
16
5
28
16
5
28
16
5
27
16
5
27
25
16
27
16
5
27
25
16
285
20 22
21 24
25 27
26 27
2 3
11 14
14 16
21 23
30 33
27 29
1 4
22 25
3 6
7 8
25 26
9 11
13 16
29 32
29 30
31 32
0 3
0 3
0 3
0 3
29 32
0 3
16 17
13 16
29 32
0 3
16 17
13 16
29 32
0 3
6 8
4 6
16 17
29 32
13 15
0 3
6 8
4 6
15 17
29 32
13 15
0 3
6 8
4 6
15 17
20 23
23 26
23 25
29 32
13 15
0 3
6 8
4 6
15 17
20 23
25 26
23 25
29 32
13 15
0 3
10 13
15 17
20 23
7 10
25 26
0 2
2 4
23 25
29 32
13 15
10 13
15 17
20 23
7 10
24 27
27 30
0 2
2 4
13 15
10 13
15 17
7 10
24 27
27 30
8 10
0 2
2 4
13 15
10 13
15 17
24 27
27 30
8 10
13 15
0 3
6 8
10 13
15 17
3 6
25 26
8 10
29 32
13 15
0 3
6 8
10 13
15 17
22 25
3 6
16 18
25 26
18 21
8 10
13 16
29 32
0 3
6 8
10 13
22 25
7 8
16 18
25 26
18 21
8 10
13 16
29 32
10 13
1 4
11 12
22 25
15 18
7 8
25 26
18 21
29 32
12 15
1 4
22 25
7 8
16 19
25 26
8 10
13 16
29 32
10 13
19 22
1 4
7 8
16 19
24 27
8 10
13 16
29 32
10 13
19 22
1 4
7 8
16 19
24 27
27 30
8 10
13 16
10 13
19 22
30 33
16 19
5 8
24 27
27 30
8 10
3 5
13 16
0 3
10 13
19 22
26 28
30 33
22 25
28 30
16 19
5 8
25 26
8 10
3 5
13 16
0 3
10 13
19 22
26 28
30 33
11 12
15 18
28 30
5 8
25 26
18 21
3 5
23 25
0 3
12 15
26 28
30 33
11 12
22 25
28 30
12 14
16 19
5 8
25 26
3 5
0 3
19 22
14 16
26 28
30 33
22 25
28 30
16 19
5 8
25 26
3 5
0 3
19 22
11 14
14 16
26 28
30 33
22 25
28 30
16 19
5 8
25 26
3 5
0 2
19 22
2 3
11 14
14 16
30 33
22 25
16 19
5 8
25 26
27 30
3 5
0 2
19 22
2 3
11 14
14 16
30 33
22 25
16 19
5 8
27 30
3 5
0 2
19 22
2 3
11 14
14 16
30 33
5 8
16 18
18 21
24 27
27 30
3 5
0 2
25 27
2 3
11 14
14 16
30 33
22 25
16 19
5 8
19 20
27 30
3 5
0 2
