59
11
29
4
44
35
14
46
12
24
17
43
40
41
20
30
19
31
47
23
39
26
45
38
32
22
22
6
16
22
16
28
33
22
13
33
31
1
39
28
30
34
30
13
9
45
28
30
17
45
17
13
17
28
17
28
44
14
17
36
114
0 45
0 49
0 18
0 48
33 27
28 49
16 15
6 15
22 49
32 49
38 49
27 15
26 49
27 26
27 39
39 49
23 49
27 23
45 49
15 45
27 38
27 32
27 22
15 27
22 49
27 22
0 6
15 27
22 49
27 22
0 16
16 15
0 16
15 28
22 49
0 33
27 22
47 49
0 47
27 31
33 27
31 13
0 33
1 31
19 1
13 49
48 19
0 48
31 13
30 39
0 30
39 49
28 49
48 20
0 48
20 28
30 34
0 30
41 49
34 41
40 13
13 49
0 30
30 40
0 18
18 43
43 9
45 49
17 28
28 49
0 18
18 17
0 24
24 49
12 36
17 28
36 17
28 49
16 12
30 16
0 30
46 49
0 45
45 46
13 17
17 28
14 13
28 49
0 45
45 14
35 49
0 18
18 35
17 28
28 49
0 44
44 17
17 28
28 49
45 4
4 17
0 45
13 17
29 14
17 28
14 13
28 49
44 29
0 44
17 28
11 36
36 17
28 49
0 11
