70
6
22
27
8
37
28
33
4
19
21
14
30
2
43
42
15
18
20
25
17
34
32
29
24
23
38
31
36
26
46
9
3
13
16
7
11
1
41
47
44
40
12
40
32
48
25
36
38
38
15
48
24
15
43
48
38
25
15
48
24
15
4
43
33
37
1
33
33
37
33
145
0 49
48 49
12 35
39 12
5 40
40 49
10 44
44 49
40 48
5 40
48 49
47 48
5 47
10 41
41 49
1 35
48 49
35 12
12 47
47 48
0 1
10 11
11 49
48 49
7 47
47 48
10 7
5 16
16 49
11 13
48 49
10 11
13 48
3 49
0 3
9 13
48 49
13 48
0 9
48 49
46 48
0 46
46 26
48 49
26 48
0 46
0 36
36 49
31 49
0 31
38 49
0 38
46 23
23 49
0 46
46 24
48 49
24 48
0 46
11 38
46 29
29 11
38 49
0 46
11 38
38 49
32 11
0 32
34 49
0 34
48 49
17 48
32 17
0 32
25 49
0 25
20 25
36 20
25 49
0 36
18 38
38 49
0 18
38 49
15 38
0 15
48 49
15 42
42 48
0 15
5 24
24 43
15 5
48 49
43 48
0 15
2 43
48 49
43 48
0 2
30 38
38 49
0 30
14 25
25 49
0 14
15 21
21 49
0 15
48 49
19 48
0 19
4 49
0 4
5 24
33 49
24 33
15 5
0 15
28 4
4 49
0 28
1 39
43 24
33 49
39 43
37 1
24 33
0 37
35 8
37 1
1 35
8 49
0 37
33 49
0 27
27 33
22 24
37 22
33 49
24 33
0 37
33 49
0 6
6 33
