68
29
17
11
44
6
23
18
10
43
34
19
12
3
14
28
42
8
13
20
30
22
4
24
37
35
41
5
36
38
31
27
9
33
16
15
21
45
32
39
25
1
2
7
40
2
33
45
13
22
36
16
45
13
27
42
19
42
4
19
25
42
10
19
12
34
38
11
12
141
0 46
2 7
40 46
0 40
7 46
0 7
0 2
2 46
0 2
7 46
0 1
1 46
0 25
25 46
0 39
39 46
0 32
32 46
0 45
45 46
0 21
21 46
15 25
0 15
25 46
0 16
16 25
25 46
0 33
33 46
16 9
0 16
9 46
0 27
27 46
33 31
0 33
31 46
0 38
38 46
33 36
0 33
36 46
0 5
5 46
27 2
2 41
0 27
41 46
27 35
0 27
35 46
16 37
0 16
37 46
33 36
36 24
0 33
24 46
25 4
0 16
16 25
4 46
0 33
22 46
33 22
30 22
27 30
0 27
22 46
33 36
36 20
0 33
20 46
13 46
0 27
27 13
33 8
0 33
8 46
45 13
42 32
0 42
13 46
32 45
33 36
36 28
28 22
0 33
22 46
16 14
0 16
14 46
3 45
45 13
13 46
0 3
0 12
12 46
19 46
27 19
0 27
0 34
34 46
43 19
19 46
0 42
42 43
42 4
10 19
19 46
4 10
0 42
19 46
0 18
18 19
4 25
23 19
42 4
25 23
19 46
0 42
12 6
10 19
19 46
6 10
0 12
12 44
0 12
44 46
0 11
11 34
34 46
0 11
17 46
11 38
36 17
38 36
12 29
0 12
29 46
