70
24
18
16
17
28
19
29
48
7
1
20
33
25
43
6
22
21
41
40
5
46
39
35
47
37
45
14
42
38
34
13
26
23
31
12
2
3
30
11
9
15
8
4
27
36
10
44
44
39
46
40
42
46
26
6
43
40
46
46
6
6
26
5
30
40
28
29
2
14
18
153
0 49
10 44
0 44
44 49
0 10
10 49
0 10
44 49
0 36
36 49
0 27
27 49
4 49
0 4
27 8
8 49
0 27
15 8
8 49
0 15
9 49
0 9
11 8
8 49
0 11
30 11
11 8
0 30
8 49
30 3
0 30
3 49
0 2
2 49
12 49
0 12
31 49
0 31
23 31
31 49
0 23
36 31
26 36
31 49
0 26
13 49
0 13
34 49
0 34
26 27
27 38
38 49
0 26
42 44
26 27
27 42
44 13
13 49
0 26
2 14
14 13
13 49
0 2
34 45
36 31
45 36
31 49
0 34
37 49
0 37
47 49
0 47
35 31
31 49
0 35
39 37
37 49
0 39
46 49
0 46
39 5
5 49
0 39
40 46
46 49
0 40
41 49
0 41
42 40
21 42
40 46
46 49
0 21
22 46
46 49
0 22
6 49
0 6
26 27
43 26
27 6
6 49
0 43
43 25
25 49
0 43
33 49
0 33
20 40
40 46
46 49
0 20
46 49
1 46
0 1
6 49
7 6
0 7
48 49
0 48
29 49
0 29
19 26
26 27
27 6
6 49
0 19
5 35
30 34
34 29
29 49
35 30
28 5
0 28
42 40
17 21
21 42
29 49
28 17
40 29
0 28
29 49
16 29
0 16
18 2
34 29
0 18
2 14
29 49
14 34
0 18
18 24
24 49
