32
2
29
41
42
35
25
35
35
35
25
35
32
47
42
27
36
37
32
25
37
36
37
36
6
37
36
37
36
41
6
29
6
103
17 22
0 1
6 7
16 4
8 37
25 45
32 45
37 36
21 40
9 27
4 1
39 40
20 1
20 5
17 16
32 31
7 10
5 10
21 22
18 15
8 11
30 22
25 5
35 7
12 5
4 22
4 22
12 5
23 35
4 22
23 25
4 22
35 7
23 35
35 7
23 35
4 22
35 7
23 35
25 5
23 25
35 7
23 35
7 10
23 32
5 10
12 5
5 10
20 1
20 42
42 47
47 34
20 5
39 40
42 9
33 39
20 42
27 33
39 40
20 5
5 10
22 21
21 40
36 48
20 5
44 37
5 10
22 21
23 32
20 5
5 25
41 45
22 41
20 5
5 10
37 36
10 7
36 48
20 5
5 10
8 37
37 36
11 8
17 16
36 48
8 37
17 6
37 36
36 48
8 37
37 36
11 8
1 4
36 48
41 45
22 41
17 6
6 29
29 49
2 6
0 2
6 29
29 49
