79
19
47
5
8
10
21
11
40
24
6
23
39
13
12
42
38
31
32
30
46
46
31
31
33
20
38
33
20
38
33
38
46
33
38
31
45
38
46
44
46
2
32
31
20
39
42
38
31
38
20
39
6
31
46
38
6
43
31
13
2
32
24
37
31
6
31
32
2
24
38
37
2
20
46
46
38
2
46
12
149
12 49
29 38
41 17
3 17
37 29
2 49
43 49
29 17
20 26
20 48
45 26
46 14
18 26
4 20
15 35
27 34
46 27
28 3
28 3
0 46
46 27
0 46
0 30
30 3
0 32
32 3
4 31
31 3
4 31
31 3
4 31
33 38
38 49
31 3
41 33
33 38
20 14
38 49
41 33
4 20
33 38
20 14
38 49
41 33
18 26
33 38
38 49
41 33
0 46
4 31
38 49
31 3
7 38
1 42
42 7
27 45
33 38
38 49
46 27
41 33
0 46
46 12
12 44
44 26
33 38
38 49
41 33
0 46
32 13
2 36
13 2
0 32
4 31
39 36
31 39
4 20
39 36
26 39
32 23
16 42
23 16
38 49
7 38
42 7
0 32
6 41
31 6
4 31
33 38
38 49
41 33
4 20
39 36
26 39
4 24
24 36
31 6
6 9
4 31
46 40
33 38
38 49
0 46
40 33
31 6
4 31
6 43
32 13
13 2
0 32
29 17
24 37
4 24
4 31
31 3
6 41
31 6
4 31
32 11
2 49
0 32
11 2
37 29
24 37
38 49
4 24
21 36
2 49
4 21
36 2
4 20
10 49
20 10
41 17
8 41
46 8
0 46
5 38
46 14
14 5
38 49
0 46
47 49
4 47
19 2
2 49
0 19
46 12
0 46
