45
8
22
17
16
21
14
11
23
29
7
34
19
10
9
10
19
11
33
23
33
19
2
29
10
9
9
14
10
14
21
21
14
35
21
21
11
21
21
19
21
10
14
32
2
17
107
10 14
0 36
19 26
21 24
15 36
21 35
13 14
27 9
20 29
12 33
31 26
20 10
15 4
15 26
27 28
31 28
27 28
27 28
15 4
9 18
1 9
27 28
6 10
9 18
1 9
10 26
9 18
1 9
10 26
27 28
30 19
19 33
27 28
19 33
4 19
9 18
27 34
34 9
7 4
19 33
4 19
0 7
34 29
29 9
9 18
27 34
23 13
19 33
0 23
13 19
11 18
0 11
11 30
33 36
0 11
0 23
23 14
14 36
0 21
21 19
19 33
33 36
16 18
2 16
21 10
9 14
29 9
10 20
0 21
14 36
9 14
14 36
21 10
0 21
10 13
14 36
0 21
35 14
14 36
0 21
17 36
21 17
21 4
0 21
4 15
15 36
24 11
11 4
0 21
4 15
15 36
26 15
0 21
21 19
21 10
15 36
0 21
14 15
22 32
15 36
26 15
31 26
2 22
0 2
0 8
8 17
17 36
