69
1
22
44
39
35
21
45
37
25
30
47
26
18
19
8
23
34
11
10
16
9
24
38
29
46
32
15
12
48
33
43
20
28
4
27
31
3
14
13
17
14
36
13
36
15
15
31
33
15
8
29
8
46
18
8
8
47
31
47
18
46
47
46
9
15
21
15
22
38
157
0 49
0 41
36 7
0 5
0 6
13 7
0 36
0 40
0 42
17 6
6 5
2 40
2 40
0 13
13 42
6 5
0 14
14 7
0 17
6 5
42 14
14 7
6 5
36 6
6 5
0 13
6 5
0 40
40 3
3 5
0 36
6 31
0 6
31 5
36 27
0 36
27 5
4 5
0 4
0 28
28 41
0 20
20 41
0 42
42 43
43 41
0 33
33 49
36 48
0 36
48 41
43 12
0 42
42 43
12 49
0 15
15 33
33 49
0 15
33 31
31 48
15 33
48 32
32 49
0 46
46 49
0 29
29 41
38 41
33 38
0 15
15 33
15 40
0 15
40 24
24 49
9 38
38 41
0 15
15 9
0 15
15 16
16 49
42 10
0 42
10 49
15 40
0 15
40 11
11 49
0 15
33 31
15 33
31 34
34 49
0 23
23 49
15 40
0 15
8 49
40 8
0 29
19 2
29 19
8 49
2 8
18 4
46 18
4 2
0 46
8 49
2 8
18 4
4 26
46 18
0 46
26 8
8 49
0 47
47 49
33 30
47 33
0 47
30 8
8 49
31 25
47 33
33 31
0 47
25 49
18 37
46 18
0 46
37 49
0 47
47 45
45 49
21 49
46 21
0 46
35 49
9 35
0 15
15 9
15 40
39 21
0 15
21 49
40 39
0 44
44 49
0 22
22 49
1 49
0 22
38 1
22 38
