71
7
34
17
28
32
4
38
44
31
22
13
46
15
45
42
29
3
39
48
24
1
18
14
26
16
33
40
11
37
5
25
35
6
19
20
12
2
27
30
9
36
47
41
43
10
8
23
41
2
30
18
48
1
26
48
3
40
29
15
43
48
48
39
38
22
38
48
14
22
22
34
166
0 49
41 10
0 23
23 49
8 49
0 8
10 49
0 10
43 49
0 43
0 41
41 49
10 49
0 41
47 10
0 47
10 49
41 10
36 41
0 36
10 49
36 9
0 36
9 49
36 23
23 30
30 49
0 36
23 27
36 23
27 49
0 36
23 2
2 30
36 23
30 49
0 36
0 12
12 49
12 20
20 21
21 30
0 12
30 49
19 10
0 19
10 49
6 10
0 6
10 49
35 23
23 2
2 30
12 35
0 12
30 49
12 20
20 25
25 30
0 12
30 49
12 5
0 12
5 49
19 37
37 25
25 30
0 19
30 49
6 11
0 6
11 49
25 30
0 40
40 25
30 49
40 33
33 27
0 40
27 49
16 21
6 16
21 30
0 6
30 49
20 41
41 26
40 20
0 40
26 49
0 14
14 49
14 18
0 14
18 49
14 1
1 30
0 14
30 49
0 24
24 49
0 48
2 30
48 2
30 49
39 18
0 39
18 49
48 3
3 1
0 48
1 30
30 49
29 26
0 29
26 49
48 3
3 1
0 48
1 42
42 49
40 45
0 40
45 49
0 15
15 49
0 46
46 49
13 15
0 29
29 13
15 49
0 22
22 49
48 43
0 48
43 31
31 49
0 48
48 44
44 49
38 49
39 38
0 39
0 4
4 49
22 21
38 49
32 38
0 22
21 32
38 49
0 48
28 38
48 28
22 21
21 14
14 17
0 22
17 49
34 49
0 34
7 34
22 7
34 49
0 22
