73
20
5
24
45
23
2
47
12
16
28
34
27
21
29
37
42
9
41
40
6
13
3
14
35
36
1
4
30
46
17
33
15
10
48
31
26
32
44
22
11
39
26
11
22
43
1
35
1
40
1
42
43
1
43
17
42
37
42
6
42
35
42
37
43
27
10
42
37
43
43
42
28
42
155
39 25
43 49
11 7
25 7
8 39
38 11
11 18
39 18
11 22
38 11
22 19
44 19
8 44
32 7
11 32
38 11
26 11
32 7
11 32
8 26
31 7
8 31
44 48
8 44
48 49
8 26
26 25
26 11
8 26
31 10
10 49
8 31
26 22
22 43
8 26
43 49
8 39
25 43
43 49
15 22
22 43
0 15
33 49
0 33
0 17
17 49
0 46
46 49
17 8
8 30
30 49
0 17
4 49
0 4
0 1
1 49
43 49
0 1
36 43
1 36
17 35
35 49
0 17
0 1
1 14
14 49
1 3
0 1
3 49
38 13
1 3
3 38
43 49
0 1
13 43
0 6
6 49
1 40
0 1
40 49
41 25
25 35
1 41
0 1
35 49
1 40
0 1
40 9
9 49
0 42
42 49
37 43
0 42
43 49
42 37
1 29
0 1
29 49
43 49
0 21
21 43
17 27
0 42
42 8
43 49
8 17
27 43
37 43
0 42
34 37
42 8
43 49
8 34
6 28
28 49
0 6
0 42
16 49
42 16
8 12
12 35
0 42
42 8
35 49
37 43
47 37
0 42
42 8
8 47
43 49
2 10
0 42
42 2
10 27
43 49
27 43
0 42
23 49
42 23
8 45
37 43
0 42
45 37
42 8
43 49
0 24
43 49
24 43
5 28
0 42
42 5
28 49
20 49
42 20
0 42
