72
29
2
48
19
30
38
35
41
11
22
47
3
13
13
7
47
7
7
22
47
22
22
15
15
7
22
11
35
11
7
35
25
47
35
11
35
11
7
35
9
20
15
7
22
35
20
4
11
38
35
46
30
47
7
23
20
15
19
20
4
19
23
23
20
3
30
47
2
11
31
11
20
163
40 8
6 11
3 23
5 33
44 8
0 20
46 18
31 11
20 4
16 15
9 43
40 28
21 25
36 24
14 15
7 36
17 26
18 27
43 12
43 12
13 24
18 27
37 13
43 12
13 24
37 13
43 12
3 1
42 3
43 12
0 47
7 26
47 7
43 12
44 22
0 47
7 26
47 7
43 12
22 49
44 22
0 47
47 7
43 12
22 49
11 34
28 11
44 22
43 12
22 49
15 22
32 41
25 15
41 4
22 49
7 36
15 22
0 47
47 7
22 49
11 34
34 35
28 11
35 10
7 36
11 34
34 35
28 11
35 10
0 47
47 7
35 10
0 47
47 46
25 35
11 34
46 38
34 35
28 11
35 10
0 47
38 37
47 46
11 34
34 35
28 11
35 10
0 47
7 26
47 7
12 35
35 10
43 12
20 9
7 36
15 22
0 47
47 7
22 49
6 20
35 10
4 25
25 35
30 10
32 30
38 31
11 34
46 38
34 35
35 10
0 47
47 46
45 30
30 10
0 47
47 46
23 19
19 49
0 47
7 26
26 23
47 7
20 4
22 19
19 49
4 25
15 22
25 15
0 20
20 4
4 33
44 8
48 23
23 19
19 49
5 48
0 20
20 4
25 21
23 19
19 49
4 25
21 3
2 45
47 2
45 30
30 10
0 47
11 31
0 20
2 45
31 38
38 2
45 30
30 10
20 6
6 11
0 20
28 40
20 6
11 28
0 29
29 49
