75
46
38
18
42
41
5
48
16
23
47
36
25
35
43
45
9
14
44
10
34
22
15
37
2
39
17
21
13
20
33
3
4
7
6
12
11
40
24
1
30
26
27
28
28
28
27
21
34
21
2
10
2
39
1
2
33
10
9
33
34
21
36
2
9
25
36
2
2
34
27
2
34
3
42
34
160
8 49
28 32
19 32
31 27
19 29
28 31
19 28
27 32
19 27
19 26
26 32
28 31
19 28
27 32
19 30
30 32
1 49
8 1
19 28
28 32
24 28
8 24
0 40
40 49
11 49
0 11
0 12
12 49
0 6
6 49
0 7
7 49
6 4
4 49
0 6
0 3
3 49
27 31
33 27
28 32
31 28
0 33
33 20
20 4
0 33
4 49
13 20
20 4
0 13
4 49
27 21
21 4
33 27
0 33
4 49
17 32
33 17
0 33
33 39
39 32
0 33
2 49
0 2
37 4
2 49
4 2
33 37
0 33
2 49
33 30
30 15
15 2
0 33
22 32
37 4
39 22
2 49
32 37
33 39
4 2
0 33
21 34
27 21
34 49
33 27
0 33
21 34
34 49
10 21
0 10
2 49
44 2
0 44
2 49
10 14
14 2
0 10
39 1
9 49
33 39
1 9
0 33
2 49
45 2
33 45
0 33
10 43
43 49
0 10
35 49
0 35
9 49
33 30
25 9
30 25
0 33
36 31
21 34
34 49
31 21
0 36
2 49
36 47
47 2
0 36
33 23
9 49
23 25
25 9
0 33
36 31
31 16
16 49
0 36
2 49
48 2
0 48
2 49
0 5
5 2
41 27
21 34
0 41
27 21
34 49
2 49
0 42
42 2
18 34
0 42
42 3
3 18
34 49
42 44
38 34
44 38
0 42
34 49
46 49
0 46
