62
45
42
32
11
29
18
34
2
47
47
2
2
2
2
39
34
2
12
24
7
22
19
18
18
2
11
30
18
2
32
19
11
2
34
5
2
47
34
2
5
2
18
23
18
2
22
47
2
48
14
28
2
11
2
12
28
22
47
34
5
48
42
127
42 48
34 49
25 49
44 36
28 2
48 49
22 47
9 18
0 3
2 46
44 15
44 5
40 31
19 17
6 3
19 22
12 36
40 9
44 19
15 16
47 25
41 47
47 25
41 47
2 25
36 2
2 25
36 2
2 25
36 2
34 38
24 34
44 19
2 25
36 2
2 25
18 2
39 18
40 39
34 38
7 29
44 19
2 25
36 2
29 34
44 19
24 12
2 25
36 2
19 7
7 24
22 37
44 19
4 18
2 25
18 2
4 18
11 4
2 25
18 2
6 11
11 32
47 25
41 47
32 30
6 11
4 18
2 25
18 2
11 32
30 41
44 19
47 25
17 11
41 47
32 30
2 25
36 2
34 38
5 34
2 25
36 2
15 16
47 25
41 47
44 5
34 38
5 34
36 2
2 46
4 18
18 2
42 23
0 42
23 46
0 3
2 46
18 2
0 3
2 46
37 22
47 25
25 2
0 3
14 48
0 3
2 46
3 6
11 28
6 11
2 46
36 2
12 45
28 2
45 20
44 36
36 12
2 46
20 28
22 47
0 3
37 22
47 25
44 5
5 34
48 49
0 42
