36
4
6
8
22
23
24
16
15
13
10
12
11
1
27
28
26
30
32
19
27
27
27
17
16
22
17
10
22
6
10
22
6
10
1
6
10
145
0 1
0 2
7 9
17 21
18 21
19 21
25 32
32 33
25 30
30 33
14 19
25 30
30 33
19 21
21 26
14 19
26 32
32 33
19 21
21 28
14 19
28 30
30 33
19 21
21 27
14 19
27 32
32 33
21 27
27 32
32 33
21 27
27 32
32 33
1 5
7 1
17 21
21 27
27 32
32 33
7 11
17 21
11 14
21 27
27 32
32 33
7 12
17 21
12 14
21 27
27 32
32 33
17 21
21 27
27 32
32 33
7 10
17 21
10 14
21 27
27 32
32 33
7 12
17 21
12 13
21 27
13 17
27 32
32 33
7 12
18 21
12 15
21 27
15 18
27 32
32 33
7 10
17 21
10 16
16 17
21 27
27 32
32 33
7 10
17 24
10 16
16 17
24 27
27 32
32 33
7 10
17 23
10 16
16 17
23 28
28 30
30 33
7 10
17 22
10 16
16 17
22 27
27 32
32 33
3 8
8 9
17 22
16 17
9 16
22 27
27 32
32 33
3 6
6 10
17 22
10 16
16 17
22 27
27 32
32 33
2 6
6 10
17 22
10 16
16 17
22 27
27 32
32 33
0 4
4 6
6 10
17 22
10 16
16 17
22 27
27 32
32 33
1 6
6 10
17 22
10 16
16 17
22 27
27 32
32 33
