78
47
4
32
20
44
22
37
15
40
9
25
7
10
33
29
1
18
43
5
46
31
2
14
26
19
8
23
27
13
36
45
6
24
42
3
28
41
39
34
12
17
35
16
30
11
38
11
38
35
46
8
24
46
26
18
26
34
33
26
6
18
25
8
29
18
25
8
10
18
8
7
33
44
8
32
44
24
18
158
0 48
35 30
16 38
11 38
38 48
0 38
0 11
11 48
30 48
0 30
0 16
16 48
0 11
38 48
0 35
35 48
0 16
38 48
30 48
0 35
17 48
0 17
0 12
12 48
34 38
0 34
38 48
34 39
0 34
39 48
0 41
41 48
41 28
0 41
28 48
41 3
0 41
3 48
0 42
42 48
24 41
41 3
0 24
3 48
24 6
6 3
0 24
3 48
34 38
38 45
0 34
45 48
36 45
24 36
0 24
45 48
24 41
41 13
0 24
13 48
27 48
0 27
0 23
23 48
8 48
24 8
0 24
23 19
0 23
19 48
23 26
26 48
0 23
14 21
21 8
8 48
23 14
0 23
2 8
8 48
0 2
0 31
31 48
2 8
46 13
13 2
8 48
0 46
5 48
0 5
43 8
8 48
46 43
0 46
24 18
18 48
0 24
1 26
46 1
26 48
0 46
0 29
29 48
18 48
0 33
33 18
34 26
10 34
0 10
26 48
7 26
33 7
0 33
26 48
6 24
24 18
25 6
18 48
0 25
9 8
25 9
8 48
0 25
29 40
40 24
24 18
18 48
0 29
25 15
15 8
8 48
0 25
0 37
37 48
10 22
22 18
18 48
0 10
44 8
8 48
0 44
7 26
26 20
33 7
20 48
0 33
32 44
44 8
8 48
0 32
32 44
44 4
4 48
0 32
24 18
0 47
47 24
18 48
