71
2
13
30
3
18
31
4
23
27
45
28
15
22
10
44
48
22
22
45
48
28
46
28
17
46
45
37
19
37
16
45
37
36
37
15
48
27
4
37
46
27
10
18
27
7
15
37
37
4
27
40
21
36
31
7
13
27
13
19
4
28
35
3
36
7
3
4
14
36
7
47
154
0 47
4 14
9 5
1 49
8 49
19 32
42 27
7 36
1 5
4 35
37 39
0 7
37 46
48 15
16 6
41 32
37 24
1 17
35 46
11 48
43 5
38 10
5 49
12 38
12 38
5 49
12 38
10 8
44 33
22 44
5 49
11 22
22 48
5 49
11 22
43 5
22 15
15 36
5 49
11 22
28 8
43 5
9 28
5 49
43 5
12 45
45 43
5 49
43 5
45 43
5 49
48 45
28 35
9 28
46 5
5 49
35 46
28 35
17 28
46 5
5 49
43 5
0 37
24 45
45 43
5 49
1 19
27 49
19 27
37 24
0 37
45 16
37 24
6 15
0 37
15 27
24 45
27 49
23 36
0 37
15 27
36 15
37 23
27 49
11 48
15 27
27 49
0 4
4 34
5 49
0 4
4 42
42 31
31 49
0 37
46 5
5 49
18 10
10 27
0 18
27 49
18 10
10 27
7 18
27 49
3 15
37 46
46 3
0 37
15 27
27 49
41 32
0 37
40 27
0 4
35 40
27 49
5 49
21 30
0 21
30 5
5 49
0 7
31 49
36 31
13 43
0 13
43 5
5 49
13 34
0 13
27 49
13 19
0 13
4 35
28 8
35 28
0 4
5 1
3 9
7 36
1 49
0 7
36 3
14 3
9 5
5 1
3 9
1 49
0 4
7 36
36 2
0 7
2 47
