71
13
29
40
38
39
31
44
8
4
2
18
48
45
9
28
16
19
41
43
15
41
21
43
32
21
5
14
12
15
41
16
21
19
14
9
25
11
9
11
14
19
43
11
9
43
43
11
19
4
24
2
8
35
4
19
44
43
19
11
4
21
38
21
6
2
35
4
6
21
29
21
122
20 2
0 33
6 21
43 36
44 1
36 19
35 5
11 43
9 23
9 25
7 49
5 23
32 22
21 49
3 15
17 43
43 27
17 41
41 7
15 41
41 7
17 43
27 21
43 27
21 49
12 32
27 21
3 5
14 19
19 49
12 14
11 12
16 23
36 16
3 15
15 41
41 7
21 49
16 42
42 28
28 21
36 16
14 19
9 14
19 49
11 9
0 11
25 34
11 9
0 11
11 9
45 14
14 19
36 45
19 49
7 49
0 11
43 27
17 9
11 43
48 37
43 17
9 48
0 11
11 43
7 49
43 18
0 11
18 7
2 37
3 2
0 4
19 49
4 19
4 35
24 8
21 49
8 21
0 4
2 37
44 47
47 2
0 44
5 23
23 8
4 35
21 49
8 21
0 4
19 49
7 49
0 44
36 19
11 43
0 11
19 49
0 31
31 49
4 39
21 49
39 21
0 4
0 38
38 49
21 49
38 34
0 38
7 49
0 33
2 37
40 49
4 35
35 40
0 4
6 21
29 6
0 29
21 49
29 13
13 21
0 29
21 49
