64
3
31
26
21
8
20
22
43
32
16
44
42
34
13
5
4
25
6
6
1
37
6
15
6
28
4
13
1
15
14
28
14
28
27
34
44
27
43
25
25
28
20
37
5
28
16
20
28
20
28
20
28
32
20
20
5
28
34
26
28
34
20
26
28
133
20 11
34 19
0 34
38 32
38 24
16 28
37 8
28 49
36 29
19 46
11 33
18 49
28 27
14 38
28 47
37 1
17 38
30 6
9 18
9 18
6 9
30 6
6 9
30 6
6 9
1 39
9 37
25 40
15 25
30 15
4 40
30 4
30 5
5 29
30 6
6 13
13 29
4 17
24 28
30 4
30 6
13 1
6 13
34 41
1 34
15 42
42 47
30 15
38 17
28 47
11 14
24 28
14 38
38 17
11 14
27 41
24 28
19 44
44 7
7 34
34 41
16 47
45 16
12 32
19 44
32 47
44 12
27 41
43 27
19 43
43 10
19 43
18 49
9 18
18 49
39 25
25 18
18 49
40 25
25 18
36 29
47 28
36 29
18 49
29 22
22 18
18 49
0 20
9 18
20 9
0 8
8 49
20 5
0 20
5 37
8 49
28 49
0 20
20 46
39 16
21 49
0 21
28 49
0 20
20 38
24 28
28 49
26 28
0 20
20 38
38 26
28 49
47 28
0 20
32 47
20 38
20 5
18 49
0 20
5 31
31 18
3 49
0 3
28 49
34 28
0 34
28 49
26 28
19 26
11 26
28 49
26 28
0 20
