74
25
31
21
7
20
38
16
44
45
30
12
42
15
19
23
28
29
32
8
41
2
26
40
4
18
10
9
17
34
14
5
46
11
36
6
1
3
35
27
24
37
13
39
43
33
26
10
36
10
2
2
37
2
37
19
37
26
42
12
2
29
19
2
19
19
19
16
2
29
45
19
21
12
2
147
0 47
0 33
33 47
0 43
43 47
0 39
39 47
0 13
13 47
0 37
37 47
0 24
24 47
0 27
27 47
0 35
35 47
0 3
3 47
1 47
0 1
35 39
6 35
39 1
1 47
0 6
36 1
1 47
6 36
0 6
11 1
1 47
0 11
46 47
0 46
5 47
0 5
14 47
0 14
37 46
34 37
0 34
46 47
17 1
0 17
1 47
9 14
0 9
14 47
0 10
10 14
14 47
3 18
0 10
10 3
18 47
0 4
4 47
17 40
0 17
40 47
0 10
10 26
26 47
4 37
2 47
37 2
0 4
2 47
10 41
0 10
41 2
4 37
2 47
0 8
8 4
37 2
2 47
32 37
26 32
0 10
10 26
37 2
36 29
0 10
29 47
10 36
2 47
0 28
28 2
2 47
0 23
23 37
37 2
2 47
0 19
19 37
37 2
0 19
19 37
37 15
15 47
42 47
0 42
0 12
12 26
26 14
14 42
42 47
0 12
2 47
30 2
12 30
45 29
0 19
19 45
29 47
2 47
0 19
19 44
44 2
0 19
19 16
16 47
0 19
19 38
38 47
2 47
16 20
0 19
19 16
20 2
45 29
7 47
0 19
19 45
29 7
0 19
19 21
21 47
0 12
12 31
31 21
21 47
0 25
2 47
25 2
