83
21
24
48
4
43
42
34
15
20
29
1
16
47
44
46
40
17
22
32
23
26
5
18
35
3
36
30
12
41
45
9
11
8
6
13
31
38
33
14
2
28
25
7
19
27
10
37
37
2
33
8
32
8
3
13
3
22
8
17
3
32
3
47
44
44
17
1
22
3
22
20
22
20
15
1
44
1
44
42
43
32
43
29
187
0 49
37 39
0 37
37 49
0 37
0 10
10 49
27 49
0 27
0 19
19 49
0 7
7 49
25 27
27 49
0 25
7 28
0 7
28 49
0 2
2 49
19 14
0 19
14 49
2 33
33 14
0 2
14 49
19 38
38 49
0 19
2 31
0 2
31 49
31 13
2 31
0 2
13 49
2 33
33 6
0 2
6 49
2 33
8 49
33 8
0 2
0 11
11 49
39 8
9 39
8 49
11 9
0 11
45 49
0 45
45 41
41 49
0 45
2 12
12 49
0 2
30 8
45 30
8 49
0 45
36 37
37 8
8 49
0 36
36 37
3 49
37 3
0 36
3 49
35 3
0 35
18 8
8 49
0 18
8 49
5 8
0 5
26 3
3 49
11 26
0 11
23 8
33 23
2 33
8 49
0 2
39 8
8 49
0 32
32 39
39 8
22 32
0 22
8 49
32 39
13 17
3 49
45 13
17 3
0 22
22 45
3 49
40 3
0 22
22 40
46 8
8 49
0 46
44 17
3 49
17 3
0 22
22 44
32 47
22 32
3 49
0 22
47 3
44 17
32 47
22 32
47 16
16 44
3 49
17 3
0 22
44 17
1 44
3 49
17 3
22 1
0 22
29 49
22 1
0 22
1 29
3 49
20 3
0 22
22 20
20 15
15 49
0 22
22 20
15 34
20 15
34 49
0 22
22 20
33 42
44 33
1 44
22 1
42 49
0 22
44 33
43 29
33 23
23 43
1 44
29 49
22 1
0 22
4 42
42 49
0 4
43 29
8 23
48 39
39 8
32 47
22 32
47 48
23 43
29 49
0 22
24 49
0 24
43 29
21 43
29 49
0 21
