48
3
25
34
41
31
36
29
13
28
30
13
29
30
21
38
29
22
27
29
19
46
37
29
30
21
31
37
29
28
33
32
20
41
29
40
39
17
33
25
41
27
26
19
31
27
19
21
27
135
19 2
0 19
27 49
17 15
10 20
33 14
0 1
2 21
13 37
6 22
6 21
28 9
10 9
42 8
11 14
11 5
11 14
11 14
10 28
11 14
11 14
2 13
13 12
12 29
30 11
29 30
11 14
2 13
13 12
7 36
36 9
12 29
30 11
29 30
11 14
8 42
28 9
21 38
12 29
30 11
38 27
29 30
10 28
11 14
8 42
28 9
27 8
12 29
30 11
29 30
22 27
10 28
11 14
31 19
6 31
12 29
30 11
19 46
37 9
29 30
11 14
12 29
30 11
37 9
29 30
11 14
2 13
21 6
31 19
46 37
6 31
12 29
30 11
19 46
37 9
29 30
11 14
8 42
28 9
1 41
41 8
12 29
30 11
29 30
10 28
0 1
11 14
15 32
32 33
0 1
8 42
1 41
41 8
20 9
12 29
30 11
29 30
0 1
11 14
40 34
34 35
26 39
12 29
39 40
30 11
29 30
11 14
1 25
25 11
0 1
11 14
11 17
33 14
1 25
25 11
15 32
32 33
0 1
1 41
41 8
8 27
0 1
3 23
26 3
0 26
27 49
19 31
6 22
31 6
22 27
0 19
2 21
27 49
21 38
38 27
