93
7
32
23
5
48
30
4
29
46
4
29
45
4
29
44
4
29
43
4
29
42
4
29
41
4
29
40
4
29
39
4
29
38
4
29
37
4
29
36
4
29
35
4
29
35
4
29
35
4
29
35
4
29
35
4
29
35
4
29
35
4
29
35
4
29
35
4
29
35
4
29
35
4
29
35
4
29
35
4
29
10
4
29
10
4
10
4
10
48
10
48
23
32
222
0 1
10 25
11 25
12 25
13 25
14 25
15 25
16 25
17 25
18 25
19 25
20 25
21 25
25 26
35 49
36 49
37 49
38 49
39 49
40 49
41 49
42 49
43 49
44 49
45 49
46 49
3 4
4 9
28 29
29 34
34 46
3 4
4 9
28 29
29 34
34 45
3 4
4 9
28 29
29 34
34 44
3 4
4 9
28 29
29 34
34 43
3 4
4 9
28 29
29 34
34 42
3 4
4 9
28 29
29 34
34 41
3 4
4 9
28 29
29 34
34 40
3 4
4 9
28 29
29 34
34 39
3 4
4 9
28 29
29 34
34 38
3 4
4 9
28 29
29 34
34 37
3 4
4 9
28 29
29 34
34 36
3 4
4 9
28 29
29 34
34 35
35 49
3 4
4 9
28 29
29 34
34 35
25 26
35 49
3 4
4 9
28 29
29 34
34 35
25 26
35 49
3 4
4 9
28 29
29 34
34 35
25 26
35 49
3 4
4 9
28 29
29 34
34 35
25 26
35 49
3 4
4 9
28 29
29 34
34 35
25 26
35 49
3 4
4 9
28 29
29 34
34 35
25 26
35 49
3 4
4 9
28 29
29 34
34 35
25 26
35 49
3 4
4 9
28 29
29 34
34 35
25 26
35 49
3 4
4 9
28 29
29 34
34 35
25 26
35 49
3 4
4 9
28 29
29 34
34 35
25 26
35 49
3 4
4 9
28 29
29 34
34 35
25 26
35 49
3 4
4 9
28 29
29 34
34 35
25 26
35 49
3 4
4 9
28 29
29 34
9 10
34 35
10 25
25 26
35 49
3 4
4 9
28 29
29 34
9 10
34 35
0 1
10 25
25 26
28 30
30 34
35 49
3 4
4 9
9 10
34 35
0 1
10 25
25 48
48 49
3 4
4 9
9 10
0 1
3 5
5 9
10 25
25 48
48 49
9 10
0 23
23 25
25 48
48 49
0 23
23 25
25 32
32 49
0 7
7 25
25 32
32 49
