65
28
15
19
21
39
23
5
7
6
22
13
16
43
41
20
2
24
26
4
8
33
37
27
30
32
17
29
42
10
3
14
31
12
35
11
40
34
1
36
18
25
38
8
27
8
2
14
20
26
43
2
41
22
2
43
35
2
13
16
39
39
13
23
21
15
135
0 44
38 44
0 38
0 25
25 44
18 44
0 18
0 36
36 44
1 44
0 1
0 34
34 44
0 40
40 44
25 11
0 25
11 44
0 35
35 44
0 12
12 44
12 31
31 35
0 12
35 44
14 35
0 14
35 44
11 3
3 35
12 11
0 12
35 44
0 10
10 44
3 35
42 18
18 3
0 42
35 44
14 29
0 14
29 44
12 17
0 12
17 44
14 31
31 32
0 14
32 44
12 17
17 30
0 12
30 44
27 44
0 27
12 37
37 44
0 12
14 31
31 33
0 14
33 44
8 27
0 8
27 44
12 4
4 37
37 44
0 12
26 37
0 26
37 44
12 24
24 44
0 12
2 44
0 2
8 27
27 20
20 44
0 8
8 41
41 44
0 8
14 43
43 2
2 44
0 14
16 20
26 16
20 44
0 26
13 44
0 13
22 43
43 2
2 44
0 22
6 41
41 44
0 6
22 7
7 2
2 44
0 22
35 43
0 5
43 2
5 35
2 44
23 2
2 44
0 23
13 44
39 13
0 39
21 16
16 39
0 21
13 44
39 13
19 39
0 19
13 44
39 13
23 15
15 44
0 23
17 28
21 17
28 15
15 44
0 21
