82
6
44
24
20
21
41
26
17
5
48
3
9
38
34
36
31
47
32
14
32
45
32
31
47
32
28
31
36
47
32
47
32
32
23
39
34
4
34
42
9
42
9
4
31
34
39
3
11
39
34
48
28
17
45
17
23
5
26
45
22
26
17
48
48
26
20
48
17
3
11
45
17
3
17
41
24
3
3
24
3
9
48
175
1 49
9 23
41 18
0 3
29 16
22 17
15 5
23 45
8 39
30 39
42 34
47 30
46 37
37 30
28 45
37 42
43 49
8 40
8 40
46 14
14 19
43 49
8 40
25 32
43 49
32 33
47 27
25 32
43 49
32 33
33 47
45 31
31 35
42 45
19 36
36 13
25 32
43 49
32 33
45 31
31 35
47 37
25 32
32 33
33 47
42 45
16 28
45 31
19 36
36 13
31 35
25 32
32 33
47 37
25 32
43 49
32 33
33 47
37 30
43 49
8 40
25 32
43 49
32 33
33 47
34 43
25 32
43 49
33 34
32 33
38 39
39 49
25 23
23 38
34 43
4 34
43 49
25 9
9 4
4 42
34 43
43 49
25 9
9 4
42 37
37 30
4 42
25 9
9 4
39 49
31 35
25 3
3 31
48 1
0 48
34 43
43 49
33 34
5 39
39 49
25 5
11 17
25 3
17 49
3 11
39 49
15 34
0 48
26 15
48 26
34 43
43 49
28 45
45 17
41 28
0 48
17 49
48 41
45 17
17 49
25 23
45 17
0 48
5 45
26 15
17 49
48 26
15 22
0 48
26 15
17 49
48 26
1 21
48 1
0 48
21 35
0 48
20 49
48 20
16 20
26 29
0 48
20 49
48 26
11 17
17 49
3 11
3 24
0 3
45 17
24 45
17 49
44 36
0 3
36 17
3 44
17 49
18 20
24 9
3 24
0 3
20 49
9 41
25 6
0 3
6 49
3 25
23 45
24 9
3 24
0 3
45 17
17 49
48 1
0 48
