68
47
41
14
39
11
7
37
16
28
12
10
20
44
25
15
30
6
2
36
3
45
5
27
31
17
46
34
40
33
22
13
29
48
35
32
21
23
8
24
19
9
1
26
38
18
42
43
45
5
27
17
31
27
45
31
17
31
15
31
17
1
16
17
16
32
1
30
10
154
0 49
0 43
43 49
42 49
0 42
18 49
0 18
38 18
0 38
18 49
0 26
26 49
0 1
1 49
0 9
9 49
0 19
19 49
9 24
0 9
24 49
8 24
26 8
0 26
24 49
9 24
23 9
0 23
24 49
21 19
0 21
19 49
21 32
32 24
0 21
24 49
35 32
21 35
32 24
0 21
24 49
35 32
21 35
48 24
32 48
0 21
24 49
21 29
0 21
29 49
0 13
13 49
13 22
0 13
22 49
0 33
33 49
43 40
13 43
0 13
40 49
21 35
35 34
0 21
34 49
46 24
0 46
24 49
17 49
46 17
0 46
0 31
31 49
27 34
0 27
34 49
31 5
5 34
0 31
34 49
0 31
31 45
45 49
3 45
31 5
0 31
5 3
45 49
27 36
0 27
36 49
31 5
2 17
0 31
5 2
17 49
27 6
0 27
6 49
31 5
5 30
30 45
0 31
45 49
15 17
31 5
32 15
5 32
0 31
17 49
0 25
25 49
0 44
44 49
20 15
15 17
48 20
31 48
0 31
17 49
0 10
10 49
0 12
12 49
28 17
0 28
17 49
0 16
16 49
1 19
0 16
16 1
19 37
37 49
7 17
0 7
17 49
0 16
11 49
16 11
0 16
1 32
32 39
16 1
39 49
14 49
0 14
5 41
10 30
30 5
0 10
41 49
0 47
47 49
