33
3
6
9
13
17
21
25
29
33
37
41
43
43
41
43
37
41
33
37
29
33
25
29
21
25
17
21
13
17
17
21
9
13
243
0 47
44 45
0 2
10 12
14 16
18 20
22 24
26 28
30 32
34 36
38 40
38 40
34 36
38 40
30 32
34 36
38 40
26 28
30 32
34 36
38 40
22 24
26 28
30 32
34 36
38 40
18 20
22 24
26 28
30 32
34 36
38 40
14 16
18 20
22 24
26 28
30 32
34 36
38 40
10 12
14 16
18 20
22 24
26 28
30 32
34 36
38 40
0 2
10 12
14 16
18 20
22 24
26 28
30 32
34 36
38 40
42 43
0 2
10 12
14 16
18 20
22 24
26 28
30 32
34 36
38 40
43 45
0 2
10 12
14 16
18 20
22 24
26 28
30 32
34 36
39 41
41 43
43 45
0 2
10 12
14 16
18 20
22 24
26 28
30 32
35 37
37 39
39 41
41 43
43 45
0 2
10 12
14 16
18 20
22 24
26 28
31 33
33 35
35 37
37 39
39 41
41 43
43 45
0 2
10 12
14 16
18 20
22 24
27 29
29 31
31 33
33 35
35 37
37 39
39 41
41 43
43 45
0 2
10 12
14 16
18 20
23 25
25 27
27 29
29 31
31 33
33 35
35 37
37 39
39 41
41 43
43 45
0 2
10 12
14 16
19 21
21 23
23 25
25 27
27 29
29 31
31 33
33 35
35 37
37 39
39 41
41 43
43 45
0 2
10 12
15 17
17 19
19 21
21 23
23 25
25 27
27 29
29 31
31 33
33 35
35 37
37 39
39 41
41 43
43 45
0 2
11 13
13 15
15 17
17 19
19 21
21 23
23 25
25 27
27 29
29 31
31 33
33 35
35 37
37 39
39 41
41 43
43 45
0 2
7 9
9 11
11 13
13 15
15 17
17 19
19 21
21 23
23 25
25 27
27 29
29 31
31 33
33 35
35 37
37 39
39 41
41 43
43 45
0 2
4 6
6 8
10 12
15 17
17 19
19 21
21 23
23 25
25 27
27 29
29 31
31 33
33 35
35 37
37 39
39 41
41 43
43 45
1 3
3 5
7 9
9 11
11 13
13 15
15 17
17 19
19 21
21 23
23 25
25 27
27 29
29 31
31 33
33 35
35 37
37 39
39 41
41 43
43 45
