70
18
22
41
10
35
27
21
24
34
43
26
39
17
28
31
40
42
12
32
15
29
30
20
2
16
38
9
4
37
23
7
25
13
8
36
1
5
44
19
11
14
3
33
12
7
2
31
32
7
2
31
39
42
15
43
15
39
19
17
7
27
44
39
27
27
4
41
42
27
4
148
0 45
0 33
33 45
3 45
0 3
0 14
14 45
0 11
11 45
19 3
0 19
3 45
0 44
44 45
5 3
0 5
3 45
0 1
1 45
0 36
36 45
0 8
8 45
13 45
0 13
5 25
0 5
25 45
7 3
0 7
3 45
7 23
23 45
0 7
37 45
0 37
4 45
0 4
9 45
0 9
3 38
38 4
7 3
4 45
0 7
16 4
0 16
4 45
3 7
7 2
16 3
0 16
2 45
20 2
16 20
0 16
2 45
44 30
16 44
0 16
30 45
7 2
29 14
14 23
23 7
0 29
2 45
0 15
15 45
32 2
16 32
0 16
2 45
12 30
0 12
30 45
42 15
0 42
15 45
12 40
0 12
40 45
3 7
7 2
42 31
31 3
0 42
2 45
31 14
28 32
32 2
42 31
14 28
0 42
2 45
7 2
17 7
42 17
0 42
2 45
0 39
39 45
31 26
0 39
39 31
26 45
42 15
0 42
15 43
43 45
34 15
0 34
15 43
43 45
19 24
39 19
0 39
24 45
21 45
17 7
7 21
42 17
0 42
27 45
0 27
35 44
44 4
27 45
4 27
0 35
27 45
10 27
0 39
39 10
42 41
41 44
44 4
27 45
4 27
0 42
42 41
41 22
22 45
0 42
27 45
18 4
0 18
4 27
