69
22
44
10
46
32
36
2
17
23
30
41
12
14
18
3
5
39
26
21
8
33
31
1
9
7
47
37
29
20
6
27
13
42
15
25
40
11
19
28
43
28
27
33
33
31
47
43
26
37
27
21
26
6
43
26
21
12
6
42
17
17
19
26
26
3
26
36
17
26
144
0 49
24 35
16 28
43 49
34 49
34 35
35 49
28 45
38 28
35 49
34 43
43 49
28 38
34 43
24 19
19 35
35 49
35 49
11 35
35 49
0 11
40 35
35 49
0 40
25 35
0 25
35 49
43 49
15 43
0 15
42 48
0 42
13 48
0 13
0 27
27 48
0 6
43 49
6 43
43 49
20 43
0 20
0 27
27 29
29 49
37 49
20 37
0 20
6 47
0 6
43 49
47 43
6 47
0 6
7 20
37 49
47 7
20 37
6 47
0 6
47 9
9 49
1 49
0 1
47 31
6 47
0 6
31 45
37 49
45 37
0 27
27 33
33 49
8 33
27 8
0 27
33 49
0 21
21 33
33 49
26 49
0 26
45 39
47 31
6 47
0 6
31 45
39 49
5 43
43 49
0 5
26 49
3 26
0 3
27 18
37 49
0 27
18 37
26 49
21 14
0 21
14 26
12 43
0 6
43 49
6 12
0 41
41 49
30 49
0 30
26 49
23 26
21 23
0 21
17 49
12 17
0 6
6 12
17 49
42 17
2 42
0 2
17 49
19 17
36 40
0 36
40 19
26 49
0 32
32 26
46 3
26 49
0 46
3 26
26 49
10 26
0 10
44 17
17 49
36 44
0 36
0 22
26 49
22 26
