69
4
15
37
24
17
33
11
25
2
22
19
32
21
18
1
39
40
13
42
14
34
36
29
35
16
28
6
31
10
20
23
7
43
27
30
8
26
12
3
9
41
5
42
29
31
30
13
21
5
16
41
21
30
41
13
21
5
13
41
11
32
16
25
42
11
8
16
17
25
142
0 44
5 44
0 5
41 44
0 41
9 44
0 9
0 3
9 44
3 9
3 12
0 3
12 44
0 26
26 44
3 8
8 12
0 3
12 44
5 30
0 26
26 5
30 44
5 30
27 5
26 27
0 26
30 44
0 43
43 44
7 9
0 7
9 44
23 9
26 23
0 26
9 44
26 20
0 26
20 44
0 10
10 44
31 43
0 31
43 44
6 9
0 6
9 44
28 44
0 28
0 16
38 28
16 38
28 44
10 35
35 28
0 10
28 44
0 29
29 44
0 36
36 44
0 34
34 44
0 14
14 44
0 42
42 44
0 42
13 44
42 8
8 13
0 42
40 43
13 44
43 13
42 40
36 39
0 36
39 44
0 42
1 44
42 1
31 18
29 31
18 44
0 29
21 30
13 44
30 13
0 21
21 5
32 13
5 32
13 44
0 21
16 19
0 16
41 13
13 44
19 41
21 30
22 13
30 22
13 44
0 21
2 41
41 13
13 44
0 2
21 5
5 25
25 44
0 21
0 11
11 41
41 13
13 44
33 44
0 11
11 33
16 17
32 13
17 32
0 16
13 44
24 25
0 42
25 44
42 24
8 37
11 8
0 11
37 44
16 15
0 16
15 44
16 17
17 4
4 25
0 16
25 44
