34
14
44
30
1
4
13
1
24
7
13
13
17
32
31
27
12
48
17
17
32
7
13
17
48
30
4
32
28
20
44
9
28
28
20
77
20 28
0 16
32 23
41 12
17 7
39 27
32 17
36 13
2 24
35 34
46 31
13 8
11 4
38 21
4 26
38 21
48 13
38 21
1 19
40 1
1 19
40 1
46 31
46 31
24 7
7 25
13 8
46 31
38 21
13 8
46 31
48 13
38 21
17 48
31 32
46 31
27 12
31 3
12 18
5 30
30 43
32 17
46 31
17 48
31 32
32 17
39 27
24 2
46 31
7 24
27 12
31 32
12 18
13 36
32 17
46 31
48 13
17 48
31 32
12 18
4 11
5 30
30 43
46 31
23 4
31 32
20 44
44 28
0 20
14 33
10 14
9 44
28 49
16 9
44 28
28 49
0 20
