91
1
34
31
35
28
21
42
32
19
9
29
15
22
26
8
11
23
43
23
26
29
23
26
15
22
15
8
43
11
15
40
9
39
43
8
19
39
14
32
43
8
40
15
33
39
8
11
19
9
39
8
11
12
22
42
12
22
42
12
38
46
46
3
39
46
3
19
39
11
32
38
46
12
21
12
45
35
3
32
38
3
15
25
22
3
21
45
12
45
34
40
192
0 45
5 25
5 15
24 48
41 3
5 24
18 10
32 38
19 11
39 2
46 3
46 38
18 30
20 22
17 22
20 17
16 4
39 17
2 40
18 37
14 40
43 8
22 7
23 30
26 23
17 8
36 47
41 22
26 2
22 26
15 27
36 47
33 15
11 4
36 47
8 11
43 23
23 29
11 4
36 47
29 11
6 43
41 22
23 29
22 26
11 4
36 47
29 11
26 23
41 22
15 27
22 26
36 47
33 15
41 22
15 27
36 47
33 15
11 4
36 47
8 11
6 43
9 40
15 27
20 9
33 15
40 33
19 9
39 19
9 40
47 39
15 27
36 47
33 15
40 33
43 8
32 43
48 32
11 4
8 11
39 19
19 14
47 39
15 27
36 47
33 15
40 33
43 8
32 43
37 32
11 4
36 47
8 11
18 37
15 27
36 47
33 15
40 33
47 39
17 8
11 4
36 47
8 11
19 9
39 19
47 39
36 47
9 10
17 8
11 4
8 11
41 42
36 47
42 12
20 17
12 49
22 41
41 42
42 12
12 49
22 41
41 42
42 12
16 4
36 47
18 37
38 4
36 47
2 46
18 37
3 49
36 47
2 46
46 3
3 49
47 39
36 47
2 46
39 19
47 39
11 4
36 47
18 30
30 23
38 46
23 26
46 3
26 32
3 49
36 47
16 4
36 47
47 21
12 49
21 12
36 47
45 21
12 49
21 12
24 45
5 24
28 49
47 28
35 27
5 35
3 49
35 41
5 35
32 38
38 46
46 3
5 24
3 49
48 32
15 27
25 4
31 22
41 3
0 31
22 41
3 49
45 21
12 49
21 12
0 45
45 34
34 4
34 40
0 45
45 34
40 1
1 49
