25
11
5
30
30
5
30
5
30
12
5
17
11
12
17
11
28
1
17
11
18
17
1
1
18
17
108
0 1
17 18
2 1
27 28
16 17
24 26
9 10
30 31
29 30
24 29
4 5
30 31
5 6
29 30
24 29
13 14
4 5
30 31
5 6
29 30
24 29
9 10
13 14
4 5
30 31
5 6
29 30
10 11
11 12
24 26
12 13
9 10
13 14
4 5
30 31
5 6
29 30
10 11
11 12
17 19
24 26
12 13
9 10
13 14
4 5
30 31
5 6
29 30
16 17
10 11
11 12
17 19
28 29
24 26
12 13
9 10
13 14
4 5
30 31
5 6
29 30
27 28
16 17
1 4
10 11
11 12
17 19
28 29
24 26
12 13
9 10
13 14
4 5
30 31
5 6
29 30
2 1
18 19
27 28
16 17
1 4
10 11
11 12
28 29
24 26
12 13
9 10
13 14
4 5
30 31
5 6
29 30
17 18
18 19
27 28
16 17
1 4
10 11
11 12
28 29
24 26
12 13
9 10
13 14
4 5
30 31
5 6
29 30
