68
10
18
21
16
44
39
1
22
24
47
17
28
5
11
36
46
43
38
30
45
8
42
37
32
29
12
13
6
27
19
48
2
3
34
33
40
23
4
20
26
7
15
25
31
35
41
9
15
45
4
38
45
4
32
30
37
32
28
11
28
48
36
39
44
39
28
30
44
145
0 49
15 14
0 9
9 49
41 49
0 41
0 35
35 49
31 49
0 31
25 49
0 25
0 15
15 49
14 31
31 49
0 15
0 7
7 49
26 49
0 26
0 20
20 49
20 14
14 4
4 49
0 20
23 49
0 23
20 7
40 23
7 40
23 49
0 20
33 4
4 49
0 33
34 23
23 49
0 34
34 25
25 3
0 34
3 49
2 4
4 49
0 2
20 48
48 49
0 20
19 49
0 19
25 27
27 19
34 25
0 34
19 49
6 49
0 6
34 13
0 34
13 49
12 3
0 12
3 49
29 49
0 29
32 4
0 32
4 49
37 48
32 37
0 32
48 49
42 49
0 42
8 29
32 8
0 32
29 49
0 45
45 49
30 49
0 30
0 38
38 49
45 4
4 29
29 43
43 49
0 45
46 49
38 46
0 38
45 4
33 36
4 33
36 49
0 45
11 49
0 11
32 5
0 32
5 49
28 49
30 28
0 30
37 17
17 49
32 37
0 32
28 49
47 28
0 47
11 49
24 11
0 24
22 49
0 22
28 49
1 48
30 28
48 30
0 1
39 49
0 39
39 19
44 49
36 44
19 36
0 39
39 19
44 49
16 44
19 16
0 39
21 30
28 49
30 28
0 21
0 18
18 49
44 49
10 44
0 10
