75
36
4
44
19
1
9
17
16
12
27
14
35
42
29
39
23
7
26
18
11
33
8
41
28
24
31
21
10
40
47
37
2
32
46
48
3
13
20
32
3
32
37
2
13
48
10
37
43
20
28
26
28
11
10
43
24
5
29
7
48
26
29
3
14
32
16
7
16
26
9
1
7
16
19
23
164
0 49
48 45
37 13
2 46
38 49
6 34
45 49
15 5
20 49
6 13
38 34
3 45
30 3
48 13
15 48
13 34
46 49
30 3
3 46
32 49
30 32
48 20
15 48
5 32
32 49
3 45
30 3
32 6
15 5
5 32
15 5
5 2
2 49
46 49
43 37
37 46
37 22
43 37
15 5
5 2
46 49
6 34
13 6
43 37
47 34
5 47
15 5
30 40
40 25
45 49
15 48
10 2
2 46
43 10
46 49
48 45
45 49
21 48
0 21
15 31
31 49
24 48
48 45
45 49
15 24
0 28
28 49
45 49
43 41
41 45
38 49
41 8
43 41
8 38
33 25
43 33
37 10
11 49
10 2
2 11
28 37
0 28
18 20
43 18
20 49
0 43
26 49
28 26
0 28
28 7
26 49
7 26
0 28
37 10
11 49
28 23
10 2
23 37
2 11
0 28
38 49
43 39
39 38
0 43
24 48
48 45
5 24
45 49
29 5
0 29
11 49
7 42
42 11
29 7
0 29
48 45
35 48
45 49
0 35
14 49
0 14
27 26
26 49
0 27
12 45
29 3
3 12
45 49
0 29
14 49
0 16
16 14
32 47
47 17
16 32
0 16
17 49
16 7
9 34
14 49
7 9
0 16
34 14
0 1
26 49
1 26
0 1
19 9
9 34
14 49
1 19
34 14
16 7
7 44
0 16
44 49
23 4
0 1
11 49
4 11
19 23
1 19
0 36
36 49
