73
42
37
13
12
23
28
44
21
14
40
30
41
25
5
1
20
36
17
33
38
11
18
6
8
45
24
43
22
19
7
16
9
46
46
15
31
9
4
15
16
7
7
46
16
11
35
7
9
33
11
38
8
24
35
38
24
35
24
8
25
40
16
7
25
44
28
8
44
25
8
12
44
44
169
0 48
39 16
26 2
46 27
4 3
31 34
0 39
15 47
4 26
0 9
31 47
3 34
4 15
10 47
26 34
46 47
0 46
46 47
0 46
26 34
10 47
4 9
9 34
15 34
10 47
10 47
3 34
35 31
9 34
16 27
46 16
0 46
0 9
32 16
16 27
9 4
0 9
16 27
9 15
47 16
32 16
16 27
0 39
3 7
7 48
47 31
34 3
15 47
3 7
0 9
7 48
9 15
19 48
0 19
26 4
0 39
3 7
7 48
0 46
0 9
9 22
22 48
0 39
0 9
9 43
43 48
0 24
24 48
35 45
45 48
0 8
8 16
16 27
9 6
46 27
6 46
0 9
0 8
18 7
8 18
7 48
35 11
46 27
11 46
0 39
16 27
32 38
39 16
0 39
38 48
16 32
11 33
33 2
35 11
0 35
9 17
17 7
0 9
7 48
11 33
36 27
35 11
33 36
0 35
20 38
38 48
0 20
0 8
24 1
8 24
1 48
35 5
0 35
5 27
25 48
0 25
32 38
38 25
0 8
41 32
25 48
24 41
8 24
35 30
0 35
30 48
0 8
24 40
8 24
40 48
25 48
0 14
14 25
21 26
26 40
16 21
39 16
0 39
40 48
0 44
25 48
7 25
44 7
0 44
47 28
28 27
44 47
0 8
8 23
28 27
23 28
47 12
0 44
25 48
44 47
12 25
0 8
8 13
13 48
12 37
37 25
47 12
0 44
25 48
44 47
3 42
42 48
0 44
44 3
