73
23
9
39
40
32
24
22
26
28
8
31
21
19
2
47
34
33
35
6
1
29
30
13
16
18
14
48
44
45
12
46
42
17
36
43
11
3
15
25
10
38
37
5
4
4
38
45
17
1
18
1
17
1
29
1
38
38
16
2
7
29
29
28
6
28
18
22
28
22
8
28
30
26
152
0 49
5 15
41 4
27 4
4 20
41 5
5 20
0 37
37 20
4 20
38 5
0 38
5 20
0 10
10 20
38 25
0 38
25 20
15 20
0 15
38 3
0 38
3 20
15 20
38 5
0 38
25 11
38 25
0 38
11 49
38 3
3 43
0 38
43 49
25 36
38 25
0 38
36 49
0 17
17 49
38 42
0 38
42 49
46 49
0 46
0 38
12 49
38 12
45 17
17 12
7 45
12 49
44 46
46 49
0 44
44 46
48 44
46 49
0 48
14 49
7 14
18 44
44 46
7 18
46 49
27 44
44 46
16 27
0 16
46 49
0 13
13 49
18 30
7 18
30 49
0 29
29 49
17 1
45 17
1 49
7 45
18 6
6 1
1 49
7 18
17 1
35 17
1 49
0 35
33 45
17 1
29 33
45 17
1 49
0 29
38 34
34 1
1 49
0 38
38 47
47 49
0 38
16 2
2 49
0 16
19 2
2 49
0 19
0 7
7 21
21 49
31 49
0 31
8 49
29 8
0 29
28 49
29 28
0 29
26 6
18 30
30 28
28 49
6 18
0 26
22 6
18 30
30 28
28 49
6 18
0 22
22 24
30 28
28 49
24 30
0 22
8 49
22 6
6 32
0 22
32 8
30 28
28 49
40 30
0 40
0 39
39 49
9 49
26 9
0 26
23 49
0 23
