67
16
13
39
23
47
34
24
33
35
28
20
10
8
42
27
43
21
2
30
46
32
14
12
40
38
36
4
29
45
11
7
11
41
18
36
41
38
1
3
1
5
30
7
5
1
5
44
5
26
5
38
30
3
42
20
20
2
5
26
8
5
1
34
34
1
28
20
140
15 17
44 5
1 48
0 44
18 17
41 37
41 18
22 37
7 48
19 7
11 48
19 11
45 7
41 45
7 48
11 48
18 11
29 25
15 29
11 48
22 11
4 11
41 18
18 4
11 48
3 36
36 31
0 3
41 38
38 48
0 41
4 11
11 48
40 4
0 40
41 18
0 41
6 36
36 31
0 12
12 7
7 48
0 44
6 14
14 31
41 37
0 41
0 44
5 38
38 48
32 41
1 48
41 37
0 32
0 44
29 46
46 48
44 29
30 1
1 48
3 30
0 3
44 5
0 44
1 48
2 1
26 2
17 21
30 1
15 17
7 30
1 48
21 7
5 43
44 5
0 44
1 48
43 37
37 1
44 5
0 44
27 48
5 27
42 31
44 5
5 26
0 44
26 42
44 5
0 44
38 8
5 38
8 48
30 1
1 48
3 30
0 10
10 3
20 31
0 20
28 42
20 28
42 31
0 20
22 35
1 48
2 1
20 22
35 2
0 20
26 33
44 5
5 26
0 44
33 48
5 24
24 8
44 5
0 44
8 48
0 34
34 48
0 34
1 48
47 1
34 47
23 48
0 23
39 48
0 39
34 13
0 34
1 48
13 1
28 42
42 16
0 34
20 28
16 48
34 20
