80
10
21
48
28
44
3
46
34
9
4
11
6
2
27
32
15
8
19
31
25
40
23
42
30
7
17
12
33
45
35
14
5
38
39
26
43
41
22
37
18
18
37
41
16
35
42
16
39
35
42
43
7
16
23
35
31
15
25
35
40
35
7
19
35
27
31
19
11
31
16
35
2
16
15
46
19
31
35
28
11
170
0 49
16 49
24 41
0 29
20 37
20 18
36 18
18 49
37 49
36 37
18 49
1 22
22 18
18 49
1 41
41 49
0 43
43 18
18 49
37 49
0 26
26 49
39 49
1 39
43 24
0 43
38 39
24 38
39 49
5 49
1 5
43 24
0 43
41 49
0 29
29 16
16 49
0 14
14 16
35 49
43 24
0 43
24 35
35 49
13 35
0 45
45 13
35 49
13 35
29 33
0 29
33 13
1 12
12 49
39 35
35 49
1 17
17 39
16 49
0 7
7 16
35 49
13 35
30 13
1 30
0 42
42 49
35 49
42 43
0 42
43 24
24 23
23 35
35 49
40 35
0 40
35 49
25 35
42 43
36 25
0 42
43 36
16 49
0 31
31 16
39 35
35 49
0 19
19 39
42 43
0 42
43 8
8 49
15 16
16 49
7 15
0 7
35 49
42 43
32 23
43 32
0 42
23 35
31 27
15 16
16 49
0 31
27 15
2 25
35 49
25 35
24 2
42 43
0 42
43 24
20 40
35 49
40 35
0 31
31 6
6 20
7 11
11 49
0 7
35 49
4 25
25 35
0 19
19 4
31 27
16 49
27 9
0 31
9 16
34 11
0 19
11 49
19 34
16 49
46 16
0 31
31 46
2 25
35 49
31 27
27 3
3 2
25 35
0 31
15 16
16 49
44 15
0 44
19 28
16 49
0 19
28 46
46 16
47 48
35 49
48 35
31 47
0 31
19 28
21 11
28 21
0 19
11 49
0 10
10 49
