53
36
3
35
29
2
11
17
34
9
33
7
16
19
41
1
43
30
23
12
38
6
13
26
24
14
20
22
18
4
32
31
25
46
46
27
18
18
30
24
43
16
31
19
27
20
17
20
34
34
4
27
17
20
135
0 47
0 39
18 28
27 47
44 15
5 28
44 39
37 39
40 46
46 37
40 46
46 37
25 45
0 25
10 31
25 10
0 25
31 28
25 32
32 28
0 25
44 4
4 32
32 28
44 39
25 10
10 27
0 25
27 47
25 18
18 27
0 25
25 18
0 25
44 15
15 22
27 47
22 27
5 28
20 39
0 20
44 14
14 28
20 32
24 47
0 20
32 24
0 26
26 47
13 5
5 28
0 13
32 6
20 32
24 47
6 22
22 24
0 20
38 8
24 47
8 22
22 24
0 38
32 6
12 32
24 47
6 22
0 12
22 24
18 28
23 18
0 23
5 28
30 47
0 30
0 39
43 8
39 43
8 30
30 47
0 1
1 47
0 39
24 47
41 24
39 41
0 19
19 47
0 39
43 5
39 43
5 16
16 47
0 39
7 31
31 16
39 7
16 47
33 27
19 33
27 47
0 19
0 39
39 9
9 47
34 47
0 34
0 39
17 47
20 17
39 20
0 39
39 11
17 47
20 17
11 20
2 42
42 34
34 47
0 2
29 21
21 4
4 34
0 29
34 47
35 27
0 35
27 47
0 39
3 20
17 47
20 17
39 3
0 36
36 47
