71
42
30
27
37
21
31
4
41
16
6
34
17
39
19
35
38
38
35
38
35
25
12
40
43
19
46
19
12
46
17
44
17
44
43
43
22
41
19
22
38
44
6
31
23
22
20
36
24
23
22
35
38
22
24
38
23
20
22
21
38
19
21
38
21
22
38
21
38
21
38
16
123
0 16
7 49
22 45
19 45
21 38
20 5
35 38
20 47
44 31
38 49
7 22
43 47
2 12
1 46
12 32
33 25
29 32
10 8
24 38
2 38
38 26
29 35
35 10
2 38
38 26
29 35
35 24
38 26
29 35
35 10
29 32
25 28
29 32
48 19
19 28
40 12
33 40
43 39
39 9
45 43
48 19
46 32
19 1
12 32
48 19
19 2
48 17
17 46
46 32
17 44
48 17
44 34
34 11
17 44
44 6
48 17
6 47
45 16
16 11
43 41
41 5
45 43
4 47
45 4
31 5
48 31
45 43
41 5
22 41
22 19
7 22
19 2
2 38
23 6
7 22
6 44
31 5
22 23
7 22
22 23
23 20
38 49
21 36
45 21
36 24
24 38
7 22
23 37
22 23
37 49
38 49
7 22
41 35
22 41
38 49
45 27
24 38
27 24
7 22
22 23
23 20
38 49
45 21
21 38
38 49
22 19
7 22
45 21
21 38
38 49
7 22
45 21
33 21
21 38
30 33
7 30
38 49
0 42
42 49
21 38
38 49
45 21
16 45
