46
12
23
48
17
6
14
2
19
31
25
47
10
43
15
44
29
38
30
40
45
13
34
20
46
39
32
42
21
4
4
42
21
13
20
11
21
44
20
34
15
47
44
47
6
31
31
112
0 49
5 36
26 21
42 46
4 41
42 4
33 49
27 49
8 37
21 49
24 36
24 21
5 42
8 37
42 1
33 49
32 18
5 42
1 32
42 1
41 39
21 49
39 21
33 49
26 46
46 33
5 42
4 16
42 4
41 39
21 49
39 21
5 42
33 49
5 42
46 33
20 49
9 20
5 34
21 49
34 21
42 13
13 33
33 49
5 42
45 49
7 45
27 49
40 27
7 40
27 49
30 27
35 30
21 49
38 49
7 38
29 13
7 29
13 33
33 49
11 20
0 44
44 11
20 49
21 49
0 15
15 21
37 43
0 44
43 49
44 37
10 20
0 10
20 49
47 27
34 47
15 5
27 49
5 34
0 15
25 27
27 49
0 25
31 49
7 31
47 27
19 47
44 19
27 49
0 44
0 2
2 49
14 28
35 14
27 49
0 6
6 28
27 49
47 27
6 17
0 6
17 24
24 47
27 49
48 31
31 49
0 48
23 31
0 23
31 49
0 12
12 49
