73
24
26
6
48
37
23
7
12
16
30
38
17
13
43
14
39
4
5
20
45
34
1
41
25
21
19
22
35
36
42
15
31
11
10
8
3
18
46
32
44
27
33
29
44
22
29
18
33
1
29
20
1
1
29
14
1
1
29
41
1
27
29
5
29
13
5
16
5
7
37
20
23
5
159
0 49
27 28
2 47
2 40
28 40
47 49
2 9
2 9
29 49
2 29
33 29
29 49
0 33
0 27
27 49
27 44
0 27
44 49
47 49
28 44
0 27
44 49
27 28
28 32
32 47
47 49
0 27
46 49
0 46
18 49
0 18
3 49
0 3
46 8
8 49
0 46
10 49
0 10
11 49
0 11
27 31
31 29
29 49
0 27
27 15
15 18
18 49
0 27
46 42
42 49
0 46
36 49
0 36
35 49
0 35
22 29
27 22
29 49
0 27
19 8
0 19
8 49
21 31
22 29
27 22
31 27
29 49
0 21
25 42
0 25
42 49
41 49
0 41
1 29
29 49
0 1
34 3
0 34
3 49
22 29
45 22
0 45
29 49
20 40
40 33
33 18
0 20
18 49
0 5
5 49
1 29
4 1
5 4
0 5
29 49
20 40
1 29
39 1
40 39
0 20
29 49
1 29
28 1
14 28
0 14
29 49
14 43
1 29
43 28
28 1
0 14
29 49
1 29
5 13
13 1
0 5
29 49
17 41
0 17
41 49
38 27
1 29
27 1
0 38
29 49
30 29
5 30
0 5
29 49
16 29
0 16
29 49
13 12
5 13
12 49
0 5
9 7
16 9
7 49
0 16
5 23
23 49
0 5
0 37
9 7
37 9
7 49
0 37
48 49
20 48
37 20
6 5
0 6
5 23
23 49
26 49
0 26
0 24
24 49
