68
44
26
15
29
18
43
35
21
30
8
23
27
9
20
12
33
16
6
40
17
22
41
11
4
19
10
1
38
2
5
45
47
25
42
14
3
32
24
37
31
45
47
13
13
13
47
40
37
19
16
13
3
8
34
30
31
23
24
34
37
31
28
23
2
24
2
45
31
142
2 45
0 2
0 28
37 48
34 48
24 48
31 48
0 7
3 8
0 46
16 36
39 48
19 36
47 40
36 48
13 17
13 3
0 13
37 47
31 45
0 31
0 39
0 37
37 39
31 46
24 46
0 24
0 32
32 48
0 3
3 48
14 48
0 14
28 48
42 28
0 42
25 48
0 25
0 47
47 48
0 45
45 48
0 5
5 48
2 48
0 31
31 2
38 48
0 38
0 1
1 48
10 48
0 10
19 48
0 19
4 48
34 4
11 48
0 11
41 48
0 41
0 31
45 48
47 4
0 37
4 48
0 22
22 48
13 48
0 13
3 48
0 17
17 48
0 13
17 48
0 40
40 48
37 47
0 37
40 48
36 48
0 19
0 6
6 48
0 39
0 16
16 48
0 33
33 48
12 48
0 12
20 48
0 20
9 48
0 9
0 27
27 48
36 48
0 16
0 23
23 48
8 48
0 8
0 30
30 48
39 48
0 21
21 48
13 3
0 13
8 48
35 39
34 35
39 48
0 34
30 43
39 48
0 30
43 39
18 48
0 18
0 31
0 29
29 48
23 24
0 23
0 34
0 37
31 48
0 15
15 31
28 48
24 48
23 24
2 23
0 26
26 48
0 2
31 48
45 31
44 48
0 44
