99
14
27
30
19
29
39
23
18
12
44
22
3
42
20
38
32
46
4
35
11
34
25
13
9
13
45
9
34
21
40
21
2
2
13
2
45
2
9
2
9
4
21
13
46
21
4
45
4
5
45
21
46
42
21
42
35
2
42
5
32
13
5
21
9
3
38
37
20
9
28
13
9
38
37
31
32
32
37
9
28
9
24
43
43
37
11
43
13
43
43
28
5
21
20
29
37
37
38
31
242
31 41
24 8
28 43
0 36
31 6
9 13
9 28
10 6
37 38
9 7
33 41
41 49
16 42
0 15
25 46
5 45
21 5
26 47
2 16
9 17
45 2
41 8
16 6
17 2
16 40
0 10
48 2
0 21
0 9
0 45
13 16
16 1
17 16
33 9
9 10
13 33
0 13
33 9
9 10
0 25
25 10
17 16
16 1
0 13
45 10
9 10
34 2
17 34
34 2
21 34
0 21
21 48
13 16
40 2
0 13
0 21
11 2
21 11
2 47
35 6
0 35
2 47
13 16
0 13
0 10
0 45
2 47
17 2
0 9
2 47
16 6
9 17
17 2
0 9
0 4
4 47
0 4
4 26
26 47
0 21
46 26
36 46
21 36
13 46
26 47
0 21
5 13
46 26
4 32
32 47
0 4
45 38
38 7
0 45
0 10
20 7
10 20
4 42
42 7
0 4
21 5
0 21
45 38
38 7
46 42
0 21
42 7
21 25
35 42
42 7
15 35
2 16
5 45
45 2
21 5
0 21
42 7
0 15
32 41
36 32
21 5
41 49
0 21
5 13
13 33
0 9
10 3
0 10
3 49
38 31
0 15
31 3
3 49
41 49
8 41
0 10
28 20
41 49
0 9
20 41
33 41
41 49
0 9
13 33
37 38
38 31
15 37
41 49
0 15
8 41
41 49
32 41
36 32
22 32
41 49
0 15
15 22
32 41
15 37
33 41
41 49
0 15
37 44
44 33
9 28
33 41
41 49
0 9
28 43
9 28
41 49
8 41
0 9
24 8
12 43
43 24
15 37
41 49
0 15
8 41
37 12
24 8
28 43
43 24
15 37
18 28
41 49
0 15
37 11
11 18
8 41
23 13
24 8
28 43
31 6
6 23
13 9
37 38
43 24
38 31
9 28
15 37
41 49
0 15
8 41
24 8
28 43
43 24
15 39
41 49
0 15
39 28
8 41
29 41
5 29
21 5
41 49
0 21
20 29
29 41
41 49
19 20
0 19
30 33
33 41
41 49
0 15
15 30
37 27
15 37
33 41
27 33
41 49
0 15
37 38
38 31
15 37
41 49
0 15
14 41
41 49
0 14
