59
37
31
12
25
34
46
30
27
19
34
19
46
16
25
34
3
47
25
34
3
39
46
39
3
41
3
46
25
29
29
41
3
27
46
30
25
25
35
44
25
35
46
24
46
24
48
33
24
46
37
24
39
23
44
24
46
30
24
39
121
22 10
0 30
17 23
37 10
48 33
43 24
2 5
4 32
35 4
18 43
44 17
32 27
41 29
28 29
44 15
39 9
1 39
2 47
3 41
20 8
1 42
46 8
30 46
27 30
20 27
34 15
19 34
34 15
32 25
25 9
44 19
19 34
46 8
12 5
5 46
16 12
34 15
32 25
25 9
41 34
2 3
34 15
32 25
25 9
47 11
11 34
3 41
46 8
2 3
5 46
39 5
1 39
3 41
2 3
41 1
31 27
46 8
30 46
3 31
2 3
27 30
32 25
25 9
29 13
20 8
3 41
29 13
2 3
20 8
44 15
46 8
30 46
27 30
20 8
44 15
32 25
25 9
18 43
25 9
44 35
4 25
35 4
18 43
32 25
25 9
44 35
45 44
46 8
5 46
2 5
24 49
46 8
5 46
43 24
24 49
20 8
0 48
33 20
43 24
37 46
24 49
22 37
46 8
10 39
39 9
43 24
18 43
24 49
22 37
23 49
44 17
45 44
43 24
24 49
46 8
30 46
10 39
39 9
43 24
18 43
24 49
