60
43
40
4
31
46
5
37
44
28
38
20
18
36
12
48
25
14
8
6
41
9
30
17
21
7
35
47
39
35
39
35
39
11
17
9
3
2
8
2
6
16
48
2
2
25
48
18
2
20
48
48
28
48
14
37
31
5
7
18
20
140
26 32
32 49
1 18
10 45
47 17
11 15
32 24
26 13
45 33
11 13
39 24
1 47
1 27
1 39
39 42
47 23
15 47
23 35
47 23
35 3
15 47
42 7
7 35
35 3
1 39
39 42
23 35
47 23
35 3
1 39
29 21
21 3
1 27
23 35
35 3
39 24
1 39
27 17
17 3
1 27
30 33
1 30
45 33
26 13
45 33
26 13
13 11
21 3
15 21
11 15
26 13
13 11
17 3
15 47
26 13
45 33
26 9
9 22
41 9
26 41
9 22
6 3
0 6
3 22
8 2
0 8
2 22
26 14
14 22
0 25
25 22
2 48
8 2
0 8
48 49
12 48
6 16
16 12
0 6
48 49
36 2
26 13
13 11
11 36
2 48
48 49
18 2
25 18
2 48
0 25
48 49
0 20
48 49
20 48
20 1
18 2
0 20
2 48
48 49
26 38
19 48
38 19
48 49
26 13
13 28
28 48
48 49
13 28
44 11
11 13
28 48
0 44
48 49
37 49
0 37
26 14
14 32
32 49
0 5
5 10
46 37
0 46
37 49
0 31
31 49
4 49
0 31
31 4
7 40
24 32
32 49
5 7
40 24
0 5
1 18
43 49
20 1
18 43
0 20
32 49
