86
32
11
18
9
27
3
48
27
3
27
27
27
27
27
9
27
18
9
27
9
18
11
9
18
11
9
18
11
9
18
11
9
18
11
9
18
11
9
18
11
9
32
11
9
32
11
9
32
11
9
32
40
11
32
40
11
32
34
40
32
40
11
32
40
21
32
40
21
32
40
21
32
40
21
21
32
40
21
32
40
40
21
32
40
21
32
509
0 49
2 3
38 40
38 39
19 21
12 14
13 15
27 29
21 22
35 37
33 34
34 36
40 41
24 26
20 21
28 30
23 25
43 45
41 42
39 40
6 8
44 45
6 7
29 31
36 37
0 2
1 3
14 16
22 24
15 17
4 5
43 44
46 47
46 48
48 47
46 47
4 3
3 5
43 44
46 47
43 44
46 47
4 5
43 44
46 47
15 17
4 5
43 44
46 47
25 27
27 28
22 24
15 17
4 5
43 44
46 47
25 27
27 28
22 24
4 5
43 44
46 47
14 16
25 27
27 28
22 24
3 5
43 44
46 47
14 16
25 27
27 28
22 24
4 5
43 44
46 47
0 2
14 16
25 27
27 28
22 24
4 5
43 44
46 47
36 37
0 2
14 16
25 27
27 28
22 24
4 5
43 44
46 47
29 31
36 37
0 2
14 16
25 27
9 10
27 28
7 9
22 24
4 5
43 44
46 47
29 31
36 37
18 20
0 2
14 16
25 27
9 10
27 28
7 9
16 18
22 24
4 5
43 44
46 47
29 31
36 37
18 20
0 2
14 16
25 27
9 10
27 28
7 9
16 18
22 24
43 44
46 47
6 7
9 11
29 31
11 13
36 37
18 20
0 2
14 16
25 27
27 28
7 9
16 18
22 24
43 44
46 47
6 7
9 11
29 31
11 13
36 37
18 20
0 2
14 16
25 27
27 28
7 9
16 18
22 24
43 44
44 45
8 9
9 11
29 31
11 13
36 37
18 20
0 2
14 16
25 27
27 28
16 18
22 24
43 44
6 8
44 45
8 9
9 11
29 31
11 13
36 37
18 20
0 2
14 16
25 27
27 28
16 18
22 24
6 8
44 45
8 9
9 11
29 31
11 13
36 37
18 20
0 2
14 16
25 27
27 28
16 18
22 24
6 8
8 9
9 11
29 31
11 13
36 37
18 20
0 2
14 16
25 27
27 28
16 18
22 24
43 45
6 8
8 9
9 11
29 31
11 13
36 37
18 20
0 2
14 16
25 27
27 28
16 18
23 25
43 45
31 32
6 8
32 33
8 9
9 11
29 31
11 13
36 37
18 20
0 2
14 16
25 27
27 28
16 18
23 25
43 45
6 8
32 33
8 9
30 32
9 11
11 13
36 37
18 20
0 2
14 16
25 27
27 28
16 18
28 30
23 25
43 45
6 8
32 33
8 9
30 32
9 11
11 13
36 37
18 20
0 2
14 16
25 27
27 28
16 18
28 30
43 45
6 8
32 33
8 9
30 32
9 11
11 13
36 37
18 20
0 2
14 16
16 18
22 24
24 26
28 30
43 45
39 40
6 8
32 33
8 9
30 32
9 11
11 13
36 37
18 20
0 2
14 16
16 18
22 24
40 41
24 26
28 30
43 45
39 40
6 8
8 9
30 32
9 11
11 13
36 37
18 20
0 2
32 34
14 16
16 18
22 24
34 36
40 41
24 26
28 30
43 45
39 40
6 8
32 33
8 9
30 32
9 11
11 13
36 37
18 20
0 2
14 16
16 18
22 24
40 41
24 26
28 30
43 45
39 40
6 8
32 33
8 9
30 32
9 11
11 13
18 20
0 2
14 16
16 18
22 24
35 37
40 41
24 26
20 21
28 30
43 45
39 40
6 8
32 33
8 9
30 32
9 11
11 13
18 20
0 2
14 16
16 18
22 24
35 37
40 41
20 21
23 25
43 45
31 32
39 40
6 8
32 33
8 9
9 11
29 31
11 13
18 20
0 2
14 16
25 27
16 18
21 23
27 29
35 37
40 41
20 21
23 25
43 45
31 32
39 40
6 8
32 33
8 9
9 11
29 31
11 13
18 20
0 2
17 18
25 27
15 17
21 23
11 12
27 29
35 37
40 41
20 21
23 25
43 45
31 32
39 40
6 8
32 33
8 9
9 11
29 31
18 20
0 2
14 16
25 27
16 18
21 23
13 15
27 29
35 37
40 41
23 25
43 45
31 32
39 40
6 8
32 33
8 9
9 11
29 31
11 13
0 2
25 27
15 17
21 23
19 21
13 15
27 29
35 37
40 41
23 25
43 45
31 32
39 40
6 8
32 33
8 9
9 11
29 31
11 13
0 2
25 27
15 17
21 23
19 21
13 15
27 29
35 37
40 41
23 25
43 45
31 32
6 8
32 33
8 9
9 11
29 31
11 13
0 2
25 27
15 17
21 23
38 40
19 21
13 15
27 29
35 37
40 41
23 25
43 45
31 32
6 8
32 33
8 9
9 11
29 31
11 13
0 2
25 27
3 5
15 17
21 23
