63
2
37
44
4
40
7
38
23
5
13
33
21
26
28
48
36
8
15
12
9
34
31
10
25
17
30
42
45
35
14
29
22
6
43
19
27
3
20
1
39
18
11
47
24
32
41
16
45
30
12
42
35
48
28
35
30
17
35
45
38
38
38
34
129
0 49
16 49
0 16
0 41
41 49
32 49
0 32
0 24
24 49
47 32
32 49
0 47
11 24
0 11
24 49
0 18
18 49
47 39
0 47
39 49
47 1
0 47
1 49
20 39
0 20
39 49
20 3
0 20
3 49
27 39
0 27
39 49
19 39
0 19
39 49
0 43
43 49
0 6
6 49
18 22
0 18
22 49
11 29
0 11
29 49
14 49
0 14
35 49
0 19
19 35
45 49
0 45
27 42
42 49
0 27
19 30
30 49
0 19
19 17
17 49
0 19
19 25
0 19
25 49
10 45
45 49
0 10
35 49
31 35
0 31
34 49
19 34
0 19
45 49
9 45
0 9
12 30
30 49
0 12
12 15
15 49
0 12
8 42
42 49
0 8
0 36
36 49
0 48
48 49
48 28
28 35
35 49
0 48
26 28
28 35
35 49
0 26
21 49
0 21
33 30
0 33
30 49
13 17
0 13
17 49
5 49
0 5
23 35
35 49
0 23
0 38
45 49
38 45
0 38
38 7
7 49
0 40
40 49
0 4
4 49
0 38
38 44
44 49
0 38
38 37
37 49
0 2
2 34
34 49
