103
48
12
24
33
27
1
45
22
9
25
15
38
23
47
14
29
40
30
8
6
13
41
43
35
43
43
11
6
43
11
6
13
43
6
41
43
6
43
11
6
11
43
20
6
41
35
11
43
6
11
11
36
11
6
43
6
11
43
43
6
41
6
41
47
41
6
29
36
29
36
8
47
36
40
43
47
36
43
29
13
38
13
29
13
6
29
41
47
13
6
25
29
6
43
47
14
20
13
29
13
29
12
13
201
0 49
7 49
6 31
13 16
29 13
19 3
8 3
3 36
19 41
10 6
11 34
2 35
5 20
11 2
7 5
7 39
13 28
10 4
26 2
35 44
0 43
43 11
0 43
39 41
41 44
43 11
0 43
10 35
43 11
0 43
13 17
26 13
43 11
0 43
43 11
6 21
4 6
26 2
0 43
11 26
43 11
6 21
4 6
0 43
11 26
43 11
6 21
4 6
0 43
26 13
11 26
43 11
6 21
41 6
0 43
39 41
11 26
43 11
6 21
4 6
0 43
11 26
43 11
6 21
4 6
0 43
43 11
7 5
11 2
6 21
20 41
2 26
41 6
0 43
43 11
11 2
35 44
0 43
43 11
6 21
4 6
8 4
0 43
11 8
43 11
30 36
0 43
11 30
36 31
43 11
10 4
6 21
4 6
0 43
43 11
11 34
6 21
0 43
43 11
43 40
0 43
40 16
0 29
29 44
42 14
6 21
14 41
41 6
6 21
47 41
41 6
0 47
6 21
47 19
41 6
0 47
0 29
29 3
36 31
44 23
23 36
0 29
29 44
36 31
3 36
46 8
47 46
0 47
36 31
40 38
43 40
0 43
38 31
3 36
47 19
0 47
36 31
43 15
15 21
0 43
0 29
13 38
38 31
29 13
0 29
13 16
29 13
21 6
0 29
19 41
41 25
47 19
0 47
25 49
6 31
29 13
13 9
0 29
9 6
22 34
11 25
34 11
29 22
0 29
25 49
6 31
45 6
43 45
0 43
1 49
0 1
27 49
0 27
47 7
0 47
14 33
7 49
20 5
33 20
5 7
42 14
7 49
29 13
24 7
0 29
13 24
7 49
12 5
28 12
29 13
5 7
13 28
0 29
48 12
7 49
12 5
13 16
29 13
5 7
16 48
0 29
