107
40
16
26
3
45
30
35
38
25
12
11
18
11
18
18
11
12
32
32
38
7
32
38
7
38
7
30
7
45
30
7
45
35
7
11
12
45
30
7
45
35
7
12
11
35
45
7
25
11
26
25
16
26
25
11
26
25
16
45
40
11
12
40
16
32
40
11
12
26
40
11
16
45
30
16
38
45
16
38
45
16
38
45
30
16
38
26
11
19
19
26
11
26
30
32
19
26
11
26
30
32
30
26
32
30
26
7
338
7 8
30 31
14 15
17 18
22 23
18 19
41 48
30 24
7 1
21 15
44 38
46 47
19 26
27 34
31 32
19 20
4 11
15 22
29 35
12 6
36 37
28 29
9 10
36 43
29 23
0 7
17 11
43 37
21 22
1 8
2 8
9 8
24 17
24 17
24 17
24 17
1 8
24 17
11 5
21 22
1 8
24 18
18 11
11 5
21 22
1 8
24 18
18 11
43 37
12 13
21 22
1 8
24 18
18 12
43 37
11 12
12 13
21 22
1 8
24 17
43 37
31 25
21 22
1 8
25 32
32 33
43 37
38 32
37 38
21 22
1 8
32 33
43 37
38 32
37 38
7 14
21 22
32 33
28 35
0 7
43 37
35 42
38 32
37 38
7 14
32 33
0 7
30 37
29 30
38 32
37 38
7 14
21 22
32 33
44 45
0 7
30 37
29 30
45 39
7 14
21 22
23 30
44 45
0 7
30 37
45 39
7 14
21 22
28 35
44 45
0 7
43 37
35 36
45 39
7 14
10 11
11 12
8 9
12 13
1 8
3 4
2 3
29 23
23 30
44 45
0 7
30 37
45 39
7 14
28 35
44 45
0 7
35 36
45 39
7 14
9 10
10 11
11 12
8 9
1 8
36 37
28 29
44 45
0 7
35 36
45 39
7 14
9 10
26 27
25 26
18 25
10 11
8 9
1 8
11 18
26 27
16 23
25 26
15 16
24 25
1 8
22 16
26 27
16 23
25 26
24 25
1 8
26 27
3 4
2 3
25 26
18 25
11 18
15 22
39 40
23 30
22 16
16 23
44 45
30 37
45 39
40 47
1 8
4 11
33 40
3 4
2 3
12 19
11 12
40 47
15 22
39 40
22 16
16 23
40 47
32 39
1 8
19 20
4 11
3 4
2 3
34 40
12 19
11 12
40 47
27 34
4 11
26 27
3 4
2 3
34 40
12 19
11 12
40 47
15 22
23 30
22 16
16 23
44 45
30 37
45 46
1 8
46 47
15 22
38 45
23 30
22 16
16 23
30 37
45 46
1 8
44 38
46 47
15 22
38 45
23 30
22 16
16 23
0 7
30 37
45 46
7 14
44 38
46 47
15 22
38 45
23 30
22 16
16 23
0 7
30 37
45 46
1 8
7 1
46 47
15 22
38 45
23 30
22 16
16 23
0 7
45 46
31 38
1 8
19 26
27 34
7 1
4 11
26 27
3 4
2 3
0 7
12 19
11 12
41 48
19 26
27 34
7 1
4 11
26 27
3 4
2 3
0 7
11 18
41 48
30 24
27 34
7 1
31 32
15 22
23 30
32 26
26 27
0 7
1 8
18 19
41 48
19 26
27 34
7 1
4 11
11 17
26 27
3 4
2 3
0 7
22 23
41 48
30 24
27 34
31 32
15 22
23 30
32 26
26 27
0 7
7 14
14 15
22 23
41 48
27 34
31 32
15 22
23 30
32 26
26 27
0 7
7 14
30 31
22 23
41 48
27 34
31 32
15 22
23 30
32 26
26 27
0 7
