60
38
40
33
47
35
37
27
42
48
36
39
46
34
30
26
44
1
2
3
4
5
6
7
8
9
10
11
12
13
14
15
16
17
18
19
20
21
22
29
41
31
45
31
29
29
29
29
29
29
26
34
26
46
26
39
26
44
45
35
39
165
25 49
0 24
32 31
25 28
25 43
45 28
25 45
25 31
31 49
31 49
25 41
41 49
29 49
25 29
0 22
22 24
29 49
25 29
0 21
21 24
29 49
25 29
0 20
20 24
29 49
25 29
0 19
19 24
29 49
25 29
0 18
18 24
29 49
25 29
0 17
17 24
29 49
25 29
0 16
16 24
29 49
25 29
0 15
15 24
29 49
25 29
0 14
14 24
29 49
25 29
0 13
13 24
29 49
25 29
0 12
12 24
29 49
25 29
0 11
11 24
29 49
25 29
0 10
10 24
29 49
25 29
0 9
9 24
29 49
25 29
0 8
8 24
29 49
25 29
0 7
7 24
29 49
25 29
0 6
6 24
29 49
25 29
0 5
5 24
29 49
25 29
0 4
4 24
29 49
25 29
0 3
3 24
29 49
25 29
0 2
2 24
29 49
25 29
0 1
1 24
29 49
25 29
29 49
25 29
44 29
0 24
25 44
29 49
0 24
26 49
32 26
32 30
0 24
30 49
0 24
26 49
34 26
25 34
46 34
0 24
26 49
25 46
34 26
0 24
25 39
39 49
36 49
0 24
25 36
46 48
0 24
25 46
48 49
42 26
0 24
26 49
25 39
39 42
0 24
26 49
27 26
25 27
0 24
25 37
37 49
35 49
45 35
44 45
0 24
25 44
47 35
35 49
0 24
25 39
39 47
0 24
33 49
25 33
0 24
25 40
40 49
38 49
0 24
25 38
0 24
