43
16
37
10
39
2
43
5
1
8
46
23
45
45
45
7
23
45
44
46
1
25
27
45
2
42
35
8
29
42
2
22
41
9
23
22
45
48
37
24
44
34
43
45
91
0 43
24 44
22 30
42 29
42 36
44 12
15 26
45 49
36 20
36 20
12 45
23 49
36 20
11 23
45 49
13 46
46 31
36 20
12 45
45 49
7 8
8 31
25 7
12 45
23 49
36 20
11 23
1 33
45 49
36 20
47 1
12 45
46 44
45 49
13 46
1 13
36 20
47 1
12 45
25 5
27 25
5 14
30 27
45 49
19 43
36 20
43 45
2 4
21 2
36 20
2 4
21 2
0 35
36 20
35 42
45 49
8 31
29 8
0 35
35 42
12 45
2 4
34 22
21 2
39 31
45 49
41 39
0 9
9 41
12 45
10 23
23 49
32 10
22 30
30 37
45 49
37 45
34 22
48 37
45 49
9 16
37 45
16 17
0 9
44 12
34 24
45 49
0 34
12 45
45 49
43 45
