65
23
28
45
32
41
11
38
14
36
1
39
14
14
4
46
14
14
14
38
5
41
38
42
14
32
14
14
7
14
7
14
4
7
7
38
7
46
32
32
11
7
20
28
3
3
28
14
4
34
47
7
22
47
23
24
3
47
23
24
23
24
7
45
47
7
146
45 49
7 9
24 48
8 3
24 26
7 47
40 4
3 48
34 48
7 20
8 40
32 9
13 15
30 26
37 46
14 4
14 19
0 7
26 48
44 38
10 22
14 12
17 4
17 1
35 48
36 39
33 27
12 36
39 15
33 27
33 27
14 22
25 14
35 48
33 27
14 22
25 14
39 15
1 39
14 22
25 14
4 15
38 35
29 46
35 48
46 38
25 14
35 48
14 12
13 11
11 40
25 14
35 48
14 12
22 14
35 48
38 35
13 41
5 38
42 5
41 42
35 48
38 35
13 41
42 44
41 42
35 48
14 12
8 32
32 25
25 14
35 48
14 12
8 32
32 25
25 14
26 48
14 12
25 14
7 37
0 7
26 48
25 14
7 37
0 7
25 14
7 37
4 15
45 21
0 7
7 37
37 45
35 48
0 7
38 35
7 37
35 48
46 38
32 43
26 48
8 32
8 28
28 16
8 32
13 15
11 13
40 11
0 7
35 48
20 35
28 3
8 28
3 34
8 40
40 23
23 15
28 3
8 28
34 48
4 14
14 19
8 40
19 34
30 26
0 7
26 48
22 30
7 47
23 24
0 7
26 48
47 23
3 48
7 47
23 24
0 7
47 23
24 48
23 24
9 23
0 7
7 47
47 22
22 10
2 45
0 7
