55
28
43
41
15
20
13
16
44
5
12
25
2
8
14
47
46
40
33
24
26
17
22
27
31
19
23
39
39
32
27
27
17
22
33
22
27
27
38
46
27
17
22
23
22
23
12
25
44
27
16
44
13
25
15
15
124
30 45
45 22
21 42
32 7
10 37
37 9
39 32
7 49
11 49
4 49
39 36
7 49
21 39
7 49
21 39
7 49
37 9
7 49
36 23
23 11
39 36
11 49
21 39
3 19
19 7
7 49
21 31
31 6
39 32
7 49
21 39
36 27
27 49
39 36
21 39
22 49
3 22
17 30
22 49
21 17
30 22
26 4
3 26
4 49
36 27
27 49
24 27
3 24
27 49
17 34
22 49
21 17
33 4
4 49
21 33
45 22
33 30
22 49
21 33
40 36
21 42
42 40
36 27
27 49
46 27
27 49
29 46
38 47
29 38
47 49
31 46
14 31
46 27
27 49
0 14
30 45
45 22
38 8
8 17
17 30
22 49
29 38
48 23
45 22
23 45
2 48
22 49
29 2
25 49
29 25
0 12
12 49
48 23
45 22
23 45
12 5
5 48
22 49
0 12
29 44
44 25
25 49
29 44
44 16
16 27
27 49
13 49
0 13
29 44
44 16
16 20
20 49
0 15
15 13
13 49
0 15
41 25
15 41
25 49
0 15
15 43
43 49
28 49
0 28
