73
6
14
24
44
39
42
31
7
45
2
12
9
27
23
8
41
1
32
11
3
30
37
19
25
21
29
15
26
17
5
20
47
16
36
22
43
35
40
33
18
4
38
46
13
28
34
4
30
34
32
38
30
1
21
30
38
41
9
13
29
23
8
22
22
45
31
23
13
40
42
31
27
23
170
0 48
4 34
0 34
34 48
0 28
28 48
13 48
0 13
46 48
0 46
0 38
38 48
0 4
4 48
34 46
0 4
46 48
0 18
18 48
0 33
33 48
18 40
0 18
40 48
33 35
0 33
35 48
38 43
33 38
43 48
0 33
22 48
33 22
0 33
36 48
0 36
16 48
0 16
33 47
22 48
47 22
0 33
20 48
0 20
35 20
18 5
33 35
5 33
20 48
0 18
5 46
18 5
17 22
22 48
46 17
0 18
5 46
18 5
46 43
26 22
43 26
22 48
0 18
15 20
20 48
0 15
18 29
22 48
29 22
0 18
5 21
18 5
0 18
21 48
22 48
25 22
0 25
18 5
5 19
22 48
19 22
0 18
15 37
37 20
20 48
0 15
30 4
4 25
22 48
0 30
25 22
4 34
30 4
3 26
34 3
26 22
22 48
0 30
4 34
30 4
34 11
22 48
11 22
0 30
32 48
0 32
1 32
32 48
0 1
30 38
38 41
41 48
0 30
15 1
1 32
8 21
0 8
21 15
32 48
23 48
0 23
30 38
38 27
27 23
23 48
0 30
9 41
0 9
41 48
0 12
12 48
9 2
2 13
13 23
23 48
0 9
0 45
45 29
23 48
29 23
7 22
0 8
8 7
22 48
31 48
0 31
42 22
22 48
0 42
0 45
31 48
39 31
45 39
0 44
23 48
44 23
44 24
0 44
40 13
24 40
13 23
23 48
14 31
42 14
31 48
0 42
0 6
6 27
27 23
23 48
