63
15
33
24
16
36
7
19
34
23
1
12
47
38
10
17
9
6
29
6
26
40
10
26
26
38
10
38
38
45
40
1
12
8
40
1
42
38
8
34
12
29
1
19
1
7
19
7
48
12
29
7
10
19
7
45
7
10
1
12
8
12
19
7
123
8 43
3 31
3 45
31 10
44 48
29 12
8 42
31 40
46 22
14 26
21 29
3 32
31 32
9 6
3 32
28 9
6 35
3 32
29 35
17 6
44 17
6 35
40 26
26 10
44 40
10 20
40 26
26 10
44 40
10 38
38 37
26 10
3 32
10 38
38 37
22 38
3 32
38 37
44 47
45 38
38 37
47 45
12 49
30 12
1 37
13 1
23 40
1 37
5 23
40 1
4 12
12 49
0 8
34 4
8 34
32 31
1 37
3 32
40 1
22 38
42 22
38 37
0 8
12 49
34 29
0 8
8 34
19 13
1 37
0 19
13 1
37 7
7 49
19 13
1 37
0 19
13 1
32 31
36 28
7 49
31 36
19 32
28 7
0 19
37 7
7 49
16 37
3 16
48 21
29 12
21 29
12 49
11 1
37 7
32 31
10 11
7 49
19 32
1 37
0 19
20 7
7 49
45 20
31 10
11 1
37 7
10 11
7 49
1 37
4 12
12 49
0 8
12 49
0 24
24 12
19 33
33 1
37 7
7 49
1 37
0 19
15 49
0 15
