83
27
23
17
21
48
7
20
26
31
14
22
6
36
33
29
44
41
2
42
13
43
28
5
25
39
46
10
4
11
12
37
1
16
47
35
34
8
38
24
19
9
32
40
3
15
45
18
32
39
19
12
39
12
42
12
43
41
13
46
39
39
2
25
2
25
22
2
2
42
29
5
2
31
2
31
43
31
7
31
29
46
31
39
169
0 49
45 32
0 18
18 49
0 45
45 49
15 49
0 15
3 49
0 3
40 49
0 40
32 49
0 32
32 49
0 45
9 49
0 9
19 49
0 19
24 49
0 24
32 38
19 32
38 49
0 19
38 49
8 38
0 8
15 19
32 38
34 15
19 32
38 49
0 34
35 38
38 49
0 35
47 49
0 47
32 38
16 32
38 49
0 16
32 38
38 49
1 32
0 1
37 38
38 49
0 37
38 49
0 12
12 38
11 24
0 12
12 11
24 49
4 24
24 49
0 4
45 38
38 49
0 10
10 45
45 38
46 45
38 49
0 46
39 49
37 39
0 37
39 49
25 39
0 25
46 5
5 49
0 46
39 49
28 19
19 39
0 28
43 49
0 43
39 49
13 19
0 13
19 39
39 49
12 42
42 39
0 12
2 49
25 2
12 42
42 25
0 12
41 43
43 49
12 41
0 12
41 43
44 41
43 49
13 44
0 13
39 49
46 29
29 39
0 46
33 49
0 33
39 49
36 39
0 36
2 49
12 6
6 25
25 2
0 12
2 49
25 2
22 25
0 22
22 14
2 49
25 2
14 25
0 22
2 49
25 2
0 31
31 42
42 25
39 49
46 29
5 46
31 26
0 31
29 39
26 5
2 49
0 31
20 2
31 20
2 49
7 2
0 31
31 7
42 48
48 43
0 31
43 49
31 42
21 49
7 21
0 31
31 7
39 49
46 29
17 46
29 39
0 17
23 49
0 31
31 23
39 49
27 39
0 27
