44
34
7
20
43
15
8
5
39
33
21
35
9
44
4
38
16
17
28
30
42
23
19
25
27
13
18
24
1
45
32
10
3
26
6
41
14
22
47
46
36
31
37
12
29
100
0 40
0 48
0 29
29 48
0 12
12 40
37 40
0 37
11 31
31 49
0 36
36 49
46 49
48 46
11 47
47 49
0 22
22 49
11 14
14 49
48 41
41 46
6 14
0 6
26 49
0 26
3 49
0 3
10 3
0 10
0 32
32 49
48 45
45 46
48 1
1 49
1 24
24 49
0 18
18 49
13 18
0 13
0 27
27 49
13 2
2 25
25 49
10 19
19 49
23 49
0 23
42 49
13 11
11 42
30 23
48 30
48 28
28 42
17 10
0 17
0 16
16 49
0 38
38 1
1 42
0 4
4 42
13 44
44 28
0 9
9 23
41 35
9 16
16 41
35 49
0 21
21 48
48 35
0 33
33 49
39 49
0 39
33 5
5 49
8 42
33 13
44 8
9 15
32 18
33 32
18 9
15 49
33 43
43 49
32 20
20 49
7 15
21 7
34 43
0 34
