35
6
4
13
18
31
38
29
43
19
1
23
11
3
16
34
36
17
12
21
24
37
15
27
8
2
41
7
5
39
22
9
10
25
26
30
82
0 46
0 14
20 46
30 46
33 46
33 40
35 40
33 45
40 28
25 46
20 25
10 46
20 10
20 9
9 26
26 10
22 10
20 22
26 30
39 30
0 39
35 30
42 5
5 28
42 7
7 35
41 28
42 41
2 26
42 2
8 26
0 8
22 40
0 27
27 22
42 15
15 30
37 30
0 37
24 2
27 24
14 21
21 37
12 37
0 12
14 17
17 46
0 36
36 37
0 34
34 26
26 16
16 30
0 3
3 37
11 37
34 11
14 23
23 11
35 1
1 30
26 35
2 19
19 40
22 1
0 43
43 1
23 29
29 30
2 38
38 1
34 31
31 35
26 18
18 46
13 46
34 13
15 13
4 15
2 4
31 6
6 46
