47
3
11
12
37
28
17
21
15
7
40
26
5
8
38
32
34
35
36
9
48
42
39
19
44
4
24
45
16
10
27
1
18
20
30
46
25
23
41
14
33
47
2
31
6
22
13
29
102
0 49
6 43
0 29
29 49
0 13
13 49
0 22
22 49
0 6
6 49
0 31
31 49
0 2
2 49
43 22
6 47
47 49
31 33
33 49
31 14
14 47
31 41
41 47
2 23
23 49
0 25
25 49
0 46
46 49
2 30
46 43
43 2
30 49
13 20
46 13
20 49
46 18
18 49
0 1
1 49
27 18
46 27
46 10
10 1
16 30
10 16
43 45
45 49
0 24
24 49
22 4
46 22
4 49
0 44
44 49
46 19
19 49
46 39
39 49
0 42
42 49
42 48
48 49
9 48
39 9
46 36
36 49
42 35
35 49
34 49
0 34
32 34
46 32
46 38
38 49
0 8
8 49
5 46
0 5
0 26
26 49
19 40
40 49
26 7
7 49
15 49
46 15
21 15
5 21
26 17
6 15
17 6
5 28
28 49
5 37
37 49
12 15
0 12
11 15
0 11
3 49
0 3
