47
10
18
21
16
44
39
1
22
24
47
17
28
5
11
36
46
43
38
30
45
8
42
37
32
29
12
13
6
27
19
48
2
3
34
33
40
23
4
20
26
7
15
25
31
35
41
9
105
0 49
15 14
0 9
9 49
41 49
0 41
0 35
35 49
31 49
0 31
25 49
0 25
0 15
15 49
14 31
0 7
7 49
26 49
0 26
0 20
20 49
20 14
14 4
4 49
23 49
0 23
20 7
40 23
7 40
33 4
0 33
34 23
0 34
34 25
25 3
3 49
2 4
0 2
20 48
48 49
19 49
0 19
25 27
27 19
6 49
0 6
34 13
13 49
12 3
0 12
29 49
0 29
32 4
0 32
37 48
32 37
42 49
0 42
8 29
32 8
0 45
45 49
30 49
0 30
0 38
38 49
45 4
4 29
29 43
43 49
46 49
38 46
33 36
36 49
11 49
0 11
32 5
5 49
28 49
30 28
37 17
17 49
47 28
0 47
24 11
0 24
22 49
0 22
1 48
48 30
0 1
39 49
0 39
39 19
44 49
36 44
19 36
16 44
19 16
21 30
0 21
0 18
18 49
10 44
0 10
