32
7
21
18
23
6
29
26
27
16
9
11
5
13
12
28
19
3
15
8
17
4
30
25
10
22
22
10
4
9
31
23
11
97
0 32
0 31
14 10
14 24
20 32
22 32
14 22
22 20
14 22
10 32
0 10
14 25
25 32
30 32
0 30
14 4
4 32
10 32
0 17
17 32
8 22
20 32
0 8
22 20
31 4
4 32
8 15
20 32
15 20
0 8
3 20
20 32
14 3
30 19
4 30
0 31
3 20
19 3
20 32
31 4
30 28
4 30
0 31
31 4
28 32
14 12
12 32
13 12
12 32
0 13
5 32
0 5
3 20
20 32
11 3
0 11
9 32
0 9
2 16
11 2
0 11
16 32
27 32
0 27
27 32
30 26
26 27
4 30
11 4
0 11
27 32
26 27
0 31
29 26
31 29
6 32
0 6
27 32
30 26
31 23
26 27
4 30
11 4
0 31
23 11
9 32
0 31
18 9
31 18
11 21
31 23
21 20
0 31
23 11
20 32
7 32
0 7
