46
46
34
15
23
36
25
32
20
13
24
7
48
42
9
41
8
18
16
17
26
21
47
3
43
12
29
30
19
22
45
10
1
44
14
2
38
39
11
40
27
6
31
28
4
37
35
108
0 49
0 33
35 49
0 35
0 37
37 49
0 4
4 49
28 49
0 28
37 31
31 49
6 49
0 6
27 49
0 27
40 49
0 40
11 49
0 11
0 39
39 49
38 39
0 38
38 2
2 49
11 2
38 14
14 11
44 49
0 44
1 49
0 1
38 10
10 49
45 40
0 45
45 5
5 22
22 10
45 19
19 49
5 30
30 49
29 49
0 29
5 12
12 49
43 12
0 43
11 19
3 11
0 3
3 47
44 29
47 44
21 49
47 21
47 26
26 49
47 17
17 49
16 49
3 16
18 49
3 18
8 26
0 8
26 16
41 16
47 41
9 18
17 9
42 5
5 18
0 42
48 42
8 48
7 18
48 7
24 6
3 24
6 9
24 42
17 13
13 41
42 17
3 20
20 9
28 32
42 28
32 16
25 49
47 25
27 1
1 42
0 36
36 27
38 16
0 23
23 38
15 16
26 15
21 20
34 21
0 34
23 46
46 16
