43
24
26
6
48
37
23
7
12
16
30
38
17
13
43
14
39
4
5
20
45
34
1
41
25
21
19
22
35
36
42
15
31
11
10
8
3
18
46
32
44
27
33
29
100
0 49
27 28
2 47
2 40
28 40
47 49
2 9
29 49
2 29
33 29
0 33
0 27
27 49
27 44
44 49
28 44
28 32
32 47
46 49
0 46
18 49
0 18
3 49
0 3
46 8
8 49
10 49
0 10
11 49
0 11
27 31
31 29
27 15
15 18
46 42
42 49
36 49
0 36
35 49
0 35
22 29
27 22
19 8
0 19
21 31
0 21
25 42
0 25
41 49
0 41
1 29
0 1
34 3
0 34
45 22
0 45
20 40
40 33
33 18
0 20
0 5
5 49
4 1
5 4
39 1
40 39
28 1
14 28
0 14
14 43
43 28
5 13
13 1
17 41
0 17
38 27
27 1
0 38
30 29
5 30
16 29
0 16
13 12
12 49
9 7
16 9
7 49
5 23
23 49
0 37
37 9
48 49
20 48
37 20
6 5
0 6
26 49
0 26
0 24
24 49
