44
43
27
3
42
32
29
17
6
40
44
21
19
12
4
20
31
28
1
8
41
5
18
7
2
34
35
37
24
9
13
11
33
39
36
47
10
46
26
38
15
45
22
16
30
103
0 49
16 45
22 16
0 23
48 30
25 49
25 16
16 49
30 25
22 14
0 22
0 45
45 49
0 15
15 49
48 38
38 49
23 22
0 26
26 49
16 46
46 49
10 38
23 10
47 26
23 47
0 36
36 49
39 38
23 39
23 33
33 49
23 11
11 49
13 49
26 13
11 9
9 49
48 24
11 48
24 49
26 37
37 49
35 22
22 37
11 35
34 37
11 34
23 2
2 49
9 7
7 49
14 18
2 46
46 14
18 49
2 5
5 49
9 41
41 49
23 8
8 49
7 30
30 1
1 49
46 39
28 1
39 28
31 1
11 31
9 20
20 49
4 49
0 4
12 49
0 12
19 31
0 19
21 1
11 21
44 13
0 44
40 4
0 40
6 31
23 6
44 17
17 48
48 12
44 29
29 28
29 2
46 32
32 1
17 5
42 49
5 42
3 49
12 3
17 27
27 49
43 49
44 43
