75
2
38
19
28
39
34
42
7
24
26
43
31
10
35
32
33
16
6
17
21
20
41
46
9
3
15
23
27
8
37
29
4
30
40
47
18
14
36
25
48
45
22
1
13
44
13
44
48
48
45
15
8
25
21
25
21
40
15
20
40
35
21
20
26
30
31
20
7
7
21
35
15
7
25
21
170
0 49
12 11
48 22
0 5
44 11
13 44
12 44
44 49
0 13
13 11
0 13
44 49
0 1
1 49
13 44
0 13
22 49
0 22
0 45
45 49
48 11
0 48
48 11
5 48
0 5
5 48
22 49
45 12
0 45
0 25
25 49
0 5
5 36
36 49
0 5
14 25
5 14
25 49
0 5
5 18
18 49
0 5
5 47
47 49
40 49
0 40
30 49
0 30
0 4
4 49
4 22
29 40
22 29
40 49
0 4
37 30
0 37
30 49
8 40
40 49
0 8
0 5
5 27
27 49
0 5
47 23
23 8
8 40
40 49
5 47
0 5
5 15
15 49
0 3
8 40
40 49
3 8
9 15
0 9
15 49
0 46
46 15
15 49
0 41
41 49
0 5
5 20
20 12
12 15
15 49
0 5
5 21
21 15
15 49
21 25
25 17
0 5
5 21
17 8
8 40
40 49
21 25
0 5
5 21
25 6
6 49
0 16
16 49
0 5
5 21
21 33
33 40
40 49
0 32
32 49
35 15
0 5
5 35
15 49
20 10
0 5
5 20
10 49
0 31
31 49
35 43
0 5
5 35
43 40
40 49
0 5
5 21
21 26
26 49
24 26
20 24
0 5
5 20
26 49
31 30
0 31
30 7
7 49
42 7
0 5
5 20
20 42
7 49
0 34
34 49
39 7
0 5
5 21
21 39
7 49
35 15
15 28
0 5
5 35
28 49
0 19
19 7
7 49
25 38
38 49
21 25
0 5
5 21
0 2
2 49
