45
19
2
27
34
4
28
13
16
8
24
15
23
33
12
7
10
46
36
25
29
26
37
20
40
18
1
35
11
31
30
3
17
14
9
42
21
38
43
41
44
6
32
45
39
22
102
0 47
0 22
22 47
0 39
39 47
0 45
45 47
0 32
32 47
0 6
6 47
0 44
44 47
0 41
41 47
0 43
43 41
0 38
38 47
0 21
21 47
42 47
0 42
38 9
9 47
39 14
5 39
43 5
14 47
9 17
17 47
43 3
3 14
38 45
45 30
30 47
0 31
31 47
31 11
11 47
32 35
35 47
31 32
1 30
0 1
18 47
31 18
0 40
40 18
44 5
20 44
5 18
43 20
37 47
0 37
40 26
26 47
43 29
29 37
25 18
31 25
6 37
0 36
36 6
46 47
0 46
10 39
39 37
40 10
46 7
7 25
0 12
12 39
33 7
0 33
40 23
23 18
43 15
15 47
5 25
24 5
0 24
8 47
44 8
40 16
16 15
16 13
13 47
0 28
28 47
43 4
4 47
32 34
34 47
16 32
14 34
40 27
27 14
2 47
0 2
16 19
19 14
