67
12
24
21
15
22
16
4
11
38
37
25
3
36
6
28
2
30
46
45
23
10
29
7
35
26
9
33
41
31
34
18
44
39
27
32
13
40
43
20
19
17
8
5
1
42
23
10
29
10
41
2
41
10
26
46
10
25
46
25
37
11
28
2
16
23
21
23
142
0 47
42 47
0 42
1 47
0 1
5 47
0 5
8 47
0 8
0 17
17 47
19 47
0 19
20 5
0 20
5 47
43 5
0 43
5 47
20 40
0 20
40 47
0 13
13 47
20 32
32 5
0 20
5 47
27 40
0 27
40 47
39 8
0 39
8 47
44 39
39 8
27 44
0 27
8 47
18 8
0 18
8 47
0 34
34 47
31 47
27 31
0 27
0 41
40 31
41 40
31 47
18 33
33 47
0 18
9 31
0 34
34 9
31 47
0 26
31 47
26 31
35 31
31 47
0 35
34 7
0 34
7 47
0 29
29 47
35 31
43 35
10 43
0 10
31 47
23 31
31 47
0 23
10 45
0 10
45 47
23 31
46 23
10 46
0 10
31 47
29 30
30 47
0 29
2 47
0 10
10 2
2 47
28 2
0 41
41 28
41 6
0 41
6 47
10 36
0 10
36 47
26 3
3 47
0 26
46 25
10 46
25 47
0 10
46 25
0 37
37 46
25 47
38 46
46 25
37 38
0 37
25 47
11 47
0 11
11 47
4 11
0 4
0 16
2 47
16 28
28 2
46 22
0 16
23 46
22 2
2 47
16 23
0 15
15 47
21 47
0 21
0 24
24 23
21 47
23 21
12 47
0 12
