62
42
43
22
26
15
25
31
40
16
12
36
20
41
33
9
17
5
1
6
30
4
23
10
34
3
28
18
11
38
37
14
32
21
39
35
24
8
29
13
2
19
7
13
14
3
28
1
38
37
28
37
9
12
4
24
33
7
12
31
7
31
33
131
0 44
13 7
7 44
0 7
0 19
19 44
0 2
2 44
0 13
13 44
29 44
0 29
0 13
7 44
0 8
8 44
0 24
24 44
35 44
0 35
39 35
0 39
35 44
0 21
21 44
0 32
32 44
32 14
0 32
14 44
32 37
0 32
37 44
21 38
0 21
38 44
0 11
11 44
35 18
32 35
0 32
18 44
37 28
32 37
28 44
0 32
21 3
3 44
0 21
37 28
34 37
28 44
0 34
0 10
10 44
23 10
0 23
10 44
0 4
4 3
3 44
30 3
0 30
3 44
6 21
21 3
0 6
3 44
0 1
1 44
5 28
0 4
4 5
28 44
17 14
14 3
1 17
0 1
3 44
14 3
32 14
9 32
0 9
3 44
0 33
33 28
28 44
1 41
0 1
41 44
38 20
37 28
33 38
20 37
0 33
28 44
37 28
36 37
0 36
28 44
9 12
0 9
12 44
4 16
16 12
0 4
12 44
24 40
0 33
33 24
40 44
7 12
0 31
31 7
12 44
7 25
0 31
31 7
25 44
15 44
0 15
26 44
0 26
22 44
0 31
31 22
33 43
0 33
43 44
0 42
42 44
