34
26
29
13
14
17
21
24
35
7
42
28
19
41
39
33
1
37
3
8
6
31
32
25
11
44
47
18
23
2
12
36
38
9
27
85
30 5
0 27
11 9
4 11
0 43
36 32
2 18
2 12
2 40
47 45
11 20
23 34
4 18
5 20
47 18
22 47
15 44
44 47
16 11
11 45
44 16
18 10
23 25
25 20
34 25
15 23
12 32
32 48
23 31
46 32
31 46
4 32
0 2
6 5
2 6
8 30
2 8
3 12
15 3
37 10
2 37
1 5
0 1
33 10
15 33
1 36
15 39
39 48
22 39
4 41
41 39
33 39
11 33
19 38
43 6
6 19
38 48
9 39
27 9
0 28
28 38
42 37
43 42
37 11
5 19
27 30
27 7
7 32
35 48
0 35
0 24
24 38
27 21
21 38
0 17
17 48
17 14
14 9
11 35
38 13
13 48
29 48
21 29
43 26
26 48
