44
35
14
19
37
42
22
33
38
28
43
40
36
3
12
23
39
44
45
21
25
17
41
9
26
7
24
31
34
6
11
5
13
10
29
20
4
8
16
32
2
27
30
15
18
96
0 46
15 30
1 18
18 46
0 18
0 15
15 46
30 46
0 30
0 27
27 46
2 46
0 2
0 32
32 46
15 16
16 46
1 8
8 46
15 4
4 46
20 4
0 20
29 16
20 29
10 1
0 10
20 15
15 13
13 46
5 46
0 5
11 46
0 11
11 6
6 46
34 46
0 34
11 31
31 46
24 31
0 24
7 34
0 7
26 34
0 26
9 46
0 9
41 46
0 41
6 17
9 27
27 31
17 46
25 46
0 25
21 17
0 21
45 46
0 45
44 17
0 44
34 25
39 26
0 39
23 46
0 23
12 17
0 12
9 3
3 46
36 46
0 36
12 30
40 9
30 40
0 43
43 9
12 28
28 3
38 3
0 38
33 46
0 33
22 25
38 22
33 42
42 46
37 46
0 37
19 46
0 19
0 14
14 46
14 35
35 46
