47
21
5
46
26
37
11
23
2
27
44
30
20
14
32
29
17
28
6
9
35
42
19
39
36
13
45
41
24
47
22
43
25
15
31
1
34
3
40
38
12
4
10
16
7
33
18
48
102
0 49
8 18
48 49
0 48
18 49
0 18
33 49
0 33
7 49
0 7
16 49
0 16
10 48
0 10
0 4
4 49
12 49
0 12
38 16
0 38
10 40
40 49
0 3
3 16
0 34
34 49
0 1
1 49
8 16
31 8
0 31
15 33
0 15
25 1
0 25
31 4
4 43
43 49
22 16
0 22
0 47
47 49
24 49
0 24
41 24
0 41
45 24
15 45
33 13
13 49
0 36
36 49
47 39
39 49
0 19
19 49
0 42
42 49
0 35
35 49
0 9
9 19
42 6
6 49
28 49
0 28
10 28
9 17
45 10
17 45
29 33
33 28
0 29
32 49
9 32
14 45
0 14
20 28
14 20
30 29
9 30
44 28
29 44
30 39
39 27
27 49
39 2
2 49
0 23
23 44
11 42
23 11
30 37
37 49
39 26
26 49
30 46
46 32
5 46
0 5
21 6
0 21
