45
37
36
27
31
20
39
35
22
5
34
25
2
21
26
18
29
8
43
44
23
1
15
9
16
45
46
41
10
42
40
32
17
4
11
28
30
33
6
24
13
19
38
14
7
3
101
0 47
0 3
3 47
0 7
7 47
14 47
0 14
0 38
38 47
19 47
0 19
13 47
0 13
38 24
24 47
0 6
6 47
3 33
6 3
33 47
3 30
30 47
28 30
0 28
38 11
11 47
4 30
0 4
4 17
17 47
0 32
32 47
0 40
40 47
0 42
42 47
32 17
17 10
10 47
42 12
12 41
41 47
42 46
46 47
4 45
46 17
45 47
32 16
16 47
0 9
9 47
0 15
15 16
1 4
0 1
6 46
9 6
46 23
23 47
42 44
44 47
43 12
0 43
15 8
8 43
9 29
29 47
10 29
18 10
0 18
0 26
26 29
21 3
0 21
2 9
21 16
16 2
15 25
25 10
15 34
34 29
21 5
5 47
22 6
26 22
30 35
21 30
35 29
39 10
26 39
15 20
20 9
31 35
0 31
0 27
27 47
36 46
0 36
0 37
37 38
38 29
