34
14
27
30
19
29
39
23
18
12
44
22
3
42
20
38
32
46
4
35
11
34
25
13
9
45
21
40
2
5
37
31
28
24
43
104
31 41
24 8
28 43
0 36
31 6
9 13
9 28
10 6
37 38
9 7
33 41
41 49
16 42
0 15
25 46
5 45
21 5
26 47
2 16
9 17
45 2
41 8
16 6
17 2
16 40
0 10
48 2
0 21
0 9
0 45
13 16
16 1
17 16
33 9
9 10
13 33
0 13
0 25
25 10
45 10
34 2
17 34
21 34
21 48
40 2
11 2
21 11
2 47
35 6
0 35
0 4
4 47
4 26
46 26
36 46
21 36
13 46
5 13
4 32
32 47
45 38
38 7
20 7
10 20
4 42
42 7
46 42
21 25
35 42
15 35
32 41
36 32
10 3
3 49
38 31
31 3
28 20
20 41
15 37
22 32
15 22
37 44
44 33
12 43
43 24
37 12
18 28
37 11
11 18
23 13
6 23
15 39
39 28
29 41
5 29
20 29
19 20
0 19
30 33
15 30
37 27
27 33
14 41
0 14
