47
48
9
17
33
23
7
28
22
1
25
12
30
13
42
26
5
3
24
46
14
29
21
40
37
31
34
20
35
2
43
10
8
27
4
19
32
47
41
44
39
45
11
38
15
6
18
36
99
0 49
36 49
0 36
0 18
18 49
6 49
0 6
15 49
0 15
38 49
0 38
11 49
0 11
45 11
0 45
39 38
0 39
44 49
0 44
41 11
0 41
47 15
0 47
0 32
32 49
41 19
19 49
4 19
0 4
0 27
27 49
8 15
0 8
10 19
0 10
43 49
0 43
2 49
0 2
35 49
0 35
8 20
20 49
34 19
0 34
35 31
31 49
37 49
0 37
0 40
40 49
43 21
21 49
32 43
40 32
29 19
0 29
14 49
0 14
46 49
0 46
24 46
0 24
3 4
0 3
4 21
5 49
0 5
26 21
0 26
0 42
42 49
13 5
0 13
38 30
30 21
13 38
12 49
0 12
0 25
25 49
1 12
0 1
22 21
0 22
0 28
28 21
7 19
0 7
23 49
0 23
33 21
0 33
17 49
0 17
9 49
0 9
48 49
0 48
