44
43
41
4
15
46
23
21
31
24
6
40
36
5
13
25
29
12
33
2
7
22
32
47
8
38
30
34
9
20
44
39
18
26
27
48
28
1
45
35
3
16
37
11
19
97
0 49
10 49
10 19
0 10
19 49
10 11
11 49
17 37
37 42
16 49
0 16
3 42
0 3
35 42
0 35
0 45
45 49
1 42
17 1
28 49
0 28
48 1
17 48
27 49
0 27
26 27
0 26
17 18
18 49
39 1
0 39
44 1
39 44
26 20
20 49
9 27
0 9
39 34
34 49
30 28
0 30
38 49
0 38
8 27
0 8
47 8
0 47
32 26
38 32
26 8
38 22
22 49
0 7
7 49
2 27
0 2
1 33
33 22
2 48
12 28
0 12
29 14
14 22
0 29
25 14
0 25
0 13
13 49
5 20
13 5
12 36
36 29
13 40
40 27
6 49
0 6
12 24
24 6
40 31
31 49
21 20
0 21
23 26
13 23
32 6
0 46
46 49
15 6
0 15
0 4
4 27
41 49
0 41
31 39
39 41
43 31
0 43
