78
25
33
16
19
14
5
14
14
14
20
14
20
14
20
14
20
14
20
14
20
14
20
14
20
14
20
14
14
20
16
14
20
16
14
20
16
14
14
33
16
14
33
25
14
20
25
14
19
25
14
20
16
25
14
16
25
14
16
25
14
16
25
14
16
14
19
16
14
19
16
14
19
16
14
19
16
14
19
400
29 31
2 3
6 7
0 1
23 26
22 21
34 36
27 26
16 18
21 24
19 22
18 20
14 15
7 8
9 10
11 14
3 4
13 14
34 35
26 30
26 29
28 29
11 12
20 21
23 24
30 32
31 32
15 17
9 11
8 11
0 4
0 3
5 4
3 5
0 3
0 4
0 4
9 11
0 4
14 17
12 14
9 11
0 4
14 17
12 14
9 11
0 4
14 17
12 14
9 11
0 4
30 32
14 17
12 14
9 11
0 4
23 24
30 32
17 20
14 17
12 14
9 11
0 4
20 21
23 24
30 32
17 20
14 17
12 14
9 11
0 4
11 12
20 21
23 24
30 32
17 20
14 17
12 14
9 11
0 4
11 12
20 21
23 24
30 32
17 20
14 17
12 14
9 11
0 4
11 12
20 21
23 24
30 32
17 20
14 17
12 14
9 11
0 4
26 30
11 12
20 21
23 24
30 32
17 20
14 17
12 14
9 11
0 4
34 35
26 30
11 12
19 21
23 24
30 32
18 19
9 11
0 4
34 35
26 30
11 12
20 21
23 24
30 32
17 20
14 17
9 11
0 4
13 14
34 35
26 30
11 12
20 21
23 24
30 32
17 20
14 17
9 11
0 3
3 4
34 35
26 30
20 21
23 24
30 32
17 20
14 17
9 11
0 3
11 14
3 4
34 35
26 30
20 21
23 24
14 16
30 32
16 20
9 11
0 3
11 14
3 4
34 35
26 30
20 21
23 24
14 16
30 32
16 20
0 3
11 14
3 4
34 35
26 30
20 21
23 24
14 16
30 32
8 11
16 20
0 3
7 8
33 35
11 14
3 4
26 30
20 21
31 33
23 24
14 16
8 11
16 20
0 3
7 8
33 35
11 14
3 4
15 16
26 30
20 21
31 33
23 24
8 11
16 20
0 3
14 15
7 8
33 35
11 14
3 4
15 16
26 30
20 21
31 33
25 26
8 11
21 25
16 20
0 3
14 15
7 8
33 35
11 14
3 4
26 30
20 21
31 33
25 26
8 11
21 25
0 3
18 20
14 15
20 19
7 8
33 35
11 14
3 4
26 30
31 33
22 25
25 26
8 11
0 3
18 20
14 15
24 25
7 8
33 35
11 14
3 4
26 30
20 21
31 33
25 26
8 11
0 3
21 24
18 20
14 15
24 25
7 8
33 35
11 14
3 4
15 16
26 30
20 21
31 33
25 26
8 11
0 3
16 18
21 24
18 20
14 15
24 25
7 8
33 35
11 14
3 4
15 16
25 27
26 30
20 21
31 33
8 11
0 3
27 26
16 18
21 24
18 20
14 15
24 25
7 8
11 14
3 4
15 16
25 27
26 30
20 21
30 32
8 11
0 3
34 36
27 26
16 18
21 24
19 22
18 20
14 15
20 19
24 25
7 8
11 14
3 4
15 16
25 27
26 30
30 32
8 11
0 3
34 36
16 18
19 22
18 20
14 15
20 19
7 8
11 14
3 4
15 16
26 30
30 32
8 11
0 3
23 26
34 36
16 18
19 22
18 20
14 15
20 19
7 8
11 14
3 4
15 16
26 30
30 32
8 11
0 1
23 26
34 36
16 18
19 22
18 20
14 15
5 6
20 19
7 8
11 14
15 16
26 30
3 5
30 32
8 11
6 7
0 1
23 26
34 36
16 18
19 22
18 20
14 15
5 6
20 19
7 8
11 14
15 16
26 30
3 5
30 32
8 11
2 3
6 7
0 1
23 26
34 36
16 18
26 29
19 22
18 20
14 15
5 6
20 19
7 8
11 14
31 32
15 16
3 5
8 11
