42
22
34
16
3
21
37
6
23
29
47
46
36
44
15
27
11
26
1
45
24
10
39
32
5
42
8
30
9
7
13
43
20
33
31
28
48
25
19
38
35
40
2
91
40 18
28 48
4 35
48 38
25 38
19 25
25 12
12 49
17 25
17 19
38 49
41 48
48 49
40 28
28 49
35 28
4 31
31 49
0 40
33 12
0 33
20 49
0 20
35 43
43 49
13 49
0 13
7 18
0 7
9 12
4 9
30 38
33 30
40 8
8 49
33 42
25 8
42 25
4 5
5 49
32 25
4 32
39 5
4 39
10 25
0 10
24 8
17 24
10 39
39 17
0 45
45 49
10 1
1 25
26 49
0 26
0 11
11 49
27 8
0 27
45 15
15 49
44 25
0 44
36 25
0 36
46 8
0 46
1 47
47 49
2 47
29 2
0 29
45 23
23 49
6 2
0 6
37 8
0 37
4 23
21 4
0 21
45 3
21 45
3 49
16 45
4 16
34 23
0 34
0 22
22 23
