82
31
27
21
9
2
25
3
36
28
38
42
35
37
40
16
39
12
46
34
8
18
6
19
20
47
26
11
32
41
17
23
29
10
45
5
7
30
44
33
24
48
43
15
22
13
1
14
13
18
26
8
18
26
15
6
41
39
23
18
23
41
26
41
33
26
42
16
28
34
36
41
32
41
25
26
25
38
8
26
25
26
25
164
0 49
22 13
0 14
14 49
1 49
0 1
13 49
0 13
22 49
0 22
13 49
0 22
0 15
15 49
0 43
43 49
0 48
48 49
24 13
0 24
13 49
33 49
0 33
44 13
0 44
13 49
44 30
0 44
30 49
7 33
0 7
33 49
22 5
7 22
0 7
5 49
7 22
22 45
45 49
0 7
10 49
0 10
22 29
7 22
29 49
0 7
23 49
0 23
17 23
23 49
0 17
41 49
33 41
7 33
0 7
41 49
32 41
0 32
7 11
41 49
11 41
0 7
26 49
0 26
7 47
41 49
47 41
0 7
20 26
26 49
0 20
19 26
26 49
7 19
0 7
6 23
7 6
23 49
0 7
41 49
0 18
18 41
8 26
18 30
30 8
26 49
0 18
18 34
8 26
34 8
26 49
0 18
46 26
26 49
0 46
15 6
6 23
12 15
23 49
0 12
41 49
39 41
0 39
39 16
16 23
23 49
0 39
18 40
40 23
23 49
0 18
37 41
41 49
0 37
35 26
26 49
0 35
42 33
41 49
33 41
0 42
38 26
26 49
0 38
28 41
42 33
33 16
16 28
41 49
0 42
28 41
36 34
34 40
40 28
41 49
0 36
3 41
41 49
36 3
0 36
0 25
25 32
41 49
32 41
2 26
0 25
25 2
26 49
38 26
25 9
9 38
0 25
26 49
21 8
8 26
0 21
26 49
27 26
0 25
25 27
26 49
0 25
25 31
31 49
