61
38
31
7
10
19
24
47
48
42
23
36
33
45
3
13
5
22
41
26
15
44
11
29
6
21
16
28
40
32
46
8
35
1
32
35
27
21
28
32
1
41
30
46
22
30
46
45
28
36
33
3
36
30
23
48
24
47
47
33
7
7
142
39 1
12 34
20 34
39 4
1 12
27 18
27 35
20 43
12 4
2 20
1 18
2 1
2 20
35 17
14 35
1 8
2 1
8 34
46 49
9 46
17 46
46 49
32 17
39 32
32 20
17 46
46 49
39 32
27 40
40 30
28 49
2 28
16 9
39 16
46 49
9 46
17 46
46 49
35 17
46 49
12 46
0 27
46 49
0 21
21 46
21 1
46 49
12 46
0 21
28 49
4 28
21 6
6 25
0 21
27 35
32 20
35 32
0 27
39 4
4 12
14 6
35 29
27 35
29 14
6 25
0 27
11 28
28 49
0 11
12 34
1 12
27 44
44 25
0 27
4 15
39 4
15 25
0 26
26 49
0 41
41 49
41 22
22 30
30 49
0 41
5 46
46 49
0 5
13 22
22 30
30 49
0 13
3 46
46 49
0 3
0 45
45 49
12 34
45 33
33 12
0 45
0 36
36 49
36 23
23 28
0 36
28 49
3 46
33 42
45 33
42 3
0 45
46 49
36 48
48 25
0 36
0 47
47 30
30 49
0 47
36 48
47 24
23 36
24 23
48 25
0 47
24 19
47 24
19 25
10 49
0 10
0 47
7 25
47 7
33 43
7 25
43 7
31 33
0 31
7 25
38 7
0 38
