47
36
37
8
11
47
21
38
7
43
17
10
48
39
6
45
28
30
42
25
34
16
14
1
9
44
23
33
29
24
18
35
2
26
13
3
15
41
20
32
12
40
5
46
27
4
22
19
106
0 49
22 19
19 49
0 19
0 22
22 49
0 4
4 49
22 27
27 49
22 46
46 49
5 46
0 5
0 40
40 49
0 12
12 49
32 40
0 32
20 49
0 20
41 40
40 46
46 20
0 41
41 15
15 49
5 3
3 49
41 13
13 49
0 26
26 49
0 2
2 49
35 19
22 2
0 35
18 5
35 18
35 24
24 49
35 41
29 5
41 29
33 13
0 33
23 31
31 5
0 23
24 44
44 49
0 9
9 20
0 1
1 49
1 14
14 49
9 16
16 49
16 34
34 49
19 25
9 31
31 19
25 49
31 42
42 34
14 30
30 49
35 28
28 30
9 35
31 45
45 49
9 6
6 44
6 39
39 49
48 44
6 48
1 10
10 49
39 17
17 49
5 43
6 27
27 18
43 49
10 7
7 43
48 38
38 49
6 21
21 3
47 49
0 47
0 11
11 49
9 8
8 49
39 37
37 49
21 36
36 49
