46
11
29
33
47
39
30
12
16
32
22
1
19
37
15
6
40
25
20
2
38
46
18
35
34
26
41
13
28
42
36
24
45
17
5
7
44
4
27
8
21
31
3
14
23
9
10
101
0 48
23 3
43 3
10 48
0 10
9 48
0 9
23 48
0 23
14 48
0 14
3 48
0 3
23 31
31 48
21 48
0 21
8 48
0 8
27 48
0 27
4 48
0 4
44 48
0 44
7 44
0 7
5 44
0 5
17 21
0 17
45 21
0 45
24 8
0 24
36 48
0 36
0 42
42 36
28 8
0 28
28 13
13 36
24 41
41 48
14 26
24 14
26 48
34 48
0 34
7 35
13 7
35 36
18 35
0 18
46 36
0 46
46 38
38 35
2 36
0 2
28 20
20 2
25 35
0 25
18 40
40 48
46 6
6 48
15 5
5 35
0 15
37 48
0 37
10 37
19 10
0 19
0 1
1 48
0 22
22 48
22 18
32 2
18 32
10 16
16 2
28 12
1 28
12 36
0 30
30 48
22 39
39 48
0 47
47 32
33 37
0 33
29 48
0 29
11 48
0 11
