30
47
48
24
45
4
1
34
38
35
39
41
25
40
43
5
23
7
28
44
13
17
30
3
9
14
2
36
22
31
27
82
0 3
9 34
0 40
46 27
9 4
19 24
5 44
25 45
31 41
40 7
31 37
9 32
28 23
16 22
14 10
35 36
36 43
22 23
33 28
42 17
10 2
6 25
10 33
3 37
32 30
3 17
20 29
15 28
28 8
44 49
7 44
15 7
13 23
23 49
29 13
26 5
5 42
17 6
43 8
20 43
30 3
9 40
40 16
0 9
17 25
25 23
42 3
37 25
41 46
14 41
12 14
2 6
39 21
26 39
41 36
36 22
35 13
14 35
40 38
38 13
34 7
16 34
26 1
1 22
4 8
41 4
2 4
32 34
0 31
45 44
31 45
36 5
24 27
27 49
12 24
4 19
48 27
31 48
34 30
30 48
12 47
47 49
