40
42
32
18
16
26
9
24
27
34
31
30
38
29
13
4
40
45
44
7
20
28
37
17
3
33
5
36
1
11
19
14
43
25
15
2
23
12
10
35
39
94
0 46
10 2
6 35
8 6
35 10
21 6
41 35
35 46
21 10
10 46
12 35
8 12
23 39
0 23
2 46
8 2
8 15
15 10
25 2
0 25
23 43
43 46
35 43
14 2
8 14
19 22
22 43
0 19
15 11
11 43
1 22
0 1
36 41
41 43
0 36
5 21
0 5
0 33
33 46
0 3
3 46
39 17
3 39
17 46
37 46
0 37
33 5
14 28
21 14
28 46
0 20
20 46
7 43
0 7
44 46
0 44
21 45
45 46
35 45
40 10
0 40
39 4
4 46
20 13
13 46
29 46
20 29
0 38
38 46
0 30
30 46
30 31
31 45
34 29
30 34
38 27
27 34
25 24
30 25
24 29
9 29
0 9
0 26
26 40
10 29
0 16
16 46
3 18
18 29
16 39
0 32
32 29
42 29
40 42
