42
37
7
40
14
12
32
17
27
29
3
13
26
28
30
34
24
11
42
25
31
10
33
19
16
21
43
39
15
36
38
22
9
18
6
35
8
4
23
1
41
5
2
96
0 44
5 1
0 2
2 44
5 44
0 5
0 41
41 44
1 44
0 1
41 5
0 23
23 44
4 44
0 4
8 4
0 8
0 35
35 44
0 6
6 44
18 44
0 18
0 9
9 44
9 22
22 44
38 22
41 38
6 41
5 38
6 36
36 5
9 15
15 38
9 39
39 38
43 38
0 43
0 21
21 44
16 44
0 16
19 44
39 19
43 39
33 44
0 33
10 44
43 10
31 5
5 16
43 31
39 25
25 44
42 44
6 42
0 11
11 42
0 24
24 42
11 4
24 11
4 34
34 44
30 41
41 42
0 30
28 6
0 28
4 26
26 44
13 44
0 13
24 3
3 19
4 29
29 44
24 20
20 27
27 44
17 42
24 17
32 19
0 32
33 17
12 33
0 12
24 14
14 42
40 6
0 40
7 44
0 7
37 13
0 37
