45
1
10
16
7
35
42
36
39
19
37
25
17
33
20
12
32
22
24
43
26
21
3
6
31
34
14
15
18
41
8
4
46
29
38
30
9
27
5
40
13
45
28
11
23
2
98
0 47
2 47
0 2
23 47
0 23
11 47
0 11
28 47
0 28
0 45
45 47
0 13
13 47
40 47
0 40
5 11
0 5
27 47
5 27
5 9
9 47
5 30
30 47
44 38
5 44
38 47
29 47
5 29
46 29
0 46
4 40
5 4
4 8
8 47
41 47
0 41
44 18
18 47
15 18
0 15
14 44
5 14
34 47
15 34
31 9
9 18
0 31
8 6
31 45
45 46
46 8
6 47
3 47
31 3
21 34
0 21
26 3
0 26
31 43
43 26
9 24
24 6
22 47
0 22
0 32
32 3
32 30
30 12
12 47
20 47
30 20
33 3
0 33
17 47
0 17
25 20
32 25
0 37
37 20
19 9
31 20
0 19
39 19
37 39
36 26
0 36
42 43
37 42
42 35
35 34
7 36
0 7
26 16
16 20
0 10
10 35
1 31
0 1
