59
25
13
48
21
44
8
43
11
30
16
15
28
45
46
39
38
17
1
2
7
36
9
33
4
14
34
37
19
31
35
41
47
10
20
24
23
29
22
12
26
5
27
42
3
5
4
9
2
4
37
23
19
28
11
12
39
16
42
48
116
0 49
40 49
18 49
18 3
18 42
6 49
27 49
18 27
42 49
3 49
18 5
5 49
26 49
40 26
12 5
5 49
40 12
40 22
22 49
29 49
0 29
0 23
23 49
24 49
0 24
20 32
23 20
0 23
10 49
0 10
6 49
47 6
0 47
41 49
0 41
35 49
0 35
31 49
0 31
19 49
0 19
37 49
0 37
19 49
34 19
0 34
14 49
0 14
4 49
0 4
33 6
6 49
0 33
0 9
9 49
36 22
22 49
0 36
7 5
5 49
0 7
2 4
9 2
4 49
0 9
1 49
0 1
2 4
9 2
4 17
17 49
0 9
38 49
0 38
39 49
0 39
0 46
46 49
45 37
37 49
0 45
0 28
28 49
0 15
15 49
16 19
23 16
19 49
0 23
28 30
30 49
0 28
11 49
0 11
43 12
12 11
11 49
0 43
0 8
8 39
39 49
16 19
42 16
44 29
29 42
0 44
19 49
21 49
0 21
48 49
0 48
13 48
48 49
0 13
0 25
25 49
