72
36
37
43
29
32
30
44
34
26
27
33
40
35
24
25
39
31
42
28
45
41
38
20
2
8
3
6
5
15
7
19
11
16
14
13
17
21
1
22
18
9
10
12
23
17
23
23
39
23
9
1
35
7
35
39
33
35
35
28
17
39
21
44
21
30
18
25
15
10
30
21
17
138
0 23
12 46
0 10
0 9
18 46
0 22
0 1
21 46
0 17
0 13
0 14
0 16
11 46
19 46
7 46
0 15
15 46
5 46
0 5
0 7
0 19
0 11
16 46
6 46
0 6
14 46
3 46
0 3
13 46
0 8
8 46
17 46
2 46
0 2
0 21
1 46
22 46
0 20
20 46
0 18
9 46
10 46
0 12
23 46
0 17
17 38
38 47
0 10
10 41
41 47
0 23
23 45
45 47
0 23
23 28
28 47
0 17
17 42
42 47
0 23
23 31
31 47
0 23
23 39
39 47
11 25
0 23
23 39
39 11
25 47
9 24
0 9
24 47
1 35
0 1
35 47
7 35
23 40
0 23
35 47
40 7
7 35
0 23
23 39
4 33
33 7
39 4
35 47
7 35
4 33
27 4
10 27
0 10
33 7
35 47
28 19
23 26
26 9
0 23
9 28
19 35
35 47
0 17
17 34
34 47
21 44
0 23
23 39
39 21
44 47
30 21
23 30
21 44
0 23
44 47
18 32
23 30
30 18
0 23
32 47
25 15
11 25
0 23
23 39
39 11
15 29
29 47
10 43
0 10
43 47
30 21
23 30
0 23
37 47
21 37
0 17
17 36
36 47
