38
21
28
31
26
35
24
27
15
18
42
34
33
19
17
23
12
10
29
37
1
20
7
14
22
48
46
41
45
44
8
13
11
36
2
9
3
38
40
79
25 47
39 49
40 49
25 40
30 38
38 49
3 16
0 3
9 16
0 9
0 2
2 16
36 40
32 36
11 16
0 11
0 13
13 16
0 8
8 16
32 44
44 49
45 49
32 45
32 41
41 49
46 49
32 46
48 49
32 48
13 22
22 38
14 32
0 14
7 25
0 7
20 32
0 20
0 1
1 25
1 16
16 37
37 49
29 40
8 29
10 32
0 10
0 12
12 29
8 23
23 37
17 32
0 17
19 39
0 19
33 49
11 33
34 49
13 34
20 42
42 49
18 34
0 18
0 15
15 37
13 27
27 49
24 40
0 24
35 49
19 35
12 26
26 49
12 31
31 49
28 49
12 28
0 21
21 35
