58
13
19
42
32
21
39
14
17
23
33
11
9
27
22
29
34
43
26
37
28
12
38
30
16
35
5
31
18
3
20
25
15
24
1
10
6
7
41
4
2
40
36
41
35
28
43
28
20
40
43
22
43
22
43
28
21
27
21
130
0 44
41 4
0 36
36 44
40 44
0 40
0 2
2 44
4 44
0 4
41 44
0 41
7 44
0 7
4 44
0 41
41 4
6 41
4 44
0 6
0 10
10 44
1 44
0 1
24 1
10 24
0 10
1 44
6 41
41 15
15 44
0 6
10 25
25 44
0 10
20 44
0 20
10 3
3 44
0 10
18 20
0 18
20 44
31 15
15 44
0 31
0 5
5 44
24 1
5 24
1 35
35 44
0 5
31 16
16 44
0 31
5 24
24 30
30 44
0 5
38 44
0 38
18 12
12 44
0 18
28 44
0 28
28 44
37 28
0 37
40 20
20 28
37 26
26 40
28 44
0 37
20 28
28 44
43 20
0 43
37 34
34 28
28 44
0 37
29 35
28 44
35 28
0 29
43 22
28 44
22 28
0 43
40 20
20 28
27 40
28 44
0 27
43 22
9 44
22 9
0 43
43 22
22 11
11 44
0 43
33 44
0 33
23 44
0 23
43 17
17 44
0 43
14 28
0 14
28 44
39 44
0 39
0 21
21 44
21 27
27 32
0 21
32 44
42 44
0 42
19 44
0 19
13 44
0 21
21 13
