36
26
16
24
27
20
25
11
42
13
45
23
6
7
12
8
30
1
33
40
19
17
47
39
10
48
4
46
36
21
31
22
43
44
28
38
41
89
28 21
14 3
15 49
0 41
38 34
35 32
14 43
35 34
14 29
9 35
38 18
14 38
28 18
0 28
38 35
44 34
0 44
43 34
0 43
22 32
0 22
14 31
31 49
18 21
21 49
37 21
41 3
9 21
0 36
36 49
28 15
46 49
0 46
2 4
4 49
48 21
41 48
22 10
10 49
2 39
39 49
47 15
41 47
17 49
44 17
41 19
19 15
2 40
40 49
33 49
0 33
32 40
1 38
0 1
30 36
36 2
0 30
8 17
14 8
12 17
3 12
41 7
7 40
7 6
6 49
23 40
14 23
41 45
45 49
3 13
13 15
7 42
42 15
41 11
11 15
21 25
25 49
45 21
20 12
0 20
27 49
0 27
24 15
0 24
24 2
16 49
2 16
26 16
0 26
