70
40
38
32
36
9
26
15
17
19
5
8
43
27
21
31
13
24
4
3
6
16
41
22
23
45
14
2
42
28
34
25
35
7
1
39
44
10
33
29
20
18
30
11
37
3
45
3
4
42
6
3
13
3
45
13
13
1
22
3
13
18
3
13
19
3
19
13
24
17
3
152
0 46
0 37
37 46
0 11
11 46
30 46
0 30
0 18
18 46
20 46
0 20
0 29
29 46
33 46
0 33
10 20
0 10
20 46
0 44
44 46
0 39
39 46
0 1
1 46
0 7
7 46
39 35
7 39
0 7
35 46
0 25
25 46
20 34
7 20
0 7
34 46
28 46
1 28
0 1
42 28
28 46
0 42
2 28
7 2
28 46
0 7
0 14
14 46
45 46
0 45
23 25
25 29
29 45
7 23
0 7
45 46
22 29
29 45
45 46
0 22
0 41
41 46
16 23
23 25
25 29
29 45
0 16
45 46
16 6
6 28
0 16
28 46
22 29
0 3
29 45
3 22
45 46
3 4
0 3
28 46
4 28
24 45
22 24
0 3
3 22
45 46
3 13
0 3
13 46
3 4
0 3
31 42
42 28
4 31
28 46
21 6
0 3
6 28
3 21
28 46
0 27
27 46
3 13
0 3
13 43
43 46
3 13
8 45
0 3
13 8
45 46
13 1
3 13
0 3
1 5
5 46
22 29
0 3
29 19
3 22
19 46
18 17
3 13
0 3
13 18
17 46
3 13
0 3
13 15
15 46
0 3
3 26
26 19
19 46
13 1
9 19
3 13
1 9
0 3
19 46
0 36
36 46
24 17
45 24
0 32
32 45
17 46
0 38
38 46
3 40
0 3
40 46
