42
39
16
14
9
26
1
35
4
34
2
24
20
41
37
15
23
8
10
12
40
3
25
29
19
33
21
13
38
28
30
17
42
18
11
43
5
36
7
6
22
32
27
94
0 44
36 6
7 36
31 27
27 44
0 27
32 44
0 32
22 44
0 22
6 44
0 6
0 7
7 44
0 36
36 44
5 44
0 5
0 43
43 44
0 11
11 44
0 18
18 44
0 42
42 44
42 27
27 17
17 44
0 30
30 44
22 28
42 22
28 44
38 44
0 38
13 44
0 13
18 21
21 44
33 13
0 33
0 19
19 44
29 38
0 29
25 43
43 13
0 25
7 38
3 7
0 3
3 40
40 44
33 12
12 13
0 10
10 7
8 44
30 8
3 23
23 44
15 44
0 15
37 44
0 37
0 41
41 27
27 3
0 20
20 44
24 8
0 24
2 38
0 2
0 34
34 44
0 4
4 18
0 35
35 34
35 1
1 40
26 3
35 26
9 40
35 9
0 14
14 44
26 16
16 14
27 39
39 44
35 27
