43
6
32
35
37
31
9
2
26
4
38
3
15
34
16
18
24
1
11
23
13
5
44
25
36
30
8
7
20
21
27
17
29
22
41
12
28
40
10
14
33
39
19
42
100
0 45
43 42
42 45
0 42
19 45
0 19
0 39
39 45
33 45
0 33
14 45
0 14
10 45
0 10
40 33
0 40
0 28
28 45
0 12
12 45
12 19
19 41
41 45
22 10
12 22
19 29
29 45
17 29
0 17
27 10
10 29
12 27
21 45
0 21
20 22
0 20
7 29
0 7
8 45
0 8
0 30
30 45
0 36
36 45
25 30
0 25
28 7
25 28
7 44
44 45
28 5
5 45
25 13
13 45
23 45
0 23
30 42
8 11
11 23
42 8
12 1
1 11
28 12
8 24
24 45
30 18
18 23
16 23
28 16
34 23
0 34
25 15
10 34
15 27
3 10
25 3
38 23
15 38
30 4
40 23
4 40
26 14
41 38
0 26
14 41
26 2
2 45
9 45
30 9
31 45
42 31
37 23
36 37
15 35
35 19
19 31
32 45
26 32
25 6
6 45
