43
46
38
18
42
41
5
48
16
23
47
36
25
35
43
45
9
14
44
10
34
22
15
37
2
39
17
21
13
20
33
3
4
7
6
12
11
40
24
1
30
26
27
28
98
8 49
28 32
19 32
31 27
19 29
28 31
19 28
27 32
19 27
19 26
26 32
19 30
30 32
1 49
8 1
24 28
8 24
0 40
40 49
11 49
0 11
0 12
12 49
0 6
6 49
0 7
7 49
6 4
4 49
0 3
3 49
33 27
0 33
33 20
20 4
13 20
0 13
27 21
21 4
17 32
33 17
33 39
39 32
2 49
0 2
37 4
4 2
33 37
33 30
30 15
15 2
22 32
39 22
32 37
21 34
34 49
10 21
0 10
44 2
0 44
10 14
14 2
39 1
9 49
1 9
45 2
33 45
10 43
43 49
35 49
0 35
25 9
30 25
36 31
31 21
0 36
36 47
47 2
33 23
23 25
31 16
16 49
48 2
0 48
0 5
5 2
41 27
0 41
0 42
42 2
18 34
42 3
3 18
42 44
38 34
44 38
46 49
0 46
