37
28
33
11
38
19
12
21
23
27
37
2
4
8
13
25
34
32
20
9
22
15
6
36
17
31
18
30
24
7
26
5
1
3
29
14
35
16
82
0 39
16 35
0 16
16 39
35 39
0 35
14 39
0 14
0 29
29 39
3 39
0 3
29 1
1 39
5 3
0 5
26 39
0 26
29 7
7 39
29 24
24 39
7 30
30 39
26 14
14 18
18 39
31 18
0 31
17 31
0 17
36 39
0 36
6 26
29 6
15 39
0 15
22 18
0 22
9 39
15 9
29 20
20 39
32 9
0 32
34 39
0 34
25 39
0 25
0 13
13 9
1 5
8 1
5 9
0 8
17 9
4 17
0 4
2 9
0 2
2 37
37 39
0 27
27 39
23 9
0 23
0 21
21 9
12 18
0 12
18 34
19 37
12 19
0 38
38 37
11 9
38 11
0 33
30 34
33 30
38 28
28 39
