27
48
12
24
33
27
1
45
22
9
25
15
38
23
47
14
29
40
30
8
6
13
41
43
35
11
20
36
78
0 49
7 49
6 31
13 16
29 13
19 3
8 3
3 36
19 41
10 6
11 34
2 35
5 20
11 2
7 5
7 39
13 28
10 4
26 2
35 44
0 43
43 11
39 41
41 44
10 35
13 17
26 13
11 26
6 21
4 6
41 6
20 41
8 4
11 8
30 36
11 30
36 31
43 40
40 16
0 29
29 44
42 14
14 41
47 41
0 47
47 19
29 3
44 23
23 36
46 8
47 46
40 38
38 31
43 15
15 21
13 38
41 25
25 49
13 9
9 6
22 34
11 25
29 22
45 6
43 45
1 49
0 1
27 49
0 27
47 7
14 33
33 20
24 7
13 24
12 5
28 12
48 12
16 48
