36
5
35
8
33
27
11
42
12
6
2
22
23
37
46
15
43
16
17
32
30
45
19
34
21
13
44
4
25
18
26
20
36
28
40
48
47
89
0 49
7 10
47 28
39 49
0 47
48 29
28 9
41 40
14 38
31 38
0 3
28 3
1 28
36 31
39 36
40 31
20 36
48 20
3 26
26 36
1 48
18 31
0 18
3 25
25 10
18 24
4 38
24 4
0 44
44 38
26 25
47 26
26 13
13 10
21 10
44 28
28 21
34 10
0 34
34 39
9 19
19 10
1 45
45 39
47 7
30 10
28 30
47 32
32 49
34 17
17 49
16 39
32 16
48 17
43 48
28 43
44 15
15 49
44 46
46 49
0 37
37 39
47 23
23 17
47 22
22 39
2 49
0 2
0 6
6 49
6 38
38 12
12 49
42 49
0 42
10 11
11 49
6 7
27 17
0 27
47 33
33 7
38 37
37 8
8 49
35 49
0 35
5 7
0 5
