39
40
13
20
21
10
26
6
6
26
26
27
26
6
21
21
26
27
21
37
9
32
22
21
22
20
22
36
27
20
22
27
21
43
9
22
32
20
22
30
71
28 30
2 43
17 27
7 36
38 32
1 3
18 37
26 16
6 3
14 42
8 6
6 18
26 9
11 26
6 8
18 6
26 9
11 26
1 10
10 25
26 9
11 26
21 27
26 9
27 5
11 26
5 4
17 21
21 2
18 6
17 21
21 27
27 5
11 26
5 4
17 21
21 2
9 34
37 9
17 21
22 47
32 22
20 22
19 20
21 27
22 47
27 5
17 21
20 22
19 20
22 47
36 39
20 22
19 20
22 47
27 5
17 27
21 2
27 21
43 47
13 9
7 13
9 34
40 44
0 40
38 32
22 47
32 22
20 22
22 47
30 20
