44
5
31
13
32
34
16
15
18
12
28
24
38
10
41
36
6
39
33
44
4
26
20
14
30
42
9
45
37
29
23
22
21
17
2
25
35
1
7
3
43
40
11
19
8
93
0 46
3 40
11 19
0 19
19 46
11 27
0 11
40 46
0 40
43 46
0 43
8 3
3 46
0 8
8 7
7 46
11 1
1 46
11 35
35 46
8 25
25 46
8 2
2 46
17 46
0 17
21 46
8 21
35 22
22 21
11 23
23 21
8 29
29 21
37 46
0 37
45 46
0 45
9 21
11 9
42 37
8 42
30 21
0 30
8 14
14 9
8 20
20 46
26 25
25 30
8 26
2 30
4 2
0 4
44 21
0 44
40 33
4 40
33 46
8 39
39 46
6 37
0 6
6 36
36 46
41 39
0 41
10 46
0 10
38 46
0 38
24 37
41 24
28 38
0 28
12 39
0 12
0 18
18 21
15 30
0 15
16 28
0 16
0 34
34 8
32 46
0 32
0 13
13 46
31 46
0 31
34 5
5 46
