47
37
31
41
7
27
20
12
18
8
3
22
19
10
29
32
33
9
36
25
15
39
6
11
1
48
16
35
34
28
47
46
23
4
17
5
2
26
44
14
45
42
40
13
24
30
21
38
104
0 49
43 38
38 49
0 38
21 49
0 21
30 49
0 30
24 49
0 24
0 13
13 49
40 49
0 40
42 49
0 42
45 49
0 45
14 40
0 14
44 42
0 44
26 49
0 26
2 24
0 2
5 40
0 5
17 42
2 17
4 2
0 4
23 40
0 23
46 42
0 46
2 47
47 49
0 28
28 49
34 49
0 34
28 35
35 47
28 26
26 30
30 16
16 49
0 48
48 49
28 1
1 49
0 11
11 49
28 6
6 49
48 39
39 49
5 15
48 5
15 49
48 25
25 49
36 49
0 36
0 9
9 49
9 33
33 49
45 32
9 45
32 49
29 25
9 35
35 29
9 10
10 49
9 40
40 19
19 49
0 22
22 49
9 42
42 3
3 49
8 3
9 8
9 18
18 49
12 18
9 12
9 20
20 49
10 27
27 49
7 2
0 7
2 27
17 41
41 49
0 31
31 49
22 37
37 49
