47
36
40
41
44
25
31
46
13
16
43
48
20
37
10
39
14
7
23
1
30
21
29
28
4
35
34
9
15
18
26
24
11
8
42
22
33
45
12
17
3
38
2
32
19
27
6
47
108
0 49
27 19
27 6
6 47
47 49
0 47
6 49
0 6
0 27
27 49
19 49
0 19
0 32
32 49
2 49
0 2
38 49
0 38
0 3
3 49
17 2
6 17
3 27
12 49
0 12
45 49
0 45
3 33
33 49
22 49
0 22
42 49
0 42
3 8
8 49
0 11
11 49
24 49
0 24
26 42
0 26
18 42
0 18
15 24
0 15
15 26
26 9
9 49
47 34
26 6
34 49
6 35
35 49
4 49
0 4
15 28
28 49
15 29
9 28
29 9
21 49
0 21
0 30
30 21
21 35
35 1
1 49
23 49
27 23
30 26
7 49
6 7
14 49
0 14
39 35
0 39
10 49
0 10
37 10
0 37
20 10
30 20
48 1
0 48
43 49
0 43
30 16
16 7
0 13
13 6
13 2
46 49
43 46
2 43
31 8
2 31
3 43
25 46
0 25
44 16
0 44
41 46
48 41
17 48
40 49
0 40
0 36
36 40
