47
36
13
32
26
30
47
14
24
22
25
28
19
41
44
40
23
10
27
1
11
37
4
20
45
43
39
2
17
29
8
15
6
5
18
48
7
46
21
3
12
42
35
38
31
34
9
33
101
0 49
31 42
0 33
33 49
0 9
9 49
0 34
34 49
0 31
31 49
0 38
38 49
0 35
35 49
42 49
0 42
12 49
0 12
0 3
3 49
21 12
0 21
3 46
46 12
7 42
0 7
48 12
38 48
34 12
18 34
0 18
0 5
5 49
5 6
6 18
0 15
16 31
15 16
8 34
15 8
0 29
29 49
17 12
0 17
0 2
2 49
35 39
15 35
39 49
0 43
43 49
29 45
45 34
20 42
0 20
35 4
4 49
42 37
37 49
0 11
11 49
20 1
1 49
0 27
27 49
42 10
10 49
27 23
23 49
0 40
40 49
31 44
44 49
31 41
41 49
2 19
19 31
19 28
28 49
25 44
27 6
6 25
20 16
16 22
22 49
27 24
24 49
20 14
14 49
47 14
0 47
15 30
30 49
26 22
27 26
0 32
32 49
13 49
6 13
36 49
27 36
