43
40
15
13
37
29
4
30
39
32
20
38
25
24
7
6
33
44
1
16
3
12
26
35
23
18
42
2
14
27
43
11
22
10
8
36
17
31
41
34
19
9
28
21
95
0 45
21 45
0 21
28 45
0 28
0 9
9 45
19 45
0 19
34 45
0 34
41 45
0 41
31 41
0 31
17 41
0 17
36 41
0 36
36 8
8 45
0 10
10 45
22 45
0 22
11 34
34 22
0 11
11 43
43 17
17 22
27 45
0 27
14 34
0 14
2 22
0 2
42 45
0 42
18 45
0 18
21 18
23 21
14 23
0 35
35 45
26 45
0 26
12 42
0 12
14 3
3 45
14 16
16 45
14 1
1 45
44 1
0 44
33 42
0 33
6 45
0 6
42 7
7 6
24 6
0 24
25 7
0 25
38 45
0 38
9 21
21 38
0 20
20 9
32 7
0 32
20 39
39 38
11 5
5 38
0 30
30 11
17 7
4 17
0 4
20 29
29 45
37 21
20 37
20 13
13 21
21 15
15 45
40 21
20 40
