45
1
2
43
42
11
12
3
25
18
34
20
4
39
24
7
30
8
38
28
16
35
35
8
35
15
14
29
5
23
15
34
29
18
36
37
37
5
29
37
42
8
5
35
43
2
88
0 35
8 42
26 29
5 41
22 37
0 36
0 27
41 44
34 29
23 15
29 37
0 26
0 8
38 28
0 17
0 40
0 22
31 40
0 31
30 31
9 7
0 9
0 9
7 31
0 30
0 31
0 24
24 17
39 8
0 39
8 27
28 16
16 14
35 37
0 4
4 35
35 37
0 20
20 35
0 34
34 37
8 27
0 18
18 44
25 35
0 25
35 37
3 15
0 3
15 44
12 14
14 44
0 12
0 11
11 44
0 29
5 42
0 5
42 44
0 23
15 44
29 37
0 34
18 41
0 18
43 44
0 43
36 37
37 44
0 22
37 44
41 44
0 5
29 37
0 26
37 44
5 41
41 44
42 5
0 8
0 2
41 44
2 41
43 44
35 43
2 1
0 2
1 44
