41
21
36
19
33
11
27
15
29
48
9
25
24
14
32
17
6
42
12
38
46
35
13
2
28
37
26
45
43
18
30
23
16
4
20
47
40
1
10
3
22
44
99
0 49
0 8
41 44
44 8
0 41
0 39
0 7
31 39
22 39
0 22
3 39
0 3
10 41
7 10
0 1
1 41
40 8
0 40
47 8
0 47
0 44
1 20
20 8
0 4
4 8
0 16
16 8
23 8
10 23
16 10
7 30
30 8
8 18
18 49
34 43
22 34
7 22
43 49
39 45
45 49
3 26
26 43
4 3
0 37
37 43
37 28
28 49
7 2
2 49
37 13
13 49
0 35
35 49
0 46
46 49
38 3
26 46
0 38
7 12
12 49
0 42
42 49
0 6
6 49
17 49
0 17
0 32
32 17
43 14
32 26
14 17
32 24
24 17
25 17
0 25
9 44
44 25
32 9
48 49
32 48
29 2
0 29
2 43
43 25
15 25
0 15
41 27
27 49
11 27
0 11
46 33
33 27
19 49
0 19
36 49
32 36
43 36
21 43
0 21
