47
11
28
24
12
19
18
23
2
14
17
47
44
15
9
3
20
6
42
27
34
48
40
35
10
29
5
43
30
37
1
32
13
26
16
8
41
38
39
33
31
36
22
45
46
25
21
7
101
0 49
46 25
21 25
7 49
0 7
0 21
21 49
25 49
0 25
0 46
46 49
0 45
45 49
45 22
22 49
0 36
36 49
0 31
31 49
22 33
33 49
39 33
0 39
0 38
38 49
0 41
41 49
8 33
0 8
25 16
8 25
16 49
38 26
26 49
0 13
13 49
38 32
32 49
33 1
1 49
0 37
37 49
0 30
30 49
43 16
0 43
5 4
4 32
0 5
4 29
29 49
10 32
0 10
30 35
35 49
0 40
40 49
48 29
0 48
0 34
34 49
5 27
40 5
27 49
42 30
0 42
6 16
0 6
20 32
0 20
0 3
3 49
30 9
9 49
3 15
15 49
0 44
44 49
6 47
47 49
17 15
0 17
0 14
14 49
14 2
2 49
44 23
23 49
17 18
18 49
19 18
0 19
12 49
3 12
3 24
24 49
3 28
28 49
3 38
38 11
11 49
