67
3
13
36
14
16
39
6
22
33
38
24
30
12
43
44
21
25
31
46
26
5
47
48
10
28
2
20
27
37
9
15
42
19
11
45
17
34
7
41
32
35
23
4
18
1
40
29
18
23
5
10
48
48
25
48
35
15
48
43
25
1
30
33
36
41
28
36
138
0 49
18 1
29 49
0 29
40 49
0 40
1 49
0 1
0 18
18 49
0 18
1 49
0 4
4 49
0 23
23 49
0 35
35 49
0 32
32 49
41 49
0 41
0 7
7 49
7 34
0 7
34 49
40 17
7 40
0 7
17 49
7 45
0 7
45 49
11 49
7 11
0 7
19 17
17 49
0 19
7 42
0 7
42 49
15 49
0 15
0 9
9 49
23 37
37 49
0 23
23 37
37 27
27 49
0 23
20 42
0 20
42 49
20 2
0 20
2 49
7 28
28 27
27 49
0 7
10 27
27 49
0 10
48 49
0 48
2 47
10 2
0 10
47 49
0 5
5 49
5 26
26 23
23 48
48 49
0 5
10 46
46 49
0 10
31 48
48 49
0 31
48 49
25 48
0 25
21 49
0 21
44 49
0 44
25 43
43 48
48 49
0 25
15 35
12 15
35 48
48 49
0 12
30 49
0 30
24 48
48 49
0 24
38 49
0 38
25 43
43 38
0 33
33 25
38 49
1 30
22 1
30 49
0 22
0 6
6 49
0 39
39 49
16 49
0 16
33 14
0 33
14 49
36 49
0 36
13 41
36 49
0 13
41 36
3 28
36 49
28 25
25 36
0 3
