47
36
34
32
42
21
12
24
13
27
15
48
26
28
37
6
1
40
20
3
41
14
35
23
22
46
10
25
38
2
33
39
44
7
11
30
17
9
4
8
19
18
29
16
47
45
43
31
106
0 49
0 31
31 49
0 43
43 49
45 49
0 45
0 47
47 49
0 16
16 49
0 29
29 49
29 18
18 49
0 19
19 45
18 8
31 18
19 31
8 49
29 4
4 49
0 9
9 49
19 43
43 17
17 49
47 30
30 49
19 11
11 49
19 7
7 49
7 44
44 49
19 39
39 49
7 33
33 49
2 39
19 2
8 38
44 8
38 49
9 25
25 49
0 10
10 25
0 46
46 49
0 22
47 25
22 47
22 23
23 25
0 35
35 49
0 14
14 49
14 47
47 41
41 49
14 7
19 3
3 41
22 45
45 20
20 49
19 40
40 49
22 1
1 49
2 6
6 49
19 37
37 49
28 41
22 28
4 28
26 4
7 26
14 48
48 6
15 49
0 15
27 49
19 27
0 13
13 41
13 24
24 49
12 49
7 12
13 21
21 12
42 37
41 42
19 12
37 32
32 49
34 49
0 34
20 34
36 20
13 36
