47
20
3
30
27
15
45
34
7
2
38
48
39
29
16
25
18
21
42
14
5
13
6
41
37
24
36
44
4
12
8
28
1
35
23
31
10
11
32
47
46
33
22
9
19
40
17
26
103
0 49
26 49
0 26
0 17
17 49
0 40
40 49
19 49
0 19
9 49
0 9
22 49
0 22
0 33
33 49
46 22
0 46
33 47
47 49
32 49
0 32
0 11
11 49
0 10
10 49
10 22
22 31
31 49
22 23
23 49
35 49
0 35
0 1
1 49
10 28
28 49
19 22
8 19
0 8
22 35
0 12
12 49
4 35
1 4
10 44
44 23
36 44
1 36
24 23
10 24
10 37
37 49
41 28
0 41
10 6
6 37
0 13
13 37
0 5
5 37
5 14
14 28
5 42
42 49
21 28
0 21
8 18
18 35
25 42
13 12
12 25
12 16
16 49
29 37
0 29
39 42
28 39
0 48
48 49
37 38
38 49
12 2
2 49
23 7
7 49
21 34
34 49
42 45
45 49
41 15
15 49
24 18
27 24
18 15
29 27
30 49
21 30
40 30
13 3
3 23
24 40
20 49
13 20
