45
46
48
44
25
47
36
38
33
39
42
41
37
19
40
35
9
34
12
16
27
15
14
26
2
29
14
2
22
30
4
12
30
15
4
30
4
30
4
4
4
2
4
19
47
4
91
0 3
0 4
0 2
28 29
6 5
6 5
29 6
28 29
6 5
2 22
5 2
29 6
28 29
8 26
26 20
29 6
14 18
28 14
28 29
29 15
15 24
27 24
14 27
28 14
16 20
28 16
12 30
28 12
1 34
34 30
28 9
9 24
2 22
22 30
30 45
12 30
30 45
4 12
3 15
15 24
0 4
35 30
30 45
4 35
0 4
40 30
4 40
30 45
0 3
3 19
19 24
0 4
37 24
4 37
0 3
32 41
41 45
0 3
3 42
42 24
0 4
4 21
21 39
39 45
0 4
4 21
21 33
33 45
0 2
2 38
38 45
0 4
4 36
36 45
47 49
0 3
19 47
3 19
0 3
3 25
25 45
47 49
0 3
3 44
44 47
0 3
3 48
48 45
0 4
46 49
4 46
