40
28
8
25
36
42
9
34
30
29
21
47
17
10
3
15
4
46
31
6
23
33
13
44
19
1
11
48
20
16
24
26
41
39
38
12
27
14
18
5
32
88
0 49
0 5
40 49
0 2
0 43
19 48
12 16
18 22
14 22
0 14
27 7
14 27
0 12
12 45
0 38
38 45
39 45
0 39
38 41
41 2
14 26
26 49
22 26
0 18
24 22
0 24
16 49
0 16
20 49
0 20
48 49
0 48
11 49
0 11
37 1
1 49
0 19
19 49
0 44
44 49
45 13
13 49
33 49
0 33
16 22
48 23
23 49
5 33
6 49
0 6
31 19
5 31
46 49
43 46
4 40
5 4
15 49
46 32
32 15
0 3
3 6
10 4
2 10
17 49
0 17
3 47
47 49
21 49
0 21
29 22
47 29
0 30
30 49
34 49
0 34
9 49
0 9
0 42
42 49
0 36
36 49
36 27
27 25
25 21
25 8
8 15
25 28
28 40
