63
36
47
40
21
31
14
37
6
12
3
3
41
12
3
5
3
42
5
3
3
13
33
43
46
41
3
23
3
37
46
41
23
3
5
3
14
33
15
14
37
46
37
14
5
14
46
5
14
12
3
5
14
46
6
5
30
23
42
5
36
33
13
21
134
7 16
0 13
0 42
6 5
46 35
3 12
15 19
45 23
9 28
23 28
20 19
13 33
42 35
5 19
10 41
8 4
0 3
3 8
8 4
39 12
0 3
3 8
8 4
12 44
0 3
3 8
34 12
41 34
8 4
12 44
0 3
3 8
8 4
35 5
5 19
0 3
3 8
45 42
8 4
35 5
45 6
0 3
3 8
8 4
6 7
22 13
39 12
33 43
12 44
37 41
0 46
46 37
34 12
41 34
12 44
0 3
3 8
20 19
19 23
0 3
3 8
37 41
41 10
0 46
46 37
23 28
0 3
3 8
8 4
20 19
14 49
19 5
5 14
0 3
3 8
13 33
31 20
20 19
14 49
33 31
19 5
5 14
22 13
14 49
19 5
5 14
37 41
41 10
0 46
46 37
10 15
21 7
0 46
46 37
37 21
40 5
14 49
8 40
5 14
0 3
3 8
14 49
47 38
0 46
46 47
38 14
14 49
22 36
5 14
36 5
0 3
12 44
14 49
5 14
0 46
35 5
47 30
46 35
14 49
30 6
5 14
35 47
0 46
45 23
23 28
42 45
13 33
33 36
14 49
5 14
36 5
0 13
21 7
13 21
