37
1
37
20
40
23
34
6
27
2
36
21
42
47
38
33
26
32
44
11
25
45
31
8
15
19
7
39
29
10
22
13
5
41
46
28
24
4
88
0 48
14 48
12 48
0 18
4 48
0 9
14 35
14 12
35 43
24 16
0 24
0 28
28 16
46 43
0 46
9 41
41 48
9 4
5 9
0 5
13 12
18 13
22 4
28 22
0 10
10 48
18 29
29 12
10 17
17 39
39 4
28 7
17 28
7 35
19 14
29 19
15 35
17 15
8 48
0 8
31 12
39 31
45 48
18 45
25 14
17 25
39 11
11 45
9 45
17 44
44 9
32 25
7 32
26 4
4 25
10 26
17 33
33 48
28 38
38 48
47 48
5 47
33 5
42 45
0 42
21 48
33 21
36 38
0 36
2 12
0 2
27 21
2 27
7 6
6 48
2 7
34 48
0 34
23 14
0 23
40 48
0 40
10 20
20 47
2 37
37 48
1 48
0 1
