46
6
14
24
44
39
42
31
7
45
2
12
9
27
23
8
41
1
32
11
3
30
37
19
25
21
29
15
26
17
5
20
47
16
36
22
43
35
40
33
18
4
38
46
13
28
34
106
0 48
4 34
0 34
34 48
0 28
28 48
13 48
0 13
46 48
0 46
0 38
38 48
0 4
4 48
34 46
0 18
18 48
0 33
33 48
18 40
40 48
33 35
35 48
38 43
33 38
43 48
22 48
33 22
36 48
0 36
16 48
0 16
33 47
47 22
20 48
0 20
35 20
18 5
5 33
5 46
17 22
46 17
46 43
26 22
43 26
15 20
0 15
18 29
29 22
5 21
21 48
25 22
0 25
5 19
19 22
15 37
37 20
30 4
4 25
0 30
3 26
34 3
34 11
11 22
32 48
0 32
1 32
0 1
30 38
38 41
41 48
15 1
8 21
0 8
21 15
23 48
0 23
38 27
27 23
9 41
0 9
0 12
12 48
9 2
2 13
13 23
0 45
45 29
29 23
7 22
8 7
31 48
0 31
42 22
0 42
39 31
45 39
0 44
44 23
44 24
40 13
24 40
14 31
42 14
0 6
6 27
