54
3
15
44
35
28
19
34
13
14
10
4
33
30
32
25
24
11
18
7
45
37
29
26
2
16
6
42
36
9
41
43
43
43
8
36
41
20
42
42
46
42
37
43
25
43
33
43
33
26
33
4
34
4
15
145
5 12
17 5
43 27
22 21
43 36
41 20
0 17
31 41
39 27
21 5
23 8
48 43
43 12
40 23
23 43
43 17
40 23
23 41
41 17
40 23
23 43
40 23
43 12
8 5
40 23
40 23
23 9
9 20
40 23
40 36
36 46
36 39
40 36
21 5
41 21
0 42
42 46
39 27
0 17
20 27
17 41
0 17
22 6
6 46
0 16
16 49
42 43
39 27
36 39
0 42
0 17
21 5
0 2
2 49
0 26
26 46
47 29
29 49
39 27
0 37
37 39
42 43
29 42
47 29
45 46
0 45
46 49
47 7
7 27
43 27
42 43
18 42
0 37
37 18
47 11
11 27
0 17
17 5
43 27
0 17
12 43
17 5
24 27
0 17
5 24
21 25
22 21
0 17
25 49
32 25
22 32
0 17
25 49
0 17
22 30
30 49
5 33
17 5
43 27
33 43
0 17
43 4
5 33
17 5
33 43
0 17
4 49
5 33
17 5
0 17
33 10
10 49
26 14
0 26
14 49
13 49
0 13
43 4
5 33
17 5
4 34
33 43
0 17
34 49
12 19
20 4
5 12
19 20
17 5
4 34
0 17
34 49
17 5
0 17
28 49
5 28
47 35
35 49
47 44
44 49
0 15
15 49
0 15
3 49
15 3
