47
24
44
1
6
10
47
34
35
20
48
31
16
4
28
42
26
21
38
15
27
40
33
22
39
46
30
45
12
36
41
8
25
18
17
29
23
3
5
43
7
9
19
32
2
11
37
13
106
0 49
2 32
37 14
0 13
13 49
0 37
37 49
0 11
11 49
0 2
2 49
0 32
32 49
0 19
19 49
0 9
9 49
0 7
7 49
43 2
0 43
43 5
5 49
2 3
3 49
23 3
0 23
29 32
23 29
23 17
17 2
18 32
0 18
0 25
25 49
23 8
8 49
0 41
41 49
18 36
36 49
0 12
12 49
0 45
45 49
30 49
0 30
41 46
46 49
45 39
39 49
3 39
22 2
0 22
39 43
43 33
33 49
22 40
40 49
45 27
27 33
15 49
39 15
18 38
38 15
0 21
21 49
12 18
0 26
26 12
0 42
42 49
0 28
28 49
22 4
4 49
16 39
39 4
0 16
0 31
31 37
19 3
37 19
19 48
48 40
40 4
20 2
0 20
35 4
14 35
34 39
0 34
47 22
0 47
0 10
10 2
0 6
6 4
1 49
10 1
16 44
38 16
44 49
6 38
0 24
24 44
