83
25
11
47
41
35
7
18
26
30
29
33
44
5
40
24
21
4
10
2
8
9
13
15
16
17
38
20
48
39
31
14
6
28
23
12
34
36
22
1
42
46
27
46
27
3
1
27
22
46
3
1
3
14
1
6
3
2
16
3
13
13
46
3
6
10
3
3
10
4
33
22
29
9
6
1
22
29
20
33
1
13
29
3
208
0 49
0 3
0 1
43 3
19 49
46 37
42 22
45 27
0 45
1 3
19 3
0 43
46 32
27 37
19 27
46 45
0 46
0 46
0 42
42 27
27 37
27 37
43 27
0 43
43 1
1 37
3 37
0 43
43 1
3 37
0 22
22 49
0 45
27 37
0 42
22 49
42 22
22 46
0 42
45 36
0 45
36 49
19 49
3 19
0 43
42 34
45 36
34 49
36 42
0 45
36 12
45 36
19 49
0 45
12 19
1 3
19 49
3 19
19 49
3 19
0 1
23 19
19 49
1 23
0 3
3 28
28 49
6 49
0 6
0 3
28 36
3 28
14 49
36 14
28 45
0 3
45 27
3 28
31 49
27 31
28 45
0 3
27 39
23 14
45 27
3 28
14 49
39 23
0 3
3 48
48 49
0 3
20 6
48 37
6 49
37 20
3 48
0 3
28 38
3 28
38 14
14 49
17 37
0 1
20 6
6 49
37 20
1 17
0 1
1 16
16 14
14 49
0 15
15 49
28 45
0 3
13 49
3 28
45 13
9 6
0 3
6 49
3 9
1 8
0 1
8 14
14 49
0 3
6 49
2 6
3 2
10 16
0 3
19 2
3 10
16 19
6 49
2 6
0 4
4 49
0 3
13 49
3 21
21 46
46 13
24 46
13 49
46 13
0 24
0 3
40 6
6 49
3 40
0 3
13 49
3 10
10 5
5 13
10 44
0 3
44 46
13 49
3 10
46 13
33 49
4 33
0 4
0 3
3 29
33 49
29 22
22 33
30 9
9 6
0 3
3 29
29 30
6 49
0 26
26 6
6 49
0 1
1 18
18 49
0 3
3 29
29 22
22 7
7 49
35 49
0 35
20 33
0 3
33 49
41 20
3 41
1 47
0 1
47 13
13 49
11 13
22 11
0 3
3 29
29 22
13 49
0 25
25 49
