47
31
17
39
18
35
6
32
28
43
8
45
24
23
19
5
2
16
46
11
26
15
10
12
27
34
36
33
40
47
22
13
20
37
29
25
42
48
9
30
7
21
41
38
3
1
14
44
108
0 49
14 44
0 44
44 49
0 14
14 49
1 49
0 1
0 3
3 49
0 38
38 49
41 1
0 41
0 21
21 49
14 7
7 49
4 30
41 4
30 49
9 49
21 9
0 48
48 49
0 42
42 49
25 30
0 25
29 7
0 29
37 7
0 37
0 20
20 9
0 13
13 49
22 49
0 22
47 49
0 47
38 37
0 40
13 38
40 13
37 47
0 33
41 22
33 41
36 38
33 36
33 34
34 49
36 27
21 41
27 21
40 12
12 21
48 10
10 49
38 48
36 15
15 41
25 26
26 48
33 25
11 10
33 11
46 26
40 46
16 34
33 16
2 22
40 2
5 10
40 5
19 47
33 19
33 23
23 21
24 10
40 24
45 49
0 45
40 8
8 11
15 43
43 47
23 15
28 10
8 28
0 32
32 10
32 6
6 49
32 35
35 36
36 44
44 45
16 18
18 49
39 49
40 39
14 17
32 14
17 49
32 31
31 49
