28
2
13
30
3
18
31
4
23
27
45
28
15
22
10
44
48
46
17
37
19
16
36
7
40
21
35
14
47
76
0 47
4 14
9 5
1 49
8 49
19 32
42 27
7 36
1 5
4 35
37 39
0 7
37 46
48 15
16 6
41 32
37 24
1 17
35 46
11 48
43 5
38 10
5 49
12 38
10 8
44 33
22 44
11 22
22 48
22 15
15 36
28 8
9 28
12 45
45 43
48 45
28 35
46 5
17 28
0 37
24 45
1 19
27 49
19 27
45 16
6 15
15 27
23 36
37 23
0 4
4 34
4 42
42 31
31 49
18 10
10 27
0 18
7 18
3 15
46 3
40 27
35 40
21 30
0 21
30 5
36 31
13 43
0 13
13 34
13 19
3 9
36 3
14 3
36 2
2 47
47 49
