32
1
10
8
7
9
18
21
22
19
20
23
2
23
2
2
5
5
5
20
19
5
5
5
5
5
2
6
5
5
6
5
2
137
0 2
0 3
0 5
0 6
2 28
5 2
6 3
2 29
29 30
29 28
27 30
27 28
29 26
19 20
24 28
29 27
4 5
6 5
25 26
27 26
26 30
2 3
25 28
25 24
25 23
23 26
4 2
25 28
2 3
25 23
4 2
23 26
20 17
17 14
12 30
23 20
2 3
25 23
14 12
4 2
23 19
19 15
12 30
2 3
25 23
4 2
15 12
26 30
2 3
4 2
26 30
22 26
25 22
2 3
4 2
25 21
21 22
26 30
22 26
2 3
4 2
26 30
2 3
4 2
25 26
26 30
5 3
25 26
26 30
5 3
4 5
27 26
26 30
5 3
23 19
18 30
29 27
19 18
4 5
27 23
5 3
23 20
20 24
29 27
4 5
27 23
5 3
24 28
23 19
20 24
29 27
4 5
27 23
5 3
4 5
26 30
5 3
29 27
4 5
5 3
29 27
4 5
5 3
4 5
5 3
4 5
5 3
29 30
4 2
29 30
2 29
29 30
4 5
5 2
4 5
6 3
29 30
2 28
5 2
29 30
0 6
9 13
6 9
0 7
9 13
7 9
0 8
12 30
8 12
10 12
0 6
12 30
6 10
2 28
0 1
1 27
27 30
