42
39
24
36
34
20
21
43
19
37
27
12
40
33
2
13
1
29
5
32
11
10
28
41
18
9
8
31
42
26
14
22
35
6
4
30
3
23
25
17
38
16
7
99
0 44
0 7
7 44
0 16
16 44
38 44
0 38
17 44
0 17
25 44
0 25
23 38
0 23
3 17
0 3
30 44
0 30
3 4
4 44
6 44
0 6
35 44
0 35
22 44
0 22
14 22
3 14
26 44
0 26
17 26
42 17
0 42
31 26
0 31
8 26
0 8
9 3
3 8
0 9
0 18
18 44
7 14
14 41
41 17
9 7
0 28
28 44
10 17
28 10
11 26
0 11
32 44
0 32
5 44
0 5
29 32
0 29
0 1
1 18
18 5
13 8
1 13
8 14
16 32
4 16
2 4
13 2
33 44
0 33
40 22
8 40
35 7
12 35
1 12
27 44
1 27
1 37
37 28
28 27
19 15
1 19
15 5
43 32
1 43
21 27
43 21
37 11
20 44
11 20
34 44
14 25
25 34
36 44
0 36
24 20
0 24
1 39
39 16
16 36
