47
46
38
16
22
42
21
6
14
12
37
28
8
35
18
4
40
25
23
39
30
41
34
13
44
48
45
11
32
27
19
2
17
31
15
1
9
26
7
24
36
47
5
3
29
10
20
43
102
20 10
43 49
0 43
0 20
20 49
10 49
0 10
29 49
0 29
0 3
3 49
0 5
5 49
0 47
47 49
0 36
36 49
0 24
24 49
7 49
0 7
0 26
26 49
9 49
0 9
26 1
1 49
15 9
0 15
31 1
0 31
29 9
17 29
0 17
26 2
2 29
19 7
0 19
27 29
0 27
32 29
0 32
32 11
11 49
0 45
45 49
0 48
48 7
48 44
44 49
47 13
32 31
31 47
13 49
48 34
34 13
48 41
41 13
32 30
30 13
48 39
39 49
27 15
15 23
23 49
32 17
17 25
25 49
40 23
0 40
30 4
4 49
32 18
18 49
35 4
18 35
29 8
8 49
48 28
28 4
17 37
37 4
0 12
12 49
14 35
0 14
6 8
12 6
0 21
21 8
0 42
42 49
42 22
22 35
0 16
16 1
31 35
42 38
38 49
46 49
29 46
16 29
