41
1
3
4
5
6
7
9
10
11
12
15
16
18
20
21
22
24
26
29
30
31
32
33
34
35
36
41
42
45
46
17
19
23
38
47
8
13
14
25
27
28
112
0 49
28 49
37 49
39 49
40 49
43 49
44 49
48 49
0 2
28 2
37 2
39 2
40 2
44 2
48 2
0 43
37 43
39 43
40 43
48 43
0 44
37 44
39 44
40 44
0 48
37 48
39 48
0 40
37 40
0 39
0 28
28 43
27 49
0 27
25 49
0 25
14 49
0 14
13 49
0 13
8 49
0 8
0 47
47 8
0 38
38 8
0 23
23 8
0 19
19 8
0 17
17 8
0 46
46 49
0 45
45 49
0 42
42 49
0 41
41 49
0 36
36 49
0 35
35 49
0 34
34 49
0 33
33 49
0 32
32 49
0 31
31 49
0 30
30 49
0 29
29 49
0 26
26 49
0 24
24 49
0 22
22 49
0 21
21 49
0 20
20 49
0 18
18 49
0 16
16 49
0 15
15 49
0 12
12 49
0 11
11 49
0 10
10 49
0 9
9 49
0 7
7 49
0 6
6 49
0 5
5 49
0 4
4 49
0 3
3 49
0 1
1 49
