76
22
14
26
33
12
38
39
10
11
25
9
23
37
24
35
40
36
13
8
27
41
21
7
43
19
1
3
46
48
30
31
16
48
43
43
21
21
41
27
7
21
27
13
31
13
27
13
31
41
8
43
13
37
43
24
41
41
13
25
41
7
25
10
7
23
10
7
38
7
10
38
7
23
38
12
26
334
28 31
20 29
47 49
42 47
17 20
0 6
4 2
2 6
0 4
0 5
42 49
45 49
42 44
45 44
5 6
28 34
28 29
32 34
15 20
15 18
16 20
15 16
15 20
15 20
29 31
28 29
31 34
15 20
28 30
30 34
15 20
15 20
28 34
15 20
5 6
28 34
15 20
5 6
28 34
15 20
48 49
42 48
5 6
28 34
15 20
5 6
28 34
15 20
46 49
42 46
5 6
28 34
15 20
5 6
28 34
15 20
0 3
42 49
3 6
28 34
15 20
42 49
5 6
28 34
15 20
42 49
28 34
15 20
0 1
1 6
42 49
28 34
15 20
42 49
28 34
15 20
2 6
0 4
42 49
28 34
15 20
42 49
28 34
15 20
0 6
42 49
28 34
19 28
0 6
42 49
15 19
28 34
47 48
48 49
19 28
0 6
15 19
28 34
45 49
34 43
19 28
43 45
0 6
15 19
28 34
34 43
43 47
19 28
0 6
15 19
28 34
47 49
17 20
34 43
29 31
43 47
0 6
31 34
20 29
47 49
0 7
34 43
29 31
43 47
16 20
31 34
7 16
47 49
15 18
21 29
34 43
29 31
43 47
18 21
0 6
31 34
47 49
15 18
34 43
43 47
18 21
21 28
0 6
31 34
41 46
15 18
32 41
46 49
30 32
18 21
21 30
0 6
27 30
41 46
15 18
21 27
32 41
46 49
30 32
18 21
0 6
1 8
8 15
27 30
41 46
15 18
0 7
7 1
21 27
32 41
46 49
30 32
18 21
27 30
0 5
41 46
5 13
21 27
32 41
46 49
30 32
13 21
31 28
20 29
0 5
13 17
5 13
17 20
45 49
36 45
29 31
28 36
34 40
42 47
47 49
0 5
5 13
40 42
21 27
13 21
27 34
31 28
42 47
20 29
47 49
0 5
13 17
28 35
5 13
17 20
29 31
35 42
1 8
24 32
41 46
0 7
16 24
7 1
32 41
46 49
8 16
31 28
37 43
20 29
47 49
0 5
13 17
28 37
5 13
17 20
29 31
43 47
37 43
23 30
47 49
0 5
13 17
5 13
30 37
17 23
43 47
3 9
24 32
9 16
41 46
0 7
16 24
7 3
32 41
46 49
25 32
0 5
41 46
13 17
5 13
17 25
32 41
46 49
18 11
25 32
13 18
19 25
0 5
11 19
41 46
5 13
32 41
46 49
25 32
19 25
41 46
7 10
0 7
10 19
32 41
46 49
31 39
19 25
7 10
25 31
0 7
10 19
45 49
39 45
23 30
30 38
38 45
7 10
0 7
10 19
19 23
45 49
10 12
12 17
23 30
30 38
38 45
7 10
0 7
45 49
17 23
42 47
19 25
47 49
7 10
0 7
10 19
25 33
33 42
10 18
26 30
30 38
38 45
7 10
0 7
45 49
18 26
23 30
30 38
0 5
38 45
45 49
5 14
14 23
10 12
26 30
30 38
22 26
12 16
16 22
38 45
7 10
0 7
45 49
