36
1
15
10
35
13
39
4
41
18
43
29
36
32
38
11
8
27
23
19
3
17
6
28
33
24
25
7
14
16
9
5
37
26
12
42
30
76
21 30
42 44
31 42
0 12
12 40
26 40
21 26
34 37
37 44
22 5
5 44
12 9
9 5
20 16
16 42
21 14
14 42
0 7
7 42
0 25
25 5
0 24
24 2
30 37
33 5
0 33
25 28
28 44
0 6
6 44
37 17
17 2
3 28
0 3
19 44
21 19
21 23
23 22
22 19
0 27
27 2
8 44
0 8
21 11
11 42
0 38
38 44
33 32
32 44
36 44
12 36
29 9
9 22
0 29
23 43
43 32
18 5
5 32
29 18
38 26
26 41
41 44
4 41
0 4
0 39
39 44
0 13
13 44
0 35
35 32
27 10
10 44
15 44
0 15
0 1
1 44
