34
13
10
45
37
28
23
7
32
48
2
35
30
46
40
12
6
27
38
18
4
11
20
34
15
47
44
24
31
43
22
42
36
16
29
75
0 15
22 30
0 42
1 49
43 36
42 41
25 1
19 8
0 22
22 29
43 19
25 43
31 36
42 31
24 5
3 24
44 36
42 44
47 5
16 47
15 49
29 15
41 47
16 42
34 5
29 34
25 20
20 8
11 5
0 11
4 49
22 4
36 49
18 8
0 18
38 8
0 38
27 3
22 27
18 6
6 36
18 12
12 49
40 15
0 40
46 49
0 46
16 30
30 49
0 16
42 35
35 46
29 2
40 29
42 40
2 30
48 3
40 48
38 32
46 38
32 16
40 7
7 1
23 22
15 23
23 28
28 49
37 30
0 37
23 45
45 1
42 10
10 49
0 13
13 49
