44
13
14
24
26
1
30
11
20
30
1
26
1
24
26
1
26
11
1
1
15
20
21
20
33
31
32
33
31
32
33
32
11
14
21
20
33
11
32
33
13
20
33
13
19
101
12 19
20 19
4 11
21 28
2 3
15 16
33 34
15 22
11 18
9 16
20 27
8 9
11 10
12 11
8 9
21 20
30 29
8 9
23 30
1 8
30 29
0 1
8 9
23 30
1 8
25 26
0 1
8 9
26 27
1 8
25 26
0 1
8 9
24 25
17 24
26 27
1 8
25 26
0 1
8 9
24 25
17 24
26 27
10 11
1 8
25 26
0 1
8 9
26 27
1 8
20 27
0 1
21 20
8 15
20 27
14 21
7 14
21 20
24 31
32 33
15 22
14 15
23 24
31 32
7 14
33 34
24 31
32 33
14 15
31 32
7 14
17 24
33 34
11 18
10 11
32 33
25 32
1 2
0 1
14 21
7 14
13 20
20 27
6 13
2 3
33 34
11 18
32 33
25 32
1 2
0 1
33 34
26 33
13 20
6 13
19 26
33 34
13 12
26 33
6 13
19 26
