47
24
18
16
17
28
19
29
48
7
1
20
33
25
43
6
22
21
41
40
5
46
39
35
47
37
45
14
42
38
34
13
26
23
31
12
2
3
30
11
9
15
8
4
27
36
10
44
107
0 49
10 44
0 44
44 49
0 10
10 49
0 36
36 49
0 27
27 49
4 49
0 4
27 8
8 49
15 8
0 15
9 49
0 9
11 8
0 11
30 11
0 30
30 3
3 49
0 2
2 49
12 49
0 12
31 49
0 31
23 31
0 23
36 31
26 36
0 26
13 49
0 13
34 49
0 34
26 27
27 38
38 49
42 44
27 42
44 13
2 14
14 13
34 45
45 36
37 49
0 37
47 49
0 47
35 31
0 35
39 37
0 39
46 49
0 46
39 5
5 49
40 46
0 40
41 49
0 41
42 40
21 42
0 21
22 46
0 22
6 49
0 6
43 26
27 6
0 43
43 25
25 49
33 49
0 33
20 40
0 20
1 46
0 1
7 6
0 7
48 49
0 48
29 49
0 29
19 26
0 19
5 35
30 34
34 29
35 30
28 5
0 28
17 21
28 17
40 29
16 29
0 16
18 2
0 18
14 34
18 24
24 49
