115
24
23
22
28
25
26
12
9
11
13
10
14
40
37
39
38
41
42
43
46
32
6
2
32
32
6
34
46
6
31
46
6
30
46
6
29
46
6
29
17
46
35
17
46
35
16
46
15
35
46
19
35
46
21
35
46
21
45
35
21
35
43
20
35
43
20
3
43
20
7
48
20
7
4
48
20
5
48
20
5
20
5
20
5
44
5
35
5
35
35
5
40
35
40
35
40
35
40
35
40
35
40
35
9
40
12
40
9
40
9
40
29
9
32
17
297
0 5
0 4
36 48
7 8
0 3
20 27
36 45
21 27
19 27
8 15
8 16
27 35
8 17
27 29
27 30
31 36
34 36
44 49
0 2
2 8
6 8
0 6
6 8
32 36
27 32
0 6
6 8
32 36
27 32
0 6
46 49
6 8
32 36
27 32
36 46
0 6
46 49
6 8
36 46
0 6
27 34
46 49
6 8
36 46
27 31
0 6
46 49
6 8
36 46
0 6
30 36
46 49
6 8
29 36
36 46
0 6
27 29
46 49
6 8
29 36
17 27
36 46
0 6
8 17
46 49
6 8
35 36
17 27
36 46
0 6
27 35
46 49
6 8
35 36
36 46
16 27
0 6
27 35
46 49
6 8
35 36
36 46
15 27
0 6
27 35
46 49
6 8
35 36
36 46
0 6
8 19
27 35
8 21
46 49
6 8
35 36
36 46
0 6
21 27
27 35
8 21
6 8
35 36
45 49
0 6
36 43
21 27
43 49
27 35
8 21
6 8
35 36
0 6
36 43
43 49
27 35
8 20
6 8
35 36
0 6
20 27
36 43
43 49
27 35
8 20
35 36
3 8
20 27
36 43
43 49
27 35
8 20
0 7
35 36
7 8
20 27
27 35
8 20
48 49
0 7
35 36
36 48
20 27
4 8
27 35
8 20
48 49
35 36
36 48
20 27
5 8
27 35
8 20
48 49
35 36
0 5
20 27
5 8
42 44
27 30
30 42
8 20
44 49
0 5
20 27
5 8
41 44
27 30
30 41
8 20
44 49
0 5
38 44
20 27
5 8
27 30
30 38
8 20
44 49
39 47
0 5
35 39
20 27
5 8
27 35
8 20
37 47
0 5
35 37
20 27
5 8
27 35
8 20
0 5
35 40
20 27
40 43
5 8
43 49
27 35
8 20
19 27
0 3
35 40
40 43
3 14
43 49
27 35
14 19
10 21
0 3
35 40
3 10
40 43
21 27
43 49
27 35
19 27
3 13
0 3
35 40
40 43
43 49
27 35
13 19
0 5
19 27
35 40
11 19
40 43
5 11
43 49
27 35
5 9
0 5
35 40
9 21
40 43
21 27
43 49
27 35
19 27
4 12
0 4
35 40
12 19
40 43
43 49
27 35
5 9
0 5
31 40
9 21
21 26
40 43
26 31
43 49
25 31
4 12
31 40
0 4
12 19
40 43
19 25
43 49
5 9
9 17
0 5
34 40
17 28
40 43
28 34
43 49
5 9
0 5
22 35
35 40
9 15
15 22
40 43
43 49
5 9
9 17
0 5
29 40
17 23
23 29
40 43
43 49
5 9
9 17
0 5
38 44
32 38
24 32
17 24
44 49
