42
19
13
27
10
8
41
3
7
36
6
23
4
39
22
42
28
38
30
14
43
37
9
18
2
21
29
15
34
40
35
25
16
33
31
24
20
32
1
26
12
11
17
94
0 44
26 12
0 17
17 44
0 11
11 44
0 12
12 44
0 26
26 44
0 1
1 44
32 44
0 32
12 17
17 32
0 20
20 44
0 24
24 44
0 31
31 44
0 33
33 44
26 33
0 16
16 26
20 25
16 20
25 44
0 35
35 44
0 40
40 44
5 34
40 5
34 44
0 15
15 44
40 29
29 44
0 21
21 44
0 2
2 44
0 18
18 44
40 9
9 44
37 44
40 37
43 44
5 43
14 37
0 14
11 37
0 30
30 11
0 38
38 37
28 26
12 14
0 28
30 42
42 37
22 37
0 22
38 39
39 43
9 4
28 9
4 44
0 23
23 44
38 6
6 44
40 36
36 6
7 37
0 7
3 44
0 3
41 43
0 41
0 8
8 44
0 10
10 44
27 44
36 27
0 13
13 44
10 19
19 44
