41
36
4
44
19
1
9
17
16
12
27
14
35
42
29
39
23
7
26
18
11
33
8
41
28
24
31
21
10
40
47
37
2
32
46
48
3
13
20
5
15
43
100
0 49
48 45
37 13
2 46
38 49
6 34
45 49
15 5
20 49
6 13
38 34
3 45
30 3
48 13
15 48
13 34
46 49
3 46
32 49
30 32
48 20
5 32
32 6
0 15
5 2
2 49
43 37
37 46
37 22
0 43
47 34
5 47
30 40
40 25
10 2
43 10
21 48
0 21
15 31
31 49
24 48
15 24
0 28
28 49
43 41
41 45
41 8
8 38
33 25
43 33
37 10
11 49
2 11
28 37
18 20
43 18
26 49
28 26
28 7
7 26
28 23
23 37
43 39
39 38
5 24
29 5
0 29
7 42
42 11
29 7
35 48
0 35
14 49
0 14
27 26
0 27
12 45
29 3
3 12
0 16
16 14
32 47
47 17
16 32
17 49
16 7
9 34
7 9
34 14
0 1
1 26
19 9
1 19
7 44
44 49
23 4
4 11
19 23
0 36
36 49
