79
3
32
48
41
8
18
19
15
28
22
36
14
27
23
7
45
26
11
5
9
2
46
12
6
21
10
39
43
47
31
33
37
4
38
13
34
30
42
17
25
40
1
24
29
35
44
16
29
46
39
46
12
10
9
46
26
39
6
6
23
45
10
11
36
11
9
46
36
11
15
40
27
6
18
15
18
22
15
11
163
0 49
29 35
16 49
0 16
0 44
44 49
0 35
35 49
0 29
29 49
0 29
35 49
0 24
24 49
1 49
0 1
0 40
40 49
29 25
25 49
0 29
17 25
0 17
25 49
42 29
29 25
0 42
25 49
17 30
30 49
0 17
34 49
0 34
42 13
0 42
13 49
24 38
0 24
38 49
44 16
42 13
13 44
16 4
4 49
0 42
37 49
0 37
42 33
33 49
0 42
31 4
4 49
0 31
20 47
40 20
47 49
0 40
29 43
42 29
43 49
0 42
39 43
42 39
43 49
0 42
10 49
0 10
21 49
0 21
10 49
24 10
0 6
6 24
10 49
24 10
12 24
0 12
42 46
46 49
0 42
21 2
2 13
42 46
46 49
13 42
0 21
9 46
46 49
0 9
5 39
46 49
39 46
0 5
10 49
12 11
11 10
0 12
9 46
46 49
26 9
0 26
26 45
45 39
46 49
39 46
0 26
7 49
0 7
23 49
6 23
0 6
6 27
27 49
0 6
14 23
26 45
38 14
23 49
45 38
0 26
36 11
10 49
11 10
0 36
36 11
11 22
22 49
0 36
9 46
28 9
46 49
0 28
36 11
15 49
11 15
0 36
15 49
0 19
40 15
19 40
6 27
18 6
0 18
27 49
36 11
6 8
8 36
18 6
15 49
0 18
11 15
18 41
41 22
0 18
22 49
48 49
0 48
32 11
15 49
0 32
11 15
0 3
3 49
