59
2
6
5
11
16
3
13
9
7
26
18
10
12
27
40
39
22
19
28
35
25
38
21
30
48
37
45
36
36
37
45
20
40
40
35
47
19
20
42
35
20
21
20
42
40
21
21
19
36
9
19
38
16
38
16
36
16
36
19
121
0 49
14 21
0 1
21 1
19 29
47 29
0 31
20 1
0 29
0 41
37 8
36 8
8 41
36 31
0 45
0 32
0 37
48 32
0 30
0 14
0 46
0 44
0 24
0 4
0 21
0 38
0 17
0 25
25 4
38 4
21 4
30 37
0 48
35 31
0 35
37 31
45 32
0 36
8 41
0 36
28 8
8 41
0 28
8 41
0 37
0 19
19 41
0 45
45 22
22 29
0 39
39 29
40 29
0 40
0 20
31 40
40 29
20 1
0 31
27 35
31 40
35 20
40 27
0 47
0 19
20 1
12 20
42 12
20 1
10 35
0 10
35 20
0 21
20 1
0 42
18 20
42 18
0 31
40 26
31 40
26 49
0 14
21 1
14 21
0 14
21 7
7 49
19 9
0 19
9 49
31 36
0 31
36 13
13 49
9 3
19 9
0 19
3 49
38 16
0 38
16 49
0 31
11 38
31 11
38 16
16 49
31 36
36 8
0 31
5 16
8 5
16 49
31 36
36 8
6 16
0 31
8 6
16 49
19 2
2 49
0 19
