45
25
31
21
7
20
38
16
44
45
30
12
42
15
19
23
28
29
32
8
41
2
26
40
4
18
10
9
17
34
14
5
46
11
36
6
1
3
35
27
24
37
13
39
43
33
99
0 47
0 33
33 47
0 43
43 47
0 39
39 47
0 13
13 47
0 37
37 47
0 24
24 47
0 27
27 47
0 35
35 47
0 3
3 47
1 47
0 1
35 39
6 35
39 1
0 6
36 1
6 36
11 1
0 11
46 47
0 46
5 47
0 5
14 47
0 14
37 46
34 37
0 34
17 1
0 17
9 14
0 9
0 10
10 14
3 18
10 3
18 47
0 4
4 47
17 40
40 47
10 26
26 47
4 37
2 47
37 2
10 41
41 2
0 8
8 4
32 37
26 32
36 29
29 47
10 36
0 28
28 2
0 23
23 37
0 19
19 37
37 15
15 47
42 47
0 42
0 12
12 26
26 14
14 42
30 2
12 30
45 29
19 45
19 44
44 2
19 16
16 47
19 38
38 47
16 20
20 2
7 47
29 7
19 21
21 47
12 31
31 21
0 25
25 2
