47
37
4
24
26
30
48
25
23
35
20
44
19
45
18
3
39
40
41
16
2
17
15
36
46
32
11
34
31
47
43
7
9
13
8
5
21
33
29
1
28
27
22
38
12
14
6
42
110
0 49
12 38
6 42
14 42
10 42
42 49
0 42
0 6
6 49
0 14
14 49
12 49
0 12
38 49
0 38
22 38
0 22
27 49
0 27
28 27
0 28
1 27
28 22
22 1
29 49
0 29
33 29
28 33
0 21
21 49
5 49
0 5
14 29
8 14
0 8
13 38
0 13
14 9
9 49
8 7
28 9
7 22
7 43
43 49
47 27
0 47
31 29
13 31
22 34
34 28
7 11
11 34
14 32
32 49
29 46
46 49
8 36
36 49
15 8
0 15
1 36
17 27
8 17
11 2
2 49
16 1
0 16
41 49
32 41
1 40
40 49
39 49
15 39
3 41
13 3
18 49
0 18
27 18
45 27
0 45
19 12
38 39
0 19
44 17
19 44
10 27
0 20
20 10
11 35
19 11
35 49
23 18
10 23
15 25
25 49
48 22
22 18
0 48
45 15
0 30
30 45
26 8
20 26
0 24
28 18
24 9
4 49
9 4
24 37
37 49
