41
2
46
35
10
13
37
33
1
30
26
17
27
47
24
36
8
48
15
16
39
7
11
3
21
44
45
12
42
29
14
41
22
19
32
38
5
18
25
20
34
28
95
0 49
40 32
0 4
0 34
6 4
23 40
0 20
20 31
25 4
9 25
18 31
0 18
18 6
20 5
5 4
40 38
38 4
18 40
34 4
9 32
32 49
34 19
19 49
22 9
0 22
9 41
41 49
0 14
14 49
29 23
23 32
9 29
9 42
42 49
12 49
0 12
45 42
0 45
0 44
44 49
22 21
21 49
3 12
0 3
9 11
11 49
7 32
22 7
39 40
7 39
22 16
16 32
39 15
15 49
0 48
48 49
22 8
8 49
36 32
0 36
24 15
36 24
47 49
0 47
27 28
28 12
0 27
27 8
44 17
8 44
17 49
27 26
26 49
30 47
27 30
0 1
1 49
34 33
8 34
33 49
40 37
26 32
37 49
20 13
16 21
21 20
13 49
3 10
10 49
12 35
35 13
35 46
46 13
12 2
2 49
