42
19
42
36
38
20
8
3
21
17
23
15
33
37
24
11
6
30
18
16
5
41
2
22
39
25
34
1
4
10
7
26
40
9
13
32
29
28
31
12
43
27
35
97
0 44
0 35
35 44
27 44
0 27
0 43
43 44
12 44
0 12
31 44
0 31
28 12
0 28
0 29
29 44
29 32
32 44
0 13
13 44
13 9
9 32
13 40
40 12
26 9
0 26
0 7
7 44
28 10
26 29
29 28
10 44
4 44
0 4
0 1
1 44
0 34
34 44
0 25
25 44
34 29
32 39
39 44
34 22
22 44
2 44
1 2
29 41
41 44
27 41
5 27
0 5
40 16
25 40
16 44
14 41
5 18
18 14
0 30
30 25
6 44
0 6
11 14
0 11
34 24
24 44
0 37
37 44
33 44
0 33
0 15
31 24
15 31
23 44
0 23
17 44
0 17
21 44
0 21
29 3
21 29
3 44
40 23
8 25
0 8
0 20
4 6
20 4
6 23
0 38
38 24
0 36
36 44
42 44
0 42
20 19
19 10
10 42
