43
18
27
5
11
9
37
33
24
32
26
19
4
3
40
41
25
36
35
31
13
21
20
8
10
34
12
43
14
44
22
16
2
15
7
38
28
42
17
39
30
6
1
23
94
0 45
23 45
0 23
0 1
1 45
0 6
6 45
0 30
30 45
0 39
39 45
17 45
0 17
0 42
42 45
0 28
28 45
0 38
38 45
0 7
7 28
0 15
15 17
7 2
2 45
0 16
16 45
0 22
22 45
2 30
30 28
28 44
44 16
14 16
30 14
7 43
43 45
22 12
12 14
0 34
34 45
10 14
7 10
22 8
8 45
1 20
34 1
20 45
0 21
21 45
34 13
13 45
12 31
31 45
35 31
22 35
0 36
36 45
0 25
25 45
41 45
0 41
25 23
40 45
23 40
39 3
25 39
3 43
43 40
0 4
4 45
0 19
19 45
43 26
26 45
32 45
4 32
4 24
24 45
33 32
25 33
25 37
37 45
9 45
34 9
11 45
0 11
5 45
0 5
19 27
27 31
31 11
18 45
0 18
