45
39
9
11
1
18
15
16
19
34
28
32
10
22
4
3
12
44
31
42
14
5
43
24
37
6
40
23
13
29
8
7
46
20
41
36
30
27
26
2
21
17
45
25
33
35
97
0 47
0 35
35 47
33 47
0 33
0 25
25 47
45 47
0 45
17 47
0 17
21 47
0 21
2 47
25 2
26 47
0 26
33 26
27 33
0 27
30 47
0 30
36 30
27 36
41 2
0 41
20 47
0 20
46 47
0 46
7 47
0 7
8 47
0 8
29 8
0 29
0 13
13 47
0 23
23 8
40 8
23 40
2 8
6 41
0 6
37 2
0 37
24 47
23 24
0 43
43 24
13 5
5 40
14 8
0 14
27 42
42 7
43 27
31 7
43 31
44 7
23 44
23 12
12 8
3 2
43 3
43 4
4 8
22 31
43 22
4 10
37 3
10 37
10 32
32 47
28 24
43 28
34 7
0 34
19 47
4 19
24 21
21 16
16 47
43 15
15 7
18 3
3 19
43 18
1 34
0 1
43 11
11 8
1 9
9 7
39 8
0 39
