47
7
34
17
28
32
4
38
44
31
22
13
46
15
45
42
29
3
39
48
24
1
18
14
26
16
33
40
11
37
5
25
35
6
19
20
12
2
27
30
9
36
47
41
43
10
8
23
103
0 49
41 10
0 23
23 49
8 49
0 8
10 49
0 10
43 49
0 43
0 41
41 49
47 10
0 47
36 41
0 36
36 9
9 49
36 23
23 30
30 49
23 27
27 49
23 2
2 30
0 12
12 49
12 20
20 21
21 30
19 10
0 19
6 10
0 6
35 23
12 35
20 25
25 30
12 5
5 49
19 37
37 25
6 11
11 49
0 40
40 25
40 33
33 27
16 21
6 16
20 41
41 26
40 20
26 49
0 14
14 49
14 18
18 49
14 1
1 30
0 24
24 49
0 48
48 2
39 18
0 39
48 3
3 1
29 26
0 29
1 42
42 49
40 45
45 49
0 15
15 49
0 46
46 49
13 15
29 13
0 22
22 49
48 43
43 31
31 49
48 44
44 49
38 49
39 38
0 4
4 49
22 21
32 38
21 32
28 38
48 28
21 14
14 17
17 49
34 49
0 34
7 34
22 7
