47
41
27
10
15
25
42
19
13
6
28
33
12
30
32
20
8
37
7
40
14
2
24
26
34
47
22
45
1
48
9
11
39
21
16
38
4
17
29
36
31
5
23
35
44
46
43
3
107
0 49
46 35
46 44
0 3
3 49
0 43
43 49
0 46
46 49
44 49
0 44
35 49
0 35
0 23
23 49
0 5
5 49
5 31
31 49
0 36
36 49
5 29
29 35
36 17
17 49
3 17
4 3
0 4
0 38
38 49
0 16
16 49
46 21
38 46
21 49
0 39
39 17
38 11
11 3
0 9
9 49
48 9
0 48
1 17
0 1
45 1
0 45
22 46
35 9
0 22
39 47
47 49
38 34
34 9
38 26
26 49
1 24
24 49
48 44
44 2
2 49
47 14
14 2
0 40
40 49
7 49
0 7
36 7
37 36
0 37
38 8
8 7
0 20
20 49
32 49
20 32
0 30
30 7
0 12
12 32
33 35
35 20
12 33
28 26
0 28
6 32
43 16
28 43
16 6
13 44
26 13
44 32
19 7
30 19
42 49
0 42
25 32
16 25
15 49
28 15
10 49
25 10
23 42
27 23
28 27
41 49
43 41
