33
25
3
5
23
37
24
30
33
14
31
39
43
7
9
21
35
1
20
34
6
28
27
32
12
26
42
18
4
11
29
22
10
36
83
0 44
10 15
40 41
4 41
19 29
22 44
13 8
13 41
19 16
17 22
11 38
10 11
4 19
0 4
4 13
29 22
16 22
40 18
18 44
0 10
42 22
0 42
11 26
26 22
4 12
29 11
12 29
4 32
32 17
27 22
0 27
40 28
28 22
6 32
0 6
34 22
0 34
20 18
18 26
0 20
27 1
1 44
19 35
35 26
20 19
10 21
20 12
12 10
21 22
9 22
21 9
12 7
7 22
0 43
43 44
39 17
0 39
13 32
12 13
32 31
31 44
0 14
14 44
42 33
14 42
33 44
30 44
0 30
36 24
39 36
24 44
20 37
37 44
39 23
23 44
17 23
5 17
0 5
8 20
3 8
0 3
3 25
25 44
