40
42
10
12
4
18
23
20
37
47
36
17
41
39
5
40
31
35
38
16
29
1
9
24
45
3
2
32
46
19
13
21
22
7
27
28
6
26
48
30
33
84
33 49
0 30
34 25
15 43
48 25
14 49
25 43
34 48
26 14
34 26
44 6
6 43
30 43
0 28
28 11
27 14
30 27
28 7
7 14
22 11
0 22
27 33
21 14
34 21
44 13
13 49
7 19
19 33
46 13
34 46
32 11
30 32
0 2
2 49
2 3
3 49
45 14
0 45
28 24
24 49
9 2
30 9
30 1
1 49
29 3
9 29
1 16
16 33
38 33
0 38
28 35
35 49
0 31
31 3
1 40
40 33
5 3
1 5
39 33
0 39
41 39
30 41
0 17
17 49
30 36
36 35
47 3
36 47
37 33
0 37
20 33
36 20
17 23
23 33
18 23
30 18
4 33
0 4
12 20
0 12
0 10
10 49
0 42
42 49
