56
4
12
38
37
14
36
6
22
17
39
45
30
19
7
7
7
7
11
7
30
46
45
11
34
17
18
17
34
24
20
11
11
24
45
17
20
17
34
36
38
7
14
36
17
36
38
17
38
45
38
38
35
39
38
38
10
127
10 49
23 48
35 48
26 17
33 36
32 7
11 24
47 11
24 41
41 21
43 21
29 13
1 48
3 32
15 11
16 9
3 23
0 20
44 21
1 23
1 23
44 21
1 23
33 7
0 20
7 21
1 23
33 7
0 20
7 21
29 7
0 20
7 21
19 7
16 19
0 20
7 21
16 9
11 32
0 20
0 20
0 20
16 30
1 48
30 40
0 20
42 45
45 29
29 7
7 21
46 30
1 48
42 45
45 29
13 46
30 40
11 32
42 39
39 11
0 20
1 48
17 34
0 17
34 40
17 18
18 41
0 17
1 48
17 34
22 1
0 17
34 22
41 21
0 20
20 24
11 32
24 41
41 21
47 11
45 6
17 45
0 17
6 49
36 49
20 36
0 20
34 14
14 49
17 34
0 17
47 37
37 36
36 49
0 38
38 32
0 38
14 49
38 32
7 14
36 49
17 33
0 17
33 36
0 38
38 26
36 49
17 33
0 38
1 48
12 1
38 12
26 17
45 4
0 38
38 26
17 45
4 49
39 25
0 38
38 26
26 39
0 38
38 23
0 38
3 10
32 3
38 32
