47
46
28
37
20
9
16
17
38
21
19
48
31
23
7
27
41
34
11
22
15
12
24
30
33
42
29
39
8
3
40
5
47
36
18
10
14
26
25
13
6
4
45
44
43
2
32
35
99
0 49
0 35
35 49
0 32
32 49
0 2
2 49
0 43
43 49
0 44
44 49
45 49
0 45
4 45
0 4
6 49
0 6
0 13
13 49
25 13
0 25
26 6
0 26
14 6
4 14
4 10
10 49
18 45
4 18
14 36
36 49
47 36
0 47
47 5
5 49
0 40
40 6
3 6
40 3
3 5
47 8
8 49
0 39
39 49
8 29
39 8
29 49
42 49
0 42
3 33
33 49
40 30
30 49
24 49
0 24
12 49
42 12
40 15
13 12
15 13
22 12
0 22
40 11
11 49
34 12
11 34
41 42
0 41
27 49
0 27
7 12
11 7
23 42
0 23
31 12
0 31
48 34
0 48
19 42
0 19
0 21
21 40
21 38
6 34
38 6
21 17
17 24
21 16
16 7
11 9
9 12
20 12
23 20
21 37
37 20
28 49
0 28
46 12
16 46
