45
11
22
2
45
44
31
26
34
10
12
35
21
13
32
43
25
8
30
14
7
33
15
27
17
6
16
20
3
40
39
24
46
4
41
5
38
42
19
29
36
37
23
1
18
28
101
0 47
28 1
28 9
0 28
18 9
0 18
18 47
0 1
1 47
23 47
0 23
28 47
0 37
37 47
9 37
0 36
36 47
0 29
29 47
28 19
19 47
0 42
42 47
0 38
38 47
38 5
5 47
41 47
0 41
36 4
4 47
0 46
46 47
24 47
0 24
39 24
0 39
40 47
0 40
0 3
3 47
20 24
0 20
3 16
16 47
39 6
6 47
17 40
0 17
27 6
0 27
15 47
28 15
20 28
33 15
40 5
38 33
7 6
0 7
0 14
14 6
20 30
30 47
8 30
0 8
27 25
25 47
14 27
14 43
43 47
27 32
32 47
14 13
13 43
21 30
14 21
21 35
35 27
43 35
12 43
14 12
14 10
10 47
34 47
14 34
26 27
41 26
14 41
10 31
31 47
16 26
0 44
44 16
14 45
45 30
2 31
0 2
14 22
22 47
14 11
11 15
