47
22
2
10
40
37
32
16
20
25
24
21
9
27
23
4
13
8
18
47
43
42
46
19
39
15
17
34
38
36
26
14
31
7
1
33
5
45
29
6
44
35
3
11
30
12
48
28
101
0 49
28 49
0 28
0 48
48 49
12 49
0 12
0 30
30 49
11 49
0 11
0 3
3 49
0 35
35 49
0 44
44 49
30 6
44 30
6 49
30 29
29 49
45 29
44 45
30 5
5 49
0 33
33 49
33 41
41 1
1 5
44 7
7 49
31 49
0 31
14 7
0 14
14 26
26 49
44 36
36 49
44 38
38 49
34 36
0 34
17 5
0 17
15 31
0 15
34 39
39 31
19 5
15 19
0 46
46 49
42 49
15 42
15 30
43 42
30 43
19 47
47 43
0 18
18 49
8 49
5 8
0 13
13 5
4 8
0 4
13 23
33 48
48 8
23 41
27 48
0 27
6 9
18 6
9 42
4 21
21 8
24 9
0 24
0 25
25 42
0 20
20 49
25 16
16 8
32 24
25 32
37 42
25 37
13 40
40 49
10 49
0 10
2 40
25 2
0 22
22 49
