40
42
13
43
7
23
21
1
8
39
5
24
20
34
29
16
2
19
17
38
25
15
30
33
40
12
35
3
36
32
4
11
6
27
14
22
26
37
18
28
41
90
0 44
41 6
28 10
9 31
18 10
0 18
18 37
37 10
9 26
26 44
18 28
0 22
22 44
14 44
0 14
27 44
0 27
0 6
6 44
11 10
41 11
4 10
0 4
0 41
32 31
0 32
0 36
36 44
4 3
3 44
35 10
41 35
0 12
12 44
36 6
6 40
40 44
33 12
0 33
32 30
30 44
15 44
0 15
30 18
18 25
25 44
32 38
14 15
38 14
22 15
17 22
0 17
33 19
19 15
2 9
9 15
0 2
16 25
0 16
16 28
28 29
29 15
33 34
34 44
28 20
20 15
16 24
24 20
24 5
5 44
39 15
0 39
8 27
0 8
27 20
0 1
1 9
1 21
21 44
1 26
26 23
23 44
0 7
7 44
26 43
43 15
1 13
13 44
0 42
42 44
