78
22
25
18
36
37
15
23
29
30
24
26
17
1
31
19
44
32
46
7
41
11
45
33
34
8
42
27
9
13
10
20
40
3
28
35
16
38
6
12
39
47
21
14
14
5
21
33
13
38
27
8
13
27
32
5
27
44
7
20
27
44
17
27
26
38
33
32
38
27
32
46
26
26
19
27
38
26
26
165
0 49
5 49
43 49
4 49
14 5
4 14
14 2
21 49
4 21
4 14
5 21
21 49
0 47
47 49
39 49
0 39
0 12
12 49
39 6
6 49
0 39
47 5
0 47
38 49
0 38
5 49
16 5
0 16
35 49
0 35
28 49
0 28
3 49
0 3
40 49
0 40
20 43
43 49
0 20
10 43
43 49
0 10
38 13
13 49
0 38
5 49
9 21
21 5
0 9
0 27
43 49
27 43
43 42
14 5
5 49
0 27
42 14
27 43
8 49
0 8
34 42
14 5
5 49
0 27
42 14
27 34
33 49
0 33
47 45
33 49
0 27
45 33
27 47
38 13
11 38
0 27
27 11
13 49
27 41
33 49
0 27
41 21
21 33
38 13
0 7
7 38
13 49
27 46
46 8
0 27
8 49
0 32
32 49
44 38
38 13
27 44
0 27
13 49
0 32
32 19
5 49
19 5
27 44
44 31
33 49
31 33
0 27
1 5
20 1
7 20
5 49
0 7
27 44
44 17
0 27
17 49
26 49
27 44
44 17
0 27
17 26
24 26
26 49
44 38
27 44
38 24
0 27
30 33
33 49
0 32
32 30
38 29
44 38
27 44
29 49
0 27
23 49
0 32
32 23
27 46
26 49
39 26
46 15
15 39
0 27
19 37
26 49
37 26
0 32
32 19
36 49
44 38
38 36
27 44
0 27
26 49
0 18
4 26
18 4
25 4
26 49
0 25
4 26
22 49
0 22
