47
40
17
31
33
11
8
36
35
2
1
30
4
39
13
32
28
6
22
15
10
47
34
44
3
45
46
9
25
24
23
14
5
12
41
19
48
38
7
29
37
43
27
16
18
42
26
20
107
0 49
21 16
20 49
0 20
26 49
0 26
42 49
0 42
0 18
18 49
16 49
0 16
18 27
27 49
43 49
0 43
37 27
0 37
29 49
0 29
7 49
37 7
38 49
0 38
48 49
0 48
19 48
0 19
41 26
26 48
0 41
12 16
16 48
0 12
5 48
12 5
12 14
14 48
23 5
14 23
24 49
0 24
24 25
25 49
9 19
19 25
0 9
9 46
46 49
9 45
45 48
3 48
0 3
12 24
44 29
29 12
24 3
0 44
0 34
34 3
47 9
0 47
34 10
10 48
15 3
0 15
22 49
19 22
27 6
34 27
6 49
0 28
28 24
32 3
44 32
0 13
13 3
39 5
28 39
45 4
4 49
13 19
28 30
30 4
1 49
28 1
13 37
2 48
37 2
0 35
35 46
26 4
36 26
37 36
3 8
8 49
11 49
0 11
0 33
33 49
31 1
29 31
33 29
0 17
17 3
40 3
33 40
