35
40
41
34
17
13
28
7
33
26
12
19
47
1
39
20
37
38
48
31
35
45
8
43
24
46
15
42
25
32
44
14
3
10
30
5
85
35 31
5 31
21 25
14 11
29 42
42 38
37 2
2 44
21 36
15 30
37 4
10 21
8 44
2 3
25 44
23 15
6 22
46 22
15 46
27 24
24 4
42 43
43 9
10 8
8 22
14 45
45 9
29 45
15 29
0 35
35 22
42 31
31 9
16 42
32 25
31 32
44 49
48 44
14 48
38 49
35 2
2 38
37 36
35 37
3 38
20 49
21 20
39 11
11 20
16 39
16 10
4 32
32 20
30 20
30 1
1 11
15 47
47 20
0 19
19 36
0 12
12 38
47 37
19 27
27 14
26 44
0 26
19 5
33 46
0 33
46 38
7 44
35 7
28 25
19 28
13 42
19 13
19 17
17 44
0 34
34 20
41 49
0 41
40 49
0 40
