44
2
36
8
17
28
39
30
44
46
12
9
27
20
14
16
26
40
25
41
6
29
33
19
11
22
15
7
24
5
13
18
1
4
32
34
42
45
21
43
23
37
38
10
35
102
0 47
38 37
0 3
31 47
35 47
0 35
0 10
10 47
3 38
38 47
37 47
0 37
0 23
23 47
0 43
43 47
43 21
21 37
45 37
0 45
0 42
42 47
42 43
43 34
34 47
42 38
38 32
32 47
0 4
4 47
42 45
1 47
45 1
42 18
18 1
4 3
3 13
13 47
38 5
5 1
0 24
24 47
7 47
0 7
0 15
15 47
22 1
0 22
11 1
0 11
24 35
35 19
19 1
0 33
33 47
23 29
29 19
42 23
6 19
15 6
42 41
41 1
25 10
10 7
33 25
40 7
15 40
4 26
26 47
26 16
16 47
14 18
21 14
18 19
15 21
3 20
20 1
15 3
27 3
33 27
27 9
9 1
33 12
12 19
33 46
46 20
44 19
0 44
15 30
30 19
39 1
15 39
28 20
15 28
42 17
17 1
8 39
0 8
36 47
27 36
0 2
2 47
