46
47
4
32
20
44
22
37
15
40
9
25
7
10
33
29
1
18
43
5
46
31
2
14
26
19
8
23
27
13
36
45
6
24
42
3
28
41
39
34
12
17
35
16
30
11
38
99
0 48
35 30
16 38
11 38
38 48
0 38
0 11
11 48
30 48
0 30
0 16
16 48
0 35
35 48
17 48
0 17
0 12
12 48
34 38
0 34
34 39
39 48
0 41
41 48
41 28
28 48
41 3
3 48
0 42
42 48
24 41
0 24
24 6
6 3
38 45
45 48
36 45
24 36
41 13
13 48
27 48
0 27
0 23
23 48
8 48
24 8
23 19
19 48
23 26
26 48
14 21
21 8
23 14
2 8
0 2
0 31
31 48
46 13
13 2
0 46
5 48
0 5
43 8
46 43
24 18
18 48
1 26
46 1
0 29
29 48
0 33
33 18
34 26
10 34
0 10
7 26
33 7
25 6
0 25
9 8
25 9
29 40
40 24
25 15
15 8
0 37
37 48
10 22
22 18
44 8
0 44
26 20
20 48
32 44
0 32
44 4
4 48
0 47
47 24
