47
41
40
6
12
38
46
22
20
33
24
19
3
8
26
16
7
2
31
23
18
15
4
11
47
25
35
14
27
36
37
5
42
21
34
29
32
9
44
10
13
45
43
28
39
1
48
30
103
0 49
1 48
0 30
30 49
48 49
0 48
1 49
0 1
0 39
39 49
28 49
0 28
0 43
43 49
45 28
0 45
0 13
13 49
10 28
45 10
44 28
0 44
9 28
0 9
0 32
32 28
29 10
0 29
34 28
0 34
34 21
21 49
42 49
0 42
10 5
5 49
37 49
10 37
0 36
36 37
44 27
27 42
32 14
14 49
0 35
35 49
25 37
0 25
35 47
47 49
11 49
34 11
34 4
4 49
34 15
15 37
18 42
35 18
23 37
0 23
23 31
31 42
2 37
0 2
0 7
7 49
21 16
16 42
7 21
5 26
7 5
26 49
8 49
5 8
16 3
3 45
45 8
19 49
0 19
5 24
24 8
33 49
19 33
0 20
20 8
7 22
22 49
7 46
46 8
20 38
38 42
42 8
0 12
12 29
29 8
6 49
0 6
40 2
0 40
2 8
12 4
41 33
4 41
