38
20
4
22
32
29
13
9
38
8
42
23
27
15
7
12
31
6
16
3
43
11
39
17
5
25
19
34
37
28
26
36
21
30
10
18
2
33
35
83
0 45
2 21
10 45
18 45
40 45
44 45
24 14
1 10
24 1
30 45
40 30
2 45
10 2
1 21
21 45
36 45
24 36
26 30
24 26
28 10
41 28
21 40
28 21
37 21
28 37
34 36
0 34
34 18
19 21
41 19
25 40
41 25
41 5
5 10
0 17
17 2
39 18
41 39
11 45
0 11
43 45
17 43
3 21
17 3
16 21
0 16
41 6
6 44
31 3
0 31
17 12
12 40
7 40
31 7
33 15
15 7
0 33
27 45
0 27
23 14
14 18
0 23
31 35
35 42
42 40
17 8
8 44
38 44
0 38
12 9
9 40
13 12
0 13
29 9
0 29
32 43
0 32
43 22
22 45
0 4
4 45
32 20
20 45
