43
10
21
48
28
44
3
46
34
9
4
11
6
2
27
32
15
8
19
31
25
40
23
42
30
7
17
12
33
45
35
14
5
38
39
26
43
41
22
37
18
24
16
47
94
0 49
16 49
24 41
0 29
20 37
20 18
36 18
18 49
37 49
36 37
1 22
22 18
1 41
41 49
0 43
43 18
0 26
26 49
39 49
1 39
43 24
38 39
24 38
5 49
1 5
29 16
0 14
14 16
35 49
24 35
13 35
0 45
45 13
29 33
33 13
1 12
12 49
39 35
1 17
17 39
0 7
7 16
30 13
1 30
0 42
42 49
42 43
24 23
23 35
40 35
0 40
25 35
36 25
43 36
0 31
31 16
0 19
19 39
43 8
8 49
15 16
7 15
32 23
43 32
31 27
27 15
2 25
24 2
20 40
31 6
6 20
7 11
11 49
4 25
19 4
27 9
9 16
34 11
19 34
46 16
31 46
27 3
3 2
44 15
0 44
19 28
28 46
47 48
48 35
31 47
21 11
28 21
0 10
10 49
