69
1
26
3
40
27
10
36
44
24
14
35
33
20
42
43
38
9
7
30
13
5
32
11
21
37
23
17
34
39
41
8
28
29
22
15
18
25
2
31
12
6
16
16
25
7
9
7
13
38
7
38
32
20
42
32
35
32
24
15
20
7
35
27
38
27
35
27
10
7
139
0 45
6 25
16 4
0 19
4 45
0 16
16 45
0 6
6 45
0 12
12 45
0 16
4 45
0 31
31 45
0 2
2 45
25 45
0 25
25 45
0 6
0 18
18 45
12 15
0 18
18 12
15 45
22 25
0 22
25 45
22 29
0 22
29 45
28 45
0 28
8 25
0 8
25 45
8 41
0 8
41 45
22 39
0 22
39 45
2 34
34 45
0 2
17 45
0 17
16 17
23 16
0 23
17 45
18 37
0 18
37 45
18 21
0 18
21 45
11 45
22 11
0 22
32 45
22 32
0 22
18 5
5 45
0 18
22 13
13 45
0 22
22 30
30 45
0 22
0 7
13 45
7 13
0 7
7 9
9 45
0 7
7 9
38 32
32 45
9 38
0 7
7 43
43 45
42 13
13 45
0 42
20 45
0 20
0 7
7 33
38 32
33 38
32 45
0 35
38 32
35 38
32 45
42 14
14 20
20 45
0 42
0 24
32 45
24 32
0 35
35 44
44 32
32 45
24 15
36 45
0 24
15 36
0 7
10 20
7 10
20 45
27 45
0 27
27 45
40 27
0 35
35 40
3 38
27 45
38 27
0 3
26 27
27 45
0 35
35 26
0 7
10 1
1 45
7 10
