47
2
37
44
4
40
7
38
23
5
13
33
21
26
28
48
36
8
15
12
9
34
31
10
25
17
30
42
45
35
14
29
22
6
43
19
27
3
20
1
39
18
11
47
24
32
41
16
95
0 49
16 49
0 16
0 41
41 49
32 49
0 32
0 24
24 49
47 32
0 47
11 24
0 11
0 18
18 49
47 39
39 49
47 1
1 49
20 39
0 20
20 3
3 49
27 39
0 27
19 39
0 19
0 43
43 49
0 6
6 49
18 22
22 49
11 29
29 49
14 49
0 14
35 49
19 35
45 49
0 45
27 42
42 49
19 30
30 49
19 17
17 49
19 25
25 49
10 45
0 10
31 35
0 31
34 49
19 34
9 45
0 9
12 30
0 12
12 15
15 49
8 42
0 8
0 36
36 49
0 48
48 49
48 28
28 35
26 28
0 26
21 49
0 21
33 30
0 33
13 17
0 13
5 49
0 5
23 35
0 23
0 38
38 45
38 7
7 49
0 40
40 49
0 4
4 49
38 44
44 49
38 37
37 49
0 2
2 34
