40
47
1
48
19
16
7
18
9
42
34
6
11
26
46
21
41
35
3
2
39
14
27
12
10
31
37
29
15
23
25
38
4
36
43
20
32
5
28
40
22
91
0 49
22 49
0 17
28 40
22 44
13 17
45 24
40 24
22 40
0 22
28 24
0 28
5 49
13 5
13 32
32 5
45 5
33 32
32 20
20 49
43 49
0 43
33 36
36 45
33 4
4 24
17 38
38 49
25 4
0 25
23 22
4 23
38 30
15 24
30 15
29 49
38 29
17 37
37 49
17 31
31 37
30 10
10 22
17 12
12 22
0 27
27 49
10 14
27 30
14 22
30 39
39 23
2 23
31 2
17 3
3 22
35 23
0 35
17 41
41 22
35 21
21 22
17 46
46 35
26 44
46 26
0 11
11 49
6 22
0 6
41 30
30 34
34 49
11 42
42 49
46 9
9 49
18 22
0 18
0 7
7 49
17 16
16 49
19 49
17 19
46 48
48 19
1 49
0 1
47 49
7 47
