41
22
44
10
46
32
36
2
17
23
30
41
12
14
18
3
5
39
26
21
8
33
31
1
9
7
47
37
29
20
6
27
13
42
15
25
40
11
19
28
43
45
90
0 49
24 35
16 28
43 49
34 49
34 35
35 49
28 45
38 28
34 43
24 19
19 35
11 35
0 11
40 35
0 40
25 35
0 25
15 43
0 15
42 48
0 42
13 48
0 13
0 27
27 48
0 6
6 43
20 43
0 20
27 29
29 49
37 49
20 37
6 47
47 43
7 20
47 7
47 9
9 49
1 49
0 1
47 31
31 45
45 37
27 33
33 49
8 33
27 8
0 21
21 33
26 49
0 26
45 39
39 49
5 43
0 5
3 26
0 3
27 18
18 37
21 14
14 26
12 43
6 12
0 41
41 49
30 49
0 30
23 26
21 23
17 49
12 17
42 17
2 42
0 2
19 17
36 40
0 36
40 19
0 32
32 26
46 3
0 46
10 26
0 10
44 17
36 44
0 22
22 26
