45
19
2
26
24
9
6
18
32
36
25
39
3
1
30
31
37
23
4
42
20
13
11
35
29
28
40
15
10
44
46
21
16
38
43
17
41
27
33
14
12
34
22
45
5
7
99
0 47
7 47
0 7
5 47
0 5
0 45
45 47
22 47
0 22
0 34
34 47
34 12
12 47
34 14
14 22
0 33
33 47
0 27
27 47
33 41
41 47
27 17
17 47
43 47
0 43
33 38
38 47
34 16
16 47
0 21
21 47
0 46
46 47
44 47
0 44
33 10
21 33
10 44
0 15
15 47
15 46
46 33
33 40
40 47
28 47
33 28
46 29
29 28
15 35
35 28
11 47
29 11
13 28
21 13
33 20
20 47
21 42
42 43
43 20
35 4
4 47
21 23
23 38
38 13
42 37
37 44
42 31
31 4
30 43
0 30
30 1
1 47
3 11
0 3
39 4
0 39
25 47
30 25
36 47
0 36
32 4
0 32
30 18
18 47
6 29
29 36
0 6
0 9
9 28
24 44
0 24
0 26
26 30
13 1
1 18
2 13
0 2
26 19
19 44
