34
25
45
9
38
20
4
15
26
46
41
23
30
39
32
1
6
2
13
17
42
3
36
10
7
48
11
5
12
18
14
47
21
31
22
76
7 33
14 31
48 43
22 24
14 28
18 47
35 12
12 27
22 12
44 18
47 22
5 14
33 5
40 11
11 19
47 40
44 48
48 21
7 21
44 7
43 7
21 49
48 33
33 10
10 21
47 36
36 49
3 49
33 3
42 31
44 42
31 3
44 17
17 28
44 13
13 49
2 14
0 2
0 6
6 27
27 3
24 7
6 22
1 2
0 1
0 32
32 49
6 39
39 33
6 30
30 49
23 49
0 23
12 41
30 12
41 49
46 49
0 46
2 26
26 3
0 15
15 49
4 49
39 4
33 20
20 3
15 24
40 38
15 40
38 4
15 9
9 49
45 46
0 45
0 25
25 49
