36
13
10
33
21
1
6
35
23
42
25
12
15
31
40
34
11
16
36
7
5
38
22
28
18
29
17
20
27
39
32
4
30
8
14
37
19
78
43 39
0 19
8 44
4 44
30 32
8 30
30 43
9 4
4 41
32 44
9 32
26 8
9 39
39 44
27 4
26 27
14 39
37 14
0 20
20 44
26 17
17 4
29 4
19 29
18 44
0 18
28 44
0 28
37 22
22 44
38 8
19 38
5 8
0 5
0 7
7 8
7 36
36 44
36 16
16 44
11 28
37 11
34 44
0 34
19 37
40 44
37 40
31 8
19 31
15 14
14 40
0 15
19 12
12 26
26 40
25 4
19 25
26 42
42 44
15 22
22 23
23 44
0 35
35 44
6 44
0 6
1 44
0 1
21 1
0 21
33 41
41 6
0 33
35 10
10 44
13 6
35 20
20 13
