47
14
7
28
40
33
29
35
43
36
18
25
41
22
20
6
12
1
8
44
30
11
31
16
27
48
37
13
19
26
4
21
3
10
32
45
23
2
46
9
15
34
24
39
47
5
17
38
104
0 49
0 38
38 49
17 49
0 17
5 49
0 5
0 47
47 49
47 39
39 49
0 24
24 49
24 5
5 34
34 49
47 34
24 15
15 47
24 9
9 49
46 5
24 46
2 49
0 2
24 23
23 49
46 45
45 9
24 32
32 39
10 23
24 10
3 24
0 3
21 9
24 21
0 4
4 49
26 49
0 26
17 23
19 17
10 26
0 19
45 13
19 45
13 49
37 49
17 37
34 48
2 47
19 2
48 49
27 37
0 27
16 37
0 16
31 37
10 31
11 37
0 11
30 49
0 30
44 37
0 44
0 8
8 37
0 1
1 49
12 37
0 12
0 6
6 8
8 20
20 49
22 44
6 22
0 41
41 31
25 49
11 25
6 11
0 18
18 37
36 49
18 36
8 43
43 49
41 35
35 34
34 25
8 29
29 49
34 33
33 25
40 29
18 40
41 28
28 36
7 49
29 7
14 49
6 14
