40
2
8
14
20
26
32
38
3
9
4
10
16
22
28
34
40
5
11
17
23
29
35
41
15
21
27
1
33
37
31
25
19
13
42
36
30
24
18
12
6
84
6 49
12 49
18 49
24 49
30 49
36 49
42 49
39 46
0 7
0 13
0 19
0 25
0 31
0 37
44 45
43 44
37 44
31 44
25 44
19 44
13 44
33 46
44 33
0 1
1 44
27 46
44 27
21 46
44 21
15 46
44 15
47 42
47 36
47 30
47 24
47 18
47 12
47 6
41 6
46 41
35 6
46 35
29 6
46 29
23 6
46 23
17 6
46 17
11 6
46 11
5 6
46 5
40 5
15 40
34 5
15 34
28 5
15 28
22 5
15 22
16 5
15 16
10 5
15 10
4 5
15 4
9 4
44 9
3 4
44 3
38 3
1 38
32 3
1 32
26 3
1 26
20 3
1 20
14 3
1 14
8 3
1 8
2 3
1 2
