46
20
46
18
4
8
19
16
9
10
41
27
3
11
13
47
44
12
24
34
45
35
25
7
42
22
39
23
2
48
28
17
30
43
29
36
31
32
5
1
6
38
21
33
15
14
26
105
0 49
37 49
26 15
0 40
0 26
26 49
14 49
0 14
15 49
0 15
26 33
33 49
21 33
0 21
38 49
0 38
6 49
0 6
1 37
0 1
5 33
0 5
32 37
0 32
31 37
5 31
36 49
0 36
29 37
0 29
43 37
29 43
26 32
5 30
30 26
17 43
5 17
28 37
0 28
48 37
0 48
28 2
2 36
23 32
0 23
2 39
39 36
22 37
0 22
42 22
0 42
7 15
15 22
0 7
25 17
0 25
35 15
0 35
0 45
45 36
34 40
40 43
45 34
14 24
21 14
24 49
45 21
12 15
45 12
44 36
17 44
47 44
45 47
13 26
5 13
34 5
26 22
39 44
11 2
0 11
0 3
3 15
15 27
27 37
7 41
41 49
10 36
6 10
45 6
9 44
0 9
47 16
16 49
19 37
0 19
45 8
8 16
4 16
0 4
18 47
45 18
8 46
46 2
20 36
0 20
