43
27
19
34
45
25
7
48
30
11
32
16
31
3
4
10
33
26
28
21
18
40
35
2
46
41
43
17
47
29
8
12
14
44
23
39
36
5
20
37
42
13
6
24
97
0 49
0 24
6 36
42 37
13 42
13 1
0 13
6 42
42 49
9 37
37 49
0 20
20 49
5 37
0 5
0 36
36 49
39 49
0 39
0 6
24 1
24 23
23 49
44 37
0 44
44 38
38 14
14 49
14 12
12 49
38 8
8 49
29 49
0 29
44 47
47 29
6 17
17 49
47 43
43 49
17 41
41 49
47 46
46 41
2 49
24 2
24 35
35 2
0 40
40 17
39 41
18 39
24 18
21 49
24 21
28 49
0 28
24 26
26 49
33 36
0 33
36 41
10 41
26 10
44 4
17 10
4 17
33 44
3 41
26 3
31 9
9 3
0 31
42 16
43 37
33 43
16 28
26 32
32 49
33 11
11 28
36 30
30 39
48 41
33 48
0 7
7 37
25 49
0 25
45 3
0 45
34 42
0 34
19 16
0 19
27 28
0 27
