82
39
46
2
19
44
12
32
43
31
8
30
20
6
27
5
41
40
25
18
3
29
35
1
7
1
1
15
38
15
35
29
11
18
35
18
1
16
3
38
35
38
15
38
34
17
15
38
15
40
11
15
15
9
41
11
15
11
5
5
11
22
15
5
16
35
15
35
31
8
15
9
5
43
8
38
44
5
34
38
19
5
5
205
0 34
15 45
24 33
15 13
17 34
15 23
18 1
11 21
4 7
13 11
15 36
38 47
4 45
1 42
0 15
21 37
24 7
21 37
7 17
11 1
1 16
11 1
1 16
0 15
11 1
0 15
21 37
15 4
4 45
0 15
34 38
15 4
0 15
21 37
35 38
38 47
0 15
33 35
15 4
45 7
4 45
29 9
0 15
7 29
15 4
3 45
45 7
15 36
29 9
0 15
36 3
7 29
35 38
38 47
26 35
0 15
15 18
18 11
35 38
38 47
15 36
26 35
0 15
29 9
0 15
7 29
15 4
13 11
15 36
21 29
29 9
0 15
18 25
35 38
38 47
26 35
0 15
25 26
15 18
35 38
38 47
16 35
0 15
1 16
15 18
3 40
38 47
15 36
0 15
36 3
40 38
41 26
35 38
38 47
26 35
10 41
38 47
0 15
34 38
23 34
15 23
38 47
23 17
0 15
34 38
15 23
0 15
5 47
23 5
13 11
11 40
38 47
0 15
40 38
15 23
23 27
27 9
0 15
9 47
15 13
11 21
33 5
21 41
13 11
41 26
0 15
5 47
15 13
13 11
11 6
6 5
0 15
5 47
33 5
10 20
20 33
5 47
22 30
15 13
11 21
13 11
35 38
38 47
30 35
0 15
0 15
5 47
45 5
8 16
35 38
38 47
16 35
0 8
15 45
3 4
4 31
31 35
45 3
35 38
38 47
0 15
8 43
43 4
4 31
31 35
35 38
38 47
0 8
15 32
0 15
32 9
9 47
24 33
33 5
12 26
0 12
5 47
8 43
44 8
43 4
4 31
31 35
35 38
38 47
0 44
0 19
38 47
19 38
24 33
44 2
2 24
33 5
0 44
5 47
38 47
34 38
24 33
33 5
0 19
46 24
19 46
5 47
39 5
0 39
5 47
