35
47
46
13
33
21
44
43
28
17
38
31
8
4
9
45
16
39
37
10
40
7
1
18
32
29
15
11
25
12
14
24
23
6
20
3
84
3 48
0 36
25 34
23 35
6 24
2 20
41 6
20 26
34 6
22 23
23 34
6 42
24 19
30 24
27 20
26 24
14 19
27 14
12 48
20 12
25 20
22 25
11 35
0 11
25 2
34 12
24 12
27 15
15 19
23 29
29 48
36 23
5 32
32 19
30 3
18 48
0 18
1 48
0 1
36 7
7 12
22 40
40 48
10 48
0 10
37 3
36 37
7 39
39 10
0 16
16 2
25 37
2 45
45 48
0 9
9 3
36 4
4 48
4 8
8 3
0 31
31 3
0 38
38 48
0 17
17 4
36 28
28 48
43 8
4 43
8 12
12 44
44 3
21 3
30 21
17 30
0 33
33 48
0 13
13 48
30 46
46 48
47 48
17 47
