37
42
37
13
12
23
28
44
21
14
40
30
41
25
5
1
20
36
17
33
38
11
18
6
8
45
24
43
22
19
7
16
9
46
15
31
4
35
93
0 48
39 16
26 2
46 27
4 3
31 34
0 39
15 47
4 26
0 9
31 47
3 34
4 15
10 47
26 34
46 47
0 46
4 9
9 34
15 34
35 31
16 27
46 16
32 16
9 15
47 16
3 7
7 48
19 48
0 19
9 22
22 48
9 43
43 48
0 24
24 48
35 45
45 48
0 8
8 16
9 6
6 46
18 7
8 18
35 11
11 46
32 38
38 48
11 33
33 2
0 35
9 17
17 7
36 27
33 36
20 38
0 20
24 1
8 24
1 48
35 5
5 27
25 48
0 25
38 25
41 32
24 41
35 30
30 48
24 40
40 48
0 14
14 25
21 26
26 40
16 21
0 44
7 25
44 7
47 28
28 27
44 47
8 23
23 28
47 12
12 25
8 13
13 48
12 37
37 25
3 42
42 48
44 3
