32
43
40
4
31
46
5
37
44
28
38
20
18
36
12
48
25
14
8
6
41
9
30
17
21
7
35
47
39
3
11
2
16
78
26 32
32 49
1 18
10 45
47 17
11 15
32 24
26 13
45 33
11 13
39 24
1 47
1 27
1 39
39 42
47 23
15 47
23 35
35 3
42 7
7 35
3 22
29 21
21 3
0 11
27 17
17 3
30 33
1 30
15 21
26 9
9 22
41 9
26 41
6 3
0 6
8 2
0 8
2 22
26 14
14 22
0 25
25 22
2 48
48 49
12 48
6 16
16 12
36 2
11 36
18 2
25 18
0 20
20 48
20 1
26 38
19 48
38 19
13 28
28 48
44 11
0 44
37 49
0 37
14 32
0 5
5 10
46 37
0 46
0 31
31 49
4 49
31 4
7 40
5 7
40 24
43 49
18 43
