47
21
24
48
4
43
42
34
15
20
29
1
16
47
44
46
40
17
22
32
23
26
5
18
35
3
36
30
12
41
45
9
11
8
6
13
31
38
33
14
2
28
25
7
19
27
10
37
101
0 49
37 39
0 37
37 49
0 10
10 49
27 49
0 27
0 19
19 49
0 7
7 49
25 27
0 25
7 28
28 49
0 2
2 49
19 14
14 49
2 33
33 14
19 38
38 49
2 31
31 49
31 13
13 49
33 6
6 49
8 49
33 8
0 11
11 49
39 8
9 39
11 9
45 49
0 45
45 41
41 49
2 12
12 49
30 8
45 30
36 37
37 8
0 36
3 49
37 3
35 3
0 35
18 8
0 18
5 8
0 5
26 3
11 26
23 8
33 23
0 32
32 39
22 32
0 22
13 17
45 13
17 3
22 45
40 3
22 40
46 8
0 46
44 17
22 44
32 47
47 3
47 16
16 44
1 44
22 1
29 49
1 29
20 3
22 20
20 15
15 49
15 34
34 49
33 42
44 33
42 49
43 29
23 43
4 42
0 4
48 39
47 48
24 49
0 24
21 43
0 21
