43
36
11
15
47
43
20
25
39
6
30
45
4
34
32
31
29
33
41
28
35
18
8
26
24
2
42
19
7
23
10
5
12
27
9
22
48
44
46
38
40
21
13
16
98
0 49
0 16
0 1
0 14
0 21
13 21
37 21
21 16
0 13
40 16
0 40
16 1
0 38
38 14
0 46
46 1
44 16
0 44
0 48
48 1
44 22
22 49
13 9
9 49
38 27
27 1
44 12
12 49
5 1
16 5
16 10
10 1
0 23
23 12
16 7
7 1
19 49
1 19
10 17
17 42
42 19
13 2
2 49
7 24
24 19
21 26
26 49
7 8
8 26
8 18
18 40
40 19
12 35
35 19
13 28
28 49
23 41
41 19
33 19
13 33
29 28
0 29
31 19
8 1
5 31
7 32
9 31
32 9
10 34
34 33
21 4
4 49
7 45
45 31
5 4
23 30
30 5
6 49
24 46
46 6
39 21
30 39
21 6
24 25
25 6
10 20
20 49
0 43
43 49
0 47
47 10
23 15
15 49
16 11
11 19
36 49
15 13
21 36
