47
43
30
20
1
41
4
35
15
46
25
27
36
3
37
31
33
26
16
7
44
19
47
42
18
11
9
10
48
6
45
12
14
22
28
29
17
23
24
2
21
5
39
38
13
34
32
40
110
0 49
32 13
0 40
40 49
0 32
32 49
34 49
0 34
13 49
0 13
0 38
38 49
39 13
0 39
5 49
0 5
38 21
21 49
2 49
0 2
24 49
0 24
21 24
23 21
0 23
17 24
0 17
29 49
0 29
28 24
0 28
22 24
0 22
28 14
14 24
12 49
0 12
45 49
0 45
6 22
0 6
48 49
0 48
10 49
0 10
9 12
0 9
11 45
0 11
18 13
13 10
0 18
42 10
0 42
14 10
47 14
0 47
19 28
0 19
0 44
44 42
7 47
0 7
47 38
38 16
16 49
26 24
42 26
44 33
23 10
33 23
0 31
31 49
33 37
37 48
48 16
39 3
44 39
3 49
44 36
36 14
27 3
0 27
18 7
47 25
31 18
25 49
46 16
33 46
13 15
15 49
33 13
36 35
35 49
0 4
4 13
32 41
41 49
36 32
19 1
36 19
1 49
0 20
20 47
47 41
33 30
30 49
17 13
43 17
0 43
