31
22
4
9
14
5
21
27
11
10
31
42
30
8
24
40
37
20
3
18
38
33
2
25
46
45
6
43
19
12
15
39
76
28 23
29 36
15 19
15 37
0 1
13 44
29 13
44 47
23 32
48 49
0 7
6 1
0 6
45 48
44 45
46 28
0 46
1 46
46 25
25 32
46 7
2 32
7 2
33 35
44 33
26 49
33 38
38 26
18 26
33 18
3 32
7 3
19 43
20 48
43 20
6 12
37 19
12 37
17 15
40 39
29 40
39 49
46 23
24 49
40 24
36 40
25 28
12 8
8 33
30 20
6 30
42 40
2 42
31 33
12 31
10 49
39 10
38 18
11 45
30 11
45 38
40 27
27 39
35 38
11 21
21 35
5 38
11 5
14 48
17 14
9 47
0 9
4 42
47 4
0 22
22 48
