47
45
40
24
2
28
47
26
12
19
36
8
7
27
10
42
14
39
15
29
11
6
21
34
35
43
17
38
41
22
30
33
16
25
32
46
9
37
5
23
44
48
18
1
3
20
13
31
109
0 49
31 18
4 18
0 31
31 49
0 13
13 49
0 20
20 49
0 3
3 49
0 1
1 49
18 49
0 18
13 4
48 49
0 48
0 44
44 49
23 49
0 23
0 5
5 49
0 37
37 49
0 9
9 49
0 46
46 49
9 32
32 49
0 25
25 49
16 23
0 16
0 33
33 49
33 30
30 49
33 22
22 49
41 37
33 41
37 32
38 37
33 38
4 31
31 17
22 4
17 32
46 43
41 46
43 49
48 9
35 48
33 35
0 34
34 32
48 21
21 32
35 6
6 49
16 11
11 49
29 6
0 29
0 15
15 49
17 39
39 49
33 14
14 49
33 42
42 49
0 10
10 49
14 27
27 49
0 7
7 49
27 8
8 49
14 21
21 36
36 49
19 8
0 19
12 8
0 12
14 26
26 49
0 47
47 49
12 41
41 28
28 49
9 2
2 49
10 9
24 35
10 24
4 23
23 2
0 40
12 31
40 12
45 49
41 45
