44
30
26
25
4
1
33
7
38
24
32
40
21
19
16
44
5
15
8
23
18
39
28
20
6
31
13
42
45
22
43
36
34
41
29
2
3
35
11
9
37
12
17
27
10
97
0 46
10 14
0 10
10 46
27 46
0 27
17 46
0 17
12 46
0 12
37 46
0 37
0 9
9 46
0 11
11 46
10 35
11 10
35 46
3 46
0 3
11 2
2 46
11 29
29 46
41 46
0 41
34 12
12 41
0 34
36 41
0 36
43 10
35 12
0 43
22 46
0 22
35 45
45 46
37 41
42 37
11 42
13 37
43 13
43 31
27 37
31 27
29 6
6 22
20 45
31 20
28 22
11 28
39 28
0 39
36 18
18 12
23 41
39 23
43 8
8 12
15 37
0 15
31 5
5 34
15 44
44 46
43 16
16 18
19 45
0 19
21 46
11 21
31 40
40 46
32 46
31 32
24 22
0 24
0 38
38 46
7 32
0 7
33 32
38 33
1 33
38 1
39 4
38 39
4 46
25 32
39 25
26 39
0 26
0 30
30 44
44 1
