76
36
7
2
40
44
42
22
38
18
26
28
15
33
47
29
30
21
35
27
32
24
6
41
48
23
16
4
46
10
17
9
11
1
34
19
12
13
25
34
1
1
14
25
25
14
48
46
16
46
27
48
9
27
14
27
48
27
14
47
48
46
27
48
14
19
28
28
4
38
14
27
22
27
38
22
48
205
14 49
45 43
3 25
20 14
39 49
3 1
37 39
39 43
25 45
8 13
39 31
5 12
45 49
0 5
45 8
45 8
45 19
19 14
0 5
0 5
45 49
0 5
12 8
8 45
45 49
0 5
5 12
13 14
0 5
12 8
39 25
45 49
0 5
34 37
5 34
0 5
20 1
1 49
0 5
3 11
0 5
11 49
34 37
39 43
5 34
0 5
0 5
1 49
5 12
9 49
12 9
0 5
0 17
17 49
31 39
3 1
1 31
0 5
39 49
43 39
14 43
39 49
31 39
10 31
0 10
39 49
25 39
0 5
3 25
39 49
25 45
43 39
0 5
46 49
5 12
12 46
0 5
39 49
4 39
5 4
0 5
16 46
46 49
20 16
39 49
37 39
34 37
23 34
0 23
5 48
8 46
46 49
48 8
0 5
20 14
41 31
39 49
31 39
0 41
23 6
39 49
6 31
31 39
0 23
6 45
45 24
23 6
39 49
24 39
0 23
39 49
32 39
0 32
8 46
27 48
0 27
46 49
48 8
43 16
16 46
35 43
46 49
0 35
48 5
5 21
39 49
27 48
0 27
21 37
37 39
30 9
48 30
39 49
9 37
27 48
0 27
37 39
14 49
29 14
0 29
48 47
39 49
47 31
27 48
0 27
31 39
14 49
20 14
0 27
27 33
33 20
48 47
39 49
15 39
27 48
0 27
47 15
46 49
0 28
28 46
26 39
48 3
3 26
39 49
27 48
0 27
14 49
0 18
18 14
38 49
19 38
28 19
0 28
22 39
28 22
39 49
0 28
42 39
39 49
0 42
38 49
4 19
44 4
19 38
27 44
0 27
27 40
40 20
14 49
20 14
0 27
2 22
22 39
27 2
39 49
0 27
38 49
7 38
0 7
22 39
36 48
3 22
48 3
39 49
0 36
