46
22
9
32
34
3
16
38
35
17
1
41
37
29
44
26
13
12
14
24
46
45
20
18
47
42
28
6
27
31
2
10
15
36
5
43
7
33
39
4
23
25
21
8
40
30
19
98
0 48
19 48
0 19
0 30
30 48
40 48
0 40
0 8
8 48
0 21
21 48
25 48
0 25
23 25
0 23
4 48
0 4
23 39
39 48
21 33
33 39
8 7
7 39
43 48
0 43
25 43
5 25
0 5
36 25
8 36
15 43
21 15
36 10
10 25
21 2
2 36
31 15
0 31
31 27
27 43
6 15
0 6
8 28
28 15
8 42
42 25
5 47
47 42
18 43
0 18
8 20
20 48
45 6
0 45
8 46
46 48
28 24
24 48
14 25
0 14
12 43
0 12
13 48
14 13
26 8
12 26
28 13
44 28
12 44
45 29
29 13
37 23
6 37
23 28
12 41
41 48
1 20
45 1
45 17
17 46
14 35
35 48
38 8
0 38
16 27
27 14
38 16
3 20
0 3
34 48
12 34
32 35
0 32
9 42
0 9
42 34
0 22
22 48
