38
35
6
24
12
46
41
42
46
41
46
25
23
46
18
42
46
23
41
42
18
31
47
46
6
34
6
33
4
35
6
5
47
46
5
6
4
6
31
73
0 49
2 49
30 31
4 5
14 15
5 6
4 33
46 47
28 27
17 18
23 42
18 44
41 40
19 41
46 9
13 12
12 11
45 46
46 9
42 43
41 42
45 46
19 41
46 9
45 46
24 25
22 23
23 24
25 26
46 9
45 46
19 18
46 9
42 43
45 46
22 23
23 42
41 40
18 44
46 9
42 41
45 46
22 23
6 7
31 6
32 31
28 27
9 46
47 48
3 35
6 7
35 34
31 6
32 31
34 33
6 7
31 6
33 32
32 31
3 4
3 35
35 36
6 7
37 5
46 47
28 27
47 48
45 46
5 6
6 7
3 4
6 7
31 6
