39
16
13
39
23
47
34
24
33
35
28
20
10
8
42
27
43
21
2
30
46
32
14
12
40
38
36
4
29
45
11
7
41
18
44
1
5
3
26
37
83
15 17
44 5
1 48
0 44
18 17
41 37
41 18
22 37
7 48
19 7
11 48
19 11
45 7
41 45
0 41
18 11
29 25
15 29
22 11
4 11
18 4
3 36
36 31
0 3
41 38
38 48
40 4
0 40
6 36
44 6
0 12
12 7
6 14
14 31
37 1
5 38
32 41
0 32
29 46
46 48
44 29
30 1
3 30
5 26
2 1
26 2
17 21
7 30
21 7
5 43
43 37
27 48
5 27
42 31
26 42
38 8
8 48
0 10
10 3
20 31
0 20
28 42
20 28
22 35
20 22
35 2
26 33
33 48
5 24
24 8
0 34
34 48
47 1
34 47
23 48
0 23
39 48
0 39
34 13
13 1
42 16
16 48
34 20
