46
13
42
29
27
38
11
45
12
24
18
44
26
9
4
6
2
1
30
31
41
22
35
43
32
19
47
37
8
39
7
5
14
23
34
21
20
25
10
3
28
40
33
16
46
36
15
99
0 48
15 36
0 15
15 48
36 48
0 36
0 46
46 48
0 16
16 48
0 33
33 48
40 48
0 40
0 28
28 48
3 48
0 3
10 48
0 10
25 48
0 25
20 25
0 20
21 48
0 21
34 25
20 34
20 23
23 48
0 14
14 48
20 5
5 48
0 7
7 48
7 39
39 48
8 39
0 8
37 48
7 37
47 37
7 47
19 10
7 19
10 37
0 32
32 19
7 43
43 48
32 35
35 39
32 22
22 37
10 41
41 37
7 14
14 31
31 37
39 30
30 37
1 23
23 30
32 1
32 2
2 37
14 6
6 48
0 4
4 6
0 9
9 48
26 46
46 6
39 26
4 39
32 44
44 48
44 18
18 6
24 6
0 24
12 24
2 12
45 6
0 45
32 11
11 37
38 48
0 38
0 27
27 37
0 29
29 37
0 42
42 38
27 13
13 6
