45
23
9
39
40
32
24
22
26
28
8
31
21
19
2
47
34
33
35
6
1
29
30
13
16
18
14
48
44
45
12
46
42
17
36
43
11
3
15
25
10
38
37
5
4
7
95
0 49
5 15
41 4
27 4
4 20
41 5
5 20
0 37
37 20
38 5
0 38
0 10
10 20
38 25
25 20
15 20
0 15
38 3
3 20
25 11
11 49
3 43
43 49
25 36
36 49
0 17
17 49
38 42
42 49
46 49
0 46
12 49
38 12
45 17
17 12
7 45
44 46
0 44
48 44
0 48
14 49
7 14
18 44
7 18
27 44
16 27
0 16
0 13
13 49
18 30
30 49
0 29
29 49
17 1
0 7
1 49
18 6
6 1
35 17
0 35
33 45
29 33
38 34
34 1
38 47
47 49
16 2
2 49
19 2
0 19
7 21
21 49
31 49
0 31
8 49
29 8
28 49
29 28
26 6
30 28
0 26
22 6
0 22
22 24
24 30
6 32
32 8
40 30
0 40
0 39
39 49
9 49
26 9
23 49
0 23
