47
27
23
17
21
48
7
20
26
31
14
22
6
36
33
29
44
41
2
42
13
43
28
5
25
39
46
10
4
11
12
37
1
16
47
35
34
8
38
24
19
9
32
40
3
15
45
18
101
0 49
45 32
0 18
18 49
0 45
45 49
15 49
0 15
3 49
0 3
40 49
0 40
32 49
0 32
9 49
0 9
19 49
0 19
24 49
0 24
32 38
19 32
38 49
8 38
0 8
15 19
34 15
0 34
35 38
0 35
47 49
0 47
16 32
0 16
1 32
0 1
37 38
0 37
0 12
12 38
11 24
12 11
4 24
0 4
45 38
0 10
10 45
46 45
0 46
39 49
37 39
25 39
0 25
46 5
5 49
28 19
19 39
0 28
43 49
0 43
13 19
0 13
12 42
42 39
2 49
25 2
42 25
41 43
12 41
44 41
13 44
46 29
29 39
33 49
0 33
36 39
0 36
12 6
6 25
22 25
0 22
22 14
14 25
0 31
31 42
31 26
26 5
20 2
31 20
7 2
31 7
42 48
48 43
21 49
7 21
17 46
0 17
23 49
31 23
27 39
0 27
