42
43
29
44
10
25
42
12
20
33
28
32
15
11
37
22
7
13
6
40
24
45
46
26
47
30
8
2
27
41
16
19
48
31
21
9
4
39
14
18
34
5
23
90
1 36
0 3
38 3
23 1
0 23
5 36
0 5
34 36
0 34
18 36
0 18
14 17
0 14
39 17
0 39
5 4
4 49
34 9
9 49
23 21
21 17
31 17
18 31
48 17
0 48
5 19
19 17
36 16
16 49
18 41
41 49
27 17
18 27
2 49
0 2
8 21
0 8
30 17
0 30
18 47
47 17
0 26
26 17
26 46
46 49
18 45
45 49
26 24
24 49
40 49
0 40
26 31
31 6
6 49
18 13
13 49
0 7
7 49
22 24
0 22
7 21
21 37
37 49
22 11
11 49
0 15
15 49
32 49
22 32
24 28
28 49
11 33
33 49
7 20
20 49
15 12
12 49
42 49
0 42
22 25
25 49
10 32
0 10
44 46
46 20
0 44
29 33
0 29
0 43
43 33
