42
4
15
37
24
17
33
11
25
2
22
19
32
21
18
1
39
40
13
42
14
34
36
29
35
16
28
6
31
10
20
23
7
43
27
30
8
26
12
3
9
41
5
94
0 44
5 44
0 5
41 44
0 41
9 44
0 9
0 3
3 9
3 12
12 44
0 26
26 44
3 8
8 12
5 30
26 5
30 44
27 5
26 27
0 43
43 44
7 9
0 7
23 9
26 23
26 20
20 44
0 10
10 44
31 43
0 31
6 9
0 6
28 44
0 28
0 16
38 28
16 38
10 35
35 28
0 29
29 44
0 36
36 44
0 34
34 44
0 14
14 44
0 42
42 44
13 44
42 8
8 13
40 43
43 13
42 40
36 39
39 44
1 44
42 1
31 18
29 31
18 44
21 30
30 13
0 21
21 5
32 13
5 32
16 19
41 13
19 41
22 13
30 22
2 41
0 2
5 25
25 44
0 11
11 41
33 44
11 33
16 17
17 32
24 25
42 24
8 37
11 8
37 44
16 15
15 44
17 4
4 25
