47
22
40
33
37
31
5
20
35
8
24
47
30
17
15
18
26
1
3
44
6
10
25
12
16
11
39
19
23
27
41
45
4
36
42
2
14
46
28
38
48
32
7
9
13
43
34
29
102
0 49
29 49
0 29
0 34
34 49
0 43
43 49
0 13
13 49
0 9
9 49
9 7
7 49
9 21
21 32
32 49
13 29
48 13
29 32
0 48
38 49
0 38
28 32
0 28
28 46
46 49
14 32
0 14
46 2
2 49
0 42
42 49
36 32
0 36
46 4
4 49
0 45
45 49
41 4
0 41
27 49
28 27
46 23
23 27
28 19
19 27
36 39
39 49
41 11
11 27
16 49
0 16
36 12
12 49
34 12
41 25
25 34
19 10
10 12
10 6
6 49
44 34
28 44
28 3
3 49
1 12
0 1
26 12
0 26
26 18
18 34
15 39
0 15
17 3
39 17
15 30
30 49
47 44
18 47
15 24
24 49
8 49
18 8
26 35
35 49
20 49
0 20
18 5
5 49
31 49
18 31
28 31
26 38
37 10
38 37
33 28
0 33
40 49
0 40
22 42
42 46
0 22
