44
6
22
27
8
37
28
33
4
19
21
14
30
2
43
42
15
18
20
25
17
34
32
29
24
23
38
31
36
26
46
9
3
13
16
7
11
1
41
47
44
40
12
48
5
93
0 49
48 49
12 35
39 12
5 40
40 49
10 44
44 49
40 48
47 48
5 47
10 41
41 49
1 35
12 47
0 1
10 11
11 49
7 47
10 7
5 16
16 49
11 13
13 48
3 49
0 3
9 13
0 9
46 48
0 46
46 26
26 48
0 36
36 49
31 49
0 31
38 49
0 38
46 23
23 49
46 24
24 48
11 38
46 29
29 11
32 11
0 32
34 49
0 34
17 48
32 17
25 49
0 25
20 25
36 20
18 38
0 18
15 38
0 15
15 42
42 48
5 24
24 43
15 5
43 48
2 43
0 2
30 38
0 30
14 25
0 14
15 21
21 49
19 48
0 19
4 49
0 4
33 49
24 33
28 4
0 28
1 39
39 43
37 1
0 37
35 8
8 49
0 27
27 33
22 24
37 22
0 6
6 33
