69
48
1
40
14
8
43
25
23
23
23
23
25
23
25
23
43
43
8
43
8
43
14
8
43
14
8
40
14
8
40
14
8
40
14
8
40
14
8
40
14
8
40
29
14
40
27
14
29
40
27
29
40
27
29
40
27
29
40
27
29
40
27
29
40
27
29
40
27
1
388
0 49
0 1
11 13
11 12
5 7
5 6
29 30
33 34
29 31
27 28
27 29
17 19
38 40
38 39
33 35
46 47
19 21
17 18
20 22
9 10
30 32
34 36
15 16
2 4
3 4
44 45
31 32
18 20
35 37
36 37
35 37
18 20
35 37
31 32
18 20
35 37
44 45
31 32
18 20
35 37
44 45
31 32
18 20
35 37
2 4
44 45
31 32
18 20
35 37
15 16
2 4
23 24
44 45
21 23
31 32
18 20
35 37
15 16
2 4
23 24
44 45
21 23
36 37
31 32
18 20
34 36
15 16
2 4
23 24
44 45
21 23
36 37
18 20
30 32
25 26
34 36
15 16
2 4
23 25
44 45
21 23
36 37
18 20
30 32
25 26
34 36
15 16
2 4
23 25
44 45
21 23
36 37
18 20
43 45
9 10
30 32
25 26
34 36
15 16
2 4
23 25
21 23
36 37
18 20
41 43
43 45
9 10
30 32
34 36
15 16
2 4
36 37
18 20
41 43
20 22
43 45
30 32
34 36
8 10
15 16
2 4
6 8
36 37
18 20
41 43
20 22
43 45
30 32
34 36
8 10
2 4
6 8
36 37
18 20
41 43
12 14
20 22
43 45
30 32
34 36
14 16
8 10
2 4
6 8
36 37
18 20
41 43
12 14
43 45
30 32
25 26
34 36
14 16
8 10
2 4
23 25
21 23
6 8
36 37
41 43
19 21
12 14
39 40
40 42
43 45
30 32
25 26
34 36
14 16
8 10
42 43
2 4
23 25
21 23
6 8
36 37
19 21
12 14
39 40
40 42
30 32
25 26
34 36
14 16
8 10
2 4
23 25
21 23
6 8
36 37
46 47
19 21
12 14
39 40
40 42
30 32
25 26
14 16
8 10
2 4
23 25
21 23
6 8
35 37
46 47
19 21
12 14
39 40
40 42
30 32
25 26
34 36
14 16
8 10
2 4
23 25
21 23
6 8
46 47
19 21
12 14
40 42
30 32
25 26
34 36
14 16
8 10
2 4
23 25
21 23
6 8
38 40
46 47
19 21
12 14
40 42
30 32
25 26
34 36
14 16
8 10
2 4
23 25
21 23
6 8
17 19
38 40
46 47
19 21
12 14
40 42
30 32
25 27
34 36
14 16
8 10
29 28
2 4
23 25
21 23
6 8
17 19
38 40
46 47
19 21
12 14
40 42
30 32
25 27
34 36
14 16
8 10
2 4
23 25
21 23
6 8
27 29
17 19
38 40
46 47
19 21
12 14
40 42
25 27
34 36
14 16
8 10
2 4
23 25
21 23
6 8
31 32
29 31
27 29
17 19
38 40
46 47
19 21
12 14
40 42
25 27
34 36
14 16
8 10
2 4
23 25
21 23
6 8
27 29
17 19
38 40
46 47
19 21
12 14
40 42
30 32
25 27
34 36
14 16
8 10
2 4
23 25
21 23
6 8
29 30
27 29
17 19
38 40
46 47
19 21
12 14
40 42
30 32
25 27
34 36
14 16
8 10
23 25
21 23
6 8
29 30
27 29
17 19
38 40
46 47
19 21
12 14
40 42
9 10
30 32
25 27
34 36
14 16
23 25
21 23
5 7
29 30
27 29
17 19
38 40
46 47
19 21
12 14
40 42
30 32
25 27
34 36
14 16
23 25
21 23
5 7
29 30
27 29
17 19
38 40
46 47
19 21
40 42
30 32
25 27
34 36
23 25
21 23
2 1
1 49
1 49
0 48
48 49
