39
36
15
27
47
31
46
20
34
41
30
17
33
19
16
7
14
45
11
22
43
2
6
5
4
44
9
10
26
29
12
38
1
18
32
21
42
48
23
39
89
0 49
39 48
0 23
48 32
0 42
8 21
18 21
32 49
28 49
24 49
35 32
0 18
18 28
1 32
0 3
3 1
21 1
38 49
48 38
12 24
18 12
42 38
29 28
0 29
26 1
0 26
10 24
0 10
0 48
9 37
21 9
23 8
44 1
0 44
9 4
4 32
42 39
5 49
0 5
6 49
0 6
2 32
0 2
18 43
43 49
0 22
22 49
11 43
10 11
6 11
45 6
23 45
14 11
0 14
0 7
7 49
23 16
16 49
0 19
19 49
33 49
21 33
17 14
11 33
0 17
8 30
30 11
41 21
4 41
16 4
26 34
2 26
16 2
34 21
20 11
2 20
16 46
46 49
31 28
28 33
0 31
0 47
47 49
27 49
2 27
0 15
15 33
36 33
0 36
