47
8
2
40
20
14
22
7
33
45
37
15
41
21
6
24
5
16
1
17
39
11
31
10
13
29
25
46
12
43
48
19
3
18
27
28
9
44
42
4
26
30
47
32
34
36
35
23
102
0 49
32 34
35 36
0 23
23 49
0 35
35 49
36 49
0 36
34 49
0 34
0 32
32 49
47 49
0 47
30 32
0 30
26 49
0 26
4 26
30 4
42 49
0 42
30 44
44 49
9 49
0 9
28 9
0 28
44 27
27 49
18 47
47 44
0 18
18 3
3 26
19 49
0 19
48 49
0 48
47 43
43 49
48 12
12 49
46 12
0 46
25 49
0 25
0 29
42 48
29 42
0 13
13 12
29 10
10 12
31 12
29 31
11 12
29 11
39 12
0 39
25 17
17 12
1 12
29 1
16 17
0 16
0 5
5 42
0 24
24 12
6 27
29 6
21 39
24 9
9 21
24 10
41 39
10 41
15 35
35 17
0 15
24 37
37 48
45 12
24 45
33 48
24 33
24 7
7 48
22 48
0 22
29 14
14 49
24 20
20 48
40 49
24 40
2 12
0 2
8 49
0 8
