32
1
47
18
11
27
4
22
42
33
24
31
14
6
25
39
29
10
28
7
43
15
26
36
16
19
21
45
23
30
46
41
38
87
4 21
44 21
43 9
2 43
19 24
29 49
20 45
20 38
0 2
23 12
41 49
46 44
23 30
19 9
40 32
44 9
26 19
7 45
21 19
16 36
43 44
13 15
35 15
26 15
13 7
38 3
5 43
43 30
46 7
7 8
28 15
15 44
5 28
28 26
28 35
36 7
0 16
38 10
10 8
19 2
45 21
29 17
23 29
0 23
29 40
29 21
38 39
39 49
25 9
0 25
30 39
6 17
17 39
0 6
25 46
38 41
14 10
0 14
48 31
31 23
24 49
16 24
34 24
25 20
45 24
33 39
2 33
42 41
48 42
0 22
22 41
0 4
4 49
27 49
2 27
43 4
11 41
22 11
23 11
18 48
0 18
42 11
9 42
2 47
47 29
1 41
0 1
