80
5
35
6
7
8
15
16
17
19
25
26
27
28
36
37
38
14
40
13
40
12
40
11
40
33
11
40
32
11
40
31
11
40
30
11
40
24
30
11
22
30
11
21
30
11
20
30
11
20
30
20
30
20
40
36
20
36
20
36
20
36
20
25
36
25
36
25
36
20
25
15
20
15
20
15
20
6
40
35
40
201
20 29
21 29
22 29
24 29
29 30
29 31
29 32
29 33
11 18
12 18
13 18
14 18
9 14
39 40
40 49
9 13
39 40
40 49
9 12
39 40
40 49
9 11
39 40
40 49
11 18
33 39
9 11
39 40
40 49
11 18
32 39
9 11
39 40
40 49
11 18
31 39
9 11
39 40
40 49
11 18
30 39
9 11
39 40
40 49
18 24
29 30
11 18
30 39
9 11
39 40
40 49
18 22
29 30
11 18
30 39
9 11
39 40
40 49
18 21
29 30
11 18
30 39
9 11
39 40
40 49
18 20
29 30
11 18
30 39
9 11
39 40
40 49
20 29
18 20
29 30
11 18
30 38
9 11
38 40
40 49
20 29
18 20
29 30
11 18
30 37
9 11
37 40
40 49
20 29
18 20
29 30
11 18
30 36
9 11
36 40
40 49
20 28
18 20
28 30
11 18
30 36
9 11
36 40
40 49
20 27
18 20
27 30
11 18
30 36
9 11
36 40
40 49
20 26
18 20
26 31
11 18
31 36
9 11
36 40
40 49
20 25
18 20
25 30
11 18
30 36
9 11
36 40
40 49
20 25
19 20
25 30
10 19
30 36
36 40
40 49
20 25
17 20
25 30
10 17
30 36
36 40
40 49
20 25
16 20
25 30
10 16
30 36
36 40
40 49
20 25
15 20
25 30
10 15
30 36
36 40
40 49
20 25
15 20
25 30
10 15
30 36
8 10
36 40
0 8
40 49
20 25
15 20
25 30
10 15
30 36
7 10
36 40
0 7
40 49
20 25
15 20
25 30
10 15
30 36
6 10
36 40
0 6
40 49
20 25
15 20
25 30
10 15
30 35
6 10
35 40
0 6
40 49
20 25
15 20
25 30
10 15
30 35
5 10
35 40
0 5
40 49
