41
1
22
44
39
35
21
45
37
25
30
47
26
18
19
8
23
34
11
10
16
9
24
38
29
46
32
15
12
48
33
43
20
28
4
27
31
3
14
13
17
36
100
0 49
0 41
36 7
0 5
0 6
13 7
0 36
0 40
0 42
17 6
6 5
2 40
0 13
13 42
0 14
14 7
0 17
42 14
36 6
40 3
3 5
6 31
31 5
36 27
27 5
4 5
0 4
0 28
28 41
0 20
20 41
42 43
43 41
0 33
33 49
36 48
48 41
43 12
12 49
0 15
15 33
33 31
31 48
48 32
32 49
0 46
46 49
0 29
29 41
38 41
33 38
15 40
40 24
24 49
9 38
15 9
15 16
16 49
42 10
10 49
40 11
11 49
31 34
34 49
0 23
23 49
8 49
40 8
19 2
29 19
2 8
18 4
46 18
4 2
4 26
26 8
0 47
47 49
33 30
47 33
30 8
31 25
25 49
18 37
37 49
47 45
45 49
21 49
46 21
35 49
9 35
39 21
40 39
0 44
44 49
0 22
22 49
1 49
38 1
22 38
