233
41
58
7
56
59
33
28
45
51
48
86
53
62
70
68
87
90
47
12
61
1
85
6
42
78
20
91
23
63
92
82
27
13
9
54
15
4
89
73
36
18
77
50
3
29
88
39
5
74
81
34
25
71
30
83
66
80
55
52
38
14
21
10
75
2
8
64
31
72
72
76
72
2
75
2
75
11
2
16
11
21
19
16
76
2
21
40
11
21
16
22
76
22
16
76
38
22
16
75
55
75
76
66
38
22
66
80
14
55
66
80
66
19
80
75
75
25
21
21
88
74
3
74
29
50
2
25
3
3
3
3
15
4
25
15
3
66
34
19
16
88
54
89
15
27
19
34
89
39
27
89
15
13
16
4
15
27
18
89
4
22
16
15
16
15
76
34
16
15
15
18
78
29
2
78
2
15
78
15
63
22
16
89
1
18
78
16
75
34
15
25
15
81
90
25
75
90
85
15
70
92
61
89
15
68
4
90
85
87
81
90
25
48
15
90
75
25
34
51
28
34
28
90
25
33
51
28
29
82
28
19
34
87
382
14 55
17 67
57 44
22 38
22 65
22 84
49 40
24 57
76 16
19 11
11 60
67 32
65 60
35 76
8 17
32 57
17 72
72 57
31 32
69 31
32 57
17 72
72 57
64 17
40 64
37 8
8 46
40 2
2 60
17 72
72 57
37 8
69 2
76 44
2 60
8 17
17 72
72 57
37 8
35 75
75 67
40 2
2 60
65 60
35 75
75 67
32 57
10 2
37 10
2 60
35 75
75 67
40 11
16 2
21 16
2 60
0 21
11 60
21 24
24 19
0 21
35 76
16 2
2 60
65 60
21 24
0 21
11 60
21 49
40 11
0 21
76 16
16 22
35 76
76 16
16 22
35 76
65 60
37 14
14 79
37 38
38 79
37 52
52 79
76 16
16 22
35 76
38 79
35 75
55 43
75 55
80 75
55 43
75 55
0 80
35 76
44 66
66 43
76 44
22 38
76 16
16 22
35 76
44 66
38 57
66 43
80 17
66 43
67 66
0 80
37 14
55 43
83 44
17 83
80 17
44 66
66 43
0 80
30 43
35 30
21 71
19 66
71 19
66 43
0 21
75 25
80 75
25 43
0 80
34 75
35 34
75 25
25 43
35 81
81 43
74 43
0 74
21 5
5 93
0 21
21 39
39 43
0 21
88 43
0 88
57 24
24 29
88 57
0 88
29 93
3 93
74 3
0 74
50 74
3 93
74 3
0 50
2 29
50 77
77 2
0 50
29 93
18 32
32 25
0 18
3 93
25 3
46 3
36 46
3 93
0 36
46 3
0 73
3 93
73 46
89 93
0 89
4 93
0 4
46 3
0 15
3 93
15 46
15 79
0 15
54 4
79 54
4 93
25 9
9 3
0 15
32 25
15 32
3 93
34 19
19 66
15 16
13 4
0 15
16 34
66 13
4 93
54 88
88 27
15 79
0 15
89 93
27 89
79 54
34 19
57 24
19 82
15 16
82 57
24 27
0 15
16 34
89 93
27 89
15 92
39 43
0 15
92 39
89 93
43 27
27 89
22 65
65 63
15 16
13 4
63 49
49 13
0 15
16 22
4 93
18 23
89 93
27 89
0 18
23 27
22 65
15 16
65 91
91 4
0 15
16 22
4 93
15 16
76 20
16 76
0 15
20 93
78 93
15 16
0 15
16 34
34 78
0 15
15 42
42 93
24 29
6 24
29 2
78 93
18 6
0 18
2 78
85 2
78 93
79 85
15 79
0 15
2 78
78 93
0 15
15 1
1 78
63 72
22 65
65 63
72 61
61 89
15 16
0 15
16 22
89 93
18 12
12 1
78 93
0 18
1 78
34 75
15 16
75 47
47 93
0 15
16 34
90 93
25 90
0 15
32 25
15 32
34 75
90 93
25 90
0 87
81 35
87 81
35 34
75 25
90 93
68 90
85 68
79 85
15 79
0 15
70 93
0 70
62 70
70 93
0 62
53 61
15 92
61 89
92 53
0 15
89 93
86 13
15 86
4 85
90 93
68 90
13 4
85 68
0 15
48 93
0 48
35 51
90 93
25 90
0 87
81 35
51 25
87 81
45 48
15 45
48 93
0 15
34 75
90 93
25 90
0 28
28 34
75 25
33 93
35 51
51 33
0 28
28 34
34 35
90 93
25 90
0 28
59 25
28 59
29 51
33 93
28 56
51 33
0 28
56 29
34 19
19 82
7 93
0 28
28 34
82 7
58 93
0 58
41 93
0 87
87 41
