236
49
76
60
50
29
16
83
85
9
52
69
46
31
38
2
17
7
63
64
72
20
47
93
91
10
4
95
13
22
41
84
45
48
39
57
94
77
18
11
98
81
28
36
59
27
43
90
21
96
5
55
86
70
26
53
6
74
68
71
19
73
79
40
62
87
78
32
66
34
12
97
23
3
88
30
51
56
37
25
42
33
61
1
54
8
65
44
35
14
80
58
24
67
75
89
82
15
89
89
33
33
12
37
32
12
65
34
80
87
62
32
1
87
19
78
32
68
62
74
53
19
68
14
78
68
58
74
97
55
19
19
70
19
86
71
56
58
70
14
19
68
70
1
70
6
68
59
28
35
96
19
28
68
43
19
96
19
58
74
30
94
74
21
94
61
19
21
19
94
19
58
56
94
74
84
94
22
1
59
68
94
22
1
59
59
68
22
59
41
22
43
22
19
14
22
74
40
27
68
22
22
74
58
56
74
58
22
74
7
94
7
68
94
17
58
74
31
91
68
68
27
68
68
68
2
9
2
9
85
2
22
36
85
68
22
68
362
0 99
24 89
15 99
0 15
0 82
82 99
89 99
0 89
75 99
0 75
0 67
67 99
24 99
0 24
89 99
0 24
0 58
58 99
80 99
0 80
24 89
14 24
89 99
0 14
0 35
35 99
44 99
0 44
0 65
65 99
8 58
0 8
58 99
54 99
0 54
24 89
1 24
0 1
89 99
61 99
0 61
33 89
0 33
89 99
1 42
0 1
42 99
25 42
65 25
42 99
0 65
8 37
37 99
0 8
89 56
33 89
0 33
56 99
1 51
51 37
37 99
0 1
30 37
33 30
37 99
0 33
88 54
33 88
54 99
0 33
1 3
3 54
54 99
0 1
0 23
23 99
97 37
37 99
0 97
33 89
89 12
12 99
0 33
34 99
0 34
33 66
66 99
0 33
32 12
12 99
0 32
78 37
32 78
37 99
0 32
87 12
12 99
0 87
34 65
65 62
62 99
0 34
87 61
40 62
61 80
80 40
62 99
0 87
79 62
32 79
62 99
0 32
1 73
73 99
0 1
19 99
0 19
87 71
19 99
71 19
0 87
68 99
32 78
78 68
0 32
74 99
0 74
68 99
6 68
0 6
62 74
53 62
74 99
0 53
53 26
19 99
26 19
0 53
68 99
70 14
14 68
0 70
68 99
71 78
86 71
78 68
0 86
58 74
74 99
55 58
0 55
5 19
19 99
55 97
97 5
0 55
19 99
96 19
0 96
21 19
19 99
70 21
0 70
71 90
90 56
56 58
58 74
86 71
74 99
0 86
43 19
70 14
19 99
14 43
0 70
68 99
27 68
70 27
0 70
1 59
70 1
59 99
0 70
68 99
36 6
6 68
0 36
59 99
28 59
0 28
81 96
35 81
28 35
19 99
96 19
0 28
68 99
28 98
98 68
0 28
43 19
11 43
19 99
0 11
19 99
96 19
18 96
0 18
77 99
0 77
58 74
74 99
94 58
0 94
94 57
30 74
57 30
74 99
0 94
39 21
21 19
19 99
61 39
94 61
0 94
48 21
21 19
19 99
0 48
45 19
19 99
94 45
0 94
94 84
56 58
58 74
84 56
74 99
0 94
94 84
84 41
41 99
0 94
0 22
22 99
13 1
1 59
0 22
59 99
22 13
68 99
94 95
95 68
0 94
4 1
1 59
0 22
59 99
22 4
10 59
59 99
0 10
68 99
91 68
0 91
93 59
0 22
59 99
22 93
47 41
0 22
22 47
41 99
20 14
43 19
22 20
19 99
0 22
14 43
0 22
22 72
72 74
74 99
68 99
22 64
64 40
0 22
40 27
27 68
63 74
0 22
22 63
74 99
56 58
58 74
7 56
0 7
74 99
17 58
58 74
22 17
0 22
74 99
2 99
7 94
0 7
94 2
68 99
38 68
94 38
7 94
0 7
17 58
31 17
58 74
0 31
74 99
68 99
46 91
91 68
0 31
31 46
68 99
69 68
0 69
68 99
52 27
0 52
27 68
68 99
0 9
9 68
68 99
0 85
85 68
2 99
0 9
9 83
83 2
2 99
0 9
9 16
16 2
85 92
29 99
0 85
92 29
50 2
2 99
22 50
0 22
36 60
60 99
85 36
0 85
68 99
0 76
76 68
68 99
49 68
22 49
0 22
