210
6
89
94
21
37
39
96
97
61
3
79
14
57
5
92
19
11
9
81
20
67
16
49
44
76
85
22
10
47
1
59
46
82
65
53
23
34
64
83
18
80
50
86
33
55
88
63
66
72
77
26
30
90
15
91
32
69
13
8
27
45
41
2
73
43
62
70
25
71
35
38
17
87
54
31
75
98
4
7
93
4
98
75
84
54
87
87
68
75
7
4
4
4
93
93
7
25
2
43
43
75
2
4
38
41
2
43
84
32
15
7
15
31
30
31
15
32
77
72
17
77
71
77
15
32
43
15
7
2
55
77
43
72
77
77
2
15
32
2
18
64
15
32
75
65
15
32
75
82
15
32
75
2
2
88
77
34
35
23
22
68
77
23
16
55
31
22
68
75
20
65
75
20
38
49
77
13
19
20
38
92
49
69
77
57
20
34
20
47
3
34
79
20
68
91
92
71
47
14
76
68
91
92
47
20
68
92
75
60
75
353
0 99
75 99
68 99
78 12
42 99
54 28
84 99
58 99
98 51
56 36
28 99
95 93
7 12
0 7
7 12
4 7
0 4
93 99
7 12
4 7
0 4
7 12
4 7
0 4
40 98
98 24
75 24
78 75
56 36
40 98
31 99
75 24
24 31
78 75
75 24
78 75
54 99
74 54
74 84
28 99
74 54
31 99
40 87
48 31
87 48
40 87
87 42
0 17
17 99
42 99
7 38
38 99
4 7
0 4
35 99
0 35
71 99
0 71
40 87
87 68
78 75
7 25
25 99
4 7
0 4
4 70
0 4
70 99
62 99
0 4
4 62
95 93
0 43
93 99
43 95
73 93
93 99
0 73
7 25
0 2
2 7
25 99
2 41
42 99
0 2
41 42
43 45
0 43
45 99
75 99
0 43
27 75
43 27
75 99
2 4
4 8
8 75
0 2
13 38
0 13
38 99
68 99
41 36
2 41
36 69
69 68
0 2
58 99
43 32
0 43
32 58
91 84
84 99
0 91
15 32
58 99
0 15
32 58
90 84
15 7
7 90
84 99
0 15
30 31
15 30
31 99
0 15
26 30
43 26
30 31
31 99
0 43
15 32
77 42
42 99
32 77
0 15
77 42
72 77
42 99
0 72
77 42
72 77
66 17
17 72
42 99
0 66
32 63
63 71
15 32
77 42
42 99
71 77
0 15
42 99
88 42
0 88
55 42
42 99
0 43
43 55
33 28
7 33
15 7
28 99
0 15
55 42
2 86
42 99
86 55
0 2
77 42
43 50
42 99
50 77
0 43
80 72
77 42
72 77
42 99
0 80
0 18
18 99
2 83
77 42
42 99
83 77
0 2
64 42
42 99
0 64
32 34
15 32
34 99
0 15
2 23
23 99
0 2
18 53
53 64
64 42
42 99
0 18
15 32
32 65
75 99
65 75
0 15
32 82
15 32
82 65
75 99
65 75
0 15
32 82
82 46
15 32
75 99
46 75
0 15
2 59
59 58
58 99
0 2
2 1
1 58
58 99
0 2
47 99
88 47
0 88
77 42
10 77
42 99
0 10
12 34
22 12
0 22
34 99
35 85
22 35
85 23
23 99
0 22
68 99
76 68
0 76
44 28
28 99
0 44
49 77
77 42
42 99
0 49
16 23
23 99
0 16
67 55
55 42
16 67
42 99
0 16
0 20
20 31
31 99
68 99
22 81
81 68
0 22
75 99
9 75
0 9
11 65
75 99
0 20
65 75
20 11
19 42
38 19
0 20
20 38
42 99
49 77
0 92
77 42
42 99
92 49
13 5
5 38
20 13
19 42
38 19
0 20
42 99
0 92
92 57
57 99
49 77
69 49
14 69
77 42
42 99
0 14
20 79
79 57
0 20
57 99
3 34
0 3
34 99
20 61
47 99
0 20
61 47
3 34
97 58
34 97
0 3
58 99
79 96
68 99
20 79
0 20
96 68
45 71
71 39
91 47
47 99
39 91
0 92
92 45
14 37
68 99
37 76
76 68
0 14
21 91
91 47
47 99
0 92
92 21
68 99
20 94
0 20
94 68
92 60
60 89
0 92
75 99
89 75
0 6
75 99
6 75
