151
4
23
93
5
29
36
62
91
33
10
27
86
46
53
53
53
86
27
80
27
80
57
58
65
59
84
27
86
27
57
58
65
59
80
27
57
58
65
59
57
58
59
27
11
9
11
27
57
58
53
59
80
27
53
27
85
86
27
40
85
86
92
57
42
58
60
62
46
57
42
58
80
91
53
92
27
15
91
14
85
16
14
91
16
85
86
53
33
27
15
91
16
85
86
7
9
14
11
8
53
33
27
7
14
6
8
12
15
36
16
13
27
7
9
14
11
12
57
55
56
19
56
91
90
56
92
57
59
58
55
56
90
92
56
27
29
3
6
27
19
17
19
9
7
5
3
56
23
19
2
2
425
0 2
0 99
1 99
97 99
0 98
21 19
9 56
18 19
17 19
90 92
59 25
56 90
43 19
55 57
9 7
38 36
12 6
71 69
7 82
15 13
53 71
16 14
15 14
78 80
49 47
38 85
75 77
50 76
11 9
68 66
70 68
79 80
69 67
81 82
83 84
58 57
96 98
80 82
75 76
75 74
73 74
73 72
95 96
54 56
44 42
49 48
26 25
76 77
76 77
26 25
76 77
53 51
54 53
49 48
26 25
76 77
53 51
54 53
49 48
26 25
76 77
44 42
48 46
46 44
53 51
54 53
49 48
26 25
76 77
26 25
76 77
54 56
26 25
76 77
95 96
54 56
26 25
76 77
95 96
54 56
26 25
76 77
95 96
54 56
26 25
76 77
95 96
54 56
26 25
76 77
75 76
86 87
85 86
95 96
54 56
26 25
76 77
27 25
75 76
86 87
28 27
85 86
95 96
54 56
76 77
27 25
75 76
81 80
28 27
95 96
54 56
76 77
80 82
27 25
75 76
81 80
28 27
95 96
54 56
76 77
96 98
57 24
65 63
59 58
63 59
67 65
95 96
54 56
96 98
27 25
75 76
84 86
86 87
28 27
95 96
54 56
76 77
96 98
27 25
75 76
28 27
95 96
54 56
76 77
58 57
96 98
57 24
65 63
59 58
63 59
67 65
95 96
54 56
96 98
80 82
27 25
75 76
28 27
95 96
54 56
76 77
58 57
96 98
57 24
65 63
59 58
63 59
67 65
95 96
54 56
70 68
58 57
96 98
57 24
59 58
63 59
95 96
54 56
96 98
27 25
10 8
11 10
28 27
13 11
95 96
54 56
96 98
27 25
9 8
28 27
13 11
95 96
54 56
68 66
70 68
74 73
58 57
96 98
57 24
53 51
59 58
54 53
63 59
95 96
50 76
79 80
96 98
80 82
27 25
53 51
54 53
76 75
28 27
95 96
96 98
27 25
86 87
28 27
85 86
95 96
54 56
96 98
27 25
33 35
40 33
28 27
95 96
42 40
54 56
38 85
87 91
96 98
86 87
85 86
91 92
54 56
58 57
42 62
41 42
96 98
57 24
62 60
60 58
95 96
54 56
47 46
44 42
58 57
42 62
96 98
57 24
46 44
53 51
54 53
62 60
60 58
95 96
50 76
89 91
96 98
80 82
53 51
92 94
54 53
91 92
37 36
36 35
96 98
27 25
28 27
95 96
54 56
16 15
38 85
87 91
96 98
92 94
14 13
18 16
86 87
85 86
91 92
38 85
87 91
96 98
92 94
14 13
18 16
86 87
85 86
91 92
96 98
27 25
33 35
54 53
70 33
28 27
95 96
16 15
38 85
87 91
96 98
92 94
18 16
86 87
85 86
91 92
11 9
12 11
89 91
16 14
96 98
8 7
92 94
9 8
18 16
14 12
91 92
53 71
96 98
27 25
33 35
54 53
70 33
28 27
95 96
7 82
89 91
16 14
96 98
8 7
92 94
6 8
18 16
14 12
91 92
15 13
16 15
36 35
96 98
27 25
18 16
28 27
95 96
13 38
7 82
11 9
12 11
89 91
16 14
96 98
92 94
18 16
14 12
91 92
96 98
57 24
56 55
95 96
54 56
96 98
54 56
56 39
19 96
96 98
92 94
90 91
91 92
54 56
55 57
57 58
96 98
58 59
56 55
95 96
54 56
56 90
96 98
92 94
54 56
96 98
29 27
27 25
20 29
95 96
3 5
5 6
31 29
96 98
29 27
1 3
27 25
6 34
95 96
96 98
18 17
19 96
96 98
93 95
20 93
95 96
96 98
19 96
7 9
90 92
3 5
5 7
56 90
96 98
1 3
92 94
96 98
0 23
23 24
95 96
96 98
0 23
23 21
19 96
1 2
2 4
4 99
0 98
1 99
2 1
