168
66
20
9
6
13
21
14
36
71
54
43
48
15
32
64
73
28
26
44
65
40
16
38
46
33
17
58
42
37
23
11
30
18
25
8
31
57
59
35
1
49
69
2
19
12
47
39
24
10
56
7
4
61
55
62
60
5
67
3
51
45
29
52
70
53
34
27
72
68
63
41
22
47
3
27
47
61
47
3
19
7
47
7
69
52
69
52
47
7
69
52
31
68
47
7
31
7
49
7
47
7
30
7
47
7
7
47
7
7
46
46
55
7
18
46
31
40
17
7
46
40
16
55
7
40
44
69
17
40
53
58
16
25
7
32
73
67
16
7
32
15
16
7
46
40
32
5
28
61
65
32
46
71
15
32
16
28
36
12
40
28
5
32
12
28
55
53
32
287
0 74
0 22
22 74
0 41
41 74
63 74
0 63
0 68
68 74
0 72
72 74
68 27
0 68
27 74
34 74
0 34
50 68
68 34
53 50
0 53
34 74
53 70
0 53
70 74
53 52
0 53
52 74
0 29
29 74
53 45
0 53
45 74
0 51
51 74
53 3
3 74
0 53
51 67
67 3
0 51
3 74
51 5
5 3
0 51
3 74
0 60
60 74
62 41
41 5
5 3
0 62
3 74
0 55
55 74
61 5
5 3
0 61
3 74
4 3
0 4
3 74
0 7
7 55
55 74
0 7
7 56
56 74
41 10
0 7
7 41
10 74
0 7
7 24
24 74
0 7
39 3
7 39
3 74
47 60
41 10
0 7
7 47
60 41
10 74
12 5
0 7
7 47
47 12
5 3
3 74
47 60
27 19
0 7
7 47
60 27
19 3
3 74
47 60
61 5
60 2
2 61
0 7
7 47
5 3
3 74
0 69
69 3
3 74
0 7
7 49
19 3
49 19
3 74
47 60
0 7
7 47
60 1
1 74
69 52
52 35
0 69
35 74
69 52
52 59
0 69
59 74
47 60
27 57
0 7
7 47
60 27
57 74
69 52
52 31
0 69
31 74
68 31
7 8
50 68
0 7
8 50
31 74
0 7
47 25
7 47
25 74
0 7
18 31
7 18
31 74
0 7
7 49
49 30
30 74
0 11
11 74
0 7
47 23
7 47
23 74
7 37
0 7
37 30
30 74
0 7
7 47
47 42
42 74
58 74
0 58
0 7
7 17
17 74
47 33
0 7
7 47
33 74
0 7
46 74
7 46
38 46
46 74
0 38
16 55
55 46
0 7
7 16
46 74
0 40
40 74
0 40
65 46
31 65
40 18
18 31
46 74
17 44
0 7
7 17
44 74
0 40
26 46
46 74
40 26
28 74
16 55
0 7
7 16
55 28
0 40
73 74
40 73
0 40
64 17
17 44
69 64
40 69
44 74
0 32
32 53
53 58
58 74
16 25
15 74
0 7
7 16
25 15
0 32
73 74
32 48
48 73
16 67
67 43
0 7
7 16
43 74
0 32
32 54
54 74
16 71
15 74
0 7
7 16
71 15
0 40
40 36
36 46
46 74
61 5
0 32
5 12
32 14
14 61
28 74
12 28
21 65
65 46
0 32
32 21
46 74
32 13
16 71
15 74
0 32
13 16
71 15
0 40
6 12
40 36
28 74
12 28
36 6
9 61
61 5
0 32
5 12
32 9
28 74
12 28
0 20
20 55
28 74
55 28
0 32
32 53
53 66
66 74
