209
11
64
40
74
27
89
55
18
5
78
6
26
82
7
93
61
2
60
39
76
58
85
66
45
38
21
12
43
83
75
10
86
94
47
19
14
59
13
72
51
52
91
25
50
90
95
42
20
32
70
16
28
44
73
30
49
37
54
77
79
36
9
1
69
3
46
62
15
29
88
17
63
22
35
81
34
65
87
41
4
80
8
57
23
56
92
31
53
24
67
68
48
33
84
65
17
80
15
88
80
15
34
1
69
9
88
79
9
36
1
9
15
80
29
30
1
1
32
87
32
32
29
65
50
9
50
32
25
69
46
79
91
72
65
81
16
13
1
14
1
9
9
47
50
9
86
72
50
9
10
15
75
47
72
86
9
72
75
32
47
72
75
43
12
86
57
43
32
75
20
75
72
43
75
21
33
25
29
94
76
33
76
58
76
33
42
63
12
8
86
9
50
15
10
58
26
46
15
32
24
5
41
5
18
72
47
94
27
89
336
0 96
0 84
84 96
0 33
33 96
48 96
0 48
0 68
68 96
67 96
0 67
24 96
0 24
53 96
0 53
31 96
0 31
92 31
31 96
0 92
56 96
0 56
23 96
0 23
57 96
0 57
8 96
0 8
80 96
0 80
8 4
4 96
0 8
41 31
31 96
0 41
8 87
87 80
80 96
0 8
33 65
8 33
65 96
0 8
4 34
8 4
34 96
0 8
81 34
34 96
0 81
35 65
65 96
0 35
22 96
0 22
63 65
8 63
65 96
0 8
17 65
65 96
0 17
8 88
88 96
0 8
29 96
0 29
8 15
15 80
80 96
0 8
62 33
33 65
17 62
65 96
0 17
46 15
15 80
80 96
0 46
3 88
88 96
0 3
46 15
17 69
69 46
15 80
80 96
0 17
1 34
34 96
0 1
9 96
0 9
1 36
36 96
0 1
79 69
69 9
9 96
0 79
77 88
88 96
0 77
54 96
0 54
79 37
37 9
9 96
0 79
36 49
1 36
9 96
49 9
0 1
30 96
0 30
9 96
73 9
0 73
44 15
15 80
80 96
0 44
28 29
29 96
0 28
1 16
16 30
30 96
0 1
70 96
0 70
32 96
0 32
1 20
20 96
0 1
42 96
0 42
95 32
32 96
0 95
90 87
32 96
87 32
0 90
32 96
50 32
0 50
25 29
29 96
0 25
91 65
65 96
0 91
50 52
52 9
9 96
0 50
50 51
51 96
0 50
32 96
72 32
0 72
79 69
46 25
25 29
69 46
72 13
13 79
29 96
0 72
72 59
59 91
91 65
65 96
0 72
81 16
16 1
1 14
14 9
72 13
13 81
9 96
0 72
1 14
14 9
19 1
9 96
0 19
47 9
9 96
0 47
47 94
94 96
0 47
86 9
50 86
9 96
0 50
10 96
0 10
0 75
75 96
72 83
86 9
75 72
50 86
83 50
9 96
0 75
75 43
43 15
15 10
10 96
0 75
72 47
12 86
86 9
75 72
47 57
57 12
9 96
0 75
75 72
72 21
21 96
0 75
72 47
75 72
47 38
38 32
32 96
0 75
75 43
43 45
45 57
12 86
86 9
57 12
9 96
0 75
75 43
66 32
43 66
32 96
0 75
72 85
75 72
85 20
20 96
0 75
75 43
43 58
58 96
0 75
76 33
33 21
21 96
0 76
39 25
25 29
29 96
0 39
60 94
76 33
33 60
94 96
0 76
2 58
76 2
58 96
0 76
76 33
33 61
61 96
0 76
63 42
42 12
12 86
86 9
93 8
8 63
0 93
9 96
7 50
86 9
50 86
9 96
0 7
0 82
82 96
26 15
10 58
15 10
0 26
58 96
26 15
15 46
46 6
6 32
0 26
32 96
0 78
78 96
0 5
5 96
18 96
0 18
24 5
0 55
55 24
5 96
0 89
89 41
41 5
5 96
27 47
47 72
0 27
72 18
18 96
0 74
74 96
40 96
0 40
27 94
94 64
0 27
64 96
89 11
0 89
11 96
