275
14
9
65
62
96
41
28
13
84
87
77
12
89
80
17
51
63
37
61
2
56
55
57
83
81
22
3
79
40
29
39
52
58
69
70
31
92
46
67
75
95
43
60
72
86
20
90
68
45
66
10
23
88
42
11
6
59
94
64
73
78
19
36
82
44
54
26
47
4
21
49
53
71
16
7
91
93
18
25
74
38
30
48
24
97
15
34
76
1
50
33
35
5
27
8
85
32
7
91
21
53
91
91
49
48
25
54
91
44
91
76
49
19
44
78
54
64
44
91
59
16
11
59
11
59
36
59
23
36
34
11
59
66
34
11
59
44
23
36
11
59
91
11
20
91
11
19
73
86
23
72
19
73
86
59
64
15
43
86
59
93
1
16
43
32
43
16
1
43
64
31
16
36
1
31
1
93
31
1
69
66
93
31
69
66
92
59
69
92
32
68
35
69
66
31
76
92
79
68
79
29
31
68
22
31
3
79
92
68
31
16
1
57
25
39
57
92
70
56
57
31
57
16
64
79
79
3
68
51
20
79
91
51
70
23
91
81
51
20
91
56
51
80
70
80
51
70
48
93
87
16
1
87
94
16
13
79
78
94
13
79
94
55
13
94
96
93
84
1
71
60
12
13
37
84
416
0 99
32 99
0 32
0 85
85 99
0 8
8 99
27 99
0 27
5 99
0 5
35 99
0 35
33 99
0 33
50 33
33 99
0 50
1 99
0 1
76 99
0 76
34 98
98 1
1 99
0 34
50 33
15 50
0 15
33 99
97 76
0 97
76 99
50 33
24 50
0 24
33 99
0 48
48 99
30 1
48 30
0 48
1 99
48 38
30 1
38 30
0 48
1 99
48 38
38 74
0 48
74 99
0 25
25 99
18 1
0 18
1 99
93 1
48 93
0 48
1 99
91 18
18 1
0 91
1 99
7 1
91 7
0 91
1 99
16 1
0 16
1 99
71 1
0 71
1 99
0 91
91 53
53 99
0 49
49 99
7 21
91 7
0 91
21 99
4 21
21 99
0 4
47 53
91 47
0 91
53 99
91 26
0 91
26 99
49 54
0 49
54 99
48 44
44 99
0 48
32 54
91 82
82 25
25 32
0 91
54 99
91 36
0 91
36 99
19 44
91 19
0 91
44 99
78 76
49 78
76 44
44 99
0 49
73 19
19 44
44 99
0 73
0 64
64 99
78 94
94 16
49 78
16 54
0 49
54 99
59 64
0 59
64 99
6 24
91 6
24 44
0 91
44 99
64 16
16 11
59 64
0 59
11 99
64 42
42 11
59 64
0 59
11 99
59 88
88 11
0 59
11 99
23 36
59 23
0 59
36 99
36 16
23 36
59 23
16 10
0 59
10 99
66 34
59 66
34 11
0 59
11 99
66 34
59 66
45 11
34 45
0 59
11 99
68 44
0 68
44 99
90 11
23 36
36 90
59 23
0 59
11 99
91 20
20 11
11 99
0 91
91 20
20 11
11 86
86 99
0 91
19 73
73 72
59 23
23 19
72 86
86 99
0 59
19 73
73 72
60 23
23 19
72 86
86 99
0 60
64 43
59 64
43 99
0 59
15 43
95 15
43 99
0 95
59 75
75 86
86 99
0 59
93 1
1 16
64 43
16 64
67 93
0 67
43 99
0 46
46 99
92 32
32 43
0 92
43 99
1 16
64 43
16 64
31 1
0 31
43 99
1 16
16 36
31 1
70 99
0 31
36 70
31 1
1 69
0 31
69 99
1 93
31 1
93 58
0 31
58 99
1 93
52 66
66 69
93 52
31 1
0 31
69 99
39 59
59 66
66 69
92 39
69 99
0 92
29 68
68 69
92 32
32 29
69 99
0 92
40 66
31 35
66 69
35 40
0 31
69 99
79 99
92 76
0 92
76 79
3 68
79 99
68 79
0 3
29 68
79 99
22 29
31 22
68 79
0 31
31 22
22 81
81 99
0 31
92 83
3 68
79 99
83 3
68 79
0 92
1 16
57 99
31 1
16 57
0 31
57 99
55 25
25 57
0 55
39 56
57 99
92 39
56 57
0 92
2 70
70 99
0 2
61 56
57 99
31 61
56 57
0 31
57 99
64 16
0 37
37 64
16 57
79 99
0 63
63 79
3 68
79 99
0 51
51 3
68 79
91 20
79 99
20 17
51 91
0 51
17 79
23 80
80 70
51 91
0 51
91 23
70 99
89 81
20 89
91 20
51 91
0 51
81 99
48 80
20 12
56 48
80 70
91 20
12 56
51 91
0 51
70 99
48 80
51 77
80 70
0 51
70 99
77 48
87 99
0 87
93 1
1 16
16 87
84 93
0 84
87 99
16 87
94 16
13 94
0 13
87 99
78 28
94 78
79 99
13 94
0 13
28 79
94 41
79 99
13 94
0 13
41 79
55 96
13 94
0 13
94 55
96 99
1 62
62 96
93 1
84 93
96 99
0 84
65 99
60 71
12 56
13 60
71 12
56 65
0 13
0 37
9 99
37 9
84 14
14 99
0 84
