200
19
40
57
65
10
42
32
5
69
18
2
16
84
58
30
87
59
4
95
68
70
34
45
62
23
79
20
67
17
27
38
31
75
8
25
39
35
49
63
36
71
28
51
74
6
80
89
33
53
15
3
26
47
88
52
90
66
50
24
56
54
22
11
83
86
43
48
37
64
13
60
29
96
77
77
82
82
92
82
82
86
9
11
92
12
77
9
82
9
48
82
82
9
82
12
9
12
9
52
3
82
24
60
29
26
52
12
92
22
12
88
43
12
9
52
89
24
92
74
24
92
47
37
74
24
28
74
47
24
28
71
74
37
24
9
24
33
39
60
9
29
24
74
24
74
24
75
12
9
38
74
24
9
79
7
23
79
9
23
34
79
23
34
20
23
23
24
95
4
34
4
23
34
89
4
23
59
95
58
34
4
23
4
4
18
60
84
23
4
4
87
42
4
42
4
57
42
67
65
42
372
12 9
92 78
46 41
76 14
82 44
85 55
77 21
77 12
21 78
85 72
1 93
76 97
81 97
14 97
72 94
72 94
72 94
72 94
76 97
72 94
76 97
72 94
85 72
76 97
76 97
85 77
21 78
76 97
85 77
76 97
93 96
96 7
1 93
81 97
76 97
73 29
29 76
21 78
76 97
0 82
81 97
60 81
0 82
82 60
82 44
21 78
14 97
0 82
76 14
14 97
82 13
0 82
13 76
85 55
76 14
14 97
64 7
46 64
81 97
46 41
76 14
14 97
85 92
46 37
37 61
82 48
48 81
81 97
0 82
82 44
44 43
43 81
81 97
0 82
73 86
86 81
81 97
46 41
83 86
86 81
41 83
81 97
11 9
46 11
11 92
92 22
76 14
22 76
14 97
46 11
46 41
77 12
9 97
85 77
44 54
82 44
54 9
9 97
0 82
48 56
82 48
56 97
0 82
24 97
82 24
0 82
46 41
85 55
50 9
55 50
9 97
44 66
82 44
66 14
14 97
0 82
90 97
46 90
46 41
85 52
14 97
52 14
12 9
46 41
88 12
9 97
41 88
47 97
0 47
26 77
12 9
46 41
77 12
9 97
85 26
46 41
85 52
52 3
3 97
15 76
76 14
14 97
0 15
53 3
82 53
3 97
0 82
33 60
29 24
24 97
60 29
46 33
26 77
12 9
52 89
92 26
46 41
89 92
85 52
77 12
9 97
22 88
12 9
43 22
46 41
80 43
88 12
85 80
9 97
12 9
6 12
9 97
0 6
92 78
52 89
74 24
46 41
78 74
89 92
85 52
24 97
92 78
74 24
78 74
51 92
24 97
0 51
28 47
46 28
47 97
71 37
74 24
37 74
24 97
0 71
46 41
85 36
36 97
74 24
28 47
47 63
78 74
46 28
63 78
24 97
28 49
46 28
49 14
14 97
71 37
37 35
74 24
35 74
24 97
0 71
39 9
46 41
85 39
9 97
46 41
41 25
25 24
24 97
8 33
33 60
60 39
39 9
46 41
41 8
9 97
29 24
75 29
24 97
0 75
74 24
31 74
46 31
24 97
41 38
46 41
38 97
75 27
27 74
74 24
24 97
0 75
12 9
17 12
9 97
0 17
46 67
67 41
41 38
38 97
74 24
20 78
78 74
24 97
0 20
79 9
0 79
9 97
23 97
0 23
79 7
7 62
23 97
62 23
0 79
45 97
0 45
34 23
9 34
79 9
23 97
0 79
34 23
79 85
85 70
70 34
23 97
0 79
34 23
68 34
78 68
20 78
23 97
0 20
95 23
23 97
0 95
4 24
0 4
24 97
95 59
59 97
0 95
4 94
91 87
87 97
0 4
4 94
34 23
91 30
30 34
23 97
0 4
4 94
34 23
94 89
58 34
89 58
23 97
0 4
95 59
84 95
0 84
59 97
34 23
4 16
16 58
58 34
23 97
0 4
4 2
2 97
0 4
4 94
91 18
18 97
0 4
69 60
60 18
18 97
0 69
5 23
84 5
23 97
0 84
4 32
32 97
0 4
42 97
21 42
4 21
0 4
10 87
0 10
87 97
94 4
65 91
42 97
21 42
0 65
4 21
42 97
0 57
21 42
57 4
4 21
41 67
57 40
40 41
42 97
0 57
21 42
67 21
19 42
65 91
42 97
91 19
0 65
