51
7
17
1
14
90
18
29
13
42
15
20
57
77
79
79
56
12
55
83
42
82
26
93
13
82
95
82
95
76
8
75
13
93
37
6
44
62
27
20
87
25
56
87
12
86
46
75
13
46
75
13
116
2 86
2 59
87 59
2 62
6 44
2 5
46 99
3 50
2 58
4 54
75 13
8 76
95 82
53 93
82 54
83 42
0 2
3 2
55 4
56 12
5 4
79 5
21 2
20 27
19 20
57 15
15 2
19 57
42 16
61 77
77 42
3 79
79 5
4 2
3 79
3 56
5 4
12 5
4 2
32 55
4 2
24 83
42 16
13 53
0 2
2 13
26 82
2 4
0 2
13 53
0 2
2 13
93 54
82 54
24 95
29 24
2 29
95 82
82 54
0 2
24 95
76 54
2 8
0 2
53 93
0 75
13 53
93 54
2 4
0 2
0 2
18 37
0 2
37 30
2 18
90 10
3 90
2 21
0 2
46 99
0 2
2 5
5 4
4 6
46 99
0 2
44 19
46 99
62 27
27 20
20 19
0 2
11 87
0 2
14 30
25 14
3 25
12 1
87 59
56 12
1 11
3 56
11 87
0 2
46 99
0 2
86 46
75 13
0 75
46 99
17 46
13 17
7 91
75 13
0 75
13 7
