39
11
24
42
34
16
45
26
25
46
5
46
17
33
5
46
46
37
49
42
15
16
49
49
17
37
49
22
4
37
46
1
10
1
37
46
27
1
1
10
89
21 31
1 12
1 10
7 4
37 27
8 17
38 36
16 15
37 46
46 39
38 19
17 27
14 5
32 28
25 48
32 46
43 26
13 45
7 49
34 38
35 49
41 34
9 42
42 16
7 49
16 52
7 49
49 35
45 28
7 49
49 35
26 48
7 49
49 35
32 46
7 49
49 35
46 25
7 49
49 35
7 49
5 36
32 46
7 49
49 35
46 33
33 17
14 5
7 49
5 36
32 46
7 49
49 35
46 39
7 49
49 37
9 42
42 16
7 49
15 36
49 23
7 49
49 23
17 27
7 49
49 37
7 24
24 22
22 31
46 37
4 12
37 27
32 46
28 32
0 1
10 27
46 37
37 27
32 46
28 32
0 1
27 47
1 12
28 32
0 1
10 11
1 10
11 54
0 1
