315
7
32
57
82
23
5
73
55
48
30
98
80
4
29
54
79
96
4
29
54
79
95
4
29
54
79
94
4
29
54
79
93
4
29
54
79
92
4
29
54
79
91
4
29
54
79
90
4
29
54
79
89
4
29
54
79
88
4
29
54
79
87
4
29
54
79
86
4
29
54
79
85
4
29
54
79
85
4
29
54
79
85
4
29
54
79
85
4
29
54
79
85
4
29
54
79
85
4
29
54
79
85
4
29
54
79
85
4
29
54
79
85
4
29
54
79
85
4
29
54
79
85
4
29
54
79
85
4
29
54
79
85
4
29
54
79
60
4
29
54
79
60
4
29
54
79
60
4
29
54
79
60
4
29
54
79
60
4
29
54
79
60
4
29
54
79
60
4
29
54
79
60
4
29
54
79
60
4
29
54
79
60
4
29
54
79
60
4
29
54
79
60
4
29
54
79
60
4
29
54
79
35
4
29
54
79
35
4
29
54
79
35
4
29
54
79
35
4
29
54
79
35
4
29
54
79
35
4
29
54
79
35
4
29
54
79
35
4
29
54
79
35
4
29
54
79
35
4
29
54
79
35
4
29
54
79
35
4
29
54
79
35
4
29
54
79
10
4
29
54
79
10
4
29
54
10
4
29
54
10
98
4
54
10
98
4
54
10
48
98
4
10
48
98
4
10
73
48
98
10
73
48
98
23
73
48
82
23
48
57
82
23
32
57
82
869
0 1
10 25
11 25
12 25
13 25
14 25
15 25
16 25
17 25
18 25
19 25
20 25
21 25
25 26
35 49
36 49
37 49
38 49
39 49
40 49
41 49
42 49
43 49
44 49
45 49
46 49
50 51
60 75
61 75
62 75
63 75
64 75
65 75
66 75
67 75
68 75
69 75
70 75
71 75
75 76
85 99
86 99
87 99
88 99
89 99
90 99
91 99
92 99
93 99
94 99
95 99
96 99
3 4
4 9
28 29
29 34
53 54
54 59
78 79
79 84
84 96
3 4
4 9
28 29
29 34
53 54
54 59
78 79
79 84
84 95
3 4
4 9
28 29
29 34
53 54
54 59
78 79
79 84
84 94
3 4
4 9
28 29
29 34
53 54
54 59
78 79
79 84
84 93
3 4
4 9
28 29
29 34
53 54
54 59
78 79
79 84
84 92
3 4
4 9
28 29
29 34
53 54
54 59
78 79
79 84
84 91
3 4
4 9
28 29
29 34
53 54
54 59
78 79
79 84
84 90
3 4
4 9
28 29
29 34
53 54
54 59
78 79
79 84
84 89
3 4
4 9
28 29
29 34
53 54
54 59
78 79
79 84
84 88
3 4
4 9
28 29
29 34
53 54
54 59
78 79
79 84
84 87
3 4
4 9
28 29
29 34
53 54
54 59
78 79
79 84
84 86
3 4
4 9
28 29
29 34
53 54
54 59
78 79
79 84
84 85
85 99
3 4
4 9
28 29
29 34
53 54
54 59
78 79
79 84
84 85
75 76
85 99
3 4
4 9
28 29
29 34
53 54
54 59
78 79
79 84
84 85
75 76
85 99
3 4
4 9
28 29
29 34
53 54
54 59
78 79
79 84
84 85
75 76
85 99
3 4
4 9
28 29
29 34
53 54
54 59
78 79
79 84
84 85
75 76
85 99
3 4
4 9
28 29
29 34
53 54
54 59
78 79
79 84
84 85
75 76
85 99
3 4
4 9
28 29
29 34
53 54
54 59
78 79
79 84
84 85
75 76
85 99
3 4
4 9
28 29
29 34
53 54
54 59
78 79
79 84
84 85
75 76
85 99
3 4
4 9
28 29
29 34
53 54
54 59
78 79
79 84
84 85
75 76
85 99
3 4
4 9
28 29
29 34
53 54
54 59
78 79
79 84
84 85
75 76
85 99
3 4
4 9
28 29
29 34
53 54
54 59
78 79
79 84
84 85
75 76
85 99
3 4
4 9
28 29
29 34
53 54
54 59
78 79
79 84
84 85
75 76
85 99
3 4
4 9
28 29
29 34
53 54
54 59
78 79
79 84
84 85
75 76
85 99
3 4
4 9
28 29
29 34
53 54
54 59
78 79
79 84
59 60
84 85
60 75
75 76
85 99
3 4
4 9
28 29
29 34
53 54
54 59
78 79
79 84
59 60
84 85
50 51
60 75
75 76
85 99
3 4
4 9
28 29
29 34
53 54
54 59
78 79
79 84
59 60
84 85
50 51
60 75
75 76
85 99
3 4
4 9
28 29
29 34
53 54
54 59
78 79
79 84
59 60
84 85
50 51
60 75
75 76
85 99
3 4
4 9
28 29
29 34
53 54
54 59
78 79
79 84
59 60
84 85
50 51
60 75
75 76
85 99
3 4
4 9
28 29
29 34
53 54
54 59
78 79
79 84
59 60
84 85
50 51
60 75
75 76
85 99
3 4
4 9
28 29
29 34
53 54
54 59
78 79
79 84
59 60
84 85
50 51
60 75
75 76
85 99
3 4
4 9
28 29
29 34
53 54
54 59
78 79
79 84
59 60
84 85
50 51
60 75
75 76
85 99
3 4
4 9
28 29
29 34
53 54
54 59
78 79
79 84
59 60
84 85
50 51
60 75
75 76
85 99
3 4
4 9
28 29
29 34
53 54
54 59
78 79
79 84
59 60
84 85
50 51
60 75
75 76
85 99
3 4
4 9
28 29
29 34
53 54
54 59
78 79
79 84
59 60
84 85
50 51
60 75
75 76
85 99
3 4
4 9
28 29
29 34
53 54
54 59
78 79
79 84
59 60
84 85
50 51
60 75
75 76
85 99
3 4
4 9
28 29
29 34
53 54
54 59
78 79
79 84
59 60
84 85
50 51
60 75
75 76
85 99
3 4
4 9
28 29
29 34
53 54
54 59
78 79
79 84
34 35
59 60
84 85
35 49
50 51
60 75
75 76
85 99
3 4
4 9
28 29
29 34
53 54
54 59
78 79
79 84
34 35
59 60
84 85
25 26
35 49
50 51
60 75
75 76
85 99
3 4
4 9
28 29
29 34
53 54
54 59
78 79
79 84
34 35
59 60
84 85
25 26
35 49
50 51
60 75
75 76
85 99
3 4
4 9
28 29
29 34
53 54
54 59
78 79
79 84
34 35
59 60
84 85
25 26
35 49
50 51
60 75
75 76
85 99
3 4
4 9
28 29
29 34
53 54
54 59
78 79
79 84
34 35
59 60
84 85
25 26
35 49
50 51
60 75
75 76
85 99
3 4
4 9
28 29
29 34
53 54
54 59
78 79
79 84
34 35
59 60
84 85
25 26
35 49
50 51
60 75
75 76
85 99
3 4
4 9
28 29
29 34
53 54
54 59
78 79
79 84
34 35
59 60
84 85
25 26
35 49
50 51
60 75
75 76
85 99
3 4
4 9
28 29
29 34
53 54
54 59
78 79
79 84
34 35
59 60
84 85
25 26
35 49
50 51
60 75
75 76
85 99
3 4
4 9
28 29
29 34
53 54
54 59
78 79
79 84
34 35
59 60
84 85
25 26
35 49
50 51
60 75
75 76
85 99
3 4
4 9
28 29
29 34
53 54
54 59
78 79
79 84
34 35
59 60
84 85
25 26
35 49
50 51
60 75
75 76
85 99
3 4
4 9
28 29
29 34
53 54
54 59
78 79
79 84
34 35
59 60
84 85
25 26
35 49
50 51
60 75
75 76
85 99
3 4
4 9
28 29
29 34
53 54
54 59
78 79
79 84
34 35
59 60
84 85
25 26
35 49
50 51
60 75
75 76
85 99
3 4
4 9
28 29
29 34
53 54
54 59
78 79
79 84
34 35
59 60
84 85
25 26
35 49
50 51
60 75
75 76
85 99
3 4
4 9
28 29
29 34
53 54
54 59
78 79
79 84
9 10
34 35
59 60
84 85
10 25
25 26
35 49
50 51
60 75
75 76
85 99
3 4
4 9
28 29
29 34
53 54
54 59
78 79
79 84
9 10
34 35
59 60
84 85
0 1
10 25
25 26
35 49
50 51
60 75
75 76
78 80
80 84
85 99
3 4
4 9
28 29
29 34
53 54
54 59
9 10
34 35
59 60
84 85
0 1
10 25
25 26
35 49
50 51
60 75
75 98
98 99
3 4
4 9
28 29
29 34
53 54
54 59
9 10
34 35
59 60
0 1
10 25
25 26
28 30
30 34
35 49
50 51
60 75
75 98
98 99
3 4
4 9
53 54
54 59
9 10
34 35
59 60
0 1
10 25
25 48
48 49
50 51
60 75
75 98
98 99
3 4
4 9
53 54
54 59
9 10
59 60
0 1
10 25
25 48
48 49
50 51
53 55
55 59
60 75
75 98
98 99
3 4
4 9
9 10
59 60
0 1
10 25
25 48
48 49
50 73
73 75
75 98
98 99
3 4
4 9
9 10
0 1
3 5
5 9
10 25
25 48
48 49
50 73
73 75
75 98
98 99
9 10
0 23
23 25
25 48
48 49
50 73
73 75
75 98
98 99
0 23
23 25
25 48
48 49
50 73
73 75
75 82
82 99
0 23
23 25
25 48
48 49
50 57
57 75
75 82
82 99
0 23
23 25
25 32
32 49
50 57
57 75
75 82
82 99
0 7
7 25
25 32
32 49
50 57
57 75
75 82
82 99
