154
30
63
51
14
57
28
53
49
20
43
42
73
37
65
24
66
46
29
45
34
25
32
6
3
12
13
50
4
22
9
39
67
41
18
48
8
58
64
62
52
44
33
71
1
10
54
40
21
56
17
60
15
2
16
68
27
70
38
72
59
47
31
5
23
35
55
69
7
61
19
36
11
19
60
16
71
55
1
71
2
33
52
16
16
8
61
70
18
72
64
48
16
39
69
39
21
39
4
21
64
69
12
39
18
61
8
4
21
47
4
62
12
2
25
4
25
4
61
18
13
64
25
13
12
19
6
8
48
16
15
4
42
13
4
21
47
12
42
37
12
3
12
42
13
28
12
42
57
13
51
59
12
37
12
257
0 74
19 36
0 11
11 74
0 36
36 74
0 19
19 74
0 19
36 74
0 61
61 74
7 74
0 7
0 69
69 74
0 55
55 74
61 35
35 74
0 61
23 7
0 23
7 74
0 5
5 74
31 74
0 31
31 47
47 74
0 31
0 59
59 74
72 23
23 47
0 72
47 74
38 7
7 47
0 38
47 74
70 61
35 47
61 35
0 70
47 74
0 27
27 74
27 68
68 47
0 27
47 74
0 16
16 74
2 35
35 47
16 2
0 16
47 74
70 15
0 70
15 74
16 60
0 16
60 74
60 19
16 60
19 17
0 16
17 74
0 56
56 74
21 47
47 56
16 21
0 16
56 74
70 40
0 70
40 74
16 54
0 16
54 74
0 10
10 74
0 1
1 74
60 71
16 60
0 16
71 74
33 71
0 33
71 74
1 55
55 44
0 1
44 74
52 71
0 52
71 74
33 2
2 62
0 33
62 74
0 64
64 74
52 58
0 52
58 74
16 8
0 16
8 74
16 48
0 16
48 74
16 8
61 18
8 61
18 74
0 16
33 70
70 41
41 18
18 74
0 33
67 72
72 64
0 67
64 74
16 48
48 39
39 74
0 16
9 39
39 74
0 9
16 22
22 69
69 39
39 74
0 16
4 21
0 4
21 39
39 74
4 21
21 50
0 4
50 74
13 64
0 13
64 74
0 12
12 74
0 12
69 39
3 69
12 3
39 74
6 8
61 18
8 61
0 6
18 74
21 47
4 21
47 32
0 4
32 74
4 62
62 25
0 4
25 74
2 34
0 12
12 2
34 74
4 45
45 25
0 4
25 74
4 29
29 25
0 4
25 74
46 61
61 18
0 46
18 74
13 64
64 66
0 13
66 74
0 24
24 74
13 65
65 25
0 13
25 74
0 12
37 74
19 37
12 19
6 8
48 73
16 48
8 16
73 74
0 6
15 42
4 15
42 74
0 4
43 42
13 43
0 13
42 74
21 47
47 20
4 21
0 4
20 74
0 12
12 49
49 42
42 74
53 37
3 53
0 12
37 74
12 3
28 42
0 12
12 28
42 74
13 57
0 13
57 74
14 74
28 42
0 12
12 28
42 14
13 57
57 51
51 74
0 13
12 63
63 59
59 51
0 12
51 74
12 30
30 37
0 12
37 74
