225
39
3
6
29
84
38
87
24
14
74
62
45
55
58
18
68
73
9
41
67
1
25
13
32
69
37
71
81
8
57
19
52
12
48
20
26
42
5
36
70
15
82
7
17
34
91
47
16
2
23
63
43
56
53
4
49
86
21
59
35
40
30
77
60
90
79
44
46
28
76
72
93
66
22
85
65
54
10
51
92
61
11
89
80
64
31
27
78
88
50
33
83
33
60
77
90
77
35
77
11
77
33
30
77
30
27
85
40
53
54
86
54
43
86
43
90
86
86
90
80
92
47
54
91
90
90
17
91
90
66
47
70
66
47
47
15
91
47
70
83
47
15
17
91
47
70
47
42
15
91
12
42
15
86
7
15
17
91
19
15
19
57
70
19
19
7
76
70
57
65
57
91
17
19
70
65
57
19
17
90
12
42
82
67
77
57
91
19
17
57
19
12
41
72
41
80
92
57
8
41
19
25
90
41
92
19
19
47
74
70
58
41
74
24
42
12
72
8
19
24
42
24
42
87
74
350
0 94
33 31
0 83
83 94
0 33
33 94
0 50
50 94
88 94
0 88
78 94
0 78
27 94
0 27
31 94
0 31
31 94
0 33
0 64
64 94
0 80
80 94
0 89
89 94
80 11
0 80
11 94
0 61
61 94
0 92
92 94
80 51
0 80
51 94
10 51
0 10
51 94
80 54
0 80
54 94
80 65
65 51
0 80
51 94
80 85
85 51
0 80
51 94
89 22
61 89
0 61
22 94
0 66
66 94
93 11
0 93
11 94
93 72
0 93
72 94
65 76
93 65
0 93
76 94
80 54
92 80
93 92
54 28
0 93
28 94
0 46
46 94
44 94
0 44
0 79
79 94
0 90
90 94
0 60
60 94
0 77
77 94
77 30
30 60
0 77
60 94
90 40
0 90
40 94
77 35
0 77
35 94
77 59
59 35
0 77
35 94
77 11
11 21
0 77
21 94
54 86
30 33
77 30
33 54
0 77
86 94
77 49
0 77
49 94
30 27
27 4
77 30
0 77
4 94
53 40
54 86
80 54
85 80
40 85
90 53
0 90
86 94
54 86
56 54
90 53
53 56
0 90
86 94
54 86
43 54
0 43
86 94
63 94
0 63
23 86
43 23
0 43
86 94
43 2
0 43
2 94
16 86
90 16
0 90
86 94
0 47
47 86
86 94
90 91
0 90
91 94
34 92
54 86
80 54
92 80
47 34
0 47
86 94
91 17
90 91
0 90
17 94
90 7
0 90
7 94
82 17
0 82
17 94
91 15
90 91
0 90
15 94
66 70
0 47
47 66
70 94
36 66
66 70
47 36
0 47
70 94
0 47
47 5
5 94
91 15
42 91
47 42
0 47
15 94
26 83
83 70
47 26
0 47
70 94
91 15
17 91
47 20
20 17
0 47
15 94
48 70
47 48
0 47
70 94
91 15
12 42
42 91
0 12
15 94
42 52
86 15
52 86
12 42
0 12
15 94
19 7
0 19
7 94
91 15
17 91
19 57
57 17
0 19
15 94
19 8
8 15
0 19
15 94
19 57
81 70
0 19
57 81
70 94
19 7
0 19
7 71
71 94
76 65
19 57
57 37
65 70
37 76
0 19
70 94
17 91
19 57
91 69
57 17
0 19
69 94
32 65
65 70
0 32
70 94
19 57
17 13
57 17
0 19
13 94
90 25
25 94
0 90
82 1
42 82
12 42
0 12
1 94
0 67
67 94
67 77
77 41
0 67
41 94
91 9
17 91
19 57
57 17
0 19
9 94
19 57
57 73
0 19
73 94
12 72
72 68
68 41
0 12
41 94
92 41
18 80
19 57
57 18
80 92
0 19
41 94
58 41
19 8
8 58
0 19
41 94
90 25
55 90
0 55
25 94
92 41
45 92
19 45
0 19
41 94
19 62
0 19
62 94
47 74
74 94
0 47
14 70
70 74
0 14
74 94
24 58
58 41
0 24
41 94
0 87
87 74
74 94
38 94
24 42
42 38
0 24
12 72
84 94
72 84
0 12
29 94
8 29
19 8
0 19
6 94
42 6
24 42
0 24
42 3
3 94
24 42
0 24
74 39
0 87
39 94
87 74
