253
38
80
17
26
32
90
55
57
52
37
96
43
98
2
19
89
44
94
25
85
18
61
91
1
60
88
58
7
41
33
50
12
72
79
9
59
6
87
3
77
66
22
5
76
27
11
15
67
54
20
84
8
16
29
23
75
83
34
39
56
53
95
73
40
51
45
48
64
28
97
49
62
78
36
35
30
10
42
47
68
63
65
92
21
24
14
31
46
4
69
82
70
31
82
46
68
97
68
82
45
68
49
82
45
82
45
68
82
82
97
82
97
56
53
97
56
75
97
95
45
10
82
97
56
97
56
68
56
82
24
56
49
82
20
53
82
53
14
56
29
11
56
82
28
20
14
5
67
24
82
53
11
82
82
53
76
56
49
66
24
87
49
11
87
76
28
29
3
73
82
53
76
87
28
49
3
54
63
82
56
87
49
9
87
3
12
63
76
41
12
59
76
72
22
87
70
59
76
87
49
77
59
77
20
88
29
60
59
76
28
41
12
54
69
85
18
88
61
9
20
88
64
44
23
88
87
94
85
18
88
9
88
70
61
98
10
20
85
18
94
88
44
59
98
10
20
96
59
44
26
85
27
44
410
0 99
93 71
0 82
74 71
70 13
81 82
82 70
69 70
0 69
4 71
69 4
0 69
69 70
0 69
46 99
93 46
0 31
46 99
31 46
31 74
0 31
4 71
82 4
74 71
0 82
14 74
82 69
69 14
0 24
24 46
46 99
21 99
0 21
92 74
31 92
74 71
0 31
0 65
65 99
69 63
0 82
82 69
63 99
68 21
0 82
82 68
21 99
68 47
47 71
0 82
82 68
0 82
68 42
82 68
42 99
10 63
0 10
63 99
10 63
63 30
0 10
30 99
35 46
0 82
82 35
46 99
68 36
0 82
82 68
36 99
0 82
82 78
78 99
70 13
13 62
24 70
0 24
62 99
0 82
82 49
49 99
68 97
97 46
0 82
82 68
46 99
0 28
28 99
68 97
97 64
0 82
82 68
64 99
48 99
0 48
0 82
45 99
82 45
36 51
51 45
68 36
0 82
82 68
45 99
49 40
0 82
82 49
40 99
73 45
0 82
82 73
45 99
95 45
68 95
0 82
82 68
45 99
53 99
0 82
82 53
0 82
56 99
82 56
82 39
97 56
39 97
0 82
56 99
34 28
28 97
97 56
56 99
0 34
83 53
53 99
0 83
75 97
97 56
82 75
0 82
56 99
75 97
23 75
82 23
97 56
0 82
56 99
0 29
29 99
45 95
95 16
29 45
16 56
56 99
0 29
8 10
82 8
53 99
10 53
0 82
84 68
68 97
97 56
56 99
0 84
68 97
0 20
97 56
20 68
56 99
82 54
54 56
0 82
56 99
24 49
82 67
67 24
49 56
0 82
56 99
0 20
20 15
53 99
15 53
82 11
11 53
53 99
0 82
27 56
14 27
29 14
56 99
0 29
28 76
11 28
76 56
82 11
0 82
56 99
0 20
20 5
5 99
22 14
14 5
0 22
5 99
66 53
82 67
67 24
24 66
53 99
0 82
11 77
82 11
0 82
77 99
3 53
82 3
53 99
0 82
49 76
87 49
76 56
0 87
56 99
66 53
6 66
87 49
49 24
24 6
53 99
0 87
76 28
49 76
28 11
87 49
59 99
11 59
0 87
74 9
29 74
9 99
0 29
3 53
73 3
79 73
82 79
53 99
0 82
76 28
49 76
87 49
28 72
72 99
0 87
63 3
54 12
3 53
12 63
82 54
53 99
0 82
50 56
87 49
49 50
0 87
56 99
33 9
87 33
9 99
0 87
63 3
41 12
3 53
12 63
49 76
76 41
87 49
53 99
0 87
41 12
49 76
76 41
12 7
87 49
59 99
7 59
0 87
58 72
22 58
72 99
0 22
87 70
88 99
70 88
0 87
49 76
76 60
87 49
60 59
59 99
0 87
1 77
0 1
77 99
59 99
91 59
0 91
20 61
61 77
0 20
77 99
29 18
18 88
88 99
0 29
28 76
76 60
0 85
60 59
59 99
85 28
69 41
41 12
12 54
25 69
64 88
54 64
20 25
0 20
88 99
85 94
0 85
94 99
18 88
88 99
44 18
0 44
61 89
89 9
20 61
0 20
9 99
64 88
19 64
88 99
0 19
2 23
44 2
88 99
23 88
0 44
87 98
98 99
0 87
43 29
29 18
85 94
18 88
0 85
88 99
94 43
74 9
96 74
0 96
9 99
37 70
88 99
70 88
0 37
61 52
52 10
20 61
10 98
98 99
0 20
29 18
94 57
81 29
57 81
85 94
18 88
0 85
88 99
44 55
55 59
59 99
0 44
90 10
20 90
10 98
98 99
0 20
32 59
96 32
59 99
0 96
26 99
44 26
0 44
17 99
0 17
80 27
85 80
26 99
27 26
0 85
44 38
38 99
0 44
