256
85
67
57
76
49
66
86
55
72
7
89
27
80
64
83
71
30
58
87
13
45
92
25
32
54
50
44
14
41
8
79
51
43
88
90
35
59
62
2
29
12
95
56
53
26
70
33
94
74
23
16
93
65
39
60
78
17
34
73
48
82
24
28
75
11
63
21
84
47
81
69
22
42
10
52
1
20
5
37
77
19
38
9
40
4
31
36
18
6
61
3
68
46
15
15
47
52
47
21
47
47
19
47
19
47
20
84
47
47
21
48
47
73
47
19
47
84
82
24
61
17
65
17
11
47
34
60
47
73
48
74
82
75
17
47
70
21
74
47
82
47
69
74
70
75
81
47
47
74
21
9
95
47
74
26
70
29
95
81
47
74
74
62
47
94
81
62
47
37
63
62
47
56
81
75
35
59
47
62
35
88
62
47
88
75
62
17
88
81
37
62
59
62
47
88
75
62
34
62
50
35
47
50
54
35
54
62
9
25
37
38
54
47
62
25
38
47
48
45
79
17
40
54
62
45
79
17
47
54
35
62
25
54
35
71
40
62
45
62
54
24
62
30
48
7
45
55
7
7
42
66
49
23
7
49
47
402
0 96
61 15
15 96
0 15
46 96
0 46
0 68
68 96
0 3
3 96
0 61
61 96
0 61
15 96
6 96
0 6
0 18
18 96
36 6
6 96
0 36
36 31
0 36
31 96
18 61
61 4
4 96
0 18
18 40
40 96
0 18
9 96
0 9
38 96
0 38
19 96
0 19
77 96
0 77
37 77
77 96
0 37
19 77
5 19
77 96
0 5
20 96
0 20
5 1
19 77
1 19
77 96
0 5
5 52
52 77
77 96
0 5
5 52
52 10
10 77
77 96
0 5
5 52
42 77
52 42
77 96
0 5
42 77
22 42
77 96
0 22
0 69
69 96
81 37
37 77
77 96
0 81
47 96
19 47
69 19
0 69
47 96
69 84
84 47
0 69
5 52
47 96
52 21
21 47
0 5
69 63
47 96
63 21
21 47
0 69
47 96
0 11
11 47
75 18
47 96
18 19
19 47
0 75
47 96
19 47
28 19
0 28
47 96
24 47
0 24
82 20
47 96
20 84
84 47
0 82
47 96
0 48
48 47
47 96
73 21
21 47
0 73
34 96
48 34
0 48
17 47
47 96
73 17
0 73
78 19
73 78
47 96
19 47
0 73
60 84
47 96
84 47
0 60
39 24
47 96
82 39
24 47
0 82
73 61
65 17
17 47
47 96
61 65
0 73
65 17
17 47
47 96
93 65
0 93
17 47
11 16
47 96
16 17
0 11
60 23
23 34
34 96
0 60
74 47
47 96
73 74
0 73
48 94
74 47
47 96
94 74
0 48
82 33
33 96
0 82
70 75
17 47
47 96
75 17
0 70
70 26
21 74
26 21
74 47
47 96
0 70
69 53
82 69
53 74
74 47
47 96
0 82
70 75
56 81
81 74
75 56
74 47
47 96
0 70
9 21
95 9
21 74
74 47
47 96
0 95
95 12
12 74
74 47
47 96
0 95
26 91
70 26
91 29
29 96
0 70
95 2
2 29
29 96
0 95
81 74
0 62
74 47
47 96
62 81
59 94
0 62
74 47
47 96
94 74
62 59
81 37
37 35
35 47
0 62
47 96
62 81
0 62
47 96
63 90
90 47
62 63
56 81
81 37
37 35
88 75
75 56
35 47
0 62
47 96
62 88
43 35
35 47
0 62
59 43
47 96
62 59
88 51
0 62
47 96
62 88
51 47
79 17
17 47
88 75
75 79
0 62
47 96
62 88
81 37
37 35
88 8
8 81
35 47
0 62
47 96
62 88
41 47
0 62
47 96
59 41
62 59
75 14
88 75
0 62
62 88
14 96
0 62
44 34
62 44
34 96
0 50
50 96
35 54
54 96
0 50
50 35
50 32
47 96
0 50
32 47
35 54
54 96
0 25
25 35
62 92
9 54
0 62
92 9
54 96
0 45
45 96
25 38
37 35
35 54
38 13
13 37
54 96
0 25
0 62
87 47
47 96
62 87
25 38
38 58
58 47
47 96
0 25
45 30
30 48
79 17
17 47
48 79
0 45
47 96
71 40
62 71
0 62
54 96
40 54
45 83
79 17
17 47
83 79
0 45
47 96
35 54
64 35
62 64
0 62
54 96
80 35
35 54
25 80
54 96
0 25
71 40
40 27
62 71
0 62
27 96
89 96
0 45
45 89
7 96
0 62
62 7
72 24
24 54
62 72
0 62
54 96
45 30
30 48
48 94
55 7
7 96
94 55
0 45
55 7
7 96
86 55
0 86
66 96
0 66
0 49
49 96
76 42
42 7
7 96
66 76
0 66
49 23
23 57
0 49
57 96
7 96
67 7
0 49
49 67
85 47
0 85
47 96
