223
86
57
69
28
9
60
56
95
20
54
17
32
24
80
49
74
82
63
78
73
75
92
36
64
55
59
66
50
31
51
71
90
13
81
45
35
94
91
62
42
89
14
83
52
85
67
61
76
16
87
84
38
44
5
93
8
98
12
2
7
46
48
48
10
58
12
7
8
2
10
46
19
2
10
19
46
2
10
8
79
2
79
19
2
44
46
12
79
12
7
7
93
2
46
10
58
12
15
88
77
12
48
12
58
10
58
44
7
12
10
58
46
10
76
12
58
34
12
7
10
44
58
10
58
39
98
48
44
58
10
12
58
12
7
58
10
46
12
58
12
39
58
48
94
25
39
7
34
16
34
93
48
39
93
58
87
51
34
10
51
46
76
50
10
46
51
76
59
51
79
55
51
15
59
83
77
10
50
46
59
79
19
50
73
48
73
83
78
50
73
84
19
82
85
78
50
74
84
24
63
79
55
73
63
63
73
19
74
5
50
56
60
24
9
56
9
56
83
77
20
63
19
74
399
3 93
12 26
96 99
34 27
46 10
26 10
41 30
11 88
15 58
46 2
27 7
79 4
11 46
79 19
79 8
19 97
19 46
1 97
33 53
23 26
70 29
48 99
6 26
46 21
77 46
77 7
7 99
30 48
48 99
30 48
70 29
2 10
10 58
58 99
70 29
23 2
70 29
37 12
12 11
6 26
98 6
3 98
12 43
8 1
72 8
77 7
7 99
37 12
12 43
8 1
2 10
10 58
97 2
72 8
58 99
37 12
70 29
46 21
29 19
2 10
10 58
97 2
58 99
70 29
29 19
41 93
46 21
93 46
2 10
40 5
10 58
58 99
12 40
37 12
5 2
44 6
70 44
6 26
1 97
8 1
2 10
10 58
97 2
22 79
58 99
19 97
2 10
10 58
97 2
22 79
58 99
70 44
38 21
44 38
37 12
12 11
46 21
22 79
84 77
77 7
7 99
37 12
12 84
41 93
7 99
93 27
11 46
2 10
10 58
58 99
37 12
12 11
58 99
37 12
12 11
11 15
88 77
77 7
7 99
37 12
12 11
48 99
30 48
43 87
12 43
58 99
37 12
87 58
44 6
70 44
6 26
10 58
58 99
7 99
37 16
16 7
12 43
76 21
43 76
37 12
61 10
10 58
41 61
58 99
76 46
12 43
43 76
10 58
58 99
37 12
27 7
72 34
12 43
7 99
37 12
44 67
70 44
10 58
67 10
58 99
30 85
41 30
85 10
10 58
58 99
41 52
52 99
98 39
39 96
3 98
22 83
83 48
48 99
44 14
14 58
70 44
58 99
26 10
10 58
58 99
37 12
7 27
96 99
12 89
89 7
37 12
22 42
42 58
58 99
10 46
12 26
62 15
46 62
15 58
26 10
58 99
37 12
12 26
96 99
91 39
26 91
39 96
37 12
3 94
94 58
58 99
35 48
70 35
48 99
25 45
94 25
96 99
45 39
39 96
3 94
7 27
81 7
96 99
3 81
13 34
34 27
96 99
16 13
37 16
34 27
96 99
93 65
72 34
90 48
48 99
37 90
3 93
96 99
71 39
39 96
93 71
37 51
51 58
58 99
31 34
34 27
51 43
96 99
43 87
37 51
87 31
46 10
76 46
51 43
96 99
50 96
10 50
37 51
43 76
46 10
96 99
50 96
10 50
3 66
66 46
76 59
51 43
37 51
43 76
59 99
4 79
55 4
79 59
37 51
51 55
59 99
55 15
15 64
37 51
51 55
64 99
3 36
36 83
83 77
77 59
59 99
96 99
92 96
0 92
46 10
11 46
96 99
75 11
50 96
10 50
0 75
19 79
73 19
79 59
59 99
0 73
78 50
73 21
96 99
50 96
21 78
0 73
48 63
21 83
73 21
63 96
96 99
83 48
0 73
78 50
96 99
50 96
82 78
0 82
84 74
73 19
19 97
97 84
74 99
0 73
82 85
49 96
96 99
85 49
0 82
37 80
78 50
96 99
80 78
50 96
24 97
84 74
37 24
97 84
74 99
24 97
37 24
97 32
96 99
32 96
79 4
19 79
73 19
55 17
4 55
17 63
63 96
96 99
0 73
37 54
63 96
96 99
54 63
23 63
73 19
19 20
20 23
63 96
96 99
0 73
95 5
5 74
74 99
0 95
56 99
0 56
96 99
50 96
60 50
0 60
9 56
56 99
37 9
97 24
9 56
60 28
28 97
24 37
56 99
37 9
0 60
53 83
9 56
69 53
77 9
56 99
83 77
0 69
23 63
57 19
19 20
20 23
0 57
63 96
96 99
72 74
86 72
0 86
74 99
