217
49
69
27
26
42
73
28
25
43
78
17
44
92
80
89
68
12
9
76
35
72
38
22
11
47
29
52
86
55
91
81
37
13
66
95
65
14
62
54
56
53
97
51
3
96
36
20
75
1
74
71
63
2
40
24
82
8
98
18
70
93
58
45
5
60
87
61
90
15
23
41
31
7
67
34
83
6
39
10
32
85
46
77
4
79
16
64
33
30
94
88
94
57
41
79
79
23
85
79
90
79
79
93
45
18
18
15
82
41
23
82
79
24
82
82
24
82
24
82
23
82
24
75
82
79
40
41
97
71
97
40
41
3
82
97
53
56
56
82
56
82
54
20
82
51
95
37
81
97
31
29
75
54
47
36
11
47
36
81
15
54
38
47
15
75
54
47
24
47
38
15
35
75
38
24
47
39
58
76
47
38
71
89
80
38
71
89
35
38
75
17
54
47
75
17
92
38
17
75
24
17
75
35
17
75
54
24
61
93
17
51
75
17
26
24
26
26
376
0 99
19 57
21 94
48 21
19 50
19 59
84 88
88 99
19 50
94 50
48 94
48 21
94 50
48 21
57 99
30 50
0 30
33 99
48 33
64 57
0 64
57 99
0 16
16 33
33 99
79 59
59 33
0 79
33 99
4 33
79 4
0 79
33 99
48 77
77 99
21 46
79 21
0 79
46 99
85 33
64 85
0 64
33 99
16 94
94 32
32 33
0 16
33 99
16 10
0 16
10 99
21 39
79 21
39 50
0 79
79 21
21 6
0 79
6 99
48 83
83 99
34 6
79 34
0 79
6 99
67 33
0 67
33 99
79 7
0 79
7 99
31 10
21 31
79 21
0 79
10 99
41 33
0 41
33 99
41 23
0 41
23 99
48 15
15 99
79 90
0 79
90 99
79 61
0 79
61 99
87 23
85 87
15 85
48 15
23 99
0 60
60 99
21 5
79 21
0 79
5 99
45 90
0 45
90 99
21 58
79 21
0 79
58 99
21 93
79 21
93 99
0 79
70 21
21 93
93 99
0 70
45 18
0 45
18 99
98 18
18 99
0 98
8 18
15 8
48 15
18 99
82 99
0 82
24 50
50 82
82 99
0 24
40 41
50 82
23 50
41 23
48 40
82 99
2 99
0 2
63 64
64 82
79 63
82 99
0 79
24 50
48 71
50 82
71 24
82 99
74 82
82 99
0 74
24 50
50 82
1 24
82 99
0 1
75 24
24 50
50 82
48 75
82 99
20 23
50 82
23 50
48 20
82 99
75 24
24 50
36 75
50 82
48 36
82 99
79 96
96 99
0 79
0 3
3 99
51 99
0 51
40 41
41 97
48 40
97 99
71 53
48 71
53 97
97 99
56 19
40 41
19 40
41 97
97 99
0 56
3 54
54 82
82 99
0 3
56 19
19 62
62 53
53 97
97 99
0 56
14 82
56 21
21 14
82 99
0 56
65 99
0 65
0 95
95 99
56 66
66 50
50 82
82 99
0 56
13 20
20 54
54 82
82 99
0 13
48 37
37 99
81 51
0 81
51 99
95 91
91 99
0 95
37 55
48 37
55 99
81 86
0 81
86 99
52 97
97 99
0 52
29 99
0 29
47 59
31 29
59 31
29 99
0 47
47 59
36 11
24 75
59 54
54 24
75 36
11 99
0 47
36 11
22 36
84 22
47 84
11 99
0 47
81 15
15 38
38 99
0 81
47 59
59 54
54 72
72 15
15 38
38 99
0 47
47 59
24 75
59 54
54 24
35 38
75 35
38 99
0 47
47 59
59 76
76 15
15 38
38 99
0 47
24 75
9 24
35 38
75 35
38 99
0 9
39 12
47 59
59 39
12 99
0 47
47 59
59 76
58 68
76 58
68 99
0 47
0 89
89 99
71 80
89 71
80 38
38 99
0 89
71 80
19 92
92 38
80 19
89 71
38 99
0 89
44 99
0 44
35 38
17 75
0 17
75 35
38 99
59 47
75 24
54 59
24 54
17 75
47 78
0 17
78 99
84 92
43 84
92 38
17 43
0 17
38 99
75 24
17 75
0 17
24 25
25 99
35 28
17 75
0 17
75 35
28 99
54 73
75 24
24 54
17 75
0 17
73 99
51 93
17 61
61 51
93 42
0 17
42 99
26 99
0 26
26 99
75 24
24 27
17 75
27 26
0 17
26 99
69 21
0 69
21 26
26 99
49 26
0 49
