168
57
6
39
33
82
13
48
10
60
56
63
27
52
70
85
16
61
7
93
69
42
84
14
35
75
23
86
47
43
50
17
36
26
89
31
51
29
22
28
5
67
32
20
95
80
11
96
9
87
98
92
62
90
46
8
30
55
25
78
1
97
64
15
3
53
2
58
74
79
83
34
4
66
19
12
45
40
72
41
38
94
68
37
77
76
49
59
91
21
81
73
18
54
18
19
18
45
18
18
74
18
18
19
3
18
18
19
74
18
30
18
98
62
45
98
54
62
54
62
62
54
98
62
80
62
62
95
15
62
98
95
62
95
62
62
22
29
98
5
95
62
62
62
98
5
95
17
95
62
69
75
93
62
86
62
98
75
62
36
16
62
16
85
48
48
63
10
62
288
65 71
54 71
65 54
0 18
18 71
73 71
0 73
0 18
81 99
18 81
21 81
0 18
18 21
81 99
0 91
91 99
73 59
59 99
0 73
65 49
49 99
88 76
0 18
18 88
76 99
77 24
0 77
37 24
0 37
91 68
68 99
0 91
94 65
65 68
0 94
68 99
38 59
18 38
0 18
59 99
94 41
0 94
41 99
72 91
91 68
68 99
0 72
91 68
18 40
40 91
0 18
68 99
18 40
45 24
40 45
0 18
12 24
0 12
18 19
0 18
19 24
0 66
66 99
40 71
71 4
18 40
4 24
0 18
34 37
18 34
37 24
0 18
18 19
19 83
0 18
83 24
18 79
0 18
79 24
74 99
0 74
58 65
65 45
45 24
0 58
2 24
18 2
0 18
18 53
53 24
0 18
18 3
3 74
0 18
74 99
0 15
15 99
18 19
64 24
19 64
0 18
18 3
97 24
3 97
0 18
18 19
19 1
0 18
1 99
78 74
0 78
74 99
0 25
25 99
55 24
0 55
18 30
0 18
30 99
8 30
0 8
30 99
46 99
0 46
18 90
0 18
90 99
62 99
0 62
0 92
92 99
0 98
98 99
98 87
87 45
62 99
45 62
0 98
98 9
9 54
62 99
54 62
0 98
96 54
62 99
54 62
0 96
11 54
62 99
54 62
0 11
62 99
98 80
80 62
0 98
62 99
0 95
80 62
95 80
62 99
20 62
0 20
95 32
32 15
62 99
0 95
15 62
98 67
0 98
67 99
5 24
0 5
0 28
28 99
0 22
22 99
0 29
29 99
51 62
62 99
0 95
95 51
62 99
0 95
95 31
31 62
62 99
89 62
0 89
22 26
26 99
0 22
29 36
36 99
0 29
98 17
0 98
17 99
5 50
0 5
50 99
43 99
0 43
47 62
62 99
0 95
95 47
86 62
62 99
0 86
62 99
23 62
0 23
75 99
0 75
98 35
35 99
0 98
5 14
14 99
0 5
0 95
95 84
84 99
42 99
0 42
69 17
0 69
17 99
95 93
93 62
62 99
0 95
69 7
7 75
75 99
0 69
61 93
93 62
62 99
0 61
16 86
86 62
62 99
0 16
98 85
85 99
0 98
70 75
75 99
0 70
52 62
62 99
0 52
27 36
0 27
36 99
16 63
0 16
63 99
56 99
0 56
60 62
62 99
0 60
16 10
10 99
0 16
0 48
85 99
48 85
0 48
13 99
48 13
0 48
48 82
82 99
0 33
33 63
63 99
0 39
39 10
10 99
0 6
6 62
62 99
0 57
57 99
