248
1
64
73
21
40
97
83
61
49
45
59
7
26
75
13
53
29
29
53
29
13
53
29
13
53
29
13
53
29
13
53
29
75
13
53
29
75
13
53
29
75
13
53
29
75
29
13
53
75
29
13
53
75
29
13
53
75
29
13
53
7
75
29
13
7
75
29
13
59
7
75
29
13
59
7
75
29
45
59
7
75
49
45
59
7
75
49
45
59
7
75
59
49
45
7
61
59
49
45
83
61
59
49
97
83
61
59
40
97
83
61
21
40
97
83
61
21
40
97
83
61
21
40
97
83
61
21
40
97
83
61
21
40
97
83
61
21
40
97
83
61
21
40
97
61
59
21
40
97
83
61
21
40
97
83
61
21
40
97
83
61
81
21
40
97
83
21
40
61
59
73
21
40
61
59
73
21
40
61
59
73
21
40
61
64
73
21
40
61
64
73
21
40
61
64
73
21
40
61
64
73
21
40
61
64
73
21
40
61
64
73
21
40
61
64
73
21
40
61
64
73
21
40
61
64
73
21
40
61
64
49
73
21
40
26
64
49
73
21
26
64
49
73
21
7
7
97
1
1677
10 12
7 8
2 4
12 99
26 28
26 27
49 51
53 54
31 33
30 32
43 44
36 38
34 35
66 68
18 19
16 17
50 52
57 58
79 81
76 78
79 80
87 89
84 86
88 90
80 81
91 93
92 94
93 95
85 87
69 71
67 68
41 42
54 56
23 25
29 31
34 36
91 92
14 16
3 4
8 9
18 20
32 33
15 17
22 24
55 56
77 78
69 70
94 96
5 6
65 67
46 48
86 88
89 90
10 11
35 37
37 39
70 72
70 72
37 39
70 72
35 37
37 39
70 72
10 11
35 37
37 39
70 72
89 90
10 11
35 37
37 39
70 72
86 88
89 90
10 11
35 37
37 39
70 72
46 48
86 88
89 90
10 11
35 37
37 39
70 72
65 67
46 48
86 88
89 90
10 11
35 37
37 39
70 72
5 6
65 67
46 48
86 88
89 90
10 11
35 37
37 39
70 72
94 96
5 6
65 67
46 48
86 88
89 90
10 11
35 37
37 39
70 72
69 70
94 96
5 6
65 67
46 48
86 88
89 90
10 11
35 37
37 39
70 72
77 78
69 70
94 96
5 6
65 67
46 48
86 88
89 90
10 11
35 37
37 39
70 72
55 56
77 78
69 70
94 96
5 6
65 67
46 48
86 88
89 90
10 11
35 37
37 39
70 72
22 24
55 56
77 78
69 70
94 96
5 6
65 67
46 48
86 88
89 90
10 11
35 37
37 39
70 72
15 17
22 24
55 56
77 78
69 70
94 96
5 6
65 67
46 48
86 88
89 90
10 11
35 37
37 39
70 72
32 33
15 17
22 24
29 30
55 56
77 78
27 29
69 70
94 96
5 6
65 67
46 48
86 88
89 90
10 11
35 37
37 39
70 72
32 33
15 17
51 53
22 24
29 30
55 56
77 78
27 29
69 70
94 96
5 6
65 67
46 48
86 88
53 55
89 90
10 11
35 37
37 39
70 72
11 13
32 33
15 17
13 15
51 53
22 24
29 30
55 56
77 78
27 29
69 70
94 96
5 6
65 67
46 48
86 88
53 55
89 90
10 11
35 37
37 39
70 72
11 13
32 33
15 17
13 15
51 53
22 24
29 30
55 56
77 78
27 29
69 70
94 96
5 6
65 67
46 48
86 88
53 55
89 90
10 11
35 37
37 39
70 72
18 20
11 13
32 33
15 17
13 15
51 53
22 24
29 30
55 56
77 78
27 29
69 70
94 96
5 6
65 67
46 48
86 88
53 55
89 90
35 37
37 39
70 72
8 9
18 20
11 13
32 33
15 17
13 15
51 53
22 24
29 30
55 56
77 78
27 29
69 70
94 96
65 67
46 48
86 88
53 55
89 90
35 37
37 39
70 72
3 4
8 9
18 20
74 75
11 13
32 33
15 17
13 15
51 53
22 24
29 30
55 56
77 78
27 29
69 70
94 96
75 77
65 67
46 48
86 88
53 55
89 90
35 37
37 39
70 72
3 4
8 9
18 20
74 75
11 13
32 33
51 53
22 24
13 14
29 30
55 56
77 78
27 29
69 70
94 96
75 77
65 67
46 48
86 88
53 55
89 90
35 37
37 39
70 72
14 16
3 4
8 9
18 20
74 75
11 13
32 33
51 53
22 24
13 14
29 30
55 56
77 78
27 29
69 70
94 96
75 77
65 67
46 48
86 88
53 55
35 37
37 39
70 72
91 92
14 16
3 4
8 9
18 20
74 75
11 13
51 53
22 24
13 14
29 30
55 56
77 78
27 29
69 70
94 96
75 77
65 67
46 48
86 88
53 55
37 39
70 72
34 36
91 92
14 16
3 4
8 9
18 20
74 75
11 13
51 53
22 24
13 14
55 56
77 78
27 29
69 70
94 96
75 77
65 67
46 48
86 88
53 55
37 39
70 72
29 31
34 36
91 92
14 16
3 4
8 9
18 20
26 25
24 26
74 75
11 13
51 53
22 24
13 14
55 56
77 78
27 29
69 70
94 96
75 77
65 67
46 48
86 88
53 55
37 39
70 72
29 31
34 36
91 92
14 16
3 4
8 9
18 20
74 75
11 13
51 53
13 14
55 56
77 78
27 29
69 70
94 96
75 77
65 67
46 48
86 88
53 55
37 39
70 72
23 25
29 31
34 36
91 92
14 16
18 20
5 7
74 75
11 13
51 53
13 14
55 56
77 78
27 29
7 9
69 70
94 96
75 77
65 67
46 48
86 88
53 55
37 39
70 72
23 25
29 31
34 36
91 92
14 16
18 20
5 7
74 75
11 13
13 14
77 78
27 29
7 9
69 70
94 96
75 77
65 67
46 48
86 88
37 39
70 72
23 25
29 31
34 36
59 60
91 92
14 16
18 20
5 7
74 75
11 13
57 59
51 53
13 14
77 78
27 29
7 9
69 70
94 96
75 77
65 67
46 48
86 88
53 55
37 39
70 72
23 25
29 31
34 36
59 60
91 92
14 16
18 20
5 7
74 75
11 13
57 59
51 53
13 14
77 78
27 29
7 9
69 70
94 96
75 77
65 67
46 48
86 88
53 55
37 39
70 72
23 25
29 31
34 36
59 60
91 92
14 16
18 20
5 7
45 47
74 75
11 13
43 45
57 59
51 53
13 14
77 78
27 29
7 9
69 70
94 96
75 77
65 67
86 88
53 55
37 39
70 72
23 25
29 31
34 36
59 60
91 92
14 16
18 20
5 7
45 47
74 75
11 13
47 49
43 45
57 59
51 53
49 50
13 14
77 78
27 29
7 9
69 70
94 96
75 77
65 67
86 88
53 55
37 39
70 72
23 25
29 31
34 36
59 60
91 92
14 16
18 20
5 7
45 47
74 75
11 13
47 49
43 45
57 59
51 53
49 50
13 14
77 78
27 29
7 9
94 96
75 77
65 67
86 88
53 55
37 39
70 72
23 25
29 31
34 36
59 60
91 92
14 16
18 20
5 7
45 47
74 75
11 13
47 49
43 45
57 59
51 53
49 50
13 14
77 78
27 29
7 9
94 96
75 77
65 67
86 88
53 55
37 39
69 71
61 63
23 25
29 31
34 36
91 92
14 16
18 20
5 7
45 47
74 75
11 13
47 49
59 61
43 45
57 59
51 53
49 50
13 14
77 78
27 29
7 9
94 96
75 77
65 67
86 88
53 55
37 39
69 71
82 83
61 63
23 25
29 31
34 36
91 92
14 16
18 20
5 7
45 47
74 75
11 13
47 49
59 61
43 45
57 59
51 53
49 50
13 14
83 85
77 78
27 29
7 9
94 96
75 77
65 67
86 88
53 55
37 39
69 71
82 83
61 63
23 25
29 31
34 36
91 92
14 16
97 99
18 20
95 97
5 7
45 47
74 75
11 13
47 49
59 61
43 45
57 59
51 53
49 50
13 14
83 85
77 78
27 29
7 9
75 77
65 67
86 88
53 55
37 39
69 71
82 83
61 63
23 25
29 31
34 36
91 92
14 16
97 99
40 41
18 20
95 97
38 40
5 7
45 47
74 75
11 13
47 49
59 61
43 45
57 59
51 53
49 50
13 14
83 85
77 78
27 29
7 9
75 77
65 67
86 88
53 55
69 71
82 83
61 63
21 23
23 25
29 31
34 36
91 92
97 99
40 41
95 97
38 40
5 7
45 47
74 75
11 13
47 49
59 61
19 21
43 45
57 59
15 17
13 15
51 53
49 50
83 85
77 78
27 29
7 9
75 77
65 67
86 88
53 55
69 71
82 83
61 63
21 23
23 25
29 31
34 36
91 92
97 99
40 41
95 97
38 40
5 7
45 47
74 75
11 13
47 49
59 61
19 21
43 45
57 59
15 17
13 15
51 53
49 50
83 85
77 78
27 29
7 9
75 77
65 67
53 55
85 87
69 71
82 83
61 63
21 23
23 25
29 31
34 36
91 92
97 99
40 41
95 97
38 40
5 7
45 47
74 75
11 13
47 49
59 61
19 21
43 45
57 59
15 17
13 15
51 53
49 50
83 85
77 78
27 29
7 9
75 77
65 67
53 55
85 87
69 71
82 83
61 63
21 23
23 25
29 31
34 36
91 92
97 99
40 41
95 97
38 40
5 7
45 47
74 75
11 13
47 49
59 61
19 21
43 45
57 59
15 17
13 15
51 53
49 50
83 85
77 78
27 29
7 9
75 77
65 67
53 55
93 95
85 87
69 71
82 83
61 63
21 23
23 25
29 31
34 36
97 99
40 41
95 97
38 40
5 7
45 47
74 75
11 13
47 49
59 61
19 21
43 45
57 59
15 17
13 15
51 53
49 50
83 85
77 78
27 29
7 9
75 77
65 67
53 55
91 93
93 95
85 87
69 71
61 63
21 23
23 25
29 31
34 36
97 99
40 41
95 97
38 40
5 7
81 83
45 47
74 75
11 13
47 49
59 61
19 21
43 45
57 59
15 17
13 15
51 53
49 50
83 85
77 78
27 29
7 9
75 77
65 67
53 55
80 81
91 93
93 95
85 87
69 71
61 63
21 23
23 25
29 31
34 36
97 99
40 41
95 97
38 40
5 7
81 83
45 47
74 75
11 13
47 49
59 61
19 21
43 45
57 59
15 17
13 15
51 53
49 50
83 85
77 78
27 29
7 9
75 77
65 67
53 55
88 90
91 93
93 95
69 71
61 63
21 23
23 25
29 31
34 36
97 99
40 41
95 97
38 40
5 7
45 47
74 75
11 13
47 49
59 61
19 21
43 45
57 59
15 17
13 15
51 53
49 50
77 78
27 29
7 9
75 77
65 67
86 88
53 55
80 81
91 93
93 95
85 87
69 71
61 63
21 23
23 25
29 31
34 36
97 99
40 41
95 97
38 40
5 7
81 83
45 47
74 75
11 13
47 49
59 61
19 21
43 45
57 59
15 17
13 15
51 53
49 50
83 85
77 78
27 29
7 9
75 77
65 67
53 55
87 89
80 81
91 93
93 95
85 87
69 71
61 63
21 23
23 25
29 31
34 36
97 99
40 41
95 97
38 40
5 7
81 83
45 47
74 75
11 13
47 49
59 61
19 21
43 45
57 59
15 17
13 15
51 53
49 50
83 85
27 29
7 9
75 77
65 67
53 55
87 89
80 81
91 93
93 95
85 87
69 71
61 63
21 23
23 25
29 31
34 36
97 99
40 41
95 97
38 40
5 7
81 83
45 47
11 13
47 49
59 61
19 21
43 45
57 59
15 17
13 15
51 53
49 50
83 85
27 29
7 9
65 67
53 55
87 89
91 93
93 95
85 87
69 71
61 63
21 23
23 25
29 31
34 36
97 99
40 41
95 97
38 40
5 7
81 83
45 47
74 75
11 13
47 49
59 61
19 21
43 45
57 59
15 17
13 15
51 53
49 50
83 85
27 29
7 9
75 77
65 67
53 55
69 71
61 63
21 23
23 25
29 31
34 36
40 41
38 40
5 7
45 47
71 73
11 13
47 49
59 61
19 21
73 99
43 45
57 59
15 17
13 15
51 53
49 50
27 29
7 9
65 67
53 55
69 71
61 63
21 23
23 25
29 31
34 36
58 59
40 41
38 40
5 7
45 47
71 73
11 13
47 49
59 61
19 21
73 99
43 45
15 17
13 15
51 53
49 50
27 29
7 9
65 67
53 55
54 56
69 71
61 63
21 23
23 25
29 31
34 36
58 59
40 41
38 40
5 7
45 47
71 73
11 13
47 49
59 61
19 21
73 99
43 45
15 17
13 15
49 50
27 29
7 9
65 67
50 52
54 56
69 71
63 64
61 63
21 23
23 25
29 31
34 36
58 59
40 41
64 66
38 40
5 7
45 47
71 73
11 13
47 49
59 61
19 21
73 99
43 45
15 17
13 15
49 50
27 29
7 9
50 52
54 56
69 71
63 64
61 63
21 23
23 25
29 31
34 36
14 16
58 59
40 41
64 66
38 40
5 7
45 47
71 73
11 13
47 49
59 61
19 21
73 99
43 45
49 50
13 14
27 29
7 9
50 52
54 56
69 71
63 64
61 63
21 23
23 25
29 31
34 36
14 16
58 59
40 41
64 66
38 40
5 7
45 47
71 73
11 13
47 49
59 61
19 21
73 99
43 45
49 50
13 14
27 29
7 9
18 19
50 52
68 67
54 56
69 71
63 64
61 63
21 23
23 25
29 31
34 36
14 16
58 59
40 41
64 66
38 40
5 7
45 47
71 73
11 13
47 49
59 61
19 21
73 99
43 45
49 50
13 14
27 29
7 9
66 68
18 19
50 52
68 67
54 56
69 71
63 64
61 63
21 23
23 25
29 31
14 16
58 59
40 41
64 66
38 40
5 7
45 47
71 73
11 13
47 49
59 61
19 21
73 99
43 45
49 50
13 14
27 29
7 9
35 37
66 68
18 19
50 52
68 67
54 56
69 71
63 64
61 63
21 23
23 25
29 31
34 36
14 16
58 59
40 41
64 66
38 40
5 7
45 47
71 73
11 13
47 49
59 61
19 21
73 99
43 45
49 50
13 14
27 29
7 9
36 38
66 68
18 19
50 52
68 67
54 56
69 71
63 64
61 63
21 23
23 25
29 31
34 36
14 16
58 59
40 41
64 66
38 40
5 7
71 73
11 13
59 61
19 21
73 99
13 14
27 29
7 9
46 48
43 44
36 38
66 68
18 19
50 52
68 67
54 56
69 71
63 64
61 63
21 23
23 25
29 31
34 36
14 16
58 59
40 41
64 66
38 40
5 7
71 73
11 13
59 61
19 21
73 99
13 14
27 29
7 9
46 48
43 44
36 38
66 68
18 19
50 52
68 67
54 56
69 71
63 64
61 63
21 23
23 25
29 31
34 36
14 16
58 59
40 41
64 66
38 40
5 7
71 73
11 13
59 61
19 21
73 99
13 14
27 29
7 9
46 48
31 33
43 44
36 38
66 68
18 19
50 52
68 67
54 56
69 71
63 64
61 63
21 23
23 25
29 31
34 36
14 16
58 59
40 41
64 66
38 40
52 53
5 7
71 73
11 13
59 61
19 21
73 99
13 14
27 29
7 9
46 48
53 54
31 33
43 44
36 38
66 68
18 19
44 45
68 67
54 56
69 71
63 64
61 63
21 23
23 25
29 31
34 36
14 16
58 59
40 41
64 66
38 40
5 7
45 47
71 73
11 13
47 49
59 61
19 21
73 99
51 53
13 14
27 29
7 9
49 51
53 54
31 33
43 44
36 38
66 68
18 19
44 45
68 67
54 56
69 71
63 64
61 63
21 23
23 25
29 31
34 36
14 16
58 59
40 41
25 26
64 66
38 40
5 7
45 47
71 73
11 13
47 49
59 61
19 21
73 99
51 53
13 14
27 29
7 9
49 51
53 54
31 33
43 44
36 38
66 68
18 19
44 45
68 67
54 56
69 71
63 64
61 63
21 23
23 25
34 36
14 16
58 59
40 41
25 26
64 66
38 40
5 7
45 47
71 73
11 13
47 49
59 61
19 21
73 99
51 53
13 14
7 9
5 7
7 9
12 99
8 9
6 7
2 4
12 99
8 9
1 98
98 97
97 99
0 1
1 8
12 99
0 1
