165
40
13
87
54
2
59
32
16
10
58
97
33
48
98
55
52
39
72
50
90
5
8
63
75
74
29
9
82
68
1
56
22
88
28
77
84
4
45
79
12
31
27
24
36
44
25
42
25
36
65
61
36
47
44
42
44
42
27
36
47
12
44
37
35
67
12
37
44
37
44
26
61
35
37
44
37
44
64
42
44
45
84
22
76
45
43
22
76
45
43
45
61
56
76
45
43
64
83
88
64
77
41
76
88
43
88
43
88
42
88
88
61
29
88
71
64
83
64
5
41
83
75
42
83
31
88
72
50
42
31
77
41
41
41
88
74
43
41
98
73
4
41
98
77
72
88
27
36
72
27
36
72
42
50
36
52
83
98
74
49
43
87
59
72
36
269
80 85
71 3
30 41
6 61
76 66
19 51
37 57
62 51
37 35
38 36
94 96
19 86
93 7
60 95
60 66
69 85
53 66
53 66
69 85
69 85
60 95
69 85
93 25
25 51
69 85
6 44
44 42
42 89
25 51
94 25
20 36
19 86
36 69
69 85
65 24
36 69
24 36
69 85
61 65
27 20
47 27
20 36
36 69
69 85
19 47
6 44
44 42
69 85
42 31
31 96
6 44
44 42
69 85
42 89
27 38
47 27
36 69
69 85
19 47
91 12
19 86
12 51
79 67
67 12
6 44
12 51
44 37
37 79
67 12
35 67
6 44
12 51
44 37
6 44
37 62
44 37
26 61
45 85
80 26
61 45
35 4
37 35
4 51
6 44
44 37
6 44
69 85
44 37
84 69
6 84
69 85
80 77
77 51
19 51
28 19
64 28
0 64
88 99
6 44
42 88
44 42
22 45
84 22
45 85
6 84
0 43
22 45
60 22
45 85
43 76
66 60
0 43
76 56
22 45
45 85
43 76
56 22
45 85
61 45
0 43
76 56
56 1
1 45
45 85
43 76
64 68
0 64
68 83
82 7
64 82
7 88
88 99
0 64
77 51
41 77
9 3
0 43
76 9
88 99
43 76
3 88
29 3
88 99
3 88
0 29
0 43
74 46
43 74
75 42
30 75
88 99
42 88
88 99
63 88
0 63
6 61
61 8
8 7
7 88
88 99
29 71
88 99
3 88
0 29
5 83
64 5
83 99
0 64
30 41
41 90
90 64
5 83
64 5
83 99
42 50
50 83
75 42
30 75
83 99
72 31
30 72
31 7
7 88
88 99
42 50
39 42
72 31
30 72
50 83
7 39
31 7
83 99
30 41
77 80
41 77
52 85
30 41
41 52
55 88
30 41
88 99
41 55
74 91
86 98
0 43
98 99
43 74
57 98
41 48
48 73
30 41
73 69
98 99
77 33
57 98
33 4
30 41
4 57
41 77
98 99
36 38
38 27
30 72
27 97
97 88
72 36
88 99
27 58
36 38
80 85
38 27
58 80
30 72
72 36
10 42
36 38
42 50
30 72
50 83
38 10
72 36
83 99
52 85
16 52
0 16
0 32
32 83
83 99
0 59
59 99
2 98
30 2
98 99
54 80
80 85
0 54
74 49
87 99
0 43
49 87
43 74
87 99
59 13
13 87
0 59
40 99
36 40
30 72
72 36
