71
60
66
76
39
26
22
61
78
25
64
71
77
67
59
49
40
21
20
31
53
21
21
40
21
21
47
21
21
55
21
40
54
59
21
21
21
21
21
21
71
21
63
21
63
73
21
21
21
35
25
21
35
25
21
35
61
29
22
61
29
61
20
61
28
20
34
61
39
76
39
39
160
24 34
24 37
75 79
73 63
63 79
62 74
45 42
40 54
41 51
47 42
43 54
44 53
31 32
46 48
23 20
20 36
46 48
30 31
46 48
24 21
46 48
21 33
24 21
53 52
21 33
24 21
46 40
40 43
21 33
24 21
46 40
40 43
21 33
43 54
24 21
49 43
58 49
21 33
24 21
46 47
21 33
24 21
21 33
45 59
55 54
24 21
59 55
21 33
59 40
45 59
24 21
54 42
21 33
24 21
21 33
45 42
24 21
72 67
67 69
21 33
62 77
45 42
24 21
77 69
21 33
45 42
24 21
71 79
65 71
72 65
21 33
64 79
45 42
24 21
72 65
65 64
21 33
45 42
74 71
24 21
71 79
21 33
45 42
24 21
65 63
72 65
21 33
62 74
63 79
45 42
24 21
21 33
45 42
24 21
21 33
75 79
45 42
21 25
24 21
25 35
72 78
35 38
45 42
21 25
24 21
78 79
25 35
72 61
35 38
45 42
21 25
24 21
61 79
25 35
22 29
72 61
45 42
61 79
29 38
24 22
22 29
23 22
72 61
45 42
61 79
29 38
34 20
72 61
45 42
61 79
20 36
28 26
24 34
20 28
34 20
72 61
45 42
26 38
61 79
72 61
24 39
45 42
61 79
39 38
72 76
24 39
45 42
76 79
39 38
72 76
66 79
76 66
24 39
45 42
39 38
60 79
72 60
24 39
45 42
39 38
