91
8
4
6
16
9
17
12
24
70
44
49
49
39
49
76
20
63
39
49
20
26
63
39
49
39
49
33
39
49
45
90
39
45
43
39
39
79
39
39
85
44
39
44
39
39
81
41
87
39
41
39
41
44
39
67
39
39
33
39
39
39
14
39
39
39
12
39
89
41
39
41
39
41
44
95
41
44
48
98
45
54
45
45
77
45
45
45
45
9
51
50
295
0 1
50 1
25 21
28 30
28 77
0 7
54 7
98 7
0 48
0 95
42 40
89 40
11 12
11 10
28 25
19 23
29 21
67 21
32 34
40 41
87 41
32 81
38 36
85 36
22 32
22 79
38 43
38 90
23 33
22 11
26 20
76 20
39 22
31 1
31 21
40 49
49 23
40 49
49 23
2 39
31 1
40 49
49 23
22 76
20 63
63 11
39 22
2 39
31 1
40 49
49 23
22 26
20 63
63 11
39 22
2 39
31 1
40 49
49 23
39 22
2 39
31 1
40 49
49 23
22 11
39 22
33 30
2 39
31 1
40 49
49 23
35 45
22 11
39 22
45 25
90 13
5 35
2 39
31 1
35 45
22 11
39 22
45 25
43 13
5 35
2 39
31 1
39 22
2 39
79 30
31 1
39 22
2 39
31 1
22 32
44 34
39 22
2 39
42 44
31 1
46 44
28 85
44 34
22 11
39 22
2 39
31 1
46 44
44 34
22 11
39 22
2 39
31 1
22 32
39 22
2 39
31 1
81 31
41 31
22 11
39 22
2 39
38 87
31 1
41 31
22 11
39 22
2 39
31 1
44 46
36 38
40 41
22 32
34 44
41 31
39 22
2 39
31 1
29 67
22 32
21 31
39 22
2 39
31 1
22 32
21 31
39 22
2 39
31 1
27 19
29 21
23 33
21 31
39 22
33 30
2 39
31 1
28 70
70 25
29 21
21 31
22 11
39 22
2 39
31 1
29 21
21 31
22 11
39 22
2 39
31 1
19 23
24 29
27 19
29 21
23 14
14 24
21 31
39 22
2 39
31 1
19 12
12 18
27 19
29 21
21 31
39 22
2 39
31 1
29 21
21 31
22 11
39 22
2 39
31 1
12 18
29 21
21 31
22 11
39 22
2 39
31 1
40 41
22 32
32 89
41 31
39 22
2 39
31 1
40 41
22 32
41 31
39 22
2 39
31 1
46 44
34 32
42 40
40 41
44 34
41 31
95 46
31 1
46 44
34 32
42 40
40 41
44 34
41 31
48 46
31 1
0 98
29 21
35 45
21 31
45 25
31 1
0 54
29 21
35 45
21 31
45 25
31 1
29 21
35 45
21 31
45 25
31 1
25 28
0 7
29 21
35 45
77 29
21 31
45 25
31 1
25 28
0 7
29 21
35 45
21 31
45 25
31 1
17 21
0 7
25 17
35 45
21 31
45 25
31 1
0 7
35 45
21 31
45 25
31 1
25 21
2 9
9 18
21 31
31 1
16 21
2 9
9 16
21 31
31 1
7 6
6 3
0 7
2 4
4 51
51 3
2 50
7 8
8 99
0 7
