193
58
27
32
28
89
39
52
6
38
29
45
23
37
73
14
34
63
87
35
55
31
2
77
33
64
88
53
43
1
13
86
46
10
80
11
25
20
91
50
57
18
17
60
92
3
49
82
74
68
36
72
65
56
15
54
47
75
9
59
24
8
70
26
79
67
42
84
51
78
48
16
16
71
71
24
42
79
51
75
70
76
15
79
76
15
15
71
68
15
56
15
82
82
71
3
82
49
71
70
76
15
82
82
49
71
59
24
18
82
92
82
71
59
24
18
18
70
15
83
71
46
11
71
56
71
11
40
19
67
18
1
19
1
71
19
13
56
71
11
46
71
11
33
56
71
11
8
33
56
11
71
82
88
1
84
19
71
82
43
87
71
69
87
33
71
78
31
11
11
31
19
15
53
71
33
11
82
14
11
45
48
73
11
19
15
23
71
45
39
2
39
23
82
344
19 93
16 84
90 21
69 85
0 41
7 5
4 85
62 12
62 12
16 4
76 16
4 85
62 12
62 12
62 12
48 85
62 12
0 48
78 85
48 78
62 12
0 48
62 12
51 85
7 51
62 12
84 62
30 84
62 12
62 12
7 42
42 83
4 16
42 4
84 62
7 42
62 12
78 67
67 66
48 78
0 48
7 79
79 62
62 12
26 62
62 12
71 26
0 71
70 62
71 70
62 12
81 8
0 41
8 12
0 41
22 24
24 12
59 24
42 59
7 42
24 12
79 85
85 9
7 79
9 93
51 75
7 51
75 93
47 75
75 93
0 47
5 54
0 41
54 93
15 19
76 15
19 93
0 71
70 76
71 70
56 21
21 15
15 19
19 93
7 79
79 56
65 93
0 65
15 19
76 15
19 93
0 71
72 76
71 72
5 36
19 93
0 41
36 19
21 15
15 19
68 21
19 93
0 71
71 68
74 68
21 15
15 19
68 21
19 93
0 71
71 74
82 93
0 41
22 82
40 56
56 21
21 15
49 84
15 19
19 93
0 71
84 40
71 49
82 93
3 22
22 82
0 3
82 93
0 71
92 82
71 92
60 62
82 93
62 3
0 41
3 22
22 82
41 60
0 71
49 17
17 93
71 49
18 70
15 19
76 15
19 93
70 76
0 18
82 93
57 82
0 57
82 93
50 22
49 50
0 71
22 82
71 49
82 93
24 59
59 91
18 24
91 82
0 18
20 92
82 93
0 71
92 82
71 20
24 59
59 25
19 93
25 19
18 24
0 18
11 93
0 11
18 70
70 80
80 93
0 18
15 19
10 83
19 93
83 15
0 10
0 71
71 46
46 93
46 62
62 86
11 93
0 71
86 11
71 46
40 56
56 21
21 11
11 93
0 71
13 40
71 13
1 19
19 93
0 41
41 1
7 43
43 93
18 67
67 53
53 93
0 18
88 1
7 88
1 19
19 93
1 19
19 93
0 71
64 1
71 64
40 56
33 11
56 33
11 93
0 71
13 40
71 13
46 77
77 11
11 93
0 71
71 46
40 56
33 11
56 33
2 40
11 93
0 71
71 2
41 31
33 11
8 56
56 33
11 93
0 41
31 8
82 93
55 30
0 71
71 55
30 82
35 84
88 1
1 19
16 88
84 16
19 93
0 35
71 87
82 93
0 71
30 82
87 30
71 87
63 69
69 43
87 63
0 71
43 93
71 87
33 11
78 34
34 33
87 78
11 93
0 71
41 31
14 21
21 11
11 93
31 14
0 41
73 21
21 11
11 93
0 73
41 31
31 37
37 15
15 19
19 93
0 41
23 53
71 23
0 71
53 93
33 11
0 45
11 93
45 33
82 93
41 29
0 41
29 82
41 38
14 21
38 14
21 11
11 93
0 41
73 21
45 48
48 6
6 73
21 11
0 45
11 93
52 15
15 19
0 52
19 93
39 93
71 23
23 39
0 71
45 89
39 93
89 2
0 45
2 39
39 93
28 22
0 28
23 39
22 23
41 32
32 93
0 41
41 27
27 93
0 41
0 58
82 93
58 82
