220
43
41
23
29
30
49
28
3
73
5
69
85
53
60
56
83
50
2
26
71
79
65
36
59
87
12
4
21
7
61
15
89
81
51
68
64
77
37
48
19
11
40
39
84
24
14
8
45
46
66
52
27
72
34
16
22
62
76
18
38
78
13
82
20
47
33
25
57
80
10
75
1
35
70
86
63
58
9
17
44
32
55
42
74
54
6
67
31
1
25
54
20
78
42
75
17
1
25
80
18
78
18
75
18
38
54
62
17
66
22
75
46
66
18
66
75
46
66
75
40
67
66
22
75
11
67
19
11
48
84
19
48
19
11
19
19
22
51
74
19
22
51
19
48
51
19
51
51
17
39
81
74
51
19
7
81
74
51
7
63
51
19
52
15
64
48
58
36
81
74
51
65
9
59
36
21
39
26
36
21
12
7
74
51
36
51
51
61
50
12
74
36
74
51
59
15
26
21
36
50
53
36
74
53
36
12
56
25
36
51
49
36
51
51
59
24
28
23
9
65
346
0 90
31 90
0 31
67 90
0 67
6 90
0 6
54 90
0 54
74 90
0 74
42 6
6 90
0 42
55 90
0 55
32 6
6 90
0 32
0 44
44 90
0 17
17 90
32 9
9 90
0 32
58 54
0 58
54 90
58 63
63 90
0 58
86 63
17 86
0 17
63 90
70 90
0 70
0 35
35 90
58 1
1 90
0 58
75 90
17 75
0 17
10 90
0 10
17 80
80 90
0 17
57 75
17 80
80 57
75 90
0 17
57 75
75 90
25 57
0 25
75 90
17 33
33 75
0 17
25 1
1 47
57 75
47 57
75 90
0 25
20 75
75 90
0 20
25 82
82 90
0 25
58 13
13 75
75 90
0 58
25 1
1 78
78 90
0 25
38 54
54 20
20 75
75 90
0 38
0 18
18 90
42 78
76 42
78 90
0 76
17 62
62 75
75 90
0 17
25 1
1 22
22 75
18 25
75 90
0 18
80 16
18 80
16 75
75 90
0 18
34 78
78 90
0 34
18 72
75 90
72 75
0 18
18 27
27 90
0 18
38 54
54 52
52 90
0 38
66 17
17 62
62 75
75 90
0 66
66 46
46 22
22 75
75 90
0 66
45 75
75 90
0 45
66 46
46 8
8 52
52 90
0 66
18 14
14 90
0 18
24 75
66 24
75 90
0 66
66 46
46 84
84 90
0 66
39 90
0 39
40 75
75 90
0 40
67 11
66 67
40 66
11 90
0 40
22 75
19 22
75 90
0 19
67 11
19 48
48 67
11 90
0 19
37 11
11 90
0 37
48 77
19 48
77 84
84 90
0 19
48 64
19 48
0 19
64 90
68 11
19 68
11 90
0 19
22 51
51 90
19 22
0 19
81 74
74 51
22 81
51 90
19 22
0 19
89 51
51 90
19 89
0 19
15 51
19 48
48 15
51 90
0 19
61 51
51 90
0 61
51 90
0 7
17 51
7 17
21 39
39 90
0 21
4 81
81 74
74 51
19 4
51 90
0 19
81 74
74 51
7 12
51 90
0 7
12 81
7 87
63 51
51 90
0 7
87 63
19 59
59 90
0 19
0 36
36 52
52 90
15 51
65 58
64 48
0 65
58 64
48 15
51 90
79 22
81 74
74 51
22 81
0 36
51 90
36 79
71 9
0 65
9 59
65 71
59 90
26 21
36 26
0 36
21 39
39 90
26 21
36 26
21 2
0 36
2 90
74 51
12 50
50 74
7 12
51 90
0 7
83 51
0 36
51 90
36 83
56 61
61 51
51 90
0 56
60 90
0 60
36 53
74 51
12 50
50 74
0 36
53 12
51 90
74 51
85 74
51 90
0 85
69 59
0 69
59 90
26 21
5 15
15 51
36 26
0 36
21 5
51 90
36 53
74 51
73 50
50 74
0 36
53 73
51 90
36 53
0 36
53 12
12 3
3 90
56 25
25 28
28 90
0 56
0 36
36 49
49 51
51 90
0 30
30 36
36 49
49 51
51 90
29 51
51 90
0 29
0 23
23 59
59 90
0 23
23 24
9 41
24 9
41 28
28 90
43 90
0 65
65 43
