98
1
2
3
4
5
6
7
8
9
10
11
12
13
14
15
16
17
18
19
20
21
22
23
24
25
26
27
28
29
30
31
32
33
34
35
36
37
38
39
40
41
42
43
44
45
46
47
48
49
50
51
52
53
54
55
56
57
58
59
60
61
62
63
64
65
66
67
68
69
70
71
72
73
74
75
76
77
78
79
80
81
82
83
84
85
86
87
88
89
90
91
92
93
94
95
96
97
98
196
0 98
98 99
0 97
97 99
0 96
96 99
0 95
95 99
0 94
94 99
0 93
93 99
0 92
92 99
0 91
91 99
0 90
90 99
0 89
89 99
0 88
88 99
0 87
87 99
0 86
86 99
0 85
85 99
0 84
84 99
0 83
83 99
0 82
82 99
0 81
81 99
0 80
80 99
0 79
79 99
0 78
78 99
0 77
77 99
0 76
76 99
0 75
75 99
0 74
74 99
0 73
73 99
0 72
72 99
0 71
71 99
0 70
70 99
0 69
69 99
0 68
68 99
0 67
67 99
0 66
66 99
0 65
65 99
0 64
64 99
0 63
63 99
0 62
62 99
0 61
61 99
0 60
60 99
0 59
59 99
0 58
58 99
0 57
57 99
0 56
56 99
0 55
55 99
0 54
54 99
0 53
53 99
0 52
52 99
0 51
51 99
0 50
50 99
0 49
49 99
0 48
48 99
0 47
47 99
0 46
46 99
0 45
45 99
0 44
44 99
0 43
43 99
0 42
42 99
0 41
41 99
0 40
40 99
0 39
39 99
0 38
38 99
0 37
37 99
0 36
36 99
0 35
35 99
0 34
34 99
0 33
33 99
0 32
32 99
0 31
31 99
0 30
30 99
0 29
29 99
0 28
28 99
0 27
27 99
0 26
26 99
0 25
25 99
0 24
24 99
0 23
23 99
0 22
22 99
0 21
21 99
0 20
20 99
0 19
19 99
0 18
18 99
0 17
17 99
0 16
16 99
0 15
15 99
0 14
14 99
0 13
13 99
0 12
12 99
0 11
11 99
0 10
10 99
0 9
9 99
0 8
8 99
0 7
7 99
0 6
6 99
0 5
5 99
0 4
4 99
0 3
3 99
0 2
2 99
0 1
1 99
