158
69
86
78
81
58
88
59
65
56
95
93
82
77
76
61
80
79
92
98
83
73
90
53
85
97
72
62
74
54
94
91
55
75
67
51
68
89
1
2
3
4
5
6
7
8
9
10
11
12
13
14
15
16
17
18
19
20
21
22
23
24
25
26
27
28
29
30
31
32
33
34
35
36
37
38
39
40
41
42
43
44
45
46
47
70
66
63
71
70
70
70
70
70
70
70
70
70
70
70
70
70
70
70
70
70
70
70
70
70
70
70
70
70
70
70
70
70
70
70
70
70
70
66
66
96
63
89
57
96
63
55
71
91
55
57
71
57
57
60
90
90
71
57
94
90
90
73
90
79
82
57
93
57
59
57
81
58
88
351
50 99
0 49
64 84
50 71
50 84
50 63
63 84
50 66
66 84
71 87
64 70
70 99
0 47
47 49
64 70
70 99
0 46
46 49
64 70
70 99
0 45
45 49
64 70
70 99
0 44
44 49
64 70
70 99
0 43
43 49
64 70
70 99
0 42
42 49
64 70
70 99
0 41
41 49
64 70
70 99
0 40
40 49
64 70
70 99
0 39
39 49
64 70
70 99
0 38
38 49
64 70
70 99
0 37
37 49
64 70
70 99
0 36
36 49
64 70
70 99
0 35
35 49
64 70
70 99
0 34
34 49
64 70
70 99
0 33
33 49
64 70
70 99
0 32
32 49
64 70
70 99
0 31
31 49
64 70
70 99
0 30
30 49
64 70
70 99
0 29
29 49
64 70
70 99
0 28
28 49
64 70
70 99
0 27
27 49
64 70
70 99
0 26
26 49
64 70
70 99
0 25
25 49
64 70
70 99
0 24
24 49
64 70
70 99
0 23
23 49
64 70
70 99
0 22
22 49
64 70
70 99
0 21
21 49
64 70
70 99
0 20
20 49
64 70
70 99
0 19
19 49
64 70
70 99
0 18
18 49
64 70
70 99
0 17
17 49
64 70
70 99
0 16
16 49
64 70
70 99
0 15
15 49
64 70
70 99
0 14
14 49
64 70
70 99
0 13
13 49
64 70
70 99
0 12
12 49
64 70
70 99
0 11
11 49
64 70
70 99
0 10
10 49
64 70
70 99
0 9
9 49
64 70
70 99
0 8
8 49
64 70
70 99
0 7
7 49
64 70
70 99
0 6
6 49
64 70
70 99
0 5
5 49
64 70
70 99
0 4
4 49
64 70
70 99
0 3
3 49
64 70
70 99
0 2
2 49
64 70
70 99
0 1
1 49
64 70
70 99
64 70
70 99
0 49
50 66
66 89
89 99
0 49
66 68
50 66
68 99
96 51
63 96
0 49
50 63
51 99
0 49
67 89
50 67
89 99
0 49
75 57
57 99
50 75
63 96
0 49
96 55
55 99
50 63
0 49
91 55
55 99
50 91
0 49
94 99
50 94
0 49
50 71
54 99
71 54
74 55
91 74
0 49
55 99
50 91
62 57
0 49
57 99
50 62
0 49
50 71
71 72
72 99
0 49
97 57
57 99
50 97
0 49
50 85
85 99
53 57
0 49
57 99
50 53
60 90
0 49
90 99
50 60
73 90
0 49
90 99
50 73
0 49
83 99
50 83
98 90
0 49
50 71
90 99
71 98
92 57
0 49
57 99
50 92
94 90
0 49
50 79
90 99
79 94
80 73
73 90
0 49
90 99
50 80
61 90
0 49
90 99
50 61
0 49
76 99
50 76
79 77
0 49
50 79
77 99
0 49
50 82
82 99
93 82
50 93
0 49
82 99
95 57
0 49
50 95
57 99
56 99
50 93
0 49
93 56
0 49
50 65
65 99
59 57
50 59
0 49
57 99
88 99
64 88
59 64
50 59
0 49
50 58
58 57
0 49
57 99
81 99
0 49
50 81
50 78
78 81
81 99
0 49
50 58
58 86
0 49
86 99
88 99
69 88
50 69
0 49
0 49
