248
40
14
95
26
16
2
81
49
73
58
93
88
10
25
43
24
22
28
36
13
4
76
12
20
68
85
67
62
66
34
31
5
1
9
59
79
9
89
50
47
9
66
48
55
29
67
66
48
34
55
79
56
85
34
83
85
34
48
85
23
85
83
20
85
79
56
34
12
20
85
1
68
48
31
68
20
48
68
20
48
23
20
85
83
20
31
67
66
20
85
20
20
85
20
62
89
18
20
85
30
71
32
47
48
66
85
79
20
85
79
20
85
71
54
20
85
37
13
20
85
71
54
28
83
85
24
20
85
71
54
85
15
54
24
4
59
20
89
19
60
54
85
86
56
4
12
20
22
48
50
47
68
1
32
50
29
48
55
20
83
85
60
4
42
20
85
37
54
85
30
4
20
89
25
55
48
12
4
42
59
4
89
10
4
89
1
68
32
54
85
60
93
71
4
48
93
5
32
55
48
49
85
81
85
2
4
88
81
12
2
23
60
49
4
42
55
2
50
48
16
76
2
32
54
2
50
85
2
42
4
10
95
2
1
59
49
95
95
43
2
50
95
2
10
95
2
59
4
411
10 2
27 80
53 49
10 1
42 78
54 80
55 97
81 12
94 5
1 87
10 74
59 74
55 51
37 44
42 60
29 50
32 94
50 65
80 97
86 41
54 19
89 59
64 75
53 24
83 28
13 44
71 53
57 96
66 60
72 6
67 31
72 78
23 38
68 17
31 78
65 80
34 61
6 77
64 90
23 86
67 8
48 55
50 15
94 69
90 38
96 38
9 7
65 1
5 33
46 5
91 31
31 45
1 70
91 9
59 34
8 59
34 38
61 66
66 79
79 57
90 38
9 7
62 9
23 89
89 62
47 50
3 47
96 38
67 91
9 7
72 67
91 9
66 61
0 48
29 66
55 29
96 38
48 55
66 67
59 34
0 48
8 59
29 66
34 38
55 29
0 85
79 57
85 79
86 56
0 85
56 34
34 38
85 83
0 85
85 54
90 38
0 48
34 38
68 34
48 68
64 90
0 85
85 54
0 85
83 23
41 20
94 69
23 94
20 74
85 83
0 85
79 12
44 20
12 61
85 79
20 74
12 56
0 85
79 12
56 34
44 20
85 79
20 74
68 1
1 65
0 48
48 68
68 45
0 48
45 31
41 20
20 74
48 68
0 48
41 20
94 69
20 74
48 68
0 85
83 23
44 20
20 74
38 96
85 83
41 20
20 74
31 78
66 67
0 85
79 66
41 20
85 79
20 74
30 20
20 74
76 78
0 85
85 54
41 20
20 74
54 76
0 4
30 20
4 89
18 30
20 74
62 18
89 62
30 20
0 85
85 54
71 13
13 30
54 71
20 74
32 36
36 60
0 32
47 28
28 39
3 47
0 48
22 60
48 22
0 85
79 66
85 79
0 85
79 57
44 20
85 79
20 74
0 85
85 54
41 20
54 71
20 74
0 85
24 44
44 20
37 24
20 74
85 37
0 85
85 54
71 13
44 20
54 71
20 74
0 85
28 39
85 83
71 53
0 85
24 44
85 54
44 20
54 71
20 74
0 85
85 54
15 64
54 15
59 24
0 4
24 44
4 89
44 20
20 74
19 60
0 85
85 54
60 75
12 56
4 42
0 4
56 86
42 12
41 20
20 74
65 80
0 48
22 65
48 22
80 97
65 80
47 50
3 47
80 97
65 80
17 68
68 1
1 65
0 32
50 65
80 97
65 80
48 55
0 48
55 29
83 43
0 85
43 20
20 74
85 83
4 42
0 4
60 75
0 85
44 20
20 74
85 37
0 85
54 25
85 54
25 98
89 10
0 4
30 20
10 30
4 89
20 74
48 55
51 25
0 48
25 98
12 88
4 42
0 4
42 12
88 87
89 59
0 4
4 89
89 10
0 4
4 89
32 94
17 68
68 1
0 32
0 85
85 54
54 93
93 35
42 60
58 71
60 58
4 42
0 4
71 93
93 35
0 48
73 35
48 73
32 94
5 93
93 35
0 32
48 55
49 99
55 49
0 48
81 39
0 85
85 81
39 49
49 99
2 99
81 39
77 2
0 85
85 81
2 99
77 2
0 4
16 77
4 16
88 23
86 41
2 99
23 86
12 88
41 2
0 85
85 81
42 60
26 49
60 26
4 42
0 4
49 99
65 50
97 80
2 99
80 65
50 2
48 55
0 48
94 76
32 94
0 95
2 99
77 2
76 16
95 32
16 77
65 50
2 99
80 65
50 2
0 85
85 54
2 99
72 6
78 72
77 2
6 77
4 42
0 4
74 10
65 50
59 74
0 95
2 99
50 2
1 65
95 59
0 95
95 53
49 99
65 50
43 27
0 95
2 99
95 43
80 65
50 2
53 14
0 95
2 99
14 2
95 53
74 10
59 74
0 95
2 99
95 59
40 99
4 40
0 4
