171
5
21
7
55
69
70
27
39
3
54
58
71
13
9
20
59
33
62
68
1
15
8
40
47
43
41
44
23
17
2
63
25
37
36
14
49
52
50
32
56
10
24
31
53
35
48
19
4
64
51
60
46
67
28
12
66
57
11
45
61
65
29
38
72
16
18
34
26
42
22
30
30
22
42
42
34
19
11
67
19
18
26
24
19
18
67
67
56
61
67
14
67
32
49
49
14
14
4
31
14
14
67
57
14
14
72
14
67
56
14
17
14
14
57
72
14
31
14
4
72
57
14
42
47
17
10
14
62
10
14
4
14
4
72
57
14
17
14
72
14
57
15
72
14
57
58
30
14
54
49
58
43
3
58
67
3
58
17
49
3
54
49
58
14
68
33
14
4
69
14
14
308
0 73
34 22
42 6
42 26
6 22
6 30
30 73
0 30
22 73
0 22
30 73
0 42
42 73
22 73
26 73
0 26
26 73
0 42
6 22
22 73
0 42
34 73
0 34
18 73
0 18
16 73
0 16
22 16
16 73
0 34
42 72
72 73
0 42
0 38
38 73
0 29
29 73
65 73
0 65
61 26
26 18
0 61
18 73
45 73
0 45
61 26
26 11
0 61
11 73
30 6
6 42
42 57
61 30
0 61
57 73
66 11
61 66
0 61
11 73
61 12
12 16
0 61
16 73
66 28
61 66
0 61
28 73
61 67
67 73
0 61
61 46
46 73
0 61
6 42
42 67
60 6
67 73
0 60
51 26
26 61
61 46
46 73
0 51
64 45
0 64
45 73
30 6
6 42
4 30
42 67
67 73
0 4
19 42
42 67
67 73
0 19
48 42
42 67
67 73
0 48
0 35
35 73
53 11
19 42
11 66
66 19
42 67
0 53
67 73
31 67
0 31
67 73
19 42
18 19
24 18
42 67
0 24
67 73
28 66
26 51
66 26
51 10
24 28
10 67
0 24
67 73
19 42
18 19
56 18
42 67
0 56
67 73
0 32
32 67
67 73
0 50
50 73
52 67
0 52
67 73
61 49
56 61
0 56
49 73
0 14
14 67
67 73
0 14
36 67
14 36
67 73
37 49
32 37
0 32
49 73
72 25
0 14
25 49
14 72
49 73
14 4
0 14
4 63
63 73
31 2
14 4
0 14
4 31
2 67
67 73
14 17
0 14
17 67
67 73
72 57
57 23
0 14
14 72
23 73
44 67
0 14
72 44
14 72
67 73
0 14
41 67
14 41
67 73
56 43
0 14
14 56
43 73
14 17
0 14
17 47
47 73
0 14
14 40
40 73
72 57
0 14
57 8
14 72
8 73
0 15
15 73
31 1
14 4
0 14
4 31
1 73
72 57
57 42
0 14
14 72
42 68
68 73
47 10
14 17
10 62
0 14
17 47
62 73
4 33
14 4
33 10
10 62
0 14
62 73
14 4
0 14
4 59
59 73
72 57
0 14
57 20
14 72
20 73
14 17
0 14
17 9
9 73
72 57
57 13
0 14
14 72
13 73
15 71
0 15
71 73
72 57
0 14
57 58
14 72
58 73
14 54
6 30
54 6
0 14
30 58
58 73
14 54
42 43
43 49
3 58
6 42
49 3
54 6
0 14
58 73
3 58
0 39
67 3
39 67
58 73
27 49
3 58
17 27
49 3
14 17
0 14
58 73
14 54
54 70
43 49
3 58
70 43
49 3
0 14
58 73
0 14
14 69
69 73
55 68
0 55
68 73
33 7
4 33
14 4
0 14
7 73
69 21
21 73
0 14
14 69
0 14
14 5
5 73
