198
11
29
76
75
96
91
12
84
61
49
66
74
45
8
4
57
20
53
18
39
44
72
65
54
19
79
3
78
23
73
52
10
25
98
94
35
62
64
28
15
34
27
55
63
59
38
47
32
50
67
37
33
21
31
77
17
71
86
30
16
71
77
86
86
80
67
56
13
71
86
50
71
86
9
16
83
97
47
13
17
47
83
47
16
13
97
38
48
2
38
48
2
82
47
83
88
13
38
48
2
88
83
13
48
2
88
83
82
48
2
48
2
17
63
83
27
31
67
52
32
80
52
2
60
88
17
52
32
17
67
52
83
67
80
58
67
80
36
73
60
2
23
17
52
83
67
52
80
80
86
23
37
80
56
39
5
80
2
86
80
86
2
72
23
67
80
36
2
67
80
58
67
64
48
80
49
16
56
80
49
86
16
2
49
2
48
67
80
58
80
96
32
96
2
2
29
67
80
389
0 99
86 2
80 70
83 88
38 48
13 97
46 16
83 17
13 6
68 83
2 99
95 9
92 68
70 99
80 67
46 90
81 93
16 30
17 85
77 81
36 22
71 7
14 89
46 7
68 24
97 69
0 87
95 21
21 31
0 87
31 77
0 87
0 87
97 69
69 33
33 6
0 87
0 87
46 7
89 43
0 87
43 41
14 89
89 43
43 41
0 87
71 7
14 89
7 77
89 43
43 41
36 22
71 17
86 71
0 86
36 22
30 36
92 16
77 81
71 7
7 77
86 71
43 41
0 86
36 22
0 87
14 89
86 37
89 43
37 14
43 41
0 86
67 36
56 67
36 22
56 80
67 36
36 22
92 13
13 56
71 50
50 93
86 71
43 41
0 86
71 50
50 93
86 71
0 86
46 90
36 22
70 99
89 43
9 89
0 87
32 22
0 87
87 32
97 69
0 87
70 99
16 47
47 42
92 16
92 68
2 99
97 69
83 97
92 68
2 99
46 90
90 38
38 2
46 59
70 99
92 68
59 43
70 99
6 47
92 13
47 42
17 85
70 99
68 83
92 68
85 47
47 42
70 99
92 68
16 47
47 42
2 99
97 69
92 13
92 68
68 24
63 99
24 63
92 68
2 99
46 90
90 38
48 2
38 48
55 38
2 99
87 82
48 2
82 55
0 87
70 99
68 27
92 68
27 43
70 99
68 83
92 68
88 47
47 42
70 99
13 34
92 13
34 70
38 48
51 38
92 68
2 99
68 15
15 51
48 2
83 88
68 83
92 68
88 28
28 41
13 64
64 48
2 99
48 2
92 13
83 88
88 62
68 83
92 68
62 41
82 35
70 99
87 82
35 42
0 87
94 48
2 99
92 94
48 2
95 98
98 48
2 99
48 2
0 87
85 25
83 17
25 81
17 85
81 63
68 83
92 68
63 99
68 27
27 31
92 68
31 10
10 99
87 52
52 41
0 87
67 80
87 52
70 99
52 32
36 67
32 36
0 87
60 73
87 52
2 99
52 60
73 2
0 87
83 88
17 83
87 52
32 17
52 32
23 99
88 23
0 87
80 70
17 83
78 58
67 80
87 52
32 17
58 67
70 99
52 32
83 78
0 87
70 99
3 42
0 3
92 79
79 99
80 70
67 80
58 67
70 99
19 58
0 19
80 70
67 80
54 22
70 99
36 67
22 36
0 54
60 73
65 60
2 99
73 2
0 65
17 83
72 23
87 52
32 17
83 72
52 32
23 99
0 87
80 70
67 80
87 52
52 44
70 99
44 67
0 87
80 70
70 99
86 39
39 80
0 86
87 18
18 37
37 23
23 99
0 87
80 70
53 56
56 80
70 99
92 53
80 70
70 99
20 5
5 39
39 80
0 20
2 99
0 86
80 70
70 99
57 80
0 57
86 2
4 86
2 99
0 4
72 23
0 8
23 99
8 72
80 70
67 80
70 99
36 67
45 36
0 45
74 2
2 99
0 74
80 70
67 80
66 58
58 67
70 99
0 66
80 70
67 80
70 99
48 64
0 49
49 48
64 67
80 70
61 56
16 46
56 80
70 99
0 49
49 16
46 61
46 84
16 46
86 2
0 49
49 16
84 86
2 99
12 2
0 49
49 48
48 12
2 99
80 70
67 80
58 67
70 99
91 58
0 91
80 70
70 99
96 80
0 96
32 75
96 32
75 99
0 96
76 2
96 76
2 99
0 96
0 29
2 99
29 2
0 29
80 70
11 67
67 80
70 99
29 11
