352
83
60
39
76
28
12
14
65
54
26
44
59
70
49
23
42
84
82
86
10
11
9
22
69
87
71
46
38
25
89
72
29
88
24
52
40
13
62
27
56
8
85
37
41
55
74
73
94
57
75
6
36
33
58
66
16
47
34
2
4
92
95
97
32
64
98
98
63
98
98
98
98
98
91
98
98
97
98
92
91
4
4
2
2
2
34
2
2
4
47
47
34
19
47
34
47
34
16
50
34
16
50
16
66
58
16
66
58
16
33
58
16
33
58
16
33
58
66
51
33
66
51
33
58
51
66
33
66
33
34
33
66
36
33
6
36
33
6
36
33
66
98
75
6
36
33
98
66
75
6
57
98
91
66
75
57
66
75
6
94
57
6
36
94
66
75
57
6
94
57
6
36
74
94
50
63
55
74
94
33
55
74
94
63
37
55
74
92
85
37
55
74
8
85
37
64
56
8
85
37
27
8
85
37
62
27
85
37
13
62
27
34
40
13
62
27
52
8
41
62
24
52
8
41
88
52
33
41
29
88
52
64
29
85
52
33
89
32
85
52
56
25
32
89
25
32
52
47
46
88
25
32
46
72
25
32
62
64
46
85
69
38
62
64
22
69
38
62
69
25
13
62
69
25
62
64
87
10
69
25
87
10
69
25
10
91
69
75
84
10
91
69
38
84
10
91
23
46
38
84
23
46
38
84
23
46
51
38
51
59
25
75
40
34
18
44
26
62
40
51
54
26
70
40
65
23
54
70
16
22
65
54
65
25
54
19
82
28
25
54
76
82
44
25
39
69
70
52
60
39
69
52
1460
77 81
93 91
91 98
77 78
48 53
67 66
67 63
51 53
15 18
0 7
0 5
1 7
50 53
19 21
3 7
4 2
77 80
79 81
0 4
3 5
0 1
79 78
90 99
90 91
90 93
90 97
96 98
98 99
96 99
91 99
80 81
30 35
61 68
63 68
90 98
43 45
15 21
98 93
61 64
90 98
43 45
64 68
15 21
98 93
61 63
90 98
43 45
15 21
98 93
90 98
43 45
15 21
98 93
30 32
32 35
61 68
90 98
43 45
15 21
98 93
61 68
90 98
43 45
15 21
98 93
30 35
61 68
90 98
43 45
15 21
98 93
80 81
30 35
96 97
61 68
43 45
15 21
97 99
80 81
30 35
61 68
43 45
15 21
96 91
95 99
80 81
30 35
61 68
43 45
15 21
90 95
80 81
30 35
61 68
43 45
15 21
80 81
30 35
61 68
90 98
43 45
15 21
98 99
80 81
30 35
61 68
43 45
15 21
98 99
80 81
30 35
97 98
61 68
43 45
15 21
92 99
90 92
80 81
30 35
61 68
43 45
15 21
92 99
93 92
80 81
30 35
61 68
43 45
15 21
91 99
80 81
30 35
61 68
43 45
15 21
80 81
30 35
61 68
43 45
15 21
90 99
80 81
30 35
61 68
43 45
4 7
15 21
3 4
90 99
30 35
61 68
43 45
4 7
15 21
3 4
79 78
90 99
30 35
61 68
43 45
15 21
79 78
90 99
30 35
61 68
43 45
15 21
79 78
90 99
30 35
61 68
43 45
4 7
15 21
0 2
79 78
90 99
30 35
61 68
2 7
43 45
15 21
0 2
90 99
30 35
61 68
2 7
43 45
15 21
0 2
90 99
80 81
30 35
61 68
2 7
43 45
15 21
34 43
77 80
0 2
90 99
80 81
61 68
2 7
43 45
30 34
15 21
34 43
77 80
0 2
47 53
90 99
80 81
61 68
43 47
2 7
30 34
15 21
34 43
77 80
0 4
47 53
90 99
80 81
61 68
43 47
2 7
30 34
15 21
34 43
77 80
47 53
90 99
80 81
61 68
43 47
30 34
15 21
3 7
34 43
77 80
47 53
90 99
80 81
61 68
43 47
15 19
30 34
3 7
34 43
77 80
47 53
90 99
80 81
61 68
43 47
16 21
7 16
30 34
3 7
34 43
77 80
90 99
80 81
61 68
16 21
43 50
7 16
30 34
50 53
66 68
61 66
3 7
34 43
77 80
90 99
80 81
16 21
43 50
7 16
30 34
66 68
3 7
51 58
34 43
77 80
90 99
80 81
43 51
16 21
7 16
30 34
58 66
66 68
51 58
34 43
77 80
0 1
90 99
80 81
43 51
16 21
7 16
30 34
58 66
1 7
33 35
66 68
51 58
30 33
34 43
77 80
0 1
35 34
90 99
80 81
43 51
16 21
7 16
58 66
33 35
66 68
51 58
30 33
34 43
77 80
35 34
90 99
80 81
43 51
16 21
7 16
58 66
33 35
66 68
51 58
30 33
34 43
77 80
35 34
90 99
80 81
43 51
16 21
7 16
58 66
0 7
33 35
66 68
51 58
30 33
34 43
77 80
35 34
18 21
90 99
80 81
43 51
58 66
15 18
0 7
33 35
66 68
61 66
30 33
34 43
77 80
35 34
18 21
90 99
80 81
43 51
15 18
0 7
33 35
51 58
30 33
34 43
77 80
63 68
35 34
18 21
90 99
80 81
43 51
58 67
15 18
0 7
33 35
66 68
51 58
30 33
34 43
77 80
35 34
18 21
90 99
80 81
43 51
58 67
15 18
0 7
33 35
66 68
61 66
30 33
34 43
77 80
35 34
18 21
90 99
80 81
15 18
0 7
50 53
66 68
61 66
33 36
30 33
45 50
36 45
77 80
18 21
90 99
80 81
15 18
50 53
66 68
61 66
33 36
6 15
30 33
45 50
36 45
77 80
18 21
90 99
0 6
80 81
15 18
50 53
66 68
61 66
33 36
6 15
79 81
30 33
45 50
36 45
18 21
78 79
90 99
0 6
68 75
15 18
50 53
66 68
61 66
33 36
6 15
79 81
30 33
45 50
36 45
75 79
18 21
90 99
0 6
98 99
68 75
15 18
50 53
66 68
61 66
33 36
90 91
6 15
79 81
30 33
45 50
36 45
75 79
18 21
0 6
91 98
98 99
68 75
15 18
50 53
66 68
33 36
90 91
6 15
79 81
30 33
45 50
36 45
75 79
18 21
57 66
0 6
53 57
90 93
91 98
98 99
68 75
15 18
50 53
66 68
33 36
6 15
79 81
30 33
45 50
36 45
75 79
18 21
57 66
0 6
53 57
90 93
94 99
93 94
68 75
15 18
50 53
66 68
33 36
6 15
79 81
30 33
45 50
36 45
75 79
18 21
57 66
0 6
53 57
63 67
90 93
94 99
73 81
93 94
15 18
50 53
33 36
6 15
30 33
45 50
36 45
57 63
18 21
67 73
0 6
53 57
75 77
90 93
94 99
93 94
68 75
15 18
50 53
66 68
33 36
6 15
30 33
45 50
36 45
18 21
57 66
0 6
53 57
67 74
63 67
77 81
90 93
94 99
93 94
15 18
50 53
33 36
74 77
6 15
30 33
45 50
36 45
57 63
18 21
0 6
53 57
67 74
63 67
77 81
90 93
94 99
93 94
15 18
50 53
33 36
74 77
6 15
53 55
30 33
45 50
36 45
18 21
55 63
0 6
48 53
67 74
63 67
77 81
90 93
94 99
41 43
93 94
15 18
33 41
74 77
6 15
53 55
30 33
18 21
55 63
0 6
48 53
67 74
63 67
77 81
90 93
37 43
94 99
93 94
15 18
74 77
6 15
53 55
30 37
18 21
55 63
0 6
48 53
67 74
63 67
77 81
37 43
92 99
15 18
74 77
6 15
53 55
30 37
81 85
18 21
55 63
85 92
0 6
1 8
48 53
67 74
8 15
63 67
77 81
37 43
92 99
15 18
0 7
7 1
74 77
53 55
30 37
81 85
18 21
55 63
85 92
1 8
67 74
8 15
77 81
37 43
92 99
15 18
0 7
56 64
7 1
74 77
64 67
30 37
81 85
48 56
18 21
85 92
1 8
67 74
8 15
77 81
37 43
27 30
92 99
15 18
0 7
56 64
7 1
74 77
64 67
30 37
21 27
81 85
48 56
18 21
85 92
1 8
48 53
8 15
77 81
75 77
37 43
27 30
68 75
92 99
15 18
0 7
7 1
53 62
30 37
21 27
81 85
18 21
85 92
62 68
48 53
77 81
75 77
37 43
27 30
0 5
68 75
92 99
5 13
53 62
30 37
21 27
81 85
13 21
85 92
62 68
48 53
77 81
75 77
34 40
0 5
68 75
92 99
5 13
53 62
21 27
81 85
13 21
40 48
27 34
85 92
62 68
47 52
52 53
77 81
75 77
34 40
0 5
68 75
92 99
5 13
53 62
21 27
81 85
40 47
13 21
27 34
85 92
62 68
1 8
47 52
52 53
77 81
75 77
24 32
68 75
92 99
0 7
16 24
7 1
53 62
32 41
81 85
41 47
8 16
85 92
62 68
1 8
47 52
67 74
52 53
94 99
24 32
0 7
16 24
7 1
73 79
88 94
53 62
74 73
32 41
79 88
41 47
62 67
8 16
47 52
67 74
52 53
20 29
94 99
0 5
13 17
31 33
33 41
73 79
5 13
17 20
88 94
53 62
74 73
29 31
79 88
41 47
62 67
47 52
52 53
20 29
94 99
0 5
13 17
31 33
33 41
5 13
17 20
62 64
88 94
53 62
29 31
72 79
79 88
64 72
41 47
47 52
52 53
77 81
75 77
20 29
91 98
98 99
0 5
85 89
68 75
13 17
89 91
31 33
33 41
5 13
17 20
53 62
29 31
81 85
41 47
62 68
47 52
52 53
77 81
75 77
25 32
91 98
98 99
0 5
85 89
68 75
13 17
89 91
5 13
17 25
53 62
32 41
81 85
41 47
62 68
67 74
77 81
25 32
91 98
98 99
0 5
85 89
38 45
13 17
89 91
56 64
5 13
74 77
64 67
17 25
32 38
45 50
81 85
50 56
47 52
52 53
77 81
75 77
25 32
91 98
98 99
0 5
85 89
46 47
41 46
68 75
13 17
89 91
5 13
17 25
53 62
32 41
81 85
62 68
47 52
52 53
25 32
94 99
71 79
0 5
46 47
41 46
13 17
5 13
62 64
88 94
17 25
53 62
32 41
79 88
64 71
47 52
52 53
25 32
87 91
91 98
72 78
98 99
0 5
46 47
41 46
13 17
5 13
62 64
17 25
53 62
32 41
64 72
78 87
47 52
52 53
64 69
77 81
75 77
25 32
91 98
98 99
0 5
85 89
46 47
69 68
41 46
68 75
13 17
89 91
5 13
62 64
17 25
53 62
32 41
81 85
47 52
20 22
52 53
64 69
77 81
45 46
75 77
30 38
91 98
98 99
0 5
85 89
38 45
46 47
69 68
68 75
13 17
89 91
5 13
17 20
62 64
22 30
53 62
81 85
47 52
52 53
64 69
77 81
45 46
75 77
3 9
30 38
91 98
98 99
85 89
16 22
38 45
46 47
69 68
9 16
68 75
89 91
0 7
7 3
62 64
22 30
53 62
81 85
47 52
52 53
64 69
77 81
18 11
75 77
25 32
13 18
19 25
91 98
98 99
0 5
85 89
46 47
69 68
11 19
41 46
68 75
89 91
5 13
62 64
53 62
32 41
81 85
47 52
52 53
64 69
77 81
75 77
25 32
19 25
91 98
98 99
85 89
46 47
69 68
41 46
68 75
7 10
89 91
0 7
10 19
62 64
53 62
32 41
81 85
47 52
52 53
64 69
75 72
25 32
19 25
87 91
91 98
98 99
46 47
69 68
41 46
68 75
7 10
86 87
0 7
80 86
10 19
72 80
62 64
53 62
32 41
47 52
52 53
64 69
77 81
81 82
75 77
25 32
19 25
87 91
91 98
98 99
46 47
69 68
41 46
68 75
7 10
0 7
10 19
62 64
53 62
32 41
82 87
47 52
52 53
64 69
25 32
84 91
19 25
91 98
98 99
46 47
69 68
41 46
68 75
7 10
0 7
10 19
62 64
53 62
32 41
75 84
47 52
52 53
64 69
42 46
84 91
19 25
91 98
98 99
46 47
69 68
68 75
7 10
0 7
10 19
25 33
33 42
62 64
53 62
75 84
47 52
52 53
64 69
45 46
23 30
84 91
30 38
91 98
98 99
38 45
46 47
69 68
68 75
7 10
0 7
10 19
19 23
62 64
53 62
75 84
64 69
45 46
49 56
23 30
84 91
30 38
91 98
98 99
38 45
69 68
68 75
7 10
0 7
56 64
10 19
19 23
75 84
46 49
47 52
70 78
52 53
45 46
23 30
84 91
30 38
91 98
98 99
38 45
46 47
7 10
0 7
10 19
19 23
53 62
78 84
62 70
47 52
67 74
52 53
63 67
45 46
53 51
74 68
23 30
84 91
30 38
91 98
98 99
38 45
46 47
51 59
68 75
7 10
0 7
59 63
10 19
19 23
75 84
37 44
67 74
63 67
35 37
74 68
84 91
19 25
91 98
98 99
44 51
51 59
68 75
7 10
0 7
59 63
33 35
10 19
25 33
75 84
37 44
67 74
10 18
26 30
63 67
40 34
74 68
34 37
84 91
30 38
91 98
38 40
98 99
44 51
51 59
68 75
7 10
0 7
59 63
18 26
75 84
37 44
10 18
26 30
51 54
70 78
54 62
40 34
34 37
84 91
30 38
91 98
38 40
98 99
44 51
7 10
0 7
78 84
18 26
62 70
37 44
10 18
26 30
51 54
67 65
70 78
63 67
40 34
34 37
84 91
30 38
91 98
38 40
98 99
44 51
7 10
0 7
65 70
54 63
78 84
18 26
37 44
51 54
67 65
70 78
63 67
40 34
23 30
34 37
84 91
30 38
91 98
38 40
98 99
0 5
44 51
65 70
54 63
5 14
14 23
78 84
10 12
37 44
26 30
51 54
67 65
70 78
63 67
40 34
34 37
84 91
30 38
91 98
38 40
98 99
22 26
12 16
16 22
44 51
7 10
0 7
65 70
54 63
78 84
37 44
51 54
67 65
70 78
31 28
63 67
84 91
19 25
91 98
98 99
44 51
7 10
25 31
0 7
28 37
65 70
10 19
54 63
78 84
37 44
51 54
31 28
63 67
76 82
19 25
87 91
91 98
98 99
44 51
7 10
25 31
0 7
67 76
28 37
10 19
54 63
82 87
31 39
37 44
51 54
63 67
35 37
76 82
19 25
87 91
91 98
98 99
39 35
44 51
7 10
25 31
0 7
67 76
10 19
54 63
82 87
31 39
37 44
53 60
70 78
52 53
60 69
35 37
84 91
19 25
91 98
44 52
98 99
39 35
7 10
25 31
0 7
10 19
69 70
78 84
31 39
37 44
53 60
52 53
60 69
75 83
35 37
19 25
87 91
91 98
44 52
98 99
39 35
83 87
69 68
68 75
7 10
25 31
0 7
10 19
