95
3
6
9
13
17
21
25
29
33
37
41
45
49
53
57
61
65
69
73
77
79
79
77
79
73
77
79
69
73
77
79
65
69
73
77
61
65
69
73
57
61
65
69
53
57
61
65
49
53
57
61
45
49
53
57
41
45
49
53
37
41
45
49
33
37
41
45
29
33
37
41
25
29
33
37
21
25
29
33
17
21
25
29
13
17
21
25
17
21
25
29
9
13
17
21
801
0 83
80 81
0 2
10 12
14 16
18 20
22 24
26 28
30 32
34 36
38 40
42 44
46 48
50 52
54 56
58 60
62 64
66 68
70 72
74 76
74 76
70 72
74 76
66 68
70 72
74 76
62 64
66 68
70 72
74 76
58 60
62 64
66 68
70 72
74 76
54 56
58 60
62 64
66 68
70 72
74 76
50 52
54 56
58 60
62 64
66 68
70 72
74 76
46 48
50 52
54 56
58 60
62 64
66 68
70 72
74 76
42 44
46 48
50 52
54 56
58 60
62 64
66 68
70 72
74 76
38 40
42 44
46 48
50 52
54 56
58 60
62 64
66 68
70 72
74 76
34 36
38 40
42 44
46 48
50 52
54 56
58 60
62 64
66 68
70 72
74 76
30 32
34 36
38 40
42 44
46 48
50 52
54 56
58 60
62 64
66 68
70 72
74 76
26 28
30 32
34 36
38 40
42 44
46 48
50 52
54 56
58 60
62 64
66 68
70 72
74 76
22 24
26 28
30 32
34 36
38 40
42 44
46 48
50 52
54 56
58 60
62 64
66 68
70 72
74 76
18 20
22 24
26 28
30 32
34 36
38 40
42 44
46 48
50 52
54 56
58 60
62 64
66 68
70 72
74 76
14 16
18 20
22 24
26 28
30 32
34 36
38 40
42 44
46 48
50 52
54 56
58 60
62 64
66 68
70 72
74 76
10 12
14 16
18 20
22 24
26 28
30 32
34 36
38 40
42 44
46 48
50 52
54 56
58 60
62 64
66 68
70 72
74 76
0 2
10 12
14 16
18 20
22 24
26 28
30 32
34 36
38 40
42 44
46 48
50 52
54 56
58 60
62 64
66 68
70 72
74 76
78 79
0 2
10 12
14 16
18 20
22 24
26 28
30 32
34 36
38 40
42 44
46 48
50 52
54 56
58 60
62 64
66 68
70 72
74 76
79 81
0 2
10 12
14 16
18 20
22 24
26 28
30 32
34 36
38 40
42 44
46 48
50 52
54 56
58 60
62 64
66 68
70 72
75 77
77 79
79 81
0 2
10 12
14 16
18 20
22 24
26 28
30 32
34 36
38 40
42 44
46 48
50 52
54 56
58 60
62 64
66 68
71 73
73 75
75 77
77 79
79 81
0 2
10 12
14 16
18 20
22 24
26 28
30 32
34 36
38 40
42 44
46 48
50 52
54 56
58 60
62 64
67 69
69 71
71 73
73 75
75 77
77 79
79 81
0 2
10 12
14 16
18 20
22 24
26 28
30 32
34 36
38 40
42 44
46 48
50 52
54 56
58 60
63 65
65 67
67 69
69 71
71 73
73 75
75 77
77 79
79 81
0 2
10 12
14 16
18 20
22 24
26 28
30 32
34 36
38 40
42 44
46 48
50 52
54 56
59 61
61 63
63 65
65 67
67 69
69 71
71 73
73 75
75 77
77 79
79 81
0 2
10 12
14 16
18 20
22 24
26 28
30 32
34 36
38 40
42 44
46 48
50 52
55 57
57 59
59 61
61 63
63 65
65 67
67 69
69 71
71 73
73 75
75 77
77 79
79 81
0 2
10 12
14 16
18 20
22 24
26 28
30 32
34 36
38 40
42 44
46 48
51 53
53 55
55 57
57 59
59 61
61 63
63 65
65 67
67 69
69 71
71 73
73 75
75 77
77 79
79 81
0 2
10 12
14 16
18 20
22 24
26 28
30 32
34 36
38 40
42 44
47 49
49 51
51 53
53 55
55 57
57 59
59 61
61 63
63 65
65 67
67 69
69 71
71 73
73 75
75 77
77 79
79 81
0 2
10 12
14 16
18 20
22 24
26 28
30 32
34 36
38 40
43 45
45 47
47 49
49 51
51 53
53 55
55 57
57 59
59 61
61 63
63 65
65 67
67 69
69 71
71 73
73 75
75 77
77 79
79 81
0 2
10 12
14 16
18 20
22 24
26 28
30 32
34 36
39 41
41 43
43 45
45 47
47 49
49 51
51 53
53 55
55 57
57 59
59 61
61 63
63 65
65 67
67 69
69 71
71 73
73 75
75 77
77 79
79 81
0 2
10 12
14 16
18 20
22 24
26 28
30 32
35 37
37 39
39 41
41 43
43 45
45 47
47 49
49 51
51 53
53 55
55 57
57 59
59 61
61 63
63 65
65 67
67 69
69 71
71 73
73 75
75 77
77 79
79 81
0 2
10 12
14 16
18 20
22 24
26 28
31 33
33 35
35 37
37 39
39 41
41 43
43 45
45 47
47 49
49 51
51 53
53 55
55 57
57 59
59 61
61 63
63 65
65 67
67 69
69 71
71 73
73 75
75 77
77 79
79 81
0 2
10 12
14 16
18 20
22 24
27 29
29 31
31 33
33 35
35 37
37 39
39 41
41 43
43 45
45 47
47 49
49 51
51 53
53 55
55 57
57 59
59 61
61 63
63 65
65 67
67 69
69 71
71 73
73 75
75 77
77 79
79 81
0 2
10 12
14 16
18 20
23 25
25 27
27 29
29 31
31 33
33 35
35 37
37 39
39 41
41 43
43 45
45 47
47 49
49 51
51 53
53 55
55 57
57 59
59 61
61 63
63 65
65 67
67 69
69 71
71 73
73 75
75 77
77 79
79 81
0 2
10 12
14 16
19 21
21 23
23 25
25 27
27 29
29 31
31 33
33 35
35 37
37 39
39 41
41 43
43 45
45 47
47 49
49 51
51 53
53 55
55 57
57 59
59 61
61 63
63 65
65 67
67 69
69 71
71 73
73 75
75 77
77 79
79 81
0 2
10 12
15 17
17 19
19 21
21 23
23 25
25 27
27 29
29 31
31 33
33 35
35 37
37 39
39 41
41 43
43 45
45 47
47 49
49 51
51 53
53 55
55 57
57 59
59 61
61 63
63 65
65 67
67 69
69 71
71 73
73 75
75 77
77 79
79 81
0 2
11 13
13 15
15 17
17 19
19 21
21 23
23 25
25 27
27 29
29 31
31 33
33 35
35 37
37 39
39 41
41 43
43 45
45 47
47 49
49 51
51 53
53 55
55 57
57 59
59 61
61 63
63 65
65 67
67 69
69 71
71 73
73 75
75 77
77 79
79 81
0 2
7 9
9 11
11 13
13 15
15 17
17 19
19 21
21 23
23 25
25 27
27 29
29 31
31 33
33 35
35 37
37 39
39 41
41 43
43 45
45 47
47 49
49 51
51 53
53 55
55 57
57 59
59 61
61 63
63 65
65 67
67 69
69 71
71 73
73 75
75 77
77 79
79 81
0 2
4 6
6 8
10 12
15 17
17 19
19 21
21 23
23 25
25 27
27 29
29 31
31 33
33 35
35 37
37 39
39 41
41 43
43 45
45 47
47 49
49 51
51 53
53 55
55 57
57 59
59 61
61 63
63 65
65 67
67 69
69 71
71 73
73 75
75 77
77 79
79 81
1 3
3 5
7 9
9 11
11 13
13 15
15 17
17 19
19 21
21 23
23 25
25 27
27 29
29 31
31 33
33 35
35 37
37 39
39 41
41 43
43 45
45 47
47 49
49 51
51 53
53 55
55 57
57 59
59 61
61 63
63 65
65 67
67 69
69 71
71 73
73 75
75 77
77 79
79 81
