216
25
30
31
2
91
88
26
80
69
90
42
13
92
47
77
84
49
51
21
9
68
19
76
67
4
52
59
23
78
33
81
37
50
82
3
89
35
73
1
16
6
10
22
39
57
45
54
55
53
43
29
41
18
79
28
7
27
87
17
11
15
8
24
60
20
86
75
14
70
38
32
72
61
71
64
46
58
40
74
74
62
46
75
20
20
58
62
62
74
11
62
15
27
11
62
62
79
20
41
29
62
8
28
11
53
40
71
55
46
40
57
53
58
29
41
62
43
22
29
62
43
55
29
28
57
58
28
55
87
74
55
57
71
53
55
57
29
41
1
28
53
55
73
57
55
72
57
58
71
55
89
71
55
53
33
55
23
71
29
53
57
58
23
71
14
33
57
14
33
55
4
57
58
59
33
57
57
9
33
57
51
79
74
53
84
23
84
50
73
51
57
51
77
33
10
43
76
84
69
79
37
77
51
46
51
79
77
88
51
87
84
2
59
9
23
84
380
83 62
0 12
62 93
56 83
63 12
44 74
74 34
65 74
40 12
44 40
74 40
40 12
65 58
58 12
63 12
83 46
46 12
56 83
64 66
85 64
64 66
71 64
36 71
56 61
61 66
85 62
72 66
36 72
32 56
62 93
48 32
85 62
72 66
38 72
0 38
48 70
70 93
0 12
62 93
46 83
12 46
46 14
0 12
12 46
14 93
0 12
75 66
12 75
0 12
58 86
12 58
86 93
48 20
83 62
62 93
20 83
83 62
75 60
0 12
60 20
62 93
20 83
12 75
24 20
83 62
0 12
62 93
20 83
58 24
12 58
8 93
0 8
62 93
15 62
0 15
0 11
11 93
83 62
0 12
62 93
12 17
17 83
74 87
11 74
62 93
87 62
0 11
0 12
62 93
27 62
12 27
15 7
7 27
62 93
27 62
0 15
11 28
62 93
28 62
0 11
79 62
62 93
0 79
18 20
20 79
79 62
62 93
0 18
0 41
41 93
29 41
0 12
12 29
41 93
29 43
0 12
62 93
12 29
43 62
53 8
0 53
8 93
55 93
11 28
28 55
0 11
54 62
40 54
62 93
0 53
53 40
71 55
55 93
63 71
45 63
0 45
57 93
40 46
0 53
46 57
53 40
65 57
39 58
57 93
58 65
0 53
53 39
22 83
29 41
41 22
83 62
0 12
62 93
12 29
43 10
10 22
22 83
83 62
29 43
0 12
62 93
12 29
43 6
55 93
29 43
6 28
28 55
0 12
12 29
65 57
57 93
5 58
16 5
0 12
58 65
12 16
55 93
1 28
28 55
0 1
87 74
55 93
73 87
0 12
12 73
74 55
57 93
0 12
35 57
12 35
71 55
55 93
53 89
0 53
89 71
29 41
57 93
41 3
3 57
0 12
12 29
55 93
1 28
82 1
53 82
28 55
0 53
73 50
65 57
57 93
0 12
50 65
12 73
37 72
55 93
0 12
12 37
72 55
12 81
0 12
81 93
65 57
57 93
5 58
12 33
33 5
0 12
58 65
71 55
55 93
78 71
0 78
23 71
71 55
55 93
89 23
53 89
0 53
5 59
55 93
12 33
33 5
0 12
59 55
52 29
23 71
29 41
71 55
55 93
41 23
53 52
0 53
4 58
65 57
57 93
58 65
0 4
67 41
23 71
71 55
55 93
41 23
12 33
33 14
14 67
0 12
65 57
57 93
0 76
76 65
55 93
12 33
33 14
19 55
14 19
0 12
58 68
4 58
57 93
68 57
0 4
5 59
65 57
59 9
57 93
12 33
9 65
33 5
0 12
12 21
0 12
21 93
65 57
57 93
0 51
51 65
49 9
65 57
33 49
57 93
12 33
9 65
0 12
84 93
0 84
77 93
79 77
74 79
0 51
51 74
47 48
53 47
84 93
48 84
0 53
23 84
84 93
92 23
0 92
50 73
73 13
65 57
57 93
13 65
51 50
0 51
42 93
56 42
51 56
0 51
77 93
33 90
12 33
90 77
0 12
43 10
69 43
84 93
76 69
10 84
0 76
37 79
77 93
69 80
80 75
79 77
75 37
76 69
0 76
46 26
26 93
0 51
51 46
77 93
88 34
51 88
79 77
34 79
0 51
88 34
51 88
84 93
87 91
34 87
91 84
0 51
2 93
0 2
5 2
2 93
31 9
59 5
9 59
0 31
23 84
30 23
84 93
0 30
0 25
25 93
