103
2
1
12
16
59
48
11
70
60
54
31
18
21
24
21
21
39
40
21
38
21
21
38
21
38
21
21
54
61
61
7
31
30
7
31
29
30
47
7
46
31
10
54
58
57
69
72
71
73
70
3
72
71
73
47
7
46
31
3
72
71
73
3
72
71
73
68
60
10
61
58
65
66
64
72
73
54
53
65
67
66
53
65
67
66
11
7
63
62
65
67
66
3
65
66
11
3
65
12
66
11
3
7
198
0 8
6 7
65 9
63 7
18 17
53 54
4 72
66 65
64 8
67 68
6 4
4 3
71 72
58 10
36 47
7 9
8 9
6 5
61 41
34 33
3 38
15 17
40 39
28 50
28 5
23 24
24 3
21 3
22 21
21 3
22 21
21 3
22 21
39 38
21 44
41 40
38 37
22 21
21 44
22 21
18 37
19 18
21 19
22 21
21 3
38 37
22 21
3 38
21 3
38 37
22 21
31 32
46 31
54 14
15 17
55 54
34 33
21 44
22 21
60 43
54 14
15 17
61 60
55 54
34 33
62 61
15 17
34 33
62 61
34 33
6 5
5 28
29 30
31 7
30 31
6 5
5 28
28 29
29 30
31 7
30 31
7 9
6 5
47 46
46 31
31 7
14 54
17 15
54 55
10 9
6 5
57 58
56 57
6 70
69 68
70 69
72 73
70 71
6 70
73 74
11 3
6 5
4 11
71 72
72 73
73 74
3 71
48 47
0 48
7 9
47 46
46 31
31 7
6 5
71 72
72 73
73 74
3 71
4 3
71 72
72 73
73 74
3 71
17 15
6 4
68 9
8 9
58 10
60 59
59 58
61 60
10 9
62 61
64 8
17 15
6 4
65 64
8 9
67 66
6 4
72 73
73 74
11 52
66 65
64 8
54 14
6 4
4 3
65 64
8 9
52 53
3 11
67 66
11 52
53 18
66 65
15 67
64 8
17 15
6 4
4 3
65 64
8 9
52 53
3 11
67 66
7 9
3 16
66 65
15 67
64 8
16 15
6 4
4 3
65 64
8 9
67 66
66 65
64 8
12 66
6 4
4 3
65 64
11 12
8 9
3 11
66 65
12 66
6 4
4 3
11 12
3 11
7 9
8 9
0 1
1 9
2 74
0 2
