230
57
62
32
51
33
65
70
41
36
21
40
18
64
26
19
50
16
28
44
11
39
25
27
38
30
48
31
53
88
47
6
20
83
34
7
43
15
45
8
2
12
89
56
9
52
90
37
42
87
67
17
85
81
82
60
77
74
86
63
69
14
80
29
1
72
24
4
49
66
73
76
46
35
13
58
75
78
71
54
22
79
84
68
59
55
23
5
3
61
80
14
5
49
63
84
3
86
84
13
63
80
54
63
80
85
80
63
74
42
17
63
54
58
90
90
84
80
90
9
67
54
90
67
54
84
90
14
56
80
67
84
80
2
90
67
80
2
90
56
80
2
90
56
80
56
80
56
80
54
89
90
9
90
76
80
56
7
83
80
56
90
54
9
17
24
15
80
56
17
24
15
80
56
88
67
80
54
9
90
80
27
90
80
48
17
67
80
83
34
27
80
7
53
17
9
54
27
80
11
27
80
9
89
27
80
9
50
54
80
53
17
40
17
67
80
34
86
8
41
70
8
41
70
8
36
67
17
17
36
80
361
0 91
0 61
61 91
0 3
3 91
0 5
5 91
0 23
23 91
23 55
0 23
55 91
59 91
0 59
68 91
0 68
84 3
0 84
3 91
0 79
79 91
0 22
22 91
0 54
54 91
0 71
71 91
84 3
3 78
71 84
0 71
78 91
71 75
0 71
75 91
71 58
0 71
58 91
13 58
0 13
58 91
0 35
35 91
0 46
46 91
76 79
79 35
46 76
0 46
35 91
0 73
73 91
66 71
71 79
79 35
73 66
0 73
35 91
58 71
71 79
79 35
49 58
0 49
35 91
0 4
4 91
4 24
0 4
24 91
0 72
72 91
58 13
49 58
13 1
0 49
1 91
73 29
29 75
0 73
75 91
0 80
80 91
0 80
80 14
14 91
5 14
0 80
80 69
69 5
14 91
0 63
63 91
49 86
0 49
86 91
63 74
0 63
74 91
84 3
0 80
78 77
3 78
80 84
77 91
60 86
0 80
84 60
80 84
86 91
63 13
0 63
13 82
82 91
0 80
10 81
80 10
81 91
54 85
63 54
0 63
85 91
0 17
17 91
0 80
80 67
67 91
0 80
87 85
80 87
85 91
63 74
74 42
0 63
42 91
0 17
17 37
37 42
42 91
54 90
63 54
0 63
90 91
0 17
52 58
54 90
58 54
17 52
90 91
9 54
54 90
0 80
80 67
67 84
84 9
90 91
0 80
80 56
56 91
89 9
9 54
54 90
0 80
84 89
80 67
67 84
90 91
84 12
54 90
0 80
12 54
80 67
67 84
90 91
56 14
0 80
80 56
14 2
2 90
90 91
84 8
0 80
80 67
67 84
8 91
67 45
45 2
0 80
80 67
2 90
90 91
56 15
0 80
80 56
15 2
2 90
90 91
56 43
43 2
0 80
80 56
2 90
90 91
0 80
80 56
56 7
7 91
0 34
34 91
0 80
80 56
56 83
83 91
69 20
89 9
9 54
34 69
20 89
54 90
0 34
90 91
6 76
56 6
0 80
80 56
76 90
90 91
7 47
0 80
80 56
56 7
47 83
83 91
0 88
88 91
0 17
9 54
54 90
53 9
17 53
90 91
15 24
24 31
56 15
0 80
80 56
31 91
0 17
17 48
48 91
15 24
56 15
0 80
80 56
24 30
30 91
67 38
38 88
0 80
80 67
88 91
80 27
27 9
9 54
54 90
0 80
90 91
80 27
27 25
0 80
25 90
90 91
0 17
48 39
17 48
39 91
0 80
67 11
80 67
11 91
34 44
44 83
0 34
83 91
80 27
0 80
27 28
28 91
0 17
53 7
7 16
17 53
16 91
80 27
27 9
9 54
54 50
0 80
50 91
0 19
19 91
80 27
26 11
27 26
0 80
11 91
80 27
27 9
9 89
0 80
89 64
64 91
80 27
27 9
9 54
54 50
50 18
0 80
18 91
0 17
17 53
53 40
40 91
0 17
17 21
21 40
40 91
67 36
0 80
80 67
36 91
34 41
41 91
0 34
0 70
8 86
70 8
86 41
41 91
0 70
65 41
8 65
70 8
41 91
0 70
8 33
70 8
33 91
0 17
67 36
17 51
51 67
36 91
0 17
32 91
17 32
80 62
62 36
0 80
36 91
0 57
57 91
