141
1
5
7
8
10
9
59
56
55
38
51
47
40
18
21
22
19
20
23
23
17
14
15
23
22
19
23
20
23
19
20
23
35
35
35
40
35
49
54
40
40
35
40
41
48
45
47
40
35
47
40
35
36
47
35
36
47
35
47
40
35
47
40
2
35
57
49
54
47
55
58
57
49
38
58
49
38
47
56
57
49
38
54
47
40
2
35
49
36
38
54
40
40
52
2
35
40
2
52
35
40
2
52
35
40
52
6
35
12
40
6
52
6
40
52
35
6
40
52
35
40
52
35
2
40
52
35
6
40
52
35
40
52
35
2
40
52
35
40
52
35
320
0 2
0 3
0 6
6 3
2 29
2 28
52 53
40 36
54 60
47 33
2 3
40 46
42 47
32 36
39 43
49 54
39 42
37 42
29 35
29 30
29 28
27 30
27 28
29 26
19 20
24 28
29 27
25 26
27 26
26 30
25 28
25 24
32 37
32 37
25 23
23 26
32 37
32 37
25 23
23 26
32 37
20 17
17 14
12 30
23 20
25 23
14 12
32 37
23 19
19 15
12 30
25 23
15 12
32 37
26 30
32 37
26 30
22 26
25 22
32 37
25 21
21 22
26 30
22 26
32 37
26 30
32 37
27 26
26 30
32 37
23 19
18 30
29 27
19 18
27 23
32 37
23 20
20 24
29 27
27 23
32 37
24 28
23 19
20 24
29 27
27 23
32 37
26 30
32 37
29 27
32 37
29 27
32 37
32 37
32 37
35 32
32 37
29 35
35 32
32 37
29 35
35 40
40 42
29 35
35 40
40 39
39 42
44 49
29 35
54 50
35 40
40 39
39 42
43 47
29 35
47 50
35 40
40 39
51 53
29 35
40 41
52 48
48 51
41 45
45 52
35 40
38 43
39 38
43 47
29 35
47 50
35 40
40 39
43 47
29 35
47 50
35 40
40 39
39 43
43 47
36 39
29 35
47 50
35 32
32 36
39 42
36 39
29 35
47 50
35 32
29 35
47 50
46 47
35 40
40 46
4 2
29 35
47 50
46 47
35 40
54 49
49 55
55 57
2 3
57 58
40 46
4 2
29 35
50 54
47 50
46 47
35 40
49 55
58 60
55 57
2 3
57 58
40 46
33 38
4 2
44 49
38 44
29 35
46 47
35 40
47 33
49 56
56 58
58 60
2 3
40 46
33 38
4 2
44 49
38 44
29 35
46 47
35 40
47 33
59 60
49 56
57 59
56 57
2 3
40 46
33 38
4 2
44 49
38 44
29 35
46 47
35 40
2 3
40 46
4 2
29 35
50 54
47 50
46 47
35 40
54 60
49 54
2 3
4 2
39 38
44 49
36 39
38 44
29 35
35 40
2 3
40 46
4 2
29 35
46 52
35 40
28 29
52 53
40 46
4 2
29 35
46 52
35 40
52 53
40 46
4 2
29 35
46 52
35 40
9 13
6 9
30 29
52 53
40 46
29 35
46 52
35 40
10 12
12 30
6 10
30 29
4 6
52 53
40 46
29 35
46 52
35 40
4 6
52 53
40 46
29 35
46 52
35 40
0 8
6 3
8 6
52 53
40 46
29 35
46 52
35 40
0 7
7 3
52 53
40 46
29 35
46 52
35 40
0 5
5 2
2 29
52 53
40 46
29 35
46 52
35 40
6 3
52 53
40 46
29 35
46 52
35 40
52 53
40 46
29 35
46 52
35 40
2 29
52 53
40 46
29 35
46 52
35 40
0 1
1 29
52 53
40 46
29 35
46 52
35 40
