224
24
80
13
35
61
1
52
77
83
44
85
25
39
14
33
5
31
89
47
84
53
34
12
43
65
92
87
26
23
20
57
62
42
56
11
68
2
32
50
69
60
70
54
81
7
51
49
78
10
29
8
72
41
46
30
86
4
3
91
16
76
48
9
79
17
40
64
45
82
21
28
88
55
36
37
59
66
75
38
27
93
73
63
18
71
22
6
90
67
58
19
74
74
55
45
40
64
64
28
76
16
76
79
76
91
76
91
38
21
40
79
41
79
76
16
37
9
10
9
46
72
78
76
30
37
72
41
79
46
72
40
6
30
82
70
6
30
72
30
55
70
82
91
72
91
54
51
72
69
72
91
76
91
91
30
56
56
91
51
79
93
56
56
93
62
21
56
42
90
26
72
62
76
62
56
43
32
59
62
23
12
93
56
54
40
72
93
56
79
18
67
42
50
70
47
34
59
62
89
20
33
25
90
33
44
60
93
25
79
77
20
79
52
77
21
93
44
52
20
52
61
52
77
30
363
0 94
58 74
74 94
0 74
0 19
19 94
0 58
58 94
0 67
67 94
0 58
74 94
0 90
90 94
0 6
6 94
0 22
22 94
0 71
71 94
0 18
18 94
63 94
0 63
19 90
18 19
90 73
73 94
0 18
93 73
73 94
0 93
19 90
18 19
90 27
0 18
27 94
90 27
38 90
0 38
27 94
75 27
27 94
0 75
19 90
90 27
66 19
0 66
27 94
59 73
66 59
0 66
73 94
37 27
0 37
27 94
0 36
36 94
55 73
0 55
73 94
36 88
0 36
88 94
28 88
0 28
88 94
0 21
21 94
6 82
36 6
0 36
82 94
45 18
55 82
66 45
18 55
0 66
82 94
6 64
36 6
0 36
64 94
40 82
0 40
82 94
45 18
55 82
17 45
18 55
0 17
82 94
0 79
79 94
9 64
40 9
0 40
64 94
0 48
48 94
76 28
0 76
28 64
64 94
76 16
0 76
16 94
76 16
0 76
91 94
16 91
79 3
0 79
3 94
19 90
90 4
0 76
4 91
76 19
91 94
0 76
76 86
86 91
91 94
21 38
38 30
30 94
0 21
40 46
46 94
0 40
79 41
0 79
41 94
79 41
0 72
72 79
41 94
8 94
0 8
59 29
16 59
76 16
0 76
29 91
91 94
10 9
79 37
37 10
9 46
0 72
72 79
46 94
78 37
10 9
28 78
37 10
9 46
76 28
0 76
46 94
49 46
0 49
46 94
0 72
51 94
72 51
78 37
28 78
37 7
7 30
76 28
0 76
30 94
41 81
79 41
0 72
72 79
81 94
54 40
72 54
0 72
40 46
46 94
6 30
82 6
0 70
70 82
30 94
6 30
70 60
0 70
60 6
30 94
69 30
0 72
72 69
30 94
82 55
55 50
50 91
0 70
70 82
91 94
0 72
72 32
32 91
91 94
2 51
72 54
54 2
0 72
51 94
69 68
68 91
0 72
72 69
91 94
11 91
76 11
0 76
91 94
56 91
0 56
91 94
42 30
0 42
30 94
62 94
0 56
56 62
56 57
57 91
0 56
91 94
56 93
93 79
20 51
79 20
0 56
51 94
56 93
93 23
0 56
23 94
56 21
21 26
26 62
62 94
0 56
0 42
42 90
90 87
87 94
72 92
92 26
0 72
26 62
62 94
76 65
0 76
65 94
43 62
62 94
0 43
56 12
12 94
0 56
59 32
34 59
32 43
43 62
0 34
62 94
56 93
23 53
53 12
93 23
12 94
0 56
54 40
40 84
72 54
0 72
84 94
56 93
93 79
79 47
47 94
0 56
67 89
18 67
42 18
89 94
0 42
50 47
70 31
31 50
0 70
47 94
34 59
59 5
5 94
0 34
33 62
0 33
62 94
20 89
14 20
89 94
0 14
33 39
39 94
0 33
0 25
25 94
90 85
85 94
0 25
25 90
44 94
33 44
0 33
83 60
44 94
60 44
0 83
93 79
77 94
25 93
79 77
0 25
0 52
77 94
20 79
79 77
52 20
0 52
52 1
1 21
21 56
56 93
93 79
77 94
79 77
61 94
0 61
44 94
0 35
35 44
0 52
20 13
13 94
52 20
0 52
52 80
80 61
61 94
0 52
52 30
30 24
24 77
77 94
