164
74
8
7
79
34
11
57
25
5
63
40
47
77
66
44
53
65
37
17
26
17
26
48
16
43
49
65
61
49
71
37
53
80
28
14
49
6
36
49
45
97
49
54
37
53
77
54
66
77
18
54
97
53
77
2
18
37
6
53
77
2
9
53
91
77
54
49
83
77
26
54
72
53
77
54
61
77
49
54
51
77
49
54
77
26
54
40
69
43
40
40
63
26
49
12
5
73
40
69
12
61
73
77
54
43
6
77
2
54
29
12
61
73
58
77
49
54
40
47
34
40
69
43
11
26
40
32
27
58
47
34
89
40
69
34
6
11
89
12
46
41
27
70
32
77
46
27
77
46
54
12
73
48
46
27
54
26
26
49
38
54
48
49
54
280
38 87
49 75
26 75
87 54
48 54
21 4
12 41
6 11
10 39
32 58
46 50
30 43
47 69
13 77
82 29
73 61
12 73
70 40
95 51
55 61
19 72
83 78
91 9
37 6
76 18
35 82
95 80
35 42
61 78
0 49
48 59
26 30
17 94
13 64
95 3
37 35
19 37
13 64
87 17
17 94
0 26
13 64
87 17
26 30
65 3
0 26
90 65
43 16
16 48
27 43
95 3
49 56
0 49
3 65
65 76
95 3
49 56
71 61
27 53
53 22
37 35
19 37
27 53
53 19
0 49
6 2
80 28
14 6
49 56
0 49
44 86
36 44
49 56
97 66
66 45
45 86
46 97
0 49
54 99
77 54
49 56
82 77
37 35
54 99
19 37
27 53
77 54
53 19
82 77
66 81
2 77
97 66
54 99
77 54
46 97
18 2
76 18
23 47
47 76
53 88
2 77
54 99
27 53
77 54
18 2
2 77
54 99
6 2
19 37
27 53
77 54
53 19
54 99
27 53
9 82
77 54
53 91
82 77
0 49
40 98
49 56
93 40
42 35
35 82
26 30
54 99
77 54
0 26
87 83
82 77
35 82
72 35
54 99
27 53
77 54
53 19
82 77
42 35
35 82
61 78
0 49
54 99
77 54
49 56
82 77
0 49
54 99
77 54
49 56
51 82
82 77
26 30
30 63
54 99
77 54
0 26
70 77
63 96
43 5
69 40
5 69
40 98
27 43
40 98
25 93
46 25
93 40
26 30
30 63
40 98
0 26
63 96
0 49
56 57
49 56
57 58
27 12
73 5
69 40
5 69
40 98
42 35
12 73
35 82
27 12
61 78
54 99
77 54
82 77
43 11
27 43
11 98
2 77
34 6
54 99
6 2
77 54
46 34
29 58
73 61
42 35
12 73
35 82
27 12
61 78
58 98
0 49
54 99
77 54
49 56
79 21
21 40
40 98
10 79
34 23
23 47
69 40
40 98
46 34
26 30
43 11
0 26
11 98
21 40
40 98
46 27
27 32
58 98
47 69
34 23
89 34
23 47
69 40
39 89
40 98
10 39
89 34
39 89
34 6
11 98
70 40
27 12
41 70
46 27
40 98
0 46
32 7
7 77
46 27
27 32
54 99
77 54
0 46
46 50
13 77
54 99
77 54
0 46
12 73
59 48
27 12
46 27
73 33
54 99
0 46
15 8
8 99
26 30
54 99
0 26
0 26
0 49
87 54
10 38
54 99
48 54
74 48
49 74
0 49
54 99
