239
54
5
34
53
7
48
13
81
49
61
14
64
88
70
52
25
21
23
83
2
35
62
76
87
11
38
89
92
66
67
74
75
20
22
77
63
65
26
19
91
69
90
36
33
39
4
78
55
17
68
44
28
37
86
82
58
79
30
46
3
59
27
29
84
56
51
42
31
45
72
18
9
50
57
15
47
8
10
85
24
16
71
40
1
12
41
32
60
80
6
43
60
60
80
51
1
45
8
84
41
84
50
51
84
59
45
59
50
59
50
51
56
84
45
71
51
51
12
28
30
6
44
84
57
84
71
28
37
45
84
45
36
86
4
84
17
36
45
28
19
18
19
18
19
84
82
19
17
32
19
84
18
22
19
84
57
20
19
32
37
19
19
32
41
24
19
67
15
91
47
67
19
19
15
59
69
67
11
67
19
67
15
89
30
19
67
35
67
1
2
4
2
85
37
23
2
85
37
19
67
11
67
2
11
19
67
23
21
86
2
70
19
11
67
67
14
67
47
67
49
23
18
67
41
4
19
23
4
23
13
7
59
4
13
68
85
2
23
49
367
0 93
73 80
73 60
60 80
43 93
0 43
0 6
6 93
80 93
0 80
0 60
60 93
0 32
32 93
0 41
41 93
0 60
80 93
0 12
12 93
41 73
60 80
0 41
80 93
41 73
0 41
80 93
0 1
1 93
0 40
40 93
60 80
71 60
0 71
80 93
71 16
0 71
16 93
24 80
0 24
80 93
71 85
0 71
85 93
0 71
71 10
10 93
0 8
8 93
8 47
0 8
47 93
71 15
0 71
15 93
0 57
57 93
71 50
0 71
50 93
40 9
0 40
9 93
0 18
18 93
8 72
0 8
72 93
0 71
45 93
71 45
50 31
71 50
0 71
31 93
42 72
72 45
45 93
0 42
51 18
0 51
18 93
51 18
18 56
0 51
56 93
51 1
1 84
84 93
0 51
8 29
29 45
0 8
45 93
71 27
27 73
73 41
41 84
84 93
0 71
59 50
50 84
84 93
0 59
3 84
51 3
84 93
0 51
46 45
59 46
0 59
45 93
59 50
50 30
30 93
0 59
59 50
50 79
79 93
0 59
51 58
58 56
0 51
56 93
82 84
84 93
0 82
86 45
71 86
0 71
45 93
51 37
0 51
37 93
51 12
12 28
28 93
0 51
44 28
28 93
0 44
68 30
30 93
0 68
17 93
0 17
44 55
6 28
55 6
28 93
0 44
71 78
78 57
57 84
84 93
0 71
71 4
4 84
84 93
0 71
39 28
28 93
0 39
33 37
0 33
37 93
36 45
0 36
45 93
45 86
86 90
36 45
90 84
0 36
84 93
69 4
4 84
0 69
84 93
45 91
36 45
91 17
17 93
0 36
0 19
19 28
28 93
0 19
18 26
19 18
26 93
0 19
19 18
18 65
65 93
63 82
0 19
82 84
19 63
84 93
0 19
77 17
32 77
19 32
17 93
22 84
18 22
0 19
19 18
84 93
22 84
57 20
18 22
84 57
0 19
19 18
20 93
37 75
75 20
0 19
32 37
19 32
20 93
0 19
19 74
74 93
41 67
73 41
0 19
67 93
19 32
32 73
15 66
41 67
66 24
0 19
24 41
67 93
19 15
0 19
19 92
47 67
92 91
91 47
67 93
59 89
0 19
15 59
19 15
89 93
69 38
0 69
38 93
11 67
67 93
0 11
87 11
11 67
67 93
0 87
15 76
0 19
76 67
67 93
19 15
30 89
62 30
0 19
89 93
19 62
35 67
67 93
0 35
0 2
2 93
2 85
85 1
83 35
1 83
35 67
0 2
67 93
2 85
85 37
4 23
0 2
37 4
23 93
2 85
85 37
37 21
21 23
0 2
23 93
25 67
0 19
67 93
19 25
52 11
2 52
11 67
0 2
67 93
19 70
0 19
11 67
70 11
67 93
86 21
2 88
88 86
21 23
0 2
23 93
19 70
64 11
70 64
0 19
11 67
67 93
14 67
67 93
0 14
61 67
14 61
67 93
0 14
0 49
49 47
47 67
67 93
18 81
81 23
0 49
49 18
23 93
41 67
0 13
13 41
67 93
19 48
4 23
0 19
48 4
23 93
13 7
4 23
0 13
7 4
23 93
13 7
4 59
59 53
53 93
0 13
7 4
2 85
68 34
85 68
0 2
34 93
5 23
23 93
0 5
0 49
49 54
54 93
