72
4
35
34
17
21
42
40
17
17
35
8
12
35
5
17
13
35
12
34
33
42
35
5
17
4
35
5
28
37
4
35
5
28
4
40
5
17
35
4
5
28
4
40
5
17
34
33
42
32
4
40
17
40
17
30
34
33
32
30
33
23
34
32
40
35
33
23
17
40
35
8
28
176
9 8
39 40
33 23
30 41
9 7
3 2
0 1
49 50
35 39
40 44
37 38
15 28
9 33
12 13
5 6
8 15
40 43
6 7
10 1
46 50
20 19
22 21
21 26
20 19
46 50
20 19
10 1
46 50
20 19
23 17
10 1
17 24
46 50
10 1
32 34
34 42
42 41
46 50
23 17
10 1
31 40
17 24
46 50
31 35
23 17
35 36
10 1
17 24
46 50
22 35
35 36
12 8
46 50
31 35
23 17
35 36
10 1
3 5
17 24
46 50
13 14
22 35
11 12
35 36
46 50
10 1
32 34
34 42
42 41
33 32
46 50
5 6
4 3
31 35
0 4
23 17
35 36
3 5
17 24
46 50
5 6
4 3
22 35
0 4
6 7
35 36
3 5
28 22
46 50
15 28
5 6
36 37
4 3
22 35
0 4
6 7
35 36
3 5
28 22
46 50
5 6
4 3
0 4
23 17
3 5
31 40
17 24
46 50
15 28
5 6
4 3
22 35
0 4
6 7
3 5
28 22
46 50
5 6
40 43
4 3
0 4
23 17
3 5
31 40
17 24
49 50
9 33
32 34
34 42
42 41
33 32
0 1
49 50
1 4
40 43
4 3
31 40
17 24
7 17
0 1
49 50
40 43
31 40
17 24
7 17
0 1
49 50
9 33
34 30
32 34
33 32
30 41
0 1
49 50
9 33
34 30
32 34
23 32
33 23
35 39
0 1
49 50
40 43
9 33
31 35
23 17
17 24
39 40
35 39
0 1
15 28
8 15
49 50
40 43
22 35
28 22
