137
96
95
98
87
92
3
89
29
67
4
60
62
46
93
65
52
55
48
90
78
35
53
91
86
27
41
70
83
64
88
71
81
59
61
50
49
75
40
45
56
18
42
85
6
72
31
22
94
54
37
33
17
76
23
73
80
28
58
84
10
66
69
32
20
11
16
26
43
38
32
43
38
38
32
38
10
38
11
25
10
12
10
32
9
33
10
23
22
10
12
25
84
10
2
45
2
2
49
2
2
45
84
2
2
25
2
54
2
49
41
2
41
2
41
2
41
2
86
2
78
2
10
2
2
2
53
2
2
2
10
2
3
4
87
4
4
4
214
74 97
63 44
51 26
26 34
63 44
8 16
16 63
63 44
77 11
11 63
20 34
77 20
43 74
32 43
77 38
38 32
43 74
32 43
77 38
38 32
74 97
77 69
69 13
38 66
77 38
66 19
10 97
32 10
77 38
38 32
10 97
38 84
84 10
77 38
74 97
58 74
77 11
11 58
25 97
28 25
77 28
74 97
80 74
77 80
12 10
10 97
77 73
73 12
77 23
23 97
10 97
32 10
76 32
39 76
39 17
17 97
74 97
33 15
79 33
37 9
79 37
9 97
79 33
33 54
54 97
10 97
94 10
79 94
22 23
79 22
23 97
22 31
31 97
79 22
72 12
12 10
10 97
79 72
7 6
6 19
85 97
79 85
42 25
79 42
25 97
18 97
7 18
7 56
74 97
56 74
45 84
10 97
84 10
2 45
40 19
1 40
1 75
75 97
0 2
45 49
49 97
2 45
1 50
50 97
61 19
1 61
0 2
74 97
59 74
2 59
81 97
1 81
0 2
71 49
49 97
2 71
0 2
88 97
2 88
0 2
45 84
84 64
64 97
2 45
0 2
83 19
2 83
70 19
1 70
0 2
2 41
25 97
41 25
27 97
1 27
0 2
2 86
86 54
54 97
0 2
41 91
2 41
91 49
49 97
53 97
1 53
0 2
2 41
41 35
35 97
0 2
2 41
41 78
78 97
0 2
41 90
2 41
90 97
0 2
2 86
86 48
48 97
0 2
55 78
2 55
78 97
0 2
10 97
52 10
2 52
0 2
65 97
2 65
0 2
2 93
93 97
0 2
46 53
53 97
2 46
0 2
2 62
62 97
0 2
60 97
2 60
0 4
4 19
67 10
1 67
10 97
0 2
2 29
29 97
1 89
89 97
0 3
3 97
0 3
3 92
92 97
0 4
4 87
87 97
0 4
98 99
87 98
4 87
95 99
0 4
4 95
96 99
0 4
4 96
