261
81
63
86
28
17
24
31
22
65
12
41
25
80
83
45
8
34
46
43
89
67
6
98
60
88
68
66
48
73
58
2
51
38
74
91
64
55
1
9
75
42
3
20
54
84
18
49
50
39
10
95
71
53
82
19
32
62
15
44
21
52
29
85
92
59
69
87
33
13
35
11
30
26
78
14
94
96
40
5
16
72
77
56
7
36
37
70
93
57
23
27
97
90
79
30
96
30
96
30
33
40
93
92
87
30
30
92
69
33
85
33
30
69
52
44
29
87
30
32
29
30
53
30
71
30
69
30
90
71
69
30
21
71
69
30
50
21
44
71
39
44
30
71
69
79
32
19
30
33
93
32
78
69
3
84
33
27
33
7
20
30
19
90
39
30
71
1
84
1
84
27
33
1
74
84
27
51
1
40
27
30
53
71
70
39
58
90
39
90
30
64
73
70
58
30
70
58
95
16
70
91
75
58
84
38
75
84
42
2
21
92
16
84
58
70
60
75
84
6
58
75
84
46
34
15
84
75
58
84
30
71
83
58
84
80
71
58
83
84
66
83
65
84
84
45
39
12
13
11
12
13
65
39
12
13
65
28
49
21
50
65
414
0 99
47 4
0 76
61 99
61 4
79 4
0 79
90 61
0 90
61 99
61 99
0 76
76 97
97 99
27 97
0 27
97 99
0 23
23 99
0 57
57 99
0 76
76 93
93 99
0 70
70 99
0 37
37 99
0 36
36 99
0 7
7 99
56 36
0 56
36 99
0 77
77 99
72 93
76 72
0 76
93 99
27 7
16 27
76 16
0 76
7 99
76 5
0 76
5 99
76 40
0 76
40 99
76 72
72 96
0 76
96 99
72 94
76 72
0 76
94 99
0 14
14 99
76 5
5 78
0 76
78 99
76 26
0 76
26 99
0 30
30 78
78 99
11 78
0 30
30 11
78 99
0 30
30 35
35 99
0 13
13 99
0 33
33 99
96 87
0 30
30 72
72 96
87 99
69 99
0 69
59 69
96 59
0 30
30 72
72 96
69 99
33 76
40 92
76 40
0 33
92 99
85 40
40 92
33 93
93 85
0 33
92 99
29 87
72 29
0 30
30 72
87 99
52 92
0 30
30 52
92 99
21 69
33 76
5 21
76 5
0 33
69 99
33 93
93 85
85 44
0 33
44 99
15 69
0 30
30 15
69 99
52 85
33 62
62 52
85 44
0 33
44 99
32 78
78 29
29 87
0 32
87 99
0 30
30 19
19 99
82 69
32 78
87 82
78 29
29 87
0 32
69 99
0 30
30 53
53 99
30 71
0 30
71 53
53 99
30 71
0 30
71 95
95 99
10 69
30 10
0 30
69 99
30 71
39 90
71 39
0 30
90 69
69 99
30 71
21 69
50 21
71 50
0 30
69 99
30 71
21 49
49 44
50 21
71 50
0 30
44 99
30 71
71 39
39 18
18 44
0 30
44 99
0 84
84 69
69 99
32 79
79 54
0 32
54 99
30 20
20 19
0 30
19 99
93 3
33 93
0 33
3 99
78 42
42 69
32 78
0 32
69 99
0 84
75 3
84 75
3 99
33 9
0 33
9 99
7 27
27 1
33 7
0 33
1 99
30 20
20 19
19 55
0 30
55 99
30 71
39 90
90 64
71 39
0 30
64 99
0 84
84 91
91 1
1 99
27 1
0 84
84 74
74 27
1 99
33 76
76 38
0 33
38 99
7 27
51 7
27 1
0 84
84 74
74 51
1 99
2 92
30 2
7 27
40 51
51 7
27 1
92 40
0 30
1 99
30 71
58 99
0 30
53 58
71 53
30 71
39 90
71 39
90 73
70 58
73 70
58 99
0 30
30 71
39 90
90 64
64 48
71 39
0 30
48 99
66 73
30 66
70 58
73 70
58 99
0 30
70 58
58 99
0 68
68 70
95 88
16 70
91 95
0 84
88 16
70 58
58 99
84 91
75 60
0 84
58 99
84 75
60 58
98 38
75 98
0 84
84 75
38 99
2 92
42 69
30 2
69 21
21 6
92 42
6 58
58 99
0 30
0 67
67 99
0 89
89 99
74 43
16 70
0 84
70 58
84 74
43 16
58 99
75 60
0 84
84 75
60 46
46 99
34 6
75 34
0 84
6 58
58 99
84 75
8 46
46 99
0 8
34 15
15 45
75 34
0 84
45 99
84 75
84 83
0 84
83 58
58 99
30 71
71 80
0 30
80 99
83 25
84 83
25 58
0 84
58 99
71 80
41 71
0 41
80 99
0 12
58 99
12 58
84 83
0 84
65 99
83 65
83 66
22 65
66 22
84 83
0 84
65 99
0 84
84 31
31 99
39 24
12 13
24 45
0 12
13 39
45 99
12 13
11 17
0 12
13 11
17 65
65 99
28 99
0 28
39 86
12 13
0 12
13 39
86 65
65 99
0 63
63 49
49 21
21 50
28 99
50 28
81 65
0 81
65 99
