87
16
9
34
7
1
67
6
2
5
19
52
39
4
60
64
61
35
27
33
35
27
35
27
66
54
35
27
38
64
11
64
51
13
42
51
64
13
35
27
64
25
64
39
10
27
42
50
33
41
14
64
57
14
57
51
38
42
24
5
24
19
38
33
57
12
13
24
4
64
13
4
57
64
25
13
52
14
67
64
11
14
13
33
13
24
25
57
156
0 25
49 43
25 57
13 46
13 24
0 33
51 68
49 37
58 14
50 57
42 8
27 10
0 44
58 51
13 14
38 3
47 53
15 33
35 3
3 46
27 35
44 27
3 46
35 3
27 35
44 27
33 41
3 46
35 3
27 35
44 27
3 46
61 66
66 54
15 61
54 21
3 46
0 64
35 3
27 35
64 65
44 27
3 46
0 64
11 38
28 11
64 65
3 46
0 64
64 58
60 51
13 14
42 60
51 13
0 42
13 14
0 64
51 13
64 58
35 3
27 35
44 27
3 46
4 25
0 64
64 4
25 14
58 39
39 3
0 64
64 58
3 46
0 44
10 39
39 3
44 27
3 46
0 42
3 46
15 33
33 41
41 50
0 64
57 69
14 57
64 58
0 44
58 14
57 69
14 57
0 52
52 3
3 46
58 51
49 37
0 44
19 38
38 3
15 19
3 46
42 5
5 24
0 42
2 5
24 69
0 2
5 24
33 15
19 38
38 3
15 19
3 46
12 6
6 57
0 12
57 69
49 37
0 44
24 69
37 13
4 67
0 64
64 4
67 69
49 37
0 44
37 13
4 25
0 64
64 4
57 69
52 1
13 46
14 13
0 52
1 14
7 11
11 67
64 7
0 64
67 69
13 46
0 33
34 14
14 13
33 34
0 44
13 46
9 13
0 9
49 16
16 24
0 44
24 69
25 57
57 69
