173
17
22
21
88
73
86
84
55
9
30
81
52
16
56
15
57
64
5
64
5
69
28
53
11
76
79
11
76
11
76
1
96
11
76
28
11
76
74
66
28
15
74
15
57
74
11
82
58
77
82
58
6
25
27
10
6
25
89
27
13
56
10
98
50
1
6
25
56
77
25
27
79
98
50
98
56
19
62
10
19
98
50
98
50
25
27
82
58
11
64
76
56
62
10
30
11
9
64
76
30
56
64
62
25
6
57
96
30
98
30
71
50
50
30
56
64
50
30
16
71
43
52
66
30
52
71
84
30
16
71
50
11
30
64
52
76
10
78
10
98
86
30
64
78
86
58
10
78
50
15
52
67
30
70
11
52
76
88
50
52
76
78
22
52
1
77
96
4
22
52
1
77
21
311
0 21
0 4
77 52
0 92
0 76
67 15
10 58
24 93
11 31
37 84
68 52
71 94
93 45
57 96
64 32
11 97
62 3
12 98
12 19
19 98
45 98
18 25
75 23
96 38
13 93
89 60
38 6
39 60
39 77
82 25
8 11
40 15
47 15
46 7
61 66
28 90
96 1
45 44
79 18
11 23
40 28
61 69
87 58
3 49
76 64
40 95
5 77
64 5
40 95
76 64
5 77
64 5
40 95
3 49
40 95
3 49
69 75
40 95
3 49
28 53
53 59
57 26
3 49
40 57
76 11
87 76
40 95
11 23
76 11
87 76
97 79
11 23
76 11
87 76
40 95
58 87
1 77
11 23
76 11
87 76
8 96
40 28
45 44
11 23
76 11
87 76
45 44
95 15
3 49
15 74
40 95
74 20
28 90
40 28
45 44
66 94
3 49
3 49
46 7
3 49
15 74
74 20
26 57
46 7
3 49
57 40
15 74
74 20
11 23
46 7
77 58
58 82
82 25
46 7
77 58
58 82
46 7
3 49
39 60
6 25
25 27
46 7
27 63
3 49
10 56
56 62
46 10
38 6
6 25
25 27
97 89
27 63
46 7
32 13
10 56
16 98
56 62
62 16
98 50
46 10
50 99
38 6
1 96
77 1
6 25
25 27
56 5
10 56
5 77
27 63
46 10
46 7
79 18
25 27
27 63
97 79
98 50
50 99
10 56
62 19
56 62
98 50
46 10
50 99
52 99
31 52
19 98
98 50
50 99
98 50
50 99
81 87
82 25
42 81
87 58
25 27
58 82
27 63
11 23
30 64
64 76
0 30
76 11
9 49
97 9
3 49
10 56
56 62
46 10
9 49
30 64
64 76
97 9
0 30
76 11
62 3
3 49
30 64
0 30
56 62
32 56
96 38
38 6
64 32
6 25
26 57
25 27
30 64
0 30
27 63
45 98
30 71
0 30
98 50
50 99
71 93
42 55
55 50
50 99
84 50
64 32
80 84
56 91
30 64
0 30
32 56
50 99
94 16
30 71
52 99
16 35
0 30
43 52
66 61
71 94
94 66
30 71
52 99
0 30
84 50
71 94
94 16
30 71
16 35
0 30
50 99
30 64
64 76
52 99
31 52
0 30
76 11
86 78
10 86
78 99
46 10
10 73
46 10
73 99
98 86
93 45
64 32
45 98
30 64
86 78
0 30
78 99
58 86
86 78
78 99
46 10
7 88
88 50
46 7
50 99
68 52
15 47
52 99
0 67
21 63
30 70
70 21
0 30
11 31
52 99
31 52
76 11
97 88
88 50
50 99
0 22
52 99
22 52
0 76
17 78
76 17
78 99
22 38
38 96
96 1
1 77
0 22
52 99
77 52
22 38
38 96
96 1
4 22
1 77
52 99
21 63
