39
3
11
20
22
23
33
40
44
47
1
4
9
30
43
16
31
35
41
45
7
48
12
14
18
15
17
37
28
38
42
49
27
32
13
29
29
34
7
24
93
0 50
0 10
21 19
26 19
21 19
0 10
26 29
29 50
0 10
21 13
13 34
8 32
32 2
8 27
27 2
0 10
10 49
49 13
13 34
0 10
21 42
42 50
0 10
39 38
38 24
0 10
39 28
28 2
0 10
39 37
37 2
46 17
17 24
46 15
15 2
0 10
10 18
18 2
0 10
10 14
14 24
0 10
10 12
12 29
29 50
0 48
48 2
46 7
7 50
0 45
45 29
29 50
0 41
41 2
0 35
35 34
34 50
0 31
31 2
0 16
16 7
7 50
0 10
10 43
43 50
0 10
10 30
30 50
0 9
9 24
24 50
0 4
4 2
0 1
1 2
0 47
47 50
0 44
44 50
0 40
40 50
0 33
33 50
0 23
23 50
0 22
22 50
0 20
20 50
0 11
11 50
0 3
3 50
