127
46
30
20
6
48
10
8
4
16
32
24
2
26
42
44
14
36
34
7
39
19
45
3
47
80
25
23
52
29
33
17
86
15
27
53
55
62
95
13
72
60
49
94
64
84
94
69
67
69
11
60
70
60
87
69
77
69
60
72
69
11
72
9
77
69
97
69
60
27
97
89
97
49
82
17
86
9
9
89
74
86
9
92
29
49
21
56
49
89
47
29
47
3
47
47
47
47
59
9
47
45
9
47
9
9
47
7
44
85
80
7
44
3
60
44
26
4
4
44
7
42
47
44
4
44
4
6
273
9 40
59 40
96 38
21 38
5 18
56 28
92 22
22 38
12 28
22 17
31 28
89 40
12 27
97 38
12 77
41 18
37 28
66 18
77 18
87 28
67 22
12 76
69 40
12 1
18 38
0 5
40 5
40 84
40 64
64 5
84 5
0 5
18 38
0 5
94 35
18 38
40 94
94 35
18 38
40 94
0 69
18 38
0 5
0 49
49 56
18 38
69 40
18 38
40 67
0 69
18 38
60 22
0 5
5 60
72 38
22 11
11 72
60 22
0 5
5 60
70 13
13 28
0 5
5 70
22 95
95 38
60 22
0 5
5 60
62 28
41 62
0 5
55 18
18 38
12 55
0 5
69 40
0 69
40 87
69 40
18 38
0 69
40 77
12 1
18 38
0 5
53 28
12 53
0 5
27 18
60 27
18 38
0 5
5 60
72 38
12 15
0 5
15 72
69 40
0 69
72 38
11 72
9 86
86 11
0 9
18 38
0 5
77 18
18 38
0 5
17 38
69 40
40 17
0 69
69 40
0 69
40 97
33 38
60 33
0 5
5 60
27 18
18 38
0 5
97 38
29 40
0 29
40 97
97 38
0 89
40 97
0 49
82 31
49 82
86 22
17 38
9 86
0 9
0 5
52 18
9 52
18 38
0 9
89 40
23 38
40 23
0 89
0 74
25 28
74 25
86 22
9 86
0 9
22 38
29 92
0 29
0 49
49 56
18 38
0 5
0 49
49 56
56 21
80 43
0 5
5 80
89 40
47 98
40 47
0 89
38 47
29 96
47 98
0 29
38 47
3 28
0 3
47 98
3 28
0 3
28 45
45 98
22 38
38 47
19 22
47 98
0 19
39 40
47 98
0 39
40 47
38 47
0 7
7 18
47 98
18 38
47 98
40 47
0 59
47 98
0 9
40 47
9 40
40 34
34 45
0 9
45 98
5 36
36 47
47 98
0 5
9 40
40 14
14 43
0 9
9 40
44 98
40 44
0 9
42 47
5 42
47 98
0 5
18 26
26 43
0 7
7 18
85 44
44 98
2 85
0 2
24 80
0 24
80 43
7 32
0 7
32 43
3 16
60 44
16 60
44 98
0 3
0 4
44 98
4 35
35 44
0 4
8 26
26 43
4 8
0 4
10 44
44 98
4 10
7 48
0 7
48 98
42 47
0 6
6 42
47 98
0 4
4 20
20 44
44 98
0 4
30 44
4 30
44 98
6 38
38 46
46 98
0 6
