76
22
9
32
34
3
16
38
35
17
1
41
37
29
44
26
13
12
14
24
46
45
20
18
47
42
28
6
27
31
2
10
15
36
5
43
7
33
39
4
23
25
21
8
40
30
19
45
6
25
43
43
14
46
12
13
12
45
13
23
45
12
20
45
45
46
14
46
8
38
27
20
46
12
35
34
42
179
0 48
19 48
0 19
0 30
30 48
40 48
0 40
0 8
8 48
0 21
21 48
25 48
0 25
23 25
25 48
0 23
4 48
0 4
23 39
39 48
0 23
21 33
33 39
39 48
0 21
8 7
7 39
39 48
0 8
43 48
0 43
25 43
43 48
5 25
0 5
25 43
36 25
8 36
43 48
0 8
15 43
43 48
21 15
0 21
36 10
10 25
25 43
8 36
43 48
0 8
36 10
10 25
21 2
25 43
2 36
43 48
0 21
15 43
31 15
43 48
0 31
31 27
27 43
43 48
0 31
6 15
15 43
43 48
0 6
8 28
28 15
15 43
43 48
0 8
8 42
25 43
42 25
43 48
0 8
5 47
47 42
25 43
42 25
43 48
0 5
18 43
43 48
0 18
8 20
20 48
0 8
45 6
6 15
15 43
43 48
0 45
8 46
46 48
0 8
28 24
45 6
6 15
15 28
24 48
0 45
25 43
14 25
43 48
0 14
12 43
43 48
0 12
13 48
14 13
0 14
8 46
26 8
12 26
46 48
0 12
28 13
44 28
13 48
12 44
0 12
45 29
29 13
13 48
0 45
37 23
28 13
45 6
6 37
23 28
13 48
0 45
12 41
41 48
0 12
1 20
8 46
45 1
20 8
46 48
0 45
45 17
17 46
46 48
0 45
14 35
35 48
0 14
8 46
38 8
46 48
0 38
16 27
27 14
14 35
38 16
35 48
0 38
8 46
3 20
20 8
46 48
0 3
34 48
12 34
0 12
32 35
0 32
35 48
9 42
34 48
0 9
42 34
0 22
22 48
