76
22
2
10
40
37
32
16
20
25
24
21
9
27
23
4
13
8
18
47
43
42
46
19
39
15
17
34
38
36
26
14
31
7
1
33
5
45
29
6
44
35
3
11
30
12
48
28
42
30
42
43
5
19
8
5
8
13
33
8
48
18
42
4
8
42
9
42
25
8
9
24
25
42
13
40
25
158
0 49
28 49
0 28
0 48
48 49
12 49
0 12
0 30
30 49
11 49
0 11
0 3
3 49
0 35
35 49
0 44
44 49
30 6
44 30
0 44
6 49
44 30
30 29
0 44
29 49
45 29
44 45
0 44
29 49
44 30
30 5
0 44
5 49
0 33
33 49
33 41
41 1
1 5
5 49
0 33
44 7
0 44
7 49
31 49
0 31
14 7
0 14
7 49
14 26
26 49
0 14
44 36
0 44
36 49
44 38
0 44
38 49
34 36
0 34
36 49
17 5
0 17
5 49
15 31
0 15
31 49
34 39
39 31
0 34
31 49
19 5
15 19
0 15
5 49
0 46
46 49
42 49
0 15
15 42
15 30
42 49
43 42
30 43
0 15
19 47
47 43
15 19
42 49
43 42
0 15
0 18
18 49
19 5
15 19
8 49
5 8
0 15
8 49
5 8
0 13
13 5
8 49
4 8
0 4
41 33
13 23
33 48
48 8
8 49
23 41
0 13
27 48
48 8
8 49
0 27
6 9
18 6
9 42
42 49
0 18
4 21
21 8
8 49
0 4
24 9
9 42
42 49
0 24
0 25
42 49
25 42
0 20
20 49
0 25
25 16
8 49
16 8
32 24
0 25
24 9
9 42
25 32
42 49
0 25
37 42
25 37
42 49
13 40
40 49
0 13
10 49
0 10
2 40
0 25
25 2
40 49
0 22
22 49
