57
38
20
9
27
21
37
7
40
42
30
45
18
3
13
31
31
44
44
19
35
31
17
44
5
16
19
18
35
5
31
3
31
35
42
31
15
25
5
30
40
15
42
31
30
7
31
27
35
19
40
6
7
14
31
6
27
35
103
31 14
40 6
31 19
30 32
25 5
29 35
29 24
19 35
44 17
44 33
23 19
31 29
0 31
13 47
22 13
31 29
0 31
23 19
19 44
3 47
44 3
23 19
19 44
18 5
2 35
35 18
31 29
0 31
17 5
23 19
19 44
5 16
43 45
23 19
45 16
16 49
19 43
18 5
23 19
35 18
5 16
16 49
31 29
0 31
4 30
3 47
30 3
2 42
42 10
31 29
0 31
2 42
42 10
35 2
31 29
0 31
40 15
15 6
4 40
30 24
24 25
4 30
5 16
16 49
15 7
7 47
40 15
4 40
2 42
42 10
37 2
31 37
0 31
4 30
7 47
21 7
4 21
27 10
29 27
31 29
0 31
19 35
35 29
27 10
29 27
0 31
6 10
4 40
14 7
7 47
0 31
6 10
9 6
0 9
29 20
20 27
31 19
19 35
35 29
27 10
0 31
0 38
38 47
