74
1
10
16
7
35
42
36
39
19
37
25
17
33
20
12
32
22
24
43
26
21
3
6
31
34
14
15
18
41
8
4
46
29
38
30
9
27
5
40
13
45
28
11
23
2
6
31
3
32
30
32
30
3
32
20
20
20
9
37
20
26
3
37
20
42
37
36
26
7
36
35
34
20
31
162
0 47
2 47
0 2
23 47
0 23
11 47
0 11
28 47
0 28
0 45
45 47
0 13
13 47
40 47
0 40
5 11
0 5
11 47
27 47
5 27
0 5
5 9
0 5
9 47
5 30
0 5
30 47
44 38
5 44
38 47
0 5
29 47
5 29
0 5
46 29
29 47
0 46
4 40
5 4
40 47
0 5
4 8
5 4
8 47
0 5
41 47
0 41
44 18
18 47
5 44
0 5
18 47
15 18
0 15
14 44
44 18
18 47
5 14
0 5
34 47
15 34
0 15
31 9
18 47
9 18
0 31
8 6
31 45
45 46
46 8
6 47
0 31
3 47
31 3
0 31
34 47
21 34
0 21
26 3
3 47
0 26
31 43
26 3
43 26
3 47
0 31
31 9
9 24
24 6
6 47
0 31
22 47
0 22
3 47
0 32
32 3
32 30
30 12
0 32
12 47
32 30
20 47
0 32
30 20
33 3
3 47
0 33
17 47
0 17
20 47
25 20
32 25
0 32
20 47
0 37
37 20
19 9
9 31
31 20
20 47
0 19
39 19
19 9
9 31
31 20
20 47
0 37
37 39
36 26
26 3
3 47
0 36
42 43
31 20
37 42
43 31
20 47
0 37
42 35
34 47
37 42
0 37
35 34
36 26
7 36
26 3
0 7
3 47
36 26
7 36
26 16
20 47
0 7
16 20
0 10
34 47
35 34
10 35
1 31
31 20
20 47
0 1
