68
45
4
29
11
38
7
44
42
7
44
13
7
13
11
12
13
11
12
28
26
10
26
9
7
27
10
27
8
29
7
29
4
7
4
2
2
2
4
2
2
27
29
29
2
27
4
2
47
13
4
2
43
44
38
43
45
38
43
45
38
2
43
45
41
47
2
47
2
188
0 49
48 49
0 2
48 47
39 22
46 47
39 41
19 21
42 43
43 45
43 44
15 16
18 17
31 29
27 21
4 2
19 18
23 21
22 2
37 39
5 4
0 35
10 8
27 10
26 28
15 13
13 12
34 32
22 20
34 33
34 35
36 35
32 31
32 31
32 31
32 31
34 33
32 31
22 20
32 31
44 7
40 42
22 20
42 44
7 5
38 40
39 38
44 7
40 42
22 20
42 44
7 5
9 7
13 11
14 13
11 9
22 20
7 5
12 11
9 7
14 13
11 9
22 20
7 5
13 12
12 11
9 7
11 9
22 20
7 5
28 30
24 26
9 7
10 9
26 27
24 26
7 5
27 29
29 7
26 27
24 26
7 5
27 10
8 6
26 27
24 26
4 3
16 4
22 20
35 34
30 29
29 7
34 32
7 5
0 35
35 34
30 29
29 7
4 3
34 32
7 5
0 35
4 3
16 4
2 1
22 2
2 1
37 39
22 2
0 35
2 1
20 22
19 18
37 39
0 35
16 4
2 1
22 2
0 35
35 34
30 29
29 27
34 32
2 1
27 21
22 2
0 35
35 34
29 27
34 32
2 1
32 31
4 2
19 18
37 39
0 35
16 4
2 1
45 47
47 49
46 45
4 2
13 15
0 35
35 34
14 13
16 4
2 1
44 45
36 38
0 35
38 40
45 47
41 43
47 49
35 36
36 38
0 35
38 40
45 47
41 43
47 49
35 36
43 45
36 38
0 35
38 40
45 47
40 42
47 49
35 36
37 39
22 2
0 35
2 1
43 45
37 39
0 35
45 47
41 43
47 49
47 49
37 39
22 2
0 35
2 1
47 49
2 1
