72
6
32
35
37
31
9
2
26
4
38
3
15
34
16
18
24
1
11
23
13
5
44
25
36
30
8
7
20
21
27
17
29
22
41
12
28
40
10
14
33
39
19
42
42
8
42
30
25
25
23
23
27
10
34
10
15
25
40
30
38
14
26
30
25
30
42
36
23
15
31
26
25
166
0 45
43 42
42 45
0 42
42 45
19 45
0 19
0 39
39 45
33 45
0 33
14 45
0 14
10 45
0 10
40 33
33 45
0 40
0 28
28 45
0 12
12 45
12 19
19 41
41 45
0 12
22 10
12 22
0 12
10 45
19 29
12 19
29 45
0 12
17 29
29 45
0 17
27 10
10 29
12 27
29 45
0 12
21 45
0 21
22 10
20 22
10 29
29 45
0 20
7 29
29 45
0 7
8 45
0 8
0 30
30 45
0 36
36 45
25 30
0 25
30 45
28 7
25 28
0 25
7 44
44 45
28 5
25 28
0 25
5 45
25 13
0 25
13 45
23 45
0 23
30 42
8 11
23 45
25 30
0 25
11 23
42 8
12 1
23 45
25 28
1 11
28 12
0 25
11 23
30 42
8 24
25 30
0 25
42 8
24 45
30 18
23 45
25 30
0 25
18 23
23 45
25 28
16 23
0 25
28 16
23 45
34 23
0 34
25 15
27 10
10 34
23 45
15 27
34 23
0 25
3 10
10 34
23 45
25 3
34 23
0 25
25 15
23 45
38 23
0 25
15 38
30 4
40 23
23 45
25 30
4 40
0 25
26 14
41 38
23 45
0 26
14 41
38 23
0 26
26 2
2 45
9 45
25 30
30 9
0 25
30 42
31 45
25 30
42 31
0 25
37 23
23 45
36 37
0 36
15 35
31 45
25 15
35 19
19 31
0 25
0 26
32 45
26 32
25 6
6 45
0 25
