66
37
46
6
31
25
9
27
40
32
3
19
44
47
29
45
39
12
8
2
28
28
21
17
2
17
41
8
2
12
8
39
41
39
2
39
41
21
47
21
17
2
17
2
21
44
4
29
41
39
47
45
17
42
26
5
9
25
25
14
32
25
46
9
25
14
26
117
0 26
14 49
29 41
21 4
23 15
8 15
41 36
24 21
18 28
28 33
34 28
28 33
21 36
2 49
17 2
22 17
8 22
2 49
17 2
30 8
22 17
30 12
12 33
15 41
39 11
0 39
8 22
2 49
17 2
14 8
22 17
38 45
45 12
12 33
41 36
39 11
0 39
14 8
15 41
39 11
0 39
2 49
17 2
11 29
29 17
41 36
39 11
0 39
15 41
0 47
47 21
21 36
0 47
2 49
21 44
44 2
47 21
19 17
2 49
17 2
38 19
2 49
3 17
42 3
17 2
4 44
0 47
2 49
44 2
47 21
41 36
39 11
0 39
11 29
24 32
0 47
47 24
32 49
45 40
40 17
47 45
0 47
2 49
17 2
27 36
0 42
42 27
38 9
9 26
0 25
25 5
31 9
28 31
0 25
26 49
25 33
33 28
9 26
6 5
25 14
0 25
14 6
5 49
46 32
33 46
0 25
25 33
32 49
33 46
46 9
37 49
9 37
0 25
25 33
25 14
0 25
26 49
