51
2
3
11
25
33
40
43
37
37
43
37
40
37
43
40
43
40
40
37
33
40
37
33
40
37
27
29
24
26
28
6
9
11
9
6
25
27
29
11
10
8
25
6
27
6
9
11
6
8
11
3
116
5 3
6 8
7 9
6 4
8 10
25 23
9 10
26 24
40 42
44 45
46 48
34 36
37 38
46 47
47 49
47 49
37 39
46 47
35 37
47 49
41 43
37 39
43 45
35 37
47 49
40 41
41 43
39 40
37 39
43 45
35 37
47 49
40 41
41 43
38 40
43 45
35 37
47 49
40 41
41 43
38 40
43 45
47 49
34 36
40 41
38 40
33 35
46 48
37 38
40 41
32 33
38 40
35 37
33 35
37 38
40 41
32 33
38 40
35 37
47 49
44 45
33 35
37 38
32 33
38 40
35 37
47 49
25 24
27 25
32 30
29 27
30 29
24 23
32 30
28 26
24 23
30 28
5 6
11 48
6 7
9 11
8 9
5 6
11 48
6 7
10 11
27 25
32 30
29 27
30 29
5 6
11 48
6 7
10 11
7 8
25 23
5 6
27 25
32 30
29 27
30 29
9 10
5 6
11 48
6 7
10 11
8 10
5 6
11 48
10 11
1 3
3 49
2 47
0 2
47 49
3 49
