78
27
19
34
45
25
7
48
30
11
32
16
31
3
4
10
33
26
28
21
18
40
35
2
46
41
43
17
47
29
8
12
14
44
23
39
36
5
20
37
42
13
42
42
36
24
41
39
24
24
41
36
41
26
10
33
41
26
3
41
43
28
26
24
28
33
39
41
41
33
16
42
3
41
16
28
16
28
28
165
0 49
0 24
6 36
42 37
13 42
13 1
0 13
6 42
42 49
0 13
42 49
9 37
37 49
0 20
20 49
13 42
37 49
0 13
5 37
37 49
0 5
0 36
36 49
39 49
0 39
36 49
24 1
0 24
24 23
23 49
44 37
0 44
37 49
44 38
38 14
0 44
14 49
44 38
38 14
14 12
0 44
12 49
44 38
38 8
0 44
8 49
29 49
0 29
44 47
47 29
0 44
29 49
6 17
17 49
47 43
44 47
0 44
43 49
17 41
41 49
6 17
41 49
44 47
47 46
46 41
0 44
0 24
2 49
24 2
0 24
24 35
2 49
35 2
17 41
41 49
0 40
40 17
39 41
41 49
0 24
18 39
24 18
21 49
0 24
24 21
28 49
0 28
24 26
0 24
26 49
33 36
41 49
0 33
36 41
10 41
24 26
26 10
41 49
0 24
44 4
17 10
4 17
10 41
33 44
41 49
0 33
3 41
24 26
26 3
41 49
0 24
3 41
31 9
9 3
41 49
0 31
42 16
28 49
43 37
37 42
33 43
16 28
0 33
26 32
24 26
32 49
0 24
28 49
33 11
11 28
0 33
36 30
39 41
33 36
30 39
41 49
0 33
48 41
33 48
41 49
0 33
42 16
28 49
37 42
0 7
7 37
16 28
25 49
0 25
3 41
45 3
41 49
0 45
42 16
28 49
34 42
16 28
0 34
28 49
19 16
0 19
16 28
27 28
28 49
0 27
