77
22
40
33
37
31
5
20
35
8
24
47
30
17
15
18
26
1
3
44
6
10
25
12
16
11
39
19
23
27
41
45
4
36
42
2
14
46
28
38
48
32
7
9
13
43
34
29
10
19
34
12
28
12
12
34
12
39
36
15
39
15
44
18
15
18
26
26
26
18
26
18
10
31
31
28
31
42
170
0 49
29 49
0 29
0 34
34 49
0 43
43 49
0 13
13 49
0 9
9 49
0 9
9 7
7 49
9 21
21 32
0 9
32 49
13 29
48 13
29 32
32 49
0 48
38 49
0 38
28 32
0 28
32 49
28 46
0 28
46 49
14 32
0 14
32 49
28 46
46 2
0 28
2 49
0 42
42 49
36 32
0 36
32 49
28 46
46 4
0 28
4 49
0 45
45 49
41 4
0 41
4 49
27 49
28 27
0 28
28 46
46 23
23 27
27 49
0 28
28 19
27 49
19 27
0 28
36 39
39 49
0 36
41 11
11 27
27 49
0 41
16 49
0 16
36 12
12 49
0 36
34 12
41 25
25 34
12 49
0 41
28 19
19 10
10 12
12 49
0 28
28 19
10 6
19 10
6 49
0 28
44 34
28 44
34 12
12 49
0 28
28 3
3 49
0 28
12 49
1 12
0 1
12 49
26 12
0 26
26 18
34 12
12 49
18 34
0 26
15 39
39 36
36 12
12 49
0 15
15 39
17 3
3 49
39 17
0 15
15 30
30 49
0 15
47 44
26 18
44 34
18 47
34 12
12 49
0 26
15 24
24 49
0 15
26 18
8 49
18 8
0 26
26 35
35 49
0 26
20 49
0 20
18 5
26 18
5 49
0 26
26 18
31 49
18 31
0 26
19 28
28 31
26 38
37 10
31 49
38 37
10 19
0 26
28 31
31 49
33 28
0 33
40 49
0 40
22 42
28 31
42 46
46 28
31 49
0 22
