59
6
32
7
2
4
8
12
28
42
24
20
18
36
14
34
30
22
10
40
29
21
26
23
47
15
43
41
15
3
23
9
11
5
23
9
15
3
11
15
5
5
5
23
3
13
11
3
5
13
13
3
15
3
3
13
15
15
7
2
97
0 49
0 3
35 44
46 48
15 48
46 44
41 44
46 41
38 43
43 48
46 15
15 44
46 47
47 48
23 48
46 23
46 15
39 26
43 48
26 43
21 44
16 21
21 44
3 16
16 21
29 46
0 29
46 48
23 48
9 40
0 9
40 23
0 5
11 48
5 10
10 11
23 48
19 22
22 23
9 30
15 48
0 9
30 15
0 3
16 34
34 11
3 16
11 48
5 14
15 48
0 5
14 15
0 5
5 36
36 48
5 18
23 48
0 5
18 23
0 3
13 48
20 13
3 20
0 3
24 11
3 24
11 48
5 42
13 48
42 13
0 5
0 3
28 13
13 48
3 28
0 3
3 12
12 15
15 48
3 8
0 3
8 13
13 48
4 15
15 48
0 4
0 2
15 48
2 15
0 7
7 48
0 7
7 32
32 49
0 2
2 6
6 49
