59
9
38
7
46
31
5
16
33
10
4
47
39
24
8
45
42
22
21
12
41
32
30
28
35
43
37
2
27
14
36
44
3
20
11
19
26
23
25
17
13
15
34
34
23
1
12
30
12
34
8
12
33
5
1
30
10
33
10
7
146
0 48
23 26
0 29
17 34
18 40
34 40
15 6
0 13
17 1
0 17
13 1
18 15
18 34
0 13
13 1
1 25
25 6
15 6
0 23
23 15
34 40
0 17
0 13
26 48
13 26
0 13
13 19
19 6
11 15
13 11
0 13
15 6
0 23
26 48
0 29
29 20
20 48
3 6
0 13
13 3
44 6
0 44
13 36
36 20
0 13
20 48
19 14
0 13
13 19
14 48
44 6
13 27
27 44
0 13
0 29
29 2
2 48
37 14
14 48
0 37
43 6
0 43
11 35
13 11
0 13
35 48
28 6
43 28
0 43
29 30
0 29
30 48
26 32
29 30
27 26
0 29
30 27
32 48
29 30
30 19
19 41
0 29
41 48
0 12
12 48
0 21
21 48
1 2
12 1
2 22
0 12
22 48
0 42
42 48
29 30
30 45
0 29
45 48
34 8
12 34
8 48
0 12
25 24
24 34
34 8
12 25
8 48
0 12
0 29
29 39
39 48
47 48
0 47
0 4
4 48
0 10
10 48
33 48
0 29
29 33
16 48
0 16
5 33
33 48
29 5
0 29
5 33
1 5
31 1
33 48
0 31
46 48
29 30
30 46
0 29
10 7
7 33
0 10
33 48
6 38
10 7
7 6
0 10
38 48
0 9
9 48
