76
37
36
27
31
20
39
35
22
5
34
25
2
21
26
18
29
8
43
44
23
1
15
9
16
45
46
41
10
42
40
32
17
4
11
28
30
33
6
24
13
19
38
14
7
3
44
42
44
43
9
10
29
29
6
3
21
16
10
15
15
29
21
26
6
30
21
26
10
15
9
35
29
46
6
38
29
164
0 47
0 3
3 47
0 7
7 47
14 47
0 14
0 38
38 47
19 47
0 19
13 47
0 13
38 24
0 38
24 47
0 6
6 47
3 33
6 3
0 6
33 47
3 30
6 3
0 6
30 47
28 30
0 28
30 47
38 11
0 38
11 47
4 30
0 4
30 47
4 17
0 4
17 47
0 32
32 47
0 40
40 47
0 42
42 47
32 17
17 10
10 47
0 32
42 12
12 41
0 42
41 47
42 46
0 42
46 47
17 4
4 45
46 17
42 46
45 47
0 42
32 16
16 47
0 32
0 9
9 47
0 15
15 16
16 47
4 45
1 4
0 1
45 47
6 46
9 6
46 23
23 47
0 9
42 44
44 47
0 42
42 44
43 12
12 42
44 47
0 43
42 44
15 8
43 12
12 42
8 43
0 15
44 47
9 29
29 47
0 9
10 29
29 47
18 10
0 18
29 47
0 26
26 29
9 29
6 9
21 3
3 6
29 47
0 21
2 9
9 29
21 16
16 2
29 47
0 21
10 29
15 25
29 47
25 10
0 15
15 34
34 29
29 47
0 15
21 5
0 21
5 47
9 29
22 6
6 9
26 22
29 47
0 26
30 35
21 30
35 29
29 47
0 21
39 10
10 29
26 39
29 47
0 26
9 29
15 20
20 9
29 47
0 15
31 35
0 31
35 29
29 47
0 27
27 47
46 6
9 29
6 9
36 46
0 36
29 47
0 37
37 38
38 29
29 47
