72
48
5
27
39
25
11
13
38
29
14
12
28
8
19
36
2
31
44
18
17
15
6
30
20
3
7
4
40
43
42
33
35
16
1
41
10
23
45
26
46
37
24
21
22
47
32
23
26
30
2
20
30
2
23
26
44
40
1
6
36
20
14
36
16
8
29
20
30
30
44
27
44
155
0 49
0 32
0 47
47 49
0 22
22 49
0 21
21 49
32 34
21 24
0 21
24 49
0 37
37 49
0 46
46 49
0 26
26 49
45 49
0 45
26 23
0 26
23 49
32 10
0 32
10 49
26 41
0 26
41 49
32 1
0 32
1 49
0 16
16 49
0 32
32 35
35 49
26 33
0 26
33 49
37 42
10 37
42 46
32 10
46 35
0 32
35 49
0 43
43 49
40 43
0 40
43 49
4 35
32 10
10 4
0 32
35 49
4 35
7 4
35 49
0 7
3 35
0 3
35 49
0 20
20 49
0 30
30 49
34 6
0 30
30 34
6 49
0 20
20 15
15 6
6 49
0 17
17 49
30 23
18 6
26 18
23 26
0 30
6 49
0 44
44 49
31 49
0 31
0 30
2 49
30 2
0 20
36 2
20 36
2 49
30 19
0 30
19 2
2 49
30 23
26 8
23 26
0 30
8 49
44 28
0 44
28 49
30 1
40 12
1 40
0 30
12 49
6 28
36 14
14 6
0 20
20 36
28 49
0 20
29 49
20 29
6 28
36 14
46 36
38 17
14 6
17 46
0 38
28 49
13 8
44 16
16 33
33 13
0 44
8 49
2 29
0 20
20 11
11 2
29 49
30 25
0 30
25 49
30 39
0 30
39 49
27 49
44 27
0 44
27 49
0 5
5 27
48 49
44 48
0 44
