77
43
27
3
42
32
29
17
6
40
44
21
19
12
4
20
31
28
1
8
41
5
18
7
2
34
35
37
24
9
13
11
33
39
36
47
10
46
26
38
15
45
22
16
30
22
22
11
9
7
30
46
39
1
11
11
9
31
1
1
11
13
4
31
1
12
44
1
28
29
46
17
44
17
12
17
44
44
192
0 49
16 45
22 16
0 23
48 30
25 49
25 16
16 49
30 25
25 49
22 14
0 22
0 45
45 49
0 15
15 49
48 38
38 49
25 49
0 23
23 22
16 49
22 16
0 23
23 22
45 49
0 26
26 49
22 16
0 23
16 46
23 22
46 49
0 23
10 38
38 49
23 10
47 26
0 23
23 47
26 49
0 36
36 49
0 23
39 38
23 39
38 49
0 23
23 33
33 49
23 11
0 23
11 49
47 26
0 23
23 47
13 49
26 13
23 11
11 9
0 23
9 49
23 11
48 24
0 23
11 48
24 49
47 26
26 37
0 23
23 47
37 49
35 22
23 11
0 23
22 37
11 35
37 49
23 11
34 37
0 23
11 34
37 49
23 2
0 23
2 49
23 11
11 9
0 23
9 7
7 49
14 18
2 46
23 2
0 23
46 14
18 49
23 2
2 5
0 23
5 49
23 11
11 9
0 23
9 41
41 49
0 23
23 8
8 49
7 30
23 11
11 9
30 1
0 23
1 49
9 7
2 46
23 2
46 39
28 1
0 23
1 49
39 28
23 11
31 1
0 23
1 49
11 31
23 11
11 9
9 20
0 23
20 49
4 49
0 4
12 49
0 12
31 1
19 31
1 49
0 19
23 11
21 1
11 21
0 23
1 49
44 13
0 44
13 49
40 4
4 49
0 40
6 31
31 1
23 6
0 23
1 49
44 17
17 48
48 12
0 44
12 49
44 29
29 28
0 44
28 1
1 49
44 29
29 2
2 46
46 32
32 1
0 44
1 49
44 17
17 5
0 44
42 49
5 42
44 17
17 48
48 12
3 49
12 3
0 44
44 17
17 27
0 44
27 49
0 44
43 49
44 43
