66
42
32
18
16
26
9
24
27
34
31
30
38
29
13
4
40
45
44
7
20
28
37
17
3
33
5
36
1
11
19
14
43
25
15
2
23
12
10
35
35
35
35
33
5
10
45
3
39
20
20
45
30
29
30
38
34
25
29
29
10
40
16
3
29
26
40
151
0 46
10 2
6 35
8 6
35 10
21 6
41 35
35 46
21 10
10 46
12 35
8 12
35 46
12 35
8 12
10 46
23 39
0 23
2 46
8 2
8 15
15 10
10 46
25 2
2 46
0 25
23 43
43 46
0 23
8 6
35 43
43 46
14 2
8 14
2 46
35 10
6 35
8 6
2 46
19 22
22 43
43 46
0 19
15 11
11 43
8 15
43 46
22 43
1 22
43 46
0 1
36 41
41 43
43 46
0 36
10 2
35 10
6 35
5 21
21 6
0 5
2 46
0 33
33 46
0 3
3 46
39 17
3 39
0 3
17 46
37 46
0 37
33 5
5 21
14 28
21 14
0 33
28 46
0 20
20 46
7 43
0 7
43 46
44 46
0 44
21 45
33 5
5 21
45 46
0 33
35 45
10 35
40 10
45 46
0 40
39 4
3 39
4 46
0 3
20 13
13 46
0 20
29 46
20 29
0 20
0 38
38 46
0 30
30 46
30 31
31 45
0 30
45 46
34 29
29 46
0 30
30 34
38 27
34 29
29 46
27 34
0 38
25 24
30 25
29 46
24 29
0 30
29 46
9 29
0 9
40 10
0 26
26 40
29 46
10 29
0 16
16 46
0 16
3 18
39 3
29 46
18 29
16 39
0 32
29 46
32 29
0 26
26 40
29 46
42 29
40 42
