82
20
46
18
4
8
19
16
9
10
41
27
3
11
13
47
44
12
24
34
45
35
25
7
42
22
39
23
2
48
28
17
30
43
29
36
31
32
5
1
6
38
21
33
15
14
26
26
36
43
45
21
45
22
15
34
43
44
36
34
26
44
2
22
15
3
15
7
3
6
36
44
36
47
45
16
45
16
16
47
8
44
36
198
0 49
37 49
26 15
0 40
0 26
26 49
14 49
0 14
15 49
0 15
26 33
33 49
0 26
15 49
0 26
21 33
33 49
0 21
0 40
38 49
0 38
6 49
0 6
37 49
1 37
0 1
5 33
33 49
0 5
37 49
32 37
0 32
37 49
31 37
5 31
0 5
36 49
0 36
37 49
29 37
0 29
37 49
43 37
29 43
0 29
37 49
26 32
5 30
30 26
32 37
0 5
17 43
37 49
43 37
5 17
0 5
37 49
28 37
0 28
37 49
48 37
0 48
36 49
28 2
2 36
0 28
37 49
23 32
32 37
0 23
2 39
36 49
28 2
39 36
0 28
37 49
22 37
0 22
42 22
37 49
22 37
0 42
37 49
7 15
22 37
15 22
0 7
17 43
25 17
37 49
43 37
0 25
35 15
37 49
22 37
15 22
0 35
0 45
36 49
45 36
34 40
0 45
37 49
40 43
45 34
43 37
14 24
21 14
0 45
24 49
45 21
12 15
0 45
37 49
22 37
15 22
45 12
34 40
43 17
44 36
0 45
17 44
40 43
45 34
36 49
44 36
0 45
47 44
36 49
45 47
13 26
5 13
34 5
26 22
0 45
37 49
22 37
45 34
2 39
39 44
44 36
11 2
36 49
0 11
37 49
0 3
3 15
22 37
15 22
15 27
37 49
0 3
3 15
27 37
7 41
41 49
0 3
3 15
15 7
10 36
6 10
0 45
45 6
36 49
44 36
9 44
0 9
36 49
47 16
0 45
16 49
45 47
37 49
19 37
0 19
45 8
0 45
16 49
8 16
4 16
16 49
0 4
18 47
47 16
0 45
45 18
16 49
8 46
45 8
2 39
39 44
46 2
44 36
0 45
36 49
20 36
0 20
36 49
