43
42
1
34
47
14
20
28
30
39
39
26
4
39
25
26
10
15
26
25
26
41
24
41
39
26
26
28
26
38
26
34
38
26
39
38
34
38
38
1
38
30
38
34
85
32 30
8 38
26 18
45 22
38 49
28 46
31 35
41 24
16 29
10 15
29 25
26 31
39 18
13 39
39 18
13 39
32 26
30 4
43 30
26 31
4 5
39 18
13 39
32 26
26 31
32 26
25 48
26 31
15 46
2 10
32 26
29 25
26 31
32 26
25 48
40 28
28 48
41 20
20 46
40 41
24 45
39 18
40 41
13 39
26 31
32 26
26 31
31 14
32 26
14 18
40 28
47 36
26 31
21 47
32 26
7 34
34 8
26 31
22 38
32 26
34 46
38 49
22 38
7 34
45 22
38 49
18 39
22 38
39 13
32 26
38 49
7 34
34 8
40 1
38 49
1 38
2 1
38 49
1 38
42 2
0 42
8 38
30 34
38 49
34 8
