66
6
1
33
25
8
48
45
30
20
17
28
35
10
46
16
24
43
9
5
24
46
7
16
35
37
46
44
28
16
35
35
35
35
35
20
9
46
40
46
47
5
35
9
45
45
46
44
45
35
46
35
30
45
40
25
2
44
2
7
25
33
25
24
35
2
25
132
38 2
24 25
0 38
7 2
44 2
0 40
44 32
29 14
5 13
40 11
9 4
18 26
11 41
15 39
39 23
42 37
5 47
21 4
22 26
22 26
43 32
22 26
9 43
19 9
24 38
29 24
16 3
29 16
22 26
24 5
29 24
46 40
0 46
22 26
7 10
46 40
0 46
40 7
10 36
0 35
35 18
22 26
16 28
0 35
28 47
3 16
35 18
37 47
46 44
0 46
44 42
28 15
16 28
0 35
39 23
3 16
35 18
0 35
31 17
35 18
17 41
0 35
35 18
0 35
35 18
20 41
0 35
31 20
35 18
4 20
20 41
19 9
11 41
46 40
0 46
30 11
11 41
0 46
46 30
18 26
47 5
36 47
0 35
35 18
9 45
45 49
19 9
14 45
45 49
46 44
45 49
0 46
32 45
0 35
35 48
9 45
45 49
48 9
46 8
8 13
0 46
25 13
0 35
35 25
30 23
11 30
40 11
45 49
23 45
2 25
25 13
46 44
0 46
2 25
0 40
25 13
40 7
33 49
19 33
34 33
33 49
19 1
1 49
0 38
25 13
38 24
0 35
6 49
35 6
2 25
0 38
25 13
