51
19
4
8
18
40
10
26
46
39
43
29
21
41
12
29
3
11
48
39
41
48
39
12
48
26
39
12
3
26
11
26
29
3
21
48
23
20
48
22
48
3
21
40
29
11
3
46
3
46
4
24
116
38 49
11 47
16 48
22 48
2 23
16 45
3 21
2 3
0 5
20 7
6 26
2 27
39 12
6 13
48 7
29 11
13 33
7 33
21 7
29 43
6 29
43 17
17 21
7 33
39 41
41 12
30 39
12 7
7 33
6 29
11 7
46 3
38 46
3 11
7 33
11 7
45 48
7 33
12 28
39 41
41 12
28 45
30 39
13 33
48 7
45 48
7 33
12 28
28 45
30 39
48 7
45 48
7 33
13 26
6 13
26 33
26 33
12 39
14 12
2 27
39 20
7 33
7 33
2 10
10 33
11 26
3 11
26 33
40 29
2 40
29 11
11 26
26 33
2 3
7 33
21 7
20 7
2 27
27 18
18 20
7 33
48 7
45 48
7 33
20 7
23 20
7 33
45 22
16 45
48 7
7 33
48 7
7 33
3 21
21 8
2 3
8 47
40 29
2 40
29 11
2 3
3 46
46 38
4 2
38 49
5 4
2 3
3 46
46 38
0 5
25 19
4 25
38 49
5 4
0 5
19 24
