79
34
29
3
7
2
6
42
36
33
8
48
35
39
31
24
26
28
46
18
1
23
45
30
11
22
25
32
41
9
13
44
21
16
27
37
38
15
4
19
12
10
5
43
17
40
14
47
40
14
23
11
30
18
30
44
30
23
21
28
24
28
28
30
45
40
11
30
48
36
26
48
42
27
7
25
3
9
35
36
168
0 49
20 14
40 14
0 47
47 49
14 49
0 14
0 40
40 49
0 40
14 49
14 49
0 17
17 49
0 43
43 49
5 49
0 5
0 10
10 49
40 12
12 49
0 40
19 49
0 19
19 4
4 49
0 19
15 5
5 49
0 15
38 49
0 38
43 4
37 43
0 37
4 49
27 12
0 27
12 49
16 38
0 16
38 49
16 21
21 4
0 16
4 49
44 12
16 21
21 44
0 16
12 49
13 49
0 13
9 38
0 9
38 49
27 13
41 40
40 27
0 41
13 49
9 32
0 9
32 49
27 13
25 27
0 25
13 49
0 22
22 32
32 49
27 13
11 40
0 11
40 27
13 49
30 49
0 30
0 11
30 49
11 45
45 30
0 22
30 49
23 30
22 23
9 23
0 11
1 9
30 49
11 1
23 30
30 49
0 18
18 30
0 18
18 46
46 49
0 28
28 44
30 49
44 30
30 49
0 26
26 23
23 30
21 24
0 28
28 44
44 21
24 49
0 31
31 49
0 28
39 24
28 39
24 49
0 28
28 35
35 49
0 48
48 49
48 45
0 48
8 30
45 8
30 49
0 33
33 49
36 49
11 40
0 11
40 36
0 48
48 42
42 30
30 49
36 49
0 48
26 6
48 26
6 36
0 48
48 2
2 49
0 48
7 49
48 42
27 7
42 27
7 49
0 3
27 7
25 27
3 25
7 49
0 3
3 23
29 7
9 29
23 9
34 36
36 49
0 48
48 42
35 34
42 35
