73
2
46
35
10
13
37
33
1
30
26
17
27
47
24
36
8
48
15
16
39
7
11
3
21
44
45
12
42
29
14
41
22
19
32
38
5
18
25
20
18
34
18
7
22
22
32
39
7
22
32
15
36
12
28
8
27
27
27
47
8
27
26
27
21
8
27
3
13
27
35
13
27
28
161
0 49
40 32
0 4
0 34
6 4
23 40
0 20
20 31
25 4
9 25
18 31
0 18
18 6
0 18
20 5
5 4
0 20
40 38
38 4
18 40
0 18
34 4
9 32
32 49
18 40
32 49
0 18
0 34
34 19
19 49
22 9
0 22
9 32
32 49
22 9
0 22
9 41
41 49
0 14
14 49
29 23
22 9
23 32
9 29
0 22
32 49
22 9
0 22
9 42
42 49
12 49
0 12
45 42
0 45
42 49
0 44
44 49
22 21
0 22
21 49
3 12
0 3
12 49
9 11
22 9
0 22
11 49
7 32
22 7
0 22
32 49
40 32
39 40
7 39
22 7
0 22
32 49
22 16
16 32
0 22
32 49
39 15
7 39
22 7
0 22
15 49
0 48
48 49
22 8
0 22
8 49
36 32
0 36
32 49
24 15
36 24
0 36
15 49
47 49
0 47
27 28
28 12
0 27
12 49
27 8
0 27
44 17
8 44
17 49
0 27
27 26
26 49
0 27
30 47
27 30
47 49
0 1
1 49
27 8
0 27
34 33
8 34
33 49
40 37
0 27
26 32
32 40
27 26
37 49
27 8
20 13
16 21
0 27
8 22
21 20
13 49
22 16
27 28
28 12
0 27
12 3
3 10
10 49
27 28
28 12
0 27
12 35
13 49
35 13
27 28
35 46
28 12
0 27
12 35
13 49
46 13
27 28
28 12
0 27
12 2
2 49
