74
13
2
17
25
20
36
28
26
9
38
7
27
46
12
45
24
10
40
30
23
32
43
1
19
39
8
5
34
41
18
11
33
29
16
14
35
15
3
22
21
6
42
4
37
31
31
21
39
30
40
42
40
40
8
8
8
12
8
27
8
27
7
46
30
8
9
26
8
29
20
41
39
23
25
158
0 47
31 37
0 31
31 47
37 47
0 37
0 4
4 47
0 42
42 47
6 47
0 6
21 6
4 21
6 47
0 4
22 6
42 22
6 47
0 42
37 22
22 6
6 47
0 31
42 3
3 47
0 42
15 6
6 47
0 15
35 3
42 35
3 47
0 42
0 14
14 47
16 3
3 47
0 16
4 29
29 47
0 4
33 29
29 47
0 33
11 35
35 3
3 47
0 11
18 29
29 47
0 18
41 29
29 47
0 41
14 34
34 47
0 14
5 47
0 5
8 47
0 8
39 47
0 39
22 37
37 31
8 47
19 22
31 8
0 19
8 47
1 8
0 1
43 47
0 43
32 39
39 47
0 32
8 47
23 6
6 8
0 23
8 47
30 8
0 30
40 21
21 39
39 47
0 40
8 47
10 30
40 10
30 8
0 40
21 24
24 42
8 47
40 21
42 8
0 40
8 47
21 45
45 6
40 21
6 8
0 40
8 47
12 8
0 12
8 47
0 46
46 8
8 47
27 12
0 27
12 8
8 47
27 7
0 27
7 8
27 7
7 38
0 27
38 47
46 9
9 47
0 46
8 47
26 30
30 8
0 26
28 9
9 47
0 28
8 47
26 36
36 8
0 26
20 47
0 20
25 29
20 47
0 25
29 20
29 41
39 32
25 29
32 17
0 25
41 39
17 47
2 47
0 2
23 2
2 47
25 13
13 23
0 25
