69
22
34
16
3
21
37
6
23
29
47
46
36
44
15
27
11
26
1
45
24
10
39
32
5
42
8
30
9
7
13
43
20
33
31
28
48
25
19
25
48
28
48
40
10
39
10
25
8
45
25
8
25
8
8
10
1
47
2
45
47
2
8
23
21
45
3
21
23
23
139
40 18
28 48
4 35
48 38
25 38
19 25
25 12
12 49
12 49
17 25
17 19
25 12
12 49
19 25
17 19
41 48
48 49
41 48
40 28
28 49
35 28
28 49
4 35
48 38
35 28
4 31
31 49
0 40
33 12
0 33
12 49
20 49
0 20
4 35
35 43
43 49
13 49
0 13
7 18
0 7
9 12
4 9
12 49
30 38
33 30
0 33
40 8
8 49
0 40
33 42
25 8
42 25
8 49
0 33
4 5
5 49
25 8
32 25
4 32
8 49
39 5
4 39
5 49
25 8
10 25
8 49
0 10
24 8
17 24
10 39
39 17
8 49
0 10
0 45
45 49
10 1
25 8
1 25
8 49
0 10
26 49
0 26
0 11
11 49
27 8
8 49
0 27
45 15
0 45
15 49
44 25
25 8
8 49
0 44
25 8
36 25
8 49
0 36
46 8
0 46
8 49
10 1
1 47
47 49
0 10
2 47
29 2
47 49
0 29
45 23
23 49
0 45
2 47
6 2
47 49
0 6
37 8
0 37
8 49
4 23
21 4
0 21
23 49
45 3
21 45
3 49
0 21
16 45
4 16
45 3
21 4
3 49
0 21
34 23
0 34
23 49
0 22
22 23
23 49
