79
36
11
15
47
43
20
25
39
6
30
45
4
34
32
31
29
33
41
28
35
18
8
26
24
2
42
19
7
23
10
5
12
27
9
22
48
44
46
38
40
21
13
21
16
23
19
21
13
19
23
19
21
28
8
19
31
9
33
19
21
31
19
4
23
46
7
6
30
6
7
10
16
20
10
23
19
16
15
23
181
0 49
0 16
0 1
0 14
0 21
13 21
37 21
21 16
0 13
21 16
40 16
0 40
21 16
0 38
38 14
0 46
46 1
44 16
0 44
0 48
48 1
16 1
0 16
44 22
16 44
22 49
21 13
0 21
13 9
9 49
38 27
27 1
0 38
44 12
0 16
16 44
12 49
0 16
5 1
16 5
0 16
16 10
10 1
0 23
23 12
12 49
16 7
0 16
7 1
16 7
0 16
7 1
19 49
1 19
10 17
0 16
17 42
16 10
19 49
42 19
21 13
13 2
0 21
2 49
16 7
7 24
0 16
19 49
24 19
21 26
0 21
26 49
16 7
7 8
0 16
8 26
26 49
16 7
7 8
8 18
18 40
0 16
19 49
40 19
0 23
23 12
12 35
19 49
35 19
21 13
13 28
0 21
28 49
0 23
19 49
23 41
41 19
21 13
33 19
19 49
13 33
0 21
29 28
0 29
28 49
16 7
31 19
7 8
8 1
0 16
1 5
5 31
19 49
16 7
31 19
7 32
0 16
9 31
32 9
19 49
10 34
33 19
0 16
16 10
19 49
34 33
21 4
4 49
0 21
16 7
31 19
0 16
7 45
45 31
19 49
0 23
5 4
23 30
30 5
4 49
6 49
16 7
7 24
0 16
24 46
46 6
39 21
6 49
0 23
23 30
30 39
21 6
6 49
16 7
7 24
24 25
0 16
25 6
10 20
0 16
16 10
20 49
0 43
43 49
10 20
0 47
47 10
20 49
0 23
23 15
15 49
16 11
11 19
0 16
19 49
13 21
36 49
0 23
15 13
23 15
21 36
