55
6
19
42
29
14
8
27
36
15
5
36
35
36
27
36
5
4
43
36
34
34
15
16
9
14
31
36
31
35
4
4
43
12
16
8
42
4
43
14
16
8
4
11
4
19
11
31
11
37
31
12
32
12
22
4
120
20 2
12 32
12 37
31 44
4 44
2 4
3 7
20 21
16 32
31 35
14 40
13 34
24 26
4 23
22 5
39 35
26 36
0 11
15 28
17 15
5 36
36 7
38 5
0 11
36 7
0 11
30 36
36 7
0 11
35 30
27 10
33 27
0 11
27 41
5 36
36 7
33 27
0 11
39 43
43 4
0 11
26 36
36 7
0 11
34 10
0 11
8 13
13 34
15 8
34 10
17 15
14 16
24 26
26 36
16 9
31 14
9 24
36 7
0 11
24 26
26 36
11 31
31 14
36 7
0 11
35 39
4 23
11 31
39 43
43 4
0 11
4 23
29 43
43 4
17 29
0 12
12 42
42 1
22 5
5 29
42 8
8 16
4 23
29 43
0 12
12 42
43 4
4 23
39 43
43 4
14 3
42 8
8 16
16 14
0 12
12 42
4 23
11 19
19 23
0 11
23 4
11 19
19 23
0 11
11 31
0 11
37 32
31 44
35 31
0 12
22 35
0 6
6 44
32 22
31 44
35 31
0 12
22 35
4 44
2 4
