22
3
14
2
13
21
26
1
7
12
27
17
9
24
10
6
27
12
27
1
24
12
20
82
20 23
16 12
15 28
23 28
0 16
24 19
22 20
6 11
18 11
25 5
25 5
18 11
22 10
10 15
25 6
6 11
0 24
25 6
24 25
9 18
18 11
0 24
24 9
6 11
17 6
0 17
8 27
17 8
0 17
27 28
6 12
17 6
0 17
12 28
16 27
27 28
19 12
0 24
12 28
7 28
0 7
16 27
27 28
0 16
16 27
27 1
1 28
0 16
16 27
1 23
27 1
24 15
0 24
26 9
23 28
0 16
20 26
9 23
23 28
0 16
9 23
12 9
0 16
18 21
27 18
21 28
16 27
20 13
15 28
0 16
13 15
23 28
0 16
16 20
2 28
0 16
16 2
14 28
0 14
3 28
0 16
16 3
