24
26
7
11
12
21
6
17
28
20
9
19
20
2
17
6
6
11
22
22
21
26
21
8
8
90
2 29
8 13
21 19
10 26
21 25
23 22
3 22
25 13
8 14
0 1
8 10
2 8
24 4
1 5
19 3
15 19
9 18
14 9
27 20
20 5
27 20
20 5
24 4
15 28
28 24
14 17
24 4
17 24
27 2
2 8
10 17
24 4
27 2
17 24
14 6
6 16
20 21
21 4
27 20
12 29
20 12
27 20
15 6
6 16
12 29
16 12
0 1
10 8
1 5
14 6
6 16
12 29
16 12
0 11
11 20
12 29
20 12
0 11
11 18
18 9
9 25
0 1
22 29
7 13
0 7
0 1
22 29
28 21
25 13
18 28
0 11
11 18
0 26
26 29
0 1
1 5
26 29
19 25
28 21
25 13
18 28
0 11
11 18
0 1
10 8
1 5
0 1
10 8
8 2
1 5
