30
26
22
18
8
12
1
5
19
2
9
27
25
17
23
20
24
7
21
11
16
13
4
28
14
6
10
10
16
16
16
96
0 29
16 14
16 10
16 15
15 10
3 29
3 10
6 29
3 6
14 29
3 14
10 29
28 29
0 28
0 4
10 29
4 10
13 6
0 4
6 29
4 13
0 4
4 15
10 29
0 16
16 29
0 11
11 29
15 10
10 29
0 16
10 29
0 16
14 29
0 16
16 14
21 16
0 21
14 29
7 14
4 7
0 4
14 29
24 6
6 29
0 24
20 6
21 20
6 29
0 21
0 23
23 29
20 17
21 20
17 29
0 21
25 29
0 25
0 27
27 14
14 29
0 27
9 29
27 9
2 29
0 27
27 14
14 2
24 19
19 29
0 24
2 29
5 2
0 5
14 16
16 1
0 27
27 14
1 29
12 19
19 29
0 12
8 19
19 29
0 8
10 18
6 20
19 6
8 19
20 10
18 29
0 8
22 29
0 22
26 29
0 26
