26
19
7
14
2
25
5
10
27
18
26
22
15
9
13
12
21
20
28
24
17
16
4
6
3
23
8
88
0 29
1 29
0 11
8 29
0 8
23 29
0 23
0 3
3 29
0 6
6 29
4 29
0 4
16 29
0 16
16 17
17 29
0 16
24 17
17 29
0 24
28 4
4 29
0 28
20 29
0 20
0 21
21 29
12 16
16 17
17 29
0 12
0 13
13 29
9 29
21 9
0 21
21 15
15 20
20 29
0 21
22 29
0 22
13 16
9 22
22 29
26 9
16 26
0 13
9 22
22 29
26 9
18 26
0 18
9 22
22 29
27 4
4 9
0 27
9 22
22 29
10 9
0 27
27 10
22 29
5 22
0 5
22 29
15 22
25 15
0 25
9 22
22 29
27 2
2 9
0 27
9 22
22 29
10 9
0 14
14 10
9 22
7 9
22 29
0 7
0 19
22 29
19 22
