25
3
5
27
10
17
14
21
8
2
19
11
7
25
1
6
18
28
15
13
12
22
24
20
23
12
81
0 29
22 12
9 29
9 26
0 23
23 26
0 23
20 29
23 20
24 29
0 24
0 22
22 29
0 12
12 29
0 22
12 29
0 13
13 29
15 26
0 15
26 28
15 26
0 15
28 29
0 18
18 29
6 29
18 6
0 18
1 16
16 6
18 1
6 29
0 18
25 29
0 25
7 6
6 29
0 7
26 25
25 29
11 26
0 11
19 25
25 29
0 19
22 13
2 22
13 25
0 2
25 29
0 8
25 29
8 25
11 21
21 29
0 11
28 26
26 25
0 14
14 28
25 29
16 12
12 17
0 14
14 16
17 29
9 10
0 14
14 9
10 29
0 27
27 25
25 29
5 25
0 5
25 29
3 25
0 3
25 29
