31
10
24
17
5
22
1
25
4
6
20
27
9
8
26
16
18
13
3
14
19
7
12
2
15
21
23
11
21
11
23
2
88
0 29
2 15
2 23
2 11
23 21
11 29
0 11
0 23
23 29
21 29
0 21
0 23
21 29
15 29
0 15
0 2
2 29
0 2
11 29
23 21
0 2
21 29
0 2
15 29
0 12
12 29
0 7
7 29
0 19
19 29
0 14
14 29
0 14
28 3
14 28
3 29
0 14
14 13
13 29
0 19
19 18
18 29
19 16
0 19
16 29
13 26
0 14
14 13
26 29
8 3
0 8
3 29
0 9
9 29
27 3
0 27
3 29
28 20
0 14
14 28
20 29
0 6
6 29
19 2
2 4
4 29
0 19
25 3
0 25
3 29
1 29
0 1
22 4
0 25
25 22
4 29
5 29
0 5
6 1
17 18
18 6
0 17
1 29
24 29
7 24
0 7
0 10
10 29
