22
12
1
6
7
8
19
26
27
14
10
23
21
20
9
28
20
28
9
21
23
22
27
90
27 29
0 13
22 29
24 29
11 25
21 13
5 13
17 15
28 15
17 3
17 28
4 24
11 15
13 29
13 29
13 29
28 22
13 29
0 9
9 22
13 29
18 20
0 9
9 18
13 29
20 13
3 20
13 29
20 13
17 28
13 29
13 29
0 9
9 21
21 25
23 25
0 23
0 9
9 2
13 29
17 15
15 28
28 10
10 29
0 9
9 21
13 29
17 15
15 11
0 9
9 14
14 29
23 24
0 23
27 25
0 27
18 26
26 29
0 9
9 18
0 9
9 22
13 29
0 27
0 13
19 24
13 5
24 29
2 19
17 3
8 15
27 29
15 17
0 8
3 27
0 13
27 29
13 7
7 25
25 27
6 29
0 13
13 5
5 6
0 13
13 1
1 29
0 12
12 27
27 29
