28
4
12
14
2
5
16
7
6
28
8
24
3
1
11
10
9
17
19
20
21
26
15
22
25
18
27
23
23
90
0 29
23 13
0 23
23 29
0 27
27 29
18 29
0 18
25 29
0 25
13 18
0 23
18 29
0 22
22 29
0 15
15 29
0 26
26 29
21 26
0 21
26 29
20 25
0 20
25 29
0 19
19 29
17 19
0 17
19 29
0 9
9 26
26 29
0 9
9 20
20 10
10 29
21 26
0 11
11 21
26 29
0 1
1 29
0 3
3 29
0 3
3 24
24 29
0 3
3 8
8 29
0 3
3 28
28 29
6 29
17 19
19 6
0 17
0 3
3 7
7 29
0 3
6 29
8 25
25 16
3 8
16 6
0 3
28 5
6 29
3 28
5 6
0 3
24 2
7 24
2 29
3 7
0 3
3 14
2 29
14 17
17 2
24 2
12 7
7 24
2 29
0 12
0 4
2 29
4 2
