29
3
26
17
2
16
12
4
22
9
28
24
20
10
11
25
21
23
1
6
19
18
8
7
13
15
27
5
15
13
95
0 29
7 13
15 13
0 5
5 29
0 27
27 29
0 15
15 29
13 29
0 13
0 7
7 29
0 15
13 29
8 29
0 8
0 7
13 29
0 18
18 29
19 29
0 19
6 29
0 6
0 1
1 29
0 23
13 1
23 13
1 29
0 23
13 1
1 21
23 13
21 29
0 23
25 29
23 25
0 23
23 11
11 29
0 23
10 21
23 10
21 29
0 23
20 29
13 1
1 20
23 13
24 29
0 24
0 23
23 28
28 29
0 23
11 9
20 29
23 11
9 20
0 23
7 13
22 7
20 29
13 1
1 20
23 22
4 29
0 4
0 23
22 10
12 20
10 21
20 29
23 22
21 12
16 29
0 16
25 19
0 2
19 24
2 25
24 29
20 29
0 17
17 20
25 19
0 2
2 25
19 26
26 29
0 3
20 29
3 20
