27
12
18
15
19
6
17
4
22
13
8
3
26
9
10
27
23
2
26
7
3
3
10
27
10
23
2
2
112
0 29
0 2
1 2
0 1
10 3
27 16
0 10
28 5
21 29
0 7
16 29
23 25
20 11
5 2
25 29
1 23
14 27
20 16
10 24
1 10
20 16
20 16
27 29
20 16
23 24
20 16
25 29
2 7
0 9
9 27
27 29
25 29
25 29
0 26
26 25
25 29
3 25
0 3
26 1
1 23
25 29
0 26
20 16
26 8
0 26
8 29
2 5
16 29
7 2
3 21
0 3
3 28
16 29
0 3
10 24
0 7
13 5
16 29
7 13
16 29
0 10
10 14
14 27
0 7
21 29
7 22
22 21
28 5
3 28
16 29
0 10
21 29
0 4
4 21
23 25
1 23
25 29
0 1
2 5
16 29
2 5
16 29
0 1
1 17
16 29
17 16
10 6
16 29
6 16
0 10
26 19
0 1
16 29
1 26
19 16
15 23
2 15
0 2
23 25
25 29
15 23
2 15
23 18
0 2
18 27
27 16
16 29
7 12
0 7
12 27
27 16
16 29
